1.0
0.8475737695826945
0.8011450799027892
0.7789588754838912
0.6727538505702702
0.559055922662668
0.5140752895634083
0.45025673542948375
0.41508717078094215
0.36415931648591426
0.3229407407033631
0.25096188264427755
0.15144602100756538
0.1726971258113493
0.22714150191641977
0.15535286715352914
0.11153015735384533
0.18870832868244913
0.17796561620345913
0.18263824463053396
0.18727085365657437
0.20269293338068564
0.23496938696839648
0.22278301066612455
0.11081056750101137
-0.011633190251778017
-0.031911414185612184
0.019015751297812494
0.09477573145578905
0.10794851871037574
0.15467232649729795
0.21522047444183517
0.20025434177707369
0.19175915334630972
0.18049894868662222
0.1275423676141594
0.18596860984378955
0.18506704395745777
0.17954198115718892
0.17413506493094236
0.1768389077859705
0.06987530210719106
0.028069512296746583
0.0745443150851334
0.031370023236789384
0.039742510511269306
0.025666104434856982
0.048458333800714015
0.11216320002126012
0.14850752628980707
0.12902767916764749
0.15638017835978762
0.13894700671281449
0.03803658560423258
0.054020219736995924
0.05883520391331068
0.04497990054853959
0.030466046933283884
0.016871655891147995
0.03322355973171102
0.12535249180062336
0.06157081111756763
0.12862167362928134
0.11145582748629591
0.09092245034532116
0.10589536642679956
0.087774949531567
0.10236136843423534
0.05745451762055828
0.1124136156037464
0.13322435089753693
0.1994832050146823
0.24695710039810237
0.2354062500427168
0.2588576870995775
0.1691469391530589
0.1364128949381524
0.06158059902042255
0.011452669952113644
0.09454684996544988
-0.01697371141032908
0.03582927025697432
0.08809338368583725
0.05005242246414907
0.03376489020983285
0.07390522208066265
0.06979705483402644
0.05242368461263286
0.055222497696203736
-0.04723173859027388
-0.04949994063232813
-0.06270422826107412
0.017731362708764048
-0.029773015782038118
0.10259255881648183
0.0950073002689
0.12365763249076642
0.021008986672575572
0.08630717299383736
0.10063331918799623
-0.00369446574381066
0.12713726782559637
0.14764378171017598
0.1617041680063116
0.1032950181399808
0.042696517358556896
-0.03699238701990448
-0.0762308204370984
-0.016058587891532514
0.019275441021681133
0.015081279723383365
0.050055034944722326
0.09473954888306646
0.15698153231328338
0.11176033109520538
0.00021017041292274719
-0.09404058241535655
-0.12550429066030644
-0.20772249063327689
-0.224894602117792
-0.15460992396997655
-0.07592362315642293
-0.09475395484344554
-0.13551977257840897
-0.061398180330094164
0.04532290501276111
0.0031482929729499676
-0.035844214671284014
0.018497732651385452
0.07946294105048667
0.02061096573960472
-0.048540173246868934
-0.064785111116231
-0.08882070779696176
-0.09279743360719071
-0.04268884391977905
-0.018863756569520385
0.002142251022388214
0.016013458512841985
0.05049418093820435
0.03265373529190129
-0.0011309707357275364
-0.010452144425532415
0.025858925321892406
0.023323183742491198
0.0656013237524897
0.1125734205380185
0.17098867656798988
0.12619263612403678
0.18158194813360587
0.17776908561391422
0.13704628519969933
0.13220491377017013
0.07383235754869605
0.03689598298205159
0.017468766581081225
-0.01007320952008886
-0.07177608011571474
-0.0645174386867054
-0.06309487350551743
-0.10410817714112006
-0.06259337844304733
-0.052909883246479474
-0.013554276915030188
-0.05010996427343919
-0.04445440229673855
-0.008045983749248614
-0.06067539474676682
0.015509184322699661
0.0490315479328606
-0.016228417033573583
-0.09950782282921228
-0.16987402338614951
-0.10850374364551371
-0.09102500262166868
0.0033779833128451398
0.03360763963535084
0.0401631730861244
-0.001078045341581138
0.10374572647791029
0.1711185885615154
0.17451521566904157
0.2866745177603276
0.15600980896454797
0.11099809181642226
0.17921775255307848
0.15980097340910546
0.14828901793490282
0.13262479897957086
0.07710503720816707
0.11137328328989568
0.07282171897341994
0.07562009643331438
0.05478532643944557
0.07541386803725926
0.10610351512667351
0.01921396699012616
-0.011071046777670849
-0.06698677816582903
-0.13581640013141766
-0.06167482110288482
-0.11299948845279469
-0.05437726771910602
0.006554601259438901
0.006050482461366495
0.0041645690238474075
0.02508609920489319
0.008540933413884223
-0.014047235739099998
0.009125296783670647
0.04244065214924747
0.04964644865703894
-0.0032050348132764764
-0.024014777543382756
-0.045688613896059924
-0.14666868871676875
-0.05947660719920962
-0.070068890194537
-0.061263940360633706
-0.06384651046397541
-0.06732593937537122
0.0645512092080403
0.05829311544429958
0.06687420075489549
-0.005275752075948673
0.027658045395634177
0.0034989949811747925
0.006262022974425359
0.006085323057206588
0.08671799911931344
0.019203558269578827
-0.04703500699828497
-0.02217835062292286
-0.032919067150202146
0.017073821591940215
-0.006900074677744863
-0.0022100126299100576
-0.015858576782300755
0.038259605736588743
0.014163077339091126
0.12242778362494287
0.17952769207729263
0.17256345403497203
0.1496380671534937
0.17678297551903202
0.1358935917371891
0.12457086678553644
0.030144654361724324
0.0513041301021737
-0.07432760509392777
-0.10125847069577931
