0.0
-0.6795594345054096
-0.024770833461749686
-1.6883914015607506
-0.9827760535369934
-1.6465183021381202
-1.5858408535017343
-1.9353502289642062
-2.9754558606035175
-2.278571982390184
-0.6723709303132721
-1.034225356350827
0.5222436248372404
1.6008537145697965
0.9297327870275888
1.5778453060979158
1.784188586736081
1.3073524687745066
0.07427792306801995
1.3170730908718613
1.8391903872382231
0.15556946280720974
1.0952426634293275
0.07919415866746016
1.2151609722332037
-0.1424199132375803
0.36240140682698396
0.6179753630955525
0.7239875822229499
2.0814264916037675
2.91477500933766
1.444123106828346
-0.3592473203053874
-1.1268050005779386
-0.6477105030934722
-1.8340672577385586
-1.7948256792384363
-3.044915043374031
-2.3309436656179052
-2.3082977924673282
-1.3319040424399966
-0.1477820929670357
0.2473964379419847
0.0612993800326562
0.4310061640642169
0.6915416764995896
3.389687096134751
4.941007705785687
4.239530218977815
4.52734471133469
4.615443781556651
2.468013269841103
3.6728815218397513
4.09990148853876
4.64566841478121
3.162553259394396
3.186052890994893
1.345439025910125
0.7800953731017735
1.2157940906863958
3.1044551979156463
4.825692781055881
3.1729423678037003
2.843835414685932
2.143007476194337
4.239330250900412
5.31994803684462
3.498207166168572
1.5238718881352398
0.8604604065875927
-0.2958891109356798
-1.6907046275142874
-1.0024986752769864
-1.0388928378217837
-1.437349031183685
-0.25970659986341094
0.2746776024280745
0.971556636049518
1.3246718704689606
0.9034952354032685
1.7551694164489429
1.4248274156012475
1.3805126618822248
-0.4375321715069578
0.7963070903201285
1.1418464975181042
0.18976685209997024
1.1883523221524102
0.6432696410070182
2.1057134808388023
1.966171966265438
2.44448014603665
2.403641783877892
1.1751075194152878
1.6482626044352147
2.44455503339806
2.267350444862024
2.5776820357123444
2.040916624393871
1.0027982002912763
1.1698599844157234
1.3792323705831868
1.3112615654202802
2.0638874129188456
1.6692853336792002
1.8755359195079144
1.064986411921673
1.3437435914065279
1.037085238164142
-2.068864203882147
-1.7037029546372342
-2.706174210087183
-2.0925375617877653
-1.3979594442519514
-0.7615367082163529
-0.44858215961051073
-0.062166902809657754
-1.0195218695677084
-0.08984137338746911
0.6384925571581465
0.4816075717999994
0.27142467369181494
1.0281763477612007
0.33144596262773884
1.7740274726867598
0.5833182142348401
0.4646558777974043
0.706428681546077
-2.2328074938240134
-0.42283223725240004
-3.333625290671416
-3.3338328726202535
-3.131253534205655
-1.155350661465962
-1.922710274896279
-0.2223979477416318
-1.5825302974821032
-1.610098618935071
-0.9881230597868624
-0.18316082468230854
-0.11116929547480509
0.36530444260811196
-0.7525381762877023
-1.5501894469377744
-0.5979507950652017
0.3698299428580403
0.10457196146748193
1.943969334865859
1.1184161139415905
1.7063584872036812
2.407434066558423
0.8433667932734417
0.12568930773311093
1.2344748655603999
0.5057009544110238
0.8823673779675756
1.3936712199439654
-0.6598146358229806
0.362041825861938
-0.3397027622174794
-1.1919809116766662
-2.052479744293885
-1.7189133695061727
-2.1521397598818632
-2.478532106368111
-1.5032978989756076
-2.0100851044292503
-2.134335774703588
-2.3483045392282724
-0.04508360675316769
0.18046865645157092
1.0031562663845484
1.0952029719328833
0.0620395607688482
1.066767288794858
0.5159442200436561
0.13061060864476975
-0.8265817856559783
-1.6107054731017516
0.9542619134955019
0.07044747677402152
-0.25436222370780376
1.1380008627609868
-0.19182423773567825
-1.4583728989680063
-1.507685992309413
-1.2065157535692181
-1.4657041539395546
-0.7943161288386245
-0.27904800531535373
-0.42632515807937943
1.9544610471783779
0.7152457108248043
2.4506849253936087
1.163084095275179
0.18231175971440994
0.8055275473191224
1.6500548313510346
2.6190028984050264
1.678483375878458
0.9892190122590289
0.6049058633124084
1.3910677870703574
0.45383043607251716
-0.06275260208730404
1.0723646974081908
0.8627348467110243
0.37483893609218255
-0.3393991326175608
0.4611900758815655
0.8256108481583971
1.5163062218966816
2.3326154073917205
1.7992240950091398
0.6383190510900499
-0.05911764552116805
-1.4605469477834805
-0.6664150136657166
-1.871308582795508
-0.81795005266682
-0.7706078210064574
1.8313083537173653
2.50196427943877
2.2197846654685107
2.2001141354320337
2.7035414534513413
3.3886826706543944
1.9407557779220452
0.7699900038728236
2.109117509182718
1.9447852764210132
1.3788612882564206
2.0869288879574683
1.4951509916515229
3.5570574451949555
2.7725931428531863
3.6434432452595478
3.3206737805217195
5.039317643882514
4.970753826912885
2.899512347272813
1.7066637436618293
0.7780308628989665
2.0301129805334694
1.3998768597474684
2.2001898976990337
-0.7562325145225814
-1.984965012833379
-1.960830560181467
-1.638009845792701
-1.0320233111161736
-0.9423345518305716
-0.7862923861114689
-0.7689381915528859
-0.428533434456382
0.6340598857570683
0.70752961558125
1.1365950329081984
0.432240602698567
1.3273720192122633
1.4053488328458776
1.6947168302986046
1.5952439813995505
1.892656155373726
-0.09084767887989953
-1.2441104291543537
-0.731450311549633
-0.025623365535539122
1.5623800338602623
1.5857630294078349
1.3372658866631462
1.126441505266868
0.20283155024579214
1.1998659791385573
1.1146629806149313
1.842520156606761
1.624526146357617
2.771605685572677
2.586596391862391
2.7674167260324767
1.2221399876876504
0.4933421764392456
0.5115603727730653
1.016653950974405
1.9958752992960846
0.04375170023686348
1.5711980851596623
1.2350061092911468
0.7424557102964411
0.6693104475380532
-1.1939307685404135
-1.5876358980263512
-0.919139436487557
-1.2510637702040313
-0.08063627039559296
-0.17286093100355274
-0.5512350415121403
-0.4174235285238787
-1.4300791948291909
-2.46940675626648
-2.7032536106120895
-3.3848936918886587
-3.763866571514165
-4.607931302085315
-4.073591461094819
-4.022349266422951
-5.46737407362547
-5.306063360204034
-6.016706451776087
-4.097279783774992
-3.8368738288792112
-2.997649957020813
-1.5654546137618182
-2.336526590783418
-1.2451595318872464
-1.1351189204118237
-1.298322264409381
-2.385178536089893
-3.395465223578186
-2.7687984937776875
-2.029104201129268
-1.9546285313119993
-2.203590121426184
-3.8368670587159217
-3.3987706848088224
-4.368203802506593
-4.329185019900277
-2.016674918956338
-1.7202750867049035
-1.2775502666420895
-1.667362011804971
-1.3006843573058373
-0.47398154938117176
-1.342391833749451
-1.6243416990285338
-0.8296134190005544
-0.26905170785350213
-0.28542937455068684
1.0633933209220507
1.6019503897117375
1.5390843381037103
2.7683985832834765
2.9677653812785065
1.623035091174748
1.3695559186999253
1.30427543815536
-0.6974042278822679
0.6748241926407458
0.11279192208353228
0.2527348973134432
0.10106980383886183
2.2030690688995813
2.2653554474863675
1.3827490997483278
-0.7551709908002302
0.8859738243010601
2.0782900923193246
0.5116794092349644
-0.8333430222828243
0.03751231351937501
0.9555365099291182
0.5344056611366859
1.1864842733340286
0.37695813228594166
2.0715218377708817
1.7037666774825146
0.4740475298218543
-1.248617461678657
0.46833344501937013
0.3442933773135542
0.2047776587396638
1.0505346345355329
3.0329955217891387
3.758121471331435
5.867120000013211
6.33683965206058
4.56967710791711
4.810738453777104
3.3923735488465154
3.689271076222897
2.3511208627443096
1.6423488464056917
3.185638700057061
1.6021889910968095
1.0345923336643705
1.627428868633879
1.9258367441523456
1.9535438534873684
3.2300844340510984
3.462223242523668
4.355473347839254
3.680524059121296
2.8681209112986643
1.5254128026900062
1.8573650288469254
1.9422143449079594
3.0169157841409353
3.851354366586753
3.431119735498265
1.6044882257259683
1.5526089862895975
1.1457776381819254
-1.492315631675154
-2.95256094705125
-3.734322080180965
-2.3198808400848456
-3.251730017835735
-2.052948632103339
-1.8330756216017046
-2.1985569326975245
-1.5267824343851693
-1.9008007396449031
-3.0492055382339345
-1.7802931345499575
-2.887675792607352
-0.5957163399072267
-0.1326314092798257
-2.5648617888098704
-3.1703700386703564
-1.8586283285963239
-1.1626749506386904
-4.505295076175463
-5.034665385025943
-3.205812148262612
-4.499676672989431
-5.64774591563954
-4.6385389538628266
-3.735351031088263
-4.668772582424173
-2.9479034464581506
-0.7229337787374426
-1.7453077585841892
-2.0135054464293174
-1.630763048932067
-1.5661989652982915
0.5854150532831799
0.4432959439143573
1.1743063331367514
-0.7798261429850784
0.09366716815532705
-0.7917349579115509
-1.2145891456829525
-1.7857833896921063
-0.012936865119961283
-1.2336646051957743
-1.1134283317940672
-0.2021188850290908
0.14802430386110754
1.1483184102654478
1.2572906327714752
0.028765770223815323
-0.9401511196988575
0.422669001992776
1.1689001036614157
1.199781282486568
1.6113835223161788
0.3094695981454345
1.4113313310604994
1.8929118471955073
1.256822984527757
1.8986098921483063
0.7793112336927821
-0.13628390089247844
-1.3088686911931506
-0.8052564669862544
-0.016736046917957492
1.387250043513237
0.887542509758306
0.8672272552951181
1.0115264230617862
0.014659277780834978
0.11178612063696179
-0.4448203573837973
-0.6639574163847075
0.8724707012640212
1.4730695775163942
1.8619881633998387
1.448882322648858
0.4307547036996169
-1.5714175944501771
-0.9696710543418259
-1.6639692492136744
0.1681735558393398
-1.1546894285382618
-2.1054704751110593
-2.6298209354589113
-4.252423165600229
-2.8170075056711763
-2.87033748450586
-2.8588133186145552
-2.506792728787951
-1.4101820533278944
-2.8738871157695027
-3.2108486852765385
-0.5991661039654397
-1.0149255809581426
-1.2323668421045322
-1.4819243328142266
-0.09737672123928909
0.21328759615714263
0.3118709850426062
-0.23850642212987533
-1.3854658779230955
-1.5242706971735522
-0.4257009957077722
-2.854901081357526
-3.445397561987944
-4.552119105538804
-5.230310601959349
-5.697160180331199
-4.4504728815769985
-4.3689468461615935
-3.9435879814680646
-3.1200311288201705
-2.5212809604920454
-3.1822268481742504
-1.7938504450696766
-1.126410798420695
-0.49502568785885837
-2.046926885967675
-1.746834679902096
-0.657919716824201
1.233358870764229
1.6580816685835396
0.7807169071692338
-2.244465365803425
-1.578149724634177
-2.336853938360723
-2.4786338388089177
-2.923237432569106
-3.14726302084821
-1.0505981026287123
-1.3057730240179295
-1.9115171078568243
-3.842186968212817
-3.7453530300845794
-4.918910495691959
-3.189396440891393
-2.4594198736619983
-3.455140489567822
-4.251633816223446
-3.972101695279438
-3.7490847040499142
-4.228699756134707
-4.911913354165467
-2.827019904565697
-3.5186422415877168
-2.114759191856831
-0.29656209766616737
-2.4390099061892214
-1.8055283567007285
