0.0
0.19994361851892556
1.0189939718148333
1.1046963058941845
1.4613453606633995
1.7816313886055446
1.6222932119136428
2.869927355241651
2.1700537863154534
2.2637169847614462
1.7876830401249126
1.7903390483634989
3.2699078305143905
3.836394206174
3.115338581921717
3.9493645020174144
3.5716618699100664
1.8221113944976408
0.8022000383384107
0.4048981596769146
2.6033382918159105
1.4260861198570751
2.0423030428650724
2.5076492174665903
2.1680186048353365
1.5837311541467283
2.1369255663960094
1.837039205021374
0.6778917761289646
1.1251224340637473
2.8596121321511423
2.7529770190995633
3.5190971065193413
3.244838298335481
3.34005283336995
3.521611448103845
6.439870814611186
3.8471874969135804
3.563592306276464
2.418276365636923
3.3059697079283876
2.632917392356694
2.196583227036856
1.5608687198733433
-0.400014036628211
-0.683368691572781
-2.0024758591221268
-0.5215297643960255
0.206120748727882
0.5723174955265283
0.6403328598646556
1.969343984409811
3.836869465985462
4.404614959024317
4.721503898650585
3.8462185730040095
2.703501344174347
0.8357527759644499
-0.6931822589301546
-0.3071384985383107
-1.2020894771126212
-1.228746116362183
-0.8723681922291153
-2.05777994555813
-2.1361163919016692
-2.6706503220132065
-1.8957426017876826
-1.1063160350770034
-1.145531744903175
1.6773151015405252
1.4337179607514283
-0.1658351328168981
-0.3891869781169587
-0.7462111699790085
-1.8356687420352693
-1.0703136264418358
-1.594268635712722
-2.240219990917831
-0.7701661204421097
-0.18612326743123342
-0.1463144234303164
-1.5593832773792087
-0.74320625110567
0.5980461801097208
0.8710194833432079
2.208853414507819
2.333999518791946
2.8829050070027655
3.515056558048861
2.3319422583744407
3.4607511300973295
2.5498536553860256
2.096747593107259
2.8209666729408847
-1.0294765612085341
-1.0899694975612704
-1.3418618773304012
-1.5465488734486852
-0.6920134715009718
-3.29591327413816
-2.5617176034304068
-0.8915298513822179
-2.7006596202704496
-2.705225159073124
-3.5564784001866254
-3.178346679797499
-1.826292584046523
-3.023610895679628
-0.8635312989944577
-0.11039574574805522
-1.1952969368404063
-0.5294321717510773
-0.2090333622374438
0.31478499497101087
0.27615005711233054
-0.03421418498865142
-0.11825735836680176
0.15028226499894679
0.0009758439695864984
-0.558726561688278
-1.2824405614385195
-2.2727380103526134
-2.926613597636848
-1.0681725250370449
-0.3320609105171253
0.7090164414228673
0.6890674128556785
-1.467514425606519
-0.7879660811535366
-0.07204277840286921
1.1017743538448077
2.0184017015674147
2.2339909518745245
3.1201395683083404
2.7317400332918176
3.745808644088025
4.060331643154758
5.4024333483060785
4.105010622996765
4.080635858652939
3.1868778595063265
4.433579898868234
5.55026833755102
4.3505551088833565
5.59266917268472
4.267336773880899
3.3239070463693823
3.9603085907162936
1.3060786199677161
1.4257305132554807
0.1888356248944052
-0.5478422443644949
-0.8418678688835172
-0.5285306077924008
-0.5902096809958518
0.2615206851585239
-1.3045602837093522
-2.4992940013230838
-0.5882982731889601
-0.789323949204924
-0.8732084950287043
-0.5850172608709605
0.06121617552695424
1.5916545659185077
0.25104325741343203
0.20871845427768887
0.957451515651841
1.4431630757066372
1.7877341585450486
2.2370886894611344
2.700072119698745
1.737487473167227
1.4986476982091423
0.720337839267387
-0.624284565224739
1.2082935990929558
0.14296007252409293
-0.03622907292070607
0.04624943118972594
-2.3034564765585683
-2.3011410397915006
-2.1618695601654716
-2.0743477180240135
-3.066884179168922
-2.7477107540777954
-2.060124269670739
-3.123997103758882
-2.606868501944066
-4.260728944597381
-3.225031611712862
-2.429272417314161
-0.560442964501717
-0.5407550541746788
-0.5184756025947709
-0.10494821767817081
-1.127553494972529
0.01015279811635228
0.018832658101932975
-1.8410982979129504
-0.8397988428554781
1.0074881421711988
1.667354512402537
-0.34917692380589194
-1.0646251505406625
0.532187627707571
0.858574213119288
-0.026225409344538875
-0.3594691830496084
-2.347527356974788
-3.3171422009501628
-3.502850750532442
-2.673889204996483
-1.8516956275125724
-2.511350608617456
-2.4729450834382454
-1.7006006708117607
-0.7894899943092308
-2.442443475047711
-1.962015858048629
-2.583747574449638
-1.2605374196158554
-1.4160718308807554
0.4740528336592824
-1.7814328825964911
-0.9611789395510962
-1.7478175972290417
-0.265028379664191
-0.8296922641664822
-1.6107225778155922
-3.448519565634352
-4.2929750775413815
-3.290245129159271
-2.789347165934737
-2.730541409276844
-1.532725561645551
-1.8475518900637296
-0.2963019155659099
-0.5228537168503646
-2.016947410554944
-1.0784619765487802
-1.700799253607435
-1.7505216415905873
-1.096525442276598
-2.0178956981490352
-2.485657643806942
-1.6929166395405069
-0.5543743017142874
0.20219972551189846
-0.8837347320044882
-1.7680826241926915
-2.578132875210847
-3.1106483323770373
-2.2687320534209996
-2.9248270644789143
-2.3730735201110362
-1.8798884965499603
-2.9355926632699334
-2.910034760853115
-2.061119592456871
-1.3901172706525595
-3.0615571606076464
-2.0838817002504024
-1.9771970297349464
-3.4732039712488803
-1.4692545103764938
-2.0629822652614904
-2.209018687110591
-2.6167613570770323
-2.1905883876461703
-1.6441041645792909
-2.814703399352781
-0.9712788973423405
-1.3690803322925347
-1.153138160621021
-1.5196288237061086
-1.9249128239673339
-0.3017594776504138
0.056942861035195025
0.028253037071033806
-2.4130194520907584
-2.948755006612987
-2.7170920051368466
-2.245356874467146
-0.5279011023504048
0.23740660060963298
1.4981902091340367
1.0898624973234055
2.08472662849493
1.7711020204687575
1.6323777432489868
1.9561432517409978
2.0293473362894416
1.821793492785606
-0.07293112961502368
0.636488987529553
0.4289276364857989
-1.4279448793792429
-1.3671435952020505
-1.8961565124947812
-2.414808139202631
-2.621275183143171
-2.894669868482098
-2.671891832729932
-2.9439681893226046
-3.0594409321935543
-4.001203034073031
-3.7107988999609343
-4.6810467555001525
-3.484041030886666
-2.8542377034710515
-4.197361181160458
-5.436154812847287
-4.832835185657721
-6.054185993363424
-4.427200633689227
-3.188576644149599
-3.0340062370922274
-1.6249221977654855
-4.267084554965587
-3.459269074994925
-3.825601726201804
-2.5527024379442382
-1.7219373685838864
-2.347532521084193
-4.501001289855746
-4.679040059634421
-2.740167264924419
-3.156982388922591
-4.142262794649971
-3.6903453702560522
-1.3963449387854137
-0.547902104191296
-1.9676386288480192
-1.1972355624968536
-1.1250618397805154
-0.5111689048448745
-2.742000713662608
-0.9160584441072037
-0.6890560322735506
-1.5573143210750662
-1.8848138821432532
-2.424232413540585
-2.1711039982123657
-1.2727830447466177
-0.887634475751109
-1.1902295555683922
-1.535117807708871
-2.014087537832631
-1.8657042058305906
-1.1368319400745928
-1.187696542136515
0.5512855568675443
0.9063974830027548
1.1746271240958612
0.7592894304949904
-0.17449360816171
-0.1372580948967275
0.3355010947906789
2.0817583830126214
0.8037859958283002
1.00221514061279
1.8491261038491165
3.020090439606877
3.812816930187594
2.2671816124261106
2.983425442247955
1.4658142314369491
1.6414696212997297
1.0450752571222899
2.582043748860854
1.1009290557693716
-0.2341714288962602
0.2596128870890113
2.4308846666136845
3.1678750280382997
3.5271959568041433
2.3774702645614374
1.4946020038460703
0.6856737816251337
0.18902037250851872
-0.37288023353071253
-0.1743034105889101
-1.8555773140686065
-0.295909191218271
0.3534415371221036
1.2834788943206166
0.5954495295346346
-0.4137027143521833
0.10377153647016274
-1.3982526224785787
-1.1458793564541023
-3.2721239848910106
-3.5493235236283946
-4.376738869583863
-2.822395153290027
-1.3288236051071742
-1.6038828792266115
-2.024708863702972
-0.21767177314817743
1.8145640182665919
3.1945225823065826
1.6716894326743852
0.9837249117399591
0.28996743467590147
0.06494210139046847
0.0733707170370519
-1.8454885895844475
-1.9519218149333775
-0.048590335312612476
0.8996788697006791
-0.22894638842300252
0.5495927984459266
0.03747881612229731
0.23443475388342389
0.9367338784550268
-0.05819686653281242
-1.1343769284361198
-1.6718096287999042
-2.8646184083769874
-2.013545318785298
-1.235523091234516
-0.6658414775534366
1.5506980143392455
1.668826466191609
2.0849683188019443
2.918071450943935
4.103057594616711
3.892518052566965
3.024268115880346
3.7504910929609956
3.293343827419848
2.2610230478515807
2.249783138529109
1.2888586957628236
1.4313658889559686
0.6122972211247991
2.1510713896165563
1.2278346926598682
1.3045402346014148
2.4473049179104267
3.6476551194959765
5.2182344097368025
3.883178684321031
3.2350856288395256
3.813853998887327
3.306123193654355
2.7488217135098356
1.9835808935491903
-0.482556107544331
-1.8275777765346102
-1.7300392303646235
-1.7605438337146981
-0.31721631410825935
-0.5670891881226064
0.5862705519197801
0.8788974300218317
0.5062247805961537
1.505086967168915
-0.7155804154897225
-0.6536320394159539
-0.17021659041796144
0.4410651652549539
0.2951034142603836
0.07836857008789821
1.0029656192257406
1.745366718631384
2.262396672571904
2.063337445989514
0.9557919606981694
0.20141763108597788
-0.05525607529056775
0.03363107572795298
0.08437891570629447
-0.7223488740029229
-0.4225750662475427
-0.12518084337153879
0.36720207595247245
0.9582781050371437
0.9574134046436945
0.1691611133639911
0.36382974474592245
-0.6200343151708492
-1.9094587418776787
-0.8063802113967902
-1.280831276867091
-1.065367562172954
-2.2748970968172433
-2.9841568167040817
-0.6682818417951255
0.19317049621912052
0.697030979715879
-0.2921755558142132
0.12368122307565138
-1.1138531893603782
-0.36169501073133725
-0.977101907519867
-1.948807044221628
-1.5387438538678095
-2.248631383340986
-1.8610296319621709
-1.0904057351791927
-1.8476044916853365
-1.9864211734013866
-1.6980513519826335
-0.19367542545078464
-0.8095880396717934
0.3995379804267343
1.7323432812958748
0.04787370164142413
-0.034426463759472045
-0.3755009475207956
-0.6524617879305872
0.1367295981740092
-0.21499305737313518
0.0215797947679518
-0.4837199933342127
-0.0826996046298249
0.07933823819361151
-0.8205354674605629
0.02839750926423623
0.23429387099072777
0.2108891887297272
1.4266195007353817
1.173130783181374
1.9530863218084624
2.8366861327980732
2.78631077593273
3.8559558511526353
4.840201124298941
2.8580319655819593
3.7824045405623656
3.60993785169417
0.9786297582568135
-1.0889203163479741
-2.9875831079967847
-2.1230103754106167
-1.2799572394126604
-1.180151062881357
-1.4628493220997094
0.22390535656598853
-0.6135867177140945
-0.5827338034733756
-1.1895700641690734
-3.4794626823755017
-2.848902082161974
-2.5890090948626416
-2.020077263621792
-3.090188793181481
-2.6447632817969127
-3.892408531708859
-3.9949511238957296
-3.100437549529298
-4.020172372690208
-1.582205586182703
-2.3117040472548345
-2.4170466329787565
-2.1794209571123178
-1.363931550001791
-0.5367039261155464
-1.1748970014209037
-1.4094110480747946
-1.8760416697756177
-1.4882368533741788
-1.390216848423001
-2.9100485595300274
-4.382469512615629
-5.260599878019927
-4.711680722835398
-4.330444942252652
-4.460928851368566
-2.8479873153823556
-0.2663521535417046
-0.39457901628172604
0.6998456664333441
-1.7877239075647655
-0.9756572621472022
-0.6648899137420355
-0.04907841010809466
0.6395894612188119
1.7916488607061958
1.7387895811633935
1.0844751014525138
1.5107083380610833
2.6708991572150715
1.5266552166647838
1.626656740172973
1.92626177286815
2.9112027197674832
4.378657668829559
3.5146231843804525
1.934109836117882
1.8891788497595767
-0.037478437211811544
0.8952082243639617
2.132482510192089
1.3657305725313202
1.7979282379099097
1.8643087475502935
1.4626283052848226
-0.4798723143317669
1.0458254251790187
1.3187354447101103
1.160832010995771
1.3449959123512958
2.178925660407619
2.5103075879428944
1.6387734715590878
0.07096029913436697
0.7019265607007492
-0.8077770030651058
-0.10155775218263707
0.05144884070238506
-0.1437477240784713
-0.5642583364856494
-0.8519776376505048
-0.4567778547787977
0.8574225390191107
0.2890400384597438
1.1968398612302285
-0.3405534226501721
1.335727134066273
1.0639667482331616
0.9096963665768368
-0.2700993069925227
2.0675679048118933
1.3515842113121854
0.8236425147965293
1.6314394482532597
0.6238325848025681
0.5162315858836012
2.2599730158574585
0.7595837796384866
0.7835448808061688
0.8640011944329881
2.5781260688917875
2.4734623628027372
1.8608297518969383
2.9175776205072523
1.2070575211129633
1.9634537458873718
0.9565904671404903
-0.6997266293459072
-1.3158475310447888
-0.8493756077696903
-0.2920008671162322
0.08772121951266948
-0.7675157056692872
-1.4705738392062626
-0.24292751878113394
0.5504116679060245
-0.28611141096567405
-1.6118216822432587
-0.29105598245175557
1.6606843279082995
0.35029248483089614
-0.9780355318323766
0.4079967441083737
-0.23440412761699414
1.685703142559093
2.7803401172429827
2.5957411818853937
1.9449207001244682
2.9828240606659486
3.0195597276919406
1.6809106992328628
2.3435575043436185
2.945439494289874
3.8818216015787415
1.6168440762191525
3.198108443975607
2.1372442625543133
1.5686779872449035
2.7193942609489894
3.252964197989467
3.0083391316471175
3.1217149222414724
3.221000320580834
2.3567368135911044
3.6170530743730316
2.5781004756584096
2.4543902675273803
1.9331144583499857
1.6025316917927024
1.7138236716559438
0.5197898083828545
-0.029861821899787644
-0.2843797966691302
1.040573144098952
1.5203156366873753
0.6921102179570571
1.6270965407982683
0.6742446264271644
-1.6836284034141054
0.3738354162938824
0.47351843323398696
1.9047562339498394
2.060295178661037
2.355491038119708
2.0819084143385043
1.3044838751543415
1.1941950158200252
1.1216583750110205
0.8437238750118787
1.3118147121752868
1.8001816456681619
1.1442668606966306
1.0513588769796864
0.11751111191879904
-1.6466288482936404
0.0782327501465152
-0.4541285150438552
-1.1814344157672882
1.4840440242426909
1.7125175756257416
1.8975209781915803
1.9598519916709893
0.42827833176050856
1.730857357233301
-0.09447202633753893
-1.4664106630911116
-2.5975180115707337
-2.6780722313578185
-4.453003844862691
-4.046820538636933
-2.491256210691595
-1.4880961273473305
0.14849058130041004
-2.4774796671131174
-3.3397516000677907
-2.2283415046956643
-3.5969786870534763
-2.43244992019985
-1.9164517602843856
-2.186280951500751
-2.721403882489928
-2.96387760880166
-3.6632783167488077
-5.022747625131302
-4.523815732514093
-4.3045022131590756
-4.51941680149471
-2.921772437799058
-2.800454093352113
-2.124508161961586
-1.09861183636019
-1.2718376862652832
-0.7008700920090581
-0.24518006397627817
0.3289914752410235
0.49381445868496987
-1.1892665374473448
-1.8582514950979192
-2.3834497260875267
-1.0839164173515963
0.7402848791819399
0.3827875334039876
-0.7227832733999348
-1.3038312539693395
-0.6011789084298296
2.488743574533977
3.19266647326459
2.535581882103317
1.966684100793488
1.4207533811860276
1.1306819421114036
0.6498798900682159
-1.0863189437129837
-1.8374085683078172
-4.466147915058691
-2.4235573424953905
-2.3689694839326654
-2.698395357593152
-2.515331135275706
-0.02938759121020995
-0.19794975221146732
0.5004132456833211
1.808103501270086
4.4607562366908295
3.499767320391742
2.9213677129435105
1.4673347121338194
1.1602517101376812
0.70659596221249
0.7881197033962299
0.941440499544658
-1.598464922800706
-1.043594790148484
0.537974429158811
-0.1475474097855926
0.05380475710385721
2.926300146752548
2.6706636303729776
3.66821963373207
4.256948292757379
3.532442408456124
1.6251641130953385
1.5040247908215605
2.284267622824293
2.727498188302066
3.320588159004182
4.312707597542259
2.1022443884215463
1.9296802835233735
1.6721781466268728
2.205438154844802
1.2441203789587671
1.7070088610570655
2.7030938776647253
2.4024137216457095
1.2597968684095562
0.9313212350663397
-0.51827082161258
-1.0941035408910547
0.5092307524109644
-0.5507090456745762
-0.9387968710824288
0.011787710716774424
0.9136838999503808
-0.06182323604377915
-0.7519200133175851
-0.18925614821538939
-0.5745341036369582
-0.9170397387687286
0.6361409893852319
0.3555303243036544
-1.6914200066063072
-1.8044699809423306
-0.572807393873729
0.701619326498061
1.140015553009294
0.9872572898354279
1.6898628093450854
2.532559844003759
3.137612877106568
2.3691804841462196
1.9046480776774282
2.785457068337837
0.42709550330859125
1.0577719732572153
1.6381046365601382
2.7580787192444722
3.30520907093495
2.857186029933464
2.653198111389911
4.0741395822527435
5.000577410413726
4.3110159338713245
4.369878294392257
4.484358434971276
2.510949040021334
1.7898770797302515
2.317827914050694
1.2791055512789664
1.329326940733101
1.5979112741371462
1.1678988062047109
-1.3204475305618706
-1.115673897159889
-0.5017856910852168
-1.5145102331912756
-3.8875141726156546
-2.9086145163273622
-5.235482828272236
-3.6728099478562237
-3.3200998136680253
-3.0784836093717383
-2.6734664154112657
-3.4470140696037848
-2.0139447791388276
-1.0561708738192843
-0.09651549155270944
-0.5285589721727146
-1.5898406480166103
0.29524099925857183
-0.3707699352166615
-0.6410673267753055
-2.7065560460473894
-2.746418260585079
-2.6739014226911686
-3.414643188439898
-2.9654737471868957
-1.2487943074523185
-0.7919139668837241
-0.04037965092917717
-2.0938000355391475
-0.7931571402687951
-1.9274513452749762
-1.6334123885477443
-1.2096302135448624
-0.825591111170557
-1.404797979681967
-2.3136324737006912
-2.4719231791676615
-2.5505571094913475
-1.6355315651479208
0.3369374411505808
-0.2850698153503456
2.1557111920451897
2.079366539475372
2.1046529114306187
1.7004376518860085
1.753220821100774
2.572946092944182
3.2244102559023315
3.7362590932553053
2.7804991899603886
3.0540357079081413
2.022727138729397
1.8893583496851938
-0.15344457210144058
1.3606203243861716
1.1869214816005467
-0.3149601921683105
-0.11912676488858287
2.261086535667242
2.706125340973622
2.573763790168722
3.932573568294876
3.0178168207329534
1.9310955366816656
2.4636224142090337
2.603397212074513
2.278393838433322
1.4751711814323194
1.6856229850057745
2.0764561868604283
1.9479597068508654
0.13200484211048225
-0.004964568776543193
0.09490961698457978
-0.9152194657631821
-0.016174031238573416
0.8809122011712008
0.5800720877565886
-0.8577644753756727
-1.3649291278965912
-2.8803312840317457
-2.0553502892494255
-1.7301133357091232
-2.3747329079357176
-2.2061655766583614
-1.359488199083029
-2.1964261327496697
-1.6034598853541993
-0.7954224459970095
0.9222849059013661
0.16436427090154848
0.7241189197044359
0.7481254850773391
0.7876782310545106
-0.16194087242462696
0.11891981858975134
0.6809691412151073
-0.7464353433225812
-0.6056310267332276
-1.3597871956969527
-0.006154056803050478
-1.0052074640495485
-2.180371665768953
-1.775739911022896
-1.5451725027328405
-0.7417531483986003
0.25101898223746044
-1.6777483206512809
-1.3584744853932826
-0.9849318667480194
-0.654811484603813
-0.8267266899491362
-1.5051800230674457
-1.4611607509409255
-1.992067189182486
-1.9003000755951718
-2.4891005096097008
-1.6938054267746194
-1.2973156092015559
0.10098409014263687
-0.39056179504706745
-0.5927439489218173
-0.8733035743122606
-1.5459440827980018
-3.4752296422515867
-2.7368732370554856
-1.6547782134636537
-1.9994721473003558
-0.8570020341443604
-1.2444270686738284
-0.8499681571075752
0.06527346844676418
0.18507102662757752
1.468336989415063
-0.3768948330344106
-0.6616277734280573
-0.48648303921657726
-1.0158146725906605
-0.16564753129274312
-0.23488746222747803
-0.26760717227422376
1.3276090454442366
0.4629394330956108
1.0346559759272744
0.7628044056323968
1.430930016941144
1.2373300577410917
1.3822288897863984
1.3445919209404313
0.24596973190419158
2.671178453520565
2.745646656170109
2.2408177923710153
3.165989093970074
3.4216617277183445
1.4597081026403715
0.6104937301798955
1.256591602648752
0.7487875512783436
0.2825213664247713
-0.40072056192405536
-1.2345501296778216
-1.6095036339328574
-2.2752336470744594
-2.2773250838176278
-2.1192273675845748
-3.443681560796684
-4.132054907277741
-3.6509739036504048
-4.469516064482184
-4.71969715677133
-5.916327300787899
-4.35761901493259
-3.516300969678642
-3.220658335583779
-4.072192611120498
-4.0281407259630075
-4.317098815572335
-4.933869774477237
-4.555751902650448
-2.8387349820475034
-2.469857821981991
-1.77370811451603
-1.9497743391517852
-2.263929569262931
-3.0516952632413905
-3.1357779157153716
-4.057980775519419
-2.7093721939585014
-1.3623572740039174
-3.6185623459306777
-4.428810235260575
-3.6829600002963536
-4.656631273411088
-4.200461908928158
-4.97684091440215
-3.056661056397699
-2.3393301534803554
-2.752412820488664
-3.0355393155012873
-1.5905338693796063
-2.155686224915341
-0.7059530196667205
-0.021356057615588342
-1.726878404719181
-1.8201385131640722
-3.1153363760895836
-3.489013512084403
-3.4997021645225925
-1.5429583496552057
-1.896702924745403
-1.5341318319850268
-1.613964412586535
-0.2998462355559339
-1.9212497860616997
0.00911137135017781
-0.6246413195533065
-2.6755350555751107
-2.8108290847852158
-2.332892988297758
-2.8365359816363434
-0.6986849861491655
-1.0040183612626281
-1.2962623983560548
-4.157419190933418
-3.962572324148859
-3.3867108088944837
-2.5780838862092947
-3.258415261914041
-3.5300619634799295
-4.085523401684841
-3.330923523777177
-2.7755479030507084
-2.464236924442791
-1.7062276392081617
-0.5673558895472218
-2.194363693956206
-3.768110094067312
-2.178298820778352
-2.135231858880691
-1.2165486859815215
-0.6385983766596375
-1.7262761997094116
-0.6904614121694796
-2.5413521421825247
-2.5487381196134056
-3.455652463370899
-3.3060583246776396
-2.7778072199071513
-2.1351089406302366
-1.6710137299487242
-2.6979020651838828
-2.2312664421115227
-1.5738739465881626
-2.0044603213831116
-2.8620775532150198
-2.465193152777285
-1.820049853246884
-1.5785568265846248
-1.965083198449943
-3.4015430791219856
-2.0999815579306156
-3.0267812712893862
-2.8393774876962325
-2.4807015973973114
-3.3225622601606517
-1.6771934205844625
0.28480217073371716
-0.18729922792872766
-1.1346124586558948
-2.780489128678177
-3.5792709121341706
-2.37293125946268
-1.7276863558766762
-0.5622156316631695
-0.6459226654632874
-0.5908377802451444
-0.6900900755178172
-0.42573615396885006
0.37705213005656474
0.7526622018638748
2.2455385184349588
3.0407456475960997
2.3581197609440188
3.205971057594776
2.2168922139861413
3.592158566288165
4.2458187933342675
4.295230476720518
3.2371322867506986
1.49393451828957
1.5253512078063964
1.9674961728751512
3.3401702943469527
3.307652045888043
3.1998689667378115
3.5484764400739497
4.196905352535767
4.778492897281648
3.129288933238777
3.631766170652857
3.8807550130250843
2.170767957560945
1.87579069186175
1.5198808877198469
2.245186333295474
1.6831927267605262
3.005276437403809
2.4921810494231273
-0.8646553751600847
-0.31147449015601003
-1.4257297706154177
-1.8178915709443944
-1.1773172689799893
-0.5887625615624803
-0.551917218369375
-0.8995591482334832
-2.3078802855619536
-1.276370753937281
0.043109024509093485
-0.01351230980347002
-0.572862283999053
-1.8772926795464402
-3.162887239983413
-3.1038729669135443
-1.9879262978572698
-3.0337220457485308
-2.0718305485664414
-0.705277730907373
-2.914762430087935
-2.113567450746137
-2.323364911817176
-0.6949569341426529
-0.483787754856118
0.253399978723468
0.1672091351853481
-0.9008117629604062
-0.3432361572317867
-0.09017950382171255
-2.3211405116645474
-1.4176185385111157
-1.0423761562814584
-0.7715958301703111
-0.30801608203885
-0.1103494855135553
0.21764369988397753
-0.6033919750941051
-2.3723466345901425
-3.3095246162557315
-3.9356839351769266
-3.6438125214522596
-2.8469546404354005
-3.1376556831555553
-3.362756672560554
-3.481247905471712
-4.465156589589151
-4.207971815251265
-4.294661611479147
-4.778495050935106
-5.099134694218259
-5.846989470477121
-5.098776945391998
-2.892075519171507
-1.6607088382511384
-1.2290958215400691
1.1127104869979212
0.2504518142256258
-1.6296817954602523
-0.14713269338584367
0.03172994647036914
-1.284218321975648
-2.5296419246971027
-1.5098412232561516
-2.54197330647673
-2.7280887504577334
-3.9019222427158153
-3.630410142341788
-3.308683579187134
-3.623996672992809
-4.021885283818707
-3.469353227624006
-3.112000745910901
-3.592813996915575
-3.524935529581473
-3.2046805418286683
-2.2915440656434356
-2.318993791321615
-1.4116336137713585
-1.1894238771326693
-0.1892799391877652
0.9078498375016816
0.8468740045054903
1.9985517663774113
1.5415829456087098
3.783992813901192
2.243683246808323
4.599010784965994
3.8697687179257776
2.5351330962857395
1.483888446694957
1.4921159497636896
1.0598237657119465
-1.2224971900147557
-3.3878193958873846
-2.8939661764051854
-1.4053907057207293
-1.3709035757648307
-1.7088545997074895
-1.5632198377054327
-2.1809763266714106
-2.9209046002034236
-1.4131358679989845
-2.5375440699705423
-2.6461575726502224
-1.232753699190733
-1.6704470068522954
-2.4521633005950205
-3.3561032323176176
-2.656547405010192
-2.7591771003624523
-2.651105154504985
-1.4715946459156137
-1.9977506778912406
-1.8880852014065874
-2.09479490071374
-0.9460869698962997
-1.4729630927613324
-2.6215847438001325
-2.6593859825613633
-2.4879278730633265
-2.08522144536537
-3.1077287455049167
-2.9439196635539533
-3.1792696326952967
-2.8304395075828297
-3.3460432675344483
-4.750224398224324
-3.8989169983048484
-0.9524622549500452
-0.6207810777750147
-0.5167912350838337
-0.5593406976126992
-0.23106896320880443
0.0520163311837773
1.4065892148157184
2.4380509959405847
3.1623851722575105
2.74933265504031
2.0700181889171696
1.4422921094998944
1.4635453040094033
-0.6051342196033824
-0.6036301340609126
-1.1924239426009753
-2.0612374072873543
-1.4493900723395936
-1.7191128427054514
-0.0932879643183171
0.4701202271475495
-0.019402512135696548
-0.7480345208821205
-0.6522802075435659
-0.4335058823720912
0.5195545610413057
2.118954869957296
1.0687458980532236
1.011454728364839
2.0276331128201193
1.689581118297935
0.9032297573937946
-0.21795539952425225
-0.9275606884639754
-1.0236098023055735
-0.552914752709488
-1.7768270037880662
-1.3622755540938902
0.42244684891600737
0.5413905562920877
0.10652325747218622
0.47715267076382645
0.22687751359605415
0.5252434204085115
1.2401917035942596
1.7307036327208127
0.7898891607095286
0.4525111378695972
1.1432409397714134
1.8052725083934607
4.025003885079493
1.5407057286655053
1.0320827936178785
1.307842655954944
0.32894076466721156
-0.1251108780079025
2.4573585082423692
1.7600864953455773
2.1183271934492334
0.3643006386478016
0.44586129092965876
1.4923992983860894
2.4634558957127384
4.585358469169751
3.948726085080677
3.5728645857417196
3.5203250350843702
2.927979009479781
3.2622498678236065
1.196110835083222
1.0783007513723808
0.9500063598514181
-0.3262276583581827
-0.9016667556559834
-2.657073448085197
-1.4757545900942823
-2.3687979282026865
-3.0073799730083164
-2.1231935614293023
-2.9363769329850014
-3.0581557275181668
-2.811816972860704
-2.0064211890427748
-1.7077932099251694
0.2894652783887248
-1.1158187202140006
0.3386962831271878
1.1931537460733657
2.3364226735225353
0.9457739064123392
0.40594083116667523
1.6637454882813072
4.087018638871017
3.010640891370171
1.6363409673479188
1.5505742790714017
1.6976445694717432
1.625600441268866
2.03863644141204
0.8983819681571495
1.6217548382028832
0.9893414972748119
1.6147091100726567
2.348825661758051
0.9010079314086037
1.5124468130176834
2.077873560496378
2.1733553413764612
1.1379827810452867
0.8048340068281026
-0.23010758457617764
-0.7674370965881534
-1.9357177874692606
-1.7702599858192443
-0.9715207038369454
-0.6607588985694308
-0.46331898287316065
0.23270191609973656
-1.0838406461312537
-0.8549099065136712
-1.2804750187119098
-2.262812540838273
-1.7003613259560404
-2.5715244075467103
-3.5785979361809006
-3.7832894165806707
-2.874400288161895
-4.952788386881222
-3.5091007394666858
-2.086861298716465
-2.3945788622840287
-0.019476212619645494
-1.285710680165351
-2.096394043116004
-2.6684288415612807
-0.9224506898053988
-0.8977334554979582
0.6961284627280415
-0.40457152828562415
-1.8432015869214955
-0.48628778167257924
-0.5254872738675451
0.3268712431311172
2.3279068201749373
0.592006482848465
-0.926865518294839
-0.5202589719759799
-0.7915253498090458
0.13509757699527913
0.741370576396701
-0.3405146240716911
1.4362008988454882
1.843570036266533
2.481615740391058
2.0374921279609475
1.740645890145285
1.5920415014629508
1.7453136540870953
-0.2636072608517921
-0.6273512870215143
0.9125810299750085
2.4407827386107543
-0.2766016905803723
-0.5970221083010523
0.16451763195087654
0.947696812759454
1.107095470024409
0.7877109181286651
-0.4758539870752079
0.14714736592480965
1.228949165373815
1.51628844182415
2.5461839887730204
3.0367985785127685
1.264398467982973
-0.9094288549214351
-0.9285046892924034
-2.032086090118443
-1.3952619940061577
-0.5208171894479384
0.5874777347614375
-0.17999822086593442
-1.0799097295998488
-2.3518774599931267
-2.5877358980562066
-1.9143155011786468
-1.6722656945267704
-2.27926473970755
-2.0260077615338914
-3.3133941972958363
-2.3408139045211462
-1.7942804279904525
-2.5830471432090336
-3.4730516510615437
-3.3584608445955406
-4.385735094471679
-4.495826472308212
-3.6160232521312405
-1.2096706397884107
-2.0598453898130447
-2.9934964895540803
-3.009227179676252
-2.1051511840571826
-1.1827471997128944
-1.9828380388912223
-2.048917249324175
-1.7225110076473313
-2.97109142879519
-3.273578389676062
-3.9169052689968296
-4.533842572880587
-4.205432245836223
-3.5852276161651586
-3.1712425178086288
-2.2790443015305923
-1.362539382956676
-2.029200663023706
-2.030930718151306
-1.9678369742270174
-1.585879864194413
-0.40061387255742353
0.9582269504371741
0.3584245634212805
1.1118095034109943
2.60780656866228
2.793383014197167
2.2040968052248058
1.1276183268120414
1.0963670699674226
0.8960258609165224
0.49585281624569505
1.3001833952944022
0.8902981504326557
0.24860703933296602
-0.6356228099144352
-1.3085808865073183
-2.9583416625120815
-2.81567497174848
-3.01016145836037
-2.300828077620313
-2.755711691735308
-1.8391280380677593
-1.9753218925220373
-1.7118960859226273
-0.791164287542597
-0.8661663133313657
-2.4852051839728984
-1.8617015801726233
-0.3032254465184614
-1.5779397844201288
-3.9517066545403
-2.799802193687849
-2.8931251734233165
-2.1954627332754693
-1.2807817460067272
-0.13421609950634106
0.4589810769684431
0.5260793517621098
0.03906433626401168
-0.4152868319506501
-0.43534179015375163
0.8361505387611627
0.5294333746130978
1.4967322478629064
1.0724068748362892
2.689187626606704
1.7274437115552994
1.943664032075451
-0.2646113110642321
-1.8399683196892684
-0.22944063421996552
-0.8489451346730152
-1.3230669040155538
-1.328419167559582
-0.32494188501418964
-1.0501181223139646
-2.3410974380395766
-4.201420696679558
-4.685163087813746
-5.02181876185781
-4.405590705622611
-4.827854405242932
-3.938487900025829
-3.480578211479893
-3.9327105539522575
-5.207481393020563
-4.819949352023601
-4.438635719669414
-4.8535021428025065
-5.795302089355513
-5.225932986827897
-4.088127091316078
-4.2706548602171575
-4.69070588943172
-5.651786022148413
-5.895366336526842
-5.207717287957762
-4.268595020833674
-4.199558796436862
-4.476319491879689
-4.644555695452522
-3.99966056094826
-5.321386912336642
-5.555678102568599
-4.679824861923904
-4.607741569784629
-6.043039433053931
-5.986963156465797
-6.058206883799369
-4.832624890492289
-4.066627992663423
-4.26840113799421
-3.4733236707129693
-4.3075522428611945
-3.6070949185987233
-2.2394832887470875
-1.2545402256370322
-0.6211188837090904
-1.2214763562647017
-1.0851131703819947
-1.6998987163877783
-2.1412291596942263
-1.4991880922298537
-1.5822012557699208
-2.3734032141663297
-2.1559319634825194
-2.041486352543185
-1.7940740969238822
-1.571698761917037
-2.587778749596849
-3.3265436012688356
-2.7320347822437943
-2.945897605568187
-0.626106832542197
-1.006872191905726
-1.3782199381556204
-3.438709642617861
-2.6817155633295067
-2.963009842284551
-2.9525967784721594
-2.2041987934379197
-1.7682116988926182
-1.047966101276566
0.1581444887299296
-0.5808910865011764
0.3898372752269774
1.1164071479967346
1.4581048771491125
0.4724519058949638
1.6005394795886
1.775967834481289
1.6914508983005336
1.9237783398610215
1.2832720600221998
0.19995495187662327
1.005465874311665
1.4924999916044481
1.2183402734071063
0.16750057214651182
1.9322963194590812
2.8761815366845225
3.11950250764655
5.094704571530343
5.6957575779002685
3.3753704484541354
2.1034675494041593
1.8702557787231626
5.251453122747827
3.9643637819953543
2.603506920518367
2.8033996425137686
0.6766922111416045
0.6467019373408419
-0.013886959354807216
1.0400491568793655
1.640143174477287
2.4221773857115423
1.8306049282063115
0.8150321563174409
0.2286782480434152
0.024178674252399862
-1.2675766206189303
-1.521345519120457
-1.1257966826520638
-0.3946107068493796
-0.14783559430934912
0.22748466230410405
-0.19951559300353358
1.3577891708661274
0.9748964655354557
-0.06327249664469214
-1.226588716286111
-2.2231205334197286
-2.2733904135329417
-1.2230386873077368
-2.7615377404733827
-1.6397653303777413
-1.6177586418469774
-1.8627666518398813
-1.994243625918322
-2.731527875031977
-1.7272182609910842
-2.312932847938434
-3.1014295141661123
-0.705007464847625
-1.72829953596838
-2.3024778906188916
-3.714832723457896
-4.450632796419702
-2.781965878444874
-2.1007938376989888
-1.312028791867553
-2.6671268094564553
-1.7365191216587959
-1.7028497018854976
0.34460569134337327
2.0720374946736593
1.9786108624382164
1.1135268877847717
0.648381246633531
-0.9618376755834185
-0.44473240933285685
-0.605837624168118
-0.01883414247550541
-0.07092049045523949
1.0359896859038973
1.906769317578696
1.3847717870238383
-0.015978606031141984
0.34274138079272476
0.07563515742795826
1.989487870449571
1.2093893841281882
1.4719759722320145
1.4683110645535313
0.028447753337259574
1.169243627198611
1.496027990807596
2.177569943300161
2.4277285358451137
2.1087688237762974
3.0163548199566597
2.422285496624222
2.207525660513257
-0.8516383198558297
-1.7157143107635244
-2.4463876357164906
-2.6851432975302023
-2.4539668759303037
-3.418589329404913
-3.51690147484619
-2.6172285231156884
-3.217092192560817
-3.5584832304742564
-2.943728157957905
-2.866881274236372
-2.095357549671361
-2.867851143717995
-2.1609926050949846
-2.0347305667469042
-2.164295875247066
-0.5011146240774849
-1.3417928438684372
-1.0084187949483958
-0.6105877975536408
0.022055731035560244
0.5155312904095044
-1.3400324109922064
-0.39992510163687756
-0.7154933258691254
-0.7885060435748178
-2.094088850841252
-1.422663465589867
-1.4621325629945554
-1.1480472939423376
-2.1276511474293045
-0.22331798705883843
-0.19388603850214203
0.4479632904020588
0.2932680548701536
1.3249149058512049
1.50084967802198
0.4667062974547851
0.07214668043095046
0.9122739116032186
1.8110849461423224
2.024328416661513
2.7878871472998785
1.4257869189886667
1.516398246410238
1.0294552995721575
1.1801346981479726
1.485302790570879
2.1477771641951606
1.4964106443726009
1.2794649303026528
1.8748158077814647
0.338060841714553
-1.1393399216320783
-0.84416624409294
0.03919093896401793
-1.2361530372158678
-1.0237813319070233
-0.9191819830185
-1.896383330397311
-1.1280547559227312
-1.4316876773847116
-2.0295866449834885
-1.4683278984605441
-0.6723047385232295
-1.1964666687594683
-1.2724777224977353
-1.0467370699224503
-0.8934957002416377
-1.0320325163503874
-1.7166985038909996
-1.462902767847184
-0.153273530200164
-1.125424323662106
-1.506646137060779
0.09064385181903689
0.7824108542137075
-0.6233012445102751
0.4271049547713398
1.2960625712221083
2.4938520150678603
1.0844465966080314
1.9976638298784932
0.9309759498125235
-0.21375437270488185
-0.5877023423419753
-0.5275860287260105
0.9537629258351652
-0.06139585896255495
-2.5878449062916884
-4.318863497622154
-3.937757951058792
-2.737218397367932
-4.127850157861357
-3.6889565992842215
-4.551263505439597
-5.01755547613591
-4.253363601338616
-4.090578817602412
-5.233307394075069
-6.458703356149164
-7.07610735399806
-5.16867447154134
-4.627795481356749
-2.9942066769571216
-3.5635983110139646
-3.6370660679825493
-2.255341381904561
-2.630908185722479
-2.8825996319492937
-2.84251640827659
-2.246280722266221
-1.6422606033811902
-1.5968795638114668
-2.7612322250495698
-4.666505525397688
-3.835389607620263
-1.206860443671324
-0.005142203870260653
-0.13726107960718673
-1.4922452341694206
-0.34354893158063593
0.21267385492772417
1.4804396843230523
1.4357031060578955
4.12463344359519
3.7385967905822417
3.4909947805161003
2.255084159706451
2.0275485752993982
0.31860305609162864
2.701852961176833
2.3729870055119178
1.9029833503302584
-1.4825581551450187
-0.4874526769749259
0.40172227092714585
0.6928375173620707
0.5712905871531191
1.0556874984870213
1.9175726323681093
1.643309995590589
2.209547917731647
1.7789918731275445
0.6668910509440544
1.2793227347428577
-1.071351500218387
-0.36309696057270036
-0.734300236993177
0.3386143551522359
0.8459683031361285
1.009444556320322
1.8513907566823022
1.4753174055724274
2.7925350106568967
2.3911192742819276
1.1898644313299143
-0.17897267800063577
-1.6920169033781234
-1.3598021848731847
-2.336629755922697
-3.884189500898242
-3.3301841199476256
-4.3042127487479585
-4.68805241991198
-5.260759643081712
-5.323240905725248
-4.868432312148084
-5.96923398062086
-6.170432700337747
-4.7664208832393165
-4.809965266254898
-3.7244392904699466
-1.897323658137301
-1.270470704422121
-1.006865287337277
-1.1047139281935072
-0.554215445535567
-0.5748329844243731
0.012492327078214682
-0.8190399875018409
-1.3058389705347833
-2.0954356954061044
-1.9030841994305483
-2.3394619089106428
-2.7396677624741974
-2.86825339222674
-3.5044516366328096
-3.5183407755787894
-0.93636166353095
-0.691643804144844
0.4643539016325473
0.19513273718076632
0.22647579042065824
-0.7928637227394592
-0.7297681650069185
0.3591330145739714
-1.2786580694816951
-3.2557632771108818
-3.315623093843211
-2.607778338184951
-1.2542236327279062
-1.0002568359584778
0.1399786746193894
-2.411723585931552
-2.582107646598671
-1.7302204360812574
-3.1079409873513244
-4.31274615896709
-4.319639945620464
-3.8880562027198264
-4.482278917147836
-4.819023968931023
-2.5550073228331716
-3.043819264479786
-1.8352711614828865
-1.7120389645903225
0.05475938389260704
0.8298731633200588
0.3944517227773916
2.618796060984481
2.3335657606230065
2.839886546180978
3.244951745457663
3.2068204050782074
2.23348644996409
0.7166258075160379
0.793168210237555
1.002683194295005
0.4139073740975352
1.5350498261643186
0.8140984659308913
0.47140828888207364
0.6418845100092385
0.5801295341965053
2.0100715918896244
0.23097620133783403
-0.5334167086293957
-0.4657208159520282
-0.5881282556117382
-1.7367795213366595
-2.3238386040398735
-2.8404022023825037
-2.9575587167630024
-1.2318663701873116
-3.6896957155767867
-4.9259074004927506
-4.634509092683837
-4.5935082603904425
-3.769045682640127
-3.497039065240141
-4.91235029031502
-4.557964536503538
-3.901197835306367
-4.074093996714567
-3.6477702624485846
-2.641893032390278
-3.2202717532372183
-4.37493859855993
-3.635224492528025
-3.814445203029258
-1.3193062000007871
-1.8553992141137519
-0.8257113414563803
-0.7157868723569493
-0.6849728660354373
-1.771552528535251
-1.4672443685438832
-2.7146926199758497
-1.7996769594988322
-2.9903107796943895
-4.7869232105575925
-5.8828536743551645
-4.753473618549811
-3.1587267377954196
-2.067164688095027
-1.819640028721219
-2.2634084674105512
-2.1870763356654646
-1.8473807134616753
-2.7480308304504666
-2.3755640086493974
-2.4320883975382825
-1.6147837670192746
-2.0751489951162703
0.5741897261675977
0.27179524561685403
0.20609642373482337
0.7176547912853027
-0.87549712818528
-1.9716672303743805
-1.4868333803848521
-0.7800447296322539
-2.066070339995755
-1.3989271787798847
-0.5343006938534285
0.13014827229563147
-0.27338320028225027
0.010878500100311161
-0.4506980409527965
-2.4932745737708513
-3.198126079011502
-3.2432283841104113
-2.4128896827419375
-2.609545489704717
-2.503349137005184
-2.0368700161368474
-2.3893182093250847
-1.398432354581984
-0.04057814176501551
-2.981295147134457
-3.330987689682411
-3.849511407802272
-3.912975363998365
-3.30254678619392
-4.280651205042763
-3.1070863346282547
-2.581482184359293
-2.844406430954257
-2.1278779468381313
-1.3844600404080922
-0.9184746585888919
-1.0399386488789024
-3.435318628172129
-1.9381754060462406
-3.1903780713400716
-4.792518979213731
-4.164793972990718
-3.749001068298177
-3.306383296262485
-3.9274825716537274
-5.908253060522608
-5.000474437919278
-5.104319191298731
-5.190645446063324
-7.025232392473302
-7.718727744121324
-5.246407745239662
-2.8057092986132357
-2.914413532291623
-4.275218599229624
-5.045986691482409
-5.384062224144719
-4.256157722542276
-4.334857491721665
-3.707411128849029
-1.3648822323061522
-0.0372353844214901
0.791773197946463
2.2252475485976424
0.46342589423431435
-0.3581295161889933
1.7355861209840495
3.6156483310634053
2.225070435131083
2.164211560983123
1.4952940694198715
2.202996077166097
1.4982306355392585
2.129245504517525
-0.14973160264558238
-1.4115005595470547
-0.2621413695912862
-1.2966495332454455
-1.9164722079077046
-0.8995391187785221
-1.046298114040474
-1.0708071863730022
-0.8254476647889578
-3.0366002361676148
-3.6723015182390633
-3.7674151668914604
-5.113785811005773
-5.235015957588974
-4.607645201098344
-3.3042749303489454
-2.7648945762170007
-0.3262222092792526
1.1188876843617164
0.2191438812102664
-1.3164094061877152
-1.6610925841713229
-1.6145839676986933
-0.5035326126352213
-1.7304727732623424
-4.033610636912497
-2.3609549922526067
-0.8663396318687284
-1.7241413463171678
-3.2073155136932345
-1.8758150753526501
-2.1693757241423497
-1.8604486302932914
0.6052691383846827
-0.07526425922828495
0.11230689977853797
0.4554180273874372
0.20744713516551025
-0.29788397631776076
-1.54667567682249
-0.6725474285085865
-0.4778505449242937
-0.6928950075600291
-2.0590289170887566
-0.8682766112729179
-0.7686004635879151
0.09672154177099657
0.8069843826846665
0.42267278295870936
-0.5642948639066294
-1.395422494717401
-2.488679271499989
-3.6159338066455904
-2.734797853576203
-4.97423870000162
-4.689224200259148
-5.022580675060885
-4.01968868034038
-3.518447529269284
-2.773409008270986
-4.346995743507801
-3.5458172115563102
-1.5719749193786121
0.1715760541781588
-1.0859864214822466
0.12292148116643631
0.37433564084822873
0.23550830313887644
0.6392559122555114
1.087490575237315
1.5873652166065586
2.2923180314913605
1.5825186059529972
0.7171827089827957
0.916267802598959
1.6204596968291098
1.4305492921502916
0.6081823433623332
0.9784550391497349
2.573521090192971
1.9382181301846266
0.9116947022483716
1.3617122200027985
1.059383499986555
0.6873937768823997
0.4740883481713437
0.16472229096625274
-0.1360208622210333
-1.6061774345484752
-0.22729603548195842
-2.963180108743087
-2.8908413767643646
-1.8417520806007373
0.4924105862014634
-1.2644615309900193
-1.9988934259731095
-3.9039131566371443
-3.7088736077548288
-2.6083262272491274
-2.431972775157475
-2.79227807104179
-1.2809546564686283
-0.4096855492215393
-0.20258434086794558
0.8283984911669565
-0.38494616350983835
-1.7693802831034409
-2.718094955078552
-2.4393262365630437
-2.4431111721921286
-0.29203514007299436
-0.5114396792011986
0.7715269096386013
2.9942747575317727
3.1606220526626267
2.3497610110392184
1.8739622695904459
1.8063721430979895
2.088294023546769
1.728416994462151
0.46941635972775364
1.330305162230693
2.223602842186541
2.918043570776613
3.553377170062195
2.760082405754952
2.859278602041731
2.0665807378881427
0.014008032939996307
0.08151379595343897
0.6849954643724986
0.2838369652596793
-1.7076915906861838
-0.4608802264272789
-0.21236789337166273
-0.8652080633601521
-1.6642385363904868
-0.5238444652226882
-0.940123131437073
0.04141280106788903
-0.6971025093487293
-1.4306903999076799
-0.8548427555788605
-0.17257631156135445
-2.247217083713683
-3.0768066168361146
-1.8021727423463259
-2.267891467584766
-2.9946812570095
-2.616864675315226
-2.341166661541237
-1.0233158411565848
-3.263283153487452
-5.026623991561511
-5.312237452812842
-3.495092579197312
-1.077182224953586
-0.6143196467257425
0.08694404305941772
-1.3466903207865522
0.11442672188349001
0.6739723347678961
0.14311313482649773
1.0771425636976661
1.6848392262122593
0.904698954005708
2.7487165717861255
2.8864104622607454
1.5574242300791632
0.08400861432353546
0.14957045926835755
0.709512131483848
0.19062187079359827
0.5040145166538297
-1.9307458865637934
-1.1308855006560092
-0.1439053522591719
-1.0414997259069192
-0.28721200676717296
0.06359918467110626
-0.2790104400106578
-1.3808683873728624
-0.4695508896417402
0.02217333079451622
0.42751719393109106
1.3422516290952948
0.6904607783514793
1.2920931169844732
2.740091861812934
1.9771467846874888
2.831450691306137
2.7240242980935285
1.7769448710854525
2.837820282889935
3.6569440726448668
3.249526664828886
2.7528884572593775
4.277798990912346
3.9774084784111494
4.601821036186795
5.111852727442584
6.417539167096938
6.032117658544746
5.981781614480497
5.687885577251565
4.453719991566503
3.8361817669227074
1.7734140169779822
2.279142991015846
0.6474767321199397
-0.7266215955457066
-0.9482109127728087
-1.3519459786159445
-1.131948468292417
-0.9444546601722762
-1.4609012401130685
-0.36374688863870697
-1.2288052528937514
0.7606851686671543
2.138958423094764
3.4610292636575686
1.6352316158143108
1.7498347048614904
0.6936732054468829
-0.5000082064248862
1.852986815747541
1.1015805025375636
-1.6350753848620074
-2.039982402795925
-3.1963034063732745
-4.155038020597528
-4.5562025995957836
-4.663119524890267
-4.326076326914605
-3.9139275188085456
-4.12806063833445
-5.317931873112827
-6.3781877013616235
-3.902438718327218
-4.7581512685827185
-6.4335322682719465
-5.610335435297621
-5.159293806385433
-6.440315292858688
-5.733961596371128
-4.316290289328991
-3.737612193298085
-3.4839113820576912
-2.7664187819187833
-0.5613179023273858
-2.117124182378718
-2.708299066254909
-2.5747257918587763
-2.738698514807589
-1.661768618522627
-1.675599324583565
-0.26674991655712454
-0.10490476439179286
-0.6865680775441853
-0.07868379688527305
-1.4568277901621036
-1.2330673939215606
-1.3026531341277263
-2.5852231954078677
-1.380662879127032
-1.2085672631735953
-1.23414998796742
0.34803956456113605
-0.2292496667247909
-0.9743107036486517
-1.3712968035104642
-0.1339326486297947
0.34532135167235567
0.2530036938241908
0.2696109943806927
0.0947754499632033
-0.4258332122026657
0.8874670101738034
1.7418495144963346
3.109594175379458
2.7772429934061913
2.638890081785647
2.242561494811631
1.7236130583348304
1.3965447114818375
0.3004099802095881
0.993905115096059
-0.08287994887484196
0.7229644258410903
0.8983645811904539
0.6451438692215911
2.08553730725213
1.891924877812319
0.8914300005562844
0.7570307418544449
1.9180014206200833
2.886574515723642
2.4183121545165998
2.0247286124689703
2.674329343404148
3.5196286305853217
3.0443726985495867
2.068153070153317
2.634567688317838
1.571768283250163
2.030886906014244
3.285490525502939
3.50467624717533
2.544063491788629
1.7299748790014284
2.7107881641913405
2.4829883494172846
2.6283823505155226
2.123827707142322
2.2459461079572494
2.2934410386495703
1.9586268504837967
2.5343682370579037
4.439943490506429
3.8417896409281305
4.108361278567962
3.1725355372662167
3.8679712187957445
4.66523898306125
4.812522880209396
4.2326706699533485
4.217498462877649
3.6663645339528954
2.410767397285693
1.6165655919057216
2.042426466443513
2.019618407422545
2.4908216556071543
2.785475503864765
3.414076672428178
3.140846266779607
3.561046572238958
1.536165341774109
3.8501481193651363
3.1959605273941163
3.3167041221691327
2.456331372874855
1.8491437879353705
1.6418026492387132
2.258026391863188
1.8764207941458344
2.8246922722290675
1.6466900431659262
1.1032885384254147
1.9944200056841286
0.555561704960913
0.07288377491363512
0.8720949217422239
0.334524585764225
-1.2747720730810368
-2.3991100282962505
-3.3049843378962254
-2.8696103125554573
-2.97054913215721
-1.7152815177368956
-1.4797878507552453
-2.5884023905374853
-2.3848679539424054
-2.809795018074021
-2.3456796071142314
-1.425722861462106
-1.9972118033858166
-1.9834638599848204
-4.450374246180483
-2.8194107873205847
-2.8963690528588533
-3.787142247406414
-3.4510047474843595
-1.5578319535969354
-1.5151062250195915
-1.7109081750148671
-2.885992766766349
-1.9124259120469316
-2.110535692229886
-0.9469148113924997
0.035206686019423894
0.034329286008416685
-1.4196797954785147
-1.21257015689135
-1.526344262073011
-3.7133063939765645
-2.743107231828267
-2.6609914733286097
-3.600256386284107
-4.682820156661769
-5.042687179787581
-3.1298072919686812
-2.7013248536384693
-1.7441820693593397
0.42945384714743584
0.8261110203436088
0.8866185995292787
0.6525491682501285
-1.1623078123602615
-1.4906790632582552
0.08968791944206767
1.8196361413151236
