1.0
0.8766045273349574
0.7682650235656964
0.7336547790692814
0.6698839359764187
0.5299789554438884
0.42943814951776665
0.3833317136905044
0.3777995351369834
0.3382068114136566
0.320283282089836
0.29025727116895544
0.3432188342069741
0.3892197083351833
0.3597724627052705
0.29237311301948243
0.23923006288342674
0.28269534211519154
0.28302576639936033
0.24115445716647604
0.21554786707310353
0.24307719135845846
0.25464756918743947
0.2009849661057407
0.24812161091405638
0.2578671279064008
0.262320632011747
0.19503243824578542
0.2184562542353563
0.18274871543778573
0.15923438250626376
0.16680871284320054
0.19313017692818896
0.2193317980370424
0.20711021700380852
0.2211375210700091
0.13540685444492045
0.09248499762153403
0.02300765189804306
-0.020633247023217123
-0.0877941589181526
-0.04972781124638581
0.029218970951339004
-0.017201901098613984
-0.07802012680717106
-0.04274698835968671
-0.11052680618055488
-0.10452639162351574
-0.11050071309942702
-0.10836306317671342
-0.050856772563088765
-0.12843921816138135
-0.09439457804868909
-0.16454799543932377
-0.1720351125715253
-0.1037006122019247
-0.03965107764015663
0.05901193796097581
0.09556091476530647
0.028059454578627574
0.058552263478361004
0.04055561186835642
0.04984315714232694
-0.0023977981443696478
0.053024168429620114
0.0177784574181356
-0.0030988394373577775
0.016972299660366764
0.0779145926846855
0.11398823728738722
0.1060449286511147
0.06624885035731065
0.014673903328422909
-0.12072385420240153
-0.08951999485928669
0.005319985089558277
0.04068766717681703
-0.061938829878053235
-0.1295571657100907
-0.1282983970905383
-0.12176497156038428
-0.06813180566664304
-0.04816193251982669
-0.06703685336062706
-0.11107274216937327
-0.0952537814196539
-0.07753785493288563
-0.06491768660480077
-0.12671441409666978
-0.06972760762968852
-0.046476202050009484
-0.10739338847136881
-0.10569923942936019
-0.09904010624844727
-0.0827767092755942
-0.031679260835224966
0.06387131932448988
0.03932333077049022
0.0324550601169164
-0.01566586182875794
-0.01826984679841653
-0.003720384398433579
0.06663755239691457
0.11046837397385627
-0.017143207689032366
0.03801118902426407
0.18722345029676257
0.15935172234483808
0.18806885109435914
0.1408511385706989
0.09545893059422443
0.09885380103015749
0.15143564783270785
0.09816124987137573
0.09225454589155349
0.056879043929171626
0.12127594064704539
0.08273778396331607
0.04617695490156233
0.0662571436279615
0.0358396827628176
0.03968266851520403
-0.023787062742922777
-0.07711588333040714
-0.1412816712966181
-0.2249053698051648
-0.2009500702965087
-0.1260137923571938
-0.07282134793270281
-0.08593182143413214
-0.01379602583199556
0.060488866188032835
-0.0013425874311349811
0.004873068115585333
0.04386696854553512
0.042503466235456644
0.1716524840146393
0.1513947623129936
0.09509770351929384
0.06802597930814604
0.020347923433916698
-0.0524417875935605
-0.08017019550834302
-0.09127363416373131
-0.06301336766869153
0.009648069138333312
0.04275300340024618
0.1243965529114588
0.12091963369398459
0.14900231672420997
0.06551310302541603
0.063292889674498
0.20019838390266492
0.17149191702625227
0.19013618090628004
0.20661795008933614
0.2545623488046115
0.18270230435491844
0.04569639409405002
0.07040805051941502
-0.031102630967725114
0.027389900954832513
-0.04624527788904341
-0.03366975910453218
-0.04116827917223721
-0.057110895257375685
-0.031341562671774674
-0.12145965170883224
-0.13819666885183604
-4.678951958735078e-05
-0.02542016474614952
-0.05202325306307187
-0.029363088049534337
-0.027628811021292218
0.002504077794743074
-0.030211354076649877
0.041290791815491855
0.11710995557589418
0.11716339115730179
0.012208553300203193
0.06458404898026636
0.00019857210986232166
0.014419385701475976
0.11969859469119615
0.10738498566382389
0.08021400827061033
0.06239653971416374
0.0478186371331801
-0.054039794910225675
0.004919319209392592
-0.05328335904673466
-0.15170582044103081
-0.15267009484290908
-0.12500063978928583
-0.1548052896452372
-0.15741857147805016
-0.1955861641341669
-0.2637276102650926
-0.25301575449819463
-0.21194959060608795
-0.15875608628302681
-0.23527781136768666
-0.16879694520318902
-0.13889864957247658
-0.18395607954431947
-0.18717805044386177
-0.06731493406383778
-0.030170626871718176
-0.019906088354475895
0.0410488243180699
0.068971104975353
0.04184174499607293
0.09362879395541637
0.10056259160016812
0.14326802425991925
0.14687742411403598
0.09638530837662583
0.07048987946361474
-0.03512622443215628
0.03184142174269024
0.08312085154506982
0.0681294613073701
-0.0061067610406863315
0.0366131651963952
-0.048242465131287694
-0.03388181329135366
-0.004626565194089046
0.05947492480173716
0.0465673249500055
0.05269224695414571
0.039638882094646624
-0.04263036888502655
-0.0878141232245905
-0.05179887858906671
-0.05399342896123634
-0.04986191932535687
-0.11469357462132354
-0.07655665556684894
-0.05300857611731981
-0.03280058048064933
-0.0014223361709524256
0.029460844344258857
0.007861396706467585
-0.05979784246125637
-0.07925106186073544
-0.09155301290829909
-0.023273651713204627
-0.017679195118843947
0.03381930011049354
0.1035749442280284
0.0675926713652895
