0.0
0.17775492450045013
-0.28302877799672665
0.8443750833437523
0.3496079081577008
-0.4567533074649624
0.3919386429896493
-0.14915705946343827
0.2395315650064768
0.03319759684059809
1.1047437865769265
-0.26138993569217206
-1.4745419100790487
-0.8133265686401256
-2.1018418800976364
-1.5939640827150952
-1.5182761236823485
-1.999660104702382
-2.805210268137946
-5.206613464184978
-5.0038640260134715
-5.48696531372052
-4.302781951145065
-4.260588474935817
-3.776842980263019
-2.4547906324050217
-3.019088253115125
-2.426775671492336
-1.528752026169788
-1.595460828459062
-1.8589173478690535
-2.6791994736218294
-2.902039844572849
-3.1891610862281348
-3.69811044551477
-1.1975814058790597
-1.3487487107958116
-0.15998987305223067
-0.434965779285784
0.017994606246570122
0.22134871322828184
0.41378553521843664
0.2131936321388855
0.776751276013609
0.3498446777180308
-1.2696315659466448
-0.1828017939477402
0.6058539019042184
2.4000986456096527
1.3242125720613664
0.652782637230224
1.6354110526289274
0.3707737262355506
-0.33013068212393987
-0.19852249717312062
-1.0021708077710456
-1.1697321972317773
-0.5800004939918145
-0.07269039022422863
0.7153867255507109
1.6070744314566419
3.6722106847762697
3.678504844793446
2.027956342212515
1.8064768255674633
1.2385325756255252
1.181917949532321
0.5563607983063892
0.15661351138453689
1.8196654375256278
1.4334889008609508
-0.9432828342584076
-0.8932230205282974
-1.0983708433219606
-2.3066213576894348
-1.4459282340456303
-1.995202425339952
-2.2952194454376085
0.7816716430893083
0.48254679902290876
1.9876314993741795
2.1807766533984747
0.9960941822102101
1.3791758811918409
1.2684151298143571
0.6703574484020152
0.42025985099391083
-0.9358888964015393
-2.1907621520458527
-1.2289188498632475
-0.7930349902899241
-2.6242476460668303
-1.0482085262526983
0.20985856694514016
-0.26630804414691744
-1.5035714914437306
-1.3755339970421803
-1.6335195938255727
-2.3141218836448756
-2.8556849369136317
-3.248675162432986
-1.536866948724212
-0.8916901198875252
-0.9713287863643082
-0.7904666816803181
-2.512823346010516
-3.3254804860458296
-3.965089216228311
-3.345987951759307
-3.7745593545777667
-4.869167684350365
-5.936195840344314
-6.1530559973274155
-4.84836404585051
-5.612803096445104
-6.1494241463205155
-6.21377875250808
-6.3939130483435855
-6.483544400404408
-4.437506215987878
-3.942499463044703
-4.1013301122422
-4.3519943293848105
-2.3639522315406785
-1.8177870662391797
-1.6073005986625466
-1.2277693447350129
-1.7503809663463676
-1.3874563202922245
-1.9145948281344602
-2.6466439555103163
-1.0332847827138403
-1.4430655975876614
-1.2597749393063973
-1.2979510867506014
-0.5712273609836269
0.07366417675620673
0.43634169350403607
1.239945144739686
0.47813048637385713
-1.0177411827105889
0.7645228463768332
-0.7463157661661561
-0.9725295014175632
-0.9650406821176492
-1.4711032492043232
-0.8917983642947959
-0.758008440835718
-1.1655953040709697
-0.6074069901507144
-2.436669431774177
-1.3243546807692548
0.7612330807932328
1.0813619493313464
1.3747162166148352
0.042181770032689414
-0.3841673283850067
-1.3737125890477568
-1.120719334051622
-2.154814412878472
-1.9520915087655362
-1.0680828721774485
-2.1877434446284156
-2.3679235978680775
-2.6148939349646607
-2.877118122596889
-2.854906256614725
-5.9202459051652525
-5.751409736304884
-6.6238145934678165
-5.98299858190359
-4.75161936593863
-2.2654799780053794
-2.8882296182225136
-1.597665024093255
-2.322725872431808
-2.561614518329152
-2.879757765524141
-3.5411078397711875
-3.7844382265999563
-3.4788343500906462
-1.608292740018582
-1.4044357421348717
-2.3741148020584806
-3.4458258910428734
-3.681898243413041
-2.4193657503702193
-4.410359709795185
-3.760733360603686
-2.4147146016660406
-1.1674170692430126
-4.35424371142612
-3.482324651865244
-3.679451310299408
-2.7830469795437436
-3.144463856670603
-1.9153686032328023
-0.5141250292081752
-0.8372012297397369
0.45314072772825753
0.8813516087944654
-0.7661462841895846
0.861816946527047
0.12550762027456253
-0.07163846295431335
-0.02172563651777599
0.4095214618210105
1.3438412892116962
0.6043297533062589
1.7272027919808335
1.4021075204630362
1.4276182268092337
0.49608743126365806
0.5820571936883696
-1.9752153953354763
-3.0921246959807207
-2.303270589787785
-3.347407784657144
-2.718939210964359
-1.886921331399352
-1.4963554274971858
-2.5485194185620736
-0.48037330574382486
1.2525644727111955
1.3775551772135142
1.4372672266735882
0.3256925451845527
0.08266043390763486
2.1778501353236446
1.4295850750754053
2.526108751326202
1.4238840583108452
0.48069282179369666
0.4192607424167524
0.05170206350798118
0.7399418627577846
-0.11647204275216239
1.011474245265566
0.6044073521963409
0.07356790988627243
0.27947503769059673
-0.6352450911096157
0.3340297669464295
1.157165100146186
1.444776706600168
0.9191907507725003
-0.033817330530158674
1.1872559732948238
-1.236550190748057
-0.8510707182036017
-1.6179394825828592
-2.4950772868944666
-1.077793708714425
-0.18755634568018864
-0.516845332245975
1.1328167759201215
1.1607641450380737
0.16774764245319917
1.2531331290966436
-0.9745706549141746
0.7307559778987818
0.9746389148242884
1.6123269234364033
2.1606178461299743
2.7148798761078
2.519579999192534
2.6058051097484847
2.089044966410187
3.7453820360143824
2.5268374112897414
0.8585582403228438
1.4644479661871541
2.4364175055428925
3.402711667881057
3.3118713212542534
3.7832146040073757
5.26437360931061
5.772233742446974
5.9507598054435284
5.458738558971409
4.959800536161157
4.3629916737194785
5.679543098010203
6.040584184897612
4.918907934770336
4.894438756754431
4.718758053892262
4.4222018358413555
3.164102093839478
3.5874819075197077
2.9533184803240378
1.595377957032417
1.045755076140353
0.09616490306751246
-0.2692524811110305
0.5853254552753625
0.05361336402157779
0.9764849153187147
-0.07813811622036104
1.008175237351799
0.5528795508543538
1.7720830947011956
2.0686498292434363
1.0519912007226926
1.0894018529413596
0.7078120048912592
1.4802262423017338
-0.17946235932953658
-0.5441976453100512
0.31802650929122245
-1.4849180303499625
-2.290601021975993
-2.261445929100507
-1.6027191246215318
-2.9911420895634118
-2.869417499215747
-4.328382781641148
-5.875639161349163
-6.996697886701916
-6.407542119044901
-6.704000725657698
-4.867738272713016
-5.6070209284458805
-5.436126051032896
-4.977653769244323
-3.395105995130635
-2.248206948858905
-2.291931706033305
-2.9099768829786985
-0.7909132132111969
-1.1379145781312066
-1.0104704257129027
0.630940411381644
-1.9524183680773826
-1.479528784635213
-1.9986737585277528
-0.4492964248337732
-0.9411216703619747
0.0949636094539732
-0.28055336605288433
-0.6913884159169386
0.31432355497896547
0.4835094021708537
0.5012333195483347
0.18972288714779628
-0.4545869102551333
-1.5389610130377283
0.39242730803393444
0.6314281698066662
0.15544446448552385
1.3950850061726774
0.4183012861529628
-0.43903743881839064
-0.47603819578709367
-1.3073190009183528
-1.303894098038997
-1.0914069867583363
-1.3571755595610697
-0.7588343896536659
-1.70393539191915
-2.273004747405043
-3.4993170770177295
-2.4217795466307925
-3.181817900302703
-4.26872735482427
-4.094267975178138
-3.7626027524497667
-1.7734664129487128
-1.1289882228048203
-0.4438147708431406
-1.6762251086954414
-1.9020628065393492
-0.6631983938660087
0.5021328418153024
0.032297168329253556
-0.14231169991937112
0.46375916806052636
0.48729491692575516
0.04709678301829662
0.8947468706130332
1.3219611711772024
3.1599521022495907
1.919519113619051
3.1886001761384675
0.4752616347956553
0.03691247984569096
-0.40318708758919525
0.8311475382687811
0.8094290709153189
-0.05038920573209893
-0.40916758259632885
-1.2200032411892046
-0.24811474960555657
-0.502926514322647
-2.507618123422176
-2.2696189197176495
-1.991096633950233
-1.6328013610927679
-1.8731807331615071
-1.2882201333474286
-2.4117724033787105
-0.6548035901562568
-1.9997944814946476
-1.176147034237147
-0.9063435457793296
-0.21722112742404875
-1.5531947878790595
-2.3015166229074944
-1.7101976692585108
-1.4183144014906304
-2.2937838446799077
-3.1619993098674555
-2.660128622810286
-1.7981077295215138
-2.2283081535003264
-2.3528491839821775
-1.0014708927943734
-0.21980994177118174
1.3042719806638634
3.0231895774858617
3.635851051475362
3.0605719762723624
2.9487344767283714
2.5230483314168883
3.309541033654542
3.654518688596927
2.393196297502038
1.260130201609952
1.1860014640318073
1.9073329010036977
0.4870982489089999
2.3955306300180337
2.796990061651836
1.516099800396938
-0.4716934001685602
0.21238022586549177
-0.2384743607107499
-1.266861736108273
-0.6271849563598293
0.20131557882024087
-0.04772027422926242
-1.5494241946117173
-2.4482747449721702
-2.4110833813495782
-1.756073623970862
-1.3035673632762745
-1.4529703474238655
-1.0096514975421202
-0.7751803057185446
-1.49098717849356
-1.7265702859031065
-0.8055680007866594
0.053277165148969186
1.4211676698371871
0.8369151837085919
0.03538639358187934
2.058043335697264
-0.20443803689147555
-2.9301855173172515
-1.6427632815810604
-0.48273557828508307
-0.11355842623695578
0.3482436100169124
-0.42200842659872145
-0.35455940586446166
2.4449898025073025
-0.6350470092389324
-0.6200954167040069
-1.563092338264672
-0.2508844648397972
0.9499155758690208
1.5299345231708985
1.8214713922262877
3.0128485237867064
4.631520757268856
2.977278274028558
3.0803982820260702
3.1389681174282784
2.187565107778313
1.653658238731436
0.9941178653603131
1.961781006708133
1.2232569676389171
2.621332229281288
1.330544166734649
0.045221897125587995
-0.5286803557611287
-1.0914389111011202
-2.2530560434555618
-1.7937877644830182
-2.67463865655315
-3.6836310573428075
-4.265129104526668
-3.9092714088702234
-2.510005912323826
-1.2089133706971327
1.0947113166941465
1.336759316649513
2.606461328749738
1.23450894764527
1.0879583778003203
0.3726093960774106
-1.2948978405397833
0.6754291456586801
0.555842231747051
0.24098256845148758
1.5344687617161588
2.1089821891637235
3.332972992029388
3.143286404774951
2.826887656848763
1.9268261467870071
3.0617984315028206
4.351711098012603
5.069842323659643
4.510253743195792
3.598839533854035
4.1667336464085
3.6123191099629164
2.8619331220790962
1.9557130132932043
1.0475058008599465
0.8729178659854757
0.17657513780170142
0.5500040880985758
2.1115917856061954
1.5263247558298998
-0.1245513616831504
-0.5780436325645705
-0.2515389080269862
0.4476509214438034
-1.4911127681747423
-1.3054037137990468
-1.5292979120480323
-2.4339597302413067
-2.3453878101682832
-0.9839248350537082
-0.826710061779267
0.1168841054611297
-0.31418667068939377
0.6706313816117204
1.8308475976890608
1.2997134546971334
1.0307076738233294
1.499555206253726
1.084579261774302
2.6252517831223203
3.0556206089455533
2.7694870074850972
1.9106266452227059
2.2189436446823914
