1.0
0.9141512174327712
0.7678985813451664
0.726282426245638
0.6067342325042847
0.534178637548618
0.39725153572803346
0.3870930361731979
0.4137266109067411
0.4286747486269392
0.30478267694299754
0.28081300014338
0.3933520299525195
0.35289667961366994
0.4393344478927066
0.36462536065041734
0.25659176981377596
0.21366469961026943
0.21806343820892327
0.24845593289766918
0.2804281625129818
0.3157637264135273
0.31623288694383905
0.3848442523724126
0.3753535222751867
0.4231398335501051
0.39702282871579675
0.3580519132797304
0.3384686759549816
0.3039610142864086
0.19908223891570806
0.1529176729179053
0.10440165184439731
0.11167858834325725
0.09341229100617172
0.15111668325877767
0.19731226476137056
0.12468269430897595
0.1381232930687037
0.1285487151671467
0.14443568976373627
0.05359067539902518
0.029297841281532063
0.08267623330548632
0.04344141878432903
0.029682646857435
-0.020927992472261403
-0.059257015578079275
-0.11786587926377709
-0.07763372506826505
-0.10194464344267173
-0.0220573529719989
0.08614563732435138
0.1667951524256656
0.16882370848032335
0.17175662785432666
0.318979622566155
0.3303572700061223
0.2327952105290073
0.22120777545755146
0.24488048993524678
0.2522771931764825
0.17433244565027484
0.1263507221924775
0.13540089731179314
0.22656755290005615
0.1915835272254084
0.1782260852287919
0.1764240690770968
0.1929805932726489
0.17879804720186412
0.2851158772235828
0.2764745812062251
0.3428971185092567
0.45717808441976937
0.40240002348819043
0.3996241760913398
0.33803215421542765
0.3155113738151409
0.22274413285470224
0.24135231860575837
0.2484332331398038
0.21744306705343366
0.20043256953111843
0.19494741791350095
0.24813915708716267
0.22746733407009317
0.23317979682246046
0.17903886755000445
0.17918816284334865
0.20227370647171913
0.14572804499973865
0.06219104478536662
0.12041036523879936
0.08481113967739844
0.13729974605496081
0.16687421113277776
0.20113122675791673
0.11535401725034035
0.12982518199080528
0.16883201367106682
0.1541713102487077
0.13072851963311352
0.1367999203979062
0.1617414719561091
0.23449537630019515
0.26116200434599673
0.2583265104728648
0.13136489311406968
0.23019856293748892
0.27217294603713693
0.24923449299704287
0.11401728236044634
0.11552361712161616
0.10735846544229394
0.11883163249303523
0.07994954257616357
0.055549427201962404
0.0013384051371993222
0.010872329100649333
0.06194625653455113
0.08292937528553321
0.1008616325145281
0.04210180063205826
0.0032541799285720346
0.05672258584941542
0.0964534166720134
0.12903276078480974
0.1332112807818156
0.16712748137085562
0.1434017970483189
0.15099979898603222
0.07978786737550712
-0.002953226232915593
0.06729233758680597
0.05984348138632058
0.06824721355201484
0.07905522645320415
0.18630967240490753
0.17718218445699835
0.1260018423243091
0.10028030503330773
0.11055047726619567
0.14475970819912987
0.17008102145213103
0.23553207880976262
0.35725890977819785
0.37565001687442345
0.41109458744323524
0.348781021890672
0.28320451656216056
0.3509911194513744
0.2793214551486893
0.2819657046100648
0.3505884305018215
0.38394623333325195
0.3341333013095752
0.2360678279646159
0.1845064376366353
0.188592864685247
0.15400190930008104
0.17644867647960794
0.11635591278500121
0.07148064530993503
0.031735148965341006
0.05342348615487286
0.032086226285799616
0.05736124478960855
0.08862338965635023
0.1559416726263425
0.1758930556120366
0.14421312274717085
0.1216832212127715
0.039830325254319746
0.14961982178235417
0.09200537039521926
0.0409536509841849
-0.017523754878830497
-0.04971504173020623
-0.02582690481644802
0.01809781211805652
0.04706921515881778
0.04713567110803939
-0.03313219838474127
-0.05548210014965996
-0.06566601935888279
-0.004855121873136303
0.06196863002276701
0.03247580188055339
-0.024977062056971477
-0.05412855971001602
-0.027530551727078433
-0.04037873865540839
-0.03314340542908279
-0.06820802588251418
-0.10192244952226476
-0.14939623016524245
-0.09444286080566285
-0.15813189180527987
-0.1747176043965168
-0.08051703843317495
0.01044029761965408
0.042325996488273177
0.0595919346554758
0.1298229870394646
0.1346855748570386
0.19802233926307738
0.08731821340242865
0.06473322540508412
0.09286036511127282
0.09348517643101781
0.13985885576941567
0.15120490573736775
0.11154772380359457
0.12532291977824875
0.050272027188121
0.09614475960885807
0.040514761686871216
0.09500381979643852
0.14982819884030485
0.19862599447226437
0.09940554244887306
0.1207605559326808
0.12235617253638803
0.10087100412727165
0.07900104775142452
0.1034964878474889
0.08072914866312901
0.04466608549335705
-0.0411687945737935
0.035503230157894056
0.06593862010595915
0.012551746115908806
0.014205421942915549
-0.03643427723960656
-0.019528756481445576
0.05776631013251026
0.002742580034146007
-0.013514320494672258
-0.05648345562743824
-0.06019571871372223
-0.039653693827842534
-0.025348772174593484
-0.01557100464911602
0.02092770919701962
0.000535441373445196
-0.03598056021741726
0.02244851288789028
0.015234659869816881
-0.023178427102824407
-0.05278866592991732
