0.0
0.11212804706227592
-1.2594100839576758
-1.1877950339931544
-2.163629468482145
0.6300890821558005
-0.014342391016678002
0.7335586990907562
0.5528521074206776
-0.5080695140535151
-0.5456213965498907
0.4220278148575929
0.9009876272602592
1.897644144874286
2.011807236940161
0.7773240620063602
2.0316865321446227
2.5566585381670346
2.1096339276937366
1.5366124390047375
1.0865298587280425
0.4233789115722675
0.7056421420513398
0.4439299966712461
1.4971971533146882
1.0581997828675644
0.4035876110590567
1.1987892567549765
0.395520474586469
0.3927122736455424
-0.6398183894725201
-2.0108082977227055
-3.111577217237471
-1.7041754919194798
-0.7870677258739739
-0.34100484980490653
-1.0420366491275204
-0.8557097769719942
1.7189441189611987
1.367811491002712
1.3423155967738691
2.322404470879134
0.8622419947154596
3.1612489095946827
3.5220975291560888
3.04793209520129
3.092137316014882
3.472222665871559
2.8279143055514195
0.8429137860376523
1.1158063631689612
-0.6133070922731525
-0.17754496352214677
-0.41894131768220116
-1.44186095414975
-0.9496522288243978
-2.050526533640146
-2.0621390922929965
-1.0798579322448583
-2.030619884258691
-4.437521622912612
-3.6485786768153594
-2.103812703182693
-3.418714557253276
-3.311919502125696
-3.992406175630798
-2.7284704804155226
-2.4983731441606745
-1.6127760056900837
-0.7674099418037733
-0.6709959323675737
-0.6926176300915108
-1.1767512055288079
-0.06986962198998603
-0.4971726383359735
1.1133192280912292
1.3999887514046863
2.824111259697899
3.035039629105769
2.364312439018716
1.2870858537405045
1.0969542591503567
1.3171384436473113
1.0144310215859234
-0.152273134639347
0.3865385235763806
-1.9680594253147035
-2.098913335655159
-2.3151858572530917
-3.202301108586097
-3.487774298918001
-2.960584027000401
-2.5853183188496565
-3.1203814659534497
-2.5081470746362635
-1.243159650746943
-0.758076789228604
0.3613326065521204
1.0996105114231125
-0.8672328769893367
-1.1171325706173403
-0.10730836140117106
-0.4384158674067137
-0.8373125700458364
-1.980156346686122
-0.6985796256360448
-1.9165347472918084
-2.1687786714421113
-1.2396301012392463
-0.7908677494719949
-0.6426236276384433
