0.0
1.065580711702263
0.2966813537123658
1.255157416124436
2.162823483226022
3.091960839715254
1.9920476101225937
2.824388112615576
2.447493870308719
2.4266046663290393
4.2136919637496355
2.542857415755849
2.517504624284725
2.665874701879324
3.007155662251337
2.1846657844684576
1.810663628327982
1.3494661531830567
2.2389027135770747
2.3872126904165665
1.8803345864882357
2.0995021411862824
1.9032500367516234
3.1909324991637456
1.2636503478367658
2.3105702863786455
3.5586280313759864
1.9557135929269172
0.325918576941854
-1.1908433825487719
-2.0311616685973775
-1.093904814356614
-0.9599879736752127
1.1096929219040939
0.5153487594308879
1.0097807810715178
0.6511456795976783
-0.17204064103706473
-0.07189735311141439
-0.63233917792961
-1.595402124590403
-1.487905199679552
-1.1843338948374647
-1.4346424327728244
0.18645565035936906
0.6966002853543274
0.10578431600525284
0.05530734249125699
-1.093157878845678
0.577382638076654
-0.8189599304099573
-0.6250692306463494
-2.6127276128602928
-2.824543680837225
-1.449835510928582
-2.6356035960970674
-3.987540349769895
-3.6784958445509446
-2.993105672040477
-3.4317107692208815
-1.5026471390752147
-1.0608915619465258
-0.8033478532589476
-2.8485155430094915
-3.5869335001767864
-3.402883360637599
-3.2098088509007052
-1.6117702482995586
-0.8411477249359198
-0.0032613839637222197
0.6658571400941394
1.0894628825270738
1.2269033031420535
1.9801980217134416
1.9677639999445982
2.3998210937713016
2.3454846159215714
2.7918568857985777
1.512922954656221
1.9560062638136215
2.065080513868737
3.409194071174226
5.876329894405247
4.153701944157566
2.8988075227520405
2.799872359847214
1.48998143429401
2.4365838068475494
1.220530185748827
1.6933776016928483
1.4472911356776421
1.4865230188365302
3.1650288047139448
1.64597280202464
-0.44954987174763894
-1.8748498675496053
-2.1112209598689544
-2.3882218207559984
-2.508364992794173
-2.6207776540969303
-0.9242738130700876
-2.150484007808314
-3.223311264264539
-2.630051985141175
-0.10524072939107398
-1.4821200422837275
-1.1350764634663455
-0.5735530787498511
-2.238820991829721
-0.917165094803488
-0.9853592152794421
