0.0
0.2211210412399543
0.3233689912729381
2.715594392193404
0.03599308505527432
0.2354624187668866
0.9865256750523953
1.5961336509393074
1.7165267120272867
2.6040868316560033
2.308610727982511
2.4250836851958497
2.313797109108345
4.058111076890993
4.2608428735400565
4.402575754763625
1.333026867546192
1.7151424134826425
0.669988873372419
-0.4198886415980123
-1.0381808797371512
-1.5446629869898876
-0.09807527079197942
-0.8194373517420055
-0.6354572622399312
0.17232680774144782
-0.8848918052860575
-1.767520568870777
-0.9840580849953923
-1.9981829548024206
-1.0132876457734978
-0.5742077769267329
-1.2791370083139815
-1.7960493272209805
-0.9546113171931884
-0.33214982796535686
-0.18408503693659062
-0.40971335922135854
-0.47663543902763705
0.5693144777563635
-0.6633676956928765
0.24365227878657214
0.07728271915518733
0.8506576350120195
-0.2503650789358436
-0.7570671297640263
-1.174779625678068
-1.5556226344845574
-0.9503891435302916
-1.2612080455074892
-1.101962954516772
0.20355652898984256
0.5797077076731874
0.10183060407228828
-0.08715273576958978
0.4953500524095308
0.7418599906997609
-0.4854955868952584
0.11064344509738905
1.034931448605682
1.3467874070913102
0.3794326122298094
-0.4206745883847648
1.2997239161867598
0.4113638923649744
0.9623658258885148
-0.7118916990819901
-2.1441731911868374
-2.3603880166615134
-1.2490457445290324
-1.6542797155877416
-0.0888594890429577
1.8507837995159946
0.798334955739313
-0.8467619641006392
-2.1243640255453076
-1.2477271880673795
-0.5225916364516126
0.1161392382454437
-0.8307332816689614
-0.6678836804553628
0.2991067499808142
-1.246005692749955
-2.293030444556738
-2.117543017962473
-1.495713036125503
0.46193980250799416
1.1488271885778203
0.9502866896399583
0.3985416682958668
0.40480842064115463
1.1587097598233422
2.9017165803873484
1.7865625336624713
1.0145408787288144
0.2340690217480551
-0.07614344945426843
-0.3859056318952334
-1.8227146034725796
0.11861176489684033
1.0173497338261073
1.4841260710152966
3.508130637157968
4.136848429540546
4.687165144015413
4.125809566752494
4.448657879914285
4.255130569355612
2.378970258906134
0.9698234557448826
-1.3026002659575098
-0.18427738905079882
-0.1472117516220779
-0.08024871480428467
0.17364517146536018
-0.42775914582337415
0.7584657906499964
1.2263835959605158
1.0300311577672532
0.2793352059587231
0.22682198201552706
-1.0153352220845733
-0.14418658280087682
1.4602837498373096
2.323966007076624
0.9866728584425384
0.9233382317989972
1.6045557011816254
2.1072969796027605
2.9703878766651086
3.1577675280184896
4.139591784924669
1.7719113892266034
2.6328033424218056
1.0929172550562911
1.9507419390707985
0.556148148567603
-1.3039581763402515
-1.6142408277482287
-2.56461602484303
-0.43052410003580266
-0.028201301227392617
1.6269853914694294
1.5105053089290366
0.21480470736692525
-0.8372327397484256
-1.503620251958455
-2.042706938674569
-2.8724421490398635
-1.685112133291402
-1.1122003609124198
-0.8756201924857429
-2.768410896518383
-1.390506594969496
-1.6811452104115834
-2.0500918680374043
-1.5207201238919796
-1.7612496634767036
-1.6376379022571708
0.12358496147016917
0.5147191115864417
0.2588692832287434
-2.207832046107258
-3.233247437228664
-3.428694331780507
-1.9667779456808365
-2.9756531602445158
-2.9120136285212808
-2.037974653206673
0.30597046610339484
0.9990057143232384
0.8215370921946383
2.132069951363858
2.5776466030690925
0.9085449449565262
0.9617199660928998
-0.6519812176699857
0.2563501743587989
-1.1615768238687953
-3.7537279859689976
-3.5396445508131675
-2.0690580925385293
-2.2744332964013085
-2.7600167853355924
-2.480738302602746
-2.5451235608005023
-2.483193942860011
-2.5374678996091338
-2.973381075489331
-2.9620263434136707
-2.7020422663548884
-2.336872010658219
-1.186113476587313
-0.35850052257539333
-1.158044291299242
-0.404706960024371
-0.5409086142098039
0.2101571000167639
0.08754619207507691
0.1656790166484301
0.43063345790876995
2.187706082887915
1.4099911556767544
1.9012875041553694
0.677730288770755
0.736358904803961
-1.4851202617191424
-2.5374674517341744
-3.9946048086192043
-3.7042561469376087
-2.588285209767847
-2.6260674920425178
-3.31505561453743
-2.964049899820196
-4.012645823605454
-3.2877320823711216
-3.090184897036317
-2.251313698264393
-1.3278567604872014
-1.5940871928729545
-2.1958863039315886
-3.1675741457075315
-2.988910388069919
-1.9706293196697564
-0.9732513708176911
-2.291139336976018
-2.051139916115926
-2.205189088609288
-0.34475411010166446
-1.6399515343118738
-0.1440970586664696
1.4237935952491687
1.0481485518173521
2.240582698241645
0.08795738336630898
0.3802072222895344
-0.4126906822082986
-0.40856576857911775
-0.5158568714678436
-1.7067682590691269
-0.31798327314657526
-1.2547290768756987
0.055128893308380666
1.3109987148996676
1.7079154093546072
0.37825667563577237
1.023478397134115
-0.3976375170360257
-0.6874231239243406
-0.1280790633967962
1.839773811143904
1.9595198921576633
0.61052112719081
0.7492671163780456
1.4060024824542523
0.2901550960093089
-0.9362860035598546
-0.925234527740616
-1.3743247882857321
-2.6707248642852988
-2.8306528397481796
-2.3851276229997307
-2.974957044067399
-3.0045001305798675
-3.22340900454926
-4.226199276697943
-3.2995358088573132
-1.9224403817149365
-2.176022436504835
-3.3058165923852174
-3.9077700996318
-4.069290803202996
-4.051449312667585
-4.586941069957054
-4.472328449476562
-5.479558147423467
-5.792038741132284
-5.148853276524828
-4.696223864456327
-4.782699130018787
-4.139650101481686
-4.107655675666979
-5.880946144154076
-5.201952738279896
-6.3307772471518895
-7.524026114858952
-8.238252928521025
-6.1501912213841345
-6.288936179679691
-6.204757535962203
-4.31144177839794
-3.869875018616104
-3.376821210833856
-1.9139151573810786
-2.159476485109471
-2.060631544488768
-0.6998540376159677
0.30069400005042357
-1.1373201219584272
-0.9082423766465672
-2.0554424118754144
-1.2394372048734723
-0.21874035600366248
0.30716491102660115
-0.24465834745109283
1.1833347512587935
0.4266527833146311
1.0753045277174451
0.5138102127490785
2.1168850232093814
1.473512123172602
1.3140035414441238
0.9705677955125763
0.5498090177859044
1.2674815590623592
0.4074475116215981
0.7425751281912094
-0.5736991016521694
0.005207279901676909
1.4763669803022834
2.394687095308791
3.5252302687670145
2.2049078645833387
2.0670308901337435
0.8208481124116256
0.8030196744673085
1.1000942146154795
0.6199881437268124
-0.7642101128982379
-1.2951364877976583
-1.4123174371525224
1.0059968432593016
-0.4221185959936551
-1.2036426113326852
-0.6489762902259913
-1.2258993577104722
0.143405363666399
-0.9399705182494943
0.8631786200234323
1.791586260548756
2.5162051375667693
2.2827172161577782
0.16309905537702507
-0.11429766859319099
1.1431292944192641
1.6109911930908178
0.14159510240313788
-0.8342882308039246
-0.4542117323447973
-0.38966618794834995
0.5818912630924359
1.021014686918652
1.5522644405267394
-0.564152280672692
0.15279818472194706
-1.1340335287151926
-2.283703589780523
-3.1801472239405806
-3.2202664557820095
-2.850453478545389
-4.490719843150658
-4.147325751656106
-2.9520246943070942
-2.2676538675850315
-2.841795913846483
-2.3142351505819034
-3.982316773650613
-2.741195382226946
-1.8314416057919596
-1.7226844466893074
-2.083844121619879
-2.9313007640465445
-2.3654539222422404
-1.2007106727252337
0.12928009355993608
-1.080748350815138
-2.1193261204056606
-2.50873425278351
-3.0982911512163076
-3.9489001314302348
-2.9549412551370575
-4.920381625380893
-2.6965408182987423
-1.255166602368086
-1.8538900222552595
-1.392419910054365
-2.123420013946215
-2.5258202751886745
-1.8293901193396125
-2.529925825494993
-2.4182545874316532
-2.8495606954968684
-2.914735447808829
-2.713632763613826
-3.890588835281452
-2.1749917188852868
-2.4327794818839026
-2.221264163667211
-2.6938787098080885
-3.111506576336838
-1.369174477686227
-2.6472590362727892
-2.9322741457691466
-1.064662774685017
-1.9230143638379136
-2.2946952951164237
-4.012198589775967
-1.5494391127043734
-1.1783384689999292
-0.9924925891603877
0.1512586903811537
0.053114537609530374
0.44994349749620677
-1.5966088539012824
-0.2793848396884766
-0.3400789929171915
0.21965263210641217
0.09084192435737372
-0.47366481117021625
-0.8748347495952866
-0.4136653167507315
-1.0306950004859725
-1.5927559474214095
0.06635394978345732
-0.760494095360209
-0.514469883143925
0.11751199862562994
-0.07685780374713262
1.972143809489949
2.0079003764822376
2.967681497823672
3.3862470376985954
5.067163593382325
5.539630860949737
4.843688265686302
3.4166103103340006
3.3154337179260516
3.005919202909361
3.328972112739158
2.870858143836201
2.027092971562888
1.8187116812013973
1.1145980246600016
-1.108154575320076
0.11608586681343946
1.7087247330226165
0.4078074394378872
-2.558875979450859
-0.7048276207275095
0.9788780993865666
1.1049069050618008
-1.0918218025079267
-1.777841468026105
-3.988867374500703
-3.4682600082328814
-4.057109934931688
-2.030216896602981
-0.8354294915642624
0.42409539400239127
0.3924556990976251
-0.03685415885511162
0.29970566449190694
0.2545757675332825
0.7266704802145192
1.5524542408647166
1.26133887564848
-0.5731022738581275
-0.3872343613246291
1.0146713403701915
1.5613023669545423
1.56868750748917
1.5065828715200498
2.240190772340231
1.691036642447981
0.5934884459771802
0.7352836825504754
-0.19889816830059703
0.2641694872860738
-0.5116344783844685
1.340090262430555
1.6089859308381707
1.6809007497984962
1.4833445451140552
3.216693094955385
4.007999746629938
3.466930919186915
1.5570993367996544
1.28424948849942
1.5778781863105156
1.5151150568880902
1.6725901829994356
2.0162173519830633
2.4575220846050203
1.9752559581614533
1.5791527913983667
0.38065239096936065
0.7886489338908593
-0.12799610833399522
-0.7026690350052448
-0.4351054922080484
-0.8956960389008584
-1.515312783363111
-1.1303232492906579
0.13721597739927693
0.6472413065988167
-0.09458058041456241
-0.009331552421389777
0.4936555098770263
0.9366649372106159
-0.4290100215609197
-1.253160801839938
-0.9740343372441114
-0.825561919534771
-1.9638053200794796
-2.969102370330191
-2.267868615485441
-2.500519561608327
-3.4745722892237145
-3.102992070954936
-2.545918707375579
-2.0840815409147964
-1.420521455562717
-0.9821169280061985
-2.4338644556135094
-0.7200262708935588
-1.6899258476229526
-0.255659604161975
-0.7383461455884394
-0.12820346598777588
-0.39319661139448225
2.3336708788544254
2.8083592210738737
3.721159543788838
3.796991127814195
2.3171900105404215
2.3323029794425016
2.7444851151907317
3.037689345304988
3.5500562832442695
3.0335441225162105
1.7938888418247463
2.5575841818863343
1.8693572086826897
0.0014576226173128592
0.11899270411661184
-0.26800416541887206
1.552237212967135
2.8921498031712285
3.196004162965
3.1042107292917116
2.269675243340761
