1.0
0.9256791106657255
0.8902967034785726
0.8388691085508793
0.6953944580888456
0.573871805486878
0.5735850206342702
0.5189340414301239
0.48541487230224584
0.4151460693670657
0.4146016437225493
0.31101612422947644
0.2659613777749888
0.27213799801630634
0.29618453057906374
0.1758789522651349
0.056732541115548124
0.11031591513828007
0.06823638640145313
0.15625502855094578
0.09575121662184383
0.048852737992594514
0.043531425165284
0.03531241029088609
-0.004006518130388492
0.09729189585320702
0.18013916762287008
0.16282996607134495
0.15129075120895114
0.20772497291856526
0.22172792913901568
0.15689177711189617
0.17731025887967508
0.17953470819930387
0.24058802409810293
0.280530309455592
0.29381271135855286
0.2821563177162446
0.2774544387961598
0.3011303968144088
0.28097489501483175
0.3510913631978143
0.24599146874076722
0.27758993484897615
0.23690913231703398
0.16490533817799602
0.1867865576887595
0.05153557086681752
0.06318689506624799
0.08475809197078406
0.10288761111063632
0.1903112803401522
0.034103075625535995
0.07154401550845088
0.06728509525674758
0.10088421050538329
0.11581260023813487
0.1149589414306241
0.06024193717506235
-0.03916254753881541
0.04917809152911047
0.046036593750876126
0.08473678455068892
0.05081087710753611
0.06367785210003932
0.040465368647575606
0.006414598620286822
0.024754914520893803
0.10945195519844751
0.16450054015678128
0.12301268347682073
0.182874592144868
0.1865685027502412
0.20538739961869518
0.14411454694642464
0.20434287735145623
0.13420131074560662
0.09942199992210007
0.0793643733571806
0.09933357982949403
0.08315660893156329
0.13252623275091246
0.07873656528408707
0.0743586495535168
0.017220801237309333
0.016097621192214927
0.056445254562373176
0.06163601486740582
0.030265560555554107
-0.024744257806906027
-0.024143866008013534
0.024289022330363667
-0.06025876469248183
-0.04852742015642983
-0.045034976138006874
-0.03398216601321307
-0.01728827615891635
-0.014230315207415013
0.06310600527823701
0.02361611286497422
-0.012101790762124889
0.009223270292612202
0.027737458014362663
-0.0005318429779192883
-0.04348769819329942
-0.04773571485094523
0.10106909847943014
0.13402480027632688
0.053181560353286736
0.050178883555837384
0.141268062262615
0.11303132487563167
0.06994138179205228
0.1447993217924621
0.18578416742524265
0.1623931185265155
0.1559775049370261
0.15737245103219985
0.16322326221902383
0.2087323339552452
0.23122566660955607
0.23244535269173072
0.2372837070927348
0.2855657926876691
0.26551027826268786
0.19866388894874537
0.18685146908439787
0.02147792368608456
0.1313836579898255
0.16530832733677603
0.062148843188380376
0.10382512845472529
0.11235149177618073
0.1140744266181687
0.10545316010704285
0.012298130716040592
0.03333355663635122
-0.04695137650174939
-0.10255367135849795
-0.07063630319374137
-0.059738794629698305
-0.05683044377575917
-0.06822969892028106
-0.027267065062651214
-0.05320487077097453
-0.010931848244654829
-0.08465488272215466
-0.01842027639840004
-0.020817533767553333
0.011722707919542764
0.0692423545004007
0.11229740732146956
0.12659258088503547
0.023011158309764537
0.09816594318059862
0.034834701365654266
0.03952501217760398
0.06539861534092846
0.00470949542932967
0.0023644099428601264
-0.1512045488596846
-0.193727683764144
-0.09212672519269088
-0.0681554628091068
-0.036415286216729736
0.04897669220280775
0.07100396604083617
0.13930918756369146
0.057561593979290906
0.0442104244518431
-0.04088759369906604
-0.00735188476617013
-0.09400758817902263
-0.0530189829257232
-0.054199682529787234
-0.11896286552791452
-0.038708079315470295
-0.0708132685170165
-0.13483034363063795
-0.09570011922342492
-0.10318349980211912
-0.11799265632575753
-0.14758009564167757
-0.07215666273199507
-0.034451384231144314
-0.09000496183356053
-0.03520111974778925
-0.05960435036028078
0.0022173290625844694
-0.023190188793945892
-0.056801497973054095
-0.003707733219070107
0.029873254284990755
0.07489473266919373
0.05757417002136007
0.030969404437359675
-0.03342173906453945
0.030944622420199176
-0.01909341011563752
-0.029390299599815397
0.013034134364090125
0.04278618619868742
0.0920289670049016
0.11062416517144963
0.10520255981827047
0.09489193746507123
0.11706766152537139
0.050230061955484115
-0.034647859264435595
0.029889033736967524
0.066170207341364
0.14238271626037274
0.06962281168579448
0.10592476333467055
0.10083920040565354
0.04529789611536274
0.013529131755170093
0.005220253709334037
0.008833790881519126
0.002345867032605968
-0.06408967760010621
-0.08035875286990748
-0.09658390524879219
-0.08731860061933572
-0.07719919799433628
-0.023632794151454736
0.007844376129233648
-0.09031783059282956
-0.05403238623290775
-0.10944264436069094
-0.051866356133682165
-0.09866810444946485
-0.0973868640078886
-0.012548756051934007
-0.03255408795492958
-0.10505592758763695
-0.16125230936993787
-0.08077289750069593
-0.011388524134473582
-0.009024139285984056
-0.010947121756413863
-0.06428171671387806
0.026522094817951897
0.020772155811688182
0.09034907109184197
0.09308167293024855
0.028961196714648023
0.030020154232790426
0.07202933371968101
0.0868118210655158
0.0848413704767895
