0.0
1.3059063579489805
1.8223223504948196
3.4471701791433103
3.9437628990750393
2.9774153310896754
3.799819121228333
2.4970562494935
3.0564330073825143
2.855608933620504
2.6382407273919517
2.7174495586772958
2.630283373529786
3.29062811821996
0.7686083764050848
1.0201242295556694
-0.1543290656083477
-1.1543098635542952
-1.0714824745939242
-2.1375665514757856
-1.6601507203207948
-2.630827617145251
-3.298911045043321
-3.1876353434011686
-2.0596830151287033
-1.3114303787743737
-0.8181773667017224
-0.852715231414274
-1.7099955515035177
-1.1188939165990444
-0.7099342264773503
-0.8217412259888639
-3.3186141876345068
-0.613786610319019
-0.25989977285503724
-0.26242767079247076
-2.483245478924635
-0.055459761127894414
1.3790177053552573
0.4610678159811845
1.5712555745488488
2.2995680194167933
2.315910615648271
2.0392241093407835
2.4175403419861654
0.43507885882186237
0.27599796876048305
0.07830670666250567
-2.0660162338892394
-1.0481823957946037
0.829776160719973
1.1550688597257284
1.0808999427171644
0.5538312524932645
-0.04716662649306269
2.224125585759481
1.9739993344493354
1.2556644257424592
1.3518964103516637
0.6879098140670094
0.9979461605916258
3.218452930581882
1.9090553549933376
3.078804579216702
1.3353629163646912
1.1466049615729024
0.21244954866668453
-0.9554036577829994
0.03628687137512221
0.18858436635709122
0.33209058198448704
0.9044971296369541
-0.19708339076888293
0.913837804428449
1.3218692919230026
1.7037805756861388
1.4935521531591713
1.1706867740358415
0.5358552427007756
0.3110810261891013
-0.2858398210592132
-0.21723055860087598
0.06146821363666963
1.7349589031058326
4.525164060761125
6.927741274357768
6.844723873072822
6.44952894469562
5.40436612838135
4.941543664451653
2.8706332013811404
3.131503285502157
2.6004036324779682
2.5035302400026804
2.0283967442264705
3.123598170190852
2.126143434490688
2.1409103615409744
2.6862468592345867
2.805299192555868
2.1150737184496906
2.7320133839056315
1.0718949884974707
0.5394431971614547
0.2122538920556697
0.22347667695120527
-0.8093560252891608
0.4939882443992816
-1.1958866662975032
0.5301179976113508
2.3354778867698465
0.9128552608633189
1.1942173693715148
0.9616724404194589
1.6537196248045054
1.611499603398965
3.3230866759976205
1.9200796963114852
1.3916858918528956
3.326756313742643
1.4066402818038062
1.9476390967318657
1.4344742123311025
-0.4874575793304021
0.9275394255962249
0.1375073791549104
1.9225340611480537
0.45390539577298283
-0.12046263609312047
-1.2546877942045647
-1.7404013412478048
-0.3371608263134851
-0.5720644322347228
-1.7937343717191827
-0.6049116819097247
-1.063983818923388
-0.5681220826579363
-0.6908083160781253
-2.269200524802204
-3.385515219135897
-2.443889229359808
-2.41799852404204
-2.3085714347822353
-1.0392247955678613
0.593265602380479
1.2355731400175576
1.2537852838631072
1.7256160360287363
2.5823706615300654
1.8709504186507167
1.5472191943843787
1.1925940463585227
2.190997692669581
3.0105005471993533
3.509216559121086
4.08786957683103
3.730640043998798
4.372178320660925
4.6254881750670656
5.299666252948799
5.4214115827409195
5.9514386035977225
4.274809027281958
3.632187016800204
3.254371565349622
2.954254544678632
3.644618096009161
1.9536298676381145
1.9002801663363136
1.5044586693342756
3.3703422058936643
3.195039526531929
1.809831280354333
2.1947778335127652
1.8095778239179652
1.5916059838965015
1.5539444982971837
2.5553311010849376
2.7347977141330286
1.905817851345635
0.9370306583777764
0.36246133779153994
-0.3199138718842455
1.4413163602322976
1.9313138079236918
1.301217871942089
-0.7676490673719636
0.0022808717414533053
0.29529363539471504
1.8819364909131302
0.5906923016447956
-0.802013787653583
1.2325842878178226
1.3618230187920484
1.233237496916625
0.7114651697677252
-0.5066482814901497
-0.4492948346060179
0.872578946079089
1.033140590681543
0.1083593902690646
-0.826932439271879
-0.19410680154826798
0.8438930925635302
-0.5932680396604472
-1.119496761064934
0.3387971091925679
0.10180587069826474
0.6357044566178767
1.3223123345347192
2.213089028047816
2.4028316880830305
2.4181762859141243
0.9731484205032424
0.056497364813242745
-0.9136816124984255
-0.9825367424443382
-0.9047215415677543
-1.2836098951784343
-0.7302737379930031
-1.5839701950987641
0.03984981477358862
0.40781308983989645
1.136248974005313
2.2610734712274447
1.6707817370812195
1.4627697155343242
1.088934642398093
2.9491519544706364
3.6165586495094835
3.536461948388849
4.128339125774767
2.4303453406723277
1.7734539141684829
1.5467749481509099
1.8880499022066146
3.324083147760956
2.2082839797935323
1.1813800200151068
0.0690579324779983
-0.5775206242666912
-1.26239132013088
-0.6754248033780101
-1.575986665305527
-1.833211663863376
-2.6715311237233035
-1.4340603687360556
-2.0122953498324376
-4.680712680672189
-4.405380185676499
-3.5502613344416982
-3.7013610308068934
-0.986644484019306
-1.2511133816379452
-2.693734971595806
-2.2915703400996144
0.05478166236431514
1.0386563577874097
-0.15644735477899085
-0.9239743697792537
-2.5062735791783575
-2.6634621679519386
-2.0340223450007837
-2.340505386259622
-2.699077869253455
-4.435129105062948
-4.71299245552537
-3.4636173999209117
-2.8997947035192793
-0.694532731868742
-0.9363550856339522
0.3141688827948007
0.6194879757094465
-0.44226245595958136
-0.8121786242598255
0.5057949505793826
0.9827491742352623
1.1710836464918704
-0.586243840387014
0.2707142833826174
0.9613887639182224
1.4999167294270812
-0.08472167163825173
-0.3037042376299506
-0.29866754037474347
-0.37074495579887784
-0.6016762196492705
-1.0818332435512619
-0.914068763721875
-1.654335631728744
0.38545509606398265
-0.5388948904499621
2.3380838359699543
0.8445082915849074
1.928820466747814
1.894588406835125
1.139963211644078
0.4987776974617718
0.40374667558359895
-1.2623321528528764
-0.5910720140607504
-0.3299571033272782
-1.3208214640909468
-1.213226044786234
-1.7918789430770574
-2.103006251753406
-1.303902164852837
-2.6301772669631696
-2.8509118512301934
-3.6739120447222593
-3.894828750637335
-3.0254203277220073
-4.055350598586784
-3.421322469460693
-3.723419659266141
-3.8379585158490284
-4.120387865540758
-3.9588122326071864
-3.9437149183923856
-3.8273248835828473
-2.835572888058094
-1.8002244200466317
-2.522103519473186
-3.172910417105669
-3.9972319546061126
-4.453646406594416
-2.5502036581435963
-1.870070257396848
0.7847746618491529
1.4355223809153825
0.8693374372351594
-0.0944103289283893
2.095411644936355
1.035406445527806
1.5395455467275703
1.0158516960783257
1.5546958141634397
1.9523623475977492
2.5149266010772418
2.6199503158700823
2.479088637867973
2.6073469436963155
2.7305762365229436
3.218452650591639
0.5144527449862282
1.4993274297930401
1.8001397537335844
0.8943114092013961
1.3073522846993422
0.3753493957761066
0.8367300869348223
0.46662268570444365
0.8552839811375053
-0.8303418254968704
0.9743167252741939
1.2748690783108614
0.5569811994972442
1.5109029774266232
1.7339668084722366
1.447018410277542
0.7297797730026564
1.0673697740791672
0.22633280260806288
1.7310297764399318
1.5132580813601897
2.777770306514263
1.957891353728193
2.2656948121687313
2.6732925693285368
1.4793888986188608
0.5492026661580172
0.6540608471386022
0.9862912593072013
1.8700722368444782
1.286123046532978
-0.060068298092481376
0.37907131519285964
-0.04324228001515096
-0.034330082053262295
0.47253019844372146
0.8692315111192102
0.042930438267550275
0.48813598808220926
-0.35988531350935454
0.016216675718019213
-1.1446722463765124
-1.5421740277777434
-0.3287843398264181
1.906261623078459
2.1412035060144534
2.5939243655533204
2.4607252851824604
3.900270504985924
3.3851963133454737
4.563089516838166
3.8350815121653508
4.063425902633412
2.68584713101221
1.4988233203425347
3.635705210321232
5.1120514317036925
5.13876914689034
4.260885076070715
2.7426793456428094
2.2529346630389413
2.2576515365449645
2.44134643042449
1.5969663787857402
0.7343131682124459
0.11717641489276054
-0.6645214466021311
-0.7008045395945273
-1.1872907870744351
-1.8497445095115146
-0.8338805831608079
-0.901905794095788
-0.5073297940956152
-0.05673038060628116
-0.662469727122992
0.0992360192449685
-0.8158119198177832
-0.925363084675607
-0.714568058135546
-0.09370006101171902
0.1521574269723244
-1.6873776412111465
-0.9550399075539613
0.3499406548491557
-0.5174983468144158
-1.3505117315071524
0.18577191878416044
0.7738986294252245
1.5892951320106161
0.5942623027577139
1.0567003004098299
0.11818610849921984
2.2453316008060304
2.4875292635960164
0.5780877628801859
-0.13678217264573833
1.0725413201073444
1.1638720959528528
1.9631049605646096
1.8583125400684584
2.5054150468155605
2.036439871084468
1.8301666351000556
3.222141834797503
5.573145104372701
4.789204515869876
3.8769507846785873
3.122930538109264
2.9399803108331897
1.231316632441057
1.6162562949149575
1.5866227545899023
0.999232166058172
-1.1799322024451677
0.31962619862842057
-0.04246297125429166
-1.7801623836903113
-1.011861741531227
0.8743651200186786
0.7664111657057746
0.8584208159070342
-0.4965846859594574
-0.9862695591062058
-0.22296534614314867
-0.45842106704779784
0.30209208671873783
1.0094018810431122
2.411971328538865
0.12940198054251795
1.6586598511794826
0.9505744947082875
2.80108114531265
3.3392085132452594
2.431028825565679
1.483065338470206
2.6850544493377795
2.771086797748964
1.134352839157025
2.303390867017444
2.239347885283479
1.7693476376037494
1.7491626738351445
1.8021137083511731
3.1182593190613517
3.1374738293112094
4.389586007367093
4.615514103806271
4.096853233740067
2.154190333799023
0.984387725517259
0.3009874992526198
-0.8057701546402922
-0.7334920538067637
0.23038572404475177
-1.193835877406594
-1.4285049848391582
0.7411588893644188
0.31260760363135637
0.5766030464346026
-0.06162515841608973
-0.33649621090794113
-0.6377062283285357
1.205287113419213
3.70160767628786
4.77962128935537
5.565067231695359
4.974709468556824
3.8418469937418385
2.5271602797290846
1.0719278246478037
1.0186710381791477
2.316396706431294
2.568003551286241
2.8310294218976537
1.916254536845174
2.577838367619664
2.261077546860735
0.5670611825121621
-0.04288148582346896
-0.3377101965070117
0.4491939039913863
0.36698259037225694
0.6859063345104683
-0.45500019366331945
-2.524711972849416
-2.3694944088967866
-3.135219412205929
-4.300094794316082
-2.3375291573919244
-3.2310857935929373
-2.521852005655721
-2.3050174534372068
-1.34245186135256
-2.784810383221844
-0.7152008890846995
-1.1841456147628318
-0.7069680154820734
-0.30272536727766625
-1.0865369410286374
-1.0776730670817212
-0.3623770168928404
-0.2297529203783038
2.1992644526914584
1.5420225036750286
1.06863004523957
-0.15598610340469077
-0.30396741570550406
