1.0
1.0102663287123155
0.9260548389083952
0.8357394199035308
0.6803294325261573
0.670380507740111
0.5286556373986626
0.4716046674661879
0.37381380023801886
0.32545285673158175
0.2743528204192038
0.25237111136089957
0.1939924444826271
0.23528585853118872
0.2026180121372842
0.27321556906351396
0.2355402415421785
0.2724082750888689
0.21964685807651407
0.25162637970164126
0.20993654959620633
0.20596069547285537
0.11508554028544889
0.058688186870622695
0.032046300239904735
0.05292001763745209
0.11125846707230777
0.128374942979536
0.03934454610627365
0.08355109215494375
0.0318045550201892
0.004554155922624821
0.03495131973709664
0.11012043550547505
0.1567538379358896
0.15733064371096497
0.04222440492987589
-0.0293794037986653
0.02004576241295134
0.0339886915797143
0.03513717393602206
0.01023912936746909
0.016303200508609453
0.06295311738189764
0.15223350430646332
0.1334957101461603
0.10167981648419869
0.2030240580326821
0.17473777323365922
0.11111917155246133
0.11627187267819716
0.14411914797114905
0.07682398082455243
0.12285296857122063
-0.0017500784903828337
-0.08655753088091497
-0.08500437877886385
-0.1414076783463266
-0.10569238523947533
-0.07866174093859891
-0.09577371683030775
-0.08409234983424968
-0.12452193384183761
0.009426677501141748
-0.05736588473875519
-0.045850298633257965
-0.041292848715729635
-0.002110838454355269
0.05154947393990653
-0.0003944556676145766
-0.003907103768228835
-0.04473172676189299
0.03478539425547924
-0.02520150446485952
-0.002098973740386886
-0.012410994882179302
-0.04261042310187518
-0.053666453783241336
-0.06978011009729687
0.01627274581789242
0.02157297006180161
0.06253672902401246
0.039827222818278385
-0.014631591239250973
0.05382970841101635
0.1575132060397026
0.15727584908125578
0.23530920214419024
0.20568277944725333
0.23744962254882662
0.22163023496154008
0.18795409783243458
0.1668595633180852
0.11422996195494728
0.12354729597168428
0.03099117682155332
0.032100899671699976
0.04219987187178665
0.06561425405382139
0.13368937069128536
0.12944953523657587
0.1237587146398191
0.08571098459005747
0.07708279691972109
0.07223111814072085
-0.0796623842940068
-0.13456062911199218
-0.1619990193652896
-0.11971402954327383
-0.06742458089467084
-0.041358376538073144
-0.037858613821622394
0.0010283189434537113
0.013222322533742092
0.04184367416183704
0.008020159647085884
0.01651671631501544
-0.08705451230474084
-0.04109913397060788
-0.0464946066254857
-0.0897878482397004
-0.04550981339473793
-0.056731760390616184
-0.0757666060709781
-0.04447739701136126
-0.04928293309111658
-0.045101099540624606
-0.012356786929943388
-0.059085110561170426
-0.05775551641692088
0.025689811916421494
-0.0023160571468179535
-0.012448493389703792
0.006478763282305516
-0.012164652184303069
0.08040937527121204
0.07747526971340647
0.053953270184393456
0.040693887285372765
0.054192155327208856
0.08151614191873552
0.1716019835518206
0.2182978291668245
0.13238006957303616
0.07405098967047109
0.055232985247086766
0.040124609834061596
-0.0421921286560417
-0.10317385536351821
-0.04147806554488888
-0.10305334069407107
-0.11552260719739538
-0.1855553953810242
-0.16039354213267454
-0.14560813959104166
-0.15115579040839183
-0.09552608791872833
0.05722141501321733
-0.0008052637279158809
-0.03578530355570101
0.035808684395171354
0.027459576211605368
-0.00799363073344863
-0.08646708100089955
-0.08452430822469212
-0.10697126647498267
-0.06855959020460013
0.042912940778488146
-0.040878133953294565
-0.00788220859583624
-0.05801403909710575
-0.06833054922375398
-0.12354966581782077
-0.08426215869744667
0.04569934796439082
0.07893349437382052
0.06695955595279664
0.05116656832152808
0.09072667817211416
0.12499864474745906
0.10256012971528362
0.05227376803483723
0.023763472034875062
0.07326763185942907
0.11283785094476417
0.16010011161518622
0.16214854977674853
0.2107068101284369
0.2040959721035623
0.18442409940734092
0.12502298192918754
0.01708042137561229
0.10511343169376491
0.06676938203542791
0.09060892100576513
0.1838111569704716
0.17145132317926476
0.11677671995208977
0.09568139660079092
0.06702840295899937
0.10684630752608384
0.06866525655923456
0.14324378008274333
0.13682450655930214
0.16949510302831625
0.13935559084049906
-0.006554906162317242
0.053676258348009286
0.11036652748536491
0.08665707657314989
0.07531225105235151
0.07503210622826204
0.05963582016215475
0.07758101484164498
0.0945825820596549
0.11767472039697327
0.129377364304412
0.14024754018411548
0.12252592951653846
0.15470526395833012
0.11322976172729951
0.12006198691986933
0.12933105290636587
0.15567814218836762
0.14897558003623448
0.0036395353358321947
-0.02882459235511472
-0.06442341208849209
-0.039755504188828374
-0.03141694568439014
-0.052029015417655304
-0.07444586698033492
-0.15801218970585637
-0.20673940287831394
-0.13900386243856988
0.026841815662700746
-0.030530754555841626
0.02751038950254807
-0.03698945094580326
0.06382487577440692
0.034112784238815294
0.04767828174061014
0.04352847551276331
0.025875938525716367
0.08007903248417654
0.07459453212421747
0.00638783889851649
-0.026791903915615787
0.024684165719944088
0.027650194834916292
-0.015379559989475055
