0.0
1.2311957404405667
0.31507218766561873
0.10912324143291699
-0.46675188692947084
0.43502574623710466
0.410316589986259
-0.09760587225403605
0.7285221192906924
0.5594419349228905
-0.8299633634694218
-1.229198706052077
-1.9812331198106825
-3.3204624675356973
-3.267254483925546
-2.6399337504597833
-2.4582340505224503
-2.7051379176751116
-3.424448765432468
-3.4598259190551337
-3.9386455687494784
-3.0657403877964313
-3.1701065518475326
-2.4221968168314687
-2.5298757280424997
-0.4563462386350676
-1.54861367197286
0.7561031921096739
1.3919844062719546
1.513388429570152
-0.5557615024192055
0.8571272495906871
2.8367619909963913
2.1672018435670437
2.2311867312159688
1.507284241270744
1.5098462171790121
0.818106986441712
2.5185337340489045
3.356218264436448
2.6150359738422377
1.3299417073152564
-0.804260280741514
-0.8175262532879051
-1.0828748866540856
-1.6363994892616316
-0.23969566621492544
0.3976509514632557
-0.25956620072555164
0.09081242020258318
-0.8745278229555307
-1.3453205945767261
-3.1910689027458554
-3.9072728622812316
-3.9847853850820534
-4.013402186683045
-3.9913081666183277
-3.8444178711101484
-5.456686311608099
-5.77053932053082
-5.037427657077356
-3.2803144074039072
-4.927721282065585
-4.016601677844722
-4.089050705726708
-3.6446765167751862
-2.554347045455885
-2.8197363843464625
-2.9522094967644756
-2.1077922365142556
-2.3410322086441724
-0.6980211765900366
-1.4926958883599464
-3.3059141352521424
-1.9231737847942574
-0.9037097563391743
1.01999227968642
2.3163429884220563
0.8313627301002966
0.4841438068006821
-1.1653843288881758
-0.91704575210278
0.6797713865769637
0.11475525873109477
-0.10196776787362954
1.5403180696837169
1.8708286597415098
1.6386737609769955
0.4861665721052659
1.6421352467454242
2.4872432097010835
1.9509889027698923
3.6330817948172927
3.9276775401217265
3.3208107900421173
2.61941028782224
2.202166262100578
1.7877233959036516
1.9096177860260721
-0.3594426801770836
-2.1083590994971435
-1.9970528657888624
-1.9217104576277753
-0.6355204464483093
-0.4021092781752291
-2.376358958113186
-1.9630979173300613
-1.7065350398080406
-1.0559939486683236
-2.380609069398787
-2.4264090884322744
-0.8794228157476858
0.2503663175054147
0.2730125594402411
0.8530382582582305
-0.7788212134312829
-1.3995313744422035
-0.9720268068766356
-0.6303062072022931
0.697681359445258
1.1504354166209225
0.33505695373026634
0.13459861909480458
-0.09514287751712108
0.5941498618511083
1.8281766526211127
2.0770265426311068
2.34504495823653
1.2794851090465156
-0.2584315608929313
-0.45410958996204975
0.505810895194483
0.08443997148431187
1.2080233645212708
0.885504098522656
2.366571702085044
1.290351639060439
-0.9548485414789629
0.5487412171425946
2.02685341238156
0.9911736904277613
0.7912656074555225
0.33866617984490094
0.5194317376605988
-0.036738031887518396
1.0618096650213886
0.9797920766251934
0.8304675293442051
-0.4077049588996815
-1.652726131624303
-3.7421225814294834
-3.7657820483787603
-3.3799232962732497
-3.3568135283486065
-4.464812065521468
-3.7347233477055277
-4.026249358664523
-4.703002756443653
-4.6716642306245575
-4.777030196288142
-4.029785718861466
-2.9631693284217038
-1.1627613215495671
-0.6417160781877651
-0.5562478747769387
-0.7813247795933372
-0.6865405818452467
-0.855713321990371
-1.0150629074099842
-1.3831872451703593
-0.4512291928663078
-0.6695495652182144
0.35277348685445453
0.8908095387570771
3.578978042318022
4.487045371264652
3.491707335636159
2.8468398535076997
1.1062643047308278
1.3128666653337335
1.033536540513717
0.13663774110496485
0.1401036661610381
-1.316250390128102
-1.1016532794399414
-1.547208601497544
-1.8470642510257018
-0.9117555329500724
-2.5825712663940177
-2.1831417086392104
-1.5301244396701836
0.5647862521374565
-0.17451522156444554
0.11093881174306183
-1.8329070180955207
-2.717619614816959
-2.07119803742278
-3.5717710805930345
-3.7524723093799524
-3.1241995885122495
-4.00251325726377
-4.1385062562731045
-4.687142517701085
-2.994655208117523
-3.720404982166043
-2.5350378076498954
-0.7329457679233284
-1.4555314498849736
0.7844825003933633
-0.7811340735352198
-0.04075986107559537
2.349660045483657
3.06271629823764
2.986089556801513
4.244853962996311
3.2362134375652785
3.8983665080334173
3.2249620040325992
3.1043588069731314
2.5850334006708424
2.24025016405499
1.1766599755480138
0.10325499917263536
0.5176288438861574
1.3772515061726798
0.7699157824355725
-0.20497734506795962
-0.3440141740399074
-1.0056214840670026
-1.3649231759345657
-0.8212856926525487
0.04244995287827891
0.09534424195566978
0.3858101450232718
1.0649382609471334
1.9115541061122867
3.4335998603590543
5.039123482224948
4.8935433066070395
5.484976572943378
3.812472195957932
2.1327888224421128
0.39977740503113246
-0.5626051633425417
-2.8476848952351874
-3.7509509684462166
-3.6158487837752995
-3.976707305961948
-2.493242085081941
-1.7625959325817957
0.1441774746239659
-0.3109294935759386
0.08185244599382507
-0.13067590651498023
0.6698916646851281
1.129614276379022
1.2316415749074996
0.9319134766946007
-0.29193707393827484
0.6022258816173015
-1.5959530974748346
-3.710794117396558
-2.8530468496333787
-2.022365431403592
-1.7730396325562563
-1.791423533188055
-0.8601291439627823
-1.7043229895562497
-1.5606551826433281
-1.6094585458547221
-1.4841675962349408
-1.1904028343863382
-1.323558585582696
-0.3514087350835672
-0.45812435041270494
0.40382196742229404
1.1081749123739746
-0.08242746901663933
-1.2273924580063726
-1.4935811762962619
-0.6130682557663216
0.06272062433012227
-0.5426195102897209
0.3965198157866043
-2.5875361746720746
-2.861729425167546
-4.331039605628203
-5.597598290510735
-3.687700693953804
-0.7799023721891736
-1.8777381715725867
-1.185893853164937
-0.5274688319602527
-0.8999701453197371
0.6967762631475534
0.9337385199801727
2.5231227790598245
4.136359669141482
4.028431812560864
3.472945304814014
4.838427742578739
5.05315389791013
5.169701139376116
3.3530389782483403
3.1694215457005956
1.9781714943816735
0.9841784040023001
1.6612476131640057
1.4890648681262744
0.380021873813874
-0.03808082401675622
-0.4719788965072238
0.09304941912699538
-0.39786975353581705
-0.9864880982909243
-0.32070593759865607
0.0036993599326812787
-1.4423605024633575
-0.644438934588033
-0.5823892561722894
-1.3298891384120846
-2.6877121410986122
-2.8356293578178717
-2.41280401496598
-2.92482488376715
-2.6686154077350355
-2.3566129411510217
-2.794365914534602
-3.9918339312131854
-4.019675170563671
-3.0722011900933124
-2.9410561911917674
-2.5762742010454804
-2.521282542664429
-1.7544028382531311
-2.22427993167883
-1.6205245409555626
-0.8108319410149447
0.9089517855227136
1.9221486612772511
1.6884998847127832
3.290044990125748
3.911954902421864
3.713724111382155
0.9972547003337633
1.2476681552496178
-0.17969265369931153
-0.48819337153026277
-1.1064466668194188
-0.728032054997233
-0.9738121296793218
-0.5202856520533934
0.8311006334381239
2.367385368395042
3.3346050937896283
3.7333940276521203
4.813391746455886
5.409765131980388
4.151896158525439
2.6709804486555377
2.836412986266413
1.7377285682065744
1.0948215699724053
1.6114110338632033
2.0300543019275037
2.8049518044116115
3.2597053701452796
1.632383121060625
2.397510539365667
1.8798762199714611
1.6477987881920484
2.4160008372552992
0.5964355605193872
-0.7328624013344446
0.32475056094796895
1.987971635845725
2.096907653742874
1.530164728560391
2.9064311743656788
5.359746409330841
5.062308745085024
3.8463769325552146
1.2615728606086951
-0.4890825826276628
-0.49796108982790205
-0.5201811993949221
-0.22634924966329148
-1.0042635779316647
0.13159630732358596
0.7583964283013178
1.0536181033106948
2.89997131509091
2.0646669536910394
0.7769225231457426
-0.31389799497101434
0.7009883691698344
1.1770253192306677
1.1265760726266567
2.4615820392382393
0.30937661278240847
-0.9095248781979488
-1.0837147948782393
-2.1617136744166228
-4.621584013567383
-4.80780165017241
-6.4696781203417615
-5.369971080053704
-4.314513278664159
-3.7302073940315377
-3.4555262005071956
-2.9170274550452664
-4.516531326849442
-3.210869290052511
-2.158903962840991
-1.0102135518773203
-1.3455041151673037
0.13114967171288394
0.3092108592322429
2.2170386214589994
3.343819175840802
4.0359208244654
3.871856288853432
3.9036942061524194
2.6721476562288107
1.9018624249114915
0.8370942713704415
-0.45942018559260656
0.49602132910823415
0.07158073362775702
0.779563393011762
0.6329837301091399
1.4686329234212216
1.750070070299912
2.827912197312818
3.168214377278031
2.2759913106333345
-1.0326861846029352
-1.9823125131545845
-1.5040038503124036
-1.6869004844500528
-1.35770166670544
-2.3317700231337595
-1.7284740568245063
0.7308900803560359
1.7532966907099363
2.296642007973194
1.0129541629513765
1.3018377004014166
1.4229717912094233
1.073324691972459
-0.38941841022876755
0.03437953968413682
-1.3638431391827923
-2.0976590843207523
-2.5959027224378923
-2.1565160985462635
-3.968908137714438
-2.7545313897125014
-3.5272284936790523
-3.5650673582190353
-2.3875559181829145
-3.4323168951413274
-4.501222600912167
-2.93196219725287
-2.0699675233217443
0.016049614842685633
0.07212606796731748
0.8692415124357649
-0.11595401028239294
-0.6422819779511373
0.3597292963407197
0.9897824106050646
1.9456696996522505
3.108814052600934
3.236177946984692
4.085608581610508
2.4911737121437496
2.519550982770532
2.7227110287950604
2.980490031841988
0.7207673346610559
0.7499616864627099
1.130564235413001
1.46045086810282
2.0967326603828793
2.2466037851174674
1.9748001138413094
3.572110075429114
2.8617294322791555
1.3298963895660583
0.9760990790706988
-0.8817309413093474
-0.26581774575370487
0.8324400730813905
0.6909716231293648
2.1979410773459147
0.879918819609625
-0.22820958867196206
2.1357100720174844
2.390396575972314
2.82637342847782
3.318177701610164
3.607275829505189
1.9620919937742334
2.5500084783293113
2.183432798167079
1.467745858709128
2.0365252159043172
1.4643176050043691
2.0900330482096052
1.0965228663699798
1.7005755353105287
2.885979899804843
3.8688392562241827
4.652435860025522
5.153876753200977
5.547056997785729
5.261510448624773
6.529960661603051
5.469121196999081
5.957404526770993
7.468984948396029
5.477669427995854
6.113426271985671
4.698643736863254
4.730176900675139
2.153884504305227
-0.2747131242720906
-0.7189057074689031
-2.486642141179568
-3.837754925719504
-2.9969616872678237
-2.3997595661694464
-1.8867558198425491
0.39106695758593824
0.8511008265571183
1.4720195511835055
0.4805208347644053
0.7538994275805736
0.223363618152344
0.3562147555442404
0.9511915483140156
-0.004533639369963316
0.7462040028885483
0.8304483136057492
0.7132676163649501
2.0228332204162593
1.4342622152679216
0.9313388024343913
-0.5948039537534136
-0.7607187292644787
