0.0
0.10484805260974006
-0.8302993716596857
-1.7916818969542263
-0.8320042334269433
-1.7016245372070453
-2.5180521526391946
-2.313938505780668
-0.9535783449092647
0.6042375744954099
1.2518058972352808
-0.2396252855512675
-1.7338978899475006
-3.393741054137819
-3.5202503800156526
-4.569830301801505
-3.915653120569359
-2.8870095833355442
-3.5135549562987896
-5.297471291294315
-5.763537147524288
-5.115502445367966
-5.352106455423373
-4.794965007878943
-3.490378830634868
-4.128642322207731
-4.690940443791328
-3.8699760629544238
-3.0974786842716426
-4.245318086619392
-4.089763572977029
-5.66479269766223
-7.001005244372311
-6.8601531928207065
-7.167342023581613
-5.370280120241758
-4.830731917642353
-3.760997543118502
-3.366975091323235
-5.900389837256208
-5.416443650893422
-2.414003404283063
-2.665472703917051
-1.114944965266489
-2.129918624483719
-2.950963385023538
-2.1372818478422513
-0.8766718511714675
0.34319217351705966
-0.9738357316962878
-1.0733770076187903
-0.3494853938278819
-0.8983745069752136
-1.0878293006451845
-0.48776658093485326
0.6877993449942943
-0.14784885629043276
-1.233623734699382
-1.4292011661482036
-1.4404575586250739
-3.239628373367328
-1.3136562474660471
-1.2184514933226989
-0.6260980951418906
-0.919015658085373
-0.23896092194835683
0.6956922468583999
0.9098024112835028
1.0902954862760166
0.18281189992085478
0.20954984765519852
-1.3791547441834195
-1.8281915534853652
-1.2093284213891207
-0.06323270150017324
-1.243587230773584
-1.2849523951153434
-1.8492633225175137
-2.183030969396262
-2.0836411965104618
-1.8869849573820885
-2.393718358594886
-1.8519216032278876
-2.0679759653470255
-3.36992544181387
-1.9921822132510865
-1.067066873850316
0.23431354119195613
0.5275775898684425
0.5899734077027764
0.9808610748663218
2.3452078321693812
2.508160193798208
1.2917528704522736
1.221084538203395
1.4449294020355645
0.1069732754621362
-1.8466314798666474
-0.7558415973587865
-1.422340509609288
-0.7447870129516544
-0.03046600984200898
-0.08707728106422694
0.06252093820433834
0.9385223849614057
0.18892884119358522
-0.6254037830800827
-0.8602575012818023
-1.9303271903665191
-1.2401490390782346
-1.253211169980118
-2.6383779773404297
-1.313612537089192
-0.38320614873737735
2.052975113139627
1.6367745850756763
-0.21502458541737046
-0.6287663554006109
-0.01979193693097081
0.6248768302986774
0.8037986381076718
0.9114486875633508
1.8069416589865506
2.2469546573376444
3.2335103839850707
3.868067615473091
4.709387974582077
6.0577681190436055
5.47700102115563
2.865257578543003
2.2460438483486547
2.2373965084411624
2.551187686419868
1.1481534716102029
-0.050458048946637524
-0.3885939165274853
-0.18199242210005534
-0.7194518812770936
-0.5333813263527626
0.4410400111356265
0.24953993242689054
-0.08057275772409014
-2.0289849140725407
-3.0412267789810334
-3.5955574731046447
-3.507595429869513
-5.265798137938042
-5.867730667294689
-4.316514116140982
-3.8389533103438294
-2.955784916208127
-1.772736159062839
-1.884975285035299
-2.481893542087831
-2.763195137683849
-2.8211439210804143
-2.07985017078699
-1.8337753123132003
-2.174101632525612
-1.6461677603621887
-0.45100943195815524
-0.6191618773756555
-1.7199579293602385
-0.7593615020225594
-0.35663225719426317
-0.5516278761507
-0.1441122295772468
-1.145682861795504
-1.7515949463592533
-0.8396361251658915
-1.217150241042704
-0.4777854142394937
-0.007737403634910489
-2.038558569233528
0.26164593305003425
0.9172120977426528
1.3728650545519419
0.8782062216729479
0.7703341830535487
0.15922014885791735
0.6972431788019275
2.5383389737025728
3.3580413069794557
3.5924722782422824
3.3397058489517066
2.1068060906095263
1.2895215229909092
1.2123896079135028
0.06938223484553663
1.523707446330666
1.6054039458723959
1.2933478339108366
2.439287767428207
3.096379243651983
5.209762397363111
4.537861540263459
5.200508324285249
5.109199808077638
3.9475034965799436
4.400464295492847
3.476271564601131
3.337278962411905
1.6886536851892353
0.7096551144806847
2.204144465822038
1.3665161679372702
1.1151429517783542
0.9058674724289025
0.21577753241966968
0.7228338480237624
1.4588394817217925
1.9440951839982268
1.8931703819128018
2.386416165733238
1.609625950716992
1.170186991566194
0.5779682384419438
-0.8589811051869113
-1.9669298563223174
-1.431624187209245
-0.5384469077800309
0.695015288738974
0.5199333134459688
0.37406749156194485
-0.3317521431236876
-0.0705873393312525
-0.14192873963206956
1.5047137011842373
0.7394149087483503
0.5811104721934762
-1.3191915217392955
-0.2580658976977953
-0.27410790809502683
-0.9816765190853302
-0.366657097152303
-2.000780240600405
-0.7529180653002885
-1.2515821683035304
-0.33806641715762564
-1.0144618693552838
0.49508170929013584
1.8991434080466714
0.7560333159570369
0.9293045925131299
1.3766676631131203
1.4635645732882014
2.47027233638328
1.4309172325912018
1.3113241731637588
2.6390389298336694
1.979152216107602
0.09284529581725054
0.07969292075611922
-1.1291973963587019
-2.2699251043990065
-3.516545798925751
-4.371312369321087
-4.090206616145304
-3.1076428587307063
-1.6010306806905947
-1.0987874708267902
-0.8314785332300556
-0.8468344402574538
-2.0689274634894783
-2.0793433288847956
-2.804265588112931
-2.4915036603680756
-3.144636241224062
-0.8266722163509828
-1.1852952018345593
-0.7074990356780427
-1.4941942400864965
-2.2505302080853253
-3.041626818425814
-2.9828033406223224
-0.6046544036934671
-0.27002705172354924
-1.5969521119777383
-1.7908552533204896
-1.24115015761416
0.46096796616926317
1.4535409639015304
1.6615610113848445
0.3007905933494692
0.7771719898722097
1.2328944384815992
1.39806088248884
2.226389498682746
2.390693436774271
2.6860124768878295
2.2816636209368353
1.6792956033855784
3.678533665534963
2.4178104091450745
3.150331002623219
2.67407479174913
1.1894753494014345
-0.156951015033298
-0.23271128000809907
0.31201619355499344
0.34744571807447283
0.9977551437424154
-0.41196211680331163
-0.8039873970006952
-1.5209063084384207
-0.4032965803033757
1.6840286909776623
0.06707247989839149
0.7073831816443849
0.3987982303852705
0.2960304282632813
-0.1610084108394183
0.49981575155826385
0.19956178631940852
-0.46076122809532666
0.975941567806037
0.3439220238496672
-0.4551211372096122
-0.7812904557962392
2.3139276984639503
3.3859523153508055
3.146875273624747
2.2456377253602535
1.2576987089694578
1.406957516542696
2.700458058048565
3.4971495982673955
2.568155053613181
3.2259044970414688
1.709164382087012
1.9771501562866065
0.6353279793121644
0.9048833792517779
1.1961548878739754
0.8002413356682684
1.175957569260064
-0.06417890697559003
-0.31576014167675026
-0.3017788726395169
-0.14686805933368255
0.5557558467219303
0.5298183278434362
-1.4617064752963993
-0.5694481648317359
-0.029409851120340502
-1.1123516653953125
-1.5048996710803695
-0.3184986898292772
-0.1181847029296923
-1.5408563767021084
-2.26963498413774
-2.1541851319392022
-2.127830503736723
-2.715459190962635
-3.819836837990342
-6.0879767137996605
-5.927864514635258
-4.743139878438445
-5.610691015946319
-4.9027347457010855
-5.38062346160574
-5.132772528475476
-5.591549404511038
-4.403778129180992
-4.0540990727265145
-3.088275390347645
-4.549898469126587
-4.559075177066101
-4.559281623398432
-5.3812543342594505
-4.420081018291789
-3.948718809350305
-3.099342776318684
-3.359099372644687
-4.2645989480443784
-3.64555510194127
-4.202190658365867
-3.474543637460541
-3.0256494286436526
-2.384519598832692
-1.9399021571814672
-2.273999013299719
-2.1525390092158214
-2.5750583185590643
-2.185044503782583
-2.108151849625175
-1.668679229523577
-1.946184258214375
-1.4484442720565995
-2.5841384722935654
-2.63434053000659
-0.4615697308969371
-0.5931527819287736
-0.8590158043925362
-0.8264801408136543
-1.7738263145288578
-2.249836899238008
-0.9825765329756786
-1.5416132983339041
-0.3650952222023345
0.7598199766479767
-0.7593538168413432
0.14970598690449666
-0.462337227710308
0.4848273428723287
0.5173957236567349
0.12070491342442086
-1.3183204045244812
-2.4004743698980615
-2.4378588054406145
-3.203969517624639
-3.158373003156175
-2.577135985492805
-2.0624439583034087
-3.1265328344846415
-3.552628538008302
-3.7684371779942554
-1.7847417783223103
-2.141863086937456
-2.770286033329496
-1.3206098058371474
-2.423796707087911
-2.5043311915028674
-1.7284521929993448
0.14776241903975174
-0.26169772693227444
-0.22402552505641202
-2.1868549401070334
-1.7257168398591602
1.2281516445751133
2.2158134850391757
3.3241848892707058
3.633517937907323
1.0641843100939234
-1.1961236721931
0.892789526951363
0.5479051489735656
0.23686948329853014
-0.6732065734899337
-1.5691967287847386
-1.2190937330153864
-0.9553871857700855
-2.0475358899135094
-3.7246469095049948
-1.8094745226516455
0.24272295992590442
1.409367271831754
1.3693360991627272
-0.841438493142237
-2.0289035054321296
-3.0392633914602483
-1.815620364563637
0.1596174799229204
0.25792782675709036
0.14070759867188531
1.103411441633918
-0.5099041745106413
-0.1683010347303795
-0.8690539494092169
-1.978656759410164
-2.050957210230249
-2.2241485046184994
-2.2526783286157994
-0.07615959022639651
-1.6707331519404829
-1.311228031710729
-0.0240135456477113
-0.7122310149370407
0.7693189838456179
-0.2168813593301182
-1.751078767338397
-1.4486946740196731
-1.1478320063496428
-1.0471731011191072
-2.277519664591182
-3.6851414383764256
-1.87165646203385
-0.833965909164554
-1.1750092859433958
1.093461946646926
0.46699928146271685
-0.6611194658292843
-2.548710986223134
-3.3676836819717426
-2.610153352260465
-2.1341822116708977
-2.3556666352047473
-1.1347221901157782
-0.9888683860939782
-0.24815129485141607
-1.656394361049933
-1.9825290093858428
-1.2648602288433608
0.12732556500417425
-0.2634970062790718
1.2255046566729186
0.14519547645595232
-0.37632467515138307
-0.6026488165963437
-0.05381557453474495
-0.617089572935305
-0.790112310045093
-1.7444078900255429
-0.5930728424036763
0.9131721395428083
0.9823556427662257
0.988669283985005
-0.3258441586033495
0.8398057680532323
1.8662029741581416
3.348835990011006
3.000357229753509
3.1789526907639707
4.285451675818692
3.307860525018571
2.0993446521115673
1.314976701271532
1.9365723236086758
1.72647370480119
1.8322119877375038
0.7233941049050837
0.9312487139489591
-1.7122131802656242
-1.4827768229046099
-1.1452924772418713
0.09072646885182034
0.37454629960045555
-1.0866938006644555
-0.4048178123815317
-0.2512397640303482
-2.5752513015180893
-3.660982689128099
-3.765379257354357
-2.620500531944354
-4.33226176978012
-4.345315508408292
-3.5709008431830718
-2.3265364928234145
-2.5454102232929645
-3.376007645840769
-3.466164125248994
-3.522796126077967
-2.408409673270722
-1.8929970681987414
-1.5109665188571177
-0.7741846460590834
-1.0411964521440977
-3.3410199976046373
-2.6210024985938367
-2.7591485291839692
-3.543665764360161
