0.0
1.3059063579489805
1.8223223504948196
3.4471701791433103
3.9437628990750393
2.9774153310896754
3.799819121228333
2.4970562494935
3.0564330073825143
2.855608933620504
2.6382407273919517
2.7174495586772958
2.630283373529786
3.29062811821996
0.7686083764050848
1.0201242295556694
-0.1543290656083477
-1.1543098635542952
-1.0714824745939242
-2.1375665514757856
-1.6601507203207948
-2.630827617145251
-3.298911045043321
-3.1876353434011686
-2.0596830151287033
-1.3114303787743737
-0.8181773667017224
-0.852715231414274
-1.7099955515035177
-1.1188939165990444
-0.7099342264773503
-0.8217412259888639
-3.3186141876345068
-0.613786610319019
-0.25989977285503724
-0.26242767079247076
-2.483245478924635
-0.055459761127894414
1.3790177053552573
0.4610678159811845
1.5712555745488488
2.2995680194167933
2.315910615648271
2.0392241093407835
2.4175403419861654
0.43507885882186237
0.27599796876048305
0.07830670666250567
-2.0660162338892394
-1.0481823957946037
0.829776160719973
1.1550688597257284
1.0808999427171644
0.5538312524932645
-0.04716662649306269
2.224125585759481
1.9739993344493354
1.2556644257424592
1.3518964103516637
0.6879098140670094
0.9979461605916258
3.218452930581882
1.9090553549933376
3.078804579216702
1.3353629163646912
1.1466049615729024
0.21244954866668453
-0.9554036577829994
0.03628687137512221
0.18858436635709122
0.33209058198448704
0.9044971296369541
-0.19708339076888293
0.913837804428449
1.3218692919230026
1.7037805756861388
1.4935521531591713
1.1706867740358415
0.5358552427007756
0.3110810261891013
-0.2858398210592132
-0.21723055860087598
0.06146821363666963
1.7349589031058326
4.525164060761125
6.927741274357768
6.844723873072822
6.44952894469562
5.40436612838135
4.941543664451653
2.8706332013811404
3.131503285502157
2.6004036324779682
2.5035302400026804
2.0283967442264705
3.123598170190852
2.126143434490688
2.1409103615409744
2.6862468592345867
2.805299192555868
2.1150737184496906
2.7320133839056315
1.0718949884974707
0.5394431971614547
0.2122538920556697
0.22347667695120527
-0.8093560252891608
0.4939882443992816
-1.1958866662975032
0.5301179976113508
2.3354778867698465
0.9128552608633189
1.1942173693715148
0.9616724404194589
1.6537196248045054
1.611499603398965
3.3230866759976205
1.9200796963114852
1.3916858918528956
3.326756313742643
1.4066402818038062
1.9476390967318657
1.4344742123311025
-0.4874575793304021
0.9275394255962249
0.1375073791549104
1.9225340611480537
0.45390539577298283
-0.12046263609312047
-1.2546877942045647
-1.7404013412478048
-0.3371608263134851
-0.5720644322347228
-1.7937343717191827
-0.6049116819097247
-1.063983818923388
-0.5681220826579363
-0.6908083160781253
-2.269200524802204
-3.385515219135897
-2.443889229359808
-2.41799852404204
-2.3085714347822353
-1.0392247955678613
0.593265602380479
1.2355731400175576
1.2537852838631072
1.7256160360287363
2.5823706615300654
1.8709504186507167
1.5472191943843787
1.1925940463585227
2.190997692669581
3.0105005471993533
3.509216559121086
4.08786957683103
3.730640043998798
4.372178320660925
4.6254881750670656
5.299666252948799
5.4214115827409195
5.9514386035977225
4.274809027281958
3.632187016800204
3.254371565349622
2.954254544678632
3.644618096009161
1.9536298676381145
1.9002801663363136
1.5044586693342756
3.3703422058936643
3.195039526531929
1.809831280354333
2.1947778335127652
1.8095778239179652
1.5916059838965015
1.5539444982971837
2.5553311010849376
2.7347977141330286
1.905817851345635
0.9370306583777764
0.36246133779153994
-0.3199138718842455
1.4413163602322976
1.9313138079236918
1.301217871942089
-0.7676490673719636
0.0022808717414533053
0.29529363539471504
1.8819364909131302
0.5906923016447956
-0.802013787653583
1.2325842878178226
1.3618230187920484
1.233237496916625
0.7114651697677252
-0.5066482814901497
-0.4492948346060179
0.872578946079089
1.033140590681543
0.1083593902690646
-0.826932439271879
-0.19410680154826798
0.8438930925635302
-0.5932680396604472
-1.119496761064934
0.3387971091925679
0.10180587069826474
0.6357044566178767
1.3223123345347192
2.213089028047816
2.4028316880830305
2.4181762859141243
0.9731484205032424
0.056497364813242745
-0.9136816124984255
-0.9825367424443382
-0.9047215415677543
-1.2836098951784343
-0.7302737379930031
-1.5839701950987641
0.03984981477358862
0.40781308983989645
1.136248974005313
2.2610734712274447
1.6707817370812195
1.4627697155343242
1.088934642398093
2.9491519544706364
3.6165586495094835
3.536461948388849
4.128339125774767
2.4303453406723277
1.7734539141684829
1.5467749481509099
1.8880499022066146
3.324083147760956
2.2082839797935323
1.1813800200151068
0.0690579324779983
-0.5775206242666912
-1.26239132013088
-0.6754248033780101
-1.575986665305527
-1.833211663863376
-2.6715311237233035
-1.4340603687360556
-2.0122953498324376
-4.680712680672189
-4.405380185676499
-3.5502613344416982
-3.7013610308068934
-0.986644484019306
-1.2511133816379452
-2.693734971595806
-2.2915703400996144
0.05478166236431514
1.0386563577874097
-0.15644735477899085
-0.9239743697792537
-2.5062735791783575
-2.6634621679519386
-2.0340223450007837
-2.340505386259622
-2.699077869253455
-4.435129105062948
-4.71299245552537
-3.4636173999209117
-2.8997947035192793
-0.694532731868742
-0.9363550856339522
0.3141688827948007
0.6194879757094465
-0.44226245595958136
-0.8121786242598255
0.5057949505793826
0.9827491742352623
1.1710836464918704
-0.586243840387014
0.2707142833826174
0.9613887639182224
1.4999167294270812
-0.08472167163825173
-0.3037042376299506
-0.29866754037474347
-0.37074495579887784
-0.6016762196492705
-1.0818332435512619
-0.914068763721875
-1.654335631728744
0.38545509606398265
-0.5388948904499621
2.3380838359699543
0.8445082915849074
1.928820466747814
1.894588406835125
1.139963211644078
0.4987776974617718
0.40374667558359895
-1.2623321528528764
-0.5910720140607504
-0.3299571033272782
-1.3208214640909468
-1.213226044786234
-1.7918789430770574
-2.103006251753406
-1.303902164852837
-2.6301772669631696
-2.8509118512301934
-3.6739120447222593
-3.894828750637335
-3.0254203277220073
-4.055350598586784
-3.421322469460693
-3.723419659266141
-3.8379585158490284
-4.120387865540758
-3.9588122326071864
-3.9437149183923856
-3.8273248835828473
-2.835572888058094
-1.8002244200466317
-2.522103519473186
-3.172910417105669
-3.9972319546061126
-4.453646406594416
-2.5502036581435963
-1.870070257396848
0.7847746618491529
1.4355223809153825
0.8693374372351594
-0.0944103289283893
2.095411644936355
1.035406445527806
1.5395455467275703
1.0158516960783257
1.5546958141634397
1.9523623475977492
2.5149266010772418
2.6199503158700823
2.479088637867973
2.6073469436963155
2.7305762365229436
3.218452650591639
0.5144527449862282
1.4993274297930401
1.8001397537335844
0.8943114092013961
1.3073522846993422
0.3753493957761066
0.8367300869348223
0.46662268570444365
0.8552839811375053
-0.8303418254968704
0.9743167252741939
1.2748690783108614
0.5569811994972442
1.5109029774266232
1.7339668084722366
1.447018410277542
0.7297797730026564
1.0673697740791672
0.22633280260806288
1.7310297764399318
1.5132580813601897
2.777770306514263
1.957891353728193
2.2656948121687313
2.6732925693285368
1.4793888986188608
0.5492026661580172
0.6540608471386022
0.9862912593072013
1.8700722368444782
1.286123046532978
-0.060068298092481376
0.37907131519285964
-0.04324228001515096
-0.034330082053262295
0.47253019844372146
0.8692315111192102
0.042930438267550275
0.48813598808220926
-0.35988531350935454
0.016216675718019213
-1.1446722463765124
-1.5421740277777434
-0.3287843398264181
1.906261623078459
2.1412035060144534
2.5939243655533204
2.4607252851824604
3.900270504985924
3.3851963133454737
4.563089516838166
3.8350815121653508
4.063425902633412
2.68584713101221
1.4988233203425347
3.635705210321232
5.1120514317036925
5.13876914689034
4.260885076070715
2.7426793456428094
2.2529346630389413
2.2576515365449645
2.44134643042449
1.5969663787857402
0.7343131682124459
0.11717641489276054
-0.6645214466021311
-0.7008045395945273
-1.1872907870744351
-1.8497445095115146
-0.8338805831608079
-0.901905794095788
-0.5073297940956152
-0.05673038060628116
-0.662469727122992
0.0992360192449685
-0.8158119198177832
-0.925363084675607
-0.714568058135546
-0.09370006101171902
0.1521574269723244
-1.6873776412111465
-0.9550399075539613
0.3499406548491557
-0.5174983468144158
-1.3505117315071524
0.18577191878416044
0.7738986294252245
1.5892951320106161
0.5942623027577139
1.0567003004098299
0.11818610849921984
2.2453316008060304
2.4875292635960164
0.5780877628801859
-0.13678217264573833
1.0725413201073444
1.1638720959528528
1.9631049605646096
1.8583125400684584
2.5054150468155605
2.036439871084468
1.8301666351000556
3.222141834797503
5.573145104372701
4.789204515869876
3.8769507846785873
3.122930538109264
2.9399803108331897
1.231316632441057
1.6162562949149575
1.5866227545899023
0.999232166058172
-1.1799322024451677
0.31962619862842057
-0.04246297125429166
-1.7801623836903113
-1.011861741531227
0.8743651200186786
0.7664111657057746
0.8584208159070342
-0.4965846859594574
-0.9862695591062058
-0.22296534614314867
-0.45842106704779784
0.30209208671873783
1.0094018810431122
2.411971328538865
0.12940198054251795
1.6586598511794826
0.9505744947082875
2.80108114531265
3.3392085132452594
2.431028825565679
1.483065338470206
2.6850544493377795
2.771086797748964
1.134352839157025
2.303390867017444
2.239347885283479
1.7693476376037494
1.7491626738351445
1.8021137083511731
3.1182593190613517
3.1374738293112094
4.389586007367093
4.615514103806271
4.096853233740067
2.154190333799023
0.984387725517259
0.3009874992526198
-0.8057701546402922
-0.7334920538067637
0.23038572404475177
-1.193835877406594
-1.4285049848391582
0.7411588893644188
0.31260760363135637
0.5766030464346026
-0.06162515841608973
-0.33649621090794113
-0.6377062283285357
1.205287113419213
3.70160767628786
4.77962128935537
5.565067231695359
4.974709468556824
3.8418469937418385
2.5271602797290846
1.0719278246478037
1.0186710381791477
2.316396706431294
2.568003551286241
2.8310294218976537
1.916254536845174
2.577838367619664
2.261077546860735
0.5670611825121621
-0.04288148582346896
-0.3377101965070117
0.4491939039913863
0.36698259037225694
0.6859063345104683
-0.45500019366331945
-2.524711972849416
-2.3694944088967866
-3.135219412205929
-4.300094794316082
-2.3375291573919244
-3.2310857935929373
-2.521852005655721
-2.3050174534372068
-1.34245186135256
-2.784810383221844
-0.7152008890846995
-1.1841456147628318
-0.7069680154820734
-0.30272536727766625
-1.0865369410286374
-1.0776730670817212
-0.3623770168928404
-0.2297529203783038
2.1992644526914584
1.5420225036750286
1.06863004523957
-0.15598610340469077
-0.30396741570550406
0.3999194950839111
1.1926613248559221
0.9563492741267744
0.790379035258283
0.7496851458109978
0.10577945301517666
0.8748175377955715
-0.9888934060598389
-1.5299966412019304
0.310206395390759
0.5653751291896942
-0.6389146231003745
-1.980275777669024
-2.3252150952060484
-2.424087378882539
-0.1400655159171662
-1.3806687720269661
-1.4820357198476781
-1.8498889612846876
-0.25824731342969853
0.39334298176051274
0.5199393727124288
1.0233660326993306
-0.1567584708346268
1.0722078198032863
1.2042466404103953
2.091656416900169
1.889110668288802
1.3383465801692762
1.7156790483371942
1.2014241046415264
-0.7383846130382787
-2.1233105674466835
-3.4996379159760185
-2.4786312438857294
-2.31997275239017
-2.4112423983970093
-1.0824860883228054
-0.4162681866934056
-1.191208835092952
0.21586369667630856
-0.5520132365271089
-0.908598999001738
-2.2143749051407564
-3.0580214729162343
-2.526103786633925
-3.0772235458353663
-2.358216079775926
-0.8892334566628526
-2.78909678865784
-2.1836507009967705
-1.3701340668497064
-1.2805975768760811
-2.686999630044511
-3.9653283542338102
-2.2189882233108538
-3.141838803871024
-3.0895711345814587
-3.4758750712017688
-3.474909020609907
-3.5304663830667415
-2.335388590192532
-1.165318450247288
-1.2717719788673927
-1.845077602858861
-1.5239438827764635
-1.4172546365151042
-2.9365063608426025
-2.8754051452562517
-3.1116857675875846
-3.646509315990994
-2.9122189179143563
-2.098451658068795
-1.5359955230960987
-0.8836216170365329
0.3483969226186807
-0.2338031934769178
-1.2247841024072277
-0.7317922117981916
-1.7289653913118102
-2.33389188560766
-0.09660015579852432
-0.14103515203398015
-0.7993318577106863
-0.12454431933890131
0.2696634146073399
0.2246155610917069
0.0010519956017329413
-0.4543197573471125
-0.42289315887687734
-0.6519419627194024
-0.9303759282418469
0.4351222499242402
-0.9041402209518253
-1.0322672672405062
-0.9260118293059503
-1.8311570075228458
-1.6592115723208796
-1.9336767784167552
-0.2285951387225642
0.37619177797647535
1.0132243529109655
0.21608874364039543
-0.562182896533286
0.34243293468042946
-1.9118804138411885
-1.7534140127536695
0.9684709467791239
1.8940276346237845
3.250631778052939
2.4261967877849413
2.0983821805677394
2.134260999310731
2.6714480108453222
1.9739674980059851
3.016687852934174
3.0861824675645546
3.186875362613819
2.8353634572199122
3.1699860388360483
2.3225398899640965
2.7321662532966293
1.1218744429344947
-0.15573444794376634
1.1037232114368851
2.365138326267799
2.395991638753019
2.1289687068686303
2.5610427423193265
2.2101242876683918
1.4950293994231179
0.6866047200837044
-0.30986556761770945
0.5483153975839345
1.1745570274314048
1.3472536081218285
2.3904260114608165
2.284642230509738
3.3382923422717834
3.53323272068456
3.32928763255107
3.5616679936110027
4.420710720141652
4.766597416105388
4.489201951503519
2.974006528988488
3.281846190844309
4.234299003542934
2.8715327993728463
3.7080656123993285
5.014825966450283
3.704483919494825
4.313207771102903
3.5108546363594106
4.65365518509698
5.5214773921112466
6.898123878264414
5.035878406152511
3.9587463283472957
3.946256203340236
3.0312792753465114
3.81931780533116
5.047524023540818
2.8801499320862067
1.2109650955713536
-0.062313164292174816
0.6477376237260577
1.7779303478810133
2.2080792938756413
3.475460146822462
1.7794918204385521
2.1288358522364157
2.9675016363887377
4.0226636887769445
2.097829692515494
3.280914390617296
3.6067675085529345
1.0826283193869655
2.0469030876813648
2.069832453915525
2.4516644424891667
1.8329393430982415
1.1196282457080797
0.6161095660150218
1.6847970167040855
1.3444339699406016
1.4985195499078854
-0.9225398323857132
0.6691858523916494
0.7166289460300311
0.32889543763962703
-0.42420879558167846
-3.0193511252248033
-2.850893476825114
-3.1016647790246203
-2.6291992179178054
-2.7799098962868856
-1.365286924232474
-3.4833829511548204
-2.573814542928562
-1.6352652152362719
-0.40641760281452877
-0.6477651249077583
-0.6808392721074972
-0.8842838824369603
-1.1407048808686104
-0.3005207816999864
0.9046370722542808
1.919864706027973
1.9327208065700832
0.5824090421778183
0.6416380190582918
2.0691078329013877
3.892822122598353
3.2454223061723306
1.063875908716154
-0.6138170351127615
-0.9253919051435342
0.4750796218677358
0.4963892326290464
0.5814865743988444
0.43471188800844557
0.3538178024223555
0.4884667064164739
2.475583192088728
3.8023154236474896
2.374284254227028
2.963130886343093
3.256444391550774
4.051980618991031
2.0091679878052755
-0.520816855221166
0.4867895867070287
1.533114247116586
3.0198548510756678
1.6781894902386454
0.5211547825723155
1.638044263022934
0.9642377273585098
2.5679687222346397
3.033010945880187
2.721074954166904
1.7841560510885301
1.8576673890896955
0.7041268429169083
1.8031725242249133
0.12443266217776783
-0.12780237406749165
1.8847276619517022
2.0602557781443993
2.6118588329529855
0.38629662579439716
-0.41641888960559015
-0.7333130247018367
-0.8008888922652249
-0.6981522485381264
-1.6869348475481627
-1.8818842625967969
-2.416194154402024
-0.2782868926972546
1.4923272866546415
2.2143330930727263
3.9842212859807393
3.4581571611380753
1.5480057826912013
1.446291455001504
0.46419985807863473
1.14825582810106
2.6637280991528853
2.9480875341404262
2.633179297073503
3.0574752891525003
2.930171762112066
3.4834431176426373
2.978137744456598
1.71622413969183
2.4313184993926398
3.33887919584187
3.7820543788721883
2.348660929058127
1.9109211689865007
1.8634596800036596
2.927357850372058
2.3527763725002684
2.0814557920040366
1.8888551175027366
1.0219127258603846
1.5726915375248924
2.4264940267301403
1.4378790511594324
0.040148562050032366
0.11510737257756093
0.3441010590569219
0.3066181496194233
0.23978587300768472
1.1583075749591902
0.7098852265921888
-0.5777013028338518
-1.7874591982596053
-2.48350385033821
-1.1304453547242537
-1.0683067085807132
-1.0460008322495604
-1.060378893331972
-1.6332530722260727
-2.4314752342506587
-3.9079234616609124
-2.2422909838655816
-2.629349795009444
-1.9736478902878727
-0.2444159198759397
0.0433913593319718
-1.2737981239423823
-1.2017336058324364
0.31776100964038356
-0.786565587222785
-0.1454220468410482
0.73336790141485
-0.7921947315559641
0.18578466688648498
-0.6841631370435619
-0.5552338436891279
-0.47578200843897533
-1.5523850907796493
-1.613822983830805
0.05600036273765485
0.6604413796636054
0.6384968778588477
0.5103344930964516
0.24497362050358545
-0.48831458566452934
0.8496501558447074
0.8244088899093679
1.8287913314414714
1.994813900386014
2.5739184234241352
1.4835328389237414
2.0968895782012233
3.424243549602514
2.9025280495110417
2.943295938172563
0.27392166163198794
2.563528078608395
1.2266451858715997
1.9969381902101084
1.1593940142667836
2.967744052787028
3.594625444702549
3.552903735714874
3.7778779147388954
2.7653654101081915
2.0213936973313675
0.08706501682196621
-0.02216406774242477
2.2892633605051116
0.8842247691867589
-0.5245480081820644
-0.7363244357304433
-1.6314221413955432
-2.827329808109942
-3.6854092367992357
-2.7108679412129724
-3.873897127958073
-3.4270572032661337
-2.252130183269206
-2.3201383999086667
-0.008920445883880745
0.0016641849774405868
0.5569422841773425
0.4925633905178947
-0.6971763700878024
1.3313174396849807
1.699460107102138
1.624580846271922
1.2453897182121945
1.7879281750503737
1.6140942492698391
1.5006710948138111
1.1126198253173505
0.8854771415604876
1.2811378657155506
-0.4971648909679174
1.1670302570867424
1.3771135206686425
0.903962174909781
1.5802893922383454
-0.2606451618588197
-0.014934338359541305
-0.7890202666944145
-0.7205206149756075
-1.012619379868797
-1.6811242098336372
-1.484151518213274
-2.1805386725877254
-2.861785350847879
-2.103984455569239
-1.3458951936989965
0.16709312359909867
-0.6496237165268703
0.4818093686299759
-1.049608493376533
-0.7350915394479645
-0.022256078054824324
-1.7450197488184895
-0.9533932639829562
-0.024526190333143516
-1.074825337685782
-0.8849421659317639
-0.7821383761264513
-0.7687111953124557
1.1639365855066521
0.7405947845104537
1.8249682163653829
2.1937209692994593
2.4672866445687824
1.6519577922290312
-0.3243286404621346
0.48277649307230747
1.5787934829996972
0.230227556467405
0.979396554719587
-0.8042051236306523
-0.20243035780676255
-0.644483870572001
-0.39404986610842807
-0.6661831947492357
-1.3024570619439217
-1.645899928950262
0.3708680848853765
0.1982208112745766
-0.7414635901710271
-0.7667329341212251
-0.5430018212404756
-0.3430846270427066
0.17824649598144066
0.90439891983293
1.0173091026364605
1.5103053892319955
0.6968460148202722
-0.08595317620595277
1.1673502295266158
1.447642486950615
2.0870440288118806
0.4890364928173243
1.1060147817147863
1.8369820148967893
1.3208429395413226
0.540247796771261
-0.02485385523874184
-1.3348937308407134
