0.5223226967058296
0.462257405539447
0.40748411010512336
0.2676144419471505
0.48846301816860793
0.4991530319809715
0.5974601586353766
0.7544448337020192
0.8186858384964868
0.8533850612355435
0.7959833648974863
0.780576409639011
0.8512788008523755
0.9930142505195576
0.9837930261029866
1.0334285315969787
0.9992149367158325
0.919657132133024
0.8790495238666206
0.8591529112555892
0.9590109249630561
0.9063131692906419
0.8060317492644282
0.9491706560103098
0.7276756295522817
0.46610578380282375
0.37676312835425313
0.42094468233564847
0.5496964624413303
0.5875532066533661
0.610461896143086
0.537607549098462
0.7140723963715501
0.543678282111856
0.40386044389046266
0.33339933807487704
0.1763783709917054
0.17724312451491822
-0.07568503299363215
-0.18270526769211973
-0.11806250835496618
-0.1868841541641981
-0.1783020389405636
-0.2542415012600498
-0.18681276946390513
-0.23416374364656667
-0.1693532501674274
-0.13028417102383982
-0.18978074315763407
-0.2885051785976636
-0.2452898745465406
-0.19920532368095098
-0.2913867812807073
-0.06500440482072611
-0.08526596758155908
-0.2225446638507941
-0.377012473247359
-0.45666086191433386
-0.36936689651188404
-0.3039499160023068
-0.21512575040100124
-0.28385600496513463
-0.27310927331578816
-0.273796014935565
-0.13629695146352275
-0.0477106061503767
0.12710870487978426
0.18664895656207373
0.32594238256549557
0.3324677502482054
0.2501772471179365
0.34547235132742876
0.18656162060732845
0.11337683877474619
0.3273210978193649
0.3399368215515872
0.45268381511516875
0.450436256455655
0.38669963626860915
0.47956447864536705
0.3416500019915666
0.6098393038918387
0.6356598404379271
0.7611479048171546
0.7898686279079966
0.8586849908223637
1.0008731858735667
0.8692495906021088
0.8063716000250893
0.7792325652457254
0.7326548403983383
0.6966020760666003
0.5624485859883451
0.4900823200079011
0.2597310384979812
0.1125964397383266
0.01899316600939241
0.0028908177227561366
-0.012031739995779358
-0.159984391115775
-0.17018947258641456
-0.13548727323501258
-0.3281612145667362
-0.2713138604957782
-0.2149434057349937
-0.16700326744895805
-0.21628267467743162
-0.21994962749348618
-0.3869373352048953
-0.37285463475420466
-0.4937775076727992
-0.6430798977529557
-0.586642762960653
-0.6481740687808902
-0.7626429241265043
-1.0102028657050204
-1.0076010995561493
-1.0206332942075365
-0.9950808689252905
-0.8876410598674123
-0.7477503225348225
-0.779439216251096
-0.9348373707801497
-0.9547447710563735
-1.0497467866834518
-0.9330851881934685
-0.7154470085632054
-0.5435142408314041
-0.5763492882705207
-0.39286242810395045
-0.5378529023442372
-0.4494306405342918
-0.3368985107282816
-0.21457662301774427
-0.19313995748208937
-0.19335980617311
-0.0971953529769214
0.06960530867393804
0.2613971443357386
0.33143574647389384
0.4460976057774846
0.5076875512108492
0.5371315722816921
0.5754072486832136
0.42943750098776035
0.434670981580065
0.5505640954814557
0.5750380824748353
0.4389084663257829
0.5262330176442855
0.46787242182486344
0.33537658533801884
0.4422543161740942
0.40968566693889835
0.4161832777618261
0.44646076846522653
0.3381761663248245
0.45033655269213496
0.4984218772482673
0.4566701660025226
0.4789932491245289
0.39230149294386685
0.3320838674915044
0.25106884229929083
0.031364768581994495
-0.042447075499469654
0.002000239199991982
-0.03110128346164298
-0.08657637091801099
-0.19839853444961358
-0.22493284869485974
-0.16680064210615625
-0.30498840370590313
-0.3323659754653191
-0.06867669859569164
-0.1686298652986741
-0.130138218150754
-0.282040411229323
-0.5361219728750889
-0.4689104971884578
-0.39801022540683323
-0.2784704742275066
-0.2772428139612344
-0.13928317973374346
-0.2991003672761361
-0.459328135831388
-0.5995041712629479
-0.6149580932125202
-0.5353714801590086
-0.46321308535978634
-0.36605347117064796
-0.2862744310409367
-0.29334183200663333
-0.32448248260234264
-0.18351324182611908
-0.12544711632906996
-0.07767696191215143
-0.014605095232405906
0.11743178514041736
0.2858778631583506
0.42993180052737645
0.728130713000948
0.7805410086889238
0.6160837452266564
0.5177606188830048
0.5725925991571416
0.38436139000927216
0.5463508391869901
0.735199033701052
0.8135379823793275
0.6884399901704552
0.6248273067122632
0.6343038865668051
0.7521728831675005
0.6389977018983966
0.74681062207968
0.7248371588474509
0.8624037819226429
0.6709022109910974
0.6082853798383808
0.7687850833066403
0.7253802878542652
0.5433622956222396
0.687429820237447
0.6062197725049955
0.5817316307143494
0.6585735513084096
0.5793748880896333
0.33645615637952275
0.3478014289272448
0.2836049228035495
0.17288566256923724
0.052014385702192426
-0.0009220192724136503
0.04338669180180188
-0.06730958307359915
-0.21179049860729726
-0.10777671269839459
-0.08560035839889599
-0.03547465843167097
-0.18815860492389921
-0.3080308813831034
-0.2198177796282603
-0.359567707537931
-0.2784428319625863
-0.34464415511977736
-0.4017140766215618
-0.3352697637409594
-0.39534547123411595
-0.32789790742591707
-0.04149784776587323
-0.11773252922215457
-0.014852015642228322
-0.024638178476774433
-0.08428450495269652
-0.04360313351525478
-0.08893332023292377
0.02101586005583156
0.0676089827033495
0.09896683873881704
0.031622695269867024
0.19324457601689332
0.2092860899357315
0.34561106373582023
0.5265761154828854
0.3817756826583937
0.5113018889005922
0.47302102367754373
0.6667939339646562
0.8254058680623447
0.8902622598149441
0.900812952596586
0.8322660428426706
0.8008803399708063
0.787242782555391
0.705715343606908
0.7271032065102685
0.8041168032714816
0.8346757719602073
0.7162279786737038
0.6874822625508641
0.5626732344053885
0.6339418569351071
0.5861181750846604
0.6414470953681806
0.5600223901929958
0.4088711291830566
0.3479547356651569
0.1915745785859007
0.1443651809343648
-0.15611802928852817
-0.28552221564070845
-0.21573779120501557
-0.2601498362882982
-0.24751317106914072
-0.42913325275239056
-0.5381477250534805
-0.4560291526307165
-0.5320218125518893
-0.630532180808403
-0.5565361769753581
-0.6299664863574423
-0.6362930394017847
-0.7012305379082189
-0.6669940295632348
-0.8267260912495906
-0.8031427862253302
-0.7236681172268186
-0.8110351086682273
-0.6530903384130831
-0.628833068024788
-0.4985934497378664
-0.39147203690877763
-0.3207544783800903
-0.20401504110201474
-0.24671014496489999
-0.20170007287139496
-0.1971690097259442
-0.207784192621341
-0.2987421880792988
-0.09779781823601735
0.006279586403652455
0.1358503862800582
0.00356411955659372
0.12629251634300037
0.10673662728190589
0.047027168499432226
0.07128564224496964
0.1292362097846301
0.20010279275040282
0.36039475727346837
0.47093727166710975
0.4361049353028448
0.5096331414510591
0.3928924127083486
0.42009020459166085
0.23376289550539775
0.4160020806757422
0.4143889476813018
0.481819417874871
0.4780515872188213
0.34154131526195763
0.4703867505339625
0.3881397568645094
0.36346018901940197
0.4092455113813555
0.29932903718089066
0.3492296568752712
0.12742444436757389
-0.00555388195243009
-0.10870522437413732
-0.2480001903751006
-0.24728669385720653
-0.29034879536116714
-0.2600009508317648
-0.18586056667389517
-0.35761328718555646
-0.27579446975083743
-0.49917166843816096
-0.47441734891637255
-0.4906843117039813
-0.41623661311338567
-0.6110680316960472
-0.6103688010478479
-0.8054739687829429
-0.7709862372999745
-0.7421068349285121
-0.7540686143922064
-0.7697116218528864
-0.5950793411773324
-0.5903025494277692
-0.5923027754709838
-0.4815603854636918
-0.5551885364093649
-0.5486377175383396
-0.7185509441715694
-0.6662729858948541
-0.4727893498416327
-0.23596680212133236
-0.13387954955661846
-0.1456396049374379
0.02470776250374837
-0.003326571971307174
0.1158032925839012
0.15680458236056805
0.19454416236864264
0.08826115575447152
0.1991281509195098
0.2776820419145441
0.2609133796483097
0.13907089371031578
0.2872413565513181
0.3800579986531625
0.33830289662646607
0.43167323656722056
0.5695024825799542
0.6062913819745591
0.7510306490422667
0.7068368957478318
0.8767610405515875
1.0337369657822006
1.041268348597457
1.1247739800188439
1.1974431821809621
1.0773657092145528
0.8673089794522082
0.7462717621263099
0.6277942706513592
0.6974517458863607
0.6276371954397248
0.6029802117960583
0.5247249847381185
0.5112905956981464
0.3229941404869099
0.27445419627518475
0.16184288307183248
-0.037247025522318
-0.21204233209314252
-0.3843798865103571
-0.35952999182221235
-0.4715140519518916
-0.5430288911084638
-0.5872942013723191
-0.5829916338816877
-0.5848714262330355
-0.766344441673198
-0.6699711241329442
-0.6209292879388615
-0.536900259508128
-0.5274388418747771
-0.5410548344250741
-0.5818146280011154
-0.5877876594644115
-0.688301204558302
-0.5937110011560768
-0.6275227219444373
-0.6567169637029545
-0.7284282257631466
-0.7090559492339273
-0.6007109903266611
-0.6298798831370581
-0.589854118167338
-0.39748469127531777
-0.4080834630659571
-0.3078570962782371
-0.23439104184221005
-0.13808233142671197
-0.10455890046236406
-0.02979403865503817
0.017376834825124195
-0.012719679743628393
-0.10054705240045264
0.052624601578560436
0.060093739471582086
0.3565577449726778
0.359939978062914
0.41640927671806066
0.3567447378560908
0.4453868871172287
0.5100589868320501
0.5640221481482394
0.6954183651337756
0.7696028714187105
0.6794489923416269
0.4771598966959212
0.3831931346256145
0.4484684346035473
0.6073259351643159
0.4978671247795045
0.372899605783526
0.23926934785353943
0.23674858395358256
0.21348976213432003
0.25021893620519137
0.11838140504748981
-0.17323616848889334
-0.2928502454162134
-0.4116484349995557
-0.3710666008894341
-0.25554053824441936
-0.3130523622994593
-0.306827529837343
-0.16411212140802056
-0.2956256071499167
-0.2910103029450552
-0.2629710533743548
-0.2440183564528455
-0.23071642647316482
-0.3411404510763528
-0.44375399918267844
-0.44573253586100414
-0.2967423701509465
-0.3427258743401563
-0.4572139768865647
-0.6531525872540094
-0.8128027585821759
-0.6876158239602186
-0.6255152398672371
-0.5681268948850151
-0.36292518430283516
-0.3202345114431452
-0.33606438014968804
-0.346549164663001
-0.40371604560343244
-0.37187451025479445
-0.2759542803956774
-0.15211141021521501
-0.06850815639815983
-0.025258624474886186
0.09566374439410173
0.15500672322861808
0.1532074979226371
0.3868871848469744
0.5582448698645033
0.6700418570550732
0.7766254422766729
0.7659477700167278
0.8365992576155765
0.9241857102723702
1.0088913505651131
1.0130656970368142
1.0853093939514216
0.9590948392043334
0.9299304061156243
0.8695440480972599
0.8131487724672924
0.8359996670117414
0.81739006401622
0.8900344812934413
0.9600416138181956
0.904811185520755
0.6756803537800943
0.5562307411870414
0.5399467246400959
0.2322561260619388
0.15317891306434245
-0.028935890587808405
0.062273307063111814
0.040208844708003524
-0.04596305459219382
-0.02015104282988278
0.008200993757286695
-0.18795482420379334
-0.2598772185590986
-0.303382875323598
-0.24679437537113574
-0.29688697391375213
-0.38083496789031956
-0.34970971020797387
-0.5806113203123575
-0.6163518594680201
-0.6805553756831128
-0.7544768367421018
-0.7062223662220025
-0.8290813570048131
-0.6754069431253904
-0.708805141296205
-0.8847646391053283
-0.9052428516538581
-0.824045287504848
-0.6904475000035235
-0.7110615760777972
-0.6307278806432076
-0.5862697139723597
-0.6842271869391771
-0.8254067814206141
-0.7015383973551313
-0.607784864707795
-0.28278033051241325
-0.1950498419965247
-0.20794953154683887
-0.2642792628528795
-0.16441874594884534
-0.07263366987497787
0.03288058014750042
0.15559654177736057
0.3341919919933665
0.4768929521159398
0.44045279416351396
0.7094601435669371
0.7532905986772124
0.8458983484305738
0.7139540539398445
0.5908458401301343
0.576552251472551
0.5063584929438095
0.5080016897965146
0.3930003438026627
0.6835345376636566
0.7117156380663163
0.5674404416256031
0.6664564098554826
0.7195934753072865
0.6028438224479948
0.639754421472681
0.44888940900133806
0.5430087028799071
0.41297647043699337
0.3170870201025131
0.4863387273034273
0.44862350512572224
0.35612684236836534
0.19852297077974818
0.24626770838473605
-0.059140079732952267
-0.1503904941366631
-0.15735101317752007
-0.21086445521280783
-0.330430604407506
-0.4169171409055502
-0.5909454769631225
-0.7095741155734829
-0.6932656896350016
-0.6916699243106881
-0.6883313066568699
-0.7080155611992954
-0.7891868885590057
-0.8215781754853857
-0.8443849844602076
-0.7830310135177584
-0.6893695394988139
-0.5773241068518121
-0.5978212197447395
-0.508429346832598
-0.6029236351142223
-0.7450275654938291
-0.6077497009643176
-0.4140242803251355
-0.44263237688316515
-0.3495850762454773
-0.26429515672995363
-0.20931891955373674
-0.30468731243398106
-0.3165018168244005
-0.3529061626022628
-0.3179042657662967
-0.3315176281193992
-0.33047647986144646
-0.25349879393868097
-0.041632329922020636
0.14975880779416811
0.2421898727513896
0.13985044748728587
0.11562795784194353
0.3190518892994766
0.4135640128855721
0.5615903156788202
0.635604394872961
0.8132731061081953
0.8645842742764941
0.7174202313921024
0.7535551549641382
0.4800427501324685
0.5357096853258201
0.48728231636446706
0.42757213452427445
0.35578019679538425
0.37523253404679185
0.4374727227847201
0.4398156522878202
0.49407999783123185
0.28518933612787534
0.18923027990554053
0.3686681814993516
0.3845353893993578
0.22585486170951824
0.2773750015863503
0.20530745965885056
0.16503647575851552
0.14760229021457844
0.18848629696117444
0.11327359972324123
-0.023265911564460437
-0.2095838235710267
-0.24718473848785422
-0.2963767704145931
-0.3684933331802199
-0.3641608452779075
-0.4078245100757882
-0.39968311724756495
-0.41253007854876406
-0.4563373408949591
-0.5942272488298692
-0.7161161016458435
-0.7151797535731542
-0.49024741595254256
-0.5433628642276893
-0.5681796418277256
-0.5926647606611858
-0.5677966987108518
-0.653167129636867
-0.4237019906575764
-0.20152149795650595
-0.03478973411568259
0.1742825457270806
0.1481185472513318
0.0931373524571606
0.24717302935491642
0.3710027368756393
0.40544137250990825
0.23489599438250613
0.4047590334505161
0.4379079467086842
0.5234947066354567
0.4588866934846938
0.5219551372327662
0.556911432216574
0.47239105880936333
0.3559768220812921
0.37320957290470524
0.3587102622604762
0.4033462333707471
0.4220175266067888
0.4704867646346721
0.5751097251939654
0.7377442424397486
0.706266863782763
0.7687496172700202
0.49338106577014507
0.6249340058536941
0.5039574691606723
0.18163498550831686
0.3269554105025846
0.22952631746330743
0.10451082695590025
0.03269304397230108
-0.0290084864020538
-0.0759412565032353
-0.1211494132985287
-0.09500193847976825
-0.14891021334333515
-0.2970650230738509
-0.3595947425453726
-0.4151372543941229
-0.35228311207070806
-0.4733164004825385
-0.45943369526613326
-0.6548310766872243
-0.6251291314179027
-0.6682089532782404
-0.6587781817714915
-0.707573661089862
-0.7656696814594767
-0.7246535455362524
-0.9025258208745236
-0.7670595939616477
-0.7331269809071852
-0.8394951880158859
-0.8162702141074354
-0.7672108891559328
-0.6882298764988586
-0.5664182803148429
-0.4597825809336469
-0.3094299271550517
-0.24689870195912345
-0.45596071340104494
-0.2591229515986479
-0.13080741357556905
-0.06372627960059957
-0.06450993898496143
0.03711004010008142
0.14457996351054378
0.24101217907945807
0.09845279045999114
0.3166120866374587
0.25752598958721057
0.3516978169861709
0.345968224583736
0.35925076632086667
0.46082726392790063
0.4649833174687876
0.36104819105734554
0.3114527194341368
0.47502550881622063
0.5813211502218528
0.5349912323453381
0.4252155280706982
0.225865820182677
-0.028952332691495664
0.030806550567415728
0.08105401342371477
0.1800438767944289
0.3759530303510673
0.5477722716189738
0.398955238045209
0.33314450192957057
0.4439258190669283
0.4377397062865021
0.39844081016099314
0.4080693672077954
0.4141390548287825
0.28131131910885915
0.21489935492424098
0.10436782804769278
-0.12022284540501134
-0.32144562640149943
-0.4876057340060407
-0.4169480440347778
-0.5094287859187187
-0.5410932141983106
-0.7323852583930612
-0.6410219544915474
-0.4330372349757837
-0.5687589452163441
-0.5268307871942299
-0.4057187119576008
-0.5398186432047352
-0.5688286505364158
-0.531408581449176
-0.521842867473455
-0.4251619478443554
-0.3505321067508927
-0.26032872431986426
-0.25601713435910106
-0.28434271773570535
-0.09558050641561397
-0.07383394170786794
0.0563158973746217
0.07571842605491054
0.10950076725526564
0.18153433416426917
0.29395967624030117
0.39906881514338943
0.47647232449263727
0.27649527232848425
0.2899819839844952
0.3393789878230824
0.4010650944309093
0.40566512887956635
0.41578924195350414
0.48440493382109545
0.7564283418153825
0.6043621862595042
0.674227239965194
0.6624942722242535
0.7473106857760314
0.7340546501149628
0.7460628560429442
0.6588276162912197
0.5445854022805025
0.6223770147743896
0.5681369271258612
0.6354911478623163
0.48572160722321633
0.473310816572944
0.5328991703583197
0.46043424191428206
0.30620341504831605
0.23196782339039385
0.2120346206956381
0.13395758076025077
0.020736518784238073
0.10974287053763107
-0.029339684690225257
-0.22009338514133453
-0.269161406232976
-0.27773993958559895
-0.18970906599290863
-0.31071997769293375
-0.4711147280918618
-0.48223566587793054
-0.576828426831345
-0.44071989727007754
-0.3400809881980598
-0.38587116328030885
-0.38722253390834427
-0.6207230823428078
-0.5952859753283486
-0.5249639851639907
-0.7154382953758731
-0.7704054154639948
-0.9011730222048056
-0.9391080945611404
-0.9827345726386104
-0.7997972045521927
-0.8281777536862109
-0.8741351759448175
-0.649891762808653
-0.4825054274871182
-0.3622246828646033
-0.4842123661490925
-0.4691259115393189
-0.31785196559696927
-0.27307161520452977
-0.23183402949786158
-0.04260220890915409
-0.048550040658214215
0.10643692844522928
0.08517140218068159
0.1803921718025845
0.20866191174915108
0.18238306617750188
0.1576863775932203
0.2069405254704919
0.4741233702887343
0.4539360390664477
0.5739416928960325
0.7414656855691475
0.8496140634936203
0.9439456952127403
0.9063209474992296
0.9386062560705001
0.9453234760353563
0.8140777195826163
0.8373513165645272
0.7966921579949727
0.5929235010659166
0.4486977337763582
0.4901518227059269
0.4745587443476975
0.4050109396456459
0.5725647115544573
0.686719103550178
0.712748183402993
0.5505805657354493
0.33179299118212174
0.28532253148246933
0.12609124649923042
0.005811403421594634
-0.13197343302230852
-0.11397346929217585
-0.26763294060997794
-0.5484277597871671
-0.51855342961461
-0.674188082164761
-0.7396067664841943
-0.5400559730291256
-0.5628172740801798
-0.5805411083953491
-0.6323213540595292
-0.6441229318234226
-0.5967850689217218
-0.5696700985350743
-0.6698437038912141
-0.6618792770723998
-0.5795247573179021
-0.5469719775946036
-0.542205562185949
-0.49787930505750766
-0.5321306687164635
-0.3927371909130197
-0.43044660758617237
-0.3524414818603871
-0.1843322942953991
-0.2778151117027451
-0.3075969479773734
-0.35778134926048366
-0.1610988517810695
-0.02110352283055346
0.046625920257051465
0.006023210299144932
0.08985025781580107
0.21012975922698887
0.18532418653460295
0.29733493409912937
0.4963390377730583
0.6794724153117588
0.739583706415321
0.8545362295254738
0.8116685253707226
0.7173353010273186
0.6357020734697949
0.7737935267031666
0.7730641557495198
1.0776414062002169
1.015615082629703
0.8315410270491772
0.8534333000805021
0.9540707119964864
0.779678334773456
0.9431878362070919
0.8226193136875166
0.7241082230715202
0.6947798707782766
0.5614036475498424
0.6684503475615862
0.5651780675071689
0.4173332885090032
0.4649866432655206
0.30186736380499046
0.26299167320378003
0.2670792450504891
0.17410112067755518
0.17772242793578935
0.10556337749882727
0.1335622951397212
0.1080334996503058
0.13242923727620098
-0.26901642723278213
-0.21440375790526545
-0.2525243154147445
-0.2127921383281004
-0.13739601524173325
-0.22237604897062277
-0.268202173709388
-0.17091622864281453
-0.332791481337108
-0.408458495526966
-0.5447901586126711
-0.4561382410635066
-0.4375511818437417
-0.45440218326410703
-0.5806049975461862
-0.40547314216068486
-0.36178698394512754
-0.28265081288703164
-0.34639463891011124
-0.4413712874305197
-0.4004531688111111
-0.4813135408891934
-0.24718487476612752
-0.3244034919000933
-0.3221394982538514
-0.32833810780229494
-0.31355207341053093
-0.042972430572761317
0.1310548311616656
0.07013119055470751
0.16183021244620488
0.07270839538752241
0.1900784376947832
0.059311093733707854
0.25139041893659075
0.15293074228114267
0.3350278770989142
0.515741829900588
0.5797964528238677
0.7035549309323152
0.764115912911113
0.74710263367932
0.7915162566670351
0.6516776193139813
0.6256934360173029
0.7659187536065862
0.5842212234875219
0.5453119352622101
0.5442980332304487
0.41276374330827437
0.33971433243082194
0.21582175426817357
0.24404166398235758
0.4024959812071139
0.3042648960617524
0.14144734406192921
-0.0766733084769865
-0.1965728036991916
-0.08138539450874782
-0.1323632067289282
-0.10315879454716691
-0.16320197817037244
-0.0857109768187489
-0.21302885206616085
-0.3548250712329804
-0.26720431316160853
-0.26534672788737523
-0.488029525349045
-0.4962707464832024
-0.5161245136565588
-0.4634178610124752
-0.5664949011432159
-0.5743532027771324
-0.581514479357669
-0.6821533209580136
-0.5389671287065413
-0.3912922217670415
-0.37657082274941434
-0.33171016662468894
-0.35208598620586734
-0.20426541600395295
-0.25455865428641755
-0.17355001456360364
-0.22829994368680073
-0.3989564985673834
-0.3497150470187715
-0.3977987760482645
-0.390814899706932
-0.43247653012171317
-0.3489270845669159
-0.2485043623999167
-0.12412694533194894
0.006487926558177967
0.10997830698609733
0.2649308776649048
0.4701162822847007
0.4564820553693886
0.4511414047558332
0.6623177896220556
0.5634524654047228
0.7475939980530859
0.384086111180349
0.37992881951417334
0.40224346902583025
0.37002414606944956
0.26181701291065246
0.1746355452511334
0.19100299150184602
0.25413806918732346
0.20837530823791073
0.22465770196546248
0.23513430798969032
0.324789626512343
0.24854452715509548
0.23479455809624386
0.1281273423833765
0.1691994078286396
-0.019219211157131266
-0.07591478972615745
0.06541741128148934
0.02003838432400559
-0.16218893648014382
-0.21128285439535296
-0.18161269961824822
-0.2818454384968597
-0.23046340486865466
-0.500765843579614
-0.5582128736381367
-0.5838443894523722
-0.5550273991378027
-0.6966346837937027
-0.6786312800273818
-0.7430115531694172
-0.9181856576036768
-1.0283031095576418
-1.0410940662472092
-0.9840290248621438
-0.9099453761078914
-0.7314979976214323
-0.6768831451952986
-0.6606845662426382
-0.7501479894746176
-0.737402672651967
-0.6605132284497205
-0.607034633782951
-0.4588879981025348
-0.3167615023034976
-0.25194846876724336
-0.17104754563266186
-0.17852509700158475
-0.13853760801367695
-0.15915850287022468
-0.0733773049018623
0.12174045916564319
0.3385886962396337
0.3087995524868809
0.43080780237481453
0.5449871596591302
0.43987470008121454
0.6850924083998694
0.7091469251138746
0.6096507711485238
0.6524147736953628
