0.0
-0.5863176341977663
-1.7723541648506589
-0.29733304378226144
0.10992638294243667
-1.0056522992506052
-1.630606127712939
-1.4409040871565586
-1.0861121613686564
-0.7030626908077848
-0.5789698514082069
-2.735271267243215
-2.739317310997471
-1.5361935168188787
-2.1703808303270278
-1.4508727635528305
-4.127008767740408
-2.616369108850634
-3.465852474806117
-2.5464335456968437
-1.7769532009834204
-1.9137994691193967
-0.8011793423181153
-0.7001507165951849
-2.7664884262408647
-2.8716803734844922
-1.8190409959225473
-1.1632035295909704
-1.147460510344539
-1.6729239450802318
-2.133121095840708
-0.310352393673444
-0.33781296380676495
2.1834052711013907
1.4784598806077351
0.9923687887784836
0.9406739917696076
0.8234154554175371
1.8990175712118886
3.739693601146234
2.9920042039638686
1.2428368270444439
0.8948233429462767
0.38778733891245093
0.8276827771355628
-0.8533896702596413
-0.2991303782211237
0.11233066794920737
-0.9136169212852866
0.8054027730874269
0.22511921595608164
2.370691678036379
3.658860883316645
3.061958872346067
2.5455233586370296
1.2134208336461176
1.62175918848816
2.2174563206193723
1.6153323725174675
0.38873910369482245
-0.6664802844064692
-0.03816999184118497
1.7724962451160395
1.0738735533010224
0.08521392162722097
-0.06842956082060256
-0.09073749528568568
-1.7288938556439464
-2.8120631576704986
-3.6550421520638037
-1.8693630942476696
-0.20878547457919416
-0.8912396111691216
-1.6413844909230255
-1.201783311847917
-0.3580325832073816
0.03941164722215296
-0.2912701802981254
-0.2440595811156385
-0.6772237135910046
-0.09260911685177842
1.3178281355215218
3.127263012404928
1.7532619369242455
0.8907596294971107
1.1803336214311502
1.2490721711635013
1.2750601963980404
0.6170821954136748
0.5171968626449255
-0.6768662006292268
-1.3763945924409535
-1.3215690951996228
-1.6014929883395173
-2.7791186460878716
-1.4104649368124975
-1.2958238803985613
-1.9885771370004597
-1.762716650099935
-0.8815875981794669
-0.33045159760840065
-0.8909551966494771
0.2354051944141976
-1.1318287609241677
-0.3675563116897922
-1.511898731535468
-2.2622619242837105
-2.081548841524686
-1.443120136279744
-1.6530111854206595
-2.570833404408654
-2.3015251620922794
-2.57934290867715
-3.894025167570332
-2.4152047502004925
-3.0161753471690465
-2.502437717957676
-2.0798717557165083
-0.7026222758392231
0.24800638070255243
0.589528198599537
1.3403377547071837
0.11492706554316356
-0.17810301192666772
-0.6857959815291901
-1.3837000498732646
-1.2972362084374398
0.2549033121849291
1.9221767469652342
1.4571131490610618
1.311754252630895
1.5710413035573425
0.7220263908914312
0.09835714059046063
0.49415515246903985
2.565802216671917
1.962290087911733
2.771560427801572
0.5454585783098738
-0.8571170418175454
0.7922555580753169
0.9965225232895311
0.8895798005762152
1.3969414649486236
0.2665112134394183
0.5349189771552592
1.6038758629316803
0.995309860695273
0.1852881297714457
1.1061634534230245
1.3127109451527015
0.6399524674807152
0.9450956401992647
1.8161706954518508
1.7013669612517575
2.008101318516048
1.9673618021499244
2.6796528426194968
2.9774062622822193
0.8498113613122953
0.5205148496827704
0.3930062558667173
1.8025942831330215
2.994871971607925
1.880786877635126
1.4612115343077354
1.361578022053995
1.5121288314406944
1.229892295016071
-0.18695331929133618
2.263219837544061
1.5088880301885907
1.35040812936416
4.903969730066052
5.203868225378766
5.048081851176048
4.17750568826737
1.9041166821243891
1.845396898887606
2.1930558547663095
2.2713012592431174
0.7671790643262699
2.105666978041336
2.684830520664971
3.336025013783801
3.7468877817065285
2.550367598700609
5.014221795147525
4.411832711228152
4.35233308992796
2.141093270096773
1.117389723261764
0.6275684169990929
1.0308307105927135
1.4261480763791088
1.2297286471502913
0.8725666529080904
-0.14315609363821624
-1.5357314794060974
-1.2766704651609855
-1.3523415811256232
0.07454133991657441
1.0066582102023602
0.24889110000142955
0.057132564844286776
1.2305331910588007
1.1517377251402439
1.293894159758259
0.9306546870257535
0.5860388234728002
0.5004442179612334
-0.14882481649825896
0.6490357568339706
1.0502253433003024
0.25823297027994974
0.35449342001207684
-1.1825764407163937
-0.005526356830098056
-0.9835123333371432
-1.9881887421685882
-3.036648513287818
-0.9403027619616631
-2.1653844582779476
-1.7551596999589454
-2.1797613767963115
-1.5876600714667548
-1.242395718899945
-0.8272045124604783
-0.649969063077591
-1.3767907831605042
-2.446003995637513
0.112260106771787
1.5438473113499813
-1.1006765815798925
-0.5677239123141332
0.46691425982253654
0.6343025123207232
0.8053883619395531
0.3618741507184684
0.4166270775388972
-0.24173949394013705
0.10278281664234296
-0.7357650991809982
-1.993603337869748
-1.019630181760729
-1.041309648329928
-0.10800858414929781
0.04754502948657523
-2.79798032114026
-2.4794070108964443
-4.791325113757004
-4.6770994686756255
-4.408104507229218
-4.380583739829483
-3.172666430177683
-2.475135300774215
-0.5569573377910171
-0.8086230819734699
-2.2262074498111786
-0.4537662827959137
-2.1972037784213208
-2.230168244673786
-3.64403453344105
-3.3226399710498717
-3.1987351032506126
-2.2695843861153766
-1.0009367235034285
-0.06820383213949366
0.23032322310913567
-0.9850355920472376
-2.5252728598170098
-4.210107714814001
-5.273181080992143
-5.771330026889187
-6.4281143580267
-5.443732552781352
-4.731757138111835
-6.074245918258184
-3.677078460985287
-4.11250641668067
-5.088624429543376
-5.43961928061865
-4.749239112786594
-3.3900406180918976
-3.550577918355951
-3.5960857086019953
-3.580854853092984
-2.8522731311447753
-3.7549571534727777
-3.7919060822285253
-3.609336903351724
-2.7712277087011294
-2.5081035722124554
-3.8236788272510402
-4.283793104579489
-3.9337044017482263
-2.605622819224009
-1.904399610503801
-1.8480091860936112
-1.466254033238744
0.5150654595457136
0.05941170442575988
0.9765861501185927
1.9078087480178345
1.1904421186067178
2.2961805475852373
2.374555467056345
1.9079676286479665
0.2153922200895042
1.065311357961649
2.672885284273783
2.7527741743327256
1.0545946659245353
-0.012762132042528407
-0.6884480265745959
0.7952389541651734
0.7327890300508156
-0.08172161975232839
0.840730175103396
2.065965152652482
0.4501959238018227
1.0580784693940273
1.2523862127305077
1.3838100993314582
1.6918085353889194
1.8042421092378187
1.622211685170609
2.113192906977419
1.665632725349568
2.037608503029517
1.8849466118816414
1.063445516012798
0.7145442388531397
1.4356371514341255
1.63071198911823
0.9421597586288889
2.7659145485329377
1.8327389611869316
1.9010265229973802
0.3580335167546995
-1.6407953041096939
-1.0155294117359408
0.18549936558589009
1.7115709077578238
1.3939717033481684
0.5675345065302062
1.1252506694129312
1.5499793642573705
0.719639023875414
1.9939196462197661
3.0897029989417883
4.160024510706795
4.043648457728951
5.038791938784905
4.4809039322122945
5.60827893313214
4.574258886398869
5.911158997227211
3.919555521479766
3.758497995741421
2.334077454823966
2.2325005225253873
1.51213385132526
1.6236669294873574
2.3383408847918963
1.036985389673188
1.189974590721447
2.9006879135403167
3.28252207320231
2.4314268711296765
1.4033285794121924
1.5362205827919737
1.3445270132939926
1.3994388623999132
0.6815177536592075
0.4981145677329688
1.1174417012015214
1.5000924434732439
1.9995276122366625
2.799193319536103
3.6977833698621705
4.093367631464751
4.803792176348812
3.881134348962361
3.485939889803864
3.2584978480020084
2.9165128846345247
2.3463476825303173
2.226262942411353
1.7740470430628104
3.363782920599788
3.7689007774879597
2.3509361845049925
2.8310202354215415
2.002976027627577
1.352679824922565
-0.14612670880314105
0.5939262393067299
2.351634857011274
3.6323240240875783
2.5525110587124953
2.7285830028777913
1.2974640020203645
2.0093631569686323
2.5013998241837734
1.1194039489082437
-0.6093922261342
-0.9674245788080016
0.4150559136062294
-0.8220478559891051
0.659904901898958
-0.593545832094257
0.39976976765721584
1.2232168658687037
1.11215658902797
0.3626697430215746
0.31371920480633214
1.5367783233855412
2.2262605838095726
2.0703924104053755
0.7165043243348685
1.8404583053577355
0.5221949497386809
1.2769564749396967
1.0020125048019084
3.2583057389185828
4.167119195425029
5.095783905154269
3.9765049240203187
3.1256819241657703
1.7156786587024562
2.25596816414936
0.47900878916267553
1.9987123325340015
1.2219725671813881
0.7731293804698869
0.6106810955749478
1.431312310940541
1.6864259646853985
3.0454512635809814
3.397388431501901
4.086859034675287
5.184564737081745
3.6880786339266667
2.3937190451146235
3.0461756799964017
4.546804047862793
3.2390239947443606
2.2926841834858784
2.835848054271151
1.780075909191448
2.9820916797343395
1.726111029841563
1.110924767571429
0.7554087009707001
0.16183342595282646
-0.6752564746356144
-1.3668627652920218
-1.8170594793523795
-0.800130265197285
-1.3150983494484831
-0.26930548209399785
-2.6564963922040077
-0.07250205659874709
0.4300791529358384
1.545131171248751
1.8453210851000073
1.3668570002869014
1.6115562297805373
1.6496137751746136
1.2893337500078244
1.860176012636989
1.5796656606718458
2.242123172813589
1.9381253216492098
0.4757023403792544
1.3593023515446157
2.3859409299410244
2.9954093936738886
3.2683032254547384
2.580086463689045
2.457861440036956
2.14152400154124
0.6776670007579815
-0.9032321500475498
-0.8060657066452757
-0.252646604288579
0.8230679734823881
0.9130175759816083
1.8087717535777448
2.8739280631971713
1.6105416782421216
1.9678964143947681
1.7582679826428569
1.3455234713408726
2.747039604822972
2.632096539157587
2.666313996718794
3.2200000714437174
3.2796185744867374
1.944404700831247
3.3824507370958345
4.861238856667647
3.208352748232858
0.2850160140105955
-1.1457199842454782
0.35746985534759923
2.798437055478645
0.6950952933062371
0.8926372942885856
0.15087115899376746
-0.41138643398248376
1.3561270595024195
0.24120067700558256
0.044138209713497856
-0.7204073512534231
-0.8334775540993591
-0.8907088245568902
0.2131212877901585
0.3207498852043054
0.9845785564424842
0.38959003398870407
0.7842246227337673
3.153932081801615
2.537872787769891
4.24423267066724
4.286314794696509
4.487240829282867
3.69394346033608
3.554638227905865
4.414435476185511
3.1082474055693687
2.5540518429709342
2.265152031159621
3.3733775878311443
4.3280335983310785
3.5177888159804604
4.041834117538513
4.81696631639619
5.733534560145397
4.343072676061444
5.271765585172946
3.7507433370791388
4.297656867905028
1.7319398644679005
1.5330025142155554
0.1285098524516397
-1.2428915340511628
-0.967981001875719
-1.6858891655357848
-1.9762196561346208
