1.0
0.8358537533135254
0.7855889217324892
0.7105770924611279
0.6294303168735141
0.658117772772406
0.5697705160002939
0.618889518152946
0.6133052215405314
0.5277649706951691
0.4771409142790809
0.4379012103599566
0.38041562702044607
0.38440268787761056
0.33322097713870175
0.3378303590211101
0.352203229324228
0.3158524626510297
0.21095069687657486
0.2596432918918734
0.22587700753374942
0.16642404277754735
0.12978499996796383
0.12905081915278563
0.0614274186199171
-0.0012128991286344398
0.03431726283725815
0.060964132565556724
0.10812859166557101
0.06640748112319969
0.04361469142181471
0.08952882768146933
0.07675491420779358
0.09160975127676421
0.1124572200686533
0.1789788482721164
0.20542374941132915
0.28529503220577307
0.21313949687307301
0.1784431754517181
0.11644357630931611
0.05286016403543424
0.1104865125723021
0.11204349581448224
0.10823267658771484
0.11608157150415362
0.09173720599443172
0.09184666418009685
0.05361277611379964
0.008486721188204038
-0.04188653513602355
-0.11530728477959663
-0.12004308266331003
-0.007236848150288591
-0.06108201234077204
-0.09433535225748277
-0.03594622791088496
0.0042361595842629884
0.007342377672306215
-0.012562814575980238
0.03358218777609178
0.09517359906008549
0.15681955025572697
0.2602291045751912
0.25350819221673176
0.20150315512275255
0.2244499598203789
0.1794788526801831
0.0803835704873202
0.08861510604291042
0.14298217485299947
0.1579576038680221
0.1922351095721539
0.09883368302966772
0.04203914707322752
0.08190224344977726
0.09956879551558992
0.0920055184158732
0.028464429261953056
-0.040571821637204346
-0.05897714935645851
-0.04580765351533963
-0.07391762881425944
-0.15058007219650124
-0.21177585266372745
-0.10770893419905743
-0.036716919061894636
-0.00310553886243925
-0.0036514109203442772
0.031314621025739425
0.11241375674043402
0.09287727060646596
0.07463006567549392
0.1991010065627533
0.2095089864643362
0.2028542215137973
0.21362416384939337
0.259020164421898
0.17526627926683921
0.15444853696785588
0.16262436107235573
0.12093413782936135
0.13527069847051496
0.20185058913458348
0.18542414817266398
0.23083434713415996
0.27136736114945026
0.24217505307276477
0.17482573168792948
0.1975694359663302
0.2339446560670348
0.21496152159378418
0.22339186206814393
0.16349624697026235
0.09846554707912719
0.03294316875101143
-0.015125038469583837
0.05134420629538828
0.06657877756896755
0.07687720944045091
0.09950030180182719
0.029108814992794052
0.02284269742621676
0.094391810638878
0.07778131037787402
0.020592612216758836
0.12307186206390712
0.07223153761151585
0.051401042133791916
-0.0018997117243719844
-0.0049107264829283456
0.027158572020158922
0.045555502578600256
0.057480178016855614
0.05465199353091439
0.14460842600711113
0.27771813330433126
0.25195039799993796
0.20240191675268576
0.13283562738428706
0.004867840832260703
0.04038433503051194
0.15192383818282287
0.08723817914990506
0.035497263115325424
0.10866809280300059
0.22559441721722348
0.18890158730422685
0.09393341713829774
0.10107366213896293
-0.03406827037917233
-0.029331688700068057
-0.08948051228612505
-0.014042700827231275
-0.02943807981919326
0.03548301190426016
0.0012103595165326372
0.04955349510207753
0.049604896723133056
0.04939115073021446
0.020672608950732214
0.07207365034043706
0.041532762754377325
0.01658943993243753
-0.03853831040650412
0.02739032051700835
0.02281750049418691
0.038602245909718946
-0.04212883974505693
0.02577708775747852
0.01478168786598659
0.00731231859068782
-0.05055887900189294
-0.004439910324180285
-0.03941330243070949
0.027437889112442305
0.010592481045629383
0.03380316581945299
-0.029520811879097088
-0.016098169275483225
-0.0426172757756163
-0.0516820853755591
0.0036825894917374077
0.021245865143376938
0.05887848269456499
0.09481424206587624
0.15483142062918198
0.29221539905395844
0.32511747896355625
0.4002279444237841
0.3784947250804019
0.4364441077031816
0.3503525736277237
0.27490566784197007
0.2655042171327875
0.2064799843088779
0.1835478490539044
0.17598368558383
0.1641038296030651
0.18246299124908305
0.22562800062617064
0.1898519727782366
0.19018611389310194
0.18103326011519077
0.11507944954324041
0.09428349867583226
0.061144504740845554
0.15452947366588257
0.2453766582245568
0.21557550740155645
0.23115674612001297
0.24590077178362685
0.2020521352863458
0.10581290997349493
0.1206840027535317
0.11166496705426818
0.015090417916383145
0.039828907344404786
-0.05097736232953912
-0.09672242144763722
-0.05821064253714307
0.011070235837700684
0.06494343267951057
0.08393299663473575
0.08596544718170886
0.033943840959035146
-0.081763323626594
-0.062299318112570924
-0.04492874590499995
-0.09242175939329292
-0.1971050558926229
-0.05873056576353648
-0.009123391273501834
-0.019367857265573777
-0.07700151293178654
-0.02394550330060552
0.07142951092371155
0.09316964361200336
0.034841253990861076
0.1855237934397383
0.22553495126149092
0.2619591467813698
0.33134248676037864
0.23520890286063412
0.27020283602966155
0.26104884766328845
0.2724963745411525
0.2334059890506185
0.2514967861034201
0.2610277569849717
0.17459215821692478
