0.0
-1.0809989915526839
-2.3324714727137605
-1.3776247666407113
-2.9223902458953135
-3.322561584617372
-2.821890624456472
-3.3740218912269233
-3.583497302293323
-3.605260587178468
-0.7554794886014355
-0.9166731794196477
0.3241001976866891
-0.6027079467404753
0.794416568352455
-0.9161485735096004
-2.291434809480178
-2.5487486705878233
-2.758823780625124
-1.9652673573903998
-1.4093957029480806
-0.12494358550114426
0.7018229317130812
0.2118523275162843
1.982127369121654
2.406626539307587
1.7343686545122365
2.2958425162399463
0.15411938491139354
0.6627656877598918
2.1930538151792747
2.8205955439927024
2.0773404027623297
1.6466248808204862
1.2159904315438905
0.12300267971206758
0.12601834104739496
-1.3734468278277026
-0.31982972942004073
-1.244223170804002
-1.5229507936098512
-1.3279195083144204
-1.1830426206819264
1.0751578822131456
-0.5779839187363935
-0.41343429804202225
-1.0784263873672455
0.3825135037724817
1.6603084847280012
1.4715956189135686
0.8533992009845154
1.6254994447525224
0.9646129183647055
1.7293150564065574
1.922405990523014
3.463794567360897
3.2501996944403206
0.9473924406125105
1.3199017517405602
2.323538038914582
0.9605886081068662
0.8376269381820192
0.35506028027605224
0.7890706598746915
1.3506753983162003
0.7212435827366676
1.370000606149861
2.681869871783232
3.2247065931454637
3.7047219495088997
2.8605269592365588
4.8781539204017985
5.43731010338158
4.82406196201806
3.1698222121047657
3.817661377333737
3.4915987045577728
2.2135551528511845
1.418424302533305
2.6657175261005737
2.82596160713984
1.4750416876161423
0.8626239436245398
-0.07233352198377896
2.309495314949896
1.5154478476696007
1.2511837636512677
1.4722228048091281
2.5646692217957945
2.910298524521714
2.951865008965193
2.3994780343156448
3.863317085762758
2.207994916403247
1.8830016306593993
2.351120666392298
1.590461368938484
1.4996921519922692
3.3332942209115117
2.6420158526092647
3.0865109952981467
1.6672000202777058
1.3469284200550589
2.328656124268838
2.177775584985524
3.1547474802295543
3.8409143773243155
2.237275732316596
1.9684901178913046
3.7335702490403166
2.603939670101992
1.4015503338236226
2.4631376491476265
0.19075117231608507
1.4362048799973688
1.892627061534707
1.9405885004605676
1.6506569616681794
0.3816467433394686
-1.0879306672447806
0.33639206409212685
-0.20422929456380146
1.1657777351249723
1.632933381869138
0.970621444020197
0.6979161377598625
1.3919961631826943
0.3998717021106102
-0.3741037721439174
0.0771942120991701
-0.06127491938478989
-0.10569306958289489
0.5369691013309623
0.4113714224946581
0.1932321189550145
1.3960606233862767
2.0336851385776376
1.0450031930457384
1.2646298901184791
0.8505461276977693
-0.8185905993352967
-0.7793413957511849
0.42249668319937417
1.0484592135869393
0.884864345159914
1.403496890606564
0.8059577510772774
0.9565116216378465
2.3828220736737795
1.5610232960691501
1.5264789953966789
1.3731207413948372
0.055348318163931376
-0.14026649253282406
1.9296812092743436
1.8534308408083136
1.7045598508197737
0.2702671938175518
0.10714410999706311
0.8317395871489667
-2.023125394216067
-4.276880815646592
-5.645829870612512
-4.813164877999495
-3.4966057591773776
-4.660535123958195
-4.09662838631478
-3.4617823813104756
-4.095882833547957
-3.926647723425882
-2.6340726824819956
-3.7188703247064927
-3.3368263192044987
-2.079798065013323
-1.0499354338957803
-1.1639703661723941
-0.7648180709600836
-3.3214127279481924
-3.6686842403008466
-0.8920579445834385
0.38742616103700334
-1.2291739569098077
0.33587328781265424
0.3032125055010773
0.8143820885171604
0.5444049888102964
1.0743751920437263
2.662714835900182
2.593379006292661
1.2478258288170665
-0.2597381375942649
-1.782992135292013
-0.3554153896078789
0.7028784885146929
-0.3430195607094566
-1.202686644377664
-1.8886507406766424
-2.094189559815666
-2.0773376487501225
-2.9681143122731846
-2.8527634928139896
-3.30354552531957
-2.3403041735417585
-2.6572936860271335
-1.6846675810374276
-2.9053658196496963
-2.162554416426469
-2.2091788788167306
-3.2684076975375387
-2.969133325040134
-3.165861992612539
-2.084253902619255
-1.8852168107396707
-1.895129828498222
-1.557146750036422
-1.6505245443772971
-1.4905865739329385
-2.0406417876766807
-2.1168508665297248
-0.8452015498128329
-2.9468368786687096
-1.7708906374893694
-2.620736294506145
-4.248029061872016
-3.617680286659016
-2.1386788717232665
-1.8856880466638835
-1.1911358619182986
-1.5969755220058057
-1.7506656942804657
0.36981857327214174
2.023682839387708
1.421645401134399
0.25623811273983144
1.6070631924421426
0.24412293492792347
0.03992668217129622
-0.9815473639963845
-1.0277883985356988
-2.0001505914382145
-1.491097443503614
0.5286601303590055
0.8938429143479594
0.3855972583731152
0.5073342261831432
0.1794479166937491
0.7849056527060423
-0.2694794487592239
-1.6239821384405835
-0.732814524240481
-0.8063215487475651
-1.258324333909139
-0.061559425023394176
-1.102498488796341
1.0499106921631804
1.6188411563399916
2.631577500649624
2.4334575831614256
2.9394776651837105
1.6841882070601661
1.5108188435571894
1.6776433408489613
2.6018601936884664
4.066986573922443
3.868092552024278
2.160880173133434
1.8651042481948719
1.2683512504128063
0.5195725359793067
1.5497229341841883
1.7541901278027487
2.437323769483438
1.8086751834320038
3.1422792364487444
3.6509307035880108
1.971468411425117
1.7463298341516795
0.5202582393971484
-0.6814074017014764
-1.1192757688096258
-0.852702702654144
-0.24479767630632898
-1.6835776702239773
-1.053928417564065
-0.43742342882745944
-0.4319174077161669
-1.2254947418704747
-2.5595810167444815
-2.2952986600021696
-1.1599221302630824
-0.649939050755413
-0.9436693068701926
-1.945341876563643
-0.8798738191237179
0.8168018559017007
2.844125507872083
3.228997823434374
2.6356200611791984
2.46713096813071
1.7778568321405899
2.6637754312381796
3.7010611107224864
3.7735008419735876
4.272705874462122
2.907770744239722
3.074828806154857
2.986533813291857
2.4683735876046358
2.045562566234283
3.604979927881369
2.3269194841261296
2.4565964433897145
0.10840322427645166
0.4663305636482957
1.4519184785801091
1.20460103884286
1.8563113977622168
1.7108088263345407
1.1024842413017208
0.10622239134706701
-0.21166394392569784
-0.09709173434261383
-0.2553259466306954
-0.40711009671242193
1.173818663848401
-0.5221994544367643
-2.0598022019283206
-3.662669635248295
-3.695224796184415
-0.7004871156762058
-0.8316139893753765
-0.6769446146544165
-0.9688408759929364
-2.5216853803665202
-2.223949144783339
-1.6447488571095152
-0.9045681760771273
-0.397744639917005
-1.5758258553684181
0.4047656569053659
0.7677780721661341
0.34829246558708454
1.5227020887076979
1.082877069091917
1.3525834502197442
2.7210699552591917
3.724078010282425
4.152480153354505
2.7451244556128556
4.643182348584929
3.424011448341625
3.1976031786305663
2.460876679829926
1.4109563282102608
1.9953721109191291
2.851034940951287
5.3183344956768694
4.409767465644604
3.1860482659094096
0.9136735541724954
2.211324992205025
1.324368252876386
0.7397399912944904
0.34335688252117413
0.43203262872919357
1.5477379342001065
1.418236184461621
2.0533398808205705
1.5035071467258188
1.819145726232072
3.8673674148999355
2.9049011571503964
3.0445828285010674
3.5150401924376737
3.292138861159926
3.2816029774690216
3.060113313707417
3.313165489550369
1.8940794029198338
0.7062166794577842
1.8394536088131632
1.5610999634840637
2.3464553518212874
-0.959849148322939
0.3820809635276188
0.33262230486733124
0.1654290518468823
-1.2162496079014262
-2.097525018368687
-2.731467726515432
-2.409271980353172
-2.072022732894763
-2.029074192649217
-1.3955184422813125
-1.6265517160130836
-2.8410013777802137
-3.048435323681233
-2.7753103838597153
-3.318832420442406
-1.5384407989684157
-0.599397433915515
0.46387487543935224
-2.338738323010827
-2.0651002803898977
-1.3393856151465386
0.6947294259938419
1.4049858242525
2.5293539599624815
1.2314684212676204
-1.5006104663666537
-2.0185880077918776
-2.454683242859588
-0.9478172676107541
-3.9082009087018257
-4.019340108379388
-2.624157604127811
-3.2086489822121314
-2.7883136874331624
-2.445012725981735
-2.4733206703858404
-1.490468399583956
-0.45239857481271284
0.5396358274743074
-0.21147755641716826
0.1019003300185215
0.8138256449026872
1.445833542544356
2.610651924480825
1.6548892922646958
0.9438881296529127
0.43216496218108097
0.3784593445917226
-0.08511061520624974
-0.33747325139119366
0.6524074130898939
1.2707124271901216
0.4147232891287268
-0.8842356396150179
0.31933462047350514
0.5787988778198243
0.6677007763421323
-0.963737518002072
-0.46649555081631816
0.501932570727754
0.2580076572828549
-1.9903027033640912
0.5187835219981172
2.541207146872249
1.77531443474818
2.3606307828359894
2.940922580215703
4.128315996729945
3.5716694963572815
4.1449220034899845
1.881768805860418
2.1928544900819293
1.656055305256796
1.687585413939232
1.069547853427079
1.4611284789731949
1.1571202035312877
2.1350477454050587
1.2253211773092323
2.314767205196093
3.769082513618315
4.653111011356718
4.492170824496398
3.5205160686525523
1.8300726212392613
2.2488151468332873
2.2535207282542404
1.857720330110598
0.4725564475368522
-0.034255461122173314
-0.541235699029347
-0.13872481099715817
-0.1085416973457883
-0.7411629601718763
-0.4833401767597905
0.6217212695314336
1.1491627615067754
0.9113735589105225
2.303810513223717
1.438620658950434
1.859431041505875
0.5268576759345136
0.04387090568886215
-0.8734830503061612
1.0073172806448052
0.1207664959519632
-0.9040950008709263
-2.025649234978542
-1.4093939080034874
-1.8280510486199741
-2.2891379841498694
-2.540792653967848
-2.1347445189234633
-1.5595228627917879
0.16096268286069515
2.348916680522293
2.9621113087420534
2.58404818822777
0.1568230465696243
0.7930736372844346
0.02568999550813378
1.0924195101187195
0.17198831003493997
-2.5329269367683196
-1.980831474032411
-0.49816801111889397
0.7276819813651171
-0.07681426519196077
-1.6966045098112996
-1.7234179972324082
-2.5561770784465025
-3.3423311385729133
-3.960968189853224
-3.2612746379126163
-3.961156999589497
-3.9995909848344784
-1.5868497538222455
-1.7568130546364387
-0.7016830580343179
0.1447303868639117
-1.31163597782023
-0.5911681427476112
-0.25813326076095405
-1.567249241952273
-1.603853320120891
0.4772036841294476
-0.6960373045608037
-1.6253320011298222
-2.6011414927656027
-4.57717020106692
-3.1921775140961373
-4.244066748055525
-4.037483761614202
-4.022130479043123
-2.6489770639876227
-4.1040059641246325
-2.1012914068037354
-0.8228579486540097
-1.224606281835106
-0.9138867351852469
0.6579527808807746
0.5490465580204853
-0.6747517063188744
-1.5905878354407545
0.36643878102521543
-0.5338790475568462
-0.07258930933665225
