1.0
0.9071804620776373
0.8208338647559286
0.7921026373119399
0.7452850773073577
0.704095209712672
0.7120683495331641
0.7862518977545592
0.6826435858203598
0.5773648985294152
0.45993156516492195
0.4212079867037929
0.4247305037377683
0.34645637429757936
0.37308878510547794
0.3734729610139531
0.3998265482037554
0.40904015939968985
0.4526379501159914
0.3902176005851899
0.3528386166155496
0.37757806846035846
0.43094951155797734
0.3748329069364594
0.3859335945979841
0.40357269025879594
0.37876910711438805
0.37881169333280446
0.37772485309889425
0.40477402718043576
0.3785817110889698
0.40019521469543345
0.525341917788489
0.5137849036803936
0.505776768037202
0.45247575994446027
0.3509285279413444
0.3692783058317757
0.35249969954111565
0.3187969037097885
0.2939932441585204
0.3368733616415118
0.38471110637287204
0.38941325614719163
0.39012654293914023
0.2856480891230038
0.3274559320771696
0.34383247498035
0.30988830080909274
0.22037534042971907
0.3726995232149887
0.330939417142277
0.30330409352597937
0.1996000141000806
0.25733108503387225
0.3350742956398869
0.3798458229651206
0.3223248480793726
0.31206027260359476
0.2744971433234053
0.2372633873474892
0.25406864927564327
0.277239886651662
0.27872753416286855
0.30200585473824415
0.3033454987917236
0.2599136890318296
0.22730503870464355
0.22981635420807567
0.23840497019988427
0.2504228146454604
0.28139671918165515
0.2592746209125944
0.22642807233281473
0.20184824853264466
0.21269279268791141
0.20431795206935902
0.1271111962058738
0.19516782446964398
0.20445842743771445
0.1702786397642599
0.051622666308858034
0.11531220102897055
0.06046556583565071
0.15115870480786228
0.11013316908043974
0.09571101527829101
0.06546153719509795
0.07828860491617305
0.05399533856866537
-0.005766680008464767
-0.039608115515640814
0.02489818869443589
-0.035270148624938755
-0.04349464430672316
0.021225342783857674
0.03709960015143758
-0.031997169497565814
0.04696863684437469
0.1616594274122224
0.15286925809355845
0.1381476475816997
0.09413186199727713
0.07904930740269926
0.12865625385863333
0.1356639719771784
0.041362451207029555
0.11611139631075532
0.1866330772350432
0.1548937287502562
0.19440077882757167
0.17596928226468112
0.1305473365201299
0.08853687201383294
0.12391705707134917
0.06339034061350216
0.03870643602480461
0.06257422423817363
0.05407586088227144
0.06862419242619532
0.04019095139991974
0.058546107022169155
-0.045571762951328004
-0.030008570016539823
-0.020727016114620616
-0.009574208247137422
-0.026471670339791566
0.007604265356989347
0.0643669201068185
0.0422127102894589
0.08483305502120479
0.12819421078623802
0.16098281295916916
0.1443439729039281
0.15380661458516048
0.140218313397669
0.15405319061239844
0.0808796977287168
0.04075432258269812
0.061255059050547934
0.051374672487315615
0.0019073824696761443
0.09369744033188726
0.0776944870373068
0.09892875243924396
0.12897058796380353
0.07610823086471477
0.06728479283242082
0.09243765256049137
0.0494104205013427
0.11242218549592994
0.0326636986285882
0.014876682097254512
-0.06861134120979329
-0.1344914840037588
-0.09501278061092704
-0.11516540628277958
-0.121194295650651
-0.13113790319013555
-0.15228074980089248
-0.023629389093653724
0.004991730956368139
0.0249269554879676
-0.019235518791594394
0.002373260476186856
0.0728174472581507
0.15777889536332668
0.14550197943295598
0.1495980394003978
0.11125246147012818
0.06721739502706646
0.12800793338552563
0.12580872009574126
0.12698338461500114
0.04608980571457298
0.026627115905766222
0.07082098558414021
0.09375800956292102
0.07353601302192438
0.13346286051831108
0.10795015234876089
0.15420115988284952
0.12925920515723752
0.056869241041741486
0.1601153405560905
0.14364982757097716
0.07871591978788217
0.0933176127349471
0.07019735573690247
0.14064367124860072
0.07278488752577147
0.07801253785420642
0.09645773266482163
0.10968253025237326
0.10005647870784727
0.01926537119167933
0.023727278404312945
0.024429267808258392
-0.018723274368547246
0.002923976203823066
-0.018645415890177177
0.12750362450810138
0.1109986984682532
0.1542018788203203
0.19434263142698172
0.3004913740932094
0.2746117980499822
0.16694451815740763
0.20768699000492427
0.28631366541309455
0.24203392835218654
0.29048015342788347
0.19726796911344613
0.20794874986782724
0.24840234546209905
0.14717599859960334
0.11753659599998587
0.13191184528827465
0.19477523929912413
0.15209484868973455
0.16027453381702658
0.1560337755070224
0.15492195963116248
0.1251037183788755
0.06921816391241281
0.02693366484831966
0.03150604711583033
0.08369690284765602
0.09664013366685059
0.09910227602010303
0.03343266014528307
0.009347797194924574
0.030774091554585634
0.08500162966033656
0.03770155374784808
0.031875582770580245
0.07692234018109792
0.05804082481552518
0.045186398698430316
0.012589733006387514
0.03478270591168404
0.012161583639785072
0.010852464288410834
-0.015026428138094166
-0.04074790668013048
-0.00725346139231069
-0.07072387792992
-0.11590643860517584
-0.10875694696232452
-0.04501263074228788
-0.004252484606658495
