1.0
0.9318710565541488
0.7627092733277975
0.6318850628381728
0.6630930595328183
0.4926333741657156
0.43126167942591664
0.34687326553956077
0.2886348977216635
0.31197608619730505
0.28463903552340486
0.31656566119374957
0.2898717393346529
0.22396170606975319
0.2358125521089688
0.1766005775209749
0.20921124993930562
0.2712351003561772
0.2587308291450211
0.1938512514469512
0.23446634910805889
0.2718740496252468
0.21998200090950448
0.15198745543776357
0.1744753732523989
0.2339870422248193
0.1322734955876775
0.16496892836222737
0.19726107260731607
0.19544885047235633
0.161651910540432
0.09617148081399149
0.09992693200909179
0.04271193863800263
0.007210291384705005
-0.014629471276225202
-0.014800075548200115
0.08437259991687569
0.025285465489769808
0.11098312470113292
0.08411893321257856
0.09971193186751647
0.04058894249568133
-0.06360865419657569
-0.0864494268524949
-0.1102484613489083
-0.07470659341034476
-0.046382515738842015
-0.004099722494275149
0.023471535322456043
0.024588473172792193
0.04514189823631235
0.11472271887518229
0.140480351415768
0.1399474575407688
0.025781316429556583
0.04315350510179525
0.04438628008985148
0.08519223528073161
0.11064547021267233
0.011481462518805996
0.02488771259874632
0.09956961344811224
0.1462148351208583
0.011838682987741489
-0.057846655215657544
0.005748774768071466
-0.00786345345026142
0.02118860393809527
0.051265058423299245
0.1119221239872743
0.08647386037325348
-0.006804812372030539
-0.04041207501369218
0.0029208889035153875
0.03173025016234156
0.015746223122216466
-0.05813330059055541
-0.05410965218733697
-0.02234696780845694
0.01057023865531729
-0.044420911906182844
-0.09006811360523476
-0.09381475585625654
-0.11219081546919059
-0.10806398822576135
-0.15295037409885945
-0.0511791879426477
-0.02378725860840905
0.03794370933248742
0.060252061057317854
0.06701527402172296
0.05838155683029562
0.06575802286535153
0.07630815678683998
0.004000484542263871
0.05098526942607725
-0.0011321584144232122
-0.015975317224900726
-0.00124212011071738
-0.06233882608307541
-0.0878414555981534
-0.11873929923394838
-0.07561849208143495
-0.13296306962723947
-0.08044723051511869
-0.05968795435699049
-0.046082652499346545
-0.0523685721723577
-0.04313266344470188
-0.19140730551956367
-0.18696942265507727
-0.1891509988252508
-0.16203928845600513
-0.10931011721696911
-0.14156442299938377
-0.0961875320376014
-0.04176780923482737
-0.0009502666125010724
0.05097879254826938
0.1104652684633469
0.08970531742924237
0.04187041361886411
0.001275206902383974
-0.014625711511738844
-0.0050653156384124825
-0.05074987981705642
-0.12918362462474509
-0.15152028479602886
-0.15659767020570117
-0.07604593519571315
-0.040034597946485326
-0.02639398937580055
-0.007923292476341447
-0.013347548366992795
-0.12159384099459516
-0.14737745994773577
-0.08363395545877039
-0.07958098107293159
-0.08376428502332894
0.011350045205629128
0.004993378966780931
0.0890148018346133
0.152582342467925
0.15459349431946948
0.17503977250641808
0.17410507135103043
0.19090511502218344
0.18795229918479975
0.21703329186365622
0.1272628554840477
0.13075710968780654
0.19190938231222224
0.15196381424504213
0.16141356586341885
0.18782960646403693
0.2207691861662191
0.1959323084380333
0.2148519212218289
0.17908984749593426
0.12700937051279224
0.11220667034600842
0.151951712190533
0.10194320734974247
0.012238614236276563
0.03601653758083677
-0.01037297062594908
-0.01120187216429121
0.008007410685352729
0.07486190729700883
0.20489128640768559
0.1981157210401411
0.10808769454622953
0.11271433927814556
0.11768928572541838
0.08363632067449511
0.17994144147080404
0.1672513619994939
0.202342634561597
0.19169351204535742
0.1112082585653667
0.050647337457962786
0.05052586190124086
0.02677578811211607
-0.02330912728741812
-0.010010022475552896
0.01421904050407755
-0.011381809510503233
-0.0011490463122155554
0.07983098804193796
0.14640296312263307
0.11935391038734702
0.0662567900179029
0.10241241344625956
0.0915432431752776
0.10706358825549069
0.04354696115686761
0.10717573883817247
0.08205829305323824
0.07243781644031848
0.08656391954609124
0.016528940319230898
-0.007494548783843365
0.005231743637257093
-0.13816500829973286
-0.10392613992383365
-0.05071075312503537
-0.1256030985236065
-0.08994914341051136
-0.12982426352924167
-0.1147361270275941
-0.04177447729440009
-0.021402765396316567
-0.0060846209904514715
0.08094640980191063
0.15231485880662482
0.18722154055475176
0.20992717919399
0.15841661776763039
0.09810767271497098
0.15699314609690468
0.13176257955429727
0.09557246654525395
0.0767767880838942
0.0858843407888171
0.07759282286602566
0.0766876660476156
0.008963528733206882
0.005587502944991454
-0.013891506176172437
-0.05705705318775296
-0.028312260895228328
-0.045432393538887055
-0.04287651747351266
-0.0952975742168765
-0.11708575415940792
-0.09569253603737199
-0.044749570465318904
-0.030520167044420253
-0.017447450147175875
0.02202253474143679
0.10147135702952181
0.0603493892548046
0.08631406223547067
0.1301189887137589
-0.024951176108894982
-0.03360043210966325
-0.07638116130503195
-0.1055022765229208
-0.07858458056489917
-0.003884092404619219
