0.0
1.1667617091780862
0.4232686350332494
2.777690517333321
3.2666908347805452
2.6512605468156827
1.787866339113938
1.0905257727309836
-1.074260901249179
-2.027695462690352
0.004957906916262189
0.5479319950697237
0.22402943594421149
0.024809006632094066
0.35069794434222545
-2.0224921100069704
-1.89930312916863
-0.8527222450701084
-1.2269579314860275
-2.100375198086456
-2.303078840939901
-2.7862366256348903
-3.0047058396692794
-1.4214298753221124
-1.853994723078676
-0.8787381226350536
-1.4128051613060943
-1.15453621398864
-0.6560003932516101
-0.7180025460749623
0.15876604333107747
0.6465508156661957
2.386411483824962
2.431196931087054
3.104908218379794
2.403568361475022
1.9800156153873951
0.8196919091702954
1.4144379937604978
-0.09237038918425666
0.9292901587810138
-1.0731991839489798
-1.9608437049373797
-0.6726654530642109
-0.7562962399350165
0.387818195264099
-1.190104252814633
-2.665381654997555
-1.765796157830706
-1.8412225200551737
-2.231975281339628
-1.772835527272831
-0.19101776796929593
-0.027457041411939193
1.5330411994140873
1.556618999433713
1.6608417689914456
0.8177686876688864
-0.5153743970137905
-0.25697230613604816
1.219664653629545
2.130755894134554
2.1891018494475603
2.414279214764697
4.134577867301643
3.572300286535338
4.448437163351242
4.721521148583297
2.368795551154739
0.8400146114733538
0.6543986738884326
0.47931013057895777
-0.015582181670228401
-1.3600406930627382
-2.10505016981691
-1.6234088750820805
-1.0748310100930294
-0.9169402167805935
-1.6644056902651008
-1.6663183064920735
-0.405734641588378
-0.44446543015824563
-0.14897746120783256
-0.2511253736148362
0.08695704994365228
-0.7696941062687765
-2.6722855133423353
-3.171666228970197
-2.6796617595333134
-1.8618012655003622
-1.696923661189188
-1.3384839178584997
-0.8840017298977922
-2.517080564091226
-3.062895481724363
-3.1462146167434324
-4.214423239214577
-4.78253488510346
-5.000925607974138
-3.835277295486004
-5.661883098131611
-5.395132427320615
-3.6029497562344317
-2.6770013072494416
-1.0024063464974895
0.08437518307299241
0.8553307353579357
-1.284998780852
-1.7182574843336709
-1.3352373948473886
-1.695310975553511
