0.0
1.3163573247118194
-0.4135183368712041
-2.0891669163234083
-1.8031450104898896
-1.0766579980801985
-1.155155274402291
-0.4405648800315254
-0.038538856938511834
-0.15273157409274118
-1.3487405433241269
-1.0015383193050256
-2.3188278274453786
-0.897922684458605
-0.7887634195395077
-0.5221049624583687
0.1172082243988064
0.9298203165403716
1.0357457664393306
-2.1375744565090664
-2.7312162754437987
-4.210753119874004
-5.676727005647914
-5.375428954018955
-3.9977960797444334
-2.2501021106645474
-0.5952047352061822
-0.4526412020153682
-0.11329316536463607
-0.12613377224741493
-0.7569246090202859
-0.6706484154796192
-0.8096890952095135
-2.556173511438779
-2.934895121766543
-1.885011882234945
-2.434876357323678
-1.6470897164752378
0.20574868769923516
-0.4803460505953564
-1.8989374500331069
-2.5344135597771453
-2.2675239431401586
-2.9229286322939445
-1.4203553197945806
-1.6276990855954294
-0.260839769940995
-0.02147325543227857
0.2553945684052074
1.2520565469718345
-0.6262563718609879
-1.218085058830158
-1.4267335942878248
-1.3628466922801374
-0.3860094496882046
-0.7430032557459699
-0.36236469977434255
-2.3137712969905873
-3.3366554555200825
-2.707717247765829
-0.9801107548919001
-1.9786563249768379
-0.4645911839058334
-1.210614694352587
-2.112763048966695
0.9815745626856511
0.9209746050730111
-0.4580017493716786
1.410490450215499
0.7417126596228929
1.3160194158353917
1.0480045750543867
1.739304894732805
1.508300596500724
1.74438290676569
0.49363607616066174
0.7464169958119544
1.6869852227179625
0.36460435754550247
-0.3445104418428578
-0.6116605838238971
-1.0026423101709576
0.763873841605291
-0.5897387794108527
-1.1312028237396157
-0.6671779901460502
-0.13212747658683732
0.2427739560513366
0.9218030686321871
3.625592611335891
2.706042360406621
0.34691020293368746
0.31298755850848575
-0.37163746865001823
-1.2831495042211882
-1.57967138943342
-1.9330544892120947
-3.390081811237857
-2.7521856668603797
-2.9510044099178248
-2.041004850012578
-0.6545619364229542
0.8316678530843559
0.920709069601665
0.32061809779540495
1.9942571697337694
0.608426658955721
0.7573813670371083
0.18729308994257488
-0.9593680407680029
-0.2135694377613101
0.6395731997609062
0.02589968192770442
-0.17510102398718627
0.6548897451659669
0.2928413783452138
0.5924718398184107
0.09092021516733206
1.3750461851124693
0.6395387082703508
1.1684440855522795
0.3074737486332285
0.23255318196710417
0.2855922968072787
1.0878123628708312
-1.3517465243556428
-1.2910620790728105
-1.892388163583186
-1.2018780776832378
-2.7752883176505803
-3.312558614691889
-3.3914868808449103
-1.9308924252886666
-2.1966489557806614
-3.1889036531553874
-4.819297934949372
-5.0819846436076
-5.030715237843903
-3.654938906681747
-2.619360817572791
-1.2962498042678516
-2.737561012237215
-1.2852515802135636
-1.4497980915378492
-1.9340885843253317
-2.039374390387465
-1.6880269158288017
-1.0360096177902118
-1.0460423439581523
-0.011112299018187333
0.1563083295180705
1.6229722148333567
2.516147389529236
3.121815702074466
3.8084040118072804
3.871031012633633
1.528594262609343
0.17339968852857224
0.8718802061123903
-0.5704970626016566
0.0976595119115159
-1.054818693707308
-0.47441724363842935
-1.220372345171468
-1.8817651272463516
-1.8436660849320559
-2.300319951897978
-1.1125973110074447
-2.618585255447851
-1.6869727217609771
-1.0657209413360678
-0.27017559822076076
1.5162411898881927
1.8172046966193638
1.9812344787001614
2.075121225551046
1.7140455303083404
2.1913465154828953
1.3164373065800241
1.6081889818761104
3.13568843241549
1.9116244062567778
1.4296994662427072
2.0066140811050897
1.1529417945109044
0.2916564449118574
0.1644897026638649
2.4048319303386076
0.9645884745940698
1.4846233472267798
0.942374513590191
0.18781919324551377
-1.647368901071135
-0.5510993494914603
0.5023839316407435
-2.2386372053537156
-3.4694217743141436
-3.3498762747836768
-1.4179762289064661
-0.8772454159851968
-1.1046124747631865
-1.5972000208534092
-0.3933183581208657
-1.0648174377764976
0.04513218500738825
2.6993751701866513
2.9247117282365287
2.295679499704137
3.7714448632185382
2.1881836137627486
2.044886873794437
2.329598790386932
2.0902742139743524
0.17402215966492696
-0.0855196574680232
-1.5034499085393291
-1.2399487446272963
-0.781431000096809
-2.3814383528282073
-1.9123267324920759
-1.0149225690374681
0.33585128561171884
1.759722177063576
2.1892468837667263
0.9157484962035167
0.19327615268159515
0.048036667615278694
-0.36552805483070283
0.5282327076044104
0.33054296701207464
1.9110976882922237
1.8425358811159789
2.0621127928414773
3.434409068006792
4.15300872562885
3.818431852429301
4.3830616502561055
3.9446083877622535
2.6158147059952634
2.3146059249568625
3.788850085034137
2.3967766114052784
2.5952887197054
2.5016370538060673
0.5146653711211457
1.9096092199957786
0.8538191391699209
0.09884956033451009
0.9101049188152852
1.2439913247460301
1.7119818723516895
0.837403407170849
0.45052766478250583
0.3465579922269242
-0.05154816669006723
-1.313783789585695
-0.38515655971513185
1.258047032997957
1.1466188227228962
1.7805877033326323
4.671185242243105
5.157870954268651
4.814589379560648
5.980279890304221
6.459323236608847
5.869835050118005
6.982717361657468
4.329201339702744
2.9258824279642734
3.529811094195297
1.9977994698386539
2.4377047482779495
0.7849048334901225
0.47281669457350683
0.8517237711153851
0.9478409438474183
0.29019684304646176
-0.3152043605404743
-0.17471338969728986
0.2881425162967164
1.2869420411248038
0.9510545347141002
0.11135455988258292
1.8079731134709365
2.215019038985852
1.9142465036528817
1.3704963641061714
0.0273348224881782
-0.0014579295682861024
-1.5636852562008672
-1.1654948161772873
-0.17341643363569115
-0.908664703088674
-1.0662067318592106
-0.4472072667332224
0.5981616555698315
-0.7482011553235399
-0.45992060996854894
-2.903658296610388
-3.4211101461177633
-4.213602020412178
-2.524044148620707
-4.495778991545512
-4.861125919221649
-4.547388199509858
-4.7355093385465405
-1.2859933383668425
-2.823716326656929
-2.955043092230163
-3.956019207259745
-4.628053466966371
-2.5477856074005496
-2.7095527717523504
-3.7240223713547187
-4.48972206105666
-3.771743428070039
-3.6223774556391524
-3.601394907829075
-4.060726686719294
-3.0238583689768994
-2.6953819568790705
-0.7931178403363974
-0.3385489443610814
0.30977476474335275
-0.6691969236961156
-1.657733758944437
-0.906550455683059
-1.896023708321864
-1.223040223619466
-0.3173860510438947
-1.0357644963816202
-0.6305813031181241
-1.1186813702235072
-1.0220960130853456
-3.128631016548297
-2.8263785865338873
-3.3715908447716316
-2.259792614582187
-1.9741347493222412
-3.0444141351155602
-3.350637684825326
-3.670218394034288
-1.1901392602866556
-1.2169185282135013
0.13670751650582869
0.6255945130950817
0.7351497367620732
0.17716244148571664
0.05492113115454385
-0.4599909453443144
-1.9363937073873694
-1.0557100117750968
-0.1943859301557026
0.3642725731925298
0.9717982672285349
2.4220072956468357
2.414240276939555
1.7674255484584145
2.167763824305676
1.4599803532912543
-0.2523189688052263
0.3934267501808508
0.3258423045888886
0.11414375688445447
0.09257666638577065
-0.5320183025353539
0.2672366246893642
-0.055938106478925276
-0.6464638772948715
-0.5126079441914936
0.704064716420177
-0.03223237574722326
-1.1651261367609391
-0.9020396561642331
-0.6367118291301199
-2.0122628859477105
-2.501782280204734
-2.0534181975781225
-2.3777324662612247
-1.5894665850798226
-1.5532058741983108
-0.5511039001829745
-1.9010804228703906
-2.1991831463384903
-3.9800973565921853
-3.434362119187952
-3.0538225590170462
-3.224794812676797
-3.891191409829087
-4.380097821216916
-4.211484298495031
-3.565372730296412
-3.0770190588991757
-1.6574819937017238
-1.499715558719238
-1.579886471260562
-3.3518882683589872
-4.2055378018569725
-3.3245348862997686
-4.086672960191833
-5.673932503121328
-3.990300814680447
-5.705172328337625
-5.907968941880116
-6.200122118125021
-6.294029292481586
-4.462965310579303
-3.4252317402309185
-3.3217196515583653
-2.572723287052781
-2.5251814614626116
-1.9762526665822482
-2.1239375071849547
-1.6997918183504594
-0.8675438183461218
-0.971462556696678
-1.8687068957982975
0.3209435612146909
-0.5555336611051761
0.9016004728459455
1.429000351776375
0.45556008016170335
-1.0281077601325552
0.1019733852995024
0.7883088065159514
0.6605781784582683
0.27452215124654766
0.5946875679308192
0.6772095315702688
-0.24043299701439835
-0.8895474100640726
-0.016765345598229064
0.6094018181192472
0.7160284445010848
2.6755505333084
2.227222804509211
1.4456382731437318
2.5289410047084857
2.763097639696615
2.3488127054979957
0.4605007600237727
-0.21840286215083926
0.9123183920645384
0.6136061742927128
1.114804351945712
0.3324431762522271
-0.49779949338610163
-0.6292087760436595
0.6658650820913357
0.1711191037276109
0.29866998643567316
0.2692617167947247
0.9535287956645612
0.5970994528343527
1.0880836422334292
1.4714663033124094
0.6315192448237174
0.724287102187422
0.11264549574250515
1.0036240152813412
1.780708694388359
1.4388651374659158
1.825996106148657
0.003748468335263322
-0.8998216136864142
-2.2706806014495946
-2.5575971681514034
-4.584913882601457
-3.3911045279174736
-1.6673392066547161
-1.2210784733360456
-0.4848531329481732
-1.938634877263759
-2.459038120347074
-2.5229268164714505
-2.9115009736402415
-1.4051848044149498
-1.6323791260786118
-1.4232866163890108
-3.8192837603242857
-4.089784734282121
-1.5442546514371673
-1.8539725320505362
-1.2172599490747038
-0.5401379359384219
-1.8246223041406098
-2.268862061094181
-1.7162742546959746
-2.5484755479826537
-2.168491671427611
-2.611267562604951
-0.5765528184087005
-0.2960904694493762
-0.3583503071435771
1.0254128371792235
1.8032866339691727
0.7793800003149309
0.04832419787563502
1.9283652545358028
1.6159553856997038
-0.11897207265253051
1.6048716824092084
2.409414017281004
2.375314520607244
2.4471983440848173
3.764015555719697
3.014811185813645
3.9274480944637746
4.122279465211974
4.2232636680468225
3.170937225886155
2.433940891791944
3.355905408569286
2.873175614202535
3.3234094055657
3.08021179537878
3.1565987695219766
2.268377317470427
0.6553926678374957
-0.45198401391056664
-1.757074951271831
-1.6599137080440702
-3.015084820509308
-2.8389748832320216
-3.215853299138257
-3.784917163112703
-2.495556250017108
-2.848399711018248
-1.8123736811411626
-3.070459750773782
-3.499674421862039
-4.1909129089240125
-4.51179179001246
-5.0738711564171295
-4.225872097745505
-2.298494243230193
-0.5271983775813998
-0.6971009889512989
-0.08386081696343628
-0.5656876756841985
-0.1737031040835909
-0.7963512240664647
-0.4028792300961513
-1.1483137233354606
-0.4769925912554429
0.24016716952343503
0.9899848842803373
0.41643758198506253
-1.4732048331761778
-1.3964274940492893
-0.8159957714929793
