0.0
-0.10178393227075644
0.17053655426518305
-0.22675113771643512
0.13640255657037664
-0.23765987828892826
-1.4040990196831382
-3.2742007380123046
-1.5945268313192063
-0.7409847075646461
0.051284403395420175
-0.9473996381555986
-0.5697974226528286
-0.7036590158316856
0.8135227043061648
1.1809246339990573
0.5614507849990852
1.5252869897336887
1.833293119214544
2.4541605433705413
1.0611429402164856
0.15714173180344582
0.5877174905381053
-0.15697079183463902
1.1222628579589922
0.4939188003323701
-0.5575731362218344
0.22226775051671577
0.34305908171156146
-0.417452473919251
0.9207418765319944
-0.7471891451971765
0.3128636678305007
-0.5383052039623362
0.7524053841153856
0.740459532635203
-0.7831856998843365
-0.9338244989509916
-0.9552855979759457
-1.7127628422845405
-3.2080826261786495
-2.9613093855086112
-4.453912921687209
-0.7728575896041345
-0.1776463742076091
-2.167386328700514
-0.9607371151107222
-1.823043549012762
-1.645120856947849
-1.2964158270696098
-0.2192029430084944
-0.6857378324185498
-1.02584475384964
-1.4513326218220353
1.1009848606156476
0.9997249530471878
-0.012282993939677467
-1.395265024950103
-1.2019578821368044
-0.022153549458393762
-1.8417440667002136
-2.029328050288046
-0.03299169622792886
-0.21729259742370163
1.9960729205899694
1.3091618330951842
1.0792750955048915
1.6704497201316284
2.104969191575047
1.05073105223053
1.019640900845428
1.6936982793846735
0.9125095526118584
0.9952609524604904
1.4430991638765502
1.8147970771592399
1.2309686607440957
1.4964630675406756
2.8916405758578003
1.3665363141923772
1.98525503527256
0.7450759512863814
2.9546060580164095
3.1133991000113093
2.475482646569385
-0.8756278658764849
-0.9319079335808538
-2.218649246113455
-3.0964673308172417
-3.889924242367629
-3.5413027656200025
-2.6046098771272854
-1.6889512389748829
-1.268719835591887
-2.7650128998450674
-1.943771968264795
-3.6081761840010262
-2.6204379342124424
-3.8586152265511973
-2.9681128514247366
-2.747581525555876
-2.021322655565051
-1.2606710314028726
-0.12335683579288492
-0.8956510817583418
-0.679223749375709
0.9278428359579216
0.4524082490121167
-1.6657363388064796
-1.735623005269455
-1.7600841119423785
