1.0
0.9093456480544647
0.9194359155451499
0.7722127109022432
0.6910833573810312
0.6854866295126139
0.6479044456526567
0.5468752927486189
0.45738494684713465
0.3728215404117827
0.39364723257368267
0.3061569339455711
0.34165755908002293
0.34062170654623347
0.34848157917240297
0.3024377014401675
0.3507755595144304
0.3143127315817275
0.2741670772060727
0.3131542380819575
0.28899595262482825
0.2963617853907977
0.34463522872263813
0.3891466134892241
0.20612834530936494
0.14947681123447126
0.15483695206925677
0.10409533713059407
0.06618061209491066
0.10186091669228994
0.10784381729383054
0.11334238297650562
0.09729104412874647
0.1339406114169165
0.09172988211248251
0.20064900543552866
0.353809392176461
0.3844014660314699
0.3983397666233486
0.28760583692948855
0.18885806931426152
0.19088624895029746
0.21783728676532327
0.24732873427440766
0.19953171609598538
0.12145923111838984
0.045197971949236235
0.08112308157307496
0.1028412344240048
0.11131912814693808
0.183570001453239
0.19388457955507818
0.22468473388121218
0.236980546915618
0.2507009064554143
0.1734984941444644
0.20028802852378458
0.16520786898481035
0.1839361190583759
0.3211907974442499
0.29007044180371
0.2822736166149315
0.17906515616868532
0.18821876824333095
0.2090428525575885
0.1308191738565968
0.11054170005234878
0.12386446524684809
0.12722452648357394
-0.0017305046672565355
0.03172722918596812
0.053786661445161185
0.002707698674762074
-0.04916092322159821
0.03756213216467705
-0.038948493111559984
-0.0007731261652759447
0.05853869064909213
0.009355982377992449
-0.004984190743143404
-0.06357241374893796
-0.04340651439420542
-0.093005287837997
-0.09095815917917922
-0.10914893894937294
-0.07353976679957053
-0.024943356397600737
-0.05878969187081985
-0.05521118329312076
0.036510896676618804
0.03619003680376251
0.0990900822172904
0.16426337605067137
0.18476710785270822
0.1355375867225193
0.11484531341946023
0.13783848549287545
0.12170680604463902
0.08439724392197327
-0.020824107202272985
-0.06541997071858849
-0.04273341383168387
0.04047899522688563
0.08247528810061258
0.08757850497348026
0.10638805620168454
0.0822518276511749
0.13401059730296178
0.07926556127875387
0.09121542020801453
0.1605872341379984
0.145147152584253
0.17508249726289213
0.18590144818461923
0.046310962927186866
0.07332191456381452
0.07069954392746648
0.15269887634472365
0.21232975676564264
0.23364391703675177
0.15583552037839243
0.13991738637191542
0.14518660056192298
0.17767084640768138
0.13753622917509611
0.13594035841483032
0.11647131399608183
0.18110084136491045
0.17894252125258908
0.07471049960106525
0.12600046582203991
0.12176999022240033
0.18402319754321078
0.19152184759752758
0.20691753777549732
0.1591746489147125
0.0671786025139722
0.015925168134288757
-0.03574031772698691
-0.1000854484101803
-0.09314585518538152
0.026799064232593206
-0.008175652932825232
0.03371401805112334
0.011490442600043949
0.11623993302531693
-0.03244307536402853
-0.02072118969620829
-0.05253945527865416
-0.01770380554306213
-0.04233722004476739
-0.11180571100087414
-0.05907821671799135
0.07518026086082898
0.1073157214191908
0.1418808575131409
0.11226470950046209
0.038639379586759254
0.0655237310926275
0.007857905100202019
0.009431812094710106
-0.011536384898263946
0.03449739257193658
0.0760956746951256
0.06510715894930631
-0.011754349758925378
-0.01301855194229289
0.04463226614475767
0.05324532262819307
-0.020176732405405663
0.07338813450015698
0.10381379148758291
0.12142034675258664
0.25456111985768837
0.2341962138891321
0.27851309355763026
0.24183338346199795
0.19476897355631578
0.20788200236606744
0.2131218871038627
0.30748942858058875
0.2900901403589425
0.21950204135834084
0.21221970841251242
0.12615409254791127
0.057343853614601134
0.025527686887783355
0.0936086390997536
0.08427498009001635
0.0668837459132194
0.04370335701779531
0.07713137453232652
0.07689716391912464
0.10366785613058356
0.12317041280975793
0.11904547335640864
0.15771025994583843
0.2393703144775045
0.19893829574431815
0.18935551939941933
0.1693678698076015
0.1895545287654415
0.17688737316448794
0.2012989858863354
0.24601605490315626
0.16156676407990522
0.1862018373055144
0.21193369233740308
0.1621072709321361
0.22090995275665606
0.20061756548934281
0.1436411281934257
0.10953776149636532
0.16729693294689835
0.20947283881821396
0.17662531678427512
0.1954071304322718
0.13787359020828358
0.08987414364611915
-0.013774495226768962
-0.015503341624693367
-0.073233269380721
-0.054358738644844945
-0.05043036215389819
0.016831937205429214
0.0537004806282333
0.06924898387205088
0.13062165941300224
0.17803825465557882
0.16678491455711622
0.14280741263491442
0.098468965587096
0.07477853533561607
0.10121283525319974
0.08697740619170644
0.05551284635331567
-0.03292853414510932
0.0077579881832460645
0.06549569373051109
0.13387101055703993
0.16650642746723815
0.09863546397162855
0.12614250843327185
0.13337566498591422
0.1523417085388944
0.18519638670488803
0.09870216859290556
0.03316111347076426
0.03893304129948089
-0.0023988746670371708
-0.04585171389837367
