0.0
0.0
0.012919955300919526
0.01608422862586159
0.01705252183112887
0.011967035725194669
0.01640055719418545
0.020526043679455794
0.019276124749672018
0.0267091915682832
0.03228624230399802
0.023221800850655814
0.01006750561853514
-0.010833892722111594
-0.045559146005275816
-0.07934428047217726
-0.1061749916589716
-0.13080400539812923
-0.1577532185242627
-0.19195448037021012
-0.22615098119029892
-0.2649961822358186
-0.2942542097586084
-0.3242857800707116
-0.3461387529985361
-0.3688814420021278
-0.36961484173962056
-0.38180224426564274
-0.369670360169201
-0.3509990243536228
-0.3312589651397767
-0.33344922648050945
-0.32078879810602823
-0.28749361147565355
-0.2615907148330479
-0.23530114380721578
-0.2168971033919015
-0.1986685088835972
-0.1878993083201861
-0.1594045180979553
-0.12243247799749592
-0.09364474096758638
-0.07865904846080114
-0.08623405285556587
-0.09386498978429227
-0.10419655620716956
-0.12022313068334119
-0.12141674325629392
-0.11590902821168285
-0.1173585872363028
-0.1151153973707951
-0.1230269824097273
-0.1357920068239786
-0.16778565849382088
-0.20694329804999742
-0.2464838483019261
-0.2858899963484412
-0.3246310691864325
-0.36140478799301406
-0.4146930892418919
-0.4706890673465992
-0.5183762882607178
-0.5471004013668554
-0.5927963295438747
-0.6284287529353463
-0.6644297071992817
-0.6953716872609847
-0.7145317675218686
-0.7362661550245386
-0.7591517483726924
-0.7729245726827076
-0.7889935608971965
-0.7876444156394505
-0.7946492817256113
-0.8206047364118788
-0.8317646030699077
-0.8321037007718157
-0.8122520738178557
-0.7790150119426267
-0.7617264787485506
-0.7482716680682275
-0.7522746404032916
-0.7536275826503068
-0.7382089278238807
-0.7288889646121697
-0.7219457174480394
-0.6978449394157105
-0.6705408001647232
-0.645973031283524
-0.6337695674483702
-0.6095697309107605
-0.5767675262981438
-0.5499533034645276
-0.5057822794851466
-0.4590054272754554
-0.4191111864788555
-0.3870159117108515
-0.3596519735359872
-0.33693796157361805
-0.3131945248711061
-0.3135232477569432
-0.3322011833426841
-0.3495057485544603
-0.3658294401581129
-0.36847661624478284
-0.3686453132779059
-0.38952959059793346
-0.40584757984858894
-0.41929384545330084
-0.4257656193667812
-0.4460665258475571
-0.4666248651549668
-0.4707233830681154
-0.4629210306915505
-0.45496681027976
-0.4410133477603326
-0.44433773844225866
-0.4541392064940246
-0.45934675985775564
-0.46091110536971386
-0.4485225807418102
-0.4315191305902254
-0.4232590540907029
-0.4171933625610936
-0.4136052237528084
-0.40282321345249583
-0.37921007485610825
-0.35324514728949336
-0.3247531347195879
-0.30775615929789246
-0.3070846774078211
-0.308473989089748
-0.2997747872601217
-0.2955930165957167
-0.2796665296682899
-0.267299597218736
-0.23952655724224742
-0.22335251659501787
-0.23091703319044077
-0.22261997575059764
-0.19890308082553304
-0.18631516933986966
-0.17596344804808758
-0.17047503195728528
-0.16315003204408193
-0.1617419113474046
-0.148821301627367
-0.13690341725414992
-0.1266835420318364
-0.12956919043782875
-0.14548815152172714
-0.18315786751289953
-0.2206617275141552
-0.2537041415077466
-0.2861407830026067
-0.3298479668103774
-0.3654132165771065
-0.4036466917067723
-0.4485615678056887
-0.49265379644642826
-0.5373669749786428
-0.5737471301615288
-0.5985344401584375
-0.6041560723109812
-0.6042481424846439
-0.6034423119004194
-0.6050072586153208
-0.6055603515878086
-0.6078826334471034
-0.6118515715485088
-0.6196399090044453
-0.6175628161028145
-0.6177995746546161
-0.6073056489131813
-0.5912810342428022
-0.5472234157617709
-0.4941210575233658
-0.45204740274539923
-0.4172034263549508
-0.40100781758716947
-0.38282221107982317
-0.36776777603780786
-0.3622907478340932
-0.35683756231331365
-0.366727055922806
-0.3742558811601479
-0.3863775163342195
-0.4015125217055309
-0.40666616741452827
-0.429296406357149
-0.4474863076223624
-0.45862358190362096
-0.4476547841998924
-0.4445646774468032
-0.4385130375054701
-0.45292631041266235
-0.47646514736540235
-0.4929617661071366
-0.5250237780304166
-0.558629553198773
-0.5852728869408953
-0.620840180309455
-0.6574435400287953
-0.6994017828392927
-0.7231380746822742
-0.7542293065259356
-0.7725396884894055
-0.7717379268861341
-0.7785276689665059
-0.761736446564666
-0.7615591336861364
-0.7536144111351086
-0.7206723781502083
-0.6806098151101496
-0.6417918007442622
-0.5901912888046372
-0.5497425633156123
-0.5027900042481931
-0.46342022397398663
-0.42574885736440643
-0.393941354302021
-0.3661016331235927
-0.3497291086357856
-0.34480070714767563
-0.3355781201474505
-0.3174361930334001
-0.3058669912436905
-0.30465533923881716
-0.3049160363788388
-0.3121166602191054
-0.3230085714983556
-0.32807590120002694
-0.32402362897823483
-0.319460843209501
-0.3119001209360709
-0.2972958668681865
-0.27396792909483386
-0.23492436956194318
-0.1794619607843368
-0.12613698934366474
-0.06719186494844986
-0.026445744920044464
-0.003773887698722299
0.00046279676142800714
-0.0054461724898956
-0.035269411309002484
-0.07424349664738047
-0.11137136865286829
-0.15187785021190875
-0.1763717828872908
-0.1929291590605426
-0.1892951557324712
-0.19047691787271542
-0.18752390213863634
-0.18683358714707188
-0.17774984363674068
-0.1639417156036458
-0.14921473490714676
-0.13779495494881067
-0.13934359822616396
-0.13149202447807623
-0.1467940798491365
-0.1841206832032281
-0.21203587275626387
-0.23092714031186387
-0.24699433869735898
-0.2630778145566164
-0.26921162910606944
-0.28413683386414174
-0.2973903283664974
-0.3110102502994128
-0.3231656555945742
-0.332104709828172
-0.34234280308302756
-0.3422667680049485
-0.34331142406596565
-0.3352994796778213
-0.319984259157192
-0.3173313871310767
-0.3267227450207705
-0.33880419434683007
-0.34151287190652785
-0.33710015902858503
-0.33908829349934194
-0.3311994049958879
-0.3547114133702388
-0.3808422713675995
-0.42210453830748995
-0.47620422294417275
-0.5096670097260116
-0.5122479794074905
-0.5263210734837167
-0.5329793556967161
-0.5326550395352134
-0.5362432532489871
-0.5230360379317817
-0.5074873794902829
-0.4754309366058761
-0.4267978876204713
-0.37983207824265935
-0.33921178225788157
-0.28470892209377574
-0.2285519577931817
-0.17178934684399
-0.13471451295663614
-0.09997412298585354
-0.07811643500136804
-0.06692983834987826
-0.04876117795185392
-0.032599116632428496
-0.028252843717577008
-0.028341850422314546
-0.032983129980710464
-0.03164407462878739
-0.03547136156765788
-0.04543343114878487
-0.04829937653793135
-0.04772956109657571
-0.06234071236740723
-0.0684179801456375
-0.07377729689164683
-0.0869218288023661
-0.11417061190588848
-0.14267204430395017
-0.16642308081343676
-0.19528606103242085
-0.22114310867717898
-0.24344178845126963
-0.27008902443569627
-0.3090093277106496
-0.347793909052042
-0.376209471219554
-0.40293642465649215
-0.42554158743096193
-0.4473211599946347
-0.4608137886309302
-0.4790888906451421
-0.49082737462900294
-0.4939400335519113
-0.47897135926089546
-0.45353493509413634
-0.4308300244557759
-0.39156839015472955
-0.3462121763461941
-0.3034348005719828
-0.28963387235972293
-0.27335687365233396
-0.2722372990801983
-0.27436738612920825
-0.28296189859153476
-0.28749090693785434
-0.2945492977724132
-0.29677086140919157
-0.28478678745231145
-0.2568129578552489
-0.21899683108128243
-0.1774116261234777
-0.12495029232655844
-0.0668074701351988
-0.02250371967961834
0.005772489502257061
0.03547385538404337
0.05331928519584705
0.06422197051695375
0.08042579414705715
0.10084464583780313
0.12917065666041186
0.16195736153531792
0.1773067766273467
0.20051655778628702
0.2180392095426704
0.23293383983730612
0.2557261006680701
0.259173583801361
0.24863374284445497
0.24930818270621777
0.267428762382378
0.28649328328089574
0.29940090983045986
0.3266089343737537
0.3792625046437708
0.42821595122323985
0.46387143379247
0.47201043897426254
0.46168888970092803
0.4513876442363306
0.4409664748946252
0.4337432957821874
0.4184362285459411
0.41521696187563106
0.4186106194003949
0.42506497287246947
0.4508236797796835
0.46753366032034493
0.4705465667420562
0.4620794678110789
0.4643554967951356
0.4716019529858763
0.47823933721549033
0.4988130730619361
0.496575753053336
0.4815720881821971
0.4649054521306817
0.43710971227418166
0.3838060998011886
0.3291343623379848
0.2576242320669666
0.1984404074163335
0.15098303124758314
0.11017899823211671
0.07270601467215602
0.04129591537766181
-0.006553783887348487
-0.04017604008479233
-0.0623895166862656
-0.07230462353177922
-0.08562920662606513
-0.08331155194141744
-0.07915083382597005
-0.05501544313754812
-0.01932115237731765
0.0232435165978378
0.06361857207925808
0.10388385278040595
0.1307828273099558
0.1493028390810083
0.1564457520743816
0.1499047384944316
0.15346187380446502
0.15252589633484426
0.15902965649995313
0.16392373380216993
0.17753316466583915
0.193946328574728
0.22148973798361812
0.2523014121689504
0.2734115134837885
0.2595688442286057
0.2359131443277789
0.21753679954025507
0.19744319544429034
0.18102505245363892
0.1545657027144579
0.13472812609016094
0.1409167825348442
0.1577663602170191
0.18013246840225317
0.18878188908616012
0.20036771344554258
0.21309732546658894
0.22201785410669503
0.21549053870204732
0.21348224591213796
0.19682332482213633
0.1726470113353863
0.1435080054382706
0.11930019602336808
0.07633959427502139
0.046594753658261726
0.009068372821720037
-0.028442523974377763
-0.0531844309232209
-0.0886178707396777
-0.13487867317031546
-0.1641633448889176
-0.18408044286669417
-0.18188827241003894
-0.1791317456896271
-0.16804073204633063
-0.16741012262475996
-0.1723096407366256
-0.1666403612679148
-0.1544217403947866
-0.13230653293150302
-0.09822862043414132
-0.0631888199226155
-0.01962046265705969
0.00673718768020326
0.033102852738545616
0.06131058464116446
0.09191329391823524
0.09846642288400943
0.10525386836444268
0.11596067120793052
0.13001153861751985
0.1505849643729093
0.17250493112075832
0.19133165279485803
0.22671329140351143
0.25425133870527017
0.26541184628569126
0.2727369693485639
0.2604858141471091
0.25483263264848377
0.2607665289786777
0.2651506436157696
0.2853004370429818
0.2913976093575671
0.28579924242541793
0.3050689873122701
0.32679952010702185
0.35286621691629155
0.38380725000523824
0.4174418685107907
0.433442439014485
0.4554365959853185
0.473342171167011
0.4835406005062522
0.49959558234289236
0.5094694107154525
0.5258008376381198
0.5315269955454993
0.5435290253662485
0.5678385354618716
0.6021947472144858
0.6443961800370438
0.6913956916654123
0.7420044643159038
0.7890603767339007
0.8489098618805804
0.8969691061453281
0.949623956253142
1.0175621917234285
1.0638570050822775
1.116314383701562
1.1533485715737537
1.1903065155563146
1.1998229831681237
1.1837495446231547
1.1631915344893833
1.1243092149651188
1.0716760169060076
1.028444598051286
0.9919553937820428
0.9612507181643999
0.9547866829720869
0.9532212281743944
0.9581887974931188
0.952697138053392
0.9501346406707616
0.9420329638548626
0.9354144723474533
0.9351123270195707
0.924784288492714
0.9224479056970659
0.9210212539259752
0.918380612534483
0.9295113570022838
0.9343433695895332
0.9338446684963203
0.9173363717310564
