0.0
0.0
-0.0016323766707171837
-0.000919495259014967
-0.0018060073580868563
0.0006290857052204191
0.003697689494403079
0.009265426981070492
0.01467414199035841
0.01870556831135308
0.02109294361113932
0.02465301646243373
0.023570513210536742
0.019709285060620144
0.016911663361478087
0.014922217698388791
0.010420328400510883
0.008567594208766642
0.006445663558796705
0.002846138224805661
0.0020560450154578384
0.0013947686289360953
-0.001595237281434082
-0.010214233681842393
-0.01578141777538895
-0.018868036647837805
-0.02140620077004752
-0.023109979850482944
-0.025886401545574284
-0.02862564621410229
-0.028089820697755445
-0.029305563161301115
-0.027155871343868584
-0.024895824837975554
-0.02137034636991482
-0.018276655079740675
-0.01915531101797608
-0.01613398545727962
-0.01439224539583074
-0.013146155491582765
-0.012181533461504598
-0.013685462066074643
-0.010130640636861317
-0.0037149839663223267
-0.0025306689434272567
-0.0016101035126739618
0.0012096583947826243
0.0003519601854614807
-0.003565066517837703
-0.005938673633755449
-0.009840953802701162
-0.011948473364723933
-0.016444437448201503
-0.01828636927981213
-0.019392092233343997
-0.01746714213552549
-0.019143922730239824
-0.020544534265574045
-0.021251808991691774
-0.02118537661030207
-0.021086788869699582
-0.021934719998611064
-0.022459181085688097
-0.02161130903715209
-0.020167689297450563
-0.016680697935617314
-0.010167072961108251
-0.0044948324997252515
-0.0021168324069935776
-0.0009895354596110436
-0.0011685484561553363
-0.0033964578092048037
-0.0009238316713589445
0.0020636559113478147
0.004185065614722237
0.004926251756515274
0.007458705074930717
0.011929388205695106
0.015686698003933568
0.015610686099127375
0.0173921775195734
0.02160417315659019
0.02429202522717121
0.02407514039276239
0.024085936679072262
0.023933457904675836
0.019626357161353546
0.015937736371987248
0.01497807260474562
0.01505527437465706
0.02020382410266871
0.020126469745882603
0.01894040606798341
0.01708953474538409
0.0144161264840365
0.01580217100621974
0.01785654738635141
0.01770336684178328
0.017275251039861442
0.013407732400992635
0.005590847462400204
0.001331676977430956
0.0008231702128665364
0.0026198570517765494
0.008626839707376967
0.014723282977467033
0.02181113563355224
0.028890332077852278
0.03460598464546259
0.041796003928927655
0.05352102702091622
0.061500146137166964
0.06686496278991468
0.07140809228662746
0.07722384429524647
0.08288678610133324
0.08894811068186731
0.0957459765655001
0.10458418847244608
0.11312192145926027
0.12288496165196955
0.13031862281758333
0.13559191679848628
0.14175725963825886
0.14866072273189668
0.15792942756113765
0.16775240826211435
0.18367879874972948
0.1941642173295472
0.20075252673776328
0.20450460577130708
0.20516362580313172
0.20438946880305922
0.20360237731110503
0.2042249320291234
0.2060497013114991
0.20215433282589967
0.20089663836700586
0.20514230628094873
0.2107555140851969
0.21476923506631285
0.21488585845420427
0.21492805278741253
0.21620204656471412
0.21741470628951542
0.21938261979849796
0.22245298213016124
0.2247639669098448
0.23079656065175352
0.2352277521761317
0.23437237565225894
0.23263254202433473
0.2313277564405214
0.2272378097143515
0.2215880795042696
0.21455470862681328
0.20757503652466702
0.20025569573957303
0.1947612095044511
0.18828010271277174
0.18419322134599211
0.1880384608948477
0.18888987405399255
0.18934620745633354
0.18667789952307995
0.18479737080873257
0.18384884838599427
0.18235256682029144
0.1847906943860185
0.1866660838194163
0.18917368266075552
0.19433430442136085
0.19559614322239066
0.19790434638384202
0.19920208337104608
0.20341904064921343
0.20480218246904336
0.20858823689394415
0.21062937704440687
0.21291297942615237
0.21036479557611473
0.2127305594629997
0.2121389702987752
0.20824470465989256
0.19859823414601158
0.18898460660499766
0.17853286824391076
0.16895827948474532
0.1578598359631672
0.15157403781639375
0.14486443428085957
0.13584551168600345
0.1282491267158254
0.11941531476195663
0.1099545739699731
0.10163654500153689
0.09371671726803439
0.0846111682126367
0.07835453845060283
0.07747741970813836
0.07940884741760744
0.08806854910119206
0.09555688837857099
0.10165519300698093
0.10590289235813448
0.10778281648197097
0.11539202815463251
0.12079218052516882
0.12341675824285957
0.12480264031891201
0.12448381703398531
0.1270341542265927
0.13203041714655303
0.1376117714549096
0.1433788388745066
0.1464241869145189
0.1531302189561217
0.1597624694760355
0.16480571375938768
0.17069886383040897
0.17426019337853368
0.1813657890321445
0.18830709281805935
0.19537304963201615
0.1984647657249513
0.20515945604595265
0.2039738755319451
0.19944106479450846
0.19069968582023816
0.1840382559440568
0.17541801631271703
0.1665361818225284
0.1578374099655625
0.14776715006177263
0.13813980775155926
0.1277374875814709
0.1198081951871374
0.11220746125427232
0.10360364050447529
0.09529775966860525
0.08906575015186471
0.08292995061931756
0.0761106057633136
0.06747399668451244
0.05850046301001491
0.05110989798634355
0.04196570672112767
0.032824676606518374
0.021451879024431898
0.014481885103250785
0.010122606727896444
0.0019722624004296224
-0.0022139967939587817
-0.004672773130709448
-0.004675833662782345
-0.0023448077417196926
-0.0038016031937309776
-0.004576950281506371
-0.00484950752455499
-0.0057718562882305285
-0.0006193435927487924
0.001965983604139545
0.006526554172992133
0.009762358165951583
0.016517751070102196
0.02179021839754959
0.02585883138167602
0.030514366808948586
0.03703547460517539
0.04022170925344082
0.04418736333301686
0.048686225111497144
0.05188816605029286
0.05863644549746458
0.06838955332445858
0.07234679807769025
0.07594518254167204
0.08197325459122534
0.08294861572773599
0.08875345011384617
0.09478268093457265
0.10477380522892556
0.11311439698545384
0.11939621147146089
0.12113143000415148
0.12314054700630304
0.12491349795968323
0.12486101525634205
0.12126045832679712
0.11470976831383167
0.10463133593640983
0.09475248466245333
0.08376454989177574
0.07747484633155152
0.07363031787772664
0.07448102077205226
0.07383316915022323
0.0740388082167473
0.07289234840757484
0.07431648325743576
0.07691850790750447
0.08249062807272022
0.0899105065590891
0.09497113867410412
0.10228023364316807
0.1094706090385027
0.11155610677494232
0.1138556842983392
0.11648665645757132
0.11997984139209983
0.12643017936624598
0.13372777654974538
0.14339455539669052
0.15164368274227374
0.155014231210056
0.15780885998121738
0.16396321562692107
0.1718406564115913
0.17978403380283584
0.1895081473620385
0.2003640856882184
0.20946498998346103
0.2171444026859465
0.2220234553785963
0.22580988011198477
0.22754499098773848
0.22677151145871927
0.2265571702058468
0.23043627846365025
0.23582013055030385
0.2449108764883378
0.2531754405185093
0.2591748273448064
0.25940417268184496
0.2593946884389353
0.26581267922714913
0.26788316092691966
0.2667061108883422
0.26244034626182267
0.2597666176594186
0.2566147459796623
0.25300391985206855
0.25026987169078746
0.2459230478411094
0.2364549773747015
0.23005925598414959
0.2215328860448918
0.21506945802720762
0.21310572733163938
0.21205333165927248
0.2108977940990661
0.20836177780614779
0.20687248368412725
0.20782260868353586
0.20668485508554482
0.2028176838274166
0.1968997566957409
0.19222018797762355
0.18763311143518174
0.18290467795167906
0.17743457065472099
0.17538708867916797
0.17651933589603017
0.17528486157036557
0.17379822354998944
0.17555004755307707
0.17315082117264438
0.171541030440248
0.16913446207546454
0.16481784392230636
0.16356790745321712
0.16096229944484583
0.1556814701182657
0.14894521813135153
0.14247237297854776
0.13684841058870886
0.1305018808681785
0.12562606501025403
0.11832751983975472
0.10705788770164185
0.09297065198812085
0.07467634374796536
0.06036539682070713
0.05168560972882115
0.043556598930405074
0.035330571382351954
0.02649550728204201
0.02308055454242564
0.020820905547081357
0.018014199780991523
0.014124751225822369
0.010367375319351049
0.010920554093736835
0.013890315043766505
0.0169620994083114
0.017906941635513433
0.019691389081126665
0.02044447751723389
0.025545765326520475
0.02700687685325421
0.02663698465529492
0.026913197123000384
0.025348922569130856
0.022848813720801015
0.02018178995570335
0.01926240800260805
0.020531894311853406
0.0236063842665294
0.02644166706403606
0.029113392011586112
0.03139880294476105
0.03194543952305798
0.02976028702176182
0.026006049561441476
0.02907241010832926
0.03212658908864266
0.03188587468600856
0.03469358412396571
0.03768368526228648
0.03904802382677291
0.04345894778162156
0.04901091568183667
0.05558633366438376
0.06105873765590503
0.06396217770315497
0.06063116631972081
0.05345680448271722
0.04890137970730226
0.04398257740534671
0.043990804574543754
0.045553462244204354
0.04637219790903158
0.044524130344284735
0.04443397891561074
0.04122483057926389
0.04120394765925373
0.04373515377559266
0.04484757184353948
0.04426823977232106
0.04183955322824914
0.03991253805808235
0.038359112638913104
0.04031609220269065
0.03989425255745889
0.03858664167721781
0.038221673788732806
0.039492712654560176
0.04200864426672753
0.03967412806242262
0.0332096716275048
0.025032264985532505
0.019647109310753787
0.0098244064980746
0.0053857635097410836
0.005069057252119129
0.0044737057749648845
0.0026494193336119975
0.00037781825243203863
0.002088663309606856
0.00342414169257246
0.0039690922848356035
0.0008145709358854912
-0.001210315082882856
-0.0008398558421989392
-0.0016279051088594128
-0.00237809772360443
-0.006789926260161851
-0.011285885900129963
-0.021845959220424743
-0.03530008168788874
-0.044779034035663995
-0.05043583891546486
-0.05858706266674239
-0.06458583405725304
-0.06738518852641312
-0.0691308998952853
-0.06912191685735564
-0.06923138574482889
-0.07017602110667669
-0.07413905445040395
-0.0820350967422623
-0.0901021859532401
-0.0954524622737601
-0.10207056953543077
-0.10667596633231242
-0.1148822281173085
-0.1227043223283809
-0.1351098698111239
-0.14874333555598424
-0.16425929750668228
-0.17608052733055615
-0.18354435692583987
-0.18931591684940657
-0.19495864330810894
-0.20139993064002115
-0.20411594807534017
-0.20995192795627826
-0.21458610310085244
-0.22118692761488423
-0.2263271740058831
-0.23302808363070776
-0.2395375409684505
-0.24812339831556188
-0.25919346503752805
-0.26782915975951216
-0.2743717756781754
-0.28055486826518494
-0.2901945442512046
-0.2983334813807345
-0.3074479700721109
-0.3136922466878365
-0.31809714298220293
-0.31440200590253614
-0.31046021892844794
-0.30800185101448063
-0.30552249025328865
-0.30796966970895095
-0.3044408733581078
-0.30282021987405044
-0.30395174275915804
-0.30999926337803146
-0.3122999477390137
-0.3144824344949966
-0.3215552054699394
-0.33211247613527073
-0.33700641675344545
-0.3401615244022264
-0.3429694144654508
-0.3468882434038446
-0.3488774226360667
-0.3528671542040007
-0.35628674891076784
-0.3645312380848021
-0.3707700409418553
-0.3746222256483178
-0.376098657578084
-0.3792050508067681
-0.38308577030977875
-0.38722830910101425
-0.3912329916476605
-0.39664282023319136
-0.4001003618544755
-0.4054746530494533
-0.4063747723892945
-0.4044500536958746
-0.40450793368026666
-0.40269992053936776
-0.4028134462946139
-0.40246597254044025
-0.40654380092390907
-0.4105247879437031
