1.0
0.9994967928994083
0.998848263828303
0.9977549925976678
0.9961612448567128
0.9940424211404467
0.9918038847853979
0.9892548272420054
0.9867824331711145
0.9843854263216165
0.9818564429650658
0.9793930236719623
0.9768645641641335
0.9741204856360605
0.9714355731873985
0.9687315839051488
0.9655737800807317
0.9620413167837624
0.9583675537057937
0.9549487573882349
0.9513541922697217
0.9476064303958613
0.9436153673306473
0.939697724927132
0.936126403976652
0.9321455476250632
0.9282910839316896
0.9245483574436242
0.9207857128849752
0.9173414496764968
0.9139678505979878
0.9104999222342675
0.9071002647067876
0.9035808267457561
0.9001354288724895
0.8966355629683274
0.8932095188922393
0.8898933048049437
0.8862223662783075
0.8824120664218394
0.8785724371844342
0.8747084346258561
0.8708101001491918
0.8672914364462603
0.8637696412613454
0.8606645915542317
0.857281300797746
0.853870403049579
0.850581064942198
0.8473560049322935
0.8442490411682761
0.8413809960596247
0.8385446345150392
0.8356871690866553
0.8327448334102986
0.8296649244411729
0.8266641337287701
0.8235353579207263
0.820214092068429
0.816877011138836
0.8136587850644819
0.8106012873770074
0.8078008614832731
0.805054021177396
0.8021263524938117
0.7990499527064819
0.7958461342406046
0.7929739899528726
0.7900349477778019
0.7869097972018908
0.7836195692139307
0.7803798857051724
0.7774563532223143
0.7744920995637428
0.7718033801883716
0.7694637576222203
0.7671763225091027
0.7646326063092637
0.7618629161587207
0.7589574429851166
0.7560100611029943
0.7533789076344574
0.750724247292702
0.7480429536225877
0.7452832284760913
0.7425763652693148
0.7396408482378286
0.7371177630674632
0.7349385235092231
0.7326187657378429
0.7300006520177045
0.7271704365367615
0.7242564595920304
0.7215022828869199
0.719057159160052
0.7169245340940839
0.7148386048990809
0.7127070227286374
0.7104596584177337
0.7083383120525591
0.7060919291172321
0.7035679808157029
0.7008545300338581
0.6983248184620748
0.695730945190355
0.6932811088550083
0.6910250609307299
0.6890581689283208
0.6869609653432298
0.6847674595977795
0.6825369423353267
0.6802162676064367
0.677968865032522
0.6757242451776565
0.6732043359295304
0.6705725583950748
0.6677723779934813
0.6650431221243356
0.6620310676164585
0.6591685604265213
0.6564016670483612
0.6534898173789047
0.6506465543913764
0.647730846462
0.6450548189259981
0.6424028154815576
0.6398420098343207
0.637595995182407
0.6349308750228125
0.632287102121542
0.6298110887210695
0.6271679899670468
0.6246205916096128
0.622417646602739
0.6201342755978441
0.6179025871144402
0.6156006686968941
0.6137620481520942
0.6118141171836146
0.6095062141045312
0.6072393749400468
0.6048562423376251
0.6023346438933356
0.599743577721571
0.5970116353708455
0.5940611150865259
0.591362194736725
0.5889890723436948
0.5865465620791529
0.5840159285344667
0.5815912661453886
0.5792345928693788
0.5766861731984224
0.5740684288892054
0.5711361393835152
0.5682651483693035
0.5655042992410927
0.5626026938004919
0.5599705592261376
0.5570482657022966
0.5543346697501769
0.5519351977058568
0.549119615108379
0.5463865317420558
0.5438710974055501
0.5414380154275028
0.5390725080419738
0.536794303368932
0.5347869952994789
0.5328385790704555
0.5309547372109779
0.5294118994995853
0.5280125147654997
0.526535065421375
0.524842931262527
0.5228283167875964
0.5209749091011336
0.5190505007018158
0.5171331448054955
0.5154451859350018
0.5140147896724843
0.5124779754029473
0.51076408572382
0.5090526489690967
0.5074554078038759
0.5059825668918863
0.5043077060240732
0.5025148659608049
0.5006717826723038
0.49894568781760157
0.4970180588459651
0.4954041648523493
0.4938789374850485
0.49243576918772414
0.4908201509267608
0.4894397398719848
0.4879515864028963
0.4864845918436785
0.48481529998022443
0.48302247613827454
0.4809713726581149
0.4790732773934102
0.47692736630723204
0.4749909724615519
0.473174308378907
0.4712107684551766
0.46920844085116636
0.4671690877834994
0.4652133547857133
0.46350165855864006
0.46153602307488684
0.45970725330685075
0.4579579067603354
0.4561267690528853
0.4541069164502066
0.4522696756313347
0.4504024341047765
0.44841762085343223
0.44656372498149155
0.44495473570639543
0.44310031977637615
0.44105758362565306
0.43924528540337976
0.43746018336443865
0.4357088733873045
0.43395815161156326
0.4319427332541223
0.42993547790411724
0.4280065045655471
0.4261189722275443
0.42444868795115054
0.4228137992779998
0.4208523988259773
0.4190853592804231
0.4174501543311518
0.4157596892653367
0.4143360048830386
0.4129760576571452
0.4118366151961964
0.41085213118760483
0.40977733766816465
0.40872957364557627
0.4076007141990703
0.40638593388252275
0.40501289717841693
0.40388130440679626
0.4030282863761777
0.4021995679258988
0.4012192748632462
0.400033531003909
0.3985042368092721
