1.0
0.9997328329862557
0.9992227148890584
0.998494206668513
0.9975200971271084
0.9966112568510436
0.9956994351483746
0.9946270908234182
0.9935231789896962
0.9922728639447307
0.9909225932681492
0.9893936356763202
0.9878856046991423
0.9863880896773778
0.9847729016361966
0.9831333557252967
0.981346838730166
0.9795115785965774
0.9776124258421045
0.9757731917707937
0.9739676139992641
0.9722117032440908
0.970522815932382
0.9686502255036079
0.9668370402187412
0.9651075777969327
0.9632347349920641
0.9612704586075196
0.9594187586439723
0.9575292233015494
0.9557729021970449
0.9539143943183274
0.9521530466889578
0.9502207487726123
0.9481915638741119
0.9462267347149347
0.9444303716084169
0.9425264481644681
0.9407937310765578
0.9391191136180764
0.9375984708327759
0.9361038484572176
0.9346792956467341
0.9331470597218459
0.9316224229218946
0.9300584554868139
0.9283409058322236
0.926667700670599
0.9250529859304877
0.9235658279321848
0.9220712324568945
0.9204770638601745
0.9189988116104949
0.9175598247148896
0.9159541970244702
0.9143835118483022
0.9127085454419024
0.9109566200447872
0.9092607345500177
0.9074989397006759
0.9056648905785573
0.9040691238512149
0.9022034844639991
0.9003043014054597
0.898407635509205
0.8961871739247015
0.8940471990243046
0.8920005466015861
0.8899256926575017
0.8877414785607375
0.8857978256396042
0.8838630656037079
0.8819287254905586
0.8800432730662928
0.8783075513391182
0.8765987340791448
0.8749891978238143
0.8732482534232947
0.87154568116493
0.8698413493318897
0.8680963112474042
0.8664215802099937
0.8646362215571295
0.8627562612282551
0.8607223758555
0.8588330140741732
0.856978419104287
0.8552705499386083
0.8536753225739132
0.8519533401939678
0.8503115313693533
0.8485146178780297
0.8467728561691205
0.8450876135167424
0.8435245714381004
0.8417460278826822
0.8400358421594102
0.8384285912171469
0.836876535097392
0.8353052672684838
0.8339046807573414
0.8324429482555075
0.830902762272479
0.8292208640314076
0.8277359114108085
0.8262866545378914
0.8246684162833218
0.8230071661670011
0.8216562295035419
0.8203168741153294
0.8189348609550573
0.817490892796698
0.8159132904040464
0.8143398824384623
0.8127750207364014
0.8111077891171266
0.8094840989425435
0.80792304171673
0.806253954251892
0.8045880024697531
0.8028150489155967
0.8009781441810482
0.7992934486984761
0.797631647429839
0.7961436301007744
0.7945922635055419
0.7931077001742747
0.7914940871478984
0.7899196530319917
0.7884008661013815
0.7868357675218531
0.7854836723701345
0.7841698744362149
0.7827765873702865
0.7814111119640492
0.7801807700935256
0.7788897691341481
0.7776359100802755
0.7761380435703855
0.7745307399753789
0.7728255935414449
0.7710474222396552
0.7693668555189532
0.7677964712134218
0.7663466598811878
0.7646978215724246
0.7630687493040963
0.761545872224988
0.76005717660797
0.7586327262000564
0.7571376431789792
0.7556191593412208
0.7541139582598706
0.7526616082861842
0.7513281911073704
0.7500089387352641
0.7486690207099124
0.747428675149571
0.7461138499127242
0.744772378856277
0.7434793455504586
0.7420525357164386
0.7405964512618946
0.7391446923692866
0.7376822645770589
0.7361418728698815
0.7345917389583245
0.7331770850272455
0.7316722616297741
0.7303234706887112
0.7290454781410336
0.72766703219127
0.7262698083199429
0.7248502921550457
0.7234091439661964
0.7218523003901002
0.7202335434355757
0.7186795178438604
0.7171434592750636
0.7155773260306373
0.7141617493331401
0.7127103774076251
0.7112539756948616
0.7098345039744602
0.7084406081706082
0.7072230644755012
0.706026314824847
0.7047161719461292
0.7033800373956419
0.7021089807336502
0.70083342898847
0.6995067342803534
0.6983321995909815
0.6972196264746497
0.6963343106830703
0.6953734782972181
0.6944009631958266
0.6932893726020526
0.6921039253103595
0.6908177355228773
0.6895327905901054
0.6881950779475708
0.6868386069357801
0.6853303401265306
0.6837363034443404
0.6820839057011501
0.6804157755710211
0.6789776615242503
0.6774686163778635
0.6759203980369897
0.6744403301667615
0.6729018493052044
0.6713507774025175
0.6698795189646334
0.668351599303861
0.6670257238853137
0.6658805624907758
0.6647687812519208
0.6635867953198396
0.6625772687210988
0.661530373925841
0.6604443771240439
0.6592429275727613
0.6580309015096942
0.6567492078404852
0.6555205247220138
0.6543231804260928
0.653063737848756
0.6517201810510551
0.6502610367598475
0.6487194997319403
0.6472051560879823
0.6458318573174854
0.6443906904286638
0.6430228073914921
0.6415153453843532
0.6401051979184834
0.6386528675149743
0.6373384958546181
0.6359350376385907
0.6345718634745373
0.6330960326756385
0.6315364676242713
0.6301336913031645
0.6288312821986676
0.6275540748394496
0.6261803101224777
0.624782316013718
0.6233312105028208
0.6217815334932417
0.6204331464324291
