0.0
0.0
-0.0018417447531085386
-0.0019036504671608439
-0.0064741316987381005
-0.009119276763848678
-0.01355578980723829
-0.01781526031709224
-0.023009880882323648
-0.031008653614107644
-0.037096022094591195
-0.03881297725524925
-0.041505757708048936
-0.03997254537589434
-0.03552043202167687
-0.032899831894911996
-0.028530153869067394
-0.023613647976787007
-0.02000342213419873
-0.019745328579049745
-0.016119739157149152
-0.011089397542006389
-0.010636292238763724
-0.007637767056032567
-0.007401452817899243
-0.0040871075281127284
-0.00446149217751661
-0.003466645230812201
-0.0017819648518184186
0.00018524784675496273
0.00582581254286714
0.013708909496241189
0.017583861318197867
0.01656031112950569
0.013459428612059475
0.011665792666533953
0.006661979532093229
0.0017787237860569334
-0.006478666790243307
-0.012777608346233815
-0.018997293683350142
-0.0225530964034456
-0.022889592857247704
-0.02215411960571426
-0.02192509520356137
-0.020694740115182936
-0.018761773319485642
-0.009521769053456348
0.003896400362945182
0.015375331460695552
0.02760171246190094
0.04003215197184529
0.046607329316653755
0.056429280063436865
0.06738065975366386
0.07978009068654571
0.08812477767089422
0.09650946475967177
0.09988191039421859
0.10171258573732225
0.10471889664685474
0.11283533035623475
0.12559362845565655
0.13383641769496574
0.14116386049841312
0.14657111559725555
0.15764448325317384
0.17161511083832587
0.18060878940464373
0.1842260854074636
0.18603513221388512
0.18470510036035023
0.17959860946251305
0.17637179332673714
0.17305550178970688
0.16866872685827541
0.1674860563201561
0.16775503336440742
0.16991193124453777
0.17301972052539824
0.174977212854714
0.17923735914443498
0.1825901175961667
0.18581325629290818
0.18409997269440884
0.18573550892691335
0.18830288455096786
0.1882826418309237
0.19096882699221265
0.19217010136958235
0.19733148686253915
0.2021000343584059
0.20815135779951638
0.21407482259602803
0.21665189342776767
0.22050399537660836
0.22650327706392218
0.2320052675381688
0.23833270104078186
0.2431874285714907
0.24521486183035573
0.24768931119055584
0.25072417804008323
0.2535662148303371
0.2584399533599845
0.2622304042742748
0.2665690761288891
0.26869867688427007
0.27157772102680444
0.27361748548870996
0.2672337026620359
0.2618577034698703
0.25378006384431445
0.24738843537316835
0.24289739974955474
0.2401439486647324
0.23824648470441526
0.23740167142450697
0.23396462904136942
0.23305696752533858
0.2341258162479473
0.23476644042131362
0.23483560745812318
0.23695552962108773
0.23718115226734632
0.24131582471821192
0.2422116946698871
0.2427834222993343
0.24400878056193598
0.23726473042814017
0.23544522746671828
0.22574204645157983
0.21606584799963321
0.20696614945270955
0.2032473829377799
0.19745947200976213
0.1962961850706469
0.19144996419617852
0.18654278487752002
0.18333521663841473
0.18231836590061445
0.1814995135100873
0.18197432672741595
0.17941821042825695
0.17470755264001395
0.17259102843273058
0.17310339586857865
0.17289540554444727
0.17767314792728306
0.18019990966309446
0.1843129423093498
0.1903143568759565
0.19205979326585992
0.1918552223030778
0.19465626721581378
0.19547423456226407
0.19731072276158004
0.2005277353426499
0.19817024979931408
0.19858889618150552
0.1971044830737233
0.19331443616216787
0.18720302089456817
0.1820129875134079
0.17566355554044
0.1684475583098
0.16389512940480297
0.15798212707075374
0.15174916574919908
0.1449539993866434
0.1444203217480413
0.144499451764809
0.14680800846757192
0.14935947705318106
0.14910361889832402
0.15157150425675667
0.15253954091348487
0.15246049680505547
0.14978749035116368
0.14499693674431144
0.14717156752412916
0.146944707521537
0.1458381909475647
0.14850840364580659
0.14756693879441005
0.14319554119911915
0.13870290447341532
0.13503925414512463
0.13068355063706832
0.12815981055944822
0.12703971658486254
0.12552365116506875
0.13046430600564482
0.13203240897364785
0.13829945489209758
0.14105904904877212
0.1411527161501474
0.1429351593229534
0.14700138383196554
0.15368211224864228
0.15779487572829276
0.16002791690409263
0.16121305191238913
0.16452548184304078
0.16528840403459308
0.16464911500278887
0.1670880403072566
0.16895190237330732
0.16948817586499945
0.16808719606756203
0.16885995347784927
0.17061817186778122
0.17424332449147656
0.18007055060708588
0.1844356352239791
0.18564203875714447
0.18495482179966835
0.18047139628175038
0.1781529578115953
0.1725755933988027
0.169868878459294
0.16729815438534817
0.17178645185674948
0.17807962248646775
0.18359016387598512
0.1890317509247652
0.19582228130159587
0.20445040741044998
0.20912986283161844
0.21062302014987216
0.21574124756041538
0.2203995715843553
0.22351090216951996
0.22853240808439693
0.23193582020127004
0.24091775808151278
0.2477481399023651
0.256919313304611
0.2651896806836439
0.27809444595965416
0.29077675556743054
0.2978095758331122
0.30158956834657963
0.3028420456860893
0.30748436558935277
0.3104054384816178
0.3154872307657329
0.3125420888937306
0.306275191786192
0.30009149428477244
0.29480026093015443
0.29116639537889705
0.2877859203976663
0.2848379479404639
0.2819453775242039
0.2799835848280932
0.2809072059746024
0.2820273231296661
0.2843071153689084
0.2846714915381034
0.2874608221437858
0.29045356754463747
0.29422206354092717
0.29771026990197447
0.3019946217160615
0.30089111102961347
0.29666515554928863
0.2938406101511111
0.2929370180732511
0.296339804385142
0.2997963036405581
0.30256951269999616
0.3047634721425037
0.3044480319567408
0.30683565401356566
0.3089855806330019
0.31310204558262084
0.31661601655600347
0.32322883180378126
0.32932146181062655
0.33588685621632564
0.3382455976176568
0.3386224522789327
0.3390476121644891
0.34084047179382215
0.3452821315921895
0.34442052916947485
0.3477010640695101
0.35006113740219985
0.35107959891474516
0.35189693065401073
0.3476621782230691
0.34237242605472773
0.3389094521439163
0.3345567261546038
0.3333884539644683
0.33197355058520855
0.3295371927403266
0.32747040767709906
0.32266498623258477
0.3150564165016227
0.3068356730929561
0.2967908827988736
0.28574751356429395
0.27244790629789145
0.2606342236489235
0.2489929541980963
0.2334684195673531
0.2184251405592528
0.20149857823583123
0.18982210461301646
0.1788845311594077
0.17025247498437426
0.16552646494400905
0.1587241085658509
0.15489889000797058
0.15138276290121958
0.14743430292095172
0.1405514494285223
0.13095005170797758
0.12307430492907438
0.11722563811834782
0.11159541862405199
0.10530644534127642
0.0946088112199612
0.08512887586111818
0.0730484903181558
0.06110814714170657
0.055469074233445076
0.050649313422418886
0.0470431094447224
0.042390673287753804
0.03874521562847744
0.037350639929462325
0.03360645402056201
0.02910875533923039
0.02677770044308834
0.025972499526056122
0.02512519757453764
0.02793588569771785
0.032198194474313074
0.036278023683472174
0.04367796365828186
0.05159722157438224
0.05584950497411714
0.05940273680802429
0.06276895838959645
0.060700663622764654
0.062357259346698626
0.062485930213587754
0.062993509835435
0.06308860519730626
0.06888027759254951
0.07482431752751004
0.078359440341357
0.07609032797952531
0.07827549449473406
0.08368587822893384
0.0848350684306636
0.08233571105560515
0.08220364448065695
0.08455998573721465
0.08576828732462088
0.08874042493139445
0.08951014425506008
0.0948702919895518
0.09921853193146876
0.10022163834307438
0.09655312346951422
0.09754831004143183
0.09820449760429871
0.09848070632805114
0.10104830496511413
0.10898148835435802
0.11885739052502584
0.13442107364706102
0.15121361108480263
0.16316910713846583
0.17574398966619315
0.18443911657076967
0.19391421285255347
0.19973575129264845
0.20361984688036006
0.21167554685314616
0.21541690663784788
0.21760934276432348
0.22140226305363087
0.22599316233593028
0.23064612100658732
0.23874555646393364
0.24745114298848486
0.2585529063885533
0.2677939040573831
0.2748068902811807
0.2781609552150403
0.28240515698974356
0.2868672693911008
0.29422937508419494
0.3038320802639604
0.31226860390701044
0.3157306339799277
0.31904223280018584
0.3212418347546359
0.3162854213852312
0.30738551534680075
0.2963921419298054
0.28926340065417877
0.2796293948296975
0.27327167998961316
0.2675279140052201
0.2608099243419475
0.25593165153047165
0.25005356110286486
0.24107974588190823
0.23557041688353256
0.22707549463359877
0.2248163654245536
0.22381870404531043
0.21623203410068484
0.20702585007866792
0.2014008880830856
0.19767806977742897
0.18490663700963014
0.17073675790066106
0.16156366940447214
0.14890998433126482
0.13318071828192993
0.1202312609148687
0.10976638774503647
0.09680145910256169
0.08853724153825947
0.0863266061073553
0.0813514040410387
0.07566345498822397
0.07102896275379457
0.06658260864541363
0.0679801898334428
0.06898863181193249
0.07197539839061659
0.06965758839664611
0.06971370328205538
0.0673700384139495
0.06388700553864182
0.05886580724024311
0.05866363888360946
0.05515362313383989
0.0519794363697548
0.05128409499157324
0.05153968703115339
0.054505554672321106
0.057758339843282984
0.057672337990497716
0.05496061776783473
0.05595011616647014
0.05895924417886769
0.062043524249254134
0.06623457481130551
0.06688527549043738
0.07052039914235808
0.075450384974743
0.0786424450521981
0.08356481708424982
0.08543968781441272
0.08482778653658607
0.08103967822438832
0.07862721540690287
0.07835865229070277
0.08189594039774198
0.08406887754032519
0.08618058771659728
0.08867738341519374
0.08846537786532112
0.08851720771755626
0.08706037328788116
0.0850137683323662
0.08713700698446476
0.0908819637645186
0.09567033819186256
0.0993255183633989
0.10021098867047971
0.09566764979156038
0.09276806436089506
0.0879950204007282
0.08820100694925316
0.08482118008850781
0.07887413712432291
0.07152287972222215
0.05979490770260845
0.051990498143127534
0.04406370842406453
0.03619065392296656
0.02929399689554361
0.025388956657786173
0.017528062518086418
0.008776249071127437
0.0071274728496497994
0.004356584102208419
0.0010042510924104789
-0.0030149171264606143
-0.003270269240915449
-0.0026829327670158595
-0.0018300825065760635
-0.002471288391926731
-0.006219168236271018
-0.010332598078780864
-0.011457002728520328
-0.019161843433106906
-0.028445177796585557
-0.040701600102382454
-0.05476126653842246
-0.07004627837051407
-0.08190912247974033
-0.09351733844368579
-0.10393979195718461
-0.11210065132139022
-0.11861560868780936
-0.12690336979534134
-0.13140482041507034
-0.13408459477242815
-0.13504557934824063
-0.14020980486597873
-0.14454605918504282
-0.14591882207405535
-0.14216193704981064
-0.13726463151855509
-0.13475906589577336
-0.14045947435521403
-0.1443378492643693
-0.15026145759460666
-0.15655250259547226
-0.16403065520637322
-0.17209473408452497
-0.1744535310338706
-0.17749720800168223
-0.18217393474230167
-0.19206989464140387
-0.20167532239753883
-0.21443406273391422
-0.22246924782012012
-0.22850323734768205
-0.23721870381093804
-0.24806808848633338
-0.25812908509908156
-0.2675570992411335
-0.27825820403930185
-0.2907805790852469
-0.29761691918270744
-0.3063082901260653
-0.3111701786469235
-0.31109058017182717
-0.3168176784542767
