1.0
0.9996955824770146
0.9992037077338377
0.9983924127019723
0.9974919029109234
0.9963315407061089
0.9950150028042841
0.9934015492361759
0.9917698524306214
0.9902006219245169
0.9886680822658716
0.9868677446335153
0.9850193503680202
0.983422305016369
0.9817405517842233
0.9802525062434676
0.9786043818029649
0.976723516568969
0.9747532330402988
0.9727975129250677
0.9709133093081828
0.9691039070795933
0.9673764933411648
0.9656544212894247
0.9640870744881493
0.962502833364621
0.9610273159100734
0.9594982229336322
0.9578875069272389
0.9562378777859493
0.954516711938979
0.9525699043784829
0.9505267451936086
0.9483823195627634
0.9462592023939882
0.9441013387735896
0.9420753757509401
0.9401557517477342
0.9380816856212226
0.9360422656677604
0.9339869462556396
0.9319715897126262
0.9297620940202503
0.9275048548000832
0.9253702798577217
0.9231550151007166
0.9209151163968635
0.918569850174868
0.9161464060846476
0.9136005172270784
0.911149191176593
0.9086506857630079
0.9063335658919327
0.9042594588143806
0.9023673487449905
0.9004844104465815
0.8986126037704258
0.8970682465728785
0.8955526900738963
0.8938270198618165
0.8920802537612315
0.8903897497964549
0.8887196835013146
0.8868828988308908
0.8849455038383781
0.883032788082947
0.8813247244432786
0.8795442256059179
0.8777388871653343
0.8759341055852873
0.8741701292595135
0.8723794630947967
0.8708263621710336
0.8692581936786066
0.867839567314366
0.8666750358698374
0.8653933151076509
0.8641087087581473
0.8626922737784358
0.8612300002213626
0.8595679922078983
0.8579509310860559
0.8563534319142804
0.8546919777333244
0.8529973776505267
0.8512949829210809
0.8497134578852711
0.8480905601830888
0.8464842387715472
0.8447632279893045
0.843046841624945
0.8413853542128651
0.8396040429680607
0.8376440304961892
0.8358165535614257
0.8339155908038957
0.8321344519654923
0.8304226002515948
0.8287901288194547
0.8269736730318359
0.8251934796460196
0.8235032508119089
0.8217850996770073
0.8200198418621523
0.8182723027350668
0.8165838095082915
0.8150590399105471
0.8135965420985146
0.812131479300969
0.8103917202914634
0.8088729909306747
0.8074500794300534
0.8059804298056128
0.8042179956251493
0.8024632645021967
0.8006950131624494
0.7989563309703313
0.7971367438038126
0.7952682043615454
0.7932854765931581
0.7913286018354814
0.78948858901837
0.7876991744138521
0.7859535428907285
0.7840834432197993
0.7821328422749382
0.7803043373283922
0.7785675048763099
0.7769064369044695
0.7752586774689814
0.7736893910741668
0.7720720060829082
0.7704753175274461
0.7687264886002141
0.7668006223107733
0.7650335729774619
0.7632546046105355
0.7614985026339747
0.7597704811671482
0.7582819219904289
0.7567770681532845
0.7551637624716929
0.7534980923384216
0.7518590977433874
0.7502991967526015
0.7487987057589234
0.7474454580129852
0.7463624664719928
0.7453225001783439
0.7443628402012341
0.7432689583201061
0.7420340359047302
0.7409508141695001
0.7397131664688682
0.7384844063112331
0.7374091645873024
0.7364097421684973
0.7353036038695742
0.7339852259045843
0.7325570950727751
0.731141489261994
0.7296535798098428
0.728218598366749
0.7266554507730028
0.7249978203096973
0.7232571895415968
0.7215684549853221
0.71983715652571
0.7181655945183465
0.7165667461560291
0.7151194803829897
0.7137195701869806
0.7122536993683416
0.7107420934085779
0.7090548050871195
0.7076124352681089
0.7060473512682192
0.7043742478054149
0.7025771143022266
0.7007138908748078
0.6989076926574459
0.6972023060328482
0.695564695220854
0.6939313189705467
0.6921260394571335
0.6902762668903865
0.6884087854075366
0.6866792902731076
0.6851006197088673
0.6834612299294586
0.6816999721665475
0.6798791994231973
0.6781212870952179
0.6763395952742268
0.6745782150126995
0.6727443559785898
0.6708411593499796
0.6688386318479256
0.6669615856727227
0.6649495925560084
0.662906260089665
0.6610745574999646
0.6594468458305575
0.6578931054161266
0.6563810987841694
0.655026843949285
0.6536866313553173
0.6524886263828451
0.6510509017812794
0.6495672509887009
0.6481489713816704
0.646735602854253
0.6454274342589907
0.644147407360566
0.6427836309624646
0.6414534608338593
0.6399620682312062
0.6385749720845786
0.6370693745192473
0.6356869995541676
0.6344282746886193
0.6332796783350992
0.631916416118744
0.6306033770947689
0.6292971148019093
0.627947009352549
0.6265523265962489
0.6252148306448773
0.623830758455092
0.6223710763985195
0.6207268521194618
0.6192548311348719
0.6178532129712374
0.616338047536615
0.614830290802287
0.6132152747925241
0.6116413553716099
0.6102408296794489
0.6087231652988474
0.6071736482028414
0.6055337932625905
0.6038898939165679
0.6022951360513394
0.6007357225663177
0.5992016397510255
0.5977514081186603
0.5962600889052603
0.5946924345693299
0.5932567959803773
0.5918089261039009
0.5902804533948433
