0.15709632464698942
0.1603192218459686
0.16403988008517167
0.166153637923942
0.16729461363233206
0.1674313137246209
0.16923582412745103
0.17029009345258111
0.171602572732083
0.17242584390275878
0.17378332574066807
0.17325002525456
0.17304772842209618
0.17326772746459435
0.17397008762447697
0.17494108696978738
0.1746447493741387
0.17517273942517136
0.17464066284742333
0.17575694314056606
0.1766067406614623
0.17701334208205144
0.17730230781166453
0.17829706787905264
0.18089809009453614
0.18296512447217775
0.18472683204305468
0.185742939620264
0.18544774166873404
0.18761325484573785
0.18865375230008824
0.18964420934937812
0.1915218649729036
0.1940506015156269
0.19672300723999134
0.19758461866235494
0.19771180948065045
0.19599538764300495
0.1948312448909182
0.19333487543858255
0.19178226618875777
0.18858352937875858
0.18652961536609447
0.18454708756314975
0.18347473090696523
0.1814853963049148
0.17813271166428007
0.1765301356757689
0.17487720018390526
0.17362773287637995
0.17411058217290198
0.17360064943235212
0.17338510897918308
0.17266331081222494
0.17186465147713628
0.17071474690718386
0.1703752255097537
0.1715923062734763
0.1733237485756671
0.17470518245803773
0.175657188351606
0.17748774312545998
0.1778472011959868
0.17599255649336878
0.17245132927735202
0.16863747054631806
0.16540915322188499
0.16246882122441483
0.15926154732179396
0.15582769512827496
0.15560482227796182
0.15425636716479635
0.15422808661421714
0.15427561308009302
0.15242915376670024
0.15002153998075757
0.14748799314001299
0.14653238584182884
0.14498854509348344
0.1419289776577604
0.13892827770744814
0.1350299171535532
0.13171342301612354
0.1287404249493377
0.12603344856858453
0.1228495330867836
0.11843451883013054
0.11459497489909144
0.11092139727481516
0.10637042962563259
0.10351996669308627
0.10180239107985249
0.10100675053541205
0.10187648367309643
0.10131671354700009
0.09991498618322124
0.09946715314231563
0.09929978845682255
0.09875551723044516
0.0982170903732656
0.09861418214720334
0.09887700215993682
0.09890124357307742
0.10047580523699311
0.1003794172690192
0.10008635269546046
0.09827133486804214
0.0972222560179539
0.09648340159468576
0.09493722316505394
0.09251759217718243
0.09017240066049691
0.08788018613126979
0.08695021611514113
0.08658547573692572
0.08628662000463606
0.08664765504313565
0.08637206087231758
0.08519596388637216
0.08490127706837781
0.08573938080793427
0.08708636769156555
0.08942324826607075
0.09055329461240498
0.091880498187689
0.09503015537949683
0.09719003800803924
0.09958864663753439
0.10163726804104875
0.10272867361434741
0.10488042300268938
0.1077669115546824
0.10806593358007052
0.10852831821589379
0.10912641037398406
0.10928037871346048
0.10785795905040121
0.1059938077600382
0.10477098207205013
0.10318610333864582
0.09989067853021927
0.09696480951267845
0.0934975793551518
0.09036957611109978
0.08687195251806598
0.08366753002340742
0.08078093352612171
0.07834098035231181
0.07683589845370438
0.07518830916298515
0.0734662347466651
0.07146652939509765
0.0708828618622629
0.06948373528195363
0.06890622224501884
0.06855297623672642
0.0680734688663258
0.06822331823239132
0.06868648688812877
0.06842266548698636
0.06651302450523461
0.06639537711861158
0.06662349102847448
0.06628592340252709
0.0651363134998682
0.06294319333571269
0.060929354084297824
0.06069454316976086
0.061336873785589476
0.06308410296313899
0.0644007539446735
0.06583113492084007
0.06623168432593422
0.06563305778690126
0.06718982511451625
0.06985131657771262
0.07368764014827715
0.07623679887818324
0.08015968184193087
0.08331013252235474
0.08640106558010796
0.08852016641442538
0.08979719340870966
0.09236160367653523
0.09490767036942145
0.096874370161537
0.09926642268957454
0.1017734281479385
0.10527975422200056
0.10752505454008533
0.11155287361710985
0.11544642910148442
0.11996443001866307
0.12437931064070507
0.12870560099426626
0.13251538342797323
0.13479591409643227
0.1371183226617715
0.13771100686325313
0.13799075580716275
0.13901144288640607
0.14000816474086736
0.140633209761912
0.1436737535085298
0.14627049644094797
0.14899321022364673
0.150680536730877
0.15173017401358369
0.15329175467965026
0.1547514870544902
0.15698176873250907
0.15862649123761965
0.1602788751573293
0.16158281024874285
0.16140317880197758
0.16067867456161555
0.16039519986856848
0.1616461520023777
0.1612330342190897
0.16105858050681965
0.160167366125008
0.15900511082128654
0.1582471912683365
0.15691692584694322
0.15489530987899075
0.15360289481821082
0.15352671423849232
0.1543723941267809
0.1558489629236007
0.15583323879049912
0.15719103140421659
0.15669753585219623
0.15581947376234617
0.15313495616225098
0.15136310072447542
0.15110390469663784
0.15138681643338336
0.15116048377939903
0.1505052068127997
0.1501805714551117
0.14958934763887685
0.14852230863440485
0.14860899709863412
0.14850257156702668
0.14555783664461808
0.1434129865117861
0.1424185470500621
0.14000705279352743
0.1367222114354034
0.1339203356932973
0.1313725727362813
0.12886899959081596
0.1245305199712897
0.12088620843914018
0.11743055803660873
0.11523456697332918
0.11285307736734615
0.11136388145680998
0.11112572097922292
0.11144415589195783
0.11103357350083226
0.11017344334306338
0.10882240537294152
0.10764578894687273
0.10670087031730942
0.10493126071067445
0.10319498144593729
0.10119265894287487
0.09755289788694259
0.09503244788855074
0.09151310064760167
0.08756832527198416
0.08334907217746353
0.0792769507081414
0.07528373559014466
0.07159722541041698
0.06604184469815999
0.06124441827067922
0.05650466329502859
0.05261218543739375
0.0486203326509598
0.04455551288881583
0.03978547181182187
0.03474758402937356
0.031548868188590325
0.02762912559692762
0.023837409704313604
0.020342348347323246
0.017472425736911254
0.013493189715996144
0.009292563222576499
0.00624829824002685
0.0031015583618583167
0.002104180091280528
0.003371304926161432
0.004909625906219732
0.006045392400080799
0.008103514875914403
0.008826628218405038
0.008335404510802906
0.008042848920315865
0.009391237081971426
0.011477484701135975
0.013218635020146422
0.0154829982047856
0.016043235773013413
0.016893271429893768
0.017252085776175194
0.018210040336497334
0.018342116392073914
0.018663650456040442
0.018609757600281447
0.020424813224524337
0.022104859877388403
0.02397940782511953
0.026140921741244282
0.02830613714634028
0.030783032338330598
0.03313926359549952
0.036256045530412256
0.03792225655006914
0.03853472297477348
0.03974261787658605
0.03959063787995585
0.039788878136332466
0.040796040153407966
0.04283954764848791
0.04431861371878548
0.04386687184238732
0.04301448970981765
0.04105783816449675
0.040000951999816764
0.03908947295019641
0.03892794922733415
0.04010208097609591
0.040066851906006055
0.03973463706177939
0.03876048154475635
0.03676242982280965
0.03531472391583158
0.03290138789434203
0.03270173071579503
0.0317635374511702
0.0309541412317871
0.028337053047386564
0.02646671115349616
0.025939016087244818
0.026450834339912674
0.027623530581106417
0.028035775444296616
0.02799268187384402
0.027798243335396246
0.026607639032195013
0.025830148609887887
0.02394074299698013
0.021050972355390704
0.018740507768030913
0.01595793069498573
0.01320929535094625
0.010987306897325494
0.009203542810053424
0.006789434102527421
0.005362990864098567
0.005895173230403641
0.007757248223773501
0.009522245224033329
0.01174410901074583
0.01441561161131489
0.018239954725438143
0.019915499122978603
0.020670028897067046
0.020670779729861186
0.020362332299746894
0.0196858970105611
0.021039095933348375
0.022741082660534328
0.024251166847387907
0.024343110354468046
0.02280676697215314
0.020471268306645873
0.017868427818370062
0.0147806418779084
0.01229537934642855
0.01075556662638839
0.010846039954035854
0.009944702287019897
0.009300970272952916
0.009269346304286734
0.008953688353675604
0.009033727832105293
0.007290349178758848
0.004010250963034152
0.0018741174546188827
0.0013823472965837176
0.0013157973591942063
0.001166883790571377
0.0013654413494424186
0.0005317384838862723
0.00033104200722822565
0.00010659015308988004
0.0002723444110351715
-0.0006918172961518775
-0.001424398347023914
-0.002227975705175816
-0.003416635719787521
-0.004791446896560112
-0.005630113435526768
-0.0069629259867822
-0.007949711181152487
-0.008313519883262859
-0.00912133692288676
-0.009979692296554543
-0.010058746602797979
-0.01226206279032798
-0.013699234381722939
-0.014902692802998763
-0.015764352792837475
-0.015563772116988742
-0.015145019198102341
-0.0141722868347791
-0.011902429069788188
-0.009642260017171226
-0.006897057634619842
-0.0038943469109674208
-0.0013265207673188333
0.0009728784819379691
0.0036642841996497736
0.005549091989283092
0.005901024061880367
0.007935812957971449
0.0075505908290289855
0.006767635733207822
0.006640086925128916
0.005982565221532428
0.005115762558700628
0.0053805195384783846
0.006241317605154479
0.008242671035603444
0.011094268170737769
0.014376149751893594
0.018101562952697825
0.022675085964516353
0.026778048247507073
0.03059882036004667
0.03512614901887955
0.03882841883270001
0.04310815842081467
0.047812123113422686
0.05190342558450627
0.05530925480149973
0.05810624178071461
0.061928825154751135
0.06212338642881423
0.061537810795685675
0.059453809051193386
0.05688412209078634
0.05518747988541944
0.05421584819935089
0.05334722887713897
0.05226404703547138
0.05091647086004335
0.05129845057437754
0.05163387863918423
0.051624900569381675
0.051541283770703016
0.05431069228001757
0.056406979759843115
0.056551478973565994
0.05593495274598291
0.05442720782612134
0.051825681848321176
0.04898616798650808
0.04781128303554822
0.04701082242448525
0.045721551717539735
0.042084241718133734
0.038430748807807086
0.03304507241910321
0.028106725901907555
0.022882674108566464
0.017516516381473474
0.012885783984129923
0.009000957698838479
0.00524087221597415
0.0014918289566361554
-0.0016674306021554506
-0.005352183045069846
-0.008546297232833905
-0.012171454942383735
-0.014116256893928338
-0.015311165730871143
-0.01603849910672537
-0.016001337686442404
-0.015353175156500164
-0.013261696252422087
-0.013164041445785353
-0.013241223940138321
-0.011940845260316168
-0.012355188968013004
-0.012817565210714492
-0.012912468633389355
-0.013337299922328816
-0.016017039581813133
-0.018933441397047862
-0.020729659857880327
-0.022101065766003465
-0.02339503439387492
-0.024948170213950488
-0.026127965092629497
-0.028179233198976358
-0.030614017271224956
-0.03241221989398355
-0.03319801954551824
-0.03488667435510353
-0.03720935341928058
-0.03989901588582016
-0.04155066865979006
-0.04451673717294014
-0.04671404783259161
-0.048536777820377866
-0.04944365949484795
-0.04799386518442097
-0.047322410369419525
-0.04715931564492115
-0.04580565356817795
-0.044486886913336424
-0.041868134285059616
-0.03743009058780584
-0.033872380586918015
-0.03184551140457784
-0.03112039033171916
-0.028687214582483165
-0.027471029243719136
-0.026873122824772867
-0.0262714561965978
-0.026176598305452853
-0.02640108263308607
-0.026028695495756024
-0.02660260706038779
-0.02657697138420899
-0.02498684670862011
-0.022346035679583993
-0.019976014203517196
-0.016440571881619147
-0.012246926081290016
-0.01013082104892251
-0.008002599190295487
-0.005798069239135179
-0.004545591254657433
-0.002871241453968483
-0.001631709772032378
-0.00027842408288115527
0.000936090482310817
0.0013889517081286076
0.0031587294224541254
0.002960436740716459
0.002066037689798755
0.001360593497068246
0.0018193869865509179
0.001989360540691193
0.0016337183761395342
0.001907370498287214
0.002849690988493187
0.002924845631722966
0.0034505701926586738
0.004723453466854603
0.007554181172551324
0.009157863074986169
0.011407373901392171
0.013118467247865388
0.014262515987789742
0.014787387663320538
0.014004755446551304
0.01427269512475545
0.015247860483702937
0.01596433477904961
0.017927031580416725
0.017728741800636917
0.017821857625323012
0.015971489355479346
0.01459060038870697
0.012624735779071972
0.012081606755291898
0.011395136486983856
0.01197488479946051
0.0112052208219604
0.009543796628213268
0.007661508275011365
0.008601569121726155
0.007936945881772014
0.0075794132064442125
0.007082721872683645
0.006706091991333208
0.00734939763316948
0.008185054506586971
0.008698547663184699
0.007348400510680086
0.007012148671935468
0.006714710380371566
0.006055678136315427
0.005482489887948608
0.005411062719208588
0.0058986672041618764
0.005120102546005521
0.004705675780759859
0.0042890893763908354
0.003540450801204082
0.002891480817375688
0.002344755280892027
0.0021117492821083415
0.0016657135207375864
0.0010540464259234652
0.0007360758241748506
0.0013427924714324896
0.0016952111775319562
0.0031301859367038384
0.005263329035787828
0.007625682502685527
0.008141538218206698
0.009998140288973906
0.011304326843656783
0.012426987309473815
0.014171765482545189
0.0139727148380107
0.014259400828181605
0.013129670027215417
0.012185937057454474
0.010993612559248835
0.0103142676537958
0.008956902208239245
0.00789543367946527
0.007418924171268435
0.007406506195334161
0.005511549004773246
0.003706302449127734
0.0012940126336445888
-0.0009350524721477311
-0.003107594364860013
-0.00580317382189465
-0.007978141932607371
-0.009949533253596368
-0.011331332226655699
-0.011818468667656238
-0.011274666959941112
-0.011260480311014022
-0.011228843946851738
-0.010951363663332573
-0.011114118650259814
-0.011279360307424238
-0.011788148623494824
-0.013221581647708463
-0.014526381304727892
-0.01457419314314076
-0.01569112320615593
-0.016281345069957712
-0.017597958982900945
-0.017459777797249776
-0.016806210661461665
-0.016645184874840922
-0.016354347881676896
-0.01797491563259353
-0.020884755167600036
-0.024563721516311816
-0.0269949908079649
-0.02764207544803684
-0.02823462587376008
-0.03030365616539711
-0.030395969530342487
-0.02928537424554764
-0.029650284552638465
-0.029361312037166732
-0.02939639562014062
-0.02980454952302601
-0.028588066370705937
-0.02673746756447895
-0.025252887852722238
-0.023614274245047678
-0.020632795230660927
-0.018891660498933722
-0.017130501342148097
-0.014913768712721012
-0.012680686963944485
-0.009184883175172348
-0.007443757920009061
-0.0058158551037598444
-0.005251220803470802
-0.004571570569527202
-0.004055328717428967
-0.004434020585654921
-0.005433109108537518
-0.007819057059607773
-0.00938739053838651
-0.009711713089429823
-0.005689359528545469
-0.0018659081189930146
0.0004158494576733461
0.0012821938343718531
0.0012780447621019203
0.0013668575600944085
0.0025877957544139735
0.0035599664727019842
0.004804393828415188
0.006918104508090717
0.008346436064641796
0.009643165357927225
0.011590239042854002
0.011899011221833435
0.011473930926103503
0.009622107811743698
0.008556485561817012
0.007816060074338067
0.005384355938947662
0.0028196647123801388
0.001618905381046381
-7.13128693155267e-05
-0.0002786982279144597
-0.00030200214442694203
-0.0006794338451025373
-0.0005720753067386307
-0.0016858324172181584
-0.0029314090843242614
-0.0022704072680034357
-0.0022633904900920565
-0.003725572996380794
-0.005087726429965463
-0.005269576728087311
-0.006785056334539012
-0.008144550258702168
-0.01145560886049668
-0.01401543815982847
-0.015593341902301792
-0.017148255433846023
-0.01996902054739137
-0.021956494258655306
-0.02413700648397567
-0.02584815261241766
-0.026614377400267748
-0.026614357670818312
-0.02577423586422232
-0.025128160134733967
-0.023237243489384107
-0.02250417462808789
-0.022348322299879222
-0.02153822357646221
-0.01960638114165414
-0.01701934654118598
-0.013737685527207905
-0.011957317036596636
-0.012204855946463826
-0.01262227446808194
-0.014024152024990091
-0.01577310279332874
-0.018850763337301887
-0.0228102921987577
-0.025922398438172324
-0.0282100709830705
-0.030312139470353012
-0.03161657449427362
-0.034161315430475556
-0.035616184129374194
-0.038165505083811745
-0.041270582078317936
-0.044451428904206974
-0.049508890238114125
-0.05352109683367903
-0.05529162268740476
-0.057398745290668664
-0.05851890126920788
-0.060243633053910034
-0.06186212833945511
-0.06429250684998762
-0.06636614462344693
-0.06811079910617153
-0.07090701058858409
-0.07299357301133363
-0.0740175394842484
-0.07590083476658606
-0.07722325327582821
-0.07962819830141676
-0.08293187691371554
-0.08739809143939532
-0.09306013786215804
-0.0983152468392926
-0.10397159869628098
-0.10940346827450873
-0.11421801965907713
-0.11873713071811051
-0.12500528797133306
-0.13004328521683695
-0.13329814728252606
-0.13739705808130434
-0.13971863864344397
-0.14183924870982934
-0.14412760680441503
-0.1442091201220165
-0.14457800627534817
-0.14443363852295568
-0.1441546099717445
-0.1443899295606819
-0.14350127055340414
-0.14254972270215352
-0.14189967139023835
-0.14033337175425614
-0.13847852379856312
-0.13573433166438142
-0.13345320851466913
-0.13084829899370787
-0.12831625218123344
-0.12567325889513573
-0.12379773465627426
-0.12270946317991648
-0.12175807167020898
-0.12091441608764869
-0.12153812053445794
-0.1223703378699523
-0.12286072278388531
-0.12276944174652156
-0.12166234591017601
-0.11875264934750411
-0.11686450226561047
-0.11521234822560165
-0.11412132519429254
-0.11262710696070258
-0.111751244014296
-0.11163587003695445
-0.11089835286716437
-0.10982586740623194
-0.10569853752567762
-0.10193891053691637
-0.09973848994072605
-0.09694079121085791
-0.09507382147676809
-0.0920545830012256
-0.09047576490539691
-0.08797670619561791
-0.08566389754567258
-0.08469035862152378
-0.08485854406312161
-0.08457869398920023
-0.08741193590311899
-0.0885921604129769
-0.08935495331513463
-0.09126879577126855
-0.09337067268678405
-0.09514914892450849
-0.097370869130254
-0.10027436797504029
-0.10304232164123928
-0.10713817874185708
-0.11106191457565982
-0.11571525798495784
-0.11901181489825591
-0.12160426061959634
-0.12280063559029465
-0.12263643113407136
-0.12060752263629085
-0.11725396860314799
-0.11477668865136682
-0.11296899493092621
-0.11067217201299574
-0.10735465594457523
-0.10384850610646909
-0.0996250123253848
-0.09709232014645607
-0.09302117925073124
-0.08888964478374983
-0.08624978656911486
-0.08494748417975878
-0.08375557165351287
-0.08189135986122772
-0.08019541344840364
-0.07858980641510584
-0.0775927677283144
-0.0772712354573386
-0.07645633953292573
-0.07582291634897155
-0.07444869635234512
-0.07169086841007745
-0.0680082135355781
-0.06439906592207534
-0.06177738910737092
-0.05820931058143489
-0.05475859772234197
-0.05111083467095956
-0.04854143489659399
-0.04603230137491436
-0.04202973711126419
-0.039316777080270274
-0.0355486521988245
-0.029524148997339753
-0.024887436503599647
-0.02047168380839075
-0.01756097919755411
-0.014166656923639503
-0.009876511570501316
-0.0064182148679969115
-0.003289719062887403
-0.0013786963212924735
0.00033771164982108895
0.0020140810244323676
0.003750039593747042
0.005559352791724859
0.007155905364225832
0.009374755071969231
0.009328197243831429
0.010521929103668379
0.011102886095964713
0.010354933630697612
0.010041994073460172
0.009836333207366585
0.00954173520097127
0.00891096894434732
0.007460895028256564
0.006804474568081176
0.006858141173895375
0.007903994841202008
0.0068667215135013535
0.0051436321964195356
0.0019228384904849427
-0.0005142746975108034
-0.0030827596567285158
-0.006080712184253732
-0.00844484246339907
-0.01043436745467775
-0.01084736291691262
-0.01172608118161933
-0.011102126292205724
-0.010571935728452745
-0.009764365727600862
-0.00851554175737488
-0.008583253812966592
-0.008821686805012595
-0.008577952014494678
-0.008410456061681473
-0.007956129437681491
-0.007709790218313547
-0.0075796806908701815
-0.005552668622466972
-0.0050586419655962445
-0.0027953401131713632
-0.002223175650436983
-0.0007101015800372291
-0.0005270941825408555
0.0005972648738644118
0.0007638439986879776
-7.952138181395549e-05
-0.0022647268535952894
-0.0044612587666177685
-0.0052580648552381995
-0.00586159413003368
-0.006017207335919709
-0.006201079007850509
-0.004865414592438632
-0.0034425066924567327
-0.00167628493817604
-0.0013145148413505458
0.0001570004764762413
0.0005519879848858138
0.00335867531068306
0.006475063842771803
0.008470254292935917
0.01051272242011634
0.013602162767980534
0.016380078179484298
0.019521348192671074
0.02309814335103375
0.026867905300156193
0.02978460002241891
0.034856828175601554
0.038587967881514
0.041869330158480704
0.04518526830558773
0.048773015973033566
0.0525283237178397
0.05571854697046523
0.059085883427548364
0.062090586129866766
0.06314503554976678
0.06327553375554798
0.06395741900332631
0.06540442748119779
0.06628155458445832
0.06770570420944466
0.0688228897451699
0.06965711572159762
0.06983111074500799
0.06959255298124926
0.06818029051289727
0.06670477163557102
0.06567534136931277
0.06655786868547055
0.06751423827843533
0.06963912443676917
0.07329842916018484
0.07847294629509885
0.08373579712668448
0.08924318878010788
0.09382809165624588
0.0986770968862982
0.10199668634552768
0.10418257327465917
0.10619417166252614
0.10672372881403192
0.1065712048456937
0.10688728765778416
0.1055100746902899
0.10500632008366778
0.10535540078618748
0.10332659614696456
0.10251982714591203
0.10251043605103242
0.10262134711933554
0.10215371460818834
0.10254232081104124
0.10186152809961228
0.10124238340955745
0.0997943441314395
0.09849476762710269
0.09821233281555197
0.09819975564753274
0.09924865535163849
0.10144549147444375
0.10160037687296856
0.1034873812359601
0.10659130820318978
0.1090822316548887
0.11110628386936933
0.11295680561974891
0.11509552665477915
0.11800474415901267
0.12096877576401177
0.12490939763471003
0.12866942019752717
0.1323748429979952
0.13512274278727165
0.139031637380567
0.1417348023340861
0.14416770119891759
0.144805984445672
0.14526802306949738
0.14260931219265796
0.139684812887184
0.13622856783271112
0.13392596314460742
0.1300912772837388
0.12755717015951204
0.12502809593743863
0.12394153853804704
0.12274686844770169
0.12171334336012304
0.11967416287950335
0.11810611320485731
0.11763292807271677
0.11749870527704646
0.11805724080037927
0.11768341781078709
0.11656668398798659
0.11365311479880513
0.11050708656393515
0.1053221515560947
0.10145898061059533
0.09851671361281893
0.09643766080375625
0.09335388013449754
0.09088025375188122
0.08886304992869778
0.0854288733242803
0.08178486483282596
0.07818423503631498
0.07596721954565817
0.0724339464080301
0.06893141529278726
0.06679952610534459
0.06324910670363904
0.05969311818775108
0.05724765808052362
0.0526682970252887
0.04806701454111259
0.04408172373480931
0.04009667633256457
0.03543873522957751
0.030972857840328716
0.026118156971765956
0.022224135686035054
0.019329220877733824
0.015204258582504099
0.011772565470787092
0.009349081305941568
0.006882028530612746
0.005166797424940717
0.0014387410955585505
-0.0023819632061235605
-0.006709817315941533
-0.010975116576188961
-0.01466589715505218
-0.016452648962573653
-0.017841568466801735
-0.019075280404307327
-0.02025174247965644
-0.023843507946662304
-0.028372860896466654
-0.0328578072513331
-0.036993269581653096
-0.04136363795295502
-0.04530357681338421
-0.050284089220051
-0.05370514001415536
-0.056992939943441165
-0.05860997741441189
-0.06141962327757609
-0.06372167599558583
-0.06586871181634184
-0.06684568092256317
-0.06637877598708825
-0.06573852664609452
-0.0641987631797984
-0.06283767518027521
-0.06139901852198534
-0.059003799901796196
-0.05835036808827837
-0.05691961761224831
-0.05717101888894578
-0.05729759031800922
-0.058857622121979564
-0.06126774389182091
-0.06207340171584769
-0.06298730511229443
-0.0635055881286171
-0.06358432635472683
-0.06383581508314433
-0.06353531552844537
-0.06335012776516677
-0.06459549070336963
-0.06611406608586981
-0.06612416723765743
-0.06523154759446644
-0.06455643094092528
-0.06511958389162453
-0.06564907665093833
-0.0659258058992604
-0.06746603003142185
-0.06983039517405874
-0.07343178550440138
-0.07717363025205191
-0.0810618697075448
-0.08364233702043812
-0.08494158109385423
-0.08615640850184689
-0.08710121314253459
-0.08915938477094856
-0.0903639450413993
-0.0911615323675147
-0.09194845905830208
-0.09430395286761006
-0.09596537093036038
-0.09590928512536381
-0.09555352228231054
-0.09458542228748153
-0.0953440913131576
-0.09717782886981315
-0.09880303963588959
-0.098858902919669
-0.100301486444928
-0.10009419352010727
-0.10001758477234321
-0.09835908674986867
-0.09725825551804436
-0.09551198859925761
-0.09345846326603041
-0.09095565871455905
-0.0892146032376001
-0.08725109118588065
-0.08512177907382955
-0.08150587556618029
-0.07796040937827269
-0.07458078809386905
-0.07249229980539232
-0.07096109213594838
-0.06717479700872725
-0.06323207013138463
-0.05812706354408668
-0.05385530221747314
-0.05141803699530001
-0.04928793595533857
-0.04689077476025978
-0.04480696043557555
-0.042100327463740164
-0.0408193083331082
-0.03795083634546238
-0.03387510940716462
-0.030690970992732554
-0.02789741255975461
-0.025410194756486044
-0.022554004091010976
-0.01957209883839774
-0.01782756968736613
-0.017714340344257843
-0.016511805363948685
-0.014241314718083226
-0.010224942045424863
-0.005631458756855374
-0.0003154131494232555
0.0033635876717900835
0.007130442516582005
0.009546769594024876
0.009862721608218656
0.009377766731796218
0.008309961863266727
0.008387666009214426
0.008064776399540098
0.008204383707745008
0.008676954472851984
0.009781425044564999
0.012970093182505252
0.015534719202425858
0.016878247419198914
0.016812162693180265
0.017085349527051773
0.016439114063520797
0.016744787576460456
0.01771217325135214
0.01894954655384231
0.01895262820348945
0.019887193013286612
0.02077076670192935
0.021924720280442532
0.023493933868584845
0.027341329453793174
0.03265419201416855
0.0366775891946288
0.03966562280556561
0.0415793325747242
0.04173504898856725
0.04174060778433568
0.04087460485654234
0.03906722184950213
0.03601148675950274
0.03439406423353793
0.03263258841752398
0.03287002076878498
0.03450740894376421
0.03570451697640625
0.03785919330818284
0.04141590410553518
0.045176282914594953
0.04873890632417088
0.052382529033660176
0.054393690307648804
0.055488012701860774
0.055084919536734646
0.05438717426039038
0.05399459952446178
0.05280418924413063
0.05253737894409223
0.0507794337749616
0.04885731721893238
0.04651044142850318
0.043076610100132647
0.03788418763495805
0.03188780108586799
0.027083541564521533
0.02314979468907001
0.01895355329386172
0.015504437386373806
0.0121241060660276
0.009469750462534596
0.007033214035523425
0.004592261975259929
0.0031330726268670927
0.0022110536256138864
0.0009149731886624803
-0.0007094812314144287
-0.0025382950502061035
-0.003537158560225108
-0.00407011949882502
-0.00474218974540771
-0.004940468573595552
-0.0055482216849285825
-0.005229320049259212
-0.0046356582464980095
-0.0046008766695268795
-0.0037624012015141806
-0.002233272510598671
-0.0017192907170727198
-0.002577416654340872
-0.002969102625103387
-0.0035612928160482244
-0.0028202583045241554
-0.00028749345298276566
0.0006078300043921812
0.0016347561229052762
0.0022948248828004655
0.0021303929036756092
0.0028681017318426625
0.002138143767666007
-0.00028706988365790687
-0.0016901412000762954
-0.0041498605492798785
-0.004965708352390592
-0.006784796618685836
-0.009519344823244704
-0.012063770524379824
-0.013768533485836525
-0.014440070641296534
-0.015199550878026317
-0.016809431796656643
-0.019010457889788033
-0.02030128892676227
-0.020927702838137312
-0.021825618279131223
-0.021857212879891504
-0.022845156143728056
-0.02269838644217459
-0.022278529967101415
-0.022655843773716444
-0.023696652382777253
-0.02429344483265581
-0.02322892036723763
-0.023008058669362414
-0.023479869409979603
-0.02371466625633921
-0.023371071974230197
-0.023415122457868223
-0.02393766667141214
-0.023233441441868716
-0.020760515628063178
-0.01893181602805526
-0.018464317405183374
-0.01814537826650165
-0.018106183894694306
-0.018345170395342107
-0.019219089477472157
-0.02016684352098623
-0.02180013992659519
-0.023162287319970207
-0.024728443892382025
-0.026432330654702543
-0.028073388902332075
-0.028432708759040037
-0.029477625005336884
-0.031190899960720823
-0.033182933540507525
-0.03447104009520998
-0.03593082126295662
-0.03807450154895871
-0.037382898963689445
-0.03804417476064773
-0.03833262505848269
-0.03957124558785848
-0.03899859327758154
-0.037743597316177914
-0.03776334869556092
-0.03812218930984247
-0.03775146075086968
-0.03780161254743327
-0.03773362216394413
-0.036556829202231765
-0.03682644902980925
-0.035822172972177616
-0.03362015653383867
-0.0320367876901696
-0.028585720561432607
-0.025600190283890593
-0.022626160501601687
-0.01906273056172087
-0.015762755184846225
-0.012523861423863233
-0.009518636912396752
-0.005466820653986307
-0.0021935139181205425
-0.0018895982438773098
-0.002485719982056998
-0.0028689385478558346
-0.0021445653568054656
-0.00048630168695307273
0.0003661908316386351
0.0002958565511737298
0.0010118075659972417
0.0012237431753411737
0.0015874519416427626
0.0009297690748784976
0.0021922395486995705
0.0038267073191569894
0.005743148804762069
0.0067180709604508435
0.00818788591916574
0.008740490886873157
0.00891709533743647
0.007761884551290918
0.007209403604748013
0.00699903721188201
0.007342732052442568
0.008711021550356485
0.011536302488707278
0.014568747120640208
0.01665250675379843
0.017514764293668026
0.017566581268554787
0.017669330928832015
0.0178195852709167
0.01752532446425087
0.016844229094770517
0.01520694889113343
0.0134683969770235
0.011004318887623966
0.008579435782215365
0.007301770304512107
0.006317780068213574
0.005960273413062237
0.006267630198696728
0.00644398396413512
0.007094740658888536
0.00836813087326472
0.009835448893186008
0.009411643050945759
0.009916081793181623
0.011012845108438692
0.011496529957347805
0.011531399411474023
0.011903281974696454
0.011748681853184784
0.011608351046220405
0.010742609163447285
0.009353128091104463
0.007754964402571783
0.007001430314386749
0.006951440859145773
0.008769213471787402
0.012450003041675678
0.01539021195828727
0.019460891695181715
0.024585611104547666
0.0291853208736703
0.03395137935037573
0.038058654113619264
0.04116455670125273
0.04550871926347469
0.04914577206213542
0.05268161024335958
0.0561523315842077
0.05808086904897223
0.060315043209918894
0.06124669614055185
0.06262819262524347
0.06290796773071233
0.06273965314241363
0.061916497409330445
0.05966117199217824
0.05775359664342007
0.05556939782857438
0.05206370164367326
0.048555606906924384
0.044680260505274905
0.04110123602398714
0.0379667862721446
0.03499600452444658
0.03215371055119768
0.029569056269436504
0.029106474046366394
0.02825216846677794
0.027717648515627663
0.02720140797512391
0.02642705744875004
0.024740498157173118
0.022339989069237547
0.02110051930427504
0.01870253564683425
0.016159237539914884
0.014074749923985178
0.011999560248611821
0.010673375344964122
0.00889611502798861
0.0077814211948944905
0.007090393977504344
0.005366337972903209
0.0041040852055521165
0.0037406172756336673
0.0054793964091253995
0.007797351115058999
0.007745848641826553
0.008728650015063866
0.008650079030872027
0.008404624933898925
0.00727175473974186
0.006720121447840879
0.00666976197938389
0.005671944956390558
0.005857988421799171
0.0043499988898623426
0.0018021021490212214
0.0012024926975422816
0.000712084886647866
0.0013649703548532237
0.0018600021073654563
0.00037282643588004965
-0.0021725116833167676
-0.004387024752015543
-0.00641948571030684
-0.007868311172717567
-0.008414761469214146
-0.008442780702430068
-0.007154098773372074
-0.006499139393204383
-0.006118398990377732
-0.005421020404793462
-0.006726840760802703
-0.007615850677533631
-0.008069274795038175
-0.009365274314137362
-0.010445001912978442
-0.011842032671249315
-0.013120058446114467
-0.013459357922378573
-0.013149939457527043
-0.012894869075870124
-0.013194606077448337
-0.013321391248559184
-0.013985170692160919
-0.014988762642649266
-0.01673674360790853
-0.017695627842946433
-0.01728747569149821
-0.016458478930610063
-0.01630579283050308
-0.015157038875438456
-0.014543900461808782
-0.01416540829110867
-0.013012088355042304
-0.011817384003492621
-0.010065235891533918
-0.009056527431627106
-0.008115700437022337
-0.007344283968000666
-0.006293109429745878
-0.004861420785953899
-0.0035118426393014554
-0.004946272342011415
-0.006139196963763729
-0.006838395240450816
-0.00755270109855876
-0.007327992869693435
-0.005037329222659835
-0.002030092853508761
0.002547645046774292
0.007504960823148146
0.010757152891628236
0.013486871190216975
0.01590937301672553
0.0169720999382928
0.018484314462864207
0.02022264240451302
0.021609308548946982
0.023553441932193504
0.02571275943494359
0.027783631993800205
0.030004572454383614
0.030990612712252057
0.030852977345074004
0.03106959911958074
0.031688387989266195
0.031076684791134998
0.03179502510828426
0.03214454558430737
0.033317748975255475
0.0352728005003282
0.03525144119575279
0.03601246578878202
0.03746371053647576
0.0401647764452025
0.04297832539889325
0.04461238043441527
0.04691146820040631
0.04950381043851996
0.051468379646238405
0.05171421603826664
0.05334711921627747
0.05478173282858195
0.05690108676545262
0.05751362064848268
0.0592780911640365
0.060814816413531404
0.06247940071556291
0.0635901888074211
0.06404076770832672
0.06446329810886377
0.06675955449576917
0.06845908604317015
0.07027308045960586
0.07068840722078751
0.0709511716771845
0.07165622447013098
0.07357395850174665
0.07424335065329897
0.07534939360125624
0.07773658328079046
0.07892283274326543
0.07885288409023437
0.07752867030699916
0.07564824924739331
0.07207619282075989
0.06912364349320681
0.06859425169998108
0.06892299000071601
0.0707739190650343
0.07365887377249593
0.07528347787366173
0.07811443007325883
0.0812555257649512
0.08411778183748328
0.08730228181091564
0.08840608453680329
0.08927129173568721
0.08982399836775053
0.09069522252712607
0.09183609594081607
0.0916974270554518
0.09183812212838666
0.09213353947283603
0.09297923405549262
0.09414110917869555
0.09560919692277894
0.09883478366648071
0.10235910137644033
0.10578594229571316
0.10950946266679736
0.11327017264861682
0.11563963485536102
0.1163980021498285
0.1161609633340451
0.11532123532902949
0.1151396515640723
0.11548750167402495
0.1169334399274714
0.11660660288961418
0.11488119879181803
0.11164491435386578
0.10679536426881797
0.1039997780984652
0.10217439100359285
0.10120815291627432
0.10218611434454175
0.10304261768951678
0.1037963952817158
0.10527991202403397
0.10648860630496475
0.10857060433421795
0.10983959426741814
0.11035892469840461
0.1099033506243966
0.10989163424292085
0.11040436169245721
0.11045428653583195
0.1086169657350405
0.1054952697962742
0.10171352534808044
0.0978800714319538
0.09172110743427073
0.08676346606181407
0.08214187614304826
0.07852995249597279
0.0746022802239444
0.07201431080288262
0.06942742902096771
0.06573517863250412
0.06276607162783139
0.06141406917241435
0.05971869356713092
0.05829430298793399
0.05738140597662936
0.057245350539179896
0.05664658050008727
0.055553399531999205
0.05488873675543253
0.05276621913125088
0.049580324996660964
0.045671625118396265
0.042608584517590586
0.04046527506198479
0.03820148348401375
0.03543240220821825
0.03195017077941108
0.02942855384963239
0.026431936864245886
0.022921781083949218
0.020568067301605854
0.01728585156648129
0.01453475785691246
0.011565418750242857
0.010871122153344018
0.010991492030291735
0.011450742453905633
0.012110124324414127
0.012289251347405083
0.012173616548792272
0.013457433609499678
0.014391340593618341
0.013952319599564677
0.016356769662120452
0.018748413987341627
0.020594915833845248
0.021914845512252847
0.02268073125874869
0.02221440906609103
0.02328226129373397
0.024281734453197406
0.02491845331229655
0.025592839926452976
0.025376173140990506
0.025044920994103523
0.025301343735180438
0.025416802442817677
0.02589091788454443
0.02611391675443723
0.028059383659313653
0.029117486818575816
0.03109232619621814
0.0322374613145047
0.032872772409975264
0.032861610188817864
0.032945988849929005
0.032355684543791056
0.03225306239949408
0.032149799604059955
0.031989820059405705
0.03029319210741458
0.028948122372533556
0.02821762291568913
0.027580282653015865
0.027449495894825465
0.02889325520034974
0.029481330285155347
0.030987315469667837
0.03286002474312996
0.03388254446099527
0.03244277183451249
0.030634494057786586
0.028150456145058345
0.025746020134283846
0.023377304748155928
0.022354673095738464
0.021591956343323043
0.02081955457563575
0.02082014844234035
0.02101781110658718
0.020258125903189782
0.018627081287713745
0.016739358372230992
0.014856719528597276
0.013836438312096156
0.013315753865391862
0.014153043579408468
0.013418293781200914
0.01256423353477017
0.012041442213720232
0.009523533489238192
0.0074663348098420075
0.004207641267428005
0.001651793269314126
-0.0006929926723393612
-0.0040670125068632355
-0.006219381524425345
-0.009260944482557078
-0.013792663005822912
-0.017770634156750925
-0.020734131782035023
-0.023244306036317244
-0.026294910147983307
-0.030169710216528013
-0.03350499997070421
-0.036331146511151144
-0.0387669253679716
-0.04027689501888437
-0.04218791380802322
-0.04560690761890995
-0.04858595898014912
-0.05096308054807494
-0.052713694285614635
-0.052557781166199725
-0.052380008566079224
-0.05151732649206328
-0.04878052084082052
-0.04647566683814285
-0.045101355454982825
-0.04339067584906437
-0.042662018945404494
-0.04247774073936174
-0.04172864908874922
-0.04380470908190648
-0.04518336002768896
-0.04629628802386995
-0.046091800638684156
-0.04615353469493766
-0.04618946754736775
-0.046897293143123
-0.048074542771700306
-0.04795945943000463
-0.04754167230295243
-0.04630710118498252
-0.045624873194372036
-0.043949057710634655
-0.041275548292467046
-0.038414058467514486
-0.036305630039685156
-0.03500532572301881
-0.034179914978357887
-0.03240209023982938
-0.030755198360785656
-0.029518865074774935
-0.029221889231117227
-0.028984201087128573
-0.027769906846019907
-0.027378017471963785
-0.02761834671380153
-0.026490952089197762
-0.026259671713645797
-0.027955150850633718
-0.028489872881397222
-0.030011566817219188
-0.03184539300495901
-0.033765945898320646
-0.03457003654022469
-0.035070117043412445
-0.035152707128527395
-0.03488772922659215
-0.03517066053946545
-0.03627747576528099
-0.03861299376486998
-0.04183229440238825
-0.04529408263112533
-0.04672489895214867
-0.04783848601462644
-0.048328252361243315
-0.04849698560979938
-0.04918647549433545
-0.050236890831717264
-0.05149511804603174
-0.053473103297434654
-0.05434110859146344
-0.054206063934910446
-0.053999071882636994
-0.05343071501355738
-0.0523481074694664
-0.052058138611844086
-0.05202861172525537
-0.0519876003058675
-0.05187323822140955
-0.05118555508208767
-0.05068698985937927
-0.05057474140818409
-0.0503225974791029
-0.05085948795023604
-0.050498163172469225
-0.047088525896229375
-0.045183910091719154
-0.04479583265924622
-0.04516579459900585
-0.04730590674590723
-0.04840959239881419
-0.04865755044533899
-0.04933466561362131
-0.050415472826385845
-0.05031451206082759
-0.05096431293683553
-0.050894319966820055
-0.05088916497073054
-0.05284642660698034
-0.05421477597601528
-0.055626385251901646
-0.05654652237130341
-0.0573751851109916
-0.05859800713524972
-0.05789559599007857
-0.05860916945721442
-0.05828408308771471
-0.060015212216449045
-0.06144528654062659
-0.06318480748212828
-0.06427551777656795
-0.0659655116773361
-0.06647743530457022
-0.06629865547383268
-0.06561181205251071
-0.06443330679564868
-0.06258009353200784
-0.059858652770704804
-0.05573577015532556
-0.05149013784768816
-0.046751351381588646
-0.04177351908496224
-0.038065145895243305
-0.03654375133297145
-0.03505807917003319
-0.03494604073584337
-0.03385395680054412
-0.03428439820851022
-0.036057096717254995
-0.03855741365092882
-0.04106751311437116
-0.043438607776290515
-0.0450606599573008
-0.04720073890829558
-0.04874391242806519
-0.05020562253053108
-0.05234094764677151
-0.05372049594072866
-0.05488900645928872
-0.0548854200509478
-0.05570049017473749
-0.05687020748283234
-0.05722031194414342
-0.05856264293899744
-0.059630850547505984
-0.06099947164273047
-0.06297981015195436
-0.06375608578082523
-0.06399683046599901
-0.06528779222811402
-0.06725763098281333
-0.06881252993690384
-0.06863196798407044
-0.06925238137099976
-0.06902857107361385
-0.0679145276866254
-0.06686429962654858
-0.0653621476893703
-0.06200172248822291
-0.05947983616757335
-0.05675240104893707
-0.05410424814526324
-0.05272128185271686
-0.050967055514476854
-0.04927008652434403
-0.04880999492880859
-0.04877738928539483
-0.049474780301432125
-0.050146159069867614
-0.052063824779955956
-0.052522820841589414
-0.05223754619706254
-0.05053049940881631
-0.04687539581607656
-0.04303432739993582
-0.03884913377339724
-0.034857386364333595
-0.030762104901351624
-0.02631010561455804
-0.02170360306856979
-0.017037089620850196
-0.012635283395284094
-0.010047885028169511
-0.007672466522759491
-0.005693257596503442
-0.004366257146764968
-0.004706097867344379
-0.004614315638250882
-0.004456863216695389
-0.0036843905519532744
-0.003419730125211627
-0.004763429003117789
-0.007019099674787062
-0.008225339100112151
-0.008896048480633939
-0.010120416989894666
-0.011215525639978364
-0.011250122994180255
-0.012052214649135575
-0.011329413436141167
-0.010067026109826745
-0.00801915691686002
-0.008103562793309428
-0.009594328721512207
-0.010340058427489794
-0.00879966688927662
-0.0069051173023592476
-0.005358038995798414
-0.005661536989935353
-0.005518970673918762
-0.005503005914724381
-0.00671585108500216
-0.008143580446470698
-0.00710939834132284
-0.007386098946775694
-0.009169782775171054
-0.010136380325089508
-0.011694591998729156
-0.013897104594387763
-0.016410455945315993
-0.019056047881856428
-0.021841141637501223
-0.026153518082499647
-0.031144927086132916
-0.03514315188492639
-0.03894773538031221
-0.041641733802812046
-0.044869730896362564
-0.047957841114689564
-0.05148800948488781
-0.053791441447491796
-0.057261667761784533
-0.06000073831135081
-0.062478422897703244
-0.06545315630305332
-0.06850744552845774
-0.07195673251661917
-0.0745422813794837
-0.07569542175483791
-0.07714633087233588
-0.07901311798780905
-0.08205129741119001
-0.08468391287608205
-0.08848788597974834
-0.09173637018279876
-0.09436895552028789
-0.09742664010190659
-0.09858760664161673
-0.1005093108974566
-0.10211848472094434
-0.10511023905670783
-0.10835516744593111
-0.11160291378005942
-0.11405843807005529
-0.11467322155803568
-0.11560320103954583
-0.1162952423503925
-0.11704917302728785
-0.11654224172505609
-0.11465759742241713
-0.11389098280942654
-0.11272772144392555
-0.11128968210791126
-0.11074537285860143
-0.10946920898294997
-0.10855153726983204
-0.10630987001244481
-0.10407626993627338
-0.10127392869710301
-0.09869094535783615
-0.09737398841705219
-0.0976603842151213
-0.09774369489526792
-0.09797901864138911
-0.0982547145585193
-0.09706364687942579
-0.09665251554906262
-0.09568421976307241
-0.09615566525586884
-0.09656896750607513
-0.09714729539312385
-0.09670225511132231
-0.09677286525129915
-0.09683571589089583
-0.0957524541988126
-0.09489347482433849
-0.09476643674507361
-0.09457155742873341
-0.09487316607211867
-0.0954114481244415
-0.0965113881207381
-0.09707979232677276
-0.0961487489137697
-0.0934419950604177
-0.09201191901398362
-0.08906967047332505
-0.08588475201675246
-0.0824874561856329
-0.07868161447954453
-0.07493953654324996
-0.07271450063866036
-0.06950661603653069
-0.06445380784251778
-0.05924878875591165
-0.054380039784069356
-0.05069143173556791
-0.04850990331437082
-0.046814793736707085
-0.04436989148048981
-0.04205089597558527
-0.04163997677101922
-0.04173838307671256
-0.04258848163155771
-0.04339228898118972
-0.04311322188171233
-0.041884842569562
-0.04070538614577688
-0.039565953825913575
-0.036927982936288385
-0.03317364040504023
-0.02963803869725472
-0.02656005753548301
-0.02508913277492142
-0.024701946382440085
-0.025004493921764008
-0.024136603144550395
-0.025653622689037734
-0.027097431816847737
-0.027796291643781012
-0.02674383272392734
-0.025007845435317845
-0.02363748270654994
-0.021367274803108828
-0.01906631461107854
-0.01757309075448725
-0.017458708601009086
-0.017423542621125346
-0.01852257253240132
-0.018727888605115667
-0.019145111501644305
-0.021287779401793883
-0.023521268010631556
-0.025412272941501737
-0.02722872867208832
-0.03066711166374879
-0.033177898827509385
-0.03722447903094679
-0.04009123924434842
-0.04204770845213098
-0.04358503314231372
-0.04652259083389485
-0.0489509795667978
-0.050836793038125085
-0.0528222368116112
-0.05483768779794876
-0.05659654749926986
-0.05858049624890017
-0.05952819101086181
-0.060061095878303127
-0.059689367149476126
-0.0588730598393594
-0.057816772990943906
-0.05624979389967329
-0.054597181187319294
-0.05331658777812364
-0.05320674133246368
-0.0522433022338763
-0.05402495694994237
-0.05477731901646401
-0.05599796428537114
-0.058412820478957565
-0.06085015706839746
-0.06352142946207918
-0.0671869027960015
-0.07077275643426903
-0.07334746484526927
-0.07630771459792268
-0.07941182947005104
-0.08209786116781748
-0.0854635200682493
-0.08646236598675143
-0.08637827022099032
-0.08726255921979865
-0.08821093138438393
-0.08965923993802243
-0.09042205431560764
-0.09146127473124147
-0.09314852465031874
-0.09431624637922838
-0.09643335083594616
-0.09758842432579426
-0.09840193325916782
-0.09781447483133908
-0.09853811323682206
-0.09773155702807947
-0.09766585153552898
-0.0973332654084548
-0.09752233213621449
-0.09761616807993641
-0.09673874964168512
-0.09572055967916407
-0.09479429643056878
-0.09456957362797677
-0.09399792088177719
-0.0942756542765483
-0.0935621431864198
-0.09231309599380501
-0.09143234351754612
-0.09237080902935893
-0.09302795764151395
-0.09370129553115009
-0.09329795538152942
-0.0927671758391236
-0.09259352888923938
-0.09159568476535719
-0.09011023446295058
-0.08915502573290468
-0.08774644491817382
-0.0877720281495719
-0.08792622977680249
-0.08798550069606834
-0.08828804856275621
-0.08889208755450032
-0.0895889460879909
-0.08975883971834193
-0.08674424580484832
-0.08322260895809291
-0.0802235432418201
-0.07737813908164257
-0.07470887934030897
-0.07159999353683211
-0.06968910667885551
-0.06732806831927377
-0.06284678317608816
-0.057431975404818966
-0.05030767082410756
-0.04362368052261047
-0.03636178874952427
-0.030179279920517547
-0.023726726555241898
-0.01661484781778945
-0.009044630190494563
-0.0011490017075776824
0.006555523915877444
0.011763917648962518
0.01469698569740211
0.016921692071520816
0.019214694467928017
0.021372443365650976
0.022929876454563562
0.023675133809168924
0.023029016225857932
0.02285345623692535
0.02057145952186315
0.01945175092614033
0.01788024903557835
0.014917496074021005
0.012144108438741127
0.009637222578344113
0.007450938705230922
0.00476815613564895
0.0017953961399841288
-0.0019001046352196734
-0.004208482237026646
-0.005786104241964058
-0.00841688646449314
-0.011573394575048659
-0.014332549569069831
-0.017891664648989485
-0.0221358715314109
-0.026249248444404565
-0.029609714959759916
-0.03167264998775372
-0.03294801386336768
-0.03594291544922432
-0.03661487454689568
-0.036571051263693116
-0.03739240157737093
-0.038223246714182015
-0.039976773736521365
-0.04014758950476924
-0.040312734372846055
-0.038657551268021444
-0.03749924488086924
-0.035779992393120436
-0.03352045287651591
-0.03248744350527348
-0.031060529552053028
-0.029396676402846704
-0.028030239042230076
-0.026320260959963628
-0.025976747216474586
-0.02504363897223063
-0.025053026316500346
-0.02572949531105384
-0.026991180688873673
-0.029480658652248547
-0.03265879277066148
-0.036632736976047645
-0.04266312201206985
-0.04773621835171603
-0.051981219539861796
-0.05496839118751774
-0.05713536195993661
-0.059043009027282586
-0.0599020786858957
-0.05948385100356443
-0.05893979482598757
-0.05947626274854766
-0.06017714647833519
-0.060014745400295263
-0.06010298537495961
-0.059541168079585004
-0.05945027496653171
-0.05839580403579858
-0.05632709015475632
-0.05404987113351043
-0.05053079707607275
-0.0484751049677107
-0.04596581194167803
-0.04296704675372962
-0.03935224938614271
-0.03653062037262745
-0.03516856175855865
-0.03481734256929002
-0.03380482143301245
-0.033035767118490086
-0.03202831601429356
-0.03270623174643676
-0.03326692121739967
-0.033546760578771956
-0.0341550076721226
-0.03358760262559637
-0.031376686445516756
-0.029134854775289556
-0.02621336916064791
-0.0232450249446548
-0.01937987877013185
-0.014552344556461306
-0.00963751028127006
-0.005842918589225184
-0.004181360517835717
-0.0022381923997918467
0.0004328618552804763
0.0027230752801463533
0.004086420898095137
0.00383410184250532
0.003062476769058883
0.0016311953769683283
0.0005376392443246557
0.000726334591835155
0.0015067284839494295
0.0014707178848578657
0.0007758934706799545
0.0003406460739824149
0.0013298749882923555
0.001621440779328564
0.0019341041972675975
0.0014780890467574613
0.001505584253062295
0.0007938883319173945
-0.000154652454505374
-0.0022304406496925413
-0.003914247179879565
-0.006592450037963502
-0.009936059172799395
-0.01300406663812814
-0.015184026224699405
-0.0177101435359758
-0.01999489669760968
-0.02096431821737452
-0.020923271402030517
-0.02109366929775302
-0.021957307866024258
-0.02154948661775116
-0.019467925439818096
-0.017177450518715814
-0.015180148879016553
-0.014617633695195847
-0.014771796698701678
-0.01608349413095121
-0.01711375924436981
-0.016958671274391917
-0.01688962519651427
-0.015395823038276291
-0.015004674991649414
-0.013868855280831972
-0.014290293372633425
-0.014949617126236422
-0.015667039859441713
-0.01647621467575091
-0.01700047072767394
-0.016602538878176316
-0.016923738988010643
-0.01817974370873929
-0.019073060633047038
-0.020178490481276054
-0.02165907196842387
-0.02406456676960061
-0.02606455481975393
-0.02756361700032165
-0.028988322054105575
-0.030301799680810836
-0.031917139597362025
-0.033213799558732965
-0.034903773375620104
-0.03534045462944312
-0.036030448059509945
-0.03659506423549494
-0.03868835538229123
-0.03955937039850774
-0.04173786458669231
-0.04380114134469907
-0.04569357097784244
-0.045546639090674676
-0.044738293600903034
-0.044571368224394704
-0.043814780411677995
-0.04290638810075658
-0.042217512729448146
-0.040264106460332294
-0.03792293242293577
-0.03548567323973568
-0.03377613911262523
-0.030162933262672147
-0.028093540302389655
-0.026638628836713044
-0.025149863034417155
-0.02225994000974922
-0.019603097491509253
-0.015772881304036646
-0.012823052536263225
-0.010070215401719125
-0.007714377354955576
-0.005158096615537977
-0.0031767938751886297
-0.0039010111936340617
-0.005614245843458756
-0.00717526830997463
-0.008978169317522627
-0.011270959134413706
-0.011218208689710926
-0.010415922127850773
-0.008894350900219075
-0.007832748655271811
-0.007205756612021388
-0.006937577583080116
-0.0077650287961309235
-0.007956427506896182
-0.00861037768974763
-0.009930381818319504
-0.010058818720350136
-0.009426431367234752
-0.008722524126766395
-0.010560602482729164
-0.01179318945124055
-0.013716914198810931
-0.01574555038252825
-0.016742182934348787
-0.01759587623705485
-0.017614141763738093
-0.016466226494085356
-0.015528949362073855
-0.013180941437875723
-0.010012955064377787
-0.00710828520219909
-0.004564377592505532
-0.003544898607280767
-0.0021884492674770877
-0.0013143848179637718
-0.0005112608586287868
0.0006282999922210837
0.0006778711577736212
6.166871248529924e-05
0.00030911556966238036
0.0003378191666099915
0.0011014298254037108
0.0018519354389894258
0.002239312780377967
0.001672507068980052
-0.0008384476659103379
-0.004301410785134461
-0.008677756625615452
-0.013602082898588875
-0.018790950543875237
-0.022763611217794823
-0.02668408827571236
-0.03099132596649586
-0.03592425713770286
-0.041398166475506044
-0.04637281152954167
-0.05083243723015933
-0.053874291443564294
-0.054890821987809583
-0.056647867047185496
-0.05775577580150751
-0.0599089537810046
-0.06310252372962942
-0.06536988854662752
-0.06636003484501471
-0.06786233278295621
-0.07045405151247437
-0.07175072343287199
-0.07173398726336255
-0.07098538518925021
-0.06931188366982897
-0.06610422666517592
-0.06315473288746593
-0.05978023603436656
-0.054978804504963355
-0.05070309979403515
-0.046927685227588216
-0.04372518490371844
-0.041474673683163724
-0.0403504198484643
-0.0389831840433913
-0.03775172420983531
-0.03654520246342343
-0.03657600658818614
-0.03627863130565784
-0.03539109043449106
-0.034573190054322425
-0.033132800905342034
-0.03076659985944702
-0.02844358537232738
-0.02478846253088058
-0.021575836636032616
-0.01724537699720739
-0.013942688586490611
-0.012496570691963712
-0.010456635580018333
-0.007381805085226375
-0.003912033956270986
-0.001403731537688893
0.000766007188624772
0.0030849681203663
0.0052713400835577
0.007056027987200457
0.006601953902731817
0.004960577972551498
0.003433959547841224
0.0021255158572285084
0.0001953305522304962
-0.001226299491031045
-0.0016093364137133074
-0.00028944827244057497
0.002649601588948806
0.00489009920766577
0.006652356067423439
0.00694248663704486
0.006107051613936739
0.005636083571794515
0.005062506718081018
0.006533653778601696
0.008929115943105928
0.010160748940683766
0.01092741046318179
0.010221369560136103
0.009470871482390413
0.009820888932702308
0.011378702059597694
0.01234781171125226
0.011535984136931061
0.01136346413543363
0.010708599887658264
0.010117019448652639
0.010573164688680546
0.00995172193934466
0.008623494647734601
0.007205646120613619
0.0062277089518878075
0.006962103840856992
0.007987022476868484
0.0075675454115474786
0.007562466979622781
0.007954301557294033
0.007041996609352037
0.006033240348570411
0.004382973162862137
0.0021144427530646855
0.0007162030363519428
0.00021587921323731982
0.0008581035008102577
0.0023545660630868055
0.003706670900360753
0.004380398158752312
0.004281362577598074
0.003138734231107565
0.0012472268053723506
-0.00023582328776125365
-0.001735704035911789
-0.00375169374548999
-0.004437987591030431
-0.006246594011614577
-0.008481331547277322
-0.0097796671443977
-0.011283881834216587
-0.012949597770088694
-0.014799019763705176
-0.015392586890050002
-0.01646784395742382
-0.018430444418764673
-0.020480815821591027
-0.022226247484379572
-0.020866126454732743
-0.021601995794393723
-0.023404488308594203
-0.02536658249884042
-0.026444072701261846
-0.026136110494688534
-0.027897525820166073
-0.030058131032390474
-0.03173993594034137
-0.032865627934215706
-0.03562398155156386
-0.03876261596183937
-0.04162501169768588
-0.04360476733484371
-0.04595273318667594
-0.048620524717341504
-0.05181387338836198
-0.05448883837572023
-0.05622829576323494
-0.05839897824767888
-0.059716662579677664
-0.061027359862209765
-0.061255934248548444
-0.06226778091393253
-0.06392648025967065
-0.06618622794532449
-0.06887417013951577
-0.07171628783447075
-0.07503191691849305
-0.07677125313306109
-0.07870859771616275
-0.0795607003851136
-0.07950738808034045
-0.07899602609289177
-0.0788106708709187
-0.07736440733747521
-0.07699428652897033
-0.07666098808248728
-0.07622911582838635
-0.07577710779678185
-0.07534831797768139
-0.07623647176400443
-0.07694879005903249
-0.07727758805893332
-0.076476934240898
-0.07495868489240191
-0.07276305899969696
-0.07015509137824572
-0.06719780978075023
-0.06552807552632518
-0.06457493623493517
-0.06302625886697978
-0.0606256455688647
-0.05907047288027286
-0.058266840034325654
-0.05533107240919932
-0.05113899342796594
-0.04993995235236503
-0.049155993059357535
-0.04816516334425206
-0.0453995077480821
-0.043634978043053746
-0.04164278464961336
-0.040469870912814294
-0.04108703639456367
-0.04190726821079326
-0.042441043737357104
-0.041708783779907395
-0.04197711010386459
-0.04325098947568752
-0.043472475753303576
-0.04332535701362846
-0.043205260337282295
-0.04314143013625291
-0.043672618692904286
-0.044476037286527055
-0.043691794577743755
-0.04219053025268907
-0.040661705140170375
-0.0392869270479781
-0.03823244066102948
-0.037005946439520494
-0.036258857775967955
-0.034573179295007285
-0.03292416787771695
-0.03237990032967284
-0.03260596642448035
-0.033048728826933126
-0.03347964243633597
-0.03596017596201872
-0.038100263810772236
-0.039320157713023246
-0.041063302764143356
-0.045156137633020156
-0.04923520844196118
-0.05328839923861403
-0.05621245288745853
-0.059102744910755484
-0.06070581515268675
-0.06167290807967581
-0.06052608996965461
-0.05965885266789423
-0.061673462736812054
-0.06242753032932506
-0.06218054931256531
-0.06199787035502096
-0.060827354964836024
-0.059919399524192736
-0.058126350461750874
-0.05676853834871811
-0.0531742661529116
-0.04994346395318363
-0.04561714097989266
-0.04114439091489375
-0.03824507390296433
-0.03394784127075401
-0.030121415003736926
-0.026121455420794176
-0.021070163681210747
-0.01587376885607898
-0.01064891453073512
-0.004315622855615098
0.001728866716968233
0.007060955703573626
0.011953335912976575
0.017166927300136563
0.021655438872823493
0.02614152660990776
0.03005243975189588
0.03557453143144985
0.04221391620704198
0.04774228120693367
0.0507430003018917
0.05218813559750785
0.052762501768374714
0.05301600734941092
0.05417996689514137
0.05593671811946548
0.057109906081758886
0.05914388470884978
0.060548704131532065
0.06255070398557605
0.06534862796432207
0.06690168513771014
0.06828509776891493
0.07008208068132867
0.07137284638514543
0.07236720630292653
0.07279806593535007
0.07435608959112337
0.07539704286069504
0.07522420590280557
0.07543376193955463
0.07562629121836477
0.0765350581855282
0.07561055637315904
0.07449952520118226
0.07201250138373312
0.06973316361121022
0.06743536945967156
0.06520444202575586
0.06349433528656591
0.05977033219358432
0.05612078048987165
0.05382176033509715
0.052301859483362134
0.05104331581596847
0.050801296695394724
0.05085370975620895
0.05130478263260222
0.051727970517654806
0.05107723785022875
0.0505920320478444
0.0504740753437557
0.051967610495308354
0.053491380904536236
0.053970149468051516
0.053520594636047594
0.053723809483622036
0.056141880327499116
0.05950253122434379
0.061642420575293
0.0637088939434416
0.06437851064054602
0.0648766613041111
0.06524603926420584
0.06491019795754228
0.06585644296751372
0.06551089004390251
0.06439822560237339
0.0629411775403594
0.06126621232393557
0.06149206606822421
0.06139063874215849
0.06161680059680119
0.062093348425999825
0.06141168299641416
0.06120970800411353
0.06192510655022217
0.06306128251142519
0.06367015061014032
0.06458519410129387
0.06465476715300847
0.06403302582525455
0.06322313876349196
0.06290206084757813
0.06341617286439694
0.06330433789126877
0.0630955519967479
0.06396495911812444
0.06463646719351114
0.06427685966484849
0.06443628984014184
0.06421825394127141
0.06508661226898271
0.0643035267144172
0.06415329577722945
0.06399941044450502
0.06554927992126464
0.06736154614179235
0.06763372386935708
0.06817389205125336
0.06693629143386695
0.06461750037481222
0.0629335981916615
0.0618058069564918
0.06005878034470259
0.05949414936069487
0.05849384771110943
0.05833787354043543
0.05713864189053217
0.05673261287895526
0.05616632710383353
0.055996242755607946
0.05504449884891697
0.052956312431518604
0.050908732515746374
0.04963843936878337
0.04727504469170233
0.045805438120436165
0.044882826956314
0.045817901748155414
0.04697819185768311
0.04809004177048724
0.04970210493026294
0.05032966564910869
0.05119864242033805
0.049349166136554226
0.048099679204146865
0.04820460375523071
0.04820203488319997
0.047350864395346186
0.047335995121719335
0.04763486870003816
0.048581034259473875
0.05034135340813433
0.050048837792771916
0.04946415059591125
0.04844317573900734
0.04854802767112047
0.04977932779744095
0.05176122446519725
0.055147339456640736
0.05882496339224059
0.061540166001511055
0.0639282809039162
0.0655664982714245
0.0662561552271358
0.06641926293054716
0.06786423840020891
0.0689872939520082
0.06889479926444994
0.06821508919949855
0.0669077190159659
0.06605947935012492
0.06475246844403942
0.06436692030190304
0.06371662825700401
0.06362529225678663
0.06228531669368454
0.062392302510840755
0.06383848992365306
0.06581678455589622
0.0680131405418723
0.06841346345696368
0.0691313738746137
0.06992516408630715
0.07201261431818079
0.0734732477384477
0.07536734771569088
0.07845269198370193
0.08093832663833611
0.0815109024718668
0.08260994960189365
0.0829867787306052
0.08362073854804856
0.08271462946679292
0.08199361809366541
0.08161730156794096
0.08224642444971934
0.08272514396378168
0.08290309153798985
0.08358574778096263
0.08303395763210786
0.08313975656045056
0.08288789415280273
0.08246143104630967
0.08217394341216744
0.0811111617785902
0.07830840326599536
0.07392702777260052
0.07157588312428867
0.06957077998786755
0.06786384754946781
0.06735593698452771
0.06523239353996561
0.06358713403344797
0.06242897126282144
0.06155276369881679
0.05904807226668733
0.05498931566122594
0.05127813658662724
0.04694890742579499
0.0444106259424816
0.04065651754868373
0.03616631786026169
0.03135403930051505
0.02626490045658805
0.023113450155394025
0.0184650329518502
0.015420120890669648
0.011594951862556397
0.006312085120611587
0.001380034431779276
-0.0025278855740001223
-0.00808872908874737
-0.011802423109537805
-0.014663433198144164
-0.01579231485780351
-0.016201612206469096
-0.017683574770289628
-0.018907581585864894
-0.01996067036951815
-0.02080615644597165
-0.023957529706474984
-0.025038634824741928
-0.025901047022340893
-0.027135206709455368
-0.02822871567616499
-0.027726685206921932
-0.029204888026378134
-0.03257670889220357
-0.03556197434798487
-0.038188079230886206
-0.039792902934448905
-0.04088584533234724
-0.042518065837801204
-0.04403260919940837
-0.045245343431395336
-0.049160370708240406
-0.052600957522923396
-0.05601622490377099
-0.056858608882122665
-0.05821553168635009
-0.05952015497466086
-0.060872834574338654
-0.06196107442626289
-0.06135087865090547
-0.05989344467771109
-0.05852607841037807
-0.055318867642586436
-0.05332784413678362
-0.04964953215732917
-0.04585491566333399
-0.0422501098425524
-0.03806791763173692
-0.033177436360192256
-0.029722451503305866
-0.026776882634913044
-0.023640506817449544
-0.022007291063252304
-0.02021332864630785
-0.019212740143327287
-0.01812312926413677
-0.015953640707638203
-0.013291525690933993
-0.010358964727170242
-0.007999018831853257
-0.007042855579967429
-0.0042949048215956175
-0.0020859552883340203
-0.0002865446169437406
-0.0005870787194913394
0.0002500976460711276
0.0005841345731105996
-0.00027891990177080525
-0.001144699699049434
-0.0009689834822207715
0.00027679504779475723
0.0022540416369351886
0.004241227910614395
0.006183377815056123
0.008612164714602362
0.01101797776133104
0.013929088239360428
0.016107086786842948
0.0176512569911554
0.01804051906561975
0.018774598082163522
0.01779891530662984
0.016918585628282013
0.0159382669190698
0.015217510074022703
0.015522681680220814
0.016670373651132473
0.017059880761910468
0.015117386578465735
0.013715302906950413
0.01256574604939498
0.012059808233685096
0.01153655014916678
0.01196394076497488
0.01207761915488289
0.012336078630735253
0.012241897026167525
0.01295237610653501
0.014309658526544729
0.016395572457567578
0.01613213476682846
0.015105729797506908
0.013093544076832182
0.011539908451067383
0.010861255445143108
0.010578875135018102
0.010198063191546522
0.010500628161518862
0.010949089346843096
0.011886356626574595
0.013846779975153531
0.015462826983432374
0.017090339859693656
0.018583251588611634
0.02067010306374335
0.022331910982299162
0.02436252313042786
0.0263821653187193
0.027982354196431122
0.028037991806072686
0.027307331125038223
0.027492978394200087
0.02884875941416523
0.03159550880267327
0.034043625980974886
0.03678262770512113
0.03910881983633266
0.04142681934631367
0.04337233105592436
0.04601559787245288
0.0494695697300799
0.051684999791455986
0.05270915363612186
0.05344655417550409
0.05335645536838627
0.053292984039867
0.052792550960075485
0.050594753978552884
0.0503027155996152
0.049010044793611415
0.049550340448012514
0.05094779260155116
0.05149776937121675
0.05121766036591977
0.05045141345729483
0.05037813649999973
0.05222014598285466
0.05423299168659659
0.05635979539157864
0.05968878537859862
0.061941717658989814
0.06331302633838477
0.06379330311085989
0.06265996179625472
0.062188893905351574
0.06309034416985161
0.062394167804393344
0.061406528666053325
0.06063128829721212
0.060042218104915904
0.06042856986261754
0.06174705364938705
0.062247487059062905
0.06234773314235616
0.06304995023387457
0.06274729340448845
0.06258595763952451
0.06017912905835381
0.05903315150411402
0.056109337855753554
0.05358623696766311
0.05050097064730186
0.04685090390892084
0.04413438932779437
0.042231726277608246
0.039914555501278697
0.03894147106272716
0.03883461866144583
0.0386047155346258
0.037527569210633556
0.036323292457426756
0.036674430010763016
0.036484582756877326
0.03744894666573967
0.038589327799493256
0.0398145363145093
0.039708515681551836
0.03978395462375491
0.0417935151050031
0.04336218404075592
0.04471915416235825
0.044883287045690695
0.04397827286112149
0.043375263431984716
0.04446077883749225
0.04468651365734428
0.046351139144718334
0.04667329427349037
0.046932379683131
0.04643378216667583
0.04523049092341341
0.04429891412230254
0.04340484655484269
0.045397500402348794
0.04483213108772415
0.044372375502478884
0.04450430592919941
0.04460393562575224
0.043980437294334526
0.04455150259311855
0.04480658737451201
0.04463252205526222
0.04479018364134789
0.04523863582044978
0.04629436508223662
0.04778953544074109
0.05039547000930078
0.050958415245418075
0.050407506993934675
0.050901414654987806
0.050552847659001386
0.051391391666237976
0.05280183144423227
0.054178268613319175
0.055859207728225335
0.054913852254151484
0.05525018740740332
0.05532999823363617
0.0557071079413828
0.05673573275572059
0.05806402909248797
0.05930956746085252
0.059115178265969584
0.0590321365419813
0.060245888009749296
0.06060744837199737
0.061734159066503654
0.06081413082863505
0.06121322501707775
0.05890648557063204
0.05538508731296857
0.050277965604358925
0.045423206618406146
0.041322213925941396
0.03639178027245649
0.031869151595085854
0.02832926180473082
0.024470768912363217
0.022029765969840954
0.019435233837895447
0.016057044974716328
0.012052758365174316
0.007384078803384384
0.003550433898306968
0.0003970115261527746
-0.0033957420220751353
-0.006102755329564276
-0.008661516042571829
-0.011039470192680293
-0.01243392383806095
-0.015551444276940822
-0.01726027802022726
-0.018319557793639137
-0.021098055872624314
-0.024530303178385275
-0.02663769663832654
-0.028990620409071886
-0.03183442434398759
-0.034691352842919354
-0.03857750021055123
-0.04196605537211333
-0.045385237994187845
-0.0487892301026738
-0.05117782751681534
-0.05118296866636953
-0.05195540084275853
-0.05250667175573281
-0.052680823856793554
-0.0535337262128896
-0.05236218137019025
-0.051293211072303786
-0.05004055406756705
-0.047409738247609384
-0.04360814014156849
-0.04029675387293453
-0.03710775730135524
-0.03639370671842397
-0.034652854701529165
-0.03418336199339453
-0.03349647311316261
-0.03330495861530983
-0.03374267355350637
-0.03396102733021324
-0.03398159086605744
-0.03309485024613733
-0.03221332437390783
-0.031972579239608306
-0.032337155149090295
-0.03112763066367616
-0.03074534012775646
-0.029587897528349894
-0.028012609168901626
