0.0
0.0
-0.014258111375585376
-0.03532362677348952
-0.06050507759048864
-0.051283419159476776
-0.049896430571710525
-0.041445442796305756
-0.04739501254242463
-0.05457449627947685
-0.07059360650618327
-0.09871374746691156
-0.12612677768210476
-0.15661147317013496
-0.169646391699578
-0.17228848247124745
-0.16125715840800853
-0.13853209271394662
-0.11517218523353143
-0.06818006037998087
-0.004296782565847521
0.07656529738735253
0.16435823878091826
0.27783447412649886
0.3693189188915147
0.4647426540433708
0.56488772752902
0.6364666605555978
0.6867713408452075
0.7386436342233003
0.7988147675487564
0.8560742331641868
0.9166816549806414
0.9707469676730863
1.0148817973556026
1.0418259265660164
1.043944819262192
1.0522949134350568
1.0423460634289423
1.016928447341788
0.9893571143718561
0.9787074378274422
0.9660488090097014
0.9562386144594294
0.9205105819768137
0.877715144878763
0.8376823376021183
0.8097965511643815
0.788342338119002
0.7646419834368379
0.7395103618929412
0.7252909142190946
0.6824729246844751
0.6627988481495007
0.6412382550431971
0.6015926857821841
0.5670901128261467
0.5339189654367563
0.5196352384018639
0.5050243587639767
0.48849081924769533
0.46013567568133124
0.44552204119003946
0.42940541867422455
0.4133505892373369
0.3914672681310408
0.38870554186026096
0.38706527408922575
0.3721077902068705
0.3486530886026968
0.29282010385748813
0.2511101609506217
0.21887270711633686
0.2054102744610504
0.19592547686853032
0.18784128166847752
0.19908288452287792
0.18787924694866906
0.19903613290605873
0.18715191309287
0.17200529075414656
0.1502951453150682
0.1129762353031575
0.0914194678380045
0.06344493058780579
0.054841011162802746
0.07078486354356175
0.08555127601506266
0.0931365352523134
0.11812962450225611
0.12977586057031953
0.14782894498632712
0.1782839092173813
0.19918112900574358
0.23313586944211703
0.2391862414070312
0.243209529581563
0.2593779576260384
0.25721417586735645
0.2545264885261007
0.2325702995483442
0.2132755163867438
0.20184017693153875
0.16787990657783095
0.12565094298223467
0.09331224220624479
0.06744042334853291
0.050720500915821184
0.03829929210770252
0.0036936015224051447
-0.012880520326614072
-0.029021920511525506
-0.057278060419740165
-0.0804084645608912
-0.0895006007857315
-0.09217791673033854
-0.08984667356063344
-0.061066586784839214
-0.025392019682974686
0.005215003601963884
0.05288820458803039
0.09451707293886061
0.13663149000031077
0.16279092137700943
0.1932726766293173
0.2189444258181843
0.24931993682956233
0.26157948423842764
0.28404659746399585
0.2839574932458362
0.2902954616967297
0.29122443027227096
0.3045603545173407
0.3152515030758094
0.33392570247134534
0.33093499105267304
0.3161204366115346
0.2748614546300645
0.2562634091043597
0.2513790911046754
0.23248564539695696
0.21599316797348764
0.2027307171980942
0.21937483446008418
0.21827520825643737
0.20331035350240625
0.17904420258021486
0.14119288194769433
0.09084975811718415
0.05656696828977724
0.018559584116797312
-0.01281816172801005
-0.02371969110117999
-0.04023542798345501
-0.059330271065109186
-0.05329376438771668
-0.04450418884866196
-0.0690113586661151
-0.09422074391935129
-0.10422621417807858
-0.12405991306545283
-0.14996504743635203
-0.17921913349286872
-0.2174917680568797
-0.2387407849997516
-0.2432273480687842
-0.23599891173897414
-0.21317646315497712
-0.18214496544033265
-0.14120120990204948
-0.12093457538699426
-0.1063919901078607
-0.1338042604622412
-0.16500438003040188
-0.19215556563473893
-0.18127306407218768
-0.17674282597400304
-0.15710932545331124
-0.1419997531548578
-0.12697787131747212
-0.11339941543984641
-0.09513028041844891
-0.10308833427140654
-0.1184474669120076
-0.11119217091878883
-0.10395708098820167
-0.0776194244600418
-0.031184011597774196
-0.0024393467905106034
0.013151515996676712
0.05062869544070221
0.08494283011228038
0.11041143872075389
0.1436026452914429
0.12751139157861752
0.10814538834809023
0.09945407645475543
0.10026660923384138
0.0925637679055795
0.09477080985205698
0.08074099586401551
0.06987444928740194
0.07658635267142366
0.06569897167076777
0.0662904300632544
0.05402648871332301
0.029876841108151295
0.024121570965535886
0.0043752785140943225
-0.015513141240923584
-0.010519508871306503
-0.02109145585301228
-0.027050826549419302
-0.029789747956034073
-0.030990430316087617
-0.04962013876423686
-0.04936564768176027
-0.003605053729729975
0.010397344851796376
0.03464989311772778
0.06426883730431038
0.10459983154863295
0.12481706697134898
0.14324474164797302
0.1749530461358218
0.19637601211780803
0.24323886536635841
0.29133052204394083
0.3391876538678136
0.38711889589970894
0.4518645120690225
0.5161730802731035
0.5718305632969916
0.5919787401643587
0.6197735345821798
0.6420265906212699
0.6749654514436978
0.7096529465116566
0.7606396156334662
0.7920038493679946
0.8104265891500626
0.8125516249267094
0.8048515969376645
0.77622230416253
0.7340304405129254
0.7172030456254583
0.6981937641440014
0.716686197265516
0.7018252389124092
0.6962352970941144
0.6568516230843252
0.6309935850612958
0.6328165529667107
0.6423935612375692
0.6769264179150843
0.7098871546866339
0.7210356088109381
0.7155652503353259
0.6956614847528652
0.6876775820818213
0.6602798626645107
0.6449499181898243
0.6247473404479403
0.5988728071620916
0.5774469172696095
0.5701629519162704
0.5726497499571618
0.5859228517850432
0.6040908943373885
0.6165175489340806
0.624562137125663
0.6213005849414907
0.629119630374757
0.6517188214714659
0.6583468447718657
0.6857941434002728
0.6900398784866699
0.6995348890070405
0.7155826599829943
0.7265135562849081
0.7310527881595895
0.6949044307506217
0.6629069668953006
0.6296488808157588
0.5999407972996962
0.552070402499153
0.4928958706419446
0.4382272956559716
0.4023997141361778
0.3897277068058077
0.3760909843532603
0.3887469958264955
0.3942348172898324
0.4035677986504604
0.41132870942649635
0.4196859630679328
0.42718834955289936
0.4132167295162594
0.40595757130229243
0.4178638223554377
0.444606374843485
0.4717165169413545
0.5100868036693763
0.5182613664505435
0.5013051116363986
0.5088916937476871
0.48833757312384907
0.4684201502413052
0.44693645197219917
0.4327084490994079
0.4227284247063668
0.3754676880057036
0.31678576875403686
0.2706721863107976
0.20988553620185058
0.1636385425591503
0.11889564701573668
0.08269786792724794
0.059186874088993105
0.033748278238751026
-0.01474724147299862
-0.064201816429924
-0.12530098543686763
-0.17867331465918232
-0.23876624636233262
-0.28794689788964145
-0.3149171152914497
-0.34429903618493585
-0.35442882439321743
-0.37709304421500217
-0.37153748134107667
-0.3788924312864148
-0.414714852941285
-0.44308232161849104
-0.4950613710172676
-0.5465659747161377
-0.5902729694446976
-0.6418071456877035
-0.7081786521801551
-0.7356041288889067
-0.7439318901822757
-0.7401283729493006
-0.7517019554495974
-0.7438573117371153
-0.7366224693827813
-0.7355760231058223
-0.7500614955421102
-0.7706276074999644
-0.7792410698714022
-0.7866848218658264
-0.8023440261461016
-0.8042680094453003
-0.8181398163161548
-0.8072467843476887
-0.7961578943818289
-0.7673986746949908
-0.7464670491750589
-0.7368820823441056
-0.7397072518870732
-0.7549235059868031
-0.8051153282444694
-0.8771255730988476
-0.9324805165120217
-0.9930287897008134
-1.0278984786283476
-1.0551520931799814
-1.069289576461774
-1.0832718286954468
-1.1131773401808092
-1.1321944224229825
-1.1419120000315421
-1.1764240900007867
-1.1951535467681966
-1.2127196396189572
-1.233945955182498
-1.2527820668395475
-1.2907007844823981
-1.3163644340245286
-1.3203692234864564
-1.3292691733873685
-1.3309727852221926
-1.352059135096967
-1.3947750439916489
-1.4562329375374952
-1.4997419025258967
-1.5659983886883586
-1.6397721815931978
-1.7151380309148307
-1.769359101649986
-1.8203452635099824
-1.8559780607258338
-1.8700064624552144
-1.8657683613176153
-1.8579551264172063
-1.8727116075868866
-1.8823663675183218
-1.8954599572501318
-1.9031224719794138
-1.9202610852468722
-1.9323487241898485
-1.9401910277306436
-1.927332925598391
-1.9452135014212604
-1.954518005118613
-1.9600502485765645
-1.9634511920947872
-1.9838195209702016
-2.0167508945417625
-2.059595287300988
-2.0915390963701364
-2.1156428050196014
-2.1315511175845847
-2.1374091348645585
-2.1401761773149466
-2.148455342267083
-2.1633036997164963
-2.158632103702853
-2.1399156619538386
-2.1282966565334185
-2.1120668715526487
-2.097562978929127
-2.0837165076329813
-2.0622500630461893
-2.021021178758693
-1.963109992187096
-1.9015491932141966
-1.8378952965278819
-1.7709894111410298
-1.7335468016685318
-1.689022813082043
-1.6358334352879074
-1.569685189866265
-1.541526355866348
-1.5333280235046343
-1.531269452916928
-1.5105403037711835
-1.4970851844117377
-1.4763380730255409
-1.4793391799405884
-1.4631188310927357
-1.447491806263023
-1.4204520912929908
-1.4207621183115675
-1.4088373373555503
-1.402849121934166
-1.372966825613463
-1.3342161836469388
-1.3081092569847812
-1.3002912997710283
-1.2817607537720543
-1.253531186230762
-1.2070865642135085
-1.1568283958493286
-1.0928751155375276
-1.051270473337573
-1.0312159941409371
-1.0091890316644583
-1.019488577565043
-1.004248219731578
-0.9615516149032793
-0.9409961930814432
-0.9095050470194163
-0.8676965821367865
-0.8270159356479241
-0.811927012744439
-0.799418231986917
-0.7602722331032769
-0.7275825539079694
-0.715598972571908
-0.6781487071579783
-0.6438860439426051
-0.5932921110588281
-0.5519285095568086
-0.5294782699264832
-0.4877203843881969
-0.4663103921663354
-0.44345939935995776
-0.40648775346941807
-0.36742597776124986
-0.30380144219543376
-0.24862411746555085
-0.20234762576523813
-0.1828495714249628
-0.15616713908159652
-0.14636742869752145
-0.11014326954652731
-0.06540065118893731
-0.05593112048066116
-0.07427046348779542
-0.08546171956655414
-0.10219911823528574
-0.1185876914138445
-0.12549612288590134
-0.1241866156494849
-0.1180808781807244
-0.11473071448854918
-0.09553912465286145
-0.09596344915817974
-0.08844052812107316
-0.08033705690955346
-0.07696045080972123
-0.07689586723808806
-0.07333883663244742
-0.060078618251515364
-0.011390192469572444
0.02564009701991208
0.08237080109005245
0.16101367745224543
0.23827663244356273
0.3073436866945607
0.36880817471069743
0.41657816820212656
0.4484282172606604
0.4643519064556524
0.4735316692541022
0.4776117064800176
0.4840885369147438
0.4935699567617529
0.5003599951861685
0.512587340827156
0.5194493629401532
0.5250391393728671
0.5447452758616846
0.574651343360178
0.6051576176198689
0.6437178477529621
0.6597428186164647
0.6616561682675087
0.6760168569898339
0.6894931165004754
0.7178730353572544
0.7347453127356486
0.7346687232105126
0.7021364045771133
0.6836768645897887
0.6412662163716791
0.6077913919912445
0.5777553892011504
0.5072309909723558
0.4556232861116368
0.4026295028789294
0.34225495505034287
0.3009191562427495
0.2608461071253164
0.2199826672084506
0.21285485155583803
0.2296343516455458
0.22457243918287959
0.21831731630074191
0.20274727315139643
0.16943332144211706
