0.0
0.0
0.0006116901544699699
0.00372715173335126
0.007094820178269103
0.011542798182027079
0.016956378031661574
0.02186514481301184
0.030575085199025145
0.037115982344599584
0.04392246441282899
0.049250798344991256
0.05457018332801444
0.06439898680580183
0.07592935338882274
0.08521683620577276
0.09702610404014896
0.10764201872292102
0.11287149208729753
0.11496397944716444
0.1158342905967405
0.12342752980594561
0.1273948535461562
0.13323466467469725
0.14047940197905318
0.14666188728583923
0.1510370426565933
0.15709057292958317
0.1622072585106718
0.16376135275545384
0.1666786856070012
0.17489301719513606
0.18275479595653074
0.19293518315634212
0.2022439039685964
0.21181408630765608
0.22190904591082036
0.24089952591922256
0.2518973210814054
0.2619922675748316
0.26855098487657547
0.2778044169092311
0.28496911871116315
0.290775978530536
0.2946193806226721
0.2924515120999724
0.28942371981616816
0.28237006802533265
0.2798696974407246
0.2796034500609028
0.2804583664109397
0.28151862350629825
0.2866413443315607
0.29746099491442046
0.3099828854926645
0.32343411251260007
0.33416446345448275
0.3413644993407101
0.34282743501772966
0.33960819159692657
0.3375802929374829
0.33282095727170546
0.32799532176699886
0.32427542158121836
0.3169408958780963
0.3093902177500552
0.30022842886110607
0.2934666841202803
0.28914171034621705
0.28471062270102815
0.2889297070256081
0.29239003144998255
0.290945733435069
0.28882276038431237
0.28561434151819187
0.27908321200072156
0.274914472340893
0.2691561488168876
0.2614401101763256
0.25824615261816974
0.2568492000341578
0.2555785116716288
0.24998887497840544
0.24691409129604677
0.2479524719676143
0.24982263600882634
0.25577966018267007
0.26210045635511103
0.27008027151145086
0.27996846514781315
0.2862054551074366
0.2958758386906653
0.30272851309398163
0.308173034912569
0.31581572290157306
0.311654208220378
0.3073209621672617
0.3022309842043632
0.29653111531383614
0.2934638029560611
0.28244017464475063
0.27369800578741044
0.2700934784493396
0.2609658071168944
0.25185341776133613
0.24016597853496285
0.2296728147789763
0.2233496330617977
0.21338374208540653
0.21005814660903221
0.20904728546961307
0.2047206110576313
0.20244489023900472
0.20115666222186726
0.20147508672124553
0.2016742944614663
0.2009233624181149
0.19991772232637195
0.19973685160128646
0.19909978536482903
0.19675245562456417
0.19219858003900217
0.1846296671590159
0.1750845984419831
0.1712556699877573
0.16969100722745797
0.1713163400901284
0.17287543428834706
0.16783187309045514
0.16488342508652853
0.16413465893038034
0.16697936644143926
0.17261920831828817
0.17890053250818924
0.18787273452792655
0.19562794952469992
0.2064606666350615
0.2182208949472075
0.2340493473905269
0.24585785547202677
0.2575539534517495
0.2664782859255205
0.2791880726280855
0.2952734308411363
0.307636945398724
0.32376085735953325
0.33577849373307245
0.3448713728640558
0.3558820657506021
0.3587373543262796
0.3619495458208929
0.36136739505172966
0.35853338142894775
0.3548089328518115
0.35205501599892197
0.3491212283986135
0.34880255201100946
0.34369376460932016
0.3349462835354343
0.3320731680272939
0.3285942588372809
0.3248698686234684
0.32203908037436685
0.32119439380624654
0.3250345044077804
0.3247609595799674
0.3243588064900089
0.3262485510388439
0.3296181837439983
0.33403116941442784
0.3398047300396141
0.34697620076360713
0.351179842762421
0.35463932861772585
0.3557066350016674
0.35265690013772527
0.3552233686677556
0.35452242407817025
0.35327552992693656
0.35228495899383333
0.3441090759841521
0.335966476029438
0.32827604390683746
0.3208780123062113
0.31046720759689433
0.3010662155232384
0.29379889110748836
0.28330013442672186
0.2744170791096744
0.2605028122082857
0.2498016557580971
0.2415692675106354
0.23908059438375293
0.23666012763070576
0.23431557702231098
0.2332436492601736
0.22904668662425692
0.22834377294579977
0.22766966614666667
0.22130760815211648
0.21802922586564452
0.22041277855755928
0.2248074311224869
0.22301879986324546
0.2190471200122898
0.2199733177431768
0.22189506629112746
0.22110377746686474
0.21929552722662016
0.21141097883369586
0.20058534076906334
0.1892262525656672
0.18043961728214417
0.17419648622459233
0.16595526992005127
0.15785795691377943
0.15214943500899009
0.1492465788504268
0.1412961223923517
0.13484092152703409
0.1265043341318994
0.12224257543197245
0.1175186449493167
0.11859233554644144
0.11276234827053203
0.1094604567681602
0.10376257205174924
0.10261926271059826
0.09975213339096585
0.09450477535396759
0.0836518357299639
0.07025022016690242
0.05995921472181165
0.051233590299768
0.04271583214721643
0.03788986278578534
0.032116205773052575
0.03110680984439296
0.029407555579610566
0.023142845949601257
0.019769332312603118
0.014502704357907466
0.009100836819565632
0.005717058643416775
-0.00047463650190119125
-0.00807752081999152
-0.013230798858372297
-0.014884405728253305
-0.014218116737155347
-0.016876176489081594
-0.022231215749881163
-0.03004729236197079
-0.03946745413133583
-0.046281743634000026
-0.05508139705756621
-0.0621648653061486
-0.06771682730109824
-0.07648072788417823
-0.08513835514264735
-0.09117114186185798
-0.09513179039916801
-0.10419320528330146
-0.11023456763820912
-0.11593018877908204
-0.12618431225371943
-0.13027486758246196
-0.13616871399780908
-0.14249044488787035
-0.15003933049117346
-0.1562602292855878
-0.1607893269627763
-0.16888514097080473
-0.1713153992086475
-0.1749548689329732
-0.177922041329796
-0.18200091522721623
-0.18730660917520972
-0.1876295666792026
-0.18685410646897152
-0.1861689023588154
-0.19295451115624812
-0.2013573585051935
-0.2090245494620984
-0.2152239855816248
-0.2161493206256535
-0.21473037448761081
-0.20945884337097329
-0.2054534071063617
-0.19841720517612327
-0.1923630264835967
-0.1867526492669388
-0.18016975026221865
-0.17338399176625252
-0.16725495027672718
-0.16694210522125474
-0.16445992433013534
-0.1626206927086547
-0.16646810948511534
-0.1701171871404063
-0.17537298762837278
-0.18219866381344474
-0.18963411464926933
-0.19788213874632962
-0.2054221844715707
-0.21377043510583527
-0.2224452012720586
-0.23397331461530252
-0.24457604920794282
-0.2581130996945553
-0.2679447556157805
-0.2758181406035912
-0.2877753309351448
-0.3034840624836945
-0.317296712093908
-0.3348015940872433
-0.3472729243203907
-0.3559149517536427
-0.3640564067412866
-0.3678609432208607
-0.3797364903768963
-0.3891026220713494
-0.3995594665566403
-0.4060886047359274
-0.41005524990278724
-0.4159230755738714
-0.42836023341044394
-0.441302213053043
-0.44827110128798675
-0.45649282591547485
-0.46770248560211813
-0.4774936672713596
-0.48023540751242827
-0.48037270954040734
-0.48485299029980744
-0.48696200983166227
-0.4888434690404844
-0.4888408083925487
-0.4956629695046436
-0.49687713985957144
-0.4973929479581008
-0.5005633772200402
-0.5047255706574513
-0.5105246766938402
-0.5155308005365724
-0.5177726372184691
-0.518828999884852
-0.5208077105906019
-0.5238352017559509
-0.5283183098281886
-0.5323331008063634
-0.5341051779342366
-0.5360271872354154
-0.5326229465899607
-0.5281432161382937
-0.5228572423828934
-0.5188588554905174
-0.5177300161174814
-0.5164908789836236
-0.5138093941964075
-0.5057941541594825
-0.5017143165679431
-0.49704049580699344
-0.48979068628342004
-0.47898176192248976
-0.4657822758552766
-0.45735366975847214
-0.4467608587010005
-0.4408448400695808
-0.4344103943134773
-0.42982112473467615
-0.42054449333481003
-0.4158287824178626
-0.4152126734329502
-0.4130878978701214
-0.4043273306470878
-0.3933401520860469
-0.3812889063926513
-0.3727936496132061
-0.3670265862049945
-0.3637527680049985
-0.362008859009945
-0.3619895682766039
-0.3613628306612278
-0.3658816448821856
-0.36561446537830117
-0.3633615747796836
-0.35827062793385983
-0.35530089222568695
-0.35542798575595375
-0.35397155620407267
-0.35711495610288285
-0.3594761941888935
-0.3683347140386072
-0.3780128871994663
-0.3901913696036763
-0.3975756020989709
-0.40036686883398787
-0.4039906834982459
-0.40889032423649135
-0.40824597174905053
-0.4013864382592431
-0.390327160497952
-0.38396214548981866
-0.3797222259606289
-0.3776183145633418
-0.37620956807240963
-0.3747795500984576
-0.37922450621588744
-0.3839808311576276
-0.3828990274284592
-0.37891963780110655
-0.3784058181937758
-0.3755118498851819
-0.37419387229816736
-0.3722775682334853
-0.3682188519233575
-0.3672169464427212
-0.36951062342818614
-0.3734411253468382
-0.3810082077351033
-0.3859473424505128
-0.38849043615202494
-0.3892825460852996
-0.3832910291624827
-0.3769573199690288
-0.3693707987160399
-0.3592598648550397
-0.34555608745442135
-0.33254032986247256
-0.322222529439476
-0.30971604859377966
-0.298648201117964
-0.2907740128806836
-0.28295944368199305
-0.2781096849178293
-0.2728394929425587
-0.2700919767629297
-0.2626456727796684
-0.2580477005156257
-0.25322979605832496
-0.24493125535528826
-0.23298705987954968
-0.21627624529523617
-0.20370333371428873
-0.19315343135740906
-0.18086670217052678
-0.1701726530563978
-0.16121783253318647
-0.1546328188575147
-0.15561359220872034
-0.16070606526366832
-0.16548381865523182
-0.17033958499401686
-0.17076420019848013
-0.17195189411998818
-0.16960729341178146
-0.16637496864141127
-0.16429312413476826
-0.15916211855802567
-0.16084127222861916
-0.16232552560848895
-0.16232610346459453
-0.1604565771155115
-0.1590395843297126
-0.15829019203418526
-0.1547145691758159
-0.14887916681519864
-0.1414807072818284
-0.1347149404459454
-0.13135918287720877
-0.1303220461039901
-0.13007347807108377
-0.12955377293231157
-0.12888047963790827
-0.1306773768829901
-0.13155141404496368
-0.1315128283009063
-0.12996801263175656
-0.12661986057794938
-0.12328508298138095
-0.12237250224638481
-0.12086729353647768
-0.12237685655016833
-0.12782633539655142
-0.1298836888009769
-0.13338594388352282
-0.1362178050891411
-0.1427409213574769
-0.15141298210023407
-0.15297226652947443
-0.15189110174938938
-0.14927193449839882
-0.14968745292899815
-0.14882940370200828
-0.15176010945436955
-0.1523803363789121
-0.15488129825428104
-0.16034699622726495
-0.16454066777303966
-0.17089266910562595
-0.176038520451576
-0.17881030217654603
-0.18388970996010712
-0.1893775246198136
-0.1939655401117618
-0.19393649627206477
-0.19579181510282986
-0.19394209339932958
-0.1880208302113659
-0.1872718616063069
-0.18677707503568902
-0.18732732767162943
-0.18872312699624041
-0.18770006988051044
-0.1877563208934969
-0.18708864119858606
-0.18796897138571567
-0.18761963360239556
-0.18677569074915124
-0.18868744780916377
-0.18799592681773278
-0.18667672032725624
-0.18543334345408954
-0.1804746511405319
-0.17630735021364272
-0.16976727500958466
-0.1605449487308975
-0.15150628915664255
-0.13922421442215074
-0.12397038271169092
-0.11482950781848425
-0.10288997939124139
-0.09151634049892486
-0.08822914376651958
-0.09127776403897957
-0.10012521925557948
-0.10629932424102137
-0.10987448086419827
-0.1131328426342814
-0.11724562558753934
-0.11618491835309519
-0.11768976069858018
-0.11909539208686369
-0.12235302135712964
-0.1326057103861772
-0.14089646255727184
-0.14836555317376618
-0.1540701686098218
-0.16303031009548216
-0.17059904288272867
-0.18196045945990524
-0.19359917857473008
-0.2024640045114577
-0.21411418023863377
-0.2182685192660347
-0.22464131010250654
-0.2313159554578623
-0.23724224071184535
-0.24065469781562593
-0.24152547138571592
-0.24434588709335917
-0.24787471677289705
-0.25281980763537176
-0.25656263568043625
-0.25999359603193023
-0.2680632031974224
-0.28061154839288904
-0.2958061585678138
-0.309272762376166
-0.3215298931342153
-0.3341469373767926
-0.34178905726604575
-0.3415086576089821
-0.3416214426212208
-0.3383856783216723
-0.3427705374182892
-0.3446569791256078
-0.3455866411226778
-0.3446293637703162
-0.34156830326905296
-0.33499254131234824
-0.3285995643096513
-0.3242288263735827
-0.3185681133822018
-0.30937615289586173
-0.30371424842152533
-0.297764551393302
-0.2909173343815975
-0.2810788162470038
-0.26678242107427586
-0.2551751904522397
-0.24844044027827064
-0.24186472939988346
-0.24120433831894256
-0.23769268281479766
-0.23040707074747935
-0.22549053957410897
-0.21926753527018222
-0.21286139365450857
-0.20770464664171312
-0.20850714210976956
-0.20463947874436544
-0.1999492919782458
-0.19575721085756465
-0.19101514809674397
-0.18373702885620044
-0.17546843105295926
-0.1698926256005021
-0.16913111923214438
-0.16644172966904802
-0.16837961425020886
-0.1681507430424393
-0.16745451015496354
-0.16735767575826063
-0.1685476253386667
-0.17061398521635876
-0.17146468357804023
-0.168292105266079
-0.16686855349579954
-0.16267231946613545
-0.16319289975208293
-0.1585835445918942
-0.15482036013260572
-0.15154119611932346
-0.15188190459914505
-0.1450698650930472
-0.14047007296941363
-0.13750015977148325
-0.13206845975079556
-0.12973675046762997
-0.12774169824540016
-0.12041838791619346
-0.11770870556684375
-0.1149344018120433
-0.1119228471793553
-0.1036768981154316
-0.09577757204426977
-0.08977779420484487
-0.08056431978076044
-0.07661338644586245
-0.07036106080957846
-0.06720908072616937
-0.06913439386475494
-0.0729384442033243
-0.07530322084007639
-0.07595523570037264
-0.07544347239786843
-0.07754978665532782
-0.08180022632157269
-0.08228129095035443
-0.08033374096167042
-0.08095161795745359
-0.08562327793486796
-0.08623933173716529
-0.08088242648624437
-0.07955158638450949
-0.08228878238171666
-0.08077690024537627
-0.08123516837325175
-0.07581775844595813
-0.067068871107947
-0.058912765318852325
-0.052773859263529385
-0.04347935370894049
-0.0341022462488354
-0.02885053415407171
-0.021588406908808755
-0.012508205439206357
-0.000592415088226609
0.004355915740439887
0.01412597274643947
0.020619206043876535
0.025352209620867067
0.0335904479118791
0.04343464453804393
0.05249891098881149
0.061880983283296276
0.07153673609753847
0.07851749452953168
0.0893315854912934
0.09693254155884312
0.10413067228184004
0.1097109908065612
0.11426207111632368
0.11913904463002374
0.12034746642888683
0.11987045937451313
0.11861633067331535
0.12141966683704318
0.12568170232906836
0.1273963404544288
0.13196590007931694
0.13360574421292942
0.12802686138739228
0.1287602822034813
0.12979631436233904
0.13520763130066757
0.14107745016088927
0.14783155593019362
0.15372704340331347
0.15722525377042404
0.1603748460467246
0.16329243323104461
0.1653503823927511
0.16883377339297675
0.17380006936914816
0.176743802206636
0.17939386730489296
0.17917850752828093
0.1735667811724884
0.17324992933358108
0.17130543298434933
0.16714211117037314
0.1711466640318969
0.1758373565609848
0.18107900123981277
0.18649453929516627
0.18720715985876296
0.19190249407466395
0.19099852790615687
0.1859002684720519
0.17735793462108662
0.1685965338720152
0.15443313706665082
0.14155776846187523
0.1334826171534344
0.12850232336162884
0.12854482014022517
0.12055351525475755
0.10994985838230559
0.10278033225047045
0.09144669086326697
0.08371202608709528
0.07758074683676094
0.07064362310388268
0.06209162055251037
0.052825219599993894
0.0414488267644063
0.025949846868561333
0.012026921991325986
-0.0011804384800163346
-0.015002967341717934
-0.023893507746713158
-0.03238440782720141
-0.038780168714051766
-0.04201689636165222
-0.045773204129887626
-0.0477707061989705
-0.048367708798710905
-0.04720622774100618
-0.04554422348828793
-0.049036617019883155
-0.05456445378728706
-0.061681322631469554
-0.06479970622561115
-0.06232729390499027
-0.06095650072102758
-0.06297238758869189
-0.06675942236402017
-0.06838468807641736
-0.06055170497957946
-0.050590301850669456
-0.04267104735750308
-0.036517606414037646
-0.03205405708038629
-0.028492230463750937
-0.02641274170150986
-0.0296514926447423
-0.03517768350762003
-0.048728302856122466
-0.055986575258090227
-0.06305458735408892
-0.07110776711430428
-0.0785750898706852
-0.07841320384456787
-0.0787675210248617
-0.07698419165617801
-0.07120594284042436
-0.05733091470634723
-0.046440314837679256
-0.037354119181491376
-0.032745382382643476
-0.029090877249602756
-0.02683595790996189
-0.02433885774308505
-0.021380703132178575
-0.02620239407675561
-0.029311112505972233
-0.027571353512539302
-0.027934395553775283
-0.02768027489093117
-0.018639105444542916
-0.010408980368046534
0.0008466077466420044
0.013867232983011318
0.024629643531283767
0.02952260451489012
0.03402928300023017
0.040908527156426025
0.049121708076540344
0.05912301805307582
0.07212748319634303
0.07832777655477821
0.08398027358459952
0.08882687764139371
0.09528936026943434
0.09879016186068205
0.10369586607302107
0.1116331861362494
0.11862519648477365
0.12209917827514746
0.12455711793341669
0.12257242505077678
0.11883243941793228
0.1200095402659039
0.11794018129240534
0.11469017131397423
0.11435871188311672
0.11678749753619691
0.11622411833470739
0.11355132227688695
0.11260845612422835
0.11048992542149451
0.10733035148047937
0.10893256864115414
0.10967117562171845
0.10414515355642227
0.0982909842074655
0.09622361602447314
0.09806174317781022
0.10123517146889373
0.10393109521663327
0.10876787029650312
0.11616722022864981
0.12539390587276966
0.1322401494630451
0.1376433043101837
0.14572381547073524
0.14656346613669272
0.14932986302265344
0.1538628144464917
0.16180759165511893
0.17140075314320094
0.17959253077972528
0.18713399513867449
0.19899839808747108
0.21365904535043256
0.22616312840498515
0.23880722084160333
0.2517610262133347
0.25863604400463414
0.2632830459993216
0.2695303237591074
0.27257980522502206
0.27577315766577637
0.279777960690679
0.28245438760045516
0.2775096071358688
0.2732071387770499
0.2707965338700213
0.26529541210973506
0.25255215624180377
0.2428444964674551
0.22604932566413366
0.2140886803518756
0.20324541339732033
0.19317607306213827
0.1843780741252975
0.1732417435905379
0.1665253069619685
0.16276052334925456
0.1619436902828456
0.15980771840728494
0.1544317981429727
0.15484016007371038
0.1532096773656105
0.15075749511569708
0.14199419388615692
0.13313702343226247
0.12453008727578829
0.11368457075364564
0.10424795842027902
0.1000934455671416
0.097349985808284
0.09691449626090794
0.09019834610927364
0.08748279168759439
0.08130577793930055
0.07604811554024285
0.07210378359474018
0.06934698706152329
0.06482704938522678
0.057541186355817994
0.04979440984162896
0.04183189185306303
0.03669423929063182
0.037607450702793324
0.03661482073237785
0.04309248521122021
0.04931582997485147
0.05559659112073957
0.06062060464226772
0.06578999908767919
0.07345062469752871
0.08307973495101134
0.09424389487857529
0.10244831063737339
0.11146326943929029
0.11729424410071186
0.12269851665364248
0.1218358973778744
0.1256080410903824
0.1288366978992979
0.12746028210725238
0.12668739279661584
0.13319879819593375
0.14105085106109302
0.14847280678143995
0.16002800374533538
0.1687476449684583
0.17411472353782742
0.18109376995472629
0.18847806708159776
0.19484441430055321
0.19873305103267858
0.20325306471141097
0.20895427530099564
0.21424410552716852
0.2139614099109707
0.21326058785683558
0.21286755798548235
0.20938548631622111
0.20866503443593787
0.21069135899150276
0.2117908261069971
0.2084879776089732
0.20364413748091617
0.19417972947214843
0.18726952517734843
0.18137646616614295
0.1735301981360809
0.16622477353614787
0.16153301027349576
0.15429582636566927
0.1488959033061121
0.1459853237790961
0.1483390759318248
0.14836656893090752
0.1501064386238402
0.15191417655140033
0.1538371258673319
0.15284873086833412
0.15272274397961907
0.15431664573309167
0.1515385624657624
0.1492001460019653
0.14456202299992357
0.14407995049541863
0.14054300548828408
0.13342219915866713
0.12756210654605898
0.12242617037005156
0.11976460361880654
0.1201487666894975
0.11463099542026225
0.11010766437192412
0.10674161209234814
0.10439628788925387
0.10153253675813481
0.09660236119646472
0.09182265299763971
0.08543405216922895
0.07934666779263691
0.07147746533507193
0.0660665362932231
0.06188593297421419
0.061996563041254005
0.06060304577452776
0.05859545546308884
0.055735978653956034
0.050827846968533576
0.04003315445764985
0.0315319167718065
0.02636838869138827
0.020166880298008272
0.017480418395550274
0.013617310663656255
0.010973355523089137
0.011137883669707383
0.011668382842989603
0.016123094564025296
0.014918389175023129
0.012846456986320764
0.011316986851475695
0.00817302660337407
0.0076400686664065826
0.00689699194381867
0.006056196550294
0.010098361520459896
0.011482278304017482
0.01461082033647218
0.016897657934113262
0.021221172931198448
0.02493855042101862
0.029087306581216835
0.033107624881891146
0.03375403079341512
0.041817838405821095
0.05008362730880694
0.05677849908744722
0.06628230610964517
0.07653784109177553
0.08075828182030889
0.08236718550174828
0.08594754925204452
0.08796290817279026
0.08854535462603763
0.08703568358376125
0.08297990442783099
0.07779002170207854
0.07058009319611552
0.0633868703621704
0.05670036846000708
0.045983373066235136
0.03319477033496143
0.02191892582717922
0.008175037625657453
-0.0062901909583965784
-0.02436993249977019
-0.0376231611124328
-0.04826006467768719
-0.057958419139124626
-0.07023080553345899
-0.08232909686404272
-0.0952726328307335
-0.1100615871118582
-0.12364636956376387
-0.13193472737036954
-0.13906801457504175
-0.1440487033427767
-0.14955207334814835
-0.15599890719180848
-0.16483510431900153
-0.17390022124767252
-0.18575759663653296
-0.19345115931228302
-0.19699912761662156
-0.20743816454018119
-0.22032255191163239
-0.2308838621116942
-0.24439009425576874
-0.25645748105804567
-0.2708613847785702
-0.2793446999413003
-0.2856062906257571
-0.29311156546473177
-0.30145896246964865
-0.3053588861960282
-0.3109752907862576
-0.31213850979754154
-0.31120360476993314
-0.31548942267730606
-0.3200468186726938
-0.3285520265474085
-0.3381731751007648
-0.34779619286452507
-0.351402081701216
-0.35607863101250903
-0.3596309759051552
-0.36341617026801104
-0.363168935966444
-0.3678828752304531
-0.3666761293969029
-0.367412098532188
-0.3744200355831359
-0.38181942268999364
-0.3877329424334084
-0.39516831411893094
-0.39603950354239537
-0.39784201169115013
-0.4005328097932978
-0.41196816008839227
-0.4227707685004687
-0.43177701948543495
-0.4382805671378282
-0.44684462110611783
-0.45621228412582093
-0.46724925922674493
-0.4759423092435151
-0.48290843462712973
-0.48889983944859444
-0.4925530571423406
-0.4927104027987391
-0.4978447707225815
-0.507777268854858
-0.5128142079117256
-0.5177032509001179
-0.51976608750328
-0.5200541827799845
-0.5236689020008739
-0.5241031560779463
-0.5301984730694912
-0.5362968537914953
-0.5451502274450432
-0.5535175753629779
-0.5602420247419547
-0.5649787104550245
-0.568280404968243
-0.5747130923402939
-0.5796975818012158
-0.5826549290434763
-0.5869200981286761
-0.5937953193193783
-0.5994343153478083
-0.6030815459351468
-0.6059782862571568
-0.6100482492862035
-0.6184997509188171
-0.6229422855674763
-0.6302059548382212
-0.6368730209942073
-0.6424214208154314
-0.6505275563819988
-0.6535740174086793
-0.6506083570875896
-0.6490965061973286
-0.6504876278805894
-0.6569095439974006
-0.6657546049140859
-0.6708807512168823
-0.6740164646538283
-0.6735765897882593
-0.6733942105252094
-0.6730438937745418
-0.672998343463557
-0.6721441976716448
-0.6688368081616592
-0.6643909082405213
-0.655392078848091
-0.6439892982958068
-0.6347114240593059
-0.622869437857725
-0.6140913009763492
-0.6011339228845242
-0.5862183150094715
-0.571199338003613
-0.559465542702438
-0.553102336019271
-0.5466634065762719
-0.5388924505837593
-0.5269469563413528
-0.5151392246379563
-0.5036990727082146
-0.4912290810035087
-0.47681530192816485
-0.46066845297884557
-0.4496187776774196
-0.43706727552593466
-0.42379425948714605
-0.41579516248681325
-0.40872412623608306
-0.40276458850804936
-0.3946052114318795
-0.38819129533897584
-0.3777532643088368
-0.36891840118423425
-0.3703814631889416
-0.3701474832567546
-0.3733231090121346
-0.3776883043340635
-0.380079794071425
-0.38066304714650384
-0.38113170975661653
-0.382662416099604
-0.3884967128000966
-0.3911566029036426
-0.3897712675335089
-0.3885635938315867
-0.3890710168573441
-0.3935674750066202
-0.4019825607987829
-0.4101901375175612
-0.4149573828736643
-0.4229087684656947
-0.4278919466761996
-0.4286784433245642
-0.43622192540389876
-0.44129012819881275
-0.4469839262122927
-0.4476776685490343
-0.4477231551452676
-0.4455132078052917
-0.4435740269719084
-0.44490847064208905
-0.4445328397023587
-0.44338423289837575
-0.4490645152699504
-0.45196243860860685
-0.45370309164687145
-0.4546097649767093
-0.454095297245126
-0.45297775408127944
-0.4508603581693625
-0.4512615526894396
-0.45707324795914606
-0.4657334407840177
-0.47628149972108924
-0.48590283159900655
-0.493055494318019
-0.5010745820534248
-0.5097566272583098
-0.5187733528654325
-0.53077126944529
-0.5419439302284137
-0.5533459997441372
-0.5661917296541654
-0.5799772328482671
-0.5960064827490439
-0.6096953508612466
-0.6165893625088917
-0.6196941461120262
-0.6214685411092955
-0.6160729311154142
-0.6133325305689071
-0.6163528291649177
-0.6148278672306212
-0.6127605951601117
-0.614725845538689
-0.6204949392091085
-0.6231256562029468
-0.6289055584534823
-0.6352363245919717
-0.6451379282673135
-0.6541771619492965
-0.6622031673109899
-0.6711680950579875
-0.6813215608079312
-0.6897521214142855
-0.6970624133342468
-0.7058202379430595
-0.7143423368340313
-0.7218573665600415
-0.7265547440758272
-0.7313210462736461
-0.7332961759952779
-0.7345851672801816
-0.7328102744587173
-0.7276846056112141
-0.7227619060105628
-0.7143316380785033
-0.7073263954775123
-0.6934833668534306
-0.684396987276072
-0.6681340401063356
-0.6541541870291148
-0.6443022004297014
-0.6376978709192889
-0.6310895343055519
-0.6258248911296028
-0.6275594530301333
-0.6359128554113015
-0.6427286378466731
-0.6449685606714078
-0.6470957987881206
-0.6502501182582268
-0.6529487874399934
-0.6575287193957609
-0.6643576474220031
-0.6665519555142829
-0.6721791488740199
-0.6781205927602156
-0.6797189522921778
-0.6826512308421903
-0.6879656279684867
-0.6960284306237259
-0.7019252358460195
-0.7081171212895968
-0.7139585390619521
-0.7161727460733471
-0.7199895338168095
-0.7234585897197715
-0.7275489188363754
-0.7281118832442198
-0.7302849227325318
-0.7359649921677217
-0.7417425057945166
-0.7469769614659131
-0.750962638361376
-0.7580637133529999
-0.7646408898416348
-0.7719169992067304
-0.7781026118531783
-0.7858457962583286
-0.7978599977163952
-0.8072312839932407
-0.8075584122872012
-0.8068697756982522
-0.8058652083276838
-0.8049940322006663
-0.8031213616800336
-0.800388645502121
-0.7935206235194133
-0.7835190452798781
-0.7713335517248558
-0.7604507632978473
-0.7516810842125277
-0.7448599180306732
-0.7379955899231153
-0.7374819969849943
-0.7369654483735726
-0.7382518597086198
-0.7421921212855731
-0.7442479237571439
-0.7471223048979804
-0.7450135676213545
-0.7411879456137543
-0.7388721860998744
-0.7387929609118399
-0.7384210471626724
-0.737381026017445
-0.7334286271838528
-0.7245958272097768
-0.7190042499047102
-0.7136058622991179
-0.7051159657282113
-0.6976874817487566
-0.6926884972671925
-0.6911355884714245
-0.6917585607704738
-0.6926733810939761
-0.6921452663134215
-0.6953631747874327
-0.6973025288272643
-0.6937756434231679
-0.6898961737775692
-0.6873595310677708
-0.6836971455027668
-0.6808121660547458
-0.6770236366880792
-0.6710599968361041
-0.6636148376889074
-0.6590717825118533
-0.655575430483152
-0.6499771236141605
-0.6423713944499081
-0.6279991841155249
-0.621273275343662
-0.6161249564418333
-0.610149499405548
-0.6071879580615928
-0.6056249930922822
-0.5961664538826462
-0.588871397804553
-0.580503748045677
-0.5775290288263937
-0.5743143224376277
-0.5679082299368975
-0.5585518993151637
-0.5427339862316047
-0.5289144191132515
-0.5162890144974972
-0.5038648026106157
-0.49329257581820163
-0.48173158820255796
-0.47652861392470736
-0.47170273039128807
-0.4672848040060611
-0.4667854343511562
-0.46804811334860075
-0.47467708501594047
-0.4776707899187195
-0.48338700085666036
-0.4910385168311727
-0.49596051054399326
-0.5033545144885881
-0.5110973840115183
-0.5180618142988721
-0.5225399692818611
-0.5260901776083715
-0.5235187700949399
-0.5252548064996452
-0.5225354628482304
-0.5172107802558299
-0.5084055427345457
-0.5038829515236162
-0.5010263713021312
-0.4943309265092364
-0.48024338552436024
-0.469493964373111
-0.4629834033873775
-0.45675609249122623
-0.45009880277106634
-0.443683251719595
-0.436024652644234
-0.43187899093330795
-0.42553358970865074
-0.4211432726519434
-0.41485382885200034
-0.4063386469461539
-0.4022800796395858
-0.3963639348575649
-0.38873693068976756
-0.38084225838830454
-0.376140413319647
-0.37247284164129896
-0.37198323309064296
-0.37313905275522835
-0.3778653051820753
-0.38207022521433376
-0.3838180770465222
-0.38460961023437795
-0.3847945764309756
-0.382849603973689
-0.3849385801903268
-0.38632049149881176
-0.3889999114795011
-0.3946760234905972
-0.39861323211075483
-0.4052029847745449
-0.4148525740989556
-0.4250974569114524
-0.43252893373625695
-0.44629503676017995
-0.4556003339592737
-0.4605247366541736
-0.4663747636350149
-0.46493986142948707
-0.46738336517185336
-0.472299173094553
-0.47894926205464194
-0.48023654694073
-0.48144408899365404
-0.4777716386789023
-0.4774783426662572
-0.48158720646366454
-0.48153167917522804
-0.4815962533470808
-0.4790529889173328
-0.47039607972827424
-0.46707757422661167
-0.468416407976826
-0.46850701468779865
-0.4694272198664745
-0.4675096465054496
-0.4637434389601636
-0.46329912582227906
-0.45742070719524947
-0.4503148560251856
-0.4412797937193799
-0.4336323972771697
-0.4269176523401851
-0.4206790520023259
-0.41399153557812485
-0.413471367433579
-0.41406567306087505
-0.4099469389627299
-0.4011661555599709
-0.4007268400493147
-0.4012691987324294
-0.3994800308495656
-0.39530060589169463
-0.39064692337586193
-0.3869852508474184
-0.38720095286824724
-0.3855100074050041
-0.3805149099918899
-0.3746567583953415
-0.36566660603897194
-0.3552043186985718
-0.3501978845723468
-0.35185791209360434
-0.35357097905117707
-0.3586547576931751
-0.3617740011230003
-0.36220804847005406
-0.35925008361525473
-0.3586495468169745
-0.36080404559491486
-0.366842988023604
-0.373584143651769
-0.3782434934988966
-0.3821474064059505
-0.3878958095242784
-0.39285099961114583
-0.4017288292539629
-0.4076027823752996
-0.41178589547620204
-0.4183686883335544
-0.4276531893516582
-0.4365573692543663
-0.44857576962806855
-0.46089246135129075
-0.47047809093145154
-0.4726712172581472
-0.47745826661559143
-0.48508630714342316
-0.4927380289180329
-0.4975993793041672
-0.49962322891768307
-0.5040883216345282
-0.5087412630773374
-0.5123807153591652
-0.5198283036918492
-0.5281774287745011
-0.5384679377224092
-0.550612875443588
-0.5617141849678647
-0.5708825204089855
-0.5787549660705441
-0.5838726708868663
-0.586170100539204
-0.5904996938010971
-0.5948207057722775
-0.5989348476461607
-0.601867279422857
-0.6011642143847052
-0.5963062826131309
-0.5932989013292956
-0.587996316618919
-0.5781340003141375
-0.56773555107823
-0.5591732344945606
-0.5539316404711959
-0.5488024503853112
-0.5443026031667304
-0.5410414302778498
-0.5353300085643158
-0.5308908563024575
-0.5284290632872417
-0.5286802950882359
-0.5309895113604599
-0.5383384627522924
-0.5452274025242954
-0.5526892619431361
-0.557957137037881
-0.5645997628133166
-0.5684169859791185
-0.5726386366093912
-0.57604085701644
-0.576615368136308
-0.5774174929386164
-0.5831701943656464
-0.5869969685926584
-0.5860436133876461
-0.5889930636048863
-0.5991951587401384
-0.6058405249816597
-0.6127501005416842
-0.6175031666199483
-0.6194427059869136
-0.6178683267147617
-0.614484216539522
-0.6109056760202566
-0.6088285343158647
-0.6081480512924612
-0.6075311032582228
-0.6030262389331016
-0.5994741542045303
-0.5929741818147386
-0.587793182642088
-0.5776825471289038
-0.5705465867586061
-0.5627720077073836
-0.5617781480370339
-0.5656069836801206
-0.5644964412850777
-0.5652847159000635
-0.5675209515038007
-0.5697663953981494
-0.5689346925129394
-0.570324196044687
-0.5756587570291998
-0.5866675350791128
-0.5991209552704722
-0.6125644039469618
-0.6240795387987577
-0.6368496106111233
-0.6468579103511847
-0.6554332495882548
-0.6653643238197976
-0.67916349745172
-0.6917328700891257
-0.7030954066576882
-0.7156907385984135
-0.7311269701417968
-0.7447718582549314
-0.754892117059274
-0.7655383553678633
-0.7774355457420297
-0.7922348570240315
-0.8077319327651172
-0.8210756147002324
-0.8315034679840843
-0.8416867020443001
-0.8526840018436558
-0.8641607483170719
-0.8736277816414688
-0.8871080529928786
-0.9012618972929411
-0.9126908765659304
-0.9238627065979617
-0.939389762506609
-0.9546955074664116
-0.9701701624332455
-0.9818457900740719
-0.9911405790313013
-1.0010228703243045
-1.0084411030638805
-1.0183877307612028
-1.0261595663947107
-1.0297225450463277
-1.0302608568943012
-1.028859609453405
-1.0292995338239632
-1.0293208707714265
-1.0312229608907184
-1.0344691238682815
-1.0357406798768178
-1.0372621244848126
-1.041199228269722
-1.0444584030347397
-1.0473570088873219
-1.049489414648079
-1.0509346713677745
-1.0554838037333705
-1.0622784715940712
-1.067232577428122
-1.072825081318008
-1.071302697602873
-1.0709500728234087
-1.0717346470886717
-1.0788203905887621
-1.0835675460137055
-1.0891600566051387
-1.0947027893152246
-1.0979381766336547
-1.0998293751558201
-1.0995110565054151
-1.0955038878317684
-1.0937705013299324
-1.089072907315351
-1.082167561807351
-1.0742389839245163
-1.0693512341281306
-1.0610279737790276
-1.0521946948210386
-1.0436482856600553
-1.0344185008370776
-1.0271778019507165
-1.0232745120447597
-1.0169194199216398
-1.0090947026178252
-1.002133799870137
-0.9984100509431746
-0.9892991717224783
-0.9773298475630903
-0.9646544837357736
-0.9459769760115659
-0.9255205104791472
-0.9122283881789643
-0.9028700094935894
-0.894255087346158
-0.8753236297786646
-0.8603904470138678
-0.8496684046331152
-0.8383691863177581
-0.8336124402095147
-0.8289626866138776
-0.8263487813767035
-0.8205189316436391
-0.8128718879568964
-0.8028568614293675
-0.7946837332361331
-0.7896437508260665
-0.7864137591716268
-0.7838197461917401
-0.7851859297049786
-0.7873240938628221
-0.7882452985453887
-0.7869266243323467
-0.7848572134141761
-0.7816462116494696
-0.7797518269820979
-0.773099229777584
-0.7676393393647075
-0.7653730290572796
-0.7666729297678927
-0.7710173679375428
-0.7755016757744035
-0.7767582588442656
-0.7827175657109471
-0.785225922971825
-0.7876589169127599
-0.7908336706294887
-0.7944004801731894
-0.8002114434134607
-0.8029312878955857
-0.807434301081709
-0.8143351427481681
-0.8138824651982816
-0.8165618091984573
-0.8209891587374718
-0.8297231567526999
-0.84068020978106
-0.8464971764580705
-0.8502115841874487
-0.8515010098633959
-0.8569319728810105
-0.8594985121184608
-0.8619538216454895
-0.8581374558532868
-0.8490485645633381
-0.8402746197244816
-0.8341753536042643
-0.829518658633893
-0.8298030499522615
-0.8285045429711071
-0.8277030683352847
-0.8251083344954715
-0.8226812638668134
-0.8168755857933115
-0.8084245242323003
-0.8015974978262405
-0.7990776826411995
-0.7954685053433596
-0.7926880551612128
-0.7840614399635117
-0.7778490341427995
-0.7708532011989859
-0.7638909983239811
-0.7613560985069673
-0.7553392698188132
-0.7483419861826203
-0.7392820748613385
-0.729485882306791
-0.7206968790638503
-0.7091594501255051
-0.6994764367157894
-0.6904814698804354
-0.6908742679802057
-0.6939092864665738
-0.6991699378727472
-0.7051441600070444
-0.7103919968171312
-0.7185740992877369
-0.7270307500653552
-0.7327079203703852
-0.7402020691792803
-0.7487166252932832
-0.7553231684117073
-0.7616734423442059
-0.7656430342592265
-0.7719632055792366
-0.7761006224027517
-0.7798385058570145
-0.7839607922195949
-0.7829816764393114
-0.7845775961982899
-0.7851485062395549
-0.7845004971863218
-0.7819191099539285
-0.7778362984108411
-0.7794433206869711
-0.7781691105857816
-0.7778644056971306
-0.7777840459996963
-0.7816981305489338
-0.7835455719597649
-0.7855078416229844
-0.7865029380287206
-0.7904917606882239
-0.78864184966316
-0.7867078250816393
-0.7828163798983708
-0.7794106659304049
-0.7728597346411903
-0.7657915560707301
-0.7619097958090892
-0.7592475559998686
-0.7540236349293015
-0.7460667093045115
-0.7374829028775728
-0.7265906377241148
-0.7199003677858233
-0.7129543282155397
-0.7075202580443827
-0.7016426257371998
-0.6948502233748314
-0.6860528704865727
-0.679276442693525
-0.6731854346806587
-0.6652925803404125
-0.662126433227198
-0.6634902636314385
-0.6639466949433847
-0.6616991973287828
-0.6633605784434973
-0.6643669241401569
-0.6650500428573106
-0.6687205375340942
-0.6700287124426026
-0.6722616035472271
-0.676316499622282
-0.6786413355857442
-0.6785234374986704
-0.6800094927331924
-0.6817233275628194
-0.682741059090751
-0.6832867159765371
-0.6842544518310849
-0.6873136943045768
-0.6895866928642643
-0.6878458416240073
-0.6890846826669682
-0.6914858308071199
-0.6889926741574649
-0.6843911748323284
-0.6841049344951422
-0.680606089840818
-0.6744600436253573
-0.6646692791834803
-0.6592217016192002
-0.6509977631280669
-0.6460635103663586
-0.6446471578955772
-0.6443793680555626
-0.6439285217085567
-0.638947209653867
-0.6370875487727232
-0.6429630460859926
-0.6541154435704748
-0.6640661822464764
-0.67031220751186
-0.680792595671152
-0.6898966868298683
-0.701609671074301
-0.7147116545475228
-0.7254337507470613
-0.7356234786225301
-0.7492765184104204
-0.7666346774412567
-0.7858260449038726
-0.7991204794939352
-0.8107175941646816
-0.8172798863592953
-0.825563097206681
-0.8340445255958805
-0.8382716468718711
-0.843634198931686
-0.8497495697977846
-0.855722716977952
-0.8598526516465567
-0.8621214653127327
-0.8642441738092729
-0.8699221996244655
-0.8814108581373954
-0.8903200576262293
-0.8911592138041
-0.8883192484351811
-0.8858925766854298
-0.887619002074145
-0.8858256733977243
-0.8823364316758556
-0.8749798783842265
-0.8677837621851688
-0.8523844256400918
-0.8382154429105699
-0.824849356426532
-0.8153071389211705
-0.8064916018288832
-0.8029325135117745
-0.7920937222722122
-0.782295767627111
-0.773967098671462
-0.7760225505921359
-0.7750270765294489
-0.7713145277690969
-0.7667232630559758
-0.7625185610634565
-0.7568454110589333
-0.748553663938727
-0.7411275428199594
-0.7319929193587262
-0.7242047733627219
-0.7198438490241725
-0.7136232788127116
-0.714614091012023
-0.7134349557058963
-0.71339522599795
-0.7100732418120933
-0.7052097482019158
-0.6998617144712503
-0.6919550412409068
-0.6852242309163654
-0.6744852080751186
-0.6650086546259446
-0.6592374833668078
-0.6576725071371446
-0.6607414220280945
-0.6627841537808433
-0.667808761149048
-0.6775517372704656
-0.685568616289947
-0.6965396640812624
-0.7086498412082166
-0.7224733023577062
-0.7364436163308817
-0.7489777608482848
-0.7648394371110248
-0.7812658149387142
-0.7933442429508055
-0.805517181854679
-0.8143301489227958
-0.8175251560625626
-0.8187921853579907
-0.8192487029542047
-0.8200031072915007
-0.8190709468762774
-0.8182048490545314
-0.8155447145339556
-0.8154370221456602
-0.8168189454169138
-0.8206120640455117
-0.8238045642485269
-0.8283218502595507
-0.8340490157994049
-0.8401512124997091
-0.8481801845629845
-0.8562259192163039
-0.8563467886986705
-0.855718602276598
-0.8515558698036423
-0.8482301085670432
-0.8448191164305511
-0.8445375335749903
-0.8440638239709072
-0.8402603425882164
-0.8414795652721662
-0.8487434650780459
-0.8561672178305861
-0.8614016625412567
-0.862478385809128
-0.8627746947671079
-0.8595817166444062
-0.8642054267861672
-0.8693355785751495
-0.871843101122347
-0.8785574670670989
-0.8889361933808659
-0.8993027515833715
-0.908315740566197
-0.9191177610587475
-0.9309153753391605
-0.9357488484200893
-0.9420622615926814
-0.9446581164107719
-0.946868646989761
-0.9436669044434038
-0.9381041059705688
-0.9338912239109415
-0.9228868758949913
-0.9127903998590389
-0.9011772838526518
-0.8883621604631932
-0.8757047585234675
-0.8660656503374452
-0.8610979822372253
-0.855912065718601
-0.850101795377698
-0.8461113935476123
-0.8387038529385041
-0.8335256656284511
-0.8294124682750524
-0.8247909114015038
-0.820373092002754
-0.8115947887592806
-0.8082874254045278
-0.8073291777425478
-0.8061668978216745
-0.8053828250949905
-0.8081153489064886
-0.8126351140250315
-0.8187207255144847
-0.8251452542897827
-0.8262697624248142
-0.834909936899745
-0.847304382900542
-0.8587676325210917
-0.8700687140624019
-0.8788112923163112
-0.8866937017618033
-0.8988807325619601
-0.9099445333126321
-0.9189636253474547
-0.928482759443275
-0.9366671318822898
-0.9417479842054906
-0.9485819967311478
-0.9589265973771756
-0.9669750318739595
-0.9755459676556975
-0.976456026366006
-0.9790032452591385
-0.978392163937709
-0.9774467474297831
-0.9764100907881953
-0.978700943607458
-0.9800534814718491
-0.98521802008427
-0.9875666895619776
-0.9935503545690487
-1.0050112452268467
-1.019788204303775
-1.031062683662134
-1.0374222040313128
-1.0404219152755219
-1.0426547585599646
-1.046238073404087
-1.049576381707738
-1.0518647571813158
-1.056901170419385
-1.0607819519293982
-1.0648232233839205
-1.0663511538299413
-1.0692825894880293
-1.0640994744731895
-1.059858088048888
-1.055831286313272
-1.0502523710868614
-1.0495652840734409
-1.052233926492792
-1.053410758710999
-1.0524215319406227
-1.055369830267341
-1.0562676809575644
-1.0545174912764201
-1.05074015253039
-1.0482094473369588
-1.0448172061471885
-1.042847942519791
-1.0471338707278
-1.0535624263130108
-1.0601083638337743
-1.0640930589022812
-1.0686666168261545
-1.0729006309950193
-1.0756939716342422
-1.0795566104997658
-1.080375441447151
-1.077037547133782
-1.0827069234149234
-1.0894279513410525
-1.0977137683678828
-1.106167189825184
-1.1127260302938036
-1.1222561808999805
-1.1281654898643152
-1.1324478748757398
-1.137520904715829
-1.1403855931004614
-1.1409667534384915
-1.1401204562262517
-1.1396484673425422
-1.1465062085617355
-1.1487617442792277
-1.15484093235231
-1.165802090674588
-1.174807716837294
-1.1825124439723576
-1.1888383751063833
-1.1970441721766454
-1.2112834713126688
-1.222699961840843
-1.2343975621425385
-1.2463217768343264
-1.2638203567740873
-1.2833844824546605
-1.2953223141479857
-1.299755030351424
-1.3045061023274596
-1.3134050785393405
-1.3246335592194616
-1.3368603374643826
-1.3455973221626685
-1.3545470766601313
-1.3615485969475831
-1.361361151431121
-1.3571126190319192
-1.3503415040347584
-1.3392066398780964
-1.3334974213801218
-1.3303198932515636
-1.3207472155127902
-1.305453514010711
-1.2944630341192633
-1.2836939592983885
-1.2750058218251794
-1.264180443162142
-1.2555458523783716
-1.2450084587928558
-1.2414769367979812
-1.2418168779199363
-1.238639479950159
-1.2386371483676772
-1.2405310559564915
-1.23930777772797
-1.238537401197029
-1.2378444742469252
-1.236403136136661
-1.2417310250405111
-1.2489866501934879
-1.256510007322926
-1.2681282255506119
-1.280080094483732
-1.2900743403112727
-1.296049141938991
-1.3003546640216932
-1.2971857265684426
-1.289605900099149
-1.2848029610979903
-1.2847131514575019
-1.2856781234112482
-1.2864977187119655
-1.283915633546902
-1.285095416855834
-1.2933174396823846
-1.2963959377278795
-1.2948920742809087
-1.2960173140472193
-1.3016764423423803
-1.3032439592178677
-1.3057045469978543
-1.307212145146223
-1.301171509279596
-1.2972321952934405
-1.2927316658129462
-1.2871958737573894
-1.2824364416339529
-1.2792382271369316
-1.2798707061893664
-1.2778269263767805
-1.2751940570555527
-1.2732275130633819
-1.2754467023347267
-1.2740158960051768
-1.2722847341021597
-1.2679118286167546
-1.261380019499878
-1.2560448709546663
-1.25374626192218
-1.2539976984683607
-1.2575929441975768
-1.264625293750003
-1.2689394374517835
-1.2800909075666347
-1.2903346944541585
-1.3015654972565596
-1.3096921505046335
-1.316259308421983
-1.3205261158559383
-1.32959334510894
-1.3361804625862683
-1.3367078700039985
-1.3318995188229776
-1.3309538533817107
-1.326312790378466
-1.320917444882041
-1.3159641049416222
-1.3097914474565036
-1.3022672798668677
-1.2932379501840652
-1.282080883295224
-1.27313106770562
-1.2668572651172654
-1.2599945031114699
-1.2509993890833644
-1.242614095079614
-1.2367715496110574
-1.229814946278979
-1.218000828555531
-1.2081681596124723
-1.2015074558953684
-1.1934913516942882
-1.1864258531432965
-1.1805210288781673
-1.175287694588829
-1.1710175780530048
-1.167681212499743
-1.1688532076752682
-1.1658030171354983
-1.1711325271546824
-1.1762236520561542
-1.178088969829785
-1.1728073755467223
-1.1729175280837822
-1.1752741848419788
-1.1834513417912944
-1.1910056081802152
-1.1951687479697277
-1.1987790266373555
-1.203480023012312
-1.2035423434692853
-1.2009389791279719
-1.1977103697376776
-1.191338006940968
-1.18869806555527
-1.1903020013923633
-1.1948032127915758
-1.1984371593490197
-1.2020710403209547
-1.1991124612815647
-1.1968345901393533
-1.1906390217369895
-1.1776632250100567
-1.164220100414587
-1.1533007318696524
-1.143871971540424
-1.1346802048005
-1.1246554055081892
-1.1157637069806334
-1.1107521789543624
-1.1031229817513986
-1.0927853547187951
-1.0803563426501794
-1.0660234745573864
-1.054163472931144
-1.042038004143533
-1.0323765021631468
-1.0290254230213622
-1.0254785610543515
-1.0200968254726428
-1.0159596050232085
-1.0179283518212818
-1.0160764033366434
-1.0134701123090029
-1.0128694156341052
-1.0147151283620373
-1.0130661038978996
-1.0126958905154557
-1.0093240376226544
-1.0082223393954186
-1.0093684466603097
-1.0087491829453372
-1.0060446368965446
-1.0096957334280694
-1.0158731043358804
-1.0181311757590812
-1.0218067907007555
-1.0276941048356618
-1.032406693961141
-1.036260735137913
-1.0360707077072606
-1.0427340508153444
-1.0547706533394912
-1.0676424659142163
-1.0749138157675537
-1.074764719665272
-1.0732000597351623
-1.0694950284442684
-1.0701878063870554
-1.066408349662699
-1.0609291788229447
-1.0570916304123565
-1.050408890752496
-1.041888431330918
-1.0357819689489614
-1.0240536471025206
-1.0119416596256228
-1.0039342698470068
-1.0004601794098529
-0.9967966473882696
-0.9914318181039878
-0.9876716281102476
-0.9829647212863893
-0.9857215923033468
-0.9860226055483317
-0.9833031727927186
-0.9833384767194108
-0.9810660651281913
-0.9777276941079048
-0.9754481709649558
-0.976546881075663
-0.9748540647335966
-0.971662334572428
-0.9672407583919148
-0.9600348918934672
-0.9548461487738634
-0.9478334510849108
-0.9364133437109815
-0.9273639197370593
-0.9157299111800663
-0.9044618344913317
-0.8961272786741544
-0.8845738805613829
-0.8705515487832719
-0.8578205686697703
-0.8466497564891656
-0.8308495619434937
-0.8160189873831047
-0.7993256634309347
-0.7811254861164532
-0.7589891270261716
-0.7381028284488578
-0.7174374532076706
-0.6977374196652433
-0.6818762134643436
-0.6679550769460124
-0.6603892029924531
-0.6513003903554064
-0.647232480735706
-0.647381403801761
-0.6482077607742319
-0.6502666217293065
-0.6516458438262517
-0.6524470439561617
-0.6548256485077428
-0.6538400920748794
-0.6555041783183373
-0.6510764577012584
-0.6424463560203119
-0.6297992804859541
-0.6227784190554124
-0.6154294490514853
-0.6113351574673356
-0.6109058312545036
-0.6032793320394714
-0.5979760590108804
-0.6010620677078318
-0.6053769247595631
-0.6132155030893657
-0.6239620323701076
-0.6359014127698244
-0.6481296260919396
-0.6592875337064857
-0.6691487937951933
-0.6796335540097729
-0.6937249048707288
-0.7110147550241667
-0.7206751087117682
-0.7329223987558424
-0.7502559579043866
-0.7650155551545514
-0.7783479780355865
-0.7955567234701796
-0.8105493667203406
-0.8211568658627048
-0.8299600159978475
-0.8379588064182265
-0.8437369303250697
-0.842750444118937
-0.8465268177958664
-0.8520996793144793
-0.8572460402568475
-0.8628775537350611
-0.8651963553081407
-0.8675500388025259
-0.8655860683656743
-0.8631332564091496
-0.8624677946868478
-0.8599447570064155
-0.8616459784672639
-0.8626571952700104
-0.863878056228909
-0.8690187885081413
-0.8704579201474989
-0.8713659457340089
-0.8723493271437242
-0.8684891439254632
-0.866407439140294
-0.8666117802015786
-0.8680299712787795
-0.8656581332875397
-0.8618277076940166
-0.8582919852323238
-0.8547167859690541
-0.8516879200322346
-0.850261464979307
-0.8448217842391251
-0.8367857111307134
-0.8245910300973704
-0.813452192971669
-0.8027723148564703
-0.7933391534221865
-0.7855238461230523
-0.7787341872927791
-0.7753197052203709
-0.7697945459377397
-0.767581314663522
-0.762909845287373
-0.7577167415025006
-0.7533149603568519
-0.7445206699263209
-0.7363468816393216
-0.7312601132484332
-0.7266008147054565
-0.7184046738256349
-0.7072716288003762
-0.6976068205639875
-0.6891770782907455
-0.678787016810824
-0.6658442147377858
-0.6543968442975976
-0.6459727182744288
-0.6358427474215874
-0.6289966740673312
-0.6207679511105443
-0.6087273714534959
-0.596054817752053
-0.5863616882233059
-0.5791901721326214
-0.5690410219371947
-0.5596213054186282
-0.5497869683524967
-0.5415277358571378
-0.5329213714242903
-0.5241972839977234
-0.5165254541574598
-0.5071168352677322
-0.49190861450155543
-0.4785790680679589
-0.4644767096921992
-0.45328252602200164
-0.4399966582570232
-0.42431427290915374
-0.4082315537923594
-0.39397432086877315
-0.37980919141822617
-0.3673755450760889
-0.3588230069500933
-0.35272758729337567
-0.34534885845215413
-0.33806355155576945
-0.32936003191528973
-0.31978296406966483
-0.30831349783158846
-0.29771668259651624
-0.28586830023809945
-0.2802526316268621
-0.26757576019082835
-0.2569408762115918
-0.2459706789717678
-0.23766778517140813
-0.231249074785388
-0.2254852544788704
-0.21785468274812592
-0.21141601403812424
-0.20209691841316704
-0.19641156337970067
-0.19240686232621626
-0.18568874396071686
-0.18339407184873754
-0.18258341592521593
-0.17933032050454595
-0.17773224557828105
-0.18106263417828097
-0.18782205259788448
-0.19733116388033997
-0.20547785794875156
-0.21390724960846957
-0.21846937269585479
-0.22229642768857438
-0.2295028180934789
-0.23606344021238815
-0.24390302396785493
-0.25029761156682145
-0.25385727204328196
-0.25915388935097916
-0.26439147451861605
-0.2771593275238091
-0.2848966382060286
-0.29284459431221965
-0.30349223560169974
-0.31307740690041835
-0.3168400542147005
-0.3204599328355157
-0.3246672311407985
-0.33245599908668294
-0.3372413621795347
-0.3426174705669686
-0.3444164706136731
-0.3432050885344307
-0.34200027253962684
-0.3452475865452679
-0.3478508813615992
-0.35140576725269346
-0.36163986375429225
-0.36887302223623164
-0.37583178442104914
-0.3856417529908209
-0.39873218741563915
-0.41288161981670995
-0.42113361200210264
-0.4280482989027651
-0.43201262829656883
-0.4293144210130592
-0.4254113615340583
-0.4213356976730175
-0.4179891858773469
-0.42020561383825206
-0.4234195298196926
-0.42178830929394917
