1.0
0.99869432
0.9968246150597763
0.9944331646921807
0.9914229748062824
0.9877012686348319
0.9834183577510255
0.9784654236250437
0.9730513210884771
0.9673137037204854
0.9616241785155517
0.9559688625610145
0.9506039681673398
0.9454095707296568
0.9397623730092403
0.9344057409964925
0.9292291283657761
0.9234631982636065
0.9168454951279994
0.9100466006042901
0.9030682508709297
0.8948838009687352
0.8868697641223647
0.8784613976308222
0.8702624752809652
0.8630367326721622
0.856026813764912
0.848306910720921
0.8412040684185199
0.8335975034895616
0.8260071412385688
0.8186086857210285
0.8105446825956198
0.8022851572532912
0.7944052308580529
0.7869167686707172
0.7794009691288799
0.7726794021045706
0.7658153150239747
0.7586135081650384
0.7517232502727903
0.7444106436626033
0.7378580889767277
0.7313364656360923
0.7251641541018451
0.7189606317081498
0.7130968046853521
0.7077895889917915
0.7021928912493379
0.6962723066529259
0.6904222158537336
0.6849183668393993
0.679368206551882
0.6738625444490951
0.6679160264089552
0.6614694781677589
0.6547787506883839
0.6485952654114361
0.6421731688585426
0.6352979383323942
0.6296908567999744
0.6239772186692735
0.6180482533178202
0.6129948826830594
0.6083312401788673
0.6031696105128681
0.5989404161052595
0.5944480060708852
0.5894303076037467
0.5839172245332642
0.5781515726663666
0.5724329794481039
0.5662512848619481
0.5599979118957829
0.5548102567106711
0.549990618437888
0.5451431834959803
0.5406851275251855
0.5358944843077187
0.5307677445530781
0.5248307512394673
0.5185397803232292
0.5123669790876273
0.5063011422969691
0.4998175882734501
0.49353913454785925
0.48773189120078286
0.4820595863922547
0.4756603993376139
0.4700032743499569
0.4644389207845832
0.4584901753002271
0.45272676883563423
0.44710374914078554
0.44118867822166247
0.43575780868354913
0.43026613414335546
0.42444740232384875
0.4189052944315966
0.4139345682561894
0.4091283858580745
0.4043409414502654
0.3999420338332188
0.3955681805250386
0.39055150280727885
0.38439324587158835
0.37805713497683885
0.3719701612455027
0.3661386292384986
0.3609819103985967
0.35643478175398835
0.35085474451243065
0.3454778883210454
0.34034792218046256
0.3350041982696952
0.3297986138147394
0.3255198006867897
0.3215839074519802
0.3177012102465647
0.3145107170799366
0.3113458073004516
0.3077357051284075
0.30432868691921916
0.3014560266839467
0.29842788007315735
0.2951270061141295
0.2918902230550614
0.2890109569134538
0.28589890777721017
0.2826705406709801
0.2800194871149125
0.2778217459931518
0.2749631173614122
0.2723297936482615
0.26976065804284355
0.26730037939359513
0.2648185320952471
0.26233817058193604
0.25983499776011193
0.25822516861332173
0.2559651318940998
0.2537378851228244
0.25053249830436614
0.24809731904775395
0.24556688578306823
0.24374295088808778
0.2409622631507805
0.23849702420362054
0.2360377015585342
0.23294326407915403
0.2302545894037814
0.22713606898176278
0.22388379248973342
0.21994910482175115
0.21590888218265453
0.21250266049284083
0.20903478568081663
0.20446107817634515
0.19975908152281333
0.19641395116320112
0.1933245742418044
0.19074536988489524
0.18780675683890294
0.18472037858363688
0.1814618602800052
0.17821790149056277
0.17497416697871718
0.17168338376812617
0.1687538620023835
0.16528503821378793
0.16168529131512424
0.1581314069343645
0.1550081284135121
0.15202732414874992
0.1488199228205982
0.14676442959760935
0.14475756259336486
0.1430276451052301
0.1415086095420816
0.13970267744780307
0.13782653795054198
0.1359759247359397
0.1339537886954172
0.13208133924167853
0.13036134713202202
0.12919414801029805
0.12797452903687023
0.1267970883992035
0.12489416046087036
0.12313924957014513
0.12078519780537192
0.11854300848966112
0.11572661706091941
0.11299448468426403
0.1105925206523045
0.10800893372783026
0.10571049574368266
0.1037952078448229
0.10127869721175073
0.09903762861022783
0.09669007263463159
0.09535941225164159
0.09381848353547431
0.09212298429149367
0.09083476936245319
0.08987244994194794
0.08894584844285496
0.08713045825882136
0.08531062923415117
0.08289447483458624
0.0806755173150784
0.07879902519549466
0.07748695457988998
0.07543877088034935
0.07402777063638769
0.07299715303706097
0.07181368428129756
0.0708924253909956
0.06921617125058364
0.06734647718506336
0.06593801083998482
0.0651698155042584
0.06443809748240206
0.06362324660793878
0.06304597678051853
0.061365991865697314
0.06020151090125034
0.058104082180151666
0.05530081347646096
0.052433220453018695
0.050100837540874875
0.047774940929944935
0.04495506859604101
0.042674405274296265
0.04024093613621735
0.038389492978646675
0.03693614171544494
0.03526490750891909
0.03297461594707786
0.030273222958327715
0.028796888284134025
0.027766464047559832
0.025735187072688674
0.022625930842983137
0.02003951766710809
0.01811520438629402
0.015987210359847646
0.014792968368954232
0.013503557630341199
0.012264538699218175
0.01161664429500081
0.010873958024756922
0.010421715890799235
0.009875391974008833
0.009011878055351053
0.009428480635931234
0.00976710814064438
0.009862882180085178
0.010096495652423786
0.0111696530977209
0.011460811486361959
0.011140294416155605
0.01066040825540817
0.010029805255581073
0.010079515517825348
0.010672329574197524
0.011061250159029897
0.011230078648327743
0.012177220612910489
0.013765725390273252
0.015157136100265513
0.016852182202641307
0.017983696828665244
0.018210795914803887
0.018094947185869237
0.018555403653771025
0.018698293344584924
0.01845035880649596
0.017390201693451228
0.016666819900638775
0.01658153109301231
0.016735243012650367
0.016691812010513382
0.016692519829664028
0.015503473220085022
0.014267216649093065
0.013756951372899038
0.01351157263171955
0.013176438533231367
0.01215678089806682
0.011474648339564821
0.01076879397963409
0.009446176006840579
0.008999018491025279
0.00818866222051722
0.007168537265890734
0.0065586777168661495
0.006139924662909399
0.00546334228528478
0.0051802509537681
0.004979226330620106
0.005865845789493398
0.007175046238797774
0.008451182049900585
0.009647485394764886
0.010692256493213408
0.012176003422597899
0.013503569477260365
0.014666906815370851
0.015010140830509533
0.015398286309633408
0.0158172773821494
0.01688949680904128
0.01818634028407088
0.020098602873803734
0.021984272047187666
0.022674951691825502
0.022856778242880852
0.022842144128935257
0.023205439123720743
0.023531918917033896
0.02431186853464027
0.025382986565851015
0.026490156478339646
0.02756358156570958
0.02824271290181039
0.029077606416044482
0.029853857916527386
0.030851110665952676
0.03132343173986843
0.03201417319595912
0.032504940110301764
0.032927670809891785
0.032916081568398294
0.03324718008284235
0.03390492311062551
0.03397641359319507
0.034477550017564605
0.03444906454608341
0.0341867534735282
0.034191102782632786
0.03409277693452543
0.033765255641505454
0.032651569758437776
0.03204680803297912
0.03132282534650564
0.030964856282440455
0.030785481884009716
0.030014388218666123
0.028865246168390316
0.02822724847151632
0.02793119517474182
0.027236074433140967
0.026691241504714573
0.026729504221925316
0.027009086795440646
0.02739996498042338
0.02775881992183366
0.027771286767761014
0.028369944105241105
0.02842274620558348
0.028740967590718557
0.029052513156227155
0.029324086098152385
0.029488680609985142
0.030295928221010477
0.03098246950470939
0.031442760656597235
0.03199852253026506
0.032962865979751836
0.03320003235578687
0.032618404134646
0.032076970616814277
0.03193511304614445
0.0318990514444822
0.031557039255640344
0.031440594108227846
0.0316319265474994
0.030934436055196378
0.030228782992227053
0.029527498807448985
0.028640536597521617
0.028068614412103714
0.02686010916440764
0.02509591803159476
0.023760603378630858
0.022270333554427226
0.020841026354657434
0.019717756817575264
0.01850357007182942
0.016917625733074326
0.015749757027094816
0.015000437074441184
0.014467329810427964
0.01346258101377805
0.013135779829245438
0.01342238412732811
0.013419356496844064
0.013577090424714177
0.012882482863926618
0.012121478911985091
0.011965215144447195
0.011975324431836113
0.011396261209954755
0.010368299103390684
0.009771805973075842
0.009821823613141968
0.00927913176348861
0.008945769544636679
0.00810545705856795
0.0072377458453851415
0.0066623133602532435
0.0066491076605328684
0.006775566398260269
0.0063502020880853065
0.005804057697261635
0.004367659805297698
0.0032551982376578257
0.0018527819433400584
0.0009680427279745263
0.0006708269324364097
0.0008437098293303724
0.0011914292510467371
0.0006917553767741573
-0.00037735165022313786
-0.0012322533361348008
-0.0024396701994963896
-0.002304154496272608
-0.0016706969512633263
-0.0015931943570240423
-0.001586069190455375
-0.0021785166084136737
-0.0027304587656370415
-0.002872094890738571
-0.0029543815539657295
-0.0029124585335788314
-0.002350420508348925
-0.001710558242764592
-0.0008800939386571623
0.000415796301205798
0.002346419987028414
0.003760049605598003
0.004781773154308982
0.006281650110295198
0.0071221154644392284
0.007492461011955717
0.00794133794958833
0.008107484820238025
0.008090584967910349
0.008422380931560364
0.009463102410905188
0.009949875890901561
0.010477465926057656
0.010839164747142227
0.011665806884676642
0.012721982195889804
0.012892265408067384
0.013168380312377959
0.012828619969290125
0.012195411143727023
0.011703930447195686
0.011101555628826403
0.01059751451578896
0.009683256104649185
0.008908903576388556
0.008223777583368817
0.00774959796501523
0.007940236198593483
0.007951404712580375
0.008514884880791166
0.00910553865737246
0.009800574882590347
0.010787518075018303
0.01124769681213665
0.0108666385084983
0.010540520776352856
0.010567881478784319
0.010428007651090553
0.01061556702712393
0.010500888321152145
0.010425873411243718
0.009437497402417505
0.00874701887047157
0.008582378429800981
0.008543823456842538
0.007936280498642862
0.00767984940109431
0.007118433608830878
0.006425986238146841
0.005880999604848218
0.004981628739770084
0.0047120636496716
0.004524137929138994
0.00408504532236944
0.002710993335222476
0.0020180371501256054
0.0012781293829199432
-0.00023942908673584029
-0.0017276435608744496
-0.0032064792617246436
-0.004968912317889889
-0.007202740502902526
-0.008639352027010959
-0.009973183240941024
-0.01137468340714314
-0.011875895760988688
-0.010721254510257105
-0.00932895372975717
-0.007803714555836862
-0.006137165623430302
-0.004379601986700718
-0.002886433617675011
-0.0014789135012529342
6.451444789912979e-05
0.0011145305461497247
0.0016822420807283348
0.0031093391905142233
0.004377254829478508
0.006010968472530156
0.007559476913968979
0.00907674129069208
0.010898494073824278
0.012869318160572078
0.015525885845022312
0.017700678115708277
0.020137679183771708
0.02208776265345165
0.022998039124425888
0.02489525068689022
0.026564064228996875
0.028886605944487383
0.030523621999398943
0.032301189801842774
0.03285029461066615
0.033923587556167895
0.03377003210050315
0.03274496220483905
0.03118901163709604
0.02877301844590162
0.026195526549347464
0.02361930063626079
0.02200477272599649
0.02156912042771361
0.020274000310907092
0.01850134308513101
0.01674832207062914
0.015116865467716626
0.013733934247471113
0.012861959342936689
0.01160562653589213
0.0104301564310097
0.009183721735454736
0.008604477801849149
0.008053288288064625
0.007414338606067691
0.0074195481118983645
0.007608170038511135
0.007659921384077303
0.007184686927911553
0.005746226041148885
0.005028356880124938
0.0041044565569750115
0.0030448708551789236
0.0023834410978084194
0.0005995520335437992
-0.0009069485181654156
-0.0027894533104875566
-0.004579021918752304
-0.006422309880309384
-0.007522399269514797
-0.008133934453223177
-0.008024561513427416
-0.007627238817191306
-0.007547802735654032
-0.007440092790521626
-0.006704596174933376
-0.005996185089980854
-0.005334199414791681
-0.0039024636759629775
-0.0025701999088071875
-0.0006572360979206627
0.0007756026107716856
0.001689180382254916
0.0014460897897776487
0.0013137017007349861
0.0017681149417559045
0.0017002544266855413
0.0024348784027630674
0.002055555395762248
0.0013809866528622051
0.00044345972783504137
0.0003093609330637955
0.00016203338138906092
0.00024061354727492761
0.0004326066702313718
0.0007980685123796079
0.0011064030093605563
0.0016307771909833903
0.0015345648885373802
0.0011129404279405424
0.002182189143610488
0.003030728980060479
0.0038404486295822264
0.004985257334829071
0.006431925144769566
0.008460604654844075
0.010028191911053459
0.011623737933142274
0.012806768859055856
0.01400534681645947
0.014423980305709476
0.015080116034460668
0.014906595463326157
0.014668399312735775
0.013775109413503513
0.013748848522302832
0.013619137496441145
0.012882028025490263
0.012911892003649334
0.012703866703651041
0.012068156403398303
0.01142792192575618
0.011045058317618948
0.009798942605269367
0.008435537113469898
0.00743274690133303
0.007125353560817882
0.0070984820502278745
0.00682494810340015
0.006122795890196637
0.005155501583231412
0.004104349011927846
0.0030883954539302986
0.0020294997624054753
0.0005526662816348698
-0.0015525121466491202
-0.003364611745431015
-0.005200433817753182
-0.006706985937796875
-0.008189066468903283
-0.009854957618077451
-0.010743788644726648
-0.01123790674220581
-0.01184026316316504
-0.012097593948046081
-0.012341070219501944
-0.01243854308264145
-0.012155540589746501
-0.011434782684553354
-0.009454200744310668
-0.007273165180970192
-0.005947990372024859
-0.005363437507524648
-0.004291065161932925
-0.0034659234806938416
-0.002576221703927602
-0.0013308948634420505
-0.000321810412647016
0.0008820106550829995
0.0026360782660187513
0.00441388893628971
0.005682792478910714
0.007564165891437212
0.008839070052040978
0.00917762665355342
0.009186345347481141
0.009213501008665984
0.009143385981798579
0.008939012701836417
0.008940772894224427
0.00950297337964816
0.010119557199724858
0.010116501128930994
0.011027556388158251
0.011959602518282913
0.01268249430240426
0.01290737355340582
0.013308475122312535
0.013507063144370004
0.013988139167217415
0.013883389609712216
0.01429922153842895
0.014853912263866417
0.01590428083401135
0.016829800491054467
0.01804440603002375
0.01849916591034929
0.018955439415696464
0.019311726595601847
0.019561933453352
0.019895997779037236
0.020567463355422873
0.021545166483609293
0.022680835881124354
0.023733241571509373
0.02462459709195727
0.024956830778323745
0.02504316120933319
0.024762988558621746
0.024891635084306644
0.024772434540475986
0.02428014947378249
0.02421347193386825
0.024460516291964798
0.024587857951744247
0.024989454438667007
0.02430161691647674
0.02487559782276271
0.025107744085858287
0.02605490631796106
0.02718466326378486
0.029485836709369558
0.03113258850941088
0.03319114524200853
0.035439129119555234
0.03608135590392605
0.03720792885399455
0.037786517929508774
0.03874762665327022
0.040032668523725036
0.041054255561954134
0.04262184428473039
0.04408305013804438
0.04593793535225335
0.047074881158744974
0.048277816088651115
0.049457919352492226
0.05053239000271542
0.050793445104042996
0.05098948830082364
0.05143715543305189
0.05136980608761014
0.05112926993477726
0.05019390964212178
0.04908221301177139
0.048123503933523444
0.0477364906327394
0.047278710714075495
0.04673744408039108
0.045235930054911534
0.044287134273493095
0.04366057022651161
0.043062334093128235
0.04264700041696282
0.04327858005121472
0.043958082945808594
0.045309273079788485
0.04680506174820934
0.047952110007676255
0.04872423808713104
0.04976340589766886
0.05060234665820099
0.050942103112086
0.051159845209095535
0.05100932399298705
0.05123861795122022
0.05081445284582317
0.04999101785332332
0.04867220199605029
0.047089136437738856
0.045453354208555084
0.044211308739783794
0.042651539703730174
0.04144339582619373
0.0399455984795766
0.039204311140698625
0.03847532327196619
0.03773697029343718
0.0376401292315706
0.037108778086363155
0.03655669481397785
0.035890611091862604
0.03507127032468197
0.03405920607919598
0.03305080635641108
0.03278736487195184
0.032248978068331574
0.031600011693478626
0.03154883771618782
0.03132466720637794
0.03035112957230199
0.029617158951846183
0.029430398922654335
0.029550202483367757
0.029410641029007277
0.029193174852638223
0.029384085702234407
0.028892968838902574
0.028904245552101634
0.029531525036150367
0.029559369877919624
0.029584216719559124
0.02944202394702575
0.029245443304050933
0.028546726608608144
0.027194514986947204
0.026906514572904827
0.026257141204426074
0.02550091264602907
0.02475531392268615
0.02458096898940301
0.02349693447247779
0.022658307637971668
0.021705361032724833
0.02124770004172504
0.020542536244423797
0.019681400649929848
0.01901310983079767
0.018391906375852543
0.017228126791257695
0.016570154162414134
0.015948495246518684
0.015320286514656795
0.01424529070234084
0.012664007030814958
0.010606827501576384
0.00885211661944004
0.007714161867949767
0.006478809212292371
0.005973306380010436
0.006016371192739146
0.006049800734668533
0.006358810913977335
0.006608646434246572
0.0076198181415010405
0.008520510468859533
0.008915927728870692
0.009650543255482959
0.009813472561608107
0.009084114444304743
0.008215819263653766
0.007525336457304098
0.006577487900418085
0.0056551634660735525
0.004106111860616792
0.0033307827663163966
0.0033486501231077205
0.0035039780199246405
0.0036381157644252197
0.003876587699814496
0.0033075821062386566
0.0027018514442855267
0.0026841980452571956
0.0028288067320285963
0.0035010836285183527
0.0038085365576371114
0.0043598059267471664
0.004019402118388185
0.0038849005703158277
0.004414073761171204
0.005402359391708166
0.0057537217748625065
0.00531158527123063
0.004856123110551993
0.004717818949312646
0.004873832877107854
0.005480275349409651
0.006121580571089619
0.0066740752676811375
0.006787090411199465
0.007140078201909833
0.007858307905040631
0.007696152886200679
0.0074556089616513955
0.00702093261492919
0.006298022791761077
0.005341209833245498
0.004090038005807321
0.003099451717249551
0.0031145268574095807
0.004016642813141288
0.004555071639531726
0.006084129567871926
0.0075463868240350845
0.008879752093381696
0.00963195349620154
0.009987542022065457
0.009620815073795502
0.009219170354905494
0.008270154826108026
0.007449843866151927
0.006986333925511021
0.006944805992777217
0.006751677970816157
0.00630934682291154
0.005638065877605552
0.004481796658191218
0.0029650688944699846
0.0020131968501116556
0.0006059522091101258
-0.00012219087832956521
-0.0005821806891540209
-0.0010118326962905606
-0.001493097266567516
-0.002034686888172637
-0.0017197848419473376
-0.0024118115134599705
-0.002791749556364412
-0.0036515358179281727
-0.004431792065378581
-0.00508695609887285
-0.004819060789771142
-0.004665074024590672
-0.00474770565209266
-0.004462256794654143
-0.0052447379091066166
-0.005828428656182943
-0.006593766846439232
-0.008090682171655475
-0.009846208773131936
-0.010909024060879575
-0.01179634139965433
-0.012697996822597157
-0.013853881435091
-0.014976006458203297
-0.016002565556456554
-0.016610925477115682
-0.01732432627735458
-0.018173691332777665
-0.018099067267095453
-0.018127368374005456
-0.018085307190185383
-0.017331074833223457
-0.01716425729909618
-0.016901192250843123
-0.01689070951885435
-0.017201800565114757
-0.018336436299180234
-0.02028639761569486
-0.022303536198941282
-0.02436101577113127
-0.025794584860592263
-0.026872779224926657
-0.02843096421444828
-0.030106571137314787
-0.032028636053986564
-0.0336762340761556
-0.03495765676112363
-0.036333438350300784
-0.038731089151394366
-0.04065030114804674
-0.04202858374920292
-0.043086143511712964
-0.04416401287693129
-0.04504562980959084
-0.045625681734650224
-0.0464500220843147
-0.0472687500155917
-0.04752336504210002
-0.04778321716773925
-0.0473334770103071
-0.046989621466149004
-0.04703664718946465
-0.04654550574609074
-0.04626135011409692
-0.04590093137514151
-0.045798814168646174
-0.045525438912399595
-0.045379282853966085
-0.04529127428176542
-0.04481052082606416
-0.04523810718865266
-0.04511940503286516
-0.04534438291200022
-0.04590369172069055
-0.04680692944273576
-0.047705853716044654
-0.048636935064399055
-0.04954910869879285
-0.05049150407737808
-0.051242641401433704
-0.052268279149649446
-0.052773587103938084
-0.05369934589683488
-0.05450466667429994
-0.05449022090691478
-0.05392845677804317
-0.05354375856955258
-0.05294158658412199
-0.052422510448679495
-0.05211531438806877
-0.052245883065028545
-0.052422799613818044
-0.05256661423484879
-0.05200636101890841
-0.05173236080743321
-0.051345482556402276
-0.05105352784597051
-0.050393157527434666
-0.04928190200959841
-0.047913894909583574
-0.04725020395048159
-0.04607880117917174
-0.04642590590687929
-0.04702174893414204
-0.047775177964822
-0.04784290020034909
-0.04777000041858543
-0.047887456185806594
-0.04770416988527523
-0.04740824399007442
