0.0
0.0
-0.009139973865287136
-0.008205369484276309
0.0020397879212057986
0.017248190639920204
0.027458866594650824
0.028002240666531848
0.01124827054891649
-0.014583539671762305
-0.032622078934356404
-0.03290965760515957
-0.046337650612613114
-0.0661602128852126
-0.08789364361465032
-0.1109932147596
-0.1363988434944628
-0.16553026417414227
-0.20280561721203552
-0.24447708431330675
-0.2865453809733089
-0.3217344043507075
-0.357903426711535
-0.3931438206824325
-0.42019891269562726
-0.43557582137758016
-0.43653584689675695
-0.4240164222199544
-0.39922002967282144
-0.36244507818884547
-0.33967127516258755
-0.308053538500078
-0.2842556690586007
-0.2710553323669616
-0.2562437224577649
-0.24778626891040478
-0.23528471791627753
-0.23082331961063887
-0.21346983070728318
-0.1919398738066175
-0.17898671823182205
-0.16831542555925938
-0.15237614163374322
-0.14116777590108448
-0.1323943968509786
-0.12508487335737503
-0.12012611535570213
-0.1154578618126148
-0.10034856416921963
-0.08277723561704398
-0.0829802612017408
-0.07800479003685941
-0.08138394161680866
-0.07482112315403942
-0.07300072257114568
-0.0679586939749549
-0.05487964091916689
-0.041593079911114966
-0.030401300075250513
-0.011125569426535878
0.009165480290089706
0.01914935119641701
0.04673476268321041
0.07052961053446945
0.09400045740813065
0.1041792643245203
0.10165567764064298
0.10326678959769173
0.10370290260028789
0.1074852517808105
0.11911420500801839
0.1316015772222966
0.14593772100778493
0.15200310362932234
0.16298107536522743
0.15917599073584082
0.15561759471418968
0.15095970481808024
0.13916463342300975
0.12731872903613675
0.12136248173353634
0.10739382619616283
0.07860755002952233
0.05363218515337999
0.04318655819873825
0.043283096611657204
0.053578330569991395
0.022754631061645395
-0.012195973012801023
-0.049601020180204625
-0.07626689685279138
-0.08562199219097111
-0.08692335202863996
-0.0887932604071325
-0.08149996147870767
-0.08334628495223587
-0.08985120702603328
-0.09765941237307424
-0.12716701338802502
-0.1432903803003116
-0.15417811625200245
-0.15464097883424482
-0.15350389837275966
-0.1612803808826086
-0.16594212991983004
-0.1858684281910484
-0.20508650191822209
-0.19236208124136017
-0.184603257261859
-0.17745735199040696
-0.151401212983124
-0.1456528994991347
-0.12686816084838712
-0.12081839536529924
-0.1145294063250218
-0.10725110081771895
-0.10114189930823679
-0.11039153730733839
-0.13530878224324105
-0.1388525820487844
-0.14494772029960776
-0.15321658359783136
-0.1572995907255449
-0.1608529198971177
-0.1618455529392871
-0.1739768517299156
-0.1810820910463524
-0.1740898631015827
-0.1570236056290894
-0.10715983837848651
-0.06246850383145229
-0.01237826405862389
0.03267701874333572
0.08768209870320912
0.11731889510161506
0.16924340385342043
0.21941703205308105
0.27030937951507367
0.3051295197316273
0.34603760124448263
0.38569778032966084
0.41801575277247055
0.4440868841827226
0.4718878116866186
0.5026518198038512
0.528670350337077
0.5432336500859375
0.5629753222199508
0.5805205687560969
0.6139050431785521
0.6456291294808926
0.6768904423888743
0.692615393825325
0.7073952391899343
0.7241995727860404
0.7315445598061431
0.7289619846982295
0.7244209386680838
0.7222115548479912
0.7286254287421735
0.7305538287632768
0.7333156929873014
0.7243766093765879
0.7147522128599305
0.7071990097628786
0.6952877198163147
0.6886933493184463
0.6848984516592079
0.6766873740248398
0.6644814573968247
0.6462577773314475
0.6325945061491954
0.6267916988925276
0.6181205661133407
0.617443806130952
0.6147983018000576
0.6006249019426878
0.598269308396852
0.5852263067107057
0.5750415933177829
0.5611817547099377
0.5592862624056051
0.5678847618499278
0.5784239657270431
0.5994922579454786
0.6109799046573421
0.6163117752516826
0.637743927889016
0.6449062810914576
0.6371571316559713
0.6277038500652219
0.6208586014427355
0.5982996392481881
0.5869212107961934
0.5797148941736386
0.5805593700362854
0.5802547530743983
0.5621023463557002
0.5417504514804522
0.540676803937051
0.5348350283866395
0.5299101574814593
0.528126523964298
0.524302524725077
0.5241089068955699
0.5211190435157832
0.530189625916633
0.5231075210330984
0.5239980994455369
0.5231301426207277
0.5285665546673681
0.5263120503308839
0.5286150426920114
0.5359539045067153
0.5433490974230558
0.5463989690167359
0.5401624100301762
0.5177807677946091
0.5064074390417723
0.5004867271307627
0.49015627585281046
0.4871605651736376
0.48356700090766824
0.4810545100004608
0.47086632639737125
0.4548600255298712
0.4479895744333251
0.42899667153880133
0.4127876654083999
0.3988268079161074
0.3851390878320265
0.3766775613997757
0.381205174533129
0.39856945303506003
0.419934271094226
0.44616365347593206
0.46848946980065176
0.509633330503323
0.5502449706487016
0.5931260565770774
0.6172062981988294
0.6315350325044525
0.6489841386778429
0.6691326565275477
0.6788281708410363
0.6888480531043942
0.6870448802364245
0.6850174359256745
0.671839646324992
0.6469728916645009
0.628024383800695
0.6082189653079878
0.5897064155809763
0.5649972484555459
0.5413471861582164
0.5356408855954747
0.526914891597269
0.5352145425188046
0.541629282892279
0.5623986729604963
0.566570150515041
0.560210244556942
0.5728062997160548
0.5849844669839055
0.6075244664164982
0.6214061912704038
0.6379718753671062
0.6541331546651947
0.6647190789580417
0.6751134874138547
0.6868726558304563
0.7020554513883411
0.7203814375951553
0.7365254601807067
0.7451224327778674
0.7578081012899152
0.7813012383071922
0.8059050453009785
0.8191208332043962
0.8249490878979078
0.8265310533330493
0.8306478153331185
0.8276040006433678
0.8220482894342569
0.8271387361804731
0.8256260625338615
0.8231890649653597
0.8262643254927381
0.8221493442239708
0.813829735806637
0.8202064864872096
0.8249177935320473
0.8408351836743461
0.8678209122370825
0.8858882969530519
0.8983291943951925
0.9049264633647909
0.9154325009564132
0.9339058330707732
0.9469978639886213
0.9423192548719493
0.9251075774445141
0.9242776400596914
0.9215049847129914
0.9089957539528511
0.9090224868437132
0.9023570434952316
0.8846696033657137
0.8531008157754167
0.8269772530510087
0.8021484429844741
0.7751688881257485
0.7628433229584828
0.7547083880060583
0.7559499101618455
0.7558291745961598
0.7505869116293503
0.7449597683385678
0.7403043001344741
0.7301877660229351
0.7299219832925854
0.7413864065978276
0.7603997258409606
0.7757543249891166
0.7947110764492674
0.8133474343255066
0.8270566035638295
0.8366303572627799
0.8362943447496171
0.8197647337430823
0.8049047981235317
0.7751755255347822
0.7380937608992388
0.7027145221219326
0.6613407204577757
0.6088116950306743
0.570342001662031
0.5394880519117137
0.49479183708473773
0.44874301961620366
0.4079781969957233
0.38377980523598043
0.3732172167284043
0.33933212495281406
0.31881610701440577
0.3025776803028606
0.29886001861654277
0.2833859364335599
0.26894270593043207
0.2402365733049678
0.21410514808515
0.1959631634987832
0.18195801064572026
0.15240501935071418
0.12492586209058015
0.09081133172845104
0.05702349570462552
0.03573156208505587
0.01888811312303583
0.008346417598484878
0.002336603973791568
0.0005679009111471079
0.000634961449824939
0.0002841262710000973
0.007615488563679739
0.009085470468414692
-0.002856611739652959
0.006456070707513108
0.02169966651872894
0.028594684909051857
0.037858639392413025
0.04486302252428566
0.05644453801185024
0.057705310893393584
0.05780232589925701
0.05036916133226392
0.03707578078978899
0.02835226588404974
0.0015437389437492066
-0.02564086860838076
-0.040400975962669644
-0.042027051057875645
-0.04845869569288391
-0.05951677539543454
-0.07439845570090342
-0.08474942987040102
-0.10128269013809721
-0.12845525289046922
-0.1598458710293405
-0.1926565444847062
-0.21940469371808685
-0.25272469974500833
-0.2820966376870876
-0.3155238586703624
-0.3373882807701507
-0.34852076809079335
-0.3671576815885246
-0.388878233667846
-0.410512763513629
-0.441579551521458
-0.4756009218002602
-0.4950301865251601
-0.5077757010847403
-0.5121710132381218
-0.5279500845653602
-0.5392284856088265
-0.5608156760102636
-0.5769355528769072
-0.5934033318753854
-0.6207997728074056
-0.6388764398318374
-0.6370111344399882
-0.6256163447904146
-0.6108966877153387
-0.5906722903568736
-0.5573864398389085
-0.5178922584266084
-0.4879379167283409
-0.4767933894940197
-0.45654111415372667
-0.4249092500724
-0.38924910946629704
-0.35891268641566587
-0.3265596030571295
-0.28772459838984404
-0.2702747236456203
-0.2369206409941476
-0.21292739953074186
-0.19306797736875791
-0.1844736873422034
-0.17776189743335166
-0.15756750762100624
-0.1490152274191477
-0.13991149886783696
-0.13601863100604436
-0.12303461807639957
-0.11578032123672743
-0.10763543861263253
-0.10062260191132848
-0.09279798178284336
-0.07698017577173694
-0.04906835698247503
-0.014590594711947256
0.02381364568654626
0.062155472674087164
0.08598079539269092
0.08728999596504505
0.07833309511763911
0.08552887301926466
0.09770942765927208
0.09876875298786143
0.11057377722374767
0.12874613850302064
0.15793763382102557
0.18820187306104724
0.21615696371892823
0.23952602655534017
0.26251077165559084
0.2891679955206404
0.3164266779677867
0.34226944729950687
0.3728885259237027
0.3980294164578061
0.43357223804057043
0.464100697010912
0.48155679816009195
0.49960247074975506
0.5281797466525497
0.573341936838994
0.6096452584271276
0.6256431038693844
0.650884216313008
0.6735357247001518
0.6984144891724866
0.7174358813965149
0.7266011138982753
0.7294303179570553
0.7177564679145546
0.715798394478309
0.7002753326576393
0.6962250204102944
0.6844718303233227
0.6642679566250221
0.6375230922959969
0.6115382851422374
0.5913579096036166
0.5817828815348506
0.5654501033872905
0.5522408008477719
0.5241377094116689
0.5100092287319806
0.50472999346556
0.5018153944871226
0.5008767214600942
0.5051231573953289
0.5143171375609182
0.528150944971769
0.550382002138342
0.5577884833786491
0.5661159998052324
0.5792035619339692
0.5981459765377991
0.617067100163819
0.6304543398811461
0.6211336008415675
0.6080322601547858
0.5990875660021941
0.6052143350101067
0.6077424278748004
0.6129098727956549
0.6146904207253062
0.610714235012008
0.6027337134346232
0.6093609307431933
0.6086480866065898
0.6208280400541102
0.6193944869549004
0.6199522165921489
0.5895864433287329
0.5611764077388349
0.5450768476740541
0.5309955659935783
0.511200823941486
0.5084570978958628
0.5205143824746272
0.5369548730642301
0.549433627348929
0.5500594671644345
0.5446465132294012
0.5243608964673694
0.4852681774721902
0.43086031340780684
0.38164712769522086
0.3224112361794055
0.2780959864718394
0.23874290123415365
0.21420309612913885
0.19178998888015458
0.17452775896737863
0.16994406374276133
0.1716223759738974
0.17446842356225772
0.18450813690156975
0.17773152413263085
0.18373821134096974
0.17029275017406162
0.16009770289380812
0.17084691928143753
0.19442730344291173
0.22351237451560968
0.24008555003336587
