0.0
0.0
-0.014258111375585376
-0.03532362677348952
-0.06050507759048864
-0.051283419159476776
-0.049896430571710525
-0.041445442796305756
-0.04739501254242463
-0.05457449627947685
-0.07059360650618327
-0.09871374746691156
-0.12612677768210476
-0.15661147317013496
-0.169646391699578
-0.17228848247124745
-0.16125715840800853
-0.13853209271394662
-0.11517218523353143
-0.06818006037998087
-0.004296782565847521
0.07656529738735253
0.16435823878091826
0.27783447412649886
0.3693189188915147
0.4647426540433708
0.56488772752902
0.6364666605555978
0.6867713408452075
0.7386436342233003
0.7988147675487564
0.8560742331641868
0.9166816549806414
0.9707469676730863
1.0148817973556026
1.0418259265660164
1.043944819262192
1.0522949134350568
1.0423460634289423
1.016928447341788
0.9893571143718561
0.9787074378274422
0.9660488090097014
0.9562386144594294
0.9205105819768137
0.877715144878763
0.8376823376021183
0.8097965511643815
0.788342338119002
0.7646419834368379
0.7395103618929412
0.7252909142190946
0.6824729246844751
0.6627988481495007
0.6412382550431971
0.6015926857821841
0.5670901128261467
0.5339189654367563
0.5196352384018639
0.5050243587639767
0.48849081924769533
0.46013567568133124
0.44552204119003946
0.42940541867422455
0.4133505892373369
0.3914672681310408
0.38870554186026096
0.38706527408922575
0.3721077902068705
0.3486530886026968
0.29282010385748813
0.2511101609506217
0.21887270711633686
0.2054102744610504
0.19592547686853032
0.18784128166847752
0.19908288452287792
0.18787924694866906
0.19903613290605873
0.18715191309287
0.17200529075414656
0.1502951453150682
0.1129762353031575
0.0914194678380045
0.06344493058780579
0.054841011162802746
0.07078486354356175
0.08555127601506266
0.0931365352523134
0.11812962450225611
0.12977586057031953
0.14782894498632712
0.1782839092173813
0.19918112900574358
0.23313586944211703
0.2391862414070312
0.243209529581563
0.2593779576260384
0.25721417586735645
0.2545264885261007
0.2325702995483442
0.2132755163867438
0.20184017693153875
0.16787990657783095
0.12565094298223467
0.09331224220624479
0.06744042334853291
0.050720500915821184
0.03829929210770252
0.0036936015224051447
-0.012880520326614072
-0.029021920511525506
-0.057278060419740165
-0.0804084645608912
-0.0895006007857315
-0.09217791673033854
-0.08984667356063344
-0.061066586784839214
-0.025392019682974686
0.005215003601963884
0.05288820458803039
0.09451707293886061
0.13663149000031077
0.16279092137700943
0.1932726766293173
0.2189444258181843
0.24931993682956233
0.26157948423842764
0.28404659746399585
0.2839574932458362
0.2902954616967297
0.29122443027227096
0.3045603545173407
0.3152515030758094
0.33392570247134534
0.33093499105267304
0.3161204366115346
0.2748614546300645
0.2562634091043597
0.2513790911046754
0.23248564539695696
0.21599316797348764
0.2027307171980942
0.21937483446008418
0.21827520825643737
0.20331035350240625
0.17904420258021486
0.14119288194769433
0.09084975811718415
0.05656696828977724
0.018559584116797312
-0.01281816172801005
-0.02371969110117999
-0.04023542798345501
-0.059330271065109186
-0.05329376438771668
-0.04450418884866196
-0.0690113586661151
-0.09422074391935129
-0.10422621417807858
-0.12405991306545283
-0.14996504743635203
-0.17921913349286872
-0.2174917680568797
-0.2387407849997516
-0.2432273480687842
-0.23599891173897414
-0.21317646315497712
-0.18214496544033265
-0.14120120990204948
-0.12093457538699426
-0.1063919901078607
-0.1338042604622412
-0.16500438003040188
-0.19215556563473893
-0.18127306407218768
-0.17674282597400304
-0.15710932545331124
-0.1419997531548578
-0.12697787131747212
-0.11339941543984641
-0.09513028041844891
-0.10308833427140654
-0.1184474669120076
-0.11119217091878883
-0.10395708098820167
-0.0776194244600418
-0.031184011597774196
-0.0024393467905106034
0.013151515996676712
0.05062869544070221
0.08494283011228038
0.11041143872075389
0.1436026452914429
0.12751139157861752
0.10814538834809023
0.09945407645475543
0.10026660923384138
0.0925637679055795
0.09477080985205698
0.08074099586401551
0.06987444928740194
0.07658635267142366
0.06569897167076777
0.0662904300632544
0.05402648871332301
0.029876841108151295
0.024121570965535886
0.0043752785140943225
-0.015513141240923584
-0.010519508871306503
-0.02109145585301228
-0.027050826549419302
-0.029789747956034073
-0.030990430316087617
-0.04962013876423686
-0.04936564768176027
-0.003605053729729975
0.010397344851796376
0.03464989311772778
0.06426883730431038
0.10459983154863295
0.12481706697134898
0.14324474164797302
0.1749530461358218
0.19637601211780803
0.24323886536635841
0.29133052204394083
0.3391876538678136
0.38711889589970894
0.4518645120690225
0.5161730802731035
0.5718305632969916
0.5919787401643587
0.6197735345821798
0.6420265906212699
0.6749654514436978
0.7096529465116566
0.7606396156334662
0.7920038493679946
0.8104265891500626
0.8125516249267094
0.8048515969376645
0.77622230416253
0.7340304405129254
0.7172030456254583
0.6981937641440014
0.716686197265516
0.7018252389124092
0.6962352970941144
0.6568516230843252
0.6309935850612958
0.6328165529667107
0.6423935612375692
0.6769264179150843
0.7098871546866339
0.7210356088109381
0.7155652503353259
0.6956614847528652
0.6876775820818213
0.6602798626645107
0.6449499181898243
0.6247473404479403
0.5988728071620916
0.5774469172696095
0.5701629519162704
0.5726497499571618
0.5859228517850432
0.6040908943373885
0.6165175489340806
0.624562137125663
0.6213005849414907
0.629119630374757
0.6517188214714659
0.6583468447718657
0.6857941434002728
0.6900398784866699
0.6995348890070405
0.7155826599829943
0.7265135562849081
0.7310527881595895
0.6949044307506217
0.6629069668953006
0.6296488808157588
0.5999407972996962
0.552070402499153
0.4928958706419446
0.4382272956559716
0.4023997141361778
0.3897277068058077
0.3760909843532603
0.3887469958264955
0.3942348172898324
0.4035677986504604
0.41132870942649635
0.4196859630679328
0.42718834955289936
0.4132167295162594
0.40595757130229243
0.4178638223554377
0.444606374843485
0.4717165169413545
0.5100868036693763
0.5182613664505435
0.5013051116363986
0.5088916937476871
0.48833757312384907
0.4684201502413052
0.44693645197219917
0.4327084490994079
0.4227284247063668
0.3754676880057036
0.31678576875403686
0.2706721863107976
0.20988553620185058
0.1636385425591503
0.11889564701573668
0.08269786792724794
0.059186874088993105
0.033748278238751026
-0.01474724147299862
-0.064201816429924
-0.12530098543686763
-0.17867331465918232
-0.23876624636233262
-0.28794689788964145
-0.3149171152914497
-0.34429903618493585
-0.35442882439321743
-0.37709304421500217
-0.37153748134107667
-0.3788924312864148
-0.414714852941285
-0.44308232161849104
-0.4950613710172676
-0.5465659747161377
-0.5902729694446976
-0.6418071456877035
-0.7081786521801551
-0.7356041288889067
-0.7439318901822757
-0.7401283729493006
-0.7517019554495974
-0.7438573117371153
-0.7366224693827813
-0.7355760231058223
-0.7500614955421102
-0.7706276074999644
-0.7792410698714022
-0.7866848218658264
-0.8023440261461016
-0.8042680094453003
-0.8181398163161548
-0.8072467843476887
-0.7961578943818289
-0.7673986746949908
-0.7464670491750589
-0.7368820823441056
-0.7397072518870732
-0.7549235059868031
-0.8051153282444694
-0.8771255730988476
-0.9324805165120217
-0.9930287897008134
-1.0278984786283476
-1.0551520931799814
-1.069289576461774
-1.0832718286954468
-1.1131773401808092
-1.1321944224229825
-1.1419120000315421
-1.1764240900007867
-1.1951535467681966
-1.2127196396189572
-1.233945955182498
-1.2527820668395475
-1.2907007844823981
-1.3163644340245286
-1.3203692234864564
-1.3292691733873685
-1.3309727852221926
-1.352059135096967
-1.3947750439916489
-1.4562329375374952
-1.4997419025258967
-1.5659983886883586
-1.6397721815931978
-1.7151380309148307
-1.769359101649986
-1.8203452635099824
-1.8559780607258338
-1.8700064624552144
-1.8657683613176153
-1.8579551264172063
-1.8727116075868866
-1.8823663675183218
-1.8954599572501318
-1.9031224719794138
-1.9202610852468722
-1.9323487241898485
-1.9401910277306436
-1.927332925598391
-1.9452135014212604
-1.954518005118613
-1.9600502485765645
-1.9634511920947872
-1.9838195209702016
-2.0167508945417625
-2.059595287300988
-2.0915390963701364
-2.1156428050196014
-2.1315511175845847
-2.1374091348645585
-2.1401761773149466
-2.148455342267083
-2.1633036997164963
-2.158632103702853
-2.1399156619538386
-2.1282966565334185
-2.1120668715526487
-2.097562978929127
-2.0837165076329813
-2.0622500630461893
-2.021021178758693
-1.963109992187096
-1.9015491932141966
-1.8378952965278819
-1.7709894111410298
-1.7335468016685318
-1.689022813082043
-1.6358334352879074
-1.569685189866265
-1.541526355866348
-1.5333280235046343
-1.531269452916928
-1.5105403037711835
-1.4970851844117377
-1.4763380730255409
-1.4793391799405884
-1.4631188310927357
-1.447491806263023
-1.4204520912929908
-1.4207621183115675
-1.4088373373555503
-1.402849121934166
-1.372966825613463
-1.3342161836469388
-1.3081092569847812
-1.3002912997710283
-1.2817607537720543
-1.253531186230762
-1.2070865642135085
-1.1568283958493286
-1.0928751155375276
-1.051270473337573
-1.0312159941409371
-1.0091890316644583
-1.019488577565043
-1.004248219731578
-0.9615516149032793
-0.9409961930814432
-0.9095050470194163
-0.8676965821367865
-0.8270159356479241
-0.811927012744439
-0.799418231986917
-0.7602722331032769
-0.7275825539079694
-0.715598972571908
-0.6781487071579783
-0.6438860439426051
-0.5932921110588281
-0.5519285095568086
-0.5294782699264832
-0.4877203843881969
-0.4663103921663354
-0.44345939935995776
-0.40648775346941807
-0.36742597776124986
-0.30380144219543376
-0.24862411746555085
-0.20234762576523813
-0.1828495714249628
-0.15616713908159652
-0.14636742869752145
-0.11014326954652731
-0.06540065118893731
-0.05593112048066116
-0.07427046348779542
-0.08546171956655414
-0.10219911823528574
-0.1185876914138445
-0.12549612288590134
-0.1241866156494849
-0.1180808781807244
-0.11473071448854918
-0.09553912465286145
-0.09596344915817974
-0.08844052812107316
-0.08033705690955346
-0.07696045080972123
-0.07689586723808806
-0.07333883663244742
-0.060078618251515364
-0.011390192469572444
0.02564009701991208
0.08237080109005245
0.16101367745224543
0.23827663244356273
0.3073436866945607
0.36880817471069743
0.41657816820212656
0.4484282172606604
0.4643519064556524
0.4735316692541022
0.4776117064800176
0.4840885369147438
0.4935699567617529
0.5003599951861685
0.512587340827156
0.5194493629401532
0.5250391393728671
0.5447452758616846
0.574651343360178
0.6051576176198689
0.6437178477529621
0.6597428186164647
0.6616561682675087
0.6760168569898339
0.6894931165004754
0.7178730353572544
0.7347453127356486
0.7346687232105126
0.7021364045771133
0.6836768645897887
0.6412662163716791
0.6077913919912445
0.5777553892011504
0.5072309909723558
0.4556232861116368
0.4026295028789294
0.34225495505034287
0.3009191562427495
0.2608461071253164
0.2199826672084506
0.21285485155583803
0.2296343516455458
0.22457243918287959
0.21831731630074191
0.20274727315139643
0.16943332144211706
0.13899876859826957
0.10084919805494638
0.06486467185089154
0.012026764338556206
-0.016790520486953682
-0.012106958240028946
0.007594930805551445
0.015072695336461694
0.015710309180567514
0.02803696312023347
0.057571153684834404
0.06856337725950658
0.062480601911431184
0.03747275666425649
0.027453723044029404
0.027005604089277192
0.04525257242307043
0.064162539592477
0.06948645510709493
0.05314454964232469
0.03797567026351861
0.05006146946604939
0.061746939997646244
0.09864858932941545
0.13099290155015536
0.16785139292783743
0.17781101510334185
0.19022585264290592
0.19558371240749595
0.21300774188234206
0.19316930276137942
0.1677238854215339
0.15491301659209003
0.13871434884662562
0.13306058995082892
0.12723492847785006
0.12178148063730605
0.09767893305065142
0.08571438335497343
0.079066105010207
0.04458355611575174
0.018301119635960494
-0.013214917059154643
-0.03491872585905122
-0.036903205887141924
-0.029167490921992424
-0.02535750254934202
-0.04566667049702583
-0.02654548481428547
-0.015300617156877586
-0.012451681151925194
-0.040736724614110396
-0.07373607426035449
-0.09788316139661021
-0.12855643153634133
-0.17243901990084537
-0.23954155949685815
-0.2896495401945297
-0.32716168676239
-0.37968361380369026
-0.4384194397707862
-0.48255761286530435
-0.5220145809127702
-0.559815849339054
-0.5841664930115295
-0.5901686183015865
-0.6176450823276324
-0.6573408358616015
-0.6799503055610735
-0.7118505422025365
-0.7502818506302532
-0.7803180593822899
-0.8186243554836101
-0.8555337499121081
-0.8624700372019941
-0.886715255022842
-0.9110338924015591
-0.915787985633248
-0.9265494504685076
-0.9589228539717343
-0.9773482438687161
-1.0074791057894512
-1.0259959597550679
-1.0256083518307455
-1.0150263513252633
-1.0010568669982816
-0.9976778207037256
-1.0096191321151853
-1.0281750705003112
-1.0265768291177375
-1.0152328869040006
-0.9930689059748589
-0.9908641872410402
-0.9719244116299464
-0.9803100050423661
-0.9729362446363186
-0.9521359932472486
-0.9220436412123469
-0.9056424439937649
-0.8839860649742092
-0.8595442228989669
-0.8362627363575461
-0.8136414219548901
-0.7888264844308609
-0.7861374972709764
-0.7875808562170821
-0.7717196133524001
-0.728466004910316
-0.6841481756469107
-0.6233449030253172
-0.5637178526670608
-0.5070928836979043
-0.4510154403713811
-0.3729568980834383
-0.31759406861326733
-0.2535998495277006
-0.21757854494942733
-0.19051744508639268
-0.1695867352318074
-0.15506708217839416
-0.11037517136113657
-0.09539225286054018
-0.0683725511658624
-0.04997520246495377
-0.011064352777802426
0.01319046378805095
0.03908278731983212
0.0749719835817956
0.08938984897700464
0.11790728338825276
0.15328921173004195
0.22111264989487808
0.2902251732739492
0.3498722058684106
0.3966485858474528
0.43662980155038955
0.4873961384251912
0.546298773985738
0.6126117539405155
0.6541721852253984
0.6780306333679237
0.696317783901514
0.7255590293427093
0.7257036348163309
0.6935100864270726
0.6745405469123882
0.6665011838617605
0.6427146127685196
0.6133983361209701
0.5982043974619953
0.5940472300696807
0.6001094197371851
0.62190493888566
0.643097923736097
0.6509331288325297
0.6494733260896137
0.6384369849878603
0.6200487107331755
0.5789025832795611
0.5301477790444388
0.47663897351782375
0.42725559177094086
0.37761661993686824
0.3335345139266588
0.3080966382293126
0.3025666580830058
0.2911886169969052
0.31879078808221223
0.3202367888304502
0.3468298021541765
0.3756532468827881
0.43024854497939896
0.4687622254892031
0.5214493443299311
0.5782697019432371
0.6703174871934677
0.741193651745669
0.7872078773056845
0.8252864603042112
0.8464585050773885
0.8600158988152546
0.8598006897151252
0.8856789302023049
0.9126299085391316
0.9204653123184986
0.9503052560126507
0.9721240709183416
0.9895970228998285
1.006621074609347
1.0472555262155028
1.0709993933631297
1.0896730991947616
1.1238387367883467
1.1660122787557512
1.213834249621751
1.2530975985034
1.3009795733220901
1.3420972450208724
1.349901640104526
1.3544540680142116
1.368162847300542
1.3859837499518153
1.4226282435002267
1.470863117621503
1.5381513885275067
1.6116571776193844
1.6727104359528349
1.705930044219574
1.747818732548068
1.792808433188059
1.8273135597567767
1.8543704133053598
1.8871514746378233
1.9062037936727714
1.9198757614272133
1.9207175814109607
1.9105803604410019
1.88424260917261
1.8617111480462656
1.8303341645584226
1.8048646047548302
1.791959023681344
1.747002191861789
1.698705035728318
1.6278497241016363
1.5633753712457399
1.5169796458187454
1.4779842900932285
1.4480428304540307
1.3973678455081526
1.3606805345081583
1.3474314677236934
1.3354619615477998
1.325046037740512
1.328371221761374
1.358573604330446
1.3960802762901452
1.444039031591245
1.482635021523489
1.5280400942004957
1.5673150023596176
1.59470055972885
1.6201719740360834
1.6363132015050859
1.6302314142105505
1.6342023275483717
1.6200271232702512
1.619181206023179
1.6201762593503333
1.5968298942417118
1.5429686013618904
1.5024007084171365
1.4571079313245119
1.4284591606883672
1.38542295181608
1.3294060340620433
1.2785520920659
1.2363615777250727
1.1896684319365043
1.1744875602722387
1.1407363055851385
1.1220903559382547
1.1399715816974718
1.158195759548401
1.1994480162007293
1.2176623474431638
1.242617486840211
1.2636280636980943
1.2839224996467324
1.286985858224004
1.2991336372626223
1.3172735744849369
1.3532972228579772
1.384365242318755
1.4087206840732949
1.3785819787639078
1.3407326652291118
1.337873751028203
1.350991021755024
1.3796850479299243
1.4077835137056796
1.4524877480284184
1.4871096657688048
1.5206109026577181
1.5140557278469216
1.5182930190594668
1.4925397845642816
1.448876523047679
1.409272497224295
1.392926344191846
1.4069230211857382
1.4161435164719518
1.4220171507527855
1.4435422794720265
1.4437106310094026
1.4418149566429312
1.4180652474381046
1.3815901198142764
1.3520448782037386
1.3180209299640058
1.2454522526263712
1.1832565401539816
1.1108764760926535
1.054660031786869
0.9865343280302317
0.9386965553386043
0.8915502335551689
0.8596864061915808
0.8210054685634373
0.7950628894324706
0.7936228377054608
0.7741879570567048
0.7280892874961317
0.6982304642600039
0.6581982085984126
0.6188460044449949
0.5639703604173146
0.49083363873746
0.43220794503558524
0.35868240448253624
0.3237649656641121
0.2819469785898331
0.26002488593273543
0.23918423711902428
0.20740233807513392
0.1863059554001185
0.1529635048179491
0.11714893908172502
0.06412332518395793
0.031077403856072938
0.016795620103575902
-0.006265881639302896
-0.013291472034257047
-0.020322741923646262
-0.03681015736245594
-0.036801499086306165
-0.037595457664254095
-0.01959869815747507
0.012222247184239188
0.025741399518415906
0.033345455742587696
0.03298669596394672
0.03506260237433522
0.01787203218668734
-0.01100016694062356
-0.05571668361246224
-0.07786480363910005
-0.09931510710684471
-0.11042194266262291
-0.12973136134888325
-0.14519147446564776
-0.1763149492011477
-0.1990376546070509
-0.21513577274428408
-0.21709868250654094
-0.20015714517782007
-0.18121223521014898
-0.16056190426518768
-0.13701872861125597
-0.10223148904744749
-0.07091731467217385
-0.05720915899732082
-0.045648488118383235
-0.029257537393477327
0.0018285526331736981
0.04026846357499151
0.09872337225773045
0.14691597749407628
0.1769422721217458
0.2333144345269198
0.30099730724615376
0.37080590201538627
0.4224066773731466
0.4768595881996678
0.5331623759515716
0.6065699509845135
0.6717087890360802
0.7587056479957002
0.8441122764234398
0.9293254107031153
0.9910721627524096
1.0525517466084606
1.1197660317645304
1.1873448294460165
1.2594667679522287
1.3072200271908285
1.3339693776582713
1.3373082063506316
1.3314333172774353
1.3021225256458104
1.2703214590313652
1.28076687010024
1.2979138099060559
1.2762363795857368
1.22937143554086
1.1976835529213437
1.194357645474459
1.1851656011770713
1.172993211246108
1.161339045715999
1.171550810019939
1.182337620484691
1.197988461584649
1.2242256127596198
1.2467056243802244
1.2721771015562744
1.2690478185109304
1.2683685549656065
1.275883955506826
1.3045165981504208
1.330083200012998
1.3349811457070202
1.330787535336886
1.315029674153787
1.3172180700836156
1.2967325537702987
1.2613743097532246
1.2269959709712548
1.1758712359243988
1.125837446259915
1.090549735723768
1.0499640440144447
0.9904585081527808
0.9426910734762937
0.8999728962360574
0.8654346018991128
0.8343375483036367
0.8007337580374473
0.7922296757966256
0.7958317552640294
0.7799901739942716
0.7564222905964958
0.7414913466968298
0.7039772099819862
0.6592215920884781
0.6207126898762821
0.5771208386752215
0.526118374023517
0.49609652457042497
0.4386093038808548
0.3553382725905744
0.2742299975203886
0.2171885817892565
0.13869092046750053
0.0982597020109308
0.040695497035880934
-0.024375891078967718
-0.08115531767008247
-0.10066451882051283
-0.11988691691644071
