0.0
0.0
-0.006022174312802149
-0.01898107629927486
-0.026544966573021637
-0.04267050363103567
-0.06093126607691881
-0.07629626028154232
-0.09464747689714967
-0.11405857615979745
-0.13347764106174842
-0.13690744014478534
-0.14121522360866579
-0.13858560148793367
-0.14113451213617853
-0.13588525943802934
-0.14019608543563564
-0.15214338420787055
-0.16545444144724708
-0.17985813477356427
-0.18975692266665398
-0.1965012203540903
-0.19605056244588845
-0.1909966725025561
-0.18870186926561222
-0.17655837180262843
-0.1621208824520044
-0.15151274957304245
-0.13783858796992393
-0.13617562261242006
-0.1316887266095506
-0.11870287996641692
-0.10229682033703417
-0.09012712609500732
-0.08042793766497199
-0.07318438641356147
-0.07207206882870715
-0.07094944227796002
-0.078186788846821
-0.07951226927926426
-0.08597974977357209
-0.09396226164111095
-0.10081168397373545
-0.10681403592624825
-0.1002010737741625
-0.10283624677847208
-0.10453934674267888
-0.10993713523880254
-0.10716462409813148
-0.09728978050313639
-0.08852386991050876
-0.08325304561919684
-0.07371166026456592
-0.06790771039050583
-0.05787752494279599
-0.04683017514847738
-0.027260319287442943
-0.008994589057245057
-0.0036642388709779783
0.0037102301918531854
0.016632856279859814
0.02188716889901577
0.02642580786138553
0.02824961383469424
0.03248062002385009
0.039815598659209465
0.04360124973556683
0.05097899184014207
0.06562201752814416
0.08320369947417523
0.10335691504353901
0.11868956890910971
0.14517281407825047
0.1746165348931341
0.200472067670822
0.21696105597311208
0.23696288987141195
0.25503152655158456
0.2658748245673671
0.27222522330593374
0.2854871519492433
0.299564397989841
0.30603360823154385
0.30905332750127745
0.3068468382029218
0.3179222370418149
0.3245094176022891
0.32958595990918277
0.335864271308338
0.34819189190878685
0.362373051074101
0.37670301824987085
0.3878720493743338
0.40713085316951797
0.41705557853816444
0.42511187055254857
0.4357290093179628
0.44204660734487017
0.44782166880307234
0.46377790565854343
0.47578996131531776
0.49020817215501233
0.49663535537407005
0.5012408198358357
0.5112885489618554
0.5204370975916219
0.5349749047822147
0.553250465234038
0.5624856106299291
0.5701694760537271
0.5876416465713407
0.5987187581004813
0.6030327956503759
0.6132356911703182
0.6107197305968585
0.6151567929883608
0.6221106602468245
0.6292911372614793
0.6348145220548852
0.633236101865719
0.6234799736302151
0.6217155869439209
0.6169497305369014
0.6198439050455544
0.625323683588634
0.6270817878533409
0.6273104091217794
0.6314043704288391
0.6299473807045133
0.6241871269650328
0.6209746393935903
0.6170094963155737
0.6128200417911285
0.612235264118679
0.6109542025867768
0.6084653771502888
0.6126919541229114
0.6204460305674848
0.6226469748936149
0.6260586011909598
0.6271434850480008
0.6189233869425915
0.6109699131043974
0.6097582138016308
0.6120407816434942
0.6133986529842059
0.617637868090153
0.6185234934005349
0.6202426762351956
0.6298977082945179
0.634918210099475
0.6397169700346165
0.6436333773829982
0.6401857064531972
0.6356683976403558
0.6427089927763808
0.6492837157431075
0.6549907204947306
0.6526740711242528
0.649462192910219
0.650305731827059
0.6352400830332382
0.607706828662212
0.5727079232704302
0.5425519808269189
0.5199064819067107
0.49090895999906936
0.4652221445561447
0.443221913481045
0.41781753590631143
0.39350420680935067
0.3765336121256829
0.3536187153795673
0.33296588376224245
0.3194363964001785
0.31172315926834077
0.3034196527020999
0.29738825360684795
0.2771494308327838
0.25509408778093656
0.24863585432134527
0.24934323062223326
0.24104050595417378
0.2415050083074148
0.24178484892106974
0.24491074862628512
0.24651438203260467
0.25106108637133273
0.26442979351193496
0.2773342203402163
0.28266735328759246
0.27957082424660185
0.2680064175583249
0.2644624327815747
0.26683481504324436
0.26336672366499986
0.2551297220147955
0.24311932765954516
0.2300339783951817
0.21711887140884545
0.1993166741099152
0.1822609758596837
0.16279353145985026
0.1488058463034168
0.13313386051001058
0.12297176687256978
0.10606854592285836
0.09340211957979429
0.08054986812800792
0.06187172367944971
0.044969816014051756
0.027070579326114435
0.015301363702410309
0.004709651539175068
-0.005875475973637929
-0.014515950981697095
-0.02362620484023279
-0.03179229061728808
-0.04297504348937597
-0.05451709360795044
-0.05890751373538592
-0.07498038519816064
-0.08440834196882219
-0.09851571485956431
-0.12160630322116739
-0.1410505116334114
-0.1521418309953654
-0.16175903015507187
-0.16745080224272563
-0.17537026526157334
-0.18409971098969757
-0.18096513636840944
-0.16863528490162905
-0.159731296999162
-0.15737167695106435
-0.14750046908597847
-0.14527971660726754
-0.1442094875402989
-0.14883606870049773
-0.15369325656132501
-0.1639390654714456
-0.17128918190785813
-0.16734446905261383
-0.16138836684099636
-0.15829842543387507
-0.1545483271686533
-0.15264674620101706
-0.1473832969334574
-0.14802447334253724
-0.15620775351069346
-0.15937864281080208
-0.16294053074292375
-0.16899971057854926
-0.1683564325937636
-0.173515911636645
-0.16665435177727503
-0.1566633592998364
-0.14108878306625486
-0.12670880749002256
-0.10959374366726236
-0.09957169224144331
-0.0905739552272832
-0.08069935746168583
-0.06573363296965273
-0.042693120319069855
-0.02089508932883733
-0.00873503172711445
0.0017063159220257664
0.008762259905977744
0.011605630949559933
0.020171309245200452
0.029826074617935384
0.04323019086023707
0.05305392556072058
0.07024975298364211
0.09017889562852026
0.10063556495349237
0.10977698070674544
0.1120346861997125
0.10758481625156305
0.1007215782571279
0.0953834526757998
0.09346307741008725
0.08353856000831314
0.07717969310958593
0.07429244303054951
0.0714527155855874
0.06420859261241592
0.049574636804805346
0.036498379131536154
0.02982353779545
0.0260287306390201
0.020619716665720038
0.009662015719615533
0.004703912472901632
0.00922681157191959
0.025017403440286412
0.04285994546391028
0.05729269633060102
0.07070258119679093
0.08019430990460395
0.09456604257117611
0.11463255730289554
0.13498552805613478
0.15800076461259618
0.17327772865656438
0.1893962113158378
0.2049287467103559
0.2174840032664682
0.22761053946068374
0.24636539243330852
0.2578908081257109
0.2700713874542695
0.26909925526099426
0.2701267857574513
0.2766389654333476
0.28173535317498655
0.2904326357952895
0.29826857894452774
0.30266985807984204
0.30149534366606046
0.29855675942103216
0.2962735979433326
0.29312224778067913
0.2891437082423085
0.29399563621755165
0.2893708446531084
0.27620715788974487
0.2541908205730293
0.23212160001678941
0.2268646542220939
0.2209078868787032
0.21584753400391238
0.20919057664596696
0.19392167225183712
0.18040054068313852
0.17018500029625813
0.16415257203852868
0.16097882746064163
0.15126059071442874
0.15263281120362512
0.15601934220740563
0.1570491838993171
0.16461557460579876
0.169687574310523
0.1762324921678901
0.19036296458977991
0.20999866859245825
0.23190638586692044
0.24584597152011123
0.27027816650368586
0.28777586305739367
0.3039101437651754
0.3158460157273422
0.32186319698303206
0.33110100603793835
0.34505174793499227
0.37266624193204206
0.39505802048799166
0.41050186947263234
0.4131963435880376
0.423104224570698
0.4280131090426444
0.4296364214218268
0.42904203649494504
0.4289451269368318
0.4350643038139363
0.44042632564300555
0.4492951775804595
0.4550491920760966
0.46252802998889003
0.48137373246436627
0.4947476219564458
0.5088216236500692
0.5254343815792692
0.5407084247693524
0.5558346394245484
0.5696386785791485
0.5847718993637587
0.5919111728254333
0.5923912789187099
0.5991817717155707
0.6043819477820449
0.6139269407284043
0.6049970275300015
0.6035950305208324
0.6019256841258948
0.5993346568151514
0.5890615088309298
0.5739387838682414
0.5553726565371562
0.5387098057633897
0.5240229867759139
0.5096611382729284
0.498912597782374
0.4869397107272147
0.46827107390933376
0.4485557796627079
0.4304770978619629
0.4094759912098644
0.39851588413195926
0.3928510851451339
0.3931427640183522
0.3778195668849114
0.36411020996110816
0.3545237645995672
0.35632518344680914
0.36207288156156164
0.3740508191421361
0.378728422781436
0.36815849774381937
0.3547646361556191
0.33901947843977
0.33176085507907105
0.3080524877949853
0.2838633248359643
0.26758779113360576
0.24815107254845573
0.23116943995115344
0.21619941313693816
0.20115904431487364
0.19168185105685565
0.18804298203520908
0.18995190657856983
0.18766528804474147
0.18713782099644516
0.19057952118046875
0.1975220112878236
0.21091311414726033
0.2189015805608825
0.22288248842636782
0.22398938902284005
0.22479063968099108
0.22300469675952378
0.21982328030338275
0.2221749895519747
0.22795751165542347
0.22893762982874657
0.22267561359176954
0.223155151019589
0.22507734835901938
0.22748359507840812
0.22078716432725562
0.2168999138447221
0.2184303973539697
0.21859305985600405
0.20622958391184026
0.20791621116841344
0.2208597849273366
0.2294610867012626
0.24127295326750575
0.25624865748363596
0.2777518595386154
0.2960285355871391
0.31739210756067254
0.32602313174072167
0.3363368262644282
0.34359986081103194
0.350996163064265
0.3549062565418073
0.3609750020417695
0.36531472241111873
0.37507708777705573
0.3797144565899687
0.39039399558417887
0.40911310760276975
0.4326478462612896
0.4551486574540908
0.4721051372455589
0.4795453158138308
0.48927486325771163
0.4989738470487331
0.5064112530640631
0.5060886001306437
0.502944414260308
0.4969942231527396
0.49332111691380354
0.4898375937428629
0.4828501076953748
0.4773397118780339
0.4780176974138931
0.48163006834585637
0.4838966507665507
0.49390718095607455
0.4990393774966551
0.5064859313605872
0.5064653512049295
0.5037542036040712
0.49594835870659304
0.4986658809034078
0.4964286284824357
0.4884949958411284
0.474359556122092
0.46373972365397603
0.4508495533002716
0.43546592033791104
0.4187701091007549
0.40443379607492375
0.39338566664179175
0.39198672197955764
0.40278488893119213
0.416936108626321
0.4288985821067654
0.42726933520799043
0.42919410621906195
0.4268326011416559
0.43042755695295604
0.42887387219293904
0.4122603491699273
0.3988194642146773
0.3937168361029144
0.3954731148084863
0.39273734880473693
0.38099380278551415
0.3691694116992098
0.35277477741156416
0.3320962037257268
0.308091916413453
0.2881256562609596
0.2643769133937513
0.24055264643865762
0.2303086321069185
0.21917754378161405
0.21398947232478727
0.21354699024096424
0.2049937690529644
0.20050414032863403
0.19789602689441474
0.18801013440686945
0.17797801351734757
0.17959786822894414
0.17467222163686452
0.16459827968665836
0.14914695511211107
0.12277747288541793
0.10427757667186763
0.08002563342817731
0.05706607603379847
0.034326034481928475
0.01936844302803974
-0.003607731648110596
-0.01529283450461397
-0.019787678559772877
-0.026494405874179325
-0.03143099697501477
-0.02758216530160159
-0.02436250343241774
-0.02797933002457904
-0.03667711298296368
-0.03442167219231882
-0.037195004775066834
