0.0
0.0
0.0006116901544699699
0.00372715173335126
0.007094820178269103
0.011542798182027079
0.016956378031661574
0.02186514481301184
0.030575085199025145
0.037115982344599584
0.04392246441282899
0.049250798344991256
0.05457018332801444
0.06439898680580183
0.07592935338882274
0.08521683620577276
0.09702610404014896
0.10764201872292102
0.11287149208729753
0.11496397944716444
0.1158342905967405
0.12342752980594561
0.1273948535461562
0.13323466467469725
0.14047940197905318
0.14666188728583923
0.1510370426565933
0.15709057292958317
0.1622072585106718
0.16376135275545384
0.1666786856070012
0.17489301719513606
0.18275479595653074
0.19293518315634212
0.2022439039685964
0.21181408630765608
0.22190904591082036
0.24089952591922256
0.2518973210814054
0.2619922675748316
0.26855098487657547
0.2778044169092311
0.28496911871116315
0.290775978530536
0.2946193806226721
0.2924515120999724
0.28942371981616816
0.28237006802533265
0.2798696974407246
0.2796034500609028
0.2804583664109397
0.28151862350629825
0.2866413443315607
0.29746099491442046
0.3099828854926645
0.32343411251260007
0.33416446345448275
0.3413644993407101
0.34282743501772966
0.33960819159692657
0.3375802929374829
0.33282095727170546
0.32799532176699886
0.32427542158121836
0.3169408958780963
0.3093902177500552
0.30022842886110607
0.2934666841202803
0.28914171034621705
0.28471062270102815
0.2889297070256081
0.29239003144998255
0.290945733435069
0.28882276038431237
0.28561434151819187
0.27908321200072156
0.274914472340893
0.2691561488168876
0.2614401101763256
0.25824615261816974
0.2568492000341578
0.2555785116716288
0.24998887497840544
0.24691409129604677
0.2479524719676143
0.24982263600882634
0.25577966018267007
0.26210045635511103
0.27008027151145086
0.27996846514781315
0.2862054551074366
0.2958758386906653
0.30272851309398163
0.308173034912569
0.31581572290157306
0.311654208220378
0.3073209621672617
0.3022309842043632
0.29653111531383614
0.2934638029560611
0.28244017464475063
0.27369800578741044
0.2700934784493396
0.2609658071168944
0.25185341776133613
0.24016597853496285
0.2296728147789763
0.2233496330617977
0.21338374208540653
0.21005814660903221
0.20904728546961307
0.2047206110576313
0.20244489023900472
0.20115666222186726
0.20147508672124553
0.2016742944614663
0.2009233624181149
0.19991772232637195
0.19973685160128646
0.19909978536482903
0.19675245562456417
0.19219858003900217
0.1846296671590159
0.1750845984419831
0.1712556699877573
0.16969100722745797
0.1713163400901284
0.17287543428834706
0.16783187309045514
0.16488342508652853
0.16413465893038034
0.16697936644143926
0.17261920831828817
0.17890053250818924
0.18787273452792655
0.19562794952469992
0.2064606666350615
0.2182208949472075
0.2340493473905269
0.24585785547202677
0.2575539534517495
0.2664782859255205
0.2791880726280855
0.2952734308411363
0.307636945398724
0.32376085735953325
0.33577849373307245
0.3448713728640558
0.3558820657506021
0.3587373543262796
0.3619495458208929
0.36136739505172966
0.35853338142894775
0.3548089328518115
0.35205501599892197
0.3491212283986135
0.34880255201100946
0.34369376460932016
0.3349462835354343
0.3320731680272939
0.3285942588372809
0.3248698686234684
0.32203908037436685
0.32119439380624654
0.3250345044077804
0.3247609595799674
0.3243588064900089
0.3262485510388439
0.3296181837439983
0.33403116941442784
0.3398047300396141
0.34697620076360713
0.351179842762421
0.35463932861772585
0.3557066350016674
0.35265690013772527
0.3552233686677556
0.35452242407817025
0.35327552992693656
0.35228495899383333
0.3441090759841521
0.335966476029438
0.32827604390683746
0.3208780123062113
0.31046720759689433
0.3010662155232384
0.29379889110748836
0.28330013442672186
0.2744170791096744
0.2605028122082857
0.2498016557580971
0.2415692675106354
0.23908059438375293
0.23666012763070576
0.23431557702231098
0.2332436492601736
0.22904668662425692
0.22834377294579977
0.22766966614666667
0.22130760815211648
0.21802922586564452
0.22041277855755928
0.2248074311224869
0.22301879986324546
0.2190471200122898
0.2199733177431768
0.22189506629112746
0.22110377746686474
0.21929552722662016
0.21141097883369586
0.20058534076906334
0.1892262525656672
0.18043961728214417
0.17419648622459233
0.16595526992005127
0.15785795691377943
0.15214943500899009
0.1492465788504268
0.1412961223923517
0.13484092152703409
0.1265043341318994
0.12224257543197245
0.1175186449493167
0.11859233554644144
0.11276234827053203
0.1094604567681602
0.10376257205174924
0.10261926271059826
0.09975213339096585
0.09450477535396759
0.0836518357299639
0.07025022016690242
0.05995921472181165
0.051233590299768
0.04271583214721643
0.03788986278578534
0.032116205773052575
0.03110680984439296
0.029407555579610566
0.023142845949601257
0.019769332312603118
0.014502704357907466
0.009100836819565632
0.005717058643416775
-0.00047463650190119125
-0.00807752081999152
-0.013230798858372297
-0.014884405728253305
-0.014218116737155347
-0.016876176489081594
-0.022231215749881163
-0.03004729236197079
-0.03946745413133583
-0.046281743634000026
-0.05508139705756621
-0.0621648653061486
-0.06771682730109824
-0.07648072788417823
-0.08513835514264735
-0.09117114186185798
-0.09513179039916801
-0.10419320528330146
-0.11023456763820912
-0.11593018877908204
-0.12618431225371943
-0.13027486758246196
-0.13616871399780908
-0.14249044488787035
-0.15003933049117346
-0.1562602292855878
-0.1607893269627763
-0.16888514097080473
-0.1713153992086475
-0.1749548689329732
-0.177922041329796
-0.18200091522721623
-0.18730660917520972
-0.1876295666792026
-0.18685410646897152
-0.1861689023588154
-0.19295451115624812
-0.2013573585051935
-0.2090245494620984
-0.2152239855816248
-0.2161493206256535
-0.21473037448761081
-0.20945884337097329
-0.2054534071063617
-0.19841720517612327
-0.1923630264835967
-0.1867526492669388
-0.18016975026221865
-0.17338399176625252
-0.16725495027672718
-0.16694210522125474
-0.16445992433013534
-0.1626206927086547
-0.16646810948511534
-0.1701171871404063
-0.17537298762837278
-0.18219866381344474
-0.18963411464926933
-0.19788213874632962
-0.2054221844715707
-0.21377043510583527
-0.2224452012720586
-0.23397331461530252
-0.24457604920794282
-0.2581130996945553
-0.2679447556157805
-0.2758181406035912
-0.2877753309351448
-0.3034840624836945
-0.317296712093908
-0.3348015940872433
-0.3472729243203907
-0.3559149517536427
-0.3640564067412866
-0.3678609432208607
-0.3797364903768963
-0.3891026220713494
-0.3995594665566403
-0.4060886047359274
-0.41005524990278724
-0.4159230755738714
-0.42836023341044394
-0.441302213053043
-0.44827110128798675
-0.45649282591547485
-0.46770248560211813
-0.4774936672713596
-0.48023540751242827
-0.48037270954040734
-0.48485299029980744
-0.48696200983166227
-0.4888434690404844
-0.4888408083925487
-0.4956629695046436
-0.49687713985957144
-0.4973929479581008
-0.5005633772200402
-0.5047255706574513
-0.5105246766938402
-0.5155308005365724
-0.5177726372184691
-0.518828999884852
-0.5208077105906019
-0.5238352017559509
-0.5283183098281886
-0.5323331008063634
-0.5341051779342366
-0.5360271872354154
-0.5326229465899607
-0.5281432161382937
-0.5228572423828934
-0.5188588554905174
-0.5177300161174814
-0.5164908789836236
-0.5138093941964075
-0.5057941541594825
-0.5017143165679431
-0.49704049580699344
-0.48979068628342004
-0.47898176192248976
-0.4657822758552766
-0.45735366975847214
-0.4467608587010005
-0.4408448400695808
-0.4344103943134773
-0.42982112473467615
-0.42054449333481003
-0.4158287824178626
-0.4152126734329502
-0.4130878978701214
-0.4043273306470878
-0.3933401520860469
-0.3812889063926513
-0.3727936496132061
-0.3670265862049945
-0.3637527680049985
-0.362008859009945
-0.3619895682766039
-0.3613628306612278
-0.3658816448821856
-0.36561446537830117
-0.3633615747796836
-0.35827062793385983
-0.35530089222568695
-0.35542798575595375
-0.35397155620407267
-0.35711495610288285
-0.3594761941888935
-0.3683347140386072
-0.3780128871994663
-0.3901913696036763
-0.3975756020989709
-0.40036686883398787
-0.4039906834982459
-0.40889032423649135
-0.40824597174905053
-0.4013864382592431
-0.390327160497952
-0.38396214548981866
-0.3797222259606289
-0.3776183145633418
-0.37620956807240963
-0.3747795500984576
-0.37922450621588744
-0.3839808311576276
-0.3828990274284592
-0.37891963780110655
-0.3784058181937758
-0.3755118498851819
-0.37419387229816736
-0.3722775682334853
-0.3682188519233575
-0.3672169464427212
-0.36951062342818614
-0.3734411253468382
-0.3810082077351033
-0.3859473424505128
-0.38849043615202494
-0.3892825460852996
-0.3832910291624827
-0.3769573199690288
-0.3693707987160399
-0.3592598648550397
-0.34555608745442135
-0.33254032986247256
-0.322222529439476
-0.30971604859377966
-0.298648201117964
-0.2907740128806836
-0.28295944368199305
-0.2781096849178293
-0.2728394929425587
-0.2700919767629297
-0.2626456727796684
-0.2580477005156257
-0.25322979605832496
-0.24493125535528826
-0.23298705987954968
-0.21627624529523617
-0.20370333371428873
-0.19315343135740906
-0.18086670217052678
-0.1701726530563978
-0.16121783253318647
-0.1546328188575147
-0.15561359220872034
-0.16070606526366832
-0.16548381865523182
-0.17033958499401686
-0.17076420019848013
-0.17195189411998818
-0.16960729341178146
-0.16637496864141127
-0.16429312413476826
-0.15916211855802567
-0.16084127222861916
-0.16232552560848895
-0.16232610346459453
-0.1604565771155115
-0.1590395843297126
-0.15829019203418526
-0.1547145691758159
-0.14887916681519864
-0.1414807072818284
-0.1347149404459454
-0.13135918287720877
-0.1303220461039901
-0.13007347807108377
-0.12955377293231157
-0.12888047963790827
-0.1306773768829901
-0.13155141404496368
-0.1315128283009063
-0.12996801263175656
-0.12661986057794938
-0.12328508298138095
-0.12237250224638481
-0.12086729353647768
-0.12237685655016833
-0.12782633539655142
-0.1298836888009769
-0.13338594388352282
-0.1362178050891411
-0.1427409213574769
-0.15141298210023407
-0.15297226652947443
-0.15189110174938938
-0.14927193449839882
-0.14968745292899815
-0.14882940370200828
-0.15176010945436955
-0.1523803363789121
-0.15488129825428104
-0.16034699622726495
-0.16454066777303966
-0.17089266910562595
-0.176038520451576
-0.17881030217654603
-0.18388970996010712
-0.1893775246198136
-0.1939655401117618
-0.19393649627206477
-0.19579181510282986
-0.19394209339932958
-0.1880208302113659
-0.1872718616063069
-0.18677707503568902
-0.18732732767162943
-0.18872312699624041
-0.18770006988051044
-0.1877563208934969
-0.18708864119858606
-0.18796897138571567
-0.18761963360239556
-0.18677569074915124
-0.18868744780916377
-0.18799592681773278
-0.18667672032725624
-0.18543334345408954
-0.1804746511405319
-0.17630735021364272
-0.16976727500958466
-0.1605449487308975
-0.15150628915664255
-0.13922421442215074
-0.12397038271169092
-0.11482950781848425
-0.10288997939124139
-0.09151634049892486
-0.08822914376651958
-0.09127776403897957
-0.10012521925557948
-0.10629932424102137
-0.10987448086419827
-0.1131328426342814
-0.11724562558753934
-0.11618491835309519
-0.11768976069858018
-0.11909539208686369
-0.12235302135712964
-0.1326057103861772
-0.14089646255727184
-0.14836555317376618
-0.1540701686098218
-0.16303031009548216
-0.17059904288272867
-0.18196045945990524
