1.0
0.9994054380165289
0.9985221991284126
0.9969192949327469
0.9947643086103813
0.9927533888564568
0.9900227457663021
0.9870427570507625
0.9837161322474003
0.980156476683059
0.976714066497451
0.9731714399010719
0.9697827192214608
0.9662962728634391
0.9625447419388403
0.9588622158369563
0.9549442269532069
0.9511849011703795
0.9477093462240023
0.9441972170433791
0.9404245385766631
0.9368440718777326
0.9334411531815138
0.9298327362769994
0.9259509081332321
0.9221842439516539
0.9186906348624587
0.9147787459597585
0.9110258531780666
0.9074294555454393
0.9038428320228943
0.9001290483062737
0.8961531267333883
0.8922126574508972
0.8880465292670989
0.8837487698522565
0.87937849029714
0.8750287827130742
0.8711247114325208
0.8669867915358156
0.8632358058942701
0.8593881316557093
0.8556259463579581
0.8516290673969419
0.8472057305994719
0.842706201690734
0.8381267509319148
0.8337217322370125
0.8294594050165589
0.8253988135893094
0.82147601290751
0.8175771134052603
0.8137851819270137
0.8103095221745378
0.8069610401603088
0.803626599045344
0.7998198082652521
0.7961059216393065
0.7924154136344225
0.7889175336955948
0.7855456370568861
0.781765778734525
0.7780617200551686
0.774695336140535
0.7715449910221411
0.7678349050604905
0.7638446672528139
0.7601460517902128
0.7564072075790833
0.752810923271454
0.7493608881511763
0.7461872667872288
0.7429202023917025
0.739269853101654
0.7354934660087088
0.731920940554283
0.7284891256342432
0.7250056307851338
0.7212229295396557
0.7174758865855709
0.7138830443096975
0.7104485921577814
0.7067955321140084
0.7029649195263468
0.6991369438475249
0.6952489819452403
0.6913976329877018
0.6873729541118161
0.6838034482289432
0.6803685719049084
0.6772146314843869
0.6741715385743546
0.6711722235295059
0.6681505779191311
0.665175230204162
0.6622595372258108
0.6590485973410234
0.6560543918158113
0.6528517313191771
0.6496011565560108
0.6464294805458718
0.6430117855270517
0.6395016044957206
0.6358762980789682
0.6324532089077205
0.6288013843738811
0.6253921147506175
0.6220883075332062
0.6188588314284673
0.6156181946267705
0.6124328811060255
0.6086285150979545
0.6048616858029249
0.6011038806117287
0.5974804235416403
0.5941002961188115
0.5905986040667559
0.5873081822043145
0.5842667018124889
0.5814147355136403
0.5787989140924259
0.5764504303745196
0.5740245464604641
0.5714057655380386
0.5686260119564368
0.5657917557783363
0.5630122307789366
0.5600507354493595
0.5567679983966811
0.5534056670678216
0.5500379948471001
0.5470314791727369
0.5441937377949614
0.5414282068825661
0.5387552060395697
0.5360720197717818
0.5329386449019943
0.5297101955888706
0.5267702891466303
0.5238620584571676
0.5209500998936891
0.518459400882063
0.5159536373641532
0.5138196785826803
0.5119681746998405
0.5101343028596815
0.5083968748881132
0.5066639153969159
0.5050113029161263
0.5033541084678894
0.5018294511443365
0.4999280302688249
0.498050832057449
0.4964445004648007
0.49467504150933506
0.4929546500465293
0.4913556984163405
0.4899055138128348
0.4883561021857434
0.486895214129416
0.4852883940913495
0.4834665146697968
0.4815901637740823
0.47989305772685276
0.47799019990555713
0.4757127037931568
0.4735480725286168
0.4711954567630677
0.46885076089252653
0.4665997047739735
0.4646457416798884
0.4632577963194699
0.46184761850074085
0.46005901669917043
0.4582989339968411
0.45656872202769266
0.4547012054075202
0.45325495368955276
0.45176144106281696
0.4504253902319112
0.44905027612825027
0.44733740783271175
0.44537370286793604
0.4434190497325945
0.4413722797631232
0.439121135373108
0.43693788063911676
0.43486896215669635
0.432700562941958
0.43058652687541715
0.42882936975391805
0.4273656891159606
0.4257933796777706
0.4240014916589595
0.422373074969163
0.42070607833979196
0.41911363040443594
0.4172571091443664
0.4156819525447042
0.4140069773124924
0.41229899318092655
0.41065979051936274
0.40872884549931576
0.4067044979345848
0.4047444830519131
0.4021803193519447
0.39977518805879775
0.3976095287925054
0.39513390495964557
0.3928229381828762
0.39035258015622026
0.38795883691376787
0.38588901929882613
0.3839164765010511
0.38201910635651876
0.38050345582378897
0.3793006323148285
0.3782530636887298
0.3773077757449819
0.3761466429998479
0.3747330626481725
0.37357838775743607
0.3723213605454523
0.37091557576794515
0.3694362023832007
0.3680030179964362
0.36654133375950243
0.3650829003838171
0.36334173335382797
0.36159460476541344
0.3597726269008917
0.3577747920896652
0.35590971593693177
0.3539804608280393
0.3520715480303009
0.34994759074712656
0.34774073829065233
0.34563620039557075
0.34375994394128007
0.34195373126887535
0.340212270631427
0.3386482201694072
0.33743181464186656
0.33604534643033224
0.3347767586631157
0.33370182861567754
0.33196847625657927
0.3302065561299982
0.32827013324128057
0.326218517932834
0.3242921039066012
