1.0
0.999591046875
0.9988110564316964
0.9977009452391266
0.9964440808290219
0.995153797623335
0.9937801290508731
0.9921542036138865
0.9905546917645013
0.9887871035487646
0.9866019215042374
0.9843709234543438
0.9818885915732459
0.9791915785751777
0.976292078325033
0.9730798458596355
0.9699434219140831
0.9670654606739961
0.9640884420691148
0.9607839543979114
0.9574844718164527
0.9542028795354871
0.9507629898870669
0.9473711262807125
0.9441524380868137
0.940766826780562
0.937500239124805
0.9339190137860494
0.9302426307543036
0.9268184479418055
0.9237368292630926
0.9204243420107734
0.917190430756772
0.9139052124140835
0.9104279382891368
0.9071395102586319
0.9038900035882538
0.9006752303736337
0.8974535593612589
0.8945058489687363
0.8914134867001313
0.8882429425941968
0.8853617273210264
0.8827840036602892
0.8804106902868287
0.8779449467554874
0.8755132423848538
0.8731974930166906
0.8709807105469745
0.8688543522908693
0.8666975354672876
0.8644496584097194
0.8622423093780289
0.8599005865934878
0.8574889177112802
0.8550354341107566
0.8524938078570469
0.8496183878508325
0.8469250057650302
0.8443866755545979
0.841883571475749
0.8393944535858848
0.8367162505095297
0.8340122626902128
0.8312989592003179
0.8287711849078608
0.8263155881250075
0.8237876440570086
0.8215354267764753
0.8194125082848916
0.8170691800876664
0.8145806460053372
0.8121414806691322
0.8095680000509548
0.8071211033113224
0.8045839882118336
0.8019122879902341
0.7993583391624244
0.7969772768606673
0.7947013919475974
0.7923254829686703
0.7898022899712727
0.7874561624469751
0.7851920410632582
0.7829390473598007
0.7806073542997687
0.7784364901144952
0.7762115821734551
0.7740387288536834
0.7719704574741365
0.7699237138035718
0.7679526251079444
0.7660008956594401
0.7640950942816065
0.7620428960404608
0.7597627608039627
0.7571693617562153
0.7543580531727345
0.7516711911701356
0.7490762042251787
0.7465109725391778
0.7442926924596365
0.7420940151537743
0.7396999260937972
0.7372218459417113
0.7348946663719484
0.7325504748544713
0.7302475091328189
0.7278890424001515
0.7255389582747567
0.7233075207246898
0.7209958351868132
0.7188267746580305
0.7168113510758692
0.7149018319281465
0.712878748834833
0.7108778847722922
0.7090026509890679
0.7070806767238194
0.7051147681983234
0.7033043596334798
0.7013449379189289
0.6996163584915366
0.6980666558097164
0.6965515457738691
0.6949202151788263
0.6933420779784041
0.6919067369374072
0.6903645083665957
0.6886959038255641
0.6870154287753418
0.685223841328857
0.6831984032479641
0.6814646448270885
0.67955407115682
0.6777914658422953
0.6757782019140962
0.6740212637892078
0.6722440516004714
0.6703896411983631
0.6683853323295055
0.666385667265144
0.6645278714716427
0.6625938162329575
0.6607948275900226
0.6590414342590943
0.6570765525496183
0.6552385916266437
0.6531778140545876
0.6513421496576145
0.6495348094958948
0.647493796625783
0.6455938186924711
0.6435762015351794
0.6416596374116074
0.6393230757514031
0.637094764971153
0.6346347778868651
0.6320534539307481
0.6295963609796598
0.6271064132534073
0.6245974872064023
0.622137032350293
0.6196156311620175
0.6172292794045736
0.6147779234125154
0.6121075297202515
0.609597588273293
0.6068281157985119
0.6042145316475742
0.6018747697545621
0.5993038213803846
0.59673218225831
0.5940686450827687
0.5911545459576051
0.5884412253232739
0.5861329430792356
0.5838804148137547
0.5815867027997451
0.5793025285344289
0.5770774542635331
0.5750549666319821
0.5729987531133646
0.5710865599656236
0.5692911315434726
0.5673666755876189
0.56529149462736
0.5632365518040133
0.5610610995919862
0.5587413724395733
0.5564123591913717
0.5543406070952248
0.5522866391217812
0.5500089762541446
0.5478485724888225
0.5458379500045974
0.5439682328190095
0.5421902945720727
0.5402964524185329
0.5384076821817967
0.536530947749947
0.5346638747857704
0.5329582688947617
0.5312557159201264
0.5294318158349345
0.5276724137303276
0.5259932261118176
0.5244111404842081
0.5228403953303314
0.5214132577349526
0.519992960013
0.5185105197615262
0.5167496290040753
0.5149143611481589
0.5131077671447444
0.5113327451578106
0.509447518896962
0.5075528206268409
0.5055192917382982
0.5035015402186722
0.5012384281985294
0.4988793806575505
0.4966540190412873
0.4946246018124083
0.4926113323581071
0.490387394998251
0.48833071907180614
0.48642693363352973
0.48448147226054106
0.4825362094946054
0.48069350341503886
0.47896456728058384
0.4771437816054092
0.4755099272848302
0.4735951632557799
0.47178040844253666
0.47002943156346705
0.46836718845821673
0.46675068159788263
0.46505227723931924
0.4634956510160066
0.46198022442406966
0.46019442111457864
0.45832244708193715
0.45643608415310577
0.4547521066690334
0.4529716933259642
0.4515382002434692
0.45035942120560507
0.4492845212385858
0.4481196396794458
