1.0
0.9996150795847751
0.9987990135306514
0.9978321531383997
0.9967445103614291
0.9953346200174396
0.993651601495537
0.9920414791645537
0.9901122320521438
0.9881651298827531
0.9860990373340145
0.9837485340822346
0.9813886639218575
0.9790764646722626
0.976635320748
0.9740022367723132
0.9714616977821092
0.9687473274522265
0.966118550925307
0.9632068949937675
0.960520802297054
0.9579797275211999
0.9555766444645181
0.9530272234275946
0.9502596577328635
0.9474438210462554
0.9446354792017535
0.9418000774552389
0.9391131861985113
0.936553954641953
0.9339117865613882
0.9311977637568596
0.9285163922340282
0.9259862842749026
0.9236147886464945
0.9211223891142818
0.9186949566150322
0.9163025990177268
0.9139395247636296
0.9117673234868532
0.9096628902366612
0.9075647463943645
0.9053508425854886
0.9031045286294843
0.9009852207829779
0.898811191673015
0.8964723895033853
0.8940966456970499
0.8916570063798924
0.889293065846563
0.8868346593613228
0.8841364503789751
0.8815094953096739
0.8785867521730646
0.8756152961326232
0.8727011241398384
0.8698356929634266
0.8670371035769996
0.8643401631133033
0.861576109848643
0.8587661584709589
0.8562098088800558
0.8535131999050684
0.8508436638655544
0.8482151994450976
0.845578667879531
0.8427552097825985
0.8399757698585448
0.8371883696640494
0.8345970914028364
0.8321948469536192
0.8294634667801722
0.8266420338148854
0.8240147360466005
0.821612573122265
0.8194616930915791
0.8174578704456226
0.8154546336602079
0.813102776619897
0.81092227594069
0.8088555305106245
0.8067002583071636
0.8044527868025849
0.8021339237230055
0.7996777780753973
0.7971730631050065
0.794682377463116
0.7920546664735806
0.7896100127440139
0.7871446317393961
0.7846844846583477
0.7822839011872622
0.7800164891927112
0.7778987055437092
0.7760248377299223
0.7741964795990148
0.772197459870764
0.7698509972602436
0.7674435379040913
0.7648682290513861
0.7622584985339504
0.7597135988615835
0.7570711191169752
0.7544806064428741
0.7522792624301805
0.7500229358317547
0.7478751832549589
0.7456352536900033
0.743218437430269
0.7407254458062115
0.738453711521297
0.7363435131759363
0.7345008428534792
0.7325847347173855
0.7306206154512032
0.728714845336785
0.7268325733993096
0.7250245775456745
0.7230887603532823
0.7209916855942166
0.7190485794964646
0.7172143283410084
0.7151511348961848
0.7132634181959684
0.7115567618469083
0.7099062606244014
0.7080607491806029
0.706222471804227
0.7044976927609677
0.702574293165725
0.7005950173869565
0.6987519492403547
0.6969622352274247
0.695334832698422
0.6938382424300564
0.6923382720823766
0.6908460632904956
0.689265793936293
0.6875172165250637
0.6857820239421915
0.6841345762587487
0.6823850389679281
0.6805376202138753
0.6788009886510656
0.6771055621288244
0.6754682845685785
0.6736490870016965
0.6718941278984768
0.6701423083079078
0.6683785823219425
0.6664840905725135
0.6644392332332109
0.662422622117786
0.6604271697012424
0.6582991722255592
0.6559812628025562
0.6537905831969207
0.6516307687408911
0.649577055864487
0.6475543842902824
0.6457499008408226
0.644096398514301
0.6428129281181599
0.6416068674678728
0.6403614871562656
0.6392040783831135
0.6377225246447706
0.6360388156913983
0.6343249503640316
0.6326927252185223
0.6312138307852507
0.6298729826480096
0.6283754931379469
0.6267611218907705
0.6252707812660255
0.6238407005705612
0.622234149920392
0.6206446445236431
0.6193430241236384
0.6178660695831791
0.6162884219375753
0.614524560148036
0.6125645691481355
0.610485485855027
0.6086713428663928
0.6069699960577084
0.6052727531727754
0.6035578430829661
0.6019129079637723
0.6004389677782964
0.5989133245584959
0.5975081318288629
0.5960161784509106
0.5945198010184185
0.5931323553973762
0.5918582878915583
0.5902665625340865
0.5888602507289348
0.5872079934003719
0.5854660404806814
0.5837578397428915
0.582196078131604
0.58056405256675
0.5791309713255248
0.5774858855913271
0.5755630770697043
0.5735896581382642
0.571642193380666
0.5696799342998983
0.5679142354727642
0.5662047557038866
0.5644873051455483
0.5627092083149728
0.5612353572653566
0.5595666022796205
0.557678444729393
0.5556602074233272
0.5537087371362791
0.551773124135948
0.5498663926194095
0.5479905572125244
0.546200977560295
0.5445254489784542
0.5428758838183027
0.5411684624958425
0.5393208505250645
0.5376515726514101
0.535951909492774
0.5344192150687752
0.5328397849634685
0.5313930731778751
0.5300679545169504
0.5287551955302249
0.527165868927672
0.5257981727224392
0.5247636786414343
0.5235579399093505
0.5223927300421174
0.5213021955964079
0.5201467729604786
0.5189423555413802
0.517749532004882
0.5162627058064972
0.5147531350477222
0.5130966781605657
0.5111456318837422
0.5091363146009259
0.5071985058595836
0.5050653807020234
0.5029516356087639
0.5010675765154659
