0.0
0.0
0.00156906996208735
0.003952477216135475
0.0014194711829630647
-0.004605094676746208
-0.01176186103191386
-0.015459335543384533
-0.02111022030165083
-0.02218091248791392
-0.023591403287655105
-0.025240350656302053
-0.028376694665894323
-0.03213301278724137
-0.031340429680617246
-0.03187588994636852
-0.03166011122623225
-0.03518012140218013
-0.038458534248148823
-0.03875578769850548
-0.038363448912347095
-0.04060596534757791
-0.04506963725178366
-0.047768568622226
-0.05049630253911623
-0.05277965598239416
-0.057486807326907086
-0.05961584749523238
-0.06304691327633684
-0.0641609123099833
-0.06547932774581287
-0.06390570876460668
-0.0622168713706677
-0.05921339947931871
-0.05253024722771475
-0.04713155812580855
-0.04249907660059147
-0.03478168342104011
-0.02497361433625182
-0.016337371820872637
-0.008105931680640667
-0.0027995996499479555
0.005485019163981524
0.0133198505666365
0.018647545753296312
0.021230526603113156
0.021574727370485897
0.021562157744328594
0.02302375730041507
0.0268429391335993
0.02905109438265463
0.030523110756740034
0.03369337196858205
0.033606240920238485
0.033324317502368674
0.0343922275402944
0.0360292560831798
0.04046591336925554
0.04236871902781369
0.04404020989197203
0.04911400675586024
0.0548391228442151
0.06161766605544826
0.06830062339469284
0.07163398410542213
0.07038582473927263
0.06550700539333565
0.05621739004363955
0.050563007266130076
0.04977093558268378
0.04821110359602201
0.046165557050831654
0.04520793019414592
0.04270620578287583
0.03973986649493274
0.03771905565498196
0.03640260431143418
0.03591373127049447
0.03982376282503999
0.04407303941836967
0.04843827138126756
0.05480780014889796
0.06551688344229158
0.07488453060156873
0.08482160348252901
0.09266490893555702
0.10366058002745625
0.11373523873707223
0.12184188539173671
0.12945612603796827
0.13698073463906635
0.1401947872337409
0.14462491984739403
0.14555235178314152
0.14755233587224995
0.14947049971436122
0.1486814932112327
0.1496047121738244
0.14673695833831507
0.14439069480346411
0.13843834089219473
0.13169461197554913
0.1263741900189005
0.11844948691555907
0.1123891707593804
0.10640447268347085
0.09917009332437386
0.09432861075123239
0.09195093238722876
0.09119609325984525
0.09103151833206652
0.08756800829518879
0.083223718202206
0.0809601216967319
0.07773559842554498
0.07578831848724775
0.07609921278267225
0.08125524213560976
0.08809610608093177
0.09004295566006186
0.09194680565651683
0.09162764188299338
0.08990719133196924
0.08701817779352093
0.08853331690414028
0.0880250178701777
0.08626469160024591
0.08388390694077971
0.08133273995118097
0.08006496131244646
0.08175980545461962
0.0820424465502816
0.08741474664530174
0.09214692604656625
0.0941623229097836
0.09406417708847506
0.09291792533751078
0.09322242390497318
0.09012455197358892
0.08670439168952673
0.08085749781077463
0.07314754260691193
0.06416263206722671
0.057697734572089404
0.05050043452643718
0.04646606792858839
0.04321353129092095
0.03749627384016855
0.03544571265710079
0.03255788745267347
0.030661360205418053
0.029670918021675177
0.02980058595888118
0.0345356422425057
0.035886283120462534
0.03460860384311153
0.033506075556673634
0.03303618840583426
0.026951920059022555
0.01913871908749111
0.017947298013421282
0.014073175852646166
0.01069052388542219
0.0064915392994911204
0.004112671050958371
0.002750595626059724
-0.0035790485059670864
-0.01064081430522577
-0.01789315998337163
-0.028241211261221012
-0.035797263717956676
-0.041683027382837405
-0.04729615681786661
-0.05246681079719113
-0.05766581976802448
-0.06157701679542782
-0.06764992870181336
-0.07390022971518853
-0.07470043934183176
-0.07372466326897807
-0.07548219759593973
-0.07293431602633672
-0.07154037685504247
-0.07276894261169177
-0.07573264743016853
-0.07784725984002612
-0.0773051679615293
-0.07319871803969838
-0.06981171958497288
-0.06736955713931429
-0.06715794011033246
-0.06527057214065736
-0.0644955735007337
-0.06262049714855487
-0.058331071657611484
-0.055655070954038356
-0.05096996658396005
-0.0468478447175206
-0.04162641859530175
-0.035176994286043636
-0.031442774364581434
-0.028706613977103307
-0.027499446442499135
-0.02828306666009374
-0.029121088771268802
-0.029991923356990264
-0.029783553714452644
-0.031909354138511904
-0.036444464693021365
-0.04447865667026476
-0.051272233624713934
-0.05673860122929271
-0.062433300455939415
-0.06811469914179222
-0.0694815581551289
-0.07147876466023294
-0.0716263222167195
-0.07433444197274966
-0.0742376191587931
-0.07447651916437456
-0.07348415322959814
-0.07436216955245557
-0.07108198659140719
-0.0672655524421073
-0.062176596410270325
-0.05736817474644538
-0.055937059486485884
-0.060455589343295334
-0.06792293530184314
-0.07235155461674982
-0.07752052414296805
-0.08100199326697946
-0.08163596876212009
-0.08664571008706316
-0.09169001603337032
-0.09303259282861429
-0.09657906857010849
-0.10210607488741966
-0.10739021457653464
-0.11366796672116375
-0.11946970560227771
-0.12106451534003522
-0.12468847806476399
-0.12491440825159636
-0.12399472896686285
-0.12323179704742093
-0.11922874112790231
-0.11441742051100608
-0.11181911392284599
-0.10695090576972222
-0.0996999667750308
-0.09230794237079684
-0.08619817365178725
-0.07876809968672882
-0.07126123938784595
-0.06511172282816295
-0.05870270604635523
-0.05606495802545762
-0.056134835389311626
-0.05679471709584273
-0.05779070461909491
-0.057218494495697034
-0.057414289804062255
-0.058248047090548864
-0.05831805053000303
-0.060751885983299045
-0.06258603291539364
-0.06064838107272975
-0.0589356422662059
-0.05847131372223122
-0.05616858287120987
-0.05618978797424289
-0.057727094152658115
-0.058488244345100644
-0.05775410508986501
-0.05633795478908918
-0.053634468081716215
-0.05359735445604088
-0.053569272913442066
-0.052277073487100645
-0.04859962198490598
-0.04760243437905855
-0.044200163538728306
-0.040876034953834774
-0.03792945685473972
-0.03615580785180333
-0.032341314119820656
-0.030902714226384125
-0.02647534483643085
-0.024863428515598522
-0.025818085800875593
-0.027707543035312233
-0.031498362317325425
-0.03777900002722488
-0.043684682869542926
-0.05236687745398155
-0.06184320861352954
-0.06398083576048279
-0.06522744174560764
-0.06204757639164166
-0.056099323650482674
-0.05269370113534632
-0.04976817193789341
-0.05028508824962225
-0.049213853804003733
-0.04486132663881891
-0.043452122470317885
-0.04234651935397233
-0.041952702705571235
-0.042600898248489553
-0.04345000326174617
-0.04585565622886588
-0.04594676521342603
-0.04282994311558248
-0.042119667576007574
-0.03799902879473955
-0.03222477030480937
-0.027416470532462996
-0.02260295007587699
-0.022866167667307608
-0.02201726473357128
-0.024920261026474676
-0.03167225968357155
-0.036338878094678784
-0.04129813788716928
-0.04385420669212204
-0.04027026090200487
-0.03638298545579021
-0.03124113206203501
-0.029666833271093138
-0.028148291882442444
-0.02529439079656604
-0.022789981173228047
-0.016388872136637395
-0.011117269725802887
-0.005456606207584147
-0.0025723743888405974
0.0011762329855670378
0.004986507316865233
0.0063514632086067516
0.008113424431255494
0.008806433611656688
0.009014580702025671
0.008444839323954515
0.0090719703125757
0.011394470561904069
0.01716895168038974
0.021628419034108788
0.026207564728056854
0.030949193140794855
0.036745675979645856
0.04130159170463071
0.04251186102647734
0.042225911493539416
0.039772503450595374
0.036361611657582796
0.034104063845559675
0.035707982857375684
0.03946599290003532
0.03937458050827788
0.03859296564319789
0.03900347547796973
0.0381365032590329
0.034680647743161604
0.029428207764448627
0.029839890186991496
0.02865433849725528
0.02790949988882946
0.023503326885855533
0.020242191070751064
0.01884798296608252
0.019835418653252602
0.021236799129136417
0.021786148986733794
0.025264252377570767
0.024850561082866082
0.0247040412973692
0.023504526747871155
0.023088408614794727
0.021355285510982994
0.02122024786529625
0.02077675295136092
0.022174002783376716
0.024824999058204823
0.02947666448213206
0.03453719245313598
0.04367188535849227
0.05422157022509212
0.06423292972135121
0.07792575471565723
0.0912252999663711
0.10655211690058042
0.1205517974862808
0.13310518584941342
0.14577198530435023
0.15543974641859945
0.1659329908926054
0.17281689701851793
0.18067816448774315
0.18772861381002745
0.19650605113987307
0.20670862473456747
0.21205106935251908
0.21977917962933757
0.22758488553438416
0.2340737777432647
0.2445000579894103
0.25356357371813293
0.2600618787429971
0.2665570831559355
0.2719876683732505
0.2764429600170223
0.2777304483917024
0.27976502490671096
0.28264198765754917
0.2849808099377454
0.2885977904085639
0.2924090613647642
0.2977978504691504
0.29879685429605474
0.2973701434282944
0.29641837937616294
0.2982118842456091
0.29506530719065394
0.2946176860715726
0.2927669759940373
0.2893269839862034
0.2881162148976553
0.287075232004356
0.2835943438549816
0.27768545505006464
0.27319751483522503
0.26985512347347457
0.26384154232898505
0.2575884739659335
0.25014510656552835
0.2394333854939473
0.22710332829411561
0.21615176135234954
0.2055469410087936
0.19400701085194297
0.1775421274172865
0.16046902430595836
0.14314731422362353
0.12683481869506746
0.11069065145389934
0.09429554185075903
0.07364773341729006
0.05670144736102763
0.03968311052695907
0.028533140354860428
0.02045568734881717
0.018106404607435674
0.019581721364300978
0.022904734284969523
0.02443534312760289
0.02417231865955527
0.025512976482714018
0.02801878390571719
0.03012922041279961
0.03155064572736257
0.03563784059846892
0.041079290232361926
0.04916313265561998
0.057140253618230386
0.06239539356002875
0.06865101681039279
0.07327215863564289
0.07931664265015018
0.08382226585346213
0.0919821627215618
0.09741781628992306
0.09901789927180939
0.09533229623381696
0.09870662036628652
0.10012156128575463
0.10051044753573823
0.10649434887724671
0.11054756130256455
0.11062280163099968
0.11013736970909001
0.10821796502165329
0.10895662607694104
0.10998311115031448
0.11212071189614116
0.11448928844006365
0.11794960546960953
0.12234620507434772
0.12455267131894725
0.1295485916662056
0.13411319859452364
0.13929777983648278
0.1421683246289268
0.1435047702999077
0.14684495399594186
0.15080507101368054
0.15658840299011476
0.16278044316994697
0.16802864717550878
0.17073018431315568
0.17227574783190994
0.17405492666861352
0.17846904456891738
0.18074543999417747
0.18052128073226278
0.17928693948593954
0.178948876777537
0.17601768795220044
0.17050905166519623
0.16921107491675386
0.16928381599287257
0.17073567586513716
0.1708669264954775
0.17342635815233887
0.17822017305138302
0.18287751461073462
0.1861129608491676
0.19174904194465606
0.19747257590758424
0.2027856180410894
0.20712934081702813
0.20558656318763854
0.2024870910415705
0.20147658070686403
0.1956062426102848
0.1946671765462809
0.19547542424071965
0.19628473629360707
0.19346423640345703
0.18854241645634426
0.1878539859856209
0.1886844240034796
0.18914708783410802
0.18873919617207732
0.18761265953954168
0.18590365147870588
0.18598745210163023
0.1864269920824402
0.1936920560870395
0.19817835315880752
0.20328373721695028
0.2100328983053421
0.21905858980232612
0.2278445101319911
0.23709401003367647
0.24822428859904208
0.2557220672655551
0.26485942539226637
0.274931674467858
0.28473062998438503
0.2957346495212504
