0.0
0.0
-0.00354879619198173
-0.009223415883868463
-0.009248967640038784
-0.004825209594633733
0.0001012282519120217
0.008117356325005952
0.02003765530448097
0.030599258949582667
0.03811791524668902
0.04281907829091215
0.046766702526756986
0.048388074170938135
0.04655406480646148
0.046014513421907245
0.04464033635115939
0.047979641625148464
0.05318728728518017
0.06084981483322589
0.06923494578895895
0.07516972553701569
0.07388492671173268
0.07282070920213968
0.073350396671825
0.07807115446209276
0.08549634723093512
0.09153036532793422
0.09531889301640065
0.09531654082134729
0.10001467319962126
0.10342836100376901
0.11170754940699959
0.11595976673449354
0.12405802893626006
0.13556977187310568
0.14326144307334124
0.15742288960328632
0.17173800710776566
0.1836130341009098
0.20128527236477997
0.22023009990156475
0.23850551188045271
0.2496244207047806
0.26099844962978525
0.2725412342068172
0.28202283894633334
0.295898506859966
0.30435261613603554
0.31777119521769737
0.32551979114024715
0.33259034607574806
0.33776662096363
0.34163611492005
0.348387448563272
0.3539905793051424
0.3585827961199331
0.3612311990676124
0.3615071096959628
0.36436896222138
0.368943791491029
0.3710322715639266
0.37365260729152944
0.37786791004102355
0.38397473847402325
0.38923948318787227
0.400675352563832
0.4080279628457356
0.4162153469717913
0.4222666174445056
0.4268093634256443
0.4371139854788251
0.43976830680468326
0.44076887329398445
0.4406180451358971
0.4366753130109
0.43258665247336303
0.4273716954602054
0.42542104252677904
0.42299850833334446
0.4259819021691427
0.4342520738543204
0.4422850656209039
0.44760750016006795
0.4489839435547446
0.45914644425723605
0.46932962289460567
0.4778367763799574
0.4861291517163169
0.4900650926687621
0.49847613112239264
0.5063970840812777
0.5115044761909402
0.5131959707122536
0.5152086003095867
0.518872751062631
0.5278398389538876
0.5375901137778282
0.5476627201346999
0.5540878066194193
0.5609312731730064
0.5672072186592698
0.5766176821386687
0.585446092922747
0.5926062757210817
0.598747842654959
0.6033654478855043
0.6138525694248615
0.625696349337787
0.6361470167104222
0.6431519382097155
0.6496340669456696
0.6576376360862474
0.659150969745876
0.6605311092185543
0.6649165996277638
0.6717128016427715
0.6802870334423167
0.6872351209146541
0.6912918460544603
0.690269765671323
0.6913791708703395
0.6874510262971598
0.6846845404649226
0.6787479106702098
0.6764614113483057
0.6760228672968217
0.6681399463281629
0.6594131171898703
0.6504829178814346
0.6421075383644804
0.6370856713058315
0.6374785960590039
0.6349038889136557
0.6304032741684618
0.621041625619424
0.6129374278841709
0.6015589921997264
0.5886777585153321
0.5778086907070806
0.5702797357215321
0.5643916631031306
0.5593794859565907
0.55831800362051
0.5589974388529864
0.5681113485725455
0.578627674037547
0.5863229326333637
0.59821338389306
0.6056014913864234
0.6088757227834722
0.6123963665809461
0.6151361018574544
0.6202088812826907
0.6246349386866502
0.6255070371313393
0.6280320300203954
0.6320973349971849
0.6380659950079306
0.642678427183529
0.6442057792130116
0.6508536957666209
0.6553353224426474
0.6560120733334395
0.6589988080424594
0.6655584607824807
0.6680356219202983
0.6723776813312615
0.6750489916969967
0.6716715407870787
0.6707754706134104
0.6734436957366223
0.6745635125103441
0.6751082795741179
0.672994145896358
0.6763315848089889
0.6849610881831909
0.6918282299823074
0.6992008658754686
0.7122178657226506
0.7271529514121835
0.7335643000616832
0.7422987656664333
0.7474228239961466
0.7534347774226181
0.7630133498864475
0.7725263695387532
0.7787676315956072
0.7813852738804161
0.781246484436823
0.781290676646362
0.7800716599060681
0.7817016065323676
0.7809803746602882
0.776085882990381
0.7665798629090176
0.758029187705835
0.7546872914919687
0.7495525919846364
0.7423875316711832
0.7324253069376272
0.7169157666314759
0.6993317740462177
0.6814905379834548
0.6671312016451177
0.6488148193525581
0.6313837747947153
0.6134397176339935
0.597212143686959
0.5850808559897052
0.5732550459420748
0.5592544337460065
0.5482272999250296
0.5384191965564666
0.5332517629906637
0.5269924918034326
0.5214126410135201
0.514769054556882
0.5066055082510494
0.49603542610371054
0.48825686988288275
0.47916761877296915
0.4709956076223949
0.46706863638078144
0.46512123008093603
0.46663627493680504
0.4649823824960704
0.4665468633860862
0.46594711854651416
0.46452559308446795
0.4625090956325538
0.46107633804201387
0.4556866668327628
0.4566685323474171
0.46191449644796206
0.46451019559477813
0.4688121280214864
0.47123873711819264
0.47008493333205803
0.4735678401704633
0.47757133771320376
0.4790562452572255
0.4766538322407163
0.4704213235098648
0.4680001264239462
0.46460545746953574
0.46612525756221646
0.465087247783304
0.470483040801674
0.47541870165478267
0.4831161068770585
0.4949118428563638
0.5037156592591292
0.5070169870088882
0.5038348521630291
0.49983658106332063
0.49459973507264066
0.484604841606234
0.47458568014839625
0.4663834884765523
0.45289258014296446
0.43884676181551774
0.4250458270811587
0.4099375206848001
0.39282480660446467
0.3757675456518179
0.36321722223965947
0.3476860540939224
0.33028310942394007
0.31755776936485114
0.3061274317308106
0.293884621911372
0.282567237971408
0.27031252094131014
0.25848655337871723
0.2429698659519828
0.23099553646612622
0.22233850002579314
0.21650748667328593
0.2099478217889961
0.20631692928129639
0.2023291765789123
0.19806463152191564
0.19999974882376076
0.1967964521675405
0.1954420199131192
0.1987660301493755
0.20702052791767422
0.21571510107911293
0.22161784163723516
0.2263884041442785
0.22515595998714197
0.22466844031657565
0.22657936249669103
0.2321212868401066
0.23863244756379573
0.24008413166456935
0.23794968854255166
0.23412079593892157
0.23525329407704
0.235441183427692
0.23751459996483626
0.2470730145810506
0.25928298873550876
0.2700653714434377
0.2764676587480921
0.28023506942121773
0.28382862175452994
0.28976836920088334
0.2943195552613602
0.29381898247570115
0.299272279479163
0.30409703693516527
0.30898284487366257
0.31305828129217417
0.3165593025881586
0.3168047538593994
0.318834363293368
0.32353436386021706
0.3264667165067907
0.32776575419798887
0.3241393295290634
0.31702781673376157
0.31093235972757827
0.3034580283100743
0.2915220037564171
0.2801605166152758
0.2690752272942867
0.26399343533023617
0.2638404501132576
0.26158628946711504
0.25586168020784733
0.2517036196696463
0.24306982260050497
0.23849630525782775
0.23872964631164295
0.2361309192501292
0.23820377655806133
0.23580149356691724
0.2309089320636624
0.2274295934840581
0.22021492884774102
0.21543532672337637
0.20992420428191577
0.20378401133313723
0.20228069122728803
0.1982429886746403
0.19419325983061952
0.18934032558891983
0.18437134679300463
0.18290227791357677
0.18065778133345056
0.17839054408184507
0.178489979086663
0.17655871921030564
0.17213947799159487
0.16539638760162356
0.1632553059964001
0.16277648204832704
0.16218496829479429
0.1605444000243628
0.15517501125209174
0.14637844187098747
0.1369539911962609
0.12751666718478175
0.11959856493759073
0.11206690648150636
0.10678617697272502
0.10293059362937601
0.10391221106455674
0.10745872818268958
0.11020882504623278
0.11328403485338479
0.11393665251482789
0.11567931924883985
0.12039824165768967
0.12772211453903878
0.13366909177436648
0.14025691596592355
0.14972092882432955
0.1589295422564935
0.16667224867754793
0.1699226705844064
0.17365358591352548
0.18025404629480876
0.18997699926952394
0.19845746275010961
0.2072106943402242
0.21894914134374144
0.22961297515050996
0.24126967706844415
0.24821587642630863
0.25738355251865896
0.26557625977364335
0.2748625549531783
0.2831978747298777
0.29809739355425546
0.31082576710461907
0.3262533014399378
0.3386227613913688
0.3546719986172278
0.36699681707285137
0.38094829716736156
0.3896785282759733
0.3978228131208249
0.4043208505478869
0.4034501449462562
0.40175401573163483
0.3991430718573652
0.39272931172390135
0.38788790119820105
0.3871244384319712
0.38662560046774697
0.3844853286115952
0.38504671185285544
0.38164051575734864
0.38217287836668795
0.38265908570826285
0.37921263959432217
0.37779240810623926
0.3789440513289229
0.3775853166352187
0.3751145021535803
0.37092811622968036
0.36411467692407384
0.35287606238365454
0.3447683872066335
0.34196965235153876
0.3396308111444651
0.33541674057540155
0.3278776867198409
0.3191792123206189
0.30986721289038305
0.2960857564585254
0.2841821377545925
0.26699348116663596
0.2560417133774038
0.25282945309494637
0.24527484102286215
0.2374432146197282
0.2337777576993804
0.22713161964390502
0.22220446153986473
0.22124695789559937
0.22592727561938394
0.2263724232155609
0.23053767673473027
0.23209176173296428
0.2320911143275012
0.2348166292936689
0.23799327909940374
0.23745950631891724
0.2412079579999246
0.24467758482555949
0.2526231168175478
0.25593467634067435
0.2654434740292548
0.2761419291759373
0.28141836730616304
0.2826304851820925
0.28832143179614467
0.28790652149295204
0.2895966013224315
0.2924796111129507
0.29026476672185986
0.29049229779984315
0.2964399182377228
0.3028170963932794
0.30589830877941543
0.30745575162109
0.3089259609977507
0.31511913896675875
0.3169144512551314
0.32099363654565666
0.32443547702377074
0.32722429316389773
0.32905506068500634
0.3318111618573111
0.3322382480254024
0.33440290764556974
0.3340795088560043
0.33058938895245493
0.3253350128563349
0.3153151297838915
0.3094220013846828
0.3034862173856304
0.29615412989070083
0.292700010119256
0.2884320279313266
0.28631993973911635
0.2864635076705002
0.28592410884406827
0.2860465489471905
0.28382541853927873
0.2816957967988216
0.2789147352814527
0.27636907190701376
0.2722317400232882
0.2638531017582125
0.25650077092617446
0.24680407835854665
0.23986795376839554
0.2321071522617827
0.22510291251148393
0.2192038227372926
0.214398471986858
0.21246196946122933
0.20902422233385035
0.20044329200722943
0.19927396696295976
0.20098180660186926
0.20438091218920043
0.20751885452370422
0.21168819249226695
0.21156374902427003
0.21156925814667335
0.21048840032272018
0.20994247933581167
0.20517562925792182
0.20056125371103306
0.19805065528946306
0.19857235396807718
0.1997612568040467
0.19933774747952088
0.19629894468047154
0.19759926087468652
0.19696254298815077
0.19968793691452894
0.20040581900561683
0.19977107183748988
0.19834522613751407
0.19734775122492754
0.20039257184116063
0.20430695809909857
0.20290118454124487
0.19898721363531685
0.19194194960169111
0.1895312898936821
0.1857648397909283
0.18030613979683074
0.17501514395634168
0.167549029942077
0.16162409039331416
0.15388245642835846
0.13947376040467238
0.1275733236690276
0.11980095078861874
0.11184674797230079
0.10319878326280021
0.1002210654129735
0.09453771491490928
