1.0
0.9996364444444444
0.9993008506890932
0.9987457871850891
0.9979559278801179
0.9967615516475844
0.9955446897426887
0.9939604124626116
0.9922314962724943
0.9902517131148703
0.9881512212638877
0.9859232095287901
0.9836442915227168
0.9812193297707452
0.978909706763735
0.9765214439176054
0.9743251302686334
0.9720367290723161
0.9698516735584817
0.9675350007095176
0.9653089594423154
0.9629804090731716
0.9606483925287055
0.9580854129457793
0.9553824237668288
0.9526177439111434
0.9499159558074322
0.9473749566867963
0.9448863457222122
0.942172068302584
0.9395816189961435
0.9368634180931114
0.9340819787493455
0.9313884140396295
0.9288996774135241
0.9265404500705031
0.9241897671355056
0.9215447384949459
0.9187201335519294
0.91603334831338
0.9133910773867169
0.9107596914750207
0.9080709668688912
0.9054061350690624
0.9028713808353735
0.9005779252660618
0.8982422513032582
0.8958302456347372
0.8936907564837272
0.8914835913922778
0.889116450175221
0.8867698569105269
0.8845031659881719
0.8820670509704462
0.8797587059474121
0.8771310258119481
0.874289149774889
0.8714598133454878
0.8684912459252373
0.8656250342401277
0.8628381362121075
0.8600147475266633
0.8572303595560551
0.8543484266505378
0.8518257714542785
0.84913577119614
0.846483939916839
0.843851947024221
0.8413303823904985
0.8389568217608819
0.8364543460725252
0.8339501354856117
0.8313465103497766
0.828958828452017
0.8264212166596782
0.8239516547477657
0.8214624586648501
0.818901620615808
0.8163194726873988
0.8137028372725101
0.8113192948043485
0.8089567354144211
0.8067084656545489
0.8044074446118876
0.8019707081184417
0.7997204725114896
0.7977483953890119
0.7957815768198908
0.7940249181923741
0.7921959336172066
0.790455569722835
0.78867897888123
0.7868195191447176
0.7849103769307391
0.782869139816163
0.7808583821749336
0.7786113027690875
0.7763738285962384
0.7741694653715177
0.7720329748540322
0.7700810789577203
0.7681239027311337
0.7661576631584518
0.7640976750764937
0.7620212400032249
0.7599382940872609
0.7574638930780817
0.7548531431156089
0.7521783421641944
0.7496222208815368
0.7472106176400284
0.7448744476326684
0.7425544057489828
0.74034308947832
0.7381702910716639
0.7360789033935168
0.7339051995800246
0.7317602213633627
0.729350483407101
0.7270682440858598
0.7247786838675782
0.7223826061157568
0.7201095948910983
0.7178139812212861
0.7154753778952161
0.7132256642624151
0.7109700772403473
0.708732163774166
0.7065866493251844
0.7043251946186384
0.7020739636419087
0.7000479094659011
0.6979545752744473
0.695840955310481
0.6937831899487654
0.6916827505456795
0.6898309377829361
0.6879769647543457
0.6860669376507923
0.6841278917042113
0.682229966454207
0.6804092357941119
0.6788297835829478
0.6773772930020796
0.6757041957154407
0.6738833781825723
0.6720187230384661
0.6701200730046705
0.6680115742123924
0.6657497085951474
0.6636561099868477
0.6614075461842314
0.6591330414919904
0.6566819687580367
0.6543040792994658
0.6519719887877907
0.6496323276050547
0.6474452840337545
0.6456646628245151
0.6437374336666091
0.6417243710689693
0.6399047476790372
0.6380686912693586
0.636145290800467
0.6340221773113482
0.6319104804080588
0.6297463123799669
0.6276891609617719
0.6259299844481345
0.6239566834260292
0.6220756511858697
0.6200689795349839
0.6180412818019376
0.6158750631600103
0.6138181602159352
0.6121076366010569
0.6104892219440361
0.608844284334134
0.6071629043694797
0.6055901081913828
0.6041117273923384
0.6025790092709725
0.6009192086304213
0.5991897153310689
0.5975949833488062
0.596108603269052
0.5947503902207752
0.5934015897605236
0.5921839391219927
0.5909526115029173
0.5896734531683518
0.5882425933608697
0.5865334002005498
0.5850597785012834
0.5834901637166187
0.5819876421502792
0.5807336091505942
0.579450956458112
0.5780289869884226
0.5765560285502077
0.5750124467720511
0.5735777128407377
0.5720472966154546
0.5707166942140293
0.5693732531367979
0.5681193511149984
0.5667902808240745
0.5650831715166053
0.5635388406800789
0.5621475327115949
0.5606983004227288
0.5592236877974763
0.5577527384588988
0.5562458665869427
0.5547904691375293
0.5533839221648303
0.5520420254692772
0.550734767959718
0.5494598669080261
0.5481423709542138
0.5469130505462857
0.5455788103247096
0.5442664354337252
0.5429822404639986
0.54177085260773
0.5405455289588745
0.5389433609093749
0.537260977012076
0.5354904096415243
0.5337897033676382
0.5321158987478929
0.530393121218923
0.5286167917798038
0.5266269773888084
0.5245155252993572
0.5225877041468734
0.521099824206276
0.5194661759688443
0.5179893535748018
0.5163480703252002
0.5149756182521217
0.5135294703910818
0.512123149606671
0.5107101575006876
0.5092551630651387
0.5079464135684317
0.506627207527129
0.5051333659330911
0.5035571119837419
0.5021203250207694
0.5006955872267725
