0.0
0.0
0.0030709825714703336
0.0034023460707191906
-0.026940158780758765
-0.064332886813114
-0.08665355737111519
-0.103448544778445
-0.10888922558387468
-0.11947633810311371
-0.12851403984282103
-0.15470340592523282
-0.19438888230958518
-0.2257279106932078
-0.23379359324528828
-0.23281330403402023
-0.25120503066766897
-0.27093778295144605
-0.27518032033308354
-0.2635986631171992
-0.24878776521754795
-0.2402932490905161
-0.22561503498837096
-0.22218173425900006
-0.22060996173973638
-0.22216259572681554
-0.23912519834200105
-0.2332281250227725
-0.23841917080181974
-0.2428593505801048
-0.2653269922675052
-0.2838771535805192
-0.30857666055864547
-0.3161324838997314
-0.320615963744429
-0.3269594281501302
-0.32857623823943233
-0.32197882819998763
-0.3017640374547789
-0.2690253700087745
-0.2368684214595797
-0.18731551420489456
-0.14978273872547326
-0.11669418817573093
-0.08191178482910427
-0.058530405653592216
-0.04004273246469047
-0.04044780190502461
-0.04746083440731892
-0.06583143525942828
-0.0777940940030342
-0.07703129280490868
-0.07120961850571951
-0.05731804405896942
-0.02697408344199154
-0.003673666261813969
-0.0027474632225908883
-0.009338796799730232
0.013642171982809223
0.01286641193155316
8.428182235409136e-05
-0.013712035584011585
-0.028842488199611424
-0.058601344952479595
-0.10651768936715805
-0.12846560773061222
-0.1364065901438173
-0.1594936103872193
-0.1860689410613494
-0.20581884244592052
-0.18793650356486713
-0.17504734873346592
-0.15175515586497715
-0.1269289243324225
-0.10563840572497746
-0.09206294855846422
-0.08172220338987934
-0.08292390592231566
-0.08421342269060852
-0.08873113385226056
-0.07590531366283891
-0.06271062759166571
-0.04078392510751114
-0.00681210525813597
0.025110906227030667
0.06905046482323451
0.10138389817890983
0.12399193034972522
0.15037279925576613
0.17945501240042225
0.2002778025768523
0.22472942897999287
0.23694458578462788
0.23142819962649616
0.2344507798659257
0.2567082052248128
0.28670081312256385
0.3237866556159787
0.37057319022982155
0.3833643571058656
0.4037268591483818
0.40990867108235224
0.4214633028796286
0.4466145777081335
0.4497731982456338
0.4509604975430663
0.4695512636376736
0.4965764586825076
0.5126108298707805
0.536580234077695
0.5545059183602099
0.5547917637615265
0.5474334670221482
0.537096219543865
0.5216056953285779
0.5066589297711228
0.4906587430744787
0.48365060165086377
0.4761430777544898
0.4833930476611755
0.503245065942446
0.5298248451938755
0.5377456517816082
0.543729082740712
0.5667009199996935
0.5722226567651164
0.5618741359725299
0.5523515238226483
0.5369610683787027
0.5250821335556894
0.5505017070336449
0.5640700812603175
0.561361683716634
0.5604136478874744
0.5542451832740081
0.533231262167778
0.5176796951456951
0.49642627038400067
0.47008508400739857
0.4185086160305572
0.3661888028822512
0.3157828527146973
0.27839685658445823
0.2725085704835938
0.26298679666282654
0.2589910560485412
0.2662229713640625
0.2820778232826896
0.30422809323376365
0.3247525212715334
0.3517232822463627
0.3749482168383013
0.40416831480472365
0.42756420966712794
0.4723187176215699
0.5069865677997719
0.5536330053469021
0.582053793098294
0.6178783370580065
0.6477041299773579
0.6657157751168097
0.6651732826927391
0.6536470338539304
0.6286440955768704
0.6016638214704195
0.5814902564797364
0.5509702612232049
0.5090068492909415
0.4680562682441477
0.46183071566168427
0.431515439022191
0.41059758847163486
0.3947950207338311
0.38863230389929365
0.3707003713905915
0.35017676515558005
0.3505528107650585
0.34046310301495947
0.3378802650474786
0.3033193559110694
0.2699562568346518
0.23907516250515948
0.20242913349917285
0.15529784242356268
0.1135291272082431
0.08276021153644501
0.052013697105691536
0.01615016715436636
-0.020942281165322263
-0.07164613984858409
-0.12740979299929764
-0.1817342951426983
-0.23133823883507773
-0.27938546526477165
-0.3206660292180824
-0.34533343210019973
-0.374682205723391
-0.4055865770006217
-0.4432736174283839
-0.4537896683603845
-0.47907256490723826
-0.4934817678767363
-0.5193954773034137
-0.540793589717219
-0.5576485192589024
-0.5700588442150802
-0.5875585130667562
-0.599520960038707
-0.6016269645012774
-0.5977541396803155
-0.5797282310863495
-0.574718848634694
-0.5519648731504734
-0.544960444223956
-0.56152436275224
-0.5514204382122423
-0.5253019444409834
-0.49805199328069444
-0.47475601990228533
-0.4899557176960657
-0.5176863021316935
-0.5443563479080247
-0.5745315588889108
-0.5960845773181698
-0.6019353608480733
-0.5745393368534065
-0.5371511060360048
-0.5167559297732399
-0.5026490551778362
-0.5088356604584027
-0.5206515750250428
-0.5409282386377131
-0.5684450265843999
-0.61075657292104
-0.6457531990412068
-0.6649578067561566
-0.6807257767707391
-0.6877127719652508
-0.6952864802514017
-0.691239447855671
-0.6914793230630207
-0.6851149465672421
-0.6741831739328312
-0.6769330485705302
-0.6883386621253391
-0.7016497090295111
-0.7076598261149587
-0.7034448732946683
-0.7119588778985909
-0.7171016043650964
-0.7309595704961075
-0.7583883328996194
-0.8136840976978087
-0.8842950765804289
-0.9513535422548023
-1.0089108802595224
-1.0608226378610681
-1.0926248746226412
-1.1195768700937871
-1.1407154543120934
-1.1500426559512575
-1.1648753572359802
-1.1735797828344041
-1.1636058905137707
-1.1497043217330039
-1.1355531428617576
-1.105169566703216
-1.0592101489723331
-1.0325447965176044
-1.0048157880123916
-0.9795045131785054
-0.9660666318354125
-0.9546637581795239
-0.9373987749700409
-0.9017454852756548
-0.8721770306422183
-0.8289305195543615
-0.7884070585351839
-0.7765818060289552
-0.7711347168784948
-0.7709386274354514
-0.7656927216501619
-0.7567771890271443
-0.7512612605076023
-0.7465722924955859
-0.7380060931953881
-0.7085287242065386
-0.6920394900676803
-0.6755764629402492
-0.6603646716046839
-0.6397279318612964
-0.6163779803004495
-0.6003017680993373
-0.5698677388187451
-0.5528072351757898
-0.5147927463700691
-0.4751511407750183
-0.42867901527178925
-0.3917325729995884
-0.37728949212767704
-0.3623387392870923
-0.35209680362605844
-0.35819669473190213
-0.36560307769131883
-0.3557739169724716
-0.3599911660536931
-0.39763596914496
-0.4289495433626007
-0.4549667126982774
-0.4835956163166928
-0.5124582332572466
-0.5460892035903772
-0.5809789419721512
-0.60454664893866
-0.6255402964771876
-0.6454392645935121
-0.6575086783005931
-0.6829698727321227
-0.6946269710885572
-0.7127261417335317
-0.7336840434370575
-0.7395843416311796
-0.7593037222893518
-0.7837720227959906
-0.8048420591709949
-0.8110127572240036
-0.8361114533758836
-0.880117802399711
-0.9295262256948399
-0.9988389593377613
-1.0541177111348654
-1.1237339177010852
-1.1890021074136472
-1.243059897550579
-1.3038901616115683
-1.3772948177398454
-1.4464453984628272
-1.5056916066256996
-1.5866626804673014
-1.6633273142966558
-1.7267993627013198
-1.8007876668522382
-1.8644852797267812
-1.9009944445533558
-1.9332125261709447
-1.9539874589122916
-1.9725977206781415
-1.9996637010404479
-2.022396928464951
-2.0146874035998033
-2.0083763360912767
-1.9946468186580066
-1.9812075501034907
-1.9746142636955077
-1.9669018857636869
-1.9683532171842422
-1.955493589801132
-1.9384556732886244
-1.9380376116409568
-1.9349304418402344
-1.9222427095598436
-1.9112515864286876
-1.88389116871405
-1.8433226390128132
-1.8052815513400142
-1.7723881396251275
-1.745641333395363
-1.7443100640311409
-1.7341726470823016
-1.7199597001607054
-1.698892474662368
-1.6692979819856004
-1.636473635920076
-1.6074904288376684
-1.5742566116933383
-1.526165491898799
-1.4675094146364922
-1.4454586571697912
-1.4186637407801073
-1.409410625503394
-1.3918920615081487
-1.3773018657423426
-1.363594897268062
-1.346597065756134
-1.3258138324855164
-1.2912353472531721
-1.2364878745500054
-1.1604993181061536
-1.1026807739130364
-1.0640820114194216
-1.0513130813605025
-1.0581889211202873
-1.0698349057537802
-1.0839395637536617
-1.0796251734439488
-1.0728102949090483
-1.0704028234145013
-1.07580103694981
-1.0760355271793567
-1.0606141210677764
-1.0580225583571148
-1.0480043971572064
-1.0518385559305328
-1.0548827509739818
-1.0539972347097617
-1.0448317761636075
-1.0348414366052985
-1.0028633526012514
-0.9718630398167228
-0.9364206337953018
-0.905419928887407
-0.9037698986746848
-0.8969352767305349
-0.8992036980402544
-0.8959498751798345
-0.8718268841282414
-0.8528115190917652
-0.8424113570335541
-0.8275170485924532
-0.8110232628830563
-0.8110560741022463
-0.8155256655715314
-0.8357553446631163
-0.8471215954212573
-0.8229367449328352
-0.7684833279979784
-0.7040319429901943
-0.6467658755051019
-0.6008243112943803
-0.5702742868744684
-0.5524869172732165
-0.5410837920924034
-0.5606066059912806
-0.5546403655537642
-0.5576322008587952
-0.5704367311574462
-0.5667515800448332
-0.5587866741905393
-0.5468770522232262
-0.5298991919623288
-0.4943690303802676
-0.45372912522849473
-0.4162114335383281
-0.39176632946054757
-0.37315949947381793
-0.3589659347702804
-0.3495213992141635
-0.3275338285914109
-0.315047767607985
-0.3035570900519708
-0.3042792577251803
-0.3231907526579201
-0.3506686129300046
-0.38095615676942
-0.4121872405823108
-0.4472649828648273
-0.49036459142592403
-0.5403180221804816
-0.5795921821296438
-0.6218694632386235
-0.6772269193385447
-0.7387236014477485
-0.7956128046566405
-0.8501481226277442
-0.8966340520367339
-0.9324500165920963
-0.9669080773365453
-1.0225736692655039
-1.074790121461621
-1.115241486851611
-1.149727786361711
-1.1678756166533102
-1.1753525650217944
-1.1853295790073046
-1.196488729484303
-1.2202813908596686
-1.213959216839551
-1.2101990854437996
-1.2035930506814283
-1.186542600871889
-1.152272791423193
-1.1221563503388439
-1.1022945960502164
-1.0891676319742984
-1.0658065294817687
-1.0458096701903057
-1.0385934268236123
-1.0367857079707496
-1.028714105442885
-1.0113083087872032
-0.9876197722720311
-0.9708368831245828
-0.9741708286560399
-0.9847550111260436
-0.988929003163141
-1.0157021361341714
-1.0348549825189595
-1.0468715582779196
-1.0587994652339714
-1.0761513220081969
-1.094494765667001
-1.1258489000933232
-1.1508305537991455
-1.162632595318342
-1.163430425673618
-1.1382205199494744
-1.1136460707779046
-1.0932208391811307
-1.070840005997001
-1.0371896217087548
-1.0026619064585254
-0.9721481671670628
-0.9651323851501007
-0.9614642460672036
-0.9690579250306545
-0.9641110209314009
-0.9786704552418108
-0.9692021816832956
-0.9600982261127914
-0.9515284926349237
-0.9350670815277177
-0.919848892731107
-0.9102784519909536
-0.8887099767845953
-0.8739393886468015
-0.8602664500305799
-0.8392002560524969
-0.8268349080695973
-0.8096077308366942
-0.7934391747276004
-0.7651202327203551
-0.7428655909708383
-0.7263870383220706
-0.7184701624271381
-0.712854560211792
-0.7069682027446044
-0.6678924902303105
-0.632492776156566
-0.607916550849366
-0.5924897353894606
-0.5561887469169975
-0.52372793904038
-0.49201854372720727
-0.47220221016256236
-0.4576572350321506
-0.4428700264439116
-0.42614600306533834
-0.4347822047802103
-0.44511516355995023
-0.43975652110745195
-0.44014446849460914
