0.0
0.0
0.0007580084814158958
-0.0077612286462173975
-0.01573600331295199
-0.030251143482035992
-0.02577738521157935
-0.025691796729045813
-0.020550850350703122
-0.016667923704686928
-0.019984541194578775
-0.023531530007081476
-0.02051189419924403
-0.014275776264201203
-0.0013462187671953868
0.012263542154205533
0.017431565550370787
0.03104273719377747
0.04810643741748338
0.06202732118819121
0.07197588016713033
0.07881133700969502
0.08111535191818378
0.0853112076822429
0.08770812242370438
0.09720836402685673
0.10367361659333757
0.10566777274038705
0.11302353241710483
0.11489694040604427
0.11673809759633383
0.11158609838452362
0.09720241216493022
0.07547916338470281
0.06342407356035956
0.05765418911706979
0.05494064095132493
0.04750719110574124
0.041385989902972556
0.05271332257459634
0.06158671101258131
0.07022490392502985
0.08542752513557532
0.09065149063613555
0.11138021786169677
0.13440156216649157
0.15405442266574984
0.17386694514054402
0.19610861714271105
0.21383712578690262
0.2180210790313295
0.2240202125696121
0.21828770260885422
0.2155416290992219
0.21118311365473905
0.1999403181139166
0.1921045713550674
0.17688217950754684
0.1616890837807882
0.15324400108429753
0.13843137853252319
0.10745250657455199
0.08202643093217532
0.06722334665742569
0.04363608750680784
0.02093782102835888
-0.006199933452754228
-0.02460104507988762
-0.04131634184234685
-0.05192644962327636
-0.05674657340293397
-0.060880784456524596
-0.06513188563532865
-0.07262572384994005
-0.07258374805623094
-0.07543072511486928
-0.0673702872389493
-0.05742898594150608
-0.03793072649463605
-0.01714462773473963
-0.0010399811786395395
0.00766834662790189
0.015029676874099313
0.023827366906402563
0.030516390979541654
0.029270887642415436
0.03167668127349213
0.018147875293137085
0.003830276208188311
-0.011847977282818382
-0.033412283284900146
-0.0567537358199354
-0.07636597893451427
-0.09330246257591575
-0.1137361443327165
-0.1298862928304677
-0.13737049876307492
-0.1415224451582012
-0.1380775530277872
-0.12966614705208215
-0.13461057026587084
-0.14120935181964098
-0.14093478548561492
-0.14290051784306318
-0.14754895272339258
-0.15989032625899993
-0.1634805825402258
-0.17527903913000034
-0.18869916378994095
-0.19574301810015302
-0.19970326533957844
