1.0
0.9997272708333333
0.9994995432599753
0.9989498067897326
0.9980682240381166
0.9969266340818153
0.9958179498077415
0.9945888689303111
0.9932123378292269
0.9915944158267892
0.9898484164904916
0.9881638694000503
0.9866237240659639
0.9849880578038263
0.9833177345754419
0.9816612946663436
0.9798432158468434
0.977880829355009
0.9758127058512319
0.9737308944151982
0.9716682817774503
0.9695762860291415
0.9675945709980045
0.9656896508124893
0.9637865270647968
0.9619779553607132
0.9602126117779873
0.9584580940433164
0.9566269984193005
0.9549310943389645
0.9531892924566098
0.9514369578493763
0.9498288147771781
0.9482486260479103
0.9466249098537975
0.9449349340535911
0.943152064542777
0.9414524113355427
0.9398990599748419
0.9382323152963475
0.9364379813548817
0.9345312896351106
0.9325398036791986
0.9306959523280153
0.9287903243125226
0.9267287308916958
0.9247129575561625
0.9227302054036787
0.9207864515466903
0.9187214056775951
0.9166045018528708
0.9146258158909409
0.9126262037881306
0.9106542788842644
0.9086449912007544
0.906578989738047
0.9045209279085791
0.9022991912780463
0.9001730822891045
0.8980929198974869
0.8962378126296032
0.8943030674776276
0.8923303923836778
0.8904795662512746
0.8886019140628021
0.8866756495748629
0.8846544869888082
0.8825180863100177
0.8803742502218258
0.8784053349735789
0.8764029620553422
0.8745428280793673
0.8726587771405715
0.870678860372663
0.8688945373914285
0.8669612926646943
0.8650468945649128
0.8632177687526997
0.8613164680192849
0.8595300933025073
0.85768272581729
0.8560174506038059
0.8544363401806092
0.8529180828498867
0.8512976006099331
0.8495312711311547
0.8476868190485721
0.8457317312713919
0.8439728923668292
0.8423416423472303
0.8406685508238588
0.8389355500848045
0.8373075566765619
0.8356526978740936
0.8340255289974279
0.8324200499172767
0.8308840363277772
0.8291234025925646
0.8274300077574627
0.8257577533876798
0.8241868873440902
0.8224971118613374
0.820762968869203
0.819271216989937
0.8178603487806062
0.8163298061687662
0.8145893220820775
0.8128277638893733
0.8111195355463996
0.8094468517178001
0.8079602514070666
0.8065963424224308
0.8049215254834124
0.8032943226859635
0.8016469375682628
0.7999686726579717
0.7983790017900945
0.7969510658365406
0.7955864086609965
0.7943852578725067
0.7930398535114486
0.7915417186236084
0.7900381798695276
0.7886447257884635
0.7872853631575825
0.7856469607169162
0.7838475291866362
0.7818855515465614
0.7801158664792933
0.7784993595842467
0.7767312896516382
0.7751031456037536
0.7735847293457931
0.7719232007623859
0.7701357574033879
0.7682811174737535
0.7665178419516734
0.7648917561358112
0.7631558585245966
0.7614744236952213
0.7595688360222697
0.7577037064994588
0.7559010337965015
0.7540957259075788
0.75235886334887
0.7505417205316182
0.7486559728786428
0.7467730725482936
0.7450135529255977
0.7431768466513571
0.7413320369772748
0.7396076240754025
0.7378281945084398
0.736036227603852
0.7344309381906864
0.7328545633022083
0.7314353877479733
0.7298882849210347
0.7282560804020982
0.7267275149400231
0.7251998806291203
0.7236373487948856
0.7221104421853616
0.7207292018680331
0.7193742053157487
0.7181447386353181
0.7170047528548056
0.7157690649918378
0.7145647639085058
0.7133552391318619
0.7122008251666055
0.7108152211410605
0.7092010922119661
0.7075715440887134
0.7059972942413482
0.7045134593931827
0.7030148983868825
0.7015486025276041
0.6999945635927907
0.6985224920713777
0.6971835947579175
0.6957354780113807
0.6941916696364642
0.6927309032389751
0.691325428322796
0.6898782664142571
0.6885944064275961
0.6870936138871356
0.6857258168042045
0.684429773533737
0.6831652953979822
0.6817071375147393
0.6802805395110179
0.6789179052363195
0.6775842675935817
0.6761804893921299
0.6747667878788122
0.6734488786138918
0.6718669094147681
0.6703877679491395
0.6689586274694649
0.6674184915021288
0.665756219652961
0.664073769494485
0.6624024847879607
0.6607611631247485
0.6591508664060616
0.6576716225656666
0.6563783732899151
0.6550709302217219
0.6537436940708434
0.6525369165926131
0.6513413679033895
0.6502576843982358
0.6492278732368707
0.6483133158571168
0.6473974580444781
0.6463244374740567
0.64523434903543
0.6441161382576382
0.6428999751414669
0.6417109658423295
0.6405073044328732
0.6393909500957446
0.6383207894708124
0.6373387051096917
0.6364006762009012
0.6353782955342187
0.6343384632284438
0.6333496839504482
0.6323941287113014
0.6312972149454957
0.6301187958716524
0.6289853263650461
0.6278408824322889
0.6268117820862723
0.6257883579726118
0.624760247346635
0.6238791473309403
0.622998712081041
0.6221230416524252
0.6211279626596176
0.6199287934793807
0.618738571645561
0.6176526823004002
0.6164590711480468
0.6151529507665524
0.6136961378192624
0.6122760998179311
0.6109292431718356
0.6094140033858041
