0.15709632464698942
0.1603192218459686
0.16299380474485917
0.16517510766538887
0.1660686975257116
0.16907256721343478
0.17218966055548574
0.17623874609116702
0.181757785867105
0.18785735310868318
0.1942503780431687
0.20006535051658386
0.20569840967067518
0.21195527046575144
0.21949132338770333
0.22687119860326235
0.2346440720374511
0.24201375090286528
0.24855395157003893
0.25463417490356777
0.26044886705732345
0.2671201563695001
0.27320245322633385
0.27825112222172865
0.28455791864669416
0.28868321148831094
0.2902708079285309
0.2909613747454613
0.29201518556284206
0.2942199977152158
0.29670869071229944
0.2993367316992135
0.30120309393869443
0.30465582328392155
0.30642263222006355
0.3068093230669514
0.3064829105370289
0.3046403205005791
0.30278188957493224
0.2985283338366521
0.29327780969818723
0.28865564125471965
0.28340619428171204
0.2782667751187312
0.2724472421053282
0.26730509768472255
0.2617605311612095
0.2568754762175156
0.2524062369679385
0.24742822589257768
0.24158366656573668
0.23621897840976372
0.23136075217344634
0.22571043338968774
0.2222709445984646
0.21870780617002158
0.21392787791526094
0.20778635710867602
0.20100321024887757
0.19515496946555644
0.19002862273760818
0.18583801947009368
0.18109574511934687
0.1765545790224185
0.17210547151503305
0.16904436630333383
0.16689674627773227
0.1664611526592479
0.166635715349184
0.16816045148242847
0.16977229593254659
0.17063380181237883
0.17241652781583963
0.17272100677666655
0.17236370236198664
0.17404243468475541
0.17584127566215568
0.17869408713667084
0.1815054259591447
0.1836936624852303
0.18673033149539553
0.18843527658675738
0.1926294835205316
0.19700661926485508
0.20249550768528538
0.20817149691126535
0.21440465476133957
0.22187370307366722
0.22799176171242103
0.23341520918783695
0.23848399574969287
0.24301695875661547
0.24711655546615233
0.2498650517175427
0.251855714408743
0.25161317694418206
0.24994226399566452
0.24736106775610003
0.24460761527713382
0.24169617945280125
0.237381659802969
0.232974242113346
0.2288991371973973
0.22302176236648646
0.21770689025073278
0.21294786580560535
0.2086637548194671
0.20394137183001013
0.1992181312318537
0.19296589277925832
0.18690543147429203
0.17977250762041472
0.17131721328172844
0.16348972662110411
0.1551809753462553
0.14590399926708153
0.1344245502113461
0.1231185677184241
0.11184156749892891
0.10095920167041063
0.09123931064906109
0.08297713814986866
0.07454933292545439
0.06479877711034107
0.05501311900426796
0.04448921091253737
0.03522244798094852
0.028147486739555895
0.02281173417479873
0.017273978905600382
0.013565621520200119
0.008582378412915335
0.004526593109416861
0.0016121035600587313
-8.4363837878524e-05
-0.0015260855426710218
-0.002922752051861157
-0.00337419759781645
-0.002231828958476014
0.0007173544740200397
0.004306544416638705
0.008942876027505124
0.014112071708778358
0.019501720217725192
0.025187372483985695
0.02943160642989187
0.03366420247293036
0.03891926577889378
0.044323334301031164
0.04836316429277297
0.05314674459473247
0.057295111079810584
0.060115973151393436
0.06386743075960709
0.06722826058395702
0.07056733295828209
0.0741065641296222
0.07654223878332332
0.07995471413522978
0.08373209823194283
0.08702773831933092
0.09044914456804719
0.09297319736223102
0.09485988587453323
0.09592318034810396
0.09487293677597637
0.09310428477348481
0.09173844175992181
0.09004711616134524
0.0878279718761981
0.08456221265513754
0.08106618207354713
0.07814182506664583
0.07394528648821286
0.06953521288631857
0.0676508354581517
0.06485696145527306
0.062467632013098906
0.05869622555656308
0.05260302236855611
0.04723283520391706
0.042616619245369664
0.0392065952358392
0.035882793402644796
0.03393067983828332
0.030543265008980185
0.025734212001200758
0.01970863705908942
0.01365142244261768
0.008455701269104755
0.004042788941676345
0.0006387254604281762
-0.0019311582935613268
-0.004492159937861536
-0.007272041102816242
-0.00865521317159919
-0.009437351101041517
-0.00972454411749492
-0.00938186911982007
-0.0077725095733075615
-0.004572336714227706
-3.163824811316159e-05
0.007277497166962271
0.015013756662489932
0.021132179616272076
0.02626583873301959
0.03185778182318287
0.03561673796835592
0.04084456054221455
0.04777283931851326
0.055341513674786846
0.061629845486868326
0.06722444508217514
0.07281485971794797
0.07941495251808406
0.08484216321532269
0.09118044195610367
0.09719951666722008
0.10439833876164929
0.1096742266213383
0.11425650266931843
0.12024629984212985
0.12571476596712183
0.12936699421453343
0.13428407769817294
0.1383395562535001
0.14207701981635032
0.1464533863101462
0.1500000851155779
0.15119256231130548
0.15244612488561635
0.15305502530444584
0.15259372109646382
0.1509828399270947
0.14887698156709406
0.14719900623100418
0.14449439279934578
0.14046200137374446
0.1374533916170611
0.13469443975217282
0.13244966401964636
0.12881470874902176
0.12411693174981725
0.12032507569002854
0.115293806689285
0.11111320287119146
0.1063947072574308
0.10123273247537538
0.0967938620337138
0.09188494287882941
0.08770956586068733
0.08631612857538656
0.0842718589408751
0.08326505420951891
0.08222679695331366
0.08068860425007007
0.07959617767961859
0.07813565297207643
0.07776616752689522
0.07787871197158493
0.07832204278690123
0.07816273841152015
0.07955250751536407
0.08110425734185442
0.08394086084227308
0.08846297798639167
0.09159018551289777
0.0959073344744131
0.09982169614422565
0.1055106379286424
0.11262019305281924
0.1202502835219856
0.12788085275219235
0.13476487720538546
0.14125474108432987
0.14751710952755603
0.15291336802888444
0.15841524649421096
0.16454059952169597
0.17084402386629244
0.17592275635117438
0.180630007946006
0.1840667467584018
0.18808607499540503
0.1915635924105125
0.1954734104048864
0.19852796358658673
0.20008306056643735
0.20100327588377329
0.20040143752316925
0.19932100239989434
0.19539278525994683
0.19025629680061068
0.18579771170965345
0.18094192577753107
0.1762329166807739
0.169850330315651
0.1624982375218162
0.15598582519744977
0.1488250270348172
0.14081641490537
0.13359318648931742
0.12576813738217546
0.11798237236511391
0.10969003364406005
0.10183187242072833
0.09258690391480778
0.08369451579053316
0.07567917348356602
0.0669688029258324
0.059876217501142755
0.05313179414486794
0.04772857924225833
0.04343679773757173
0.03990395033439274
0.03755446195959796
0.03487930747695909
0.032704750063313213
0.030644587100753087
0.02855403268162053
0.025677442162344282
0.024760690186183574
0.024870874614621882
0.026233139636137014
0.02637278007269342
0.027692572048495095
0.028840257125216526
0.029436378338791924
0.030270328955822455
0.03165100828885267
0.03368889161368362
0.03721132188681784
0.04173048307403468
0.04586626628171032
0.05063495987488451
0.054239180074215375
0.058037808777781405
0.06002026876290506
0.06366125761439363
0.06721362705562205
0.07132293509280883
0.07531190663483162
0.07793326451728547
0.0816900527167014
0.08458706973822361
0.08717256348810515
0.09011046444338851
0.09193530051852979
0.09415922765362612
0.09422845735836356
0.09300095567978021
0.0907722206512341
0.08721585221824105
0.08366274360224545
0.07970497560877439
0.07603927825282816
0.07307729396041084
0.06850758790025008
0.06473168646385061
0.058881077283215726
0.053311633890985075
0.047640190584770384
0.04272424048994036
0.036033246153152954
0.029426419457366508
0.02106996281374899
0.01314235424650757
0.005591023575779822
-0.001966937263726173
-0.009561807939408858
-0.015403359356570012
-0.0211010203630121
-0.026716723467813078
-0.031190325547103152
-0.03626214824105967
-0.041171294373518685
-0.047574322630703804
-0.05336878627130381
-0.057235341045713345
-0.058787824950776287
-0.059316107938025595
-0.05990070813569486
-0.05883324375602046
-0.057995338354722654
-0.056005653412281226
-0.05361264271129748
-0.050854454687096054
-0.04909037657919651
-0.046275525894155574
-0.042728634197532915
-0.03935668005804371
-0.03714867392749365
-0.03356264467145056
-0.029137800529857216
-0.025151183865430193
-0.020334815464892846
-0.01428522909574022
-0.007968838794995207
-0.00038000111644510837
0.006689813159223554
0.01525155364611604
0.025163700656100345
0.0350054071374522
0.04548714928597834
0.05649738700811287
0.06621877794899605
0.07381842563473696
0.08015288284493854
0.08525851123673017
0.09091358323287496
0.09580293662834126
0.10035890322036621
0.10408276681391855
0.10759311330399392
0.10925272680352885
0.11039536410678188
0.11042782942429318
0.10855336451262274
0.10502382597988076
0.09988376156427856
0.09500528241662407
0.08910562467313762
0.0825801293468148
0.07569600717947945
0.06891783510745496
0.06219141752844061
0.053835534612375696
0.04648045004610762
0.0396761176713885
0.03374982817502471
0.027996925746782995
0.022203363528486585
0.01611895993431206
0.010077190882321481
0.0031937648937343972
-0.0026879252601357565
-0.008781022849552872
-0.015037610770033011
-0.021853142077837936
-0.028365338983191647
-0.0337414413530981
-0.03928389027998373
-0.044341534617660126
-0.0474902467980352
-0.05065657506239591
-0.05280168693932266
-0.05418969985906191
-0.05461677967762176
-0.054685396424910944
-0.05401557614378241
-0.05287785598587993
-0.05200643802239945
-0.05194458784288248
-0.050426124684851345
-0.048838873633194446
-0.04447590099834852
-0.0401226868268581
-0.035285840381916886
-0.031065555043723075
-0.026068174186234933
-0.02053183347777232
-0.014567507628070912
-0.007457491042332148
0.0002447106749926672
0.00698629954807676
0.011721379085805617
0.015484806905264152
0.01977869904049947
0.025473247295071697
0.0300330045751636
0.03332294900678813
0.03527423935967717
0.03713116445493979
0.03869996646592375
0.04054715310883771
0.04108845616559122
0.038839504188570836
0.03544638950770552
0.030931292781322787
0.026804872346320608
0.023769525341063295
0.0201929523791602
0.016683010406729856
0.014524225744304418
0.011132636772491256
0.0078037408043610135
0.0047615051786046
0.0019224800870109508
-0.0007635717744775903
-0.00445458199221275
-0.009061528584747434
-0.013625167528779583
-0.016724204824592342
-0.020199731324404776
-0.024686334418122305
-0.03093359027226116
-0.03857826739298818
-0.044928482384135264
-0.0505871190848591
-0.0556031238209235
-0.05859374875783228
-0.06110419169737046
-0.06368754961353205
-0.06629205100753732
-0.06935530107136047
-0.0720371344254305
-0.0737408564310029
-0.07421600374047098
-0.0738550411204808
-0.07304777113519985
-0.07107247332037187
-0.06852258148667642
-0.06598146809174422
-0.061242535985820426
-0.05491825606543495
-0.04758890957112001
-0.039318703220865246
-0.031223026563483507
-0.022541515118315914
-0.013126430376798594
-0.003017647322169789
0.00701656482575949
0.01761097325013613
0.026892036249623198
0.03578003913060997
0.0439816671327621
0.05153749621378216
0.059194300357212654
0.0665582434116688
0.07448572142998805
0.08294310575996945
0.09074682497736643
0.09626966069705925
0.10056395721816058
0.1046101348376104
0.10567517027638715
0.10593666684398977
0.10443656846457036
0.10376008647689458
0.10283667103127737
0.10106916272342058
0.09952003136528675
0.09821357443114871
0.09504315789151796
0.0911983245971138
0.08695689599762452
0.08326678076542232
0.07912521182445509
0.07422389262063482
0.06965582790272265
0.06296298745248637
0.056004851199154215
0.04852209670948698
0.04043407902709201
0.03289888581682076
0.024309274375969088
0.017276618038003733
0.010032736988063434
0.0012458690291225639
-0.007604392496285401
-0.015559640482634782
-0.022134597521755936
-0.028788848211678576
-0.034571881965729315
-0.039828034462434464
-0.04589842260176008
-0.05317928368264872
-0.059169692348979536
-0.06416636003519058
-0.06601014274975302
-0.06696304675951993
-0.06798083121721682
-0.06947261582080419
-0.0699699479734764
-0.06956228483725768
-0.0681338505269072
-0.06553786119802915
-0.061266382652675457
-0.055678571180279204
-0.05047448185800034
-0.042787824812131295
-0.03476352919811734
-0.025952341479614536
-0.018475315230887357
-0.012240230213064298
-0.006217388556705708
-0.0009340005516684634
0.004287463005776503
0.00834840846977841
0.015063422944184442
0.021937800896482385
0.027347613938060962
0.03358887056203813
0.040219281289536786
0.045637776354349374
0.051297667733378065
0.05505704278828847
0.059610139145466326
0.06284413405058277
0.06509364372369217
0.06885835601157238
0.07218051941232949
0.07455220969925289
0.07537448295770784
0.0765937448219521
0.07489392209509986
0.07231956127221367
0.0696747751144898
0.06652731428342151
0.0622668124461975
0.05722012930978844
0.0505786768658695
0.04288431400249085
0.03541974856927622
0.028049417138676046
0.02079366264977042
0.013440115093516478
0.005417556272814334
-0.002804299894024446
-0.011128840437574923
-0.018760746726327972
-0.025400175671829506
-0.030881493863967737
-0.03645778932144976
-0.04109367781177243
-0.046522635830027165
-0.05318095720240834
-0.05843159282156493
-0.061758628501544954
-0.06526879634060202
-0.06781812168444093
-0.06949002852010577
-0.07057925822936724
-0.07250449892895976
-0.07447437339621558
-0.07672145895976727
-0.0785752608879928
-0.08049938194811328
-0.08235899419834743
-0.08344585948864344
-0.08250628946330474
-0.07975850942932125
-0.07615528773042063
-0.07353865507132487
-0.07116975120389074
-0.06691420772020143
-0.061819438013178914
-0.055397102915312996
-0.04836097392467388
-0.039749487750752675
-0.030770086114328906
-0.02329398156843073
-0.015588787941887413
-0.010567133944811413
-0.005114140858979675
-0.0002145653805301715
0.004028898583613121
0.007507588727765274
0.011084277924333672
0.015158176044015925
0.01916090924480545
0.023580206217282906
0.025941772942060834
0.02732821661944015
0.030335960969405756
0.03341399960337439
0.03492534286922028
0.03686219553171537
0.03806294354192366
0.03883721831196523
0.03940760069043285
0.040327639628072884
0.04050818708166228
0.039386046903211375
0.036512629679555646
0.03330736480193841
0.02966995000870413
0.02539482700820677
0.021211352832937735
0.01667299107006178
0.012274611664335517
0.007822404286692827
0.0030308369612611708
-0.0029752777298922986
-0.010028808703035966
-0.016962084254599143
-0.021670688258140766
-0.02678528016235425
-0.03203344716200078
-0.037408633720008806
-0.042444704854885676
-0.04817891873854602
-0.05164819094703608
-0.05294503607550871
-0.05261354673195754
-0.05027464324231141
-0.04815912037670114
-0.04653694407929548
-0.04344333621904257
-0.03918030063692098
-0.03460252566195533
-0.03164088738633277
-0.027086899419769467
-0.022244948224096152
-0.016630348725354554
-0.01166571853613563
-0.006150530305014107
-0.000359440868969994
0.0045782144727132875
0.008367209229634787
0.012269271825426796
0.015980474545440333
0.02005315044508058
0.024235156852636133
0.028800658460136932
0.03426853102963213
0.041169848116937094
0.047663920018431935
0.05463396095273525
0.058901170219215614
0.06431160795163607
0.06848106530605481
0.06953170932983047
0.0718854024105176
0.07324948302023328
0.07337582244848562
0.07277768170720957
0.07155896171819849
0.06986659900433675
0.06772398796132456
0.06580826941830958
0.06336861121945103
0.05952939822446839
0.055113002449313
0.05019522120881024
0.04589700307658292
0.0404903028427033
0.03525802397958485
0.028238865926928453
0.021569671034607576
0.01456856189797749
0.007736934351762778
0.0005313863906825289
-0.007126567630133046
-0.014297170940639467
-0.023035672474416992
-0.030380114534661516
-0.0372944886095101
-0.045096678742170104
-0.052557619477748965
-0.05943566459485163
-0.06545381392693915
-0.07021731605463566
-0.07388055834178868
-0.07604399326025427
-0.0775474582785264
-0.08094719257683612
-0.08241365415947058
-0.08261166376689955
-0.08213101424372747
-0.081617894186933
-0.080113893125184
-0.07757752584385393
-0.07412665518535536
-0.07201782389357181
-0.06785489661941267
-0.06426626899870959
-0.05981177826740026
-0.05544301620454764
-0.05098543447930167
-0.04561618029780291
-0.040264373198184086
-0.035949363894374926
-0.03215498831856483
-0.02687974588164483
-0.020681797531575376
-0.015008091043670973
-0.01045283150726628
-0.007848836328952148
-0.007699589540726622
-0.007029593650510249
-0.005936673286680206
-0.003970421802561017
-0.00023261921033043698
0.005030020534363378
0.008790515653193498
0.011843327477988847
0.015853316480604694
0.019712693017889943
0.023113067638882847
0.026519866139290783
0.02990137705115585
0.03195639823929573
0.0333251450347841
0.03360391240364552
0.03173723731003374
0.027971175831570688
0.022659226923973583
0.018045049161290225
0.012594545439468294
0.006892236174033871
-0.0005525657718622847
-0.00706326182339975
-0.011550234981544318
-0.017256174904163958
-0.022495720617178985
-0.026525850308892956
-0.03175029270564709
-0.037165495143522034
-0.042141752435516905
-0.0469413436545473
-0.0507449758690272
-0.05376712216074911
-0.055867220945894566
-0.05785899761168355
-0.06004808322001784
-0.06039339477506415
-0.060481352851454936
-0.0592968296001605
-0.05789299711202403
-0.05613782232424693
-0.05367711904037685
-0.05014087818283437
-0.04561129961265373
-0.040361525037701906
-0.03700564553734414
-0.03352313018581037
-0.02958192680854923
-0.02507556445838644
-0.020550148810089763
-0.01595852825521723
-0.010757097838446594
-0.003048030416915236
0.0031564204350333063
0.009950398897957399
0.016556732772254272
0.023878699415340956
0.03098329626204626
0.038105280814981456
0.044308464923053834
0.04934491982629965
0.05502556555460027
0.06010060219059972
0.06571448345555989
0.06982060962362943
0.07372185502379104
0.0780941433582573
0.08169140052977832
0.08375335333245865
0.08504663907939786
0.08608904343329701
0.08633789497244353
0.08547269596341835
0.08540483019266755
0.0839867694704554
0.08075025794100327
0.07704732496623314
0.07326612137851814
0.07031776270705489
0.06623511915592495
0.06066480208202331
0.05502820024746669
0.04854716926123004
0.043400881570196614
0.039247050980322475
0.034705656947999874
0.030202941534781987
0.02356450670586585
0.017248465724739426
0.011677424627778118
0.004400173353509439
-0.003288806039791279
-0.012092469188467105
-0.02112377109160848
-0.03043023910459987
-0.037879321849095426
-0.045471634728167974
-0.05336838446778668
-0.05902842971919957
-0.06300803864416579
-0.06576649242629845
-0.0695904562518626
-0.07318213701423142
-0.07526643681519839
-0.07686018619354779
-0.07800352673719989
-0.07731430731927474
-0.07664662612626141
-0.07449268388585377
-0.07252602879295969
-0.06965502281503538
-0.06652175819412057
-0.06364532870397817
-0.06101266797020739
-0.057931784620103524
-0.052366850223109294
-0.047046630046682664
-0.040657649033404755
-0.03277031231486919
-0.02396286765406753
-0.014379658483943767
-0.005272189031896104
0.004016336687620026
0.013239780329668178
0.021099984724243598
0.02905823858223472
0.03651017876269911
0.04192742654123309
0.04588818355011478
0.05014883935171495
0.05416923694178587
0.05744450322994973
0.06220751082362276
0.06794111578017646
0.0738082645907407
0.07804207745169664
0.08013002936656577
0.08171434859747323
0.08174441467768688
0.08060523871460828
0.07814821470540755
0.07585319098362177
0.07211113412031327
0.06574841002518027
0.059713416888795716
0.05226610842885289
0.0442731571639031
0.03823231824687543
0.03204108003649776
0.02575332672813016
0.019055394834496385
0.012331781741922676
0.006142582276504974
0.0002968260649225344
-0.006399561477136214
-0.012918444874727042
-0.018559750590582676
-0.023796903306601426
-0.02889201233970154
-0.03347268590533686
-0.038279790709448196
-0.04167937270335923
-0.04534754319972204
-0.04819459824303439
-0.049383361604327755
-0.05138712653217786
-0.05360003941623931
-0.05621260932276301
-0.05690519401170307
-0.056232570113377456
-0.0548902423152159
-0.05390520870002332
-0.05210916495167198
-0.04917239998320774
-0.0464729486582646
-0.04272845472516999
-0.03713813634240895
-0.029875435566241497
-0.02211779524732606
-0.013360728071764966
-0.005101215217603311
0.0021780283512740214
0.00860177168840064
0.016236698079240476
0.023762248874889477
0.034040773442450975
0.04359772179548932
0.051291388635972594
0.05907134893440407
0.06767260432707463
0.07450216730751907
0.08274817887551414
0.08972724202567708
0.0956585080562695
0.10120158843269948
0.10538359430026197
0.11047574048302083
0.11449479365633343
0.11703491401036345
0.11994838631379853
0.12125490112439898
0.12214023143184073
0.12301499810845373
0.12297151430390799
0.12292990050442083
0.12218280843334317
0.12168209582603709
0.12092719351288247
0.12039408616577651
0.11608828273149473
0.11233561508081463
0.10826476199019142
0.1046148430356455
0.10172104659416063
0.09807485068203317
0.09405650843071768
0.09101776894543095
0.08651995702846377
0.08139183078271654
0.07507442076748097
0.06969547347316893
0.06459027356000507
0.05942580229047295
0.053178404257806705
0.04868960840302881
0.04470800663187848
0.04156156241838324
0.03790042954346019
0.03343661500762335
0.029453368655112125
0.024801211591363156
0.022441980632450315
0.019426596699423728
0.0165054071018551
0.013594876187009958
0.010888377549436369
0.010780793199346798
0.01233397746208334
0.013320544729475102
0.015174471364411779
0.01618452934814625
0.018292979151287702
0.01915408962224719
0.02180643992381523
0.023498907874408725
0.026870164470339013
0.03188450279817506
0.03742478619578832
0.04404138334252705
0.05112548673539153
0.05794015924386164
0.06506134750287519
0.07075327028031762
0.07609714007030066
0.08265444658995073
0.08738882983593094
0.09165864550287821
0.09582368889621967
0.09865965367919159
0.10072982609034986
0.10156581472781398
0.10260966939436204
0.10508315457419154
0.10656380692549347
0.10645854744978976
0.10426819024308565
0.10094025432402173
0.09869710595308553
0.09597151726979132
0.09352551306193353
0.09052293899507646
0.08826534582849206
0.08482728098289835
0.08009041653723059
0.07622693773002574
0.0724275212832416
0.06658888089631514
0.06075040013943349
0.05480776341083249
0.04944762035680223
0.04320579902396046
0.03698940603534537
0.030808344480138312
0.02378812833012065
0.018229150246312976
0.01416037514208461
0.010319979003225881
0.006989950896990015
0.0035535862712132785
0.0015912823944139332
-0.0007721464358594506
-0.0023004404576677513
-0.004277681731384061
-0.0077883785357625735
-0.010754053131912293
-0.01409635972260594
-0.017297169170320488
-0.02081774505997948
-0.023482971575678153
-0.025147490303432902
-0.025601326959581817
-0.024803300832770644
-0.023026017148213312
-0.019801716082737186
-0.01467929393992656
-0.009737863705325948
-0.004902642032890515
0.0018547727148450132
0.007598896827548138
0.014992116504151779
0.01887199102875528
0.022644600942991148
0.026555478414570746
0.030087517119475753
0.032528119603208165
0.03408325584767633
0.035731667405391875
0.037909119181018434
0.03958609974900336
0.04134905204184986
0.04314178882996468
0.04570688472456944
0.04747916161613909
0.049054393552493934
0.04956377416866646
0.05040706618048881
0.049428847096087886
0.04788753114333502
0.047650828034381615
0.04695570198655409
0.04452633050090188
0.041634892627951905
0.039029927376091886
0.035493651534838466
0.03246381047918205
0.02692052730195866
0.020893491678629056
0.014691490227712043
0.008832429667172004
0.0017179620019060421
-0.005135574235910602
-0.012499570559795569
-0.021404033923421956
-0.0312176757630228
-0.04101336386523535
-0.05013204728203061
-0.05841801946942811
-0.06489781567793791
-0.07075065561221378
-0.07634188442862956
-0.0826645790938912
-0.0887506083053426
-0.09399996012995823
-0.0986413275996012
-0.10179316884970376
-0.10352892001240253
-0.10459087470814366
-0.10483719374460089
-0.1051085248028921
-0.10496192543039563
-0.10497396287096764
-0.1041478440410876
-0.10147021886226446
-0.09676113185539482
-0.09236169956351241
-0.08684850204091298
-0.08031174661610896
-0.07482557522469667
-0.0670955406465004
-0.05922646456318352
-0.05238443261784867
