0.0
-1.0809989915526839
-2.3324714727137605
-1.3776247666407113
-2.9223902458953135
-3.322561584617372
-2.821890624456472
-3.3740218912269233
-3.583497302293323
-3.605260587178468
-0.7554794886014355
-0.9166731794196477
0.3241001976866891
-0.6027079467404753
0.794416568352455
-0.9161485735096004
-2.291434809480178
-2.5487486705878233
-2.758823780625124
-1.9652673573903998
-1.4093957029480806
-0.12494358550114426
0.7018229317130812
0.2118523275162843
1.982127369121654
2.406626539307587
1.7343686545122365
2.2958425162399463
0.15411938491139354
0.6627656877598918
2.1930538151792747
2.8205955439927024
2.0773404027623297
1.6466248808204862
1.2159904315438905
0.12300267971206758
0.12601834104739496
-1.3734468278277026
-0.31982972942004073
-1.244223170804002
-1.5229507936098512
-1.3279195083144204
-1.1830426206819264
1.0751578822131456
-0.5779839187363935
-0.41343429804202225
-1.0784263873672455
0.3825135037724817
1.6603084847280012
1.4715956189135686
0.8533992009845154
1.6254994447525224
0.9646129183647055
1.7293150564065574
1.922405990523014
3.463794567360897
3.2501996944403206
0.9473924406125105
1.3199017517405602
2.323538038914582
0.9605886081068662
0.8376269381820192
0.35506028027605224
0.7890706598746915
1.3506753983162003
0.7212435827366676
1.370000606149861
2.681869871783232
3.2247065931454637
3.7047219495088997
2.8605269592365588
4.8781539204017985
5.43731010338158
4.82406196201806
3.1698222121047657
3.817661377333737
3.4915987045577728
2.2135551528511845
1.418424302533305
2.6657175261005737
2.82596160713984
1.4750416876161423
0.8626239436245398
-0.07233352198377896
2.309495314949896
1.5154478476696007
1.2511837636512677
1.4722228048091281
2.5646692217957945
2.910298524521714
2.951865008965193
2.3994780343156448
3.863317085762758
2.207994916403247
1.8830016306593993
2.351120666392298
1.590461368938484
1.4996921519922692
3.3332942209115117
2.6420158526092647
3.0865109952981467
1.6672000202777058
1.3469284200550589
2.328656124268838
2.177775584985524
3.1547474802295543
3.8409143773243155
2.237275732316596
1.9684901178913046
3.7335702490403166
2.603939670101992
