0.0
-0.13826430117118466
1.397886837417986
1.0310659855305357
1.700875634502328
2.082423477488355
1.4197653140877635
-0.6272027383069223
-1.1286905502214513
-0.7061883263129425
-2.050554560092467
-2.080955962887742
-3.3078218445043137
-2.8829629963691725
-2.234232854680633
-2.3149573958172556
-0.24442320538960227
-1.2807526833857565
-2.381874667472789
-4.117517095046668
-3.532296980856268
-3.028787705970953
-3.0460971079751493
-3.4809679460016487
-2.0980606186367114
-3.667078927364262
-3.709510136030029
-2.7516986119706845
-1.5657189395496725
-1.7331407112816022
-0.6000594641256889
-0.7358813147482445
-1.8693273238851194
-0.3427533309693849
0.6860504962293987
-0.03134943331127549
1.502750777838262
2.918002583131683
3.4566049885749988
2.82382555889686
0.5632592674299235
0.8625000513157433
0.2581466783211377
-0.2721045954510339
0.07859747295816222
0.5805624260218574
1.490358070728121
1.0176835218534932
-0.5456531625881379
-0.23581523200158172
-0.4510606578231765
-0.8319193233804344
-1.5582866851873982
-1.009480802148981
-0.7424434321266674
-0.7498842311974441
-0.7087500432520146
1.8181732428684354
1.943541999024486
0.5871807765686206
1.28055661584003
0.2469701917029694
-1.1807135081298428
1.1194874930932202
0.4444828036255234
-0.10339541783896022
-0.02711906152228194
0.44697119959061
1.952448369464371
1.4431790049098505
0.07381937331143362
1.3727043713255282
1.4258540029031121
2.071415259273174
0.5537039214609987
0.7978440815367505
1.0683825980590163
1.1991973195392824
0.3711823878387902
0.8101395700997209
1.390219114279596
2.0459152315295057
1.0318538415232958
1.3478363446653923
3.1180043604240337
2.069867165480968
1.0596455810712164
1.3025822955666875
2.0086366520681525
3.274218493106094
5.686634125702401
4.2933049065717706
4.372768792637247
4.676891153309923
4.165995227694296
2.262277845432653
2.9110777654798263
1.396429091342779
1.656946358209854
1.6612429357611953
0.3685752109714877
0.902473348120189
1.8786278117848871
0.7705200664802415
1.2193571463824444
4.964520275829599
5.637156530562918
5.762500935172429
5.9843486129053804
5.190181593972508
4.790923169807484
