0.0
-0.12613641460642458
0.8145402706388719
0.2702556512854169
0.7336375479236714
1.7198717001051302
1.8152010769784253
2.52926471369774
2.1571697880493153
2.4481853088503285
0.9437322281131184
0.9665081942270501
2.1509794582840422
2.3664683916524076
1.8348302338443891
3.0369482607055946
2.433636171354947
1.7752246389348834
1.8223708329489046
1.1027061966997727
0.499459605665977
1.4305347994397017
0.8668272855603744
1.0584836690018566
1.6063698061788694
2.1575466951160744
1.628709621408651
0.37418858979276415
-1.686139489370107
-0.8852163879433521
-1.3207056800373222
-1.2732641943747203
-1.3231537569873306
-2.2387828687809117
-2.1944917547806924
-2.0029531867810006
-1.6061260964582613
-2.468167920065504
-2.0594402639658282
-1.934278339576415
-1.9483861170078915
-0.8927853017619353
0.01466975294993711
0.6109289210034321
0.6884478671874357
1.234342514148707
-0.5857131427204743
-1.7647715316337234
-1.61320926099708
-2.0804415524515165
-0.16466038001067052
-0.9990828522848653
-2.6473126730755174
-2.552890220026488
-3.204647497760475
-3.040207385294721
-1.4342913696502761
-1.8816932556398478
-2.4611967724447705
-4.670270330954467
-5.161345227611144
-4.89155183673479
-4.06533053512314
-3.385344904141539
-4.293295131940371
-4.249706501978156
-3.5009280907742197
-2.8643845624079916
-2.919700108936281
-2.483166187293143
-2.1737903107367265
-2.3615733557296146
-1.263691910708002
-0.39024659826063035
-0.10926119414356406
-0.7530670986291139
-0.4639774956900794
1.1843346601546623
1.514680994740795
0.29941922937396437
0.072917189800602
0.8590833311465026
0.7286198393970156
0.10539889472580954
1.8550462516579345
0.33002531316695793
1.8180472055537489
0.24260763339112001
-0.047941643675878276
0.8368636283967333
0.5838519207082797
0.3017566049374919
1.087167659082545
2.720120620848268
3.2520830200823205
1.8132897498000116
2.6387322763702823
4.294125741203086
3.9665455047473173
3.056292532219032
1.3288621987128961
0.8238671993994637
1.9376976485799458
2.5913392819574548
4.069935962628126
2.471302662142362
0.9938196221456024
1.4603047777015763
2.610992006232314
4.821084868159712
4.819877377701196
2.8931862456862554
2.6095684233626484
2.7390664233537283
2.842962851105335
2.336470166200919
1.7950852190276512
1.6115479539208153
1.0743853458576667
-0.8448882496975999
-0.06137258899803211
0.6201628333223009
0.44942310020942033
-0.7286395191874218
-0.2979512896155354
-0.38019368754910354
-0.7650656073995932
-1.495258785705428
-2.2211599421955914
-0.927685778459381
-0.010620083837069694
-0.9835389542407995
1.0708869234522878
1.4161214193318339
-0.3858403451498782
-0.8101798746577633
-1.489221699549224
-1.8006405482313457
-3.079439734026691
-3.08736371393784
-1.9058560895183962
-2.7424282394162853
-2.775664498905013
-2.358733824041133
-0.6447371809596456
-1.406764736198261
-2.938961406506602
-0.3918654218086757
-0.484200005033119
-0.3374379574339267
-0.11301039190927081
-1.1092598127923918
0.4379358353622158
0.6914053004286328
0.2199899851116563
-0.5990500404475184
-0.7570037431345233
-0.7689397862745494
-0.45085249450148823
-0.0002770258566217598
-0.7361023716573212
-1.761381997576643
-2.5798439195094947
-1.8694187957307709
0.015846373601736907
0.13792544395567827
1.2811234537514646
2.254876106053955
2.262765375157702
2.133689834016016
0.33854235018225753
-0.00011156867819378524
0.20048568979680653
1.096196522654208
0.16354143749784655
0.17577905038977412
0.14020339234086193
-0.8020748566811927
-1.2803086893697975
-1.9647498822328837
-2.07250540731183
-3.2619453095560083
-1.8571367752564005
-2.0500865719904375
-1.402390481456845
-4.340548098142595
-3.4627975161844353
-3.8696681865061673
-1.0005051344128972
-2.1156324049997712
-3.032608549457494
-2.3317572783562435
-2.223491286097767
-2.336008746705577
-1.9239702393783018
-2.19427138085621
-0.6872424299751303
0.5867470678497575
0.9007042849289084
2.123579531360552
1.3101211821315584
1.2691775543738195
3.123501287637371
1.4756923244718874
0.5733163521836004
0.3625453128392921
0.17396827493512879
-0.17430546190567262
1.9771081958764334
0.4992322908955298
1.7067040344918283
1.7632999438803012
2.700859196992722
3.101585370788966
2.4824451544102586
2.0412398578274846
2.739559328269787
2.2963918678359856
0.19364731396054613
0.07999384880334372
-0.3168459642567659
-0.598281278588639
1.019918813073509
1.7031375296006512
-0.4057643508644835
-0.8872823671372742
-0.996175046484793
-0.715505158446466
-1.166768880071301
0.4085066388767693
0.3419741183678952
-0.10469585114594282
0.8761551817163354
0.41705321716699445
0.5727337773824269
0.007091040195402409
-1.018551664837204
-0.12411799930164091
1.031688858162629
1.8715356645332042
1.219232330056872
1.369473769855394
1.8166316528238178
1.441533717131348
1.0854393362962207
0.6715093005408678
0.17291129781391346
0.4017078265140198
0.10395015295319482
0.6988358023344041
0.7889374417039416
2.006885077271791
0.4536403422105846
0.7300235218720736
-0.20797427802153734
0.017080892884415028
-1.9681389260222641
-0.8730289344017818
0.12659179052413183
0.49755333106120214
0.5441783378795335
1.5269124969426828
0.2894685930684078
1.3081731253292883
0.6569072612437962
3.0399852884993463
2.4705353215347294
2.0232710858785126
2.553911838786092
3.9711434691207295
3.727857317814649
4.522329948264192
2.6806547803940846
1.04256340663297
1.1035096043529302
0.7662766831839107
2.248804487525349
-0.3891799113378087
0.2906298517620376
-0.9974033646885269
-1.6606983260515467
-1.6045874760381418
-0.17569364002630583
1.6819900092994091
2.857330508786977
1.3095720610083452
0.48836366871528625
1.0150109310991868
1.6197716993602207
2.7883742243435505
3.591799627421021
3.94992335579147
2.3148132233765315
3.835742625611502
3.58808454176348
4.0240522830995715
2.9070375229445102
1.8278035798231316
1.4198534622499874
0.8698594814413863
-0.16711602836883288
-2.316729158096676
-1.5093454629002863
-1.6998848342116712
-1.3205775956330497
-2.916051764405944
-2.188999609743992
-1.111236694445866
0.6759300964207795
0.6649350970266447
1.5496251013591285
1.0833268771202846
0.7094760982289074
1.1623456790348463
2.2537771767815933
1.228470747175065
0.9498513336061889
1.392662256974278
1.3603541516616793
1.5892962545580493
0.3849511565853019
0.29617919176985374
3.2858410058116476
3.9691727701900237
4.1692614044215075
2.876007923613675
1.579809127526422
2.243089056925881
1.6188299434146143
2.0383539319242088
1.625162507058204
1.845248558664976
2.619075901634574
2.7148302184767097
3.953528765174874
2.2408310861153558
1.5819335945122286
1.6200990132488287
1.5500612168394863
1.6942117102787542
1.4184502668574388
1.5702916812942531
4.483789032111578
2.5170629586951088
2.606514906038062
1.8518101472771946
1.8487388338060862
1.2785532130504986
-0.39225640392167693
-1.0012006340765969
-1.604236915905084
-2.742757550154169
-1.666305064257533
-3.325453529658035
-2.7118074811563098
-1.469694878534899
-0.6379493564858768
-0.46285993110967605
0.470296716411526
0.9158496376660149
1.3833607184033785
2.615399434747716
1.5604851469881142
1.877573167085876
0.23406047659880258
0.21064295767205243
0.756800276459322
0.5350316074830257
0.6468160687155646
0.1498641920465602
0.39830858500106814
0.42442540644442467
0.6068954009420072
1.1257365130046932
1.6518681140915525
1.4663352006861268
1.7149538241251405
1.0206526303947177
1.4349820281154246
1.5147960846291946
1.19214207177375
-0.12267299995208947
0.1536859787901521
0.8794613092443357
0.5896166138334078
-0.2469162804011017
0.10832173035181913
0.41270280138459436
0.4911090286894819
1.5771817399870418
2.1589685706159445
1.3097527472253434
1.4835096084736454
1.660581869654155
1.5235654845600484
1.531674857526999
1.2679538546977378
2.0236151431841543
2.093886037956975
1.2105259311423089
2.3090397520590367
1.1667973042657738
0.836499847424066
0.649347512932967
0.46066141392589266
-0.23555780156172784
1.5766040064321187
1.443394771907472
-0.35864063642535315
-0.4567121131119781
-0.7329052960400464
-0.7811367292697728
-0.65157152265537
-0.17769227869284981
-1.056827212253277
-2.5143249671958854
0.11821184226607606
0.020920864483097976
-0.6349147860545825
-1.0177451562310669
-2.2635793790943266
-2.8893151702927495
0.13811661827245914
0.07913773057111384
0.5445527952283467
-0.14326260977406546
-0.7553024744737479
-3.8662185276736336
-4.448779667323172
-4.592414404211967
-3.0966862777268824
-4.274009127725504
-3.292154394320998
-1.548171407237287
-2.052096911009195
-1.5948995517834754
-0.7526808664467208
-1.3266473109800192
-1.6697738233733967
-2.1700694413357517
-3.237404602714402
-2.7290486882481297
-1.7407439606444144
-1.4150909377982903
-0.36536363096253477
0.8655090337374152
1.0833099410876976
0.9526189455200882
0.9973705037089072
-0.7612514185724578
-0.11119417325376146
1.7227425740649165
0.9607535507124679
3.1216248930611004
2.529582283079169
1.3726687165913327
0.09937339918366606
1.5921889700696052
1.0701771700078802
1.7757279002827557
2.7489868995013342
3.3002854620979676
3.384234622759741
4.324961795237803
4.060647778586131
3.5948538349435517
4.60301841412972
4.111891822731701
4.707321823766722
3.982273025438775
3.3940472468897944
2.9065259667260084
3.591628294888598
4.845683411024983
3.837490651574706
2.991464091750895
-0.0681653833066207
-0.29609387632502654
-0.20049907839985814
-1.215738938020421
-0.8203187498663755
0.562513743199658
2.446569241663832
1.9442365217794648
2.0283932616760145
0.9050147197861872
0.13551220404389186
-0.9348731532608133
-1.7117751400121124
-0.676317295402903
1.4070643266535507
1.3825176103911585
1.6133343699290599
-0.051395895311620254
-0.8809714171521938
-1.5851858734845234
-1.5625312093969421
-0.3848578339694073
-1.4619612570985419
0.15522963746309948
-0.08513920503443803
-0.5652569890952146
-2.291754916358447
-2.4671771580507507
-2.288894449006817
-3.2363215966978522
-2.2273077484594337
-1.9738459497484295
-1.060592896861378
-1.8188367947883615
-1.3235691488637553
-1.5815629931802548
-0.28986650425846094
-0.31488156501628733
0.7358107193222039
0.942330972897167
-0.36161559013351896
-1.2789560929294126
-1.1503451685387878
-1.1326435865110394
-2.1604201824281555
-2.0384921752523577
-1.5508517879610506
-2.510554432646881
-1.3883837615814025
-2.052591527356499
-1.415225436154521
-1.6515703018022947
-2.8044323397339976
-2.0286108884663276
-2.404170457310817
-1.7513284421902844
-1.1899988248801374
-0.9584436210348667
-1.2898530752285193
-1.7230303222987127
-1.3240006248174425
-0.7540396000986578
0.08475135667291822
1.308348851687936
1.9806376888245758
-0.517685461085196
-1.2572794477599674
-1.344151433447147
-0.4632159115286254
0.011478508756696648
0.49705701843195305
0.6225574815104176
0.9903048375829819
0.6112583157221614
1.0206955872276926
