1.0
0.8743943791596769
0.7292903869257766
0.7269362653762814
0.6784353882077209
0.5608383151655448
0.474887674884367
0.4357674546428428
0.4099158175768467
0.3898707970587813
0.3607905036538371
0.22132697679538244
0.19395026462524234
0.22977765161273525
0.17563585589815356
0.19185945024930212
0.03997127736822717
0.1007365404771554
0.04421366073804534
0.07804352338478723
0.10513323291059837
0.08766348576941496
0.13382978031971385
0.129785854721034
0.01824630991375177
0.006706884809450215
0.05374442722802736
0.08093368822659236
0.07632367311829714
0.04518034291925705
0.018061885343199156
0.10573775842275121
0.100255350768298
0.2226208870992581
0.1826813778627224
0.15452356561214511
0.1487184703141751
0.139968204904152
0.19119399551579364
0.2803315066236641
0.23933457134362845
0.1490116688673604
0.12995256473619943
0.10326946141095071
0.12431088380499344
0.03913410229884762
0.06670984845143524
0.0868285305585271
0.034869892376045625
0.12074575694462483
0.09070839781074153
0.1973494529780862
0.2600031800115101
0.2278642612076799
0.2002777737624318
0.1323380307108941
0.1522425856213269
0.18131697960675708
0.15022278488844826
0.08829954854250817
0.03563283233633035
0.06766595412556975
0.15838204257705954
0.12261076255426448
0.07276893736517992
0.06521934044444373
0.0642729658013948
-0.01750352816350556
-0.07069748584962035
-0.11143431835696521
-0.02046657925576685
0.06307925098515893
0.02849726951726396
-0.009085354925882617
0.01319908999993981
0.05539261461638877
0.07478731672208835
0.05758284662659799
0.05949119518154645
0.03737336069371003
0.06639559737641976
0.13638775085360705
0.2255996687087351
0.1547729093017854
0.1104534803111417
0.12429741859174305
0.12698212656217261
0.12754282613633275
0.0939403489155953
0.08864090141853437
0.02868961331348216
-0.005896883901867059
-0.0024601903877298943
-0.015892232251434137
-0.07414703450477478
-0.004550440630687332
0.00146050039780818
-0.03301694803725252
-0.021236614322242962
0.023107075308760553
0.05042084503188189
0.021855545287093228
0.07796414704194121
0.008784062015539218
0.04697235310018615
-0.01070408636427389
-0.04804579052173788
-0.03847630715622222
-0.00620072467484931
-0.016747196898347083
-0.06259821120812133
-0.048630552767346756
-0.06224252621862729
-0.12760383730800068
-0.05264973817454129
-0.08261086110571642
-0.05654867267619196
-0.035385392156544286
0.03325673890831933
0.07982750929845539
0.09550978779324025
0.131595869532096
0.06859727004473225
0.05303304462574333
0.026964780473471867
-0.00829391897464802
-0.003945812119610153
0.07361281473666807
0.15607654200187
0.1311001555107993
0.12251658643035214
0.13435837940974285
0.09074074229599052
0.05894529633630333
0.0784986754133776
0.18163354053150227
0.14992294546393434
0.18931392395600355
0.07659210670577987
0.0063670170451682745
0.0894785478457451
0.09935894236492442
0.0935813980228281
0.11859894196037593
0.06146889606194085
0.07492861974813438
0.12824495843056122
0.09710305635931375
0.05626769879875158
0.10242457994095566
0.11233682233584723
0.07819460852664961
0.09333948542464099
0.13660708048575596
0.13012176434695252
0.1448317912614391
0.1420480052939369
0.17699477895503155
0.19088149592579925
0.08342525390219942
0.06711738347263219
0.0610374812326895
0.13182820926559993
0.19094316471138734
0.1341320147711984
0.11273983293175377
0.10759246496682316
0.1150043243293774
0.10068743509720783
0.029792394007037384
0.15299319360641223
0.11456076690330097
0.1063807464681303
0.28389447770938364
0.2968159886801015
0.28699125353555127
0.2417054429959894
0.12691140415942756
0.12416890462896026
0.1417362484686204
0.14560690249156782
0.07030165919714536
0.13792435393769756
0.1667693185265719
0.19889748706639257
0.2186858105263731
0.15794486846737615
0.28094170246062433
0.2493060793189089
0.24527895111756812
0.1337886227743189
0.08294007207040766
0.05927999571437169
0.08042995710277683
0.10084313735289514
0.09137021147114019
0.07391003496357429
0.023652753187035323
-0.04497670615201055
-0.03040134539998255
-0.03289122416396639
0.039632396805851844
0.08650975199906874
0.04834640872296139
0.038901286954642296
0.09778423655002186
0.09338790473870939
0.10011219750088961
0.08151355150524615
0.06406971683842766
0.059767019746621686
0.027311725543587486
0.06754318235933215
0.08746030500648316
0.0475012137013936
0.052400684085949806
-0.02444395137677178
0.03522421956976905
-0.013593624709106827
-0.06324655053702569
-0.11462757633153786
-0.008332384874476267
-0.06940543570658084
-0.048091251325221206
-0.06883928078232632
-0.03859123534759384
-0.02108637738310431
-0.00031160414200527564
0.008325454784583314
-0.028327206193242378
-0.08169212512374108
0.04686482044220583
0.11763231785410644
-0.016103093919856606
0.010598112463734778
0.062076868066037016
0.06964978074911354
0.07738688942881265
0.05437354945787658
0.05658498754245901
0.02315173079224202
0.04025557117966336
-0.0019808359095795716
-0.06471410111710332
-0.0152135871734847
-0.016117522544698358
0.030705624430910433
0.038109598876998024
-0.1045987258711108
-0.08754447268716749
-0.20231889803715408
