0.0
-0.9084814327806611
-1.3571670022281341
-1.641493480463494
0.524178225810368
0.03464036286225608
0.4861891557807419
-0.4225136513198099
-0.5071137379805225
-1.0778691503697009
-1.8656929020139446
-1.8501019933581713
-2.074541752136095
-0.9946390427905649
-0.346098994099559
0.5223590878825173
1.279005534882633
1.3432666732890102
2.8735124974682646
3.999000717812127
5.147772005373841
5.67411070127731
7.402556725308328
6.12020888535125
6.467064186638225
6.867876631286803
5.152663935670766
3.8721358468581686
4.024727779454335
4.607854568454184
4.485378946096212
4.758695807832854
4.405357162259393
3.829267386607175
2.7801746470963056
1.2266213904237324
1.6258738464183078
0.4686725460768779
-0.5273722293586127
-0.6912324709578961
0.3580726656800658
0.2189100278852658
0.38713963030787624
-1.2745414329454565
-1.762289329202745
-1.631103887063681
-0.899080297164726
-0.5184993121138933
-0.6840957599848853
-0.8001244626295122
-0.1311681097661156
-1.968275047838231
-0.5384828032670195
-0.6792998826945593
-1.8542078697537958
-1.5680526662553829
-1.5193698393362394
-0.35067990392489645
-0.38649133775227285
-0.5243061985802718
-1.294864784768977
-0.4490097728905401
-0.5600873666988209
-0.5730369059695835
-0.9612318778728428
0.23420615395663813
0.30276821420178124
-0.5474810221309137
-1.1045689308810385
-3.192185526326929
-2.3508114038293053
-1.7909577393831633
-0.6284512088096312
-0.3891147448668693
-0.30981087592164824
0.91309688762151
-0.5052635133344692
0.9077387763887441
-0.5486770311405457
-0.768999064854982
-1.2030762896997615
-2.220364662658877
-1.2551534468071472
-1.6866602053930175
-0.48173752281792637
1.0733532111782367
1.0150362622864093
0.5729481202512281
1.6900673307385974
0.8658358162046359
1.2862625635998277
2.0953866331855853
1.5183079409517375
2.3721874054528214
0.629787301675476
0.5069674853028449
1.285032656837873
0.1339037302691406
0.09825495190844064
-1.1322887114898812
-0.985717834486716
-0.5051559551972207
-1.9523545982124062
-2.5147925393759127
-1.9288634861772616
-1.5506984628168685
-0.9946769503633466
-0.7382955407966474
-2.164834832111408
-1.0521801317936779
-1.0419746454693222
