0.0
-0.20064610256752466
-0.9760082153866854
1.3530845647357503
1.9905319761799487
0.11235017733991115
-1.3471424889065202
-1.294596494833453
-1.332239092966599
-1.6376787684746903
-1.5323498647736646
-1.8401556213093593
-1.0491304215534787
0.16797004096064683
1.310760050157413
-0.20884157748879373
-0.13043098910045398
0.7610821828055668
2.313934890079646
1.0063535338454745
-0.5380475772427364
-0.676730322661488
0.6192775530030551
-0.6835528561504866
-1.738321433247885
-1.3946975194911155
-1.7016565224614582
-0.06565014836390315
1.1118302389821293
0.24428528825781493
0.9453412203624637
-0.9120747934275898
-0.36490282365581644
0.523364764700341
0.18888696165712637
0.9841959033904992
0.9516248805967676
1.8560417375312768
0.82370818052228
0.9846175286248213
1.8466769862968115
1.5176778107026223
1.6867885472698028
3.305498893451266
2.6472306409065807
3.0975053624524547
2.293099470254537
-0.11627483834662344
0.45096497490682286
0.8502164057570504
3.4131573036980214
3.019684852177413
2.6826151957555786
2.5013465365943643
1.7579654744693463
0.05258312421721767
2.006824866979456
1.9075620596380982
2.633018457017845
1.2071719633645317
-1.1294861800919656
-1.41692867059318
-1.9904356372628278
-1.8954282494158048
-1.9453033343542523
-2.122978091357435
-0.4933530944790898
0.13257335096108447
1.8723119119256422
3.5134339109543635
4.726385092874481
3.66747464933929
3.0951659640842264
3.3499588265508597
2.6722875905826586
2.353704848558664
2.249944393701255
1.8211687500523102
0.35588033645567174
1.7780583449589367
0.8384454014635228
-1.2154272517942686
-2.0011079420345323
-2.599812165348904
-1.008977971036199
-0.8928827499690493
-0.32629584408738943
0.6202642507778963
-0.120746310523411
-0.09019477412346585
0.8640983180458809
-1.0115609876121079
-0.5728309005849241
-0.5554029487507727
-0.9075728223471407
1.2269149567210311
1.097131410834053
1.9569256822374377
1.4534960844263694
-0.2553506547654829
-0.7624397546191244
-0.5695909633766986
-0.9862937292218539
-0.7032046533898565
-1.1878126689645931
-2.3430970739402577
-0.8100802634681785
-2.638046871132304
-2.2326203737255113
-2.3273150110568173
-2.5317684816841783
