0.0
0.5936581571570304
0.025098523634618952
-1.5942631463780044
-0.4972667698636676
-0.7160331731996363
1.40035841809377
1.9551055575086158
1.612876599980635
2.4602232349397086
0.34560304930631225
1.233480096579494
1.1444136860115273
1.1707877690544382
-1.3624254383380272
-1.909940276563181
-1.4435715846757005
-0.8426842389460467
0.11208784890795165
0.47156467046923617
1.537062119503064
1.2557500625078555
1.0872113538951855
2.1389133283169386
0.7746139693327279
1.16849069356429
-0.28974885012604434
-0.34064931638791135
-1.553499626524436
-1.2279174933579515
-0.7797335801372032
-0.6991589214211833
-0.7020837950616596
-3.147718978404623
-2.2648506058814113
-1.360630753545165
-1.6726642402325116
-0.8775622498905021
-0.9121419688963336
0.08106931046924404
-0.7789501227270701
-2.2179910090353614
-0.748761620502596
0.37338257705815203
-1.248854177252169
-2.0095832833451768
-1.3221405176813583
-0.2763525891248778
0.9663599860308122
0.8832263921043872
1.1726440442315833
2.1690615855335973
2.9263780465837943
2.887001183019081
3.1047747246842126
1.8492535220631916
1.3040204534512658
0.7405952568328087
0.9594612012173194
0.08007264462740915
0.05100804560267144
-0.5340705883748785
-0.7427455204281048
-2.034524536940564
-2.9259301945439695
-2.183810210441772
-0.7123234080730272
-1.1006579144431208
-2.0891269596292
-0.7350797377862401
-1.476818017508963
-3.2877110795918556
-3.0416733102564937
-0.2320768078290607
0.1663072046939556
-0.06473993080834778
-0.07785690978341761
0.7850616961454173
-0.209059508460676
0.6987887280527372
0.19800616698683948
-0.17342242808512845
1.5395287074501294
2.3472483818919354
2.1704778979843056
1.2430478638099207
0.3939498918836457
-0.32312666311131333
0.4112155155301934
0.03076343720975372
-0.24608526348394436
-0.6323389291990312
-1.9832918239962707
-3.2628464470459297
-3.5892898783501863
-3.6936220036977816
-2.210165423028908
-2.3865030271510093
0.35202049004393965
-0.2799010821387468
0.2841071862456072
0.2520085996557599
0.15124134561667218
-0.6500340135629474
-0.867653299147127
0.29531658094492896
0.4167541941726056
0.9220119931438444
1.3175271005887481
1.7436195679752804
2.2052420748047226
