1.0
0.9167112104123996
0.8403140024127294
0.794095703250059
0.7037181867288106
0.6480431576045181
0.6032139659572977
0.5617769540056367
0.5197840904636062
0.4893761175699957
0.4506704590717812
0.4192746286340752
0.3884835185746553
0.37885353610846445
0.3561633562748338
0.3349941973721864
0.28364097539258243
0.26855098885366024
0.24077079578086313
0.2139779697724957
0.19320231418339404
0.17472590325094192
0.17685295124390044
0.1582754826262774
0.14963817383586323
0.14804597728283578
0.12853887721577756
0.11144779302880846
0.11162898119886935
0.09439252246755372
0.09765642237017388
0.09592881447968415
0.08318835868959344
0.07271961139439521
0.07619353702335435
0.07780750254362567
0.07498065125352936
0.06869580790925914
0.06425495981781033
0.07117974816877563
0.05553691230113149
0.06149319742480263
0.05690255566044656
0.061882521306953105
0.0482790659920134
0.040767849657801135
0.034285019778688655
0.028299723193198335
0.03229518309319294
0.027241993998294016
0.026993865838296514
0.038306050209057765
0.040415814162743945
0.03407074865788012
0.030694716722792947
0.03510869588790884
0.036233324987703874
0.022685647635323124
0.02743534712694856
0.03552533385849278
0.037546424716408115
0.026827697801750608
0.01783081985172344
0.03408565513895843
0.024297027912611763
0.02894377808415728
0.01137748144338761
-0.0037315745863347877
-0.006644419807437392
0.0037520351004230543
-0.0009852463953627776
0.014014440392775997
0.03278528007803961
0.021662705334911103
0.0046398235621724244
-0.008683192720501874
-0.0004400889732410502
0.006310613123160301
0.012218821340663981
0.002291547555226193
0.003481099539782372
0.012730767052135161
-0.003122737416437267
-0.013978314841474203
-0.01259248583597216
-0.00672767352065936
0.012510234490445422
0.019054698568940986
0.01675846994451351
0.010943188025640743
0.010720450056286676
0.017985945345214867
0.035153869414498544
0.02375106936051291
0.015790011064398275
0.00775442337222877
0.004430977306844467
0.001121176341661988
-0.013450337553676615
0.0057678870332974995
0.014568259328579934
0.019056709305383782
0.03912481277030153
0.04524711107178209
0.05059216603445067
0.044826983230319646
0.04791005442559447
0.04583532608157237
0.02693997715290763
0.012720236026219169
-0.010127028131148064
0.0009382029267837252
0.0011956831045226216
0.0017567598716106724
0.004191577210748879
-0.0019223378993543337
0.009844114294219355
0.014431402454523228
0.012379734981221222
0.00478822540076473
0.004181988768398
-0.00831738322057881
0.00031947231512752337
0.016292584139106045
0.02486073020501997
0.011421917997018624
0.0107253725111992
0.01747691992474191
0.022446172324190723
0.031021287090769102
0.03284155901262599
0.0426084540062398
0.0188823906995464
0.027444053963414254
0.011999858253278857
0.020534613386921093
0.006546951812758904
-0.012094139085025811
-0.015235366296314612
-0.02477595825604876
-0.0034703818225156474
0.0005189395880211521
0.017038277726873365
0.01584226984222978
0.0028553247243413484
-0.007693772469573609
-0.014385203408213802
-0.019802506641267252
-0.028125221180882516
-0.01627625319468557
-0.010570479263386388
-0.008227073172231298
-0.027176466149137265
-0.013418036386960056
-0.016344198579319243
-0.02005263800222315
-0.01477712285540054
-0.017199881304917168
-0.015980517542496304
0.0016156376338072147
0.005511558419824437
0.002938265648240172
-0.021742941346232288
-0.03201071257743322
-0.0339782458752727
-0.019371615860517215
-0.029472392894806514
-0.02884753418122497
-0.02011821257907947
0.003310619889345459
0.010230784820083
0.008446324709186688
0.021542276273316494
0.025989046507661828
0.009289398926332426
0.009812868585847553
-0.006332087586768866
0.002743604562044479
-0.011442977726903569
-0.03737150475639926
-0.035237400971325175
-0.020537993679518057
-0.02259794083020549
-0.02745971929868928
-0.024672636731156973
-0.025321960052344505
-0.02470791249236325
-0.025255687578503633
-0.029619650407916715
-0.029510738011075947
-0.026915343981934063
-0.02326790762474712
-0.011764415272672408
-0.0034922125428845183
-0.011491417609407233
-0.003961658718165687
-0.005327142934163051
0.002180187323091341
0.0009508864315005326
0.0017291524537147384
0.0043757589699553725
0.02194366660268335
0.014163813149914651
0.019074182244197643
0.006836121032404628
0.007420019190741988
-0.014797063523492164
-0.025322733456022505
-0.039896215817171066
-0.03699475237577601
-0.02583698403871592
-0.026216669090273967
-0.033108336937759685
-0.029599993876493095
-0.04008759760863186
-0.03284003792439452
-0.03086607974369485
-0.022478819973830187
-0.013245643854192895
-0.015909284870236313
-0.0219285584036416
-0.03164666717819162
-0.029861210006459048
-0.01967953180301018
-0.009706838816667363
-0.02288676086877227
-0.020487766729965808
-0.022029217922183236
-0.0034257886503364227
-0.01637864603314198
-0.0014209485621833676
0.014257145090971144
0.010499914773532475
0.022423508017626725
0.0008965370261874474
0.0038183467168792407
-0.004111293065738674
-0.004070677841390415
-0.005144197045640732
-0.01705389440533365
-0.0031666043405799843
-0.01253459944490922
0.0005634649946009776
0.013121668867626765
0.01709036153941028
0.00379331918473726
0.01024509985575959
-0.003966478106397785
-0.006864735991799641
-0.0012716808894592292
0.018406478004271008
0.019603583978554936
0.006113255899219154
0.007500389182725071
0.014067429495282086
0.002908655004431642
-0.009356044412357156
-0.00924580636548855
-0.013736974447902194
-0.026701229906609565
-0.028300754019291895
-0.02384573628902922
-0.0297442554188777
-0.030039902071553055
-0.03222919783791654
-0.04225729918087994
-0.03299085506000453
-0.019220083609558763
-0.021756079555983656
-0.03305418939220969
-0.039073885910107825
-0.040689247836638076
-0.040510981533602754
-0.04586604167562713
-0.044720052251707665
-0.05479248045881818
-0.05791741229576314
-0.05148567843806644
-0.0469595002018042
-0.047824364036994936
-0.04139398041734856
-0.04107413849434464
-0.05880714135959699
-0.052017301495156314
-0.06330563695393024
-0.07523821233207048
-0.08238056364973563
-0.06150002638229743
-0.06288755252917931
-0.06204583954746914
-0.043112752445031766
-0.03869715245923765
-0.03376667924842109
-0.019137680947327453
-0.021593353931395578
-0.020604961807903697
-0.0069972416962379245
0.0030081859545961886
-0.011372005850676742
-0.009081276929006446
-0.020553323842387887
-0.012393316443101656
-0.0021863908115247396
0.003072620741636872
-0.0024456512909433606
0.011834241849915567
0.0042673858607745994
0.010753868469261118
0.005138891898343398
0.021169607938599684
0.014735848175683425
0.013140732844796029
0.009706347070117137
0.005498732127078217
0.012675431476988887
0.004075065997867721
0.007426318174030577
-0.005736447139972044
5.259459441948715e-05
0.014764170413763406
0.023947351239254233
0.03525276347443093
0.022049520724855866
0.020670733032147493
0.008208888035403369
0.008030587135542253
0.011001316687327668
0.0062002407722353495
-0.00764175638285559
-0.012951034128389771
-0.014122857050225066
0.010060272870789007
-0.004220893881796405
-0.012036145893429762
-0.006489494059166464
-0.012258735648921729
0.0014343010930770572
-0.009399467772702584
0.008632013971294322
0.017916081129143464
0.02516226102736001
0.0228273733015043
0.0016311835275048883
-0.0011427915468453786
0.01143147056671431
0.016110082342034183
0.0014161145165411896
-0.008342725453252877
-0.0045419668368964165
-0.0038965175026192452
0.0058190511461519105
0.01021027976075722
0.015522771901499217
-0.005641400486785606
0.0015280992010253767
-0.011340222697858532
-0.02283692787958725
-0.031801368606679606
-0.03220256513253665
-0.028504439396792886
-0.04490710691558294
-0.04147316971614336
-0.029520162707311292
-0.022676457860025166
-0.028417881603726363
-0.02314227711895659
-0.03982309636971733
-0.02741188535294066
-0.0183143503684152
-0.017226781444353446
-0.02083838075234634
-0.02931294963141861
-0.023654483568517164
-0.012007053332870984
0.0012928521621924944
-0.010807434361335227
-0.021193214052579408
-0.02508729729068698
-0.03098286811162312
-0.039488959675805076
-0.02954937260337784
-0.04920377792768699
-0.026965371412889044
-0.012551630746432181
-0.018538866377544577
-0.01392416662962796
-0.021234168986851248
-0.025258172864058043
-0.018293872519000023
-0.025299230744721603
-0.024182519480991285
-0.028495581633200748
-0.029147330184372912
-0.027136304328736958
-0.03890586599168338
-0.02174989573557374
-0.024327774236553523
-0.022212621890018276
-0.02693876815313245
-0.031115047587576453
-0.013691727338999437
-0.026472573632834562
-0.029322725407024387
-0.01064661234783306
-0.019230128864555295
-0.022946938777151094
-0.04012197229920518
-0.015494378080584528
-0.01178337217322055
-0.009924913883000805
0.001512598424870646
0.0005311564294045189
0.004499445579511827
-0.015966078365003085
-0.0027938386359353147
-0.0034007805645126852
0.0021965353055223365
0.0009084278632669301
-0.004736639841964693
-0.008748339561963074
-0.004136645555633992
-0.010306942702025087
-0.015927552467871305
0.0006635462197229491
-0.0076049345046194025
-0.005144692644282403
0.0011751259222173216
-0.0007685723425076907
0.019721443558650124
0.020079009006747157
0.02967682000734168
0.033862475201911484
0.05067164056285895
0.055396313050596266
0.048436886917655256
0.03416610719114597
0.03315434110110337
0.03005919579171138
0.033289724737248734
0.02870858490166056
0.020270933038319044
0.01818711999980439
0.011145983304967558
-0.011081542819001587
0.0011608614832063838
0.01708725003100748
0.004078076985509663
-0.025588757308576564
-0.007048273822270808
0.009788783282039836
0.011049071245893322
-0.010918215918931159
-0.01777841265962162
-0.039888671806404666
-0.034682598222432845
-0.04057109756493187
-0.02030216725409004
-0.008354293273206848
0.004240955515777525
0.003924558502754965
-0.00036854013814994774
0.0029970580364345936
0.0025457590103534354
0.0072667060829645575
0.015524543637465834
0.012613389935413975
-0.005731021607516103
-0.0038723425281018634
0.010146714444789961
0.015613024668365755
0.01568687603316037
0.015065829634563883
0.02240190860543995
0.016910367270707112
0.0059348852716426485
0.007352837604414004
-0.0019889809357200904
0.0026416955898071423
-0.005116344096005988
0.0134009032842183
0.01608985994150229
0.016809008105401133
0.014833446033895895
0.032166931508649584
0.04007999800269607
0.03466930970648837
0.015570993861722452
0.012842495358675054
0.015778782317554776
0.01515115100488007
0.01672590224829215
0.020162173921145724
0.02457522123107208
0.019752559951004695
0.01579152826837675
0.003806524249698486
0.007886489665109426
-0.00127996077038273
-0.00702669004980115
-0.004351054634019255
-0.008956960112642513
-0.015153127568485381
-0.011303232238525645
0.0013721600180459492
0.006472413300132897
-0.0009458055795070674
-9.331530869556679e-05
0.004936555305538645
0.009366649570479838
-0.004290100025289402
-0.012531607835806483
-0.009740343197261407
-0.00825561902728022
-0.019638053039550775
-0.02969102354860432
-0.022678686006437472
-0.025005195473691996
-0.034745722755626894
-0.03102992057848543
-0.025459186948013
-0.020840815288510273
-0.014205214439887315
-0.009821169169021116
-0.024338644449602438
-0.007200262606728109
-0.016899258378171626
-0.0025565959475429556
-0.007383461365627076
-0.001282034573284848
-0.003931966030867546
0.023336708868248627
0.02808359228720715
0.037211595511252214
0.037969911348527244
0.023171900172931893
0.023323029859211097
0.02744485121406311
0.030376893512682177
0.03550056288965395
0.03033544128005061
0.01793888847090752
0.025575841869385427
0.018693572135297806
1.4576272676140867e-05
0.001189927085781129
-0.0026800416113850595
0.0155223721707372
0.02892149807111088
0.031960041667449035
0.031042107329181525
0.0226967524681997
0.016634966480348446
0.010141965806210542
0.011682432020034574
0.011834224365400325
-0.003955716627250781
0.0069577629433709934
-0.004731674770097824
-0.00519992060528975
0.012897425409044459
0.006892869697788075
0.00591227696742552
0.007502966625218368
0.012000667382766162
0.005277558045324493
0.010220003674354043
0.011100034139277407
0.014950994233250688
0.005704756154634227
0.010994281835361054
0.01574826063119949
0.017651656018353886
0.018889361790292394
0.024098641954040274
0.023009355175579668
0.025683602076474965
0.03666456219435631
0.03120018423400839
0.025631740834557604
0.016190006644771385
0.031224092485991096
0.014431119822311635
0.02135099568136479
0.02464639259778563
0.017397434454197797
0.010319252871263434
0.003692136029393415
-0.00836702951709617
0.0002252620079408827
-0.0063546849029154475
-0.019035185686366866
-0.038102027964674476
-0.04573197276426751
-0.030717333850852544
-0.022125103166044303
-0.03097683650837892
-0.01299576917287681
2.180191069664321e-05
0.023427463266350302
0.02545243042093724
0.02694997524746699
