0.0
-1.9826274165738573
0.39860183539052363
-0.07322066504991093
-1.099613626409159
-0.2918873519152898
1.4862311916418216
1.6400938949377
1.3129658119438568
-0.18025154608206306
-0.5496605040622026
-1.8565830076762513
-1.0855869156489264
-0.47071994776494364
-0.9170257538952618
-0.09134181941464503
-0.11628728747764433
-1.131555295237314
-2.3825455090574676
-0.4514174074705004
0.26643230700933357
-0.301443011522024
0.49387587567142854
0.5332808864674665
1.8400962216730297
2.899106206592255
2.3991519428457275
4.575792837350951
4.019565179246853
3.431400874985104
1.2484543813795599
-0.15102790728003823
0.8404223090300089
1.029099076592299
0.6323911011653753
0.298015184417391
0.9180711731702811
0.015107634239749812
1.1226103073588463
1.1924350688429701
1.1411166270001336
2.746857947510256
3.60568139070395
3.360102360287787
0.0010093697483406494
-0.5384376243433533
-1.4304451964243936
-2.0719781706834297
-0.8079080604224527
-1.6035249357801742
0.02676724332574265
-0.46817080737820027
-1.184639790250688
-1.3950765996190366
-0.05609223880924441
0.9946267062738872
2.71174924796587
2.62917797707155
3.2346399470060496
2.4013383403347435
1.2761925271409553
2.344223275094225
2.2417545850124014
1.0863653662240695
-0.38376619397920986
-0.0016719904879630154
0.07201568995835446
-0.8016142013933875
-1.5243604631032162
-0.7290847252100296
-0.10748028154644629
0.09794488606618551
-0.8857085492615322
-0.9396699713099461
-1.2799590772132277
-1.6236221288352337
-0.31387107088251787
-0.3272681195416539
0.06779972534939566
-3.0847574317458752
-1.3905210303596565
-3.3703680716491613
-2.5308814389311696
-2.5228584722777905
-2.499371757501419
-2.309952935316071
-2.195296420200788
-1.422803998470405
-0.5437788141041097
-0.5929968749948533
-1.652307849964872
-2.611531332458521
-2.5218751459549
-2.199350808220188
-3.652032817505587
-2.530035098504627
-1.2496821180801434
-0.7608370334845906
-1.5730099241705167
-1.281390981322316
-0.31366759583464254
0.45408404434340544
-0.15899951554038982
-0.3856789875323803
1.624571295297443
2.687775690604438
2.0811323450725543
1.4831099809499868
1.128992612497805
0.3705203870832233
-0.9578175825706232
0.7844506702179934
0.5075705475416123
3.266003181568247
1.8180047512532924
1.1661644491538252
2.885684981952692
1.446885114959097
0.21954382045014453
-0.4318680072168555
0.6865802375824062
0.5242287407777872
1.0483595964693615
2.9825748226723645
3.977553801124989
4.645807886247181
3.6337274594593745
3.2425817227738682
3.1146088707942408
2.4288631554811086
2.648208520399805
1.719873008581502
0.7115504484317888
1.269133202076513
-0.11298889199128559
-0.7923763814927619
-0.4316542066830899
-1.778049800064529
1.0987471333607448
-0.23288683148572242
-0.4037575066360214
0.2052668465648425
0.4182721630421462
0.10363745611724595
0.9048142711208498
-1.9369155865097207
0.7830312809956248
1.5470563976994764
2.28323820254612
3.0908286095580078
1.0269461524923644
1.4901010841482094
1.2262825285472676
1.670062866207472
1.3401936798017815
1.4286449190566457
1.5002151661984766
2.2175284206531902
1.600198156103601
0.902176460529243
0.6647529539672862
0.13834626414551476
0.29415198602833725
-1.663096794904712
-3.38136118491221
-2.9741157417963637
-3.027849639991721
-2.3351669081300246
-2.580836693431535
-1.9869787710882674
-2.70291780395414
-0.9362931310228024
-0.77747010146405
0.5412972498651732
0.7211926395053041
1.2871692487250344
2.007198309807957
3.371288208259596
2.5306469366085715
0.7605355739586801
-0.2082995766866702
1.1938868907915434
1.1887127818708862
1.0777627512036132
0.8442832027191705
1.0862305843502482
1.0466415912937936
0.5405728538935928
-1.0773353616791748
0.9455642653987559
1.4112846346469716
0.5912543354462153
1.6792134766456162
1.5735355367568247
2.516785822179312
2.793705843256187
1.904058157151975
2.7884932323299223
3.652674452792427
3.3453526431160436
2.6131571286880333
1.9257730680809777
1.0930592698976502
0.08026613544107053
1.7836778125947286
2.950159573373957
1.625467446808952
3.0260290737051907
2.761580899261213
1.8159087656777833
0.6287665913459408
2.2410748637580826
1.9254712622013843
1.5619838588487212
1.6494783008632208
-0.10476591001456415
-1.285185564680325
-1.7857001549406704
-0.3721825186835357
-1.0783014738550314
-0.2814938720126703
-0.8989290840647177
-2.9462045664586487
-1.074114384010988
-1.8601038194270059
-2.4480487641727393
-2.5316182926286954
-1.4804911363728652
-0.817083460638539
0.14060414013553857
-0.8812960596480554
-1.3836297271068048
-1.8923471024788658
-1.9414690506893242
-3.768693087133327
-2.4156492850090054
-3.26170667296625
-3.9427757752244528
-3.666453333327733
-5.006396724198148
-4.815959841101758
-5.361279516709148
-6.633004961855202
-5.725463100204631
-4.262231691220937
-3.3960008308113108
-2.245297022894207
-1.2836650694133906
-2.269516314413845
-0.5491516999027148
-1.453586321960024
-1.2014094748640545
-0.1602201664323808
0.2801817190840377
-0.23749039899050184
0.6455460526310859
-0.4935285161404097
0.8485092564864274
1.2476617718852987
0.2158585818672205
-0.7331522166469215
-1.5414101739500183
-1.6488084305869168
-3.3574512633487883
-4.339829633430487
-2.5134722034802977
-2.6236203044776376
-3.408256816839401
-1.5875431360825338
-0.7288074165740097
0.02417284731528102
0.8831177203468108
-0.3224210293542433
-0.7931595493371599
1.4486987379879048
1.1371773507850915
1.365761606518672
2.342922060549541
2.2175969699866664
3.144643099628916
3.5120235985345363
2.2198692266357916
2.244693887401077
2.9938443455464894
1.9501099405696394
1.9346729597958592
3.221854509958408
1.1562009073758222
2.086763485183347
0.9030256457255428
1.1611378194781647
0.7807538053405068
0.32352032823332005
-0.2700689218664177
-2.8193274190049804
-3.3754221598895326
-2.373060476017631
-0.41667147308681507
0.9283534756777141
-0.5956824782474908
1.0227788462006209
0.8913619701151826
2.199504681284382
2.3058045675411183
1.492781313184543
1.1724344113295775
0.20763025135473534
-0.049134748840333364
0.062150766860484534
0.28642730284664425
1.0650103796365604
1.3961516374902345
1.2120757492481278
0.6601978798574786
-0.2126473657736596
-0.3697970162357841
0.481101090947439
-0.8332735168603528
0.6500371872144498
0.2275158036167913
0.8491495050360709
1.618535605671253
0.8446450943108463
-0.6586380629236928
-0.7649235234373939
-1.3115519877706918
1.1845753941411574
0.6929092266135387
0.931064547992299
2.34901774281668
2.700138407947567
2.292515231599621
2.003393714341626
0.8716654854844614
0.3191363146802943
0.3258191767081574
1.4572288646395284
0.6566096838530369
-0.1932651628224591
-0.7955525691353205
0.07821591821608875
1.8213612275066104
2.560843788606256
3.8806760083297034
4.8289985948984535
4.683456519585773
6.268102833869218
5.039379165263607
5.70323617328442
5.864130210086776
5.0002449689902315
4.37126480181985
2.1604211940206923
1.2406669405303095
1.222898659261175
0.5127749463896909
1.6611314413835596
2.5783848761033177
0.9202596122169147
-0.667400386880768
-1.7294694151310828
-0.9908558039173119
1.2652289563170003
0.263721091822156
0.7746384680785712
-0.3884633827958075
0.3214601133065363
-0.4346722617172205
0.2058592246610757
1.5904524552034236
2.789690397853402
3.247567242439365
2.149317833261998
1.6699821278724405
1.4882399896518452
2.2029312737808766
1.3885537129947396
1.003869848196482
-0.09460469304123353
-0.9289859107426659
-0.836439223100364
-2.0430370971143077
-1.4879795226733648
-2.013564807498435
-3.1246535957030526
-3.217977989632706
-1.9823517687985717
-3.1682124214046534
-3.096662872837812
-4.7901652471123315
-3.413084209506435
-3.174694355948397
-4.124849117246633
-3.7703468988179187
-4.7303890971350375
-4.8557998149507595
-4.32587021220978
-4.415804330549617
-4.011831357775117
-4.202871294969564
-3.014992082400642
-4.199698688921294
-4.118655680276496
-4.010694128997498
-3.543823250742316
-2.173062423366332
-3.9769656907702773
-3.2422241311419113
-2.6819420066044612
-1.8592958447755041
-2.683932883785852
-1.2760132898390322
-0.32568343114170695
-2.0499967136943757
-0.42584084641265996
-1.1452528097267862
-1.1708472084656778
0.3422835275632101
1.076723702910694
1.0408708375907123
0.037938556995240735
-0.05603619764335329
-0.08069218999046449
-0.12273621275088986
1.0206710468406006
-0.8892984185715122
-2.1454165497977504
-3.3678469022418667
-2.152629460563857
-1.7924608308960601
-3.2156423356411428
-2.510949695808937
-3.132649104476285
-2.442749393869241
-3.2196214003201993
-4.3845843050773565
-3.3715749312328565
-3.4981638001282773
-2.526261102909565
-2.8292220087883355
-4.098860112133449
-2.3411863283622
-2.2121509240683603
-2.4236130065014394
-2.096223555806319
-2.9549751062170255
-1.8844283795443397
-1.5328534321206309
-2.4388653924245256
-2.9268158001216147
-1.7503795101160602
-0.9459319786513748
-0.034879851131882744
-0.6586934587231366
0.03477525081287114
-0.5551276609112036
-0.3389001127835115
-0.9809832140564867
0.8862453523230985
1.1245279344161252
0.7844347556114732
-0.49525726869350617
-0.597555129743479
-0.5181607334676493
-1.0185843882871608
-1.178925453099528
-0.9275120473601675
-1.3090827104896476
-1.617960406701152
-2.970461286133994
-2.849229522685325
-1.6476032084405197
0.7383770277388995
1.0508869582487432
0.321924350777558
1.6368950227506325
2.0209563726673476
2.2370466402437192
3.0473026381464963
2.441334824238599
3.4569012845263662
1.6542669765861024
1.6567623737496824
0.1670355805442063
-1.1558957493668514
-1.724156814001926
-0.3552622117745303
-3.0245960615534577
-2.721101586808074
-2.848967494367231
-1.9727167544022564
-3.036102889201592
-3.7783632290963074
-3.5500452167775247
-2.215144999232942
-1.6339697518583605
0.3545091744131452
2.511360113643621
2.0351314784944314
1.7061809672619581
2.4250571239841214
-0.2334486838655465
0.019739632985536132
-0.47444180387351265
-0.6484276120319529
-0.49364750595596996
-0.011400022876454974
1.0304004512676557
0.8127443800460162
0.506332916719708
-0.4037409504309233
0.6452466593826087
0.44061173003961995
1.0441596505238642
2.215462542705933
3.7637003429549223
4.172438396553225
3.620106218939255
2.464343416559808
3.864386373809248
4.604800826702692
4.219739448208844
3.7377816947380715
3.4534497105382154
4.6387399811232575
2.5018960492639937
0.8564964873166627
1.1391306787089186
1.1887211434221625
-1.1747097511911717
-1.7264061532202402
-0.6566934705274047
0.22306795164568582
-1.2706046168638019
-1.8234134294191024
-3.1825167883938494
-4.731081845174238
-6.191904124980019
-5.609205677002992
-5.601711868699927
-4.559156622950454
-5.997025545807222
-4.018744148391192
-4.345713990796299
-4.705523936225879
-3.1015605550535907
-3.59119222434179
-2.1135710703006927
-2.475396286081418
-3.4504499661593506
-1.5357310858124111
