0.0
0.10484805260974006
-0.8302993716596857
-1.7916818969542263
-0.8320042334269433
-1.7016245372070453
-2.5180521526391946
-2.313938505780668
-0.9535783449092647
0.6042375744954099
1.2518058972352808
-0.2396252855512675
-1.7338978899475006
-3.393741054137819
-3.5202503800156526
-4.569830301801505
-3.915653120569359
-2.8870095833355442
-3.5135549562987896
-5.297471291294315
-5.763537147524288
-5.115502445367966
-5.352106455423373
-4.794965007878943
-3.490378830634868
-4.128642322207731
-4.690940443791328
-3.8699760629544238
-3.0974786842716426
-4.245318086619392
-4.089763572977029
-5.66479269766223
-7.001005244372311
-6.8601531928207065
-7.167342023581613
-5.370280120241758
-4.830731917642353
-3.760997543118502
-3.366975091323235
-5.900389837256208
-5.416443650893422
-2.414003404283063
-2.665472703917051
-1.114944965266489
-2.129918624483719
-2.950963385023538
-2.1372818478422513
-0.8766718511714675
0.34319217351705966
-0.9738357316962878
-1.0733770076187903
-0.3494853938278819
-0.8983745069752136
-1.0878293006451845
-0.48776658093485326
0.6877993449942943
-0.14784885629043276
-1.233623734699382
-1.4292011661482036
-1.4404575586250739
-3.239628373367328
-1.3136562474660471
-1.2184514933226989
-0.6260980951418906
-0.919015658085373
-0.23896092194835683
0.6956922468583999
0.9098024112835028
1.0902954862760166
0.18281189992085478
0.20954984765519852
-1.3791547441834195
-1.8281915534853652
-1.2093284213891207
-0.06323270150017324
-1.243587230773584
-1.2849523951153434
-1.8492633225175137
-2.183030969396262
-2.0836411965104618
-1.8869849573820885
-2.393718358594886
-1.8519216032278876
-2.0679759653470255
-3.36992544181387
-1.9921822132510865
-1.067066873850316
0.23431354119195613
0.5275775898684425
0.5899734077027764
0.9808610748663218
2.3452078321693812
2.508160193798208
1.2917528704522736
1.221084538203395
1.4449294020355645
0.1069732754621362
-1.8466314798666474
-0.7558415973587865
-1.422340509609288
-0.7447870129516544
-0.03046600984200898
-0.08707728106422694
0.06252093820433834
0.9385223849614057
0.18892884119358522
-0.6254037830800827
-0.8602575012818023
-1.9303271903665191
-1.2401490390782346
-1.253211169980118
