1.0
0.9125985341038104
0.8033500588481629
0.7828652364662575
0.6887830747402414
0.5867064644645149
0.5743312232763708
0.4977913643978563
0.47324662900922404
0.42337461793513087
0.4416708450388227
0.3412190083178096
0.2525273473992379
0.2611477095476602
0.1744892240211981
0.18066993423380845
0.16697739916078913
0.12721534439143925
0.07313887452906952
-0.05886301685779599
-0.05813170089770641
-0.09083139927868647
-0.03902870348234077
-0.04420213110395634
-0.026575204378850754
0.033376450043956646
-0.0010730574729872003
0.023244857040090328
0.06306571104332506
0.05468029412370394
0.037002046365729166
-0.007925010398298793
-0.022151493109167315
-0.039171590964878225
-0.06687262713877265
0.0563863372009448
0.04588092677869824
0.10273932170168185
0.08602089737305028
0.10613558140514988
0.11376966502712113
0.12099152268325494
0.10868732099299111
0.1349135537798387
0.1114955247759988
0.02887206435099718
0.08258196087238945
0.12084199078726224
0.20905750419090835
0.15293739315727203
0.11783819733187545
0.1659387430115991
0.10123311893326803
0.06552354515705702
0.0718611170551888
0.0313663352729924
0.02311546356141417
0.052781231399357656
0.0779662828397223
0.11691235163574881
0.16064039632948746
0.2626289229085454
0.2606775491008239
0.17609609671623244
0.16404647779394127
0.13487150551704094
0.1316258777689365
0.09998341702177634
0.07998167409339398
0.1633120471213377
0.14324643729840808
0.023914561583303198
0.027227720594431987
0.017644515055934923
-0.042078441707325914
0.0021977029110716445
-0.024640609269622492
-0.03881062433005719
0.11591488751817465
0.10007315518493616
0.1746731285245537
0.1829151865438097
0.12228912045878
0.14081115999793103
0.1344797509703011
0.10390417030838248
0.09109595152584929
0.02312890656074615
-0.039052471807415584
0.01019332451631675
0.032481045817118234
-0.058894168422565514
0.021033816051997008
0.08407683376550222
0.059696707379604405
-0.0024442132786979126
0.004351192223386322
-0.008286502999233652
-0.04196588858814089
-0.06838681798881119
-0.08717950087554555
-0.0006333544277719733
0.031540760649498074
0.027115835838410752
0.0357844043603902
-0.05078642164184625
-0.09092149171608606
-0.12204174759254906
-0.08999514650230583
-0.11080034797931523
-0.16476401482712227
-0.216863094668613
-0.226034214393795
-0.15920843123419892
-0.19672741332429047
-0.2225398454224539
-0.22457877606898258
-0.23251666509088253
-0.23596555150809082
-0.13271173232468647
-0.10822719515425319
-0.11669148217695229
-0.12962647092750051
-0.030468643272253862
-0.004464595506914023
0.004581078320587105
0.02210306980604099
-0.005551205319676251
0.011493444100732723
-0.016062546073440424
-0.0534737870944519
0.026844363296325058
0.0051579479720897
0.013452376179685609
0.010648051126376613
0.04618482377110841
0.07730567809035678
0.09406972866166972
0.13281138927417588
0.09298422436224313
0.01702748160657548
0.10588396997285504
0.02913761356399054
0.017541417300411713
0.01776310589586502
-0.007699352468117999
0.021376205207220042
0.027835027788524258
0.007159098540390475
0.035003429824006956
-0.056835730132155565
-0.0005934349539792744
0.10363133878399465
0.11845199838157335
0.13186935126483734
0.06394890158185902
0.042171083434895756
-0.007507306767926346
0.00547521257567805
-0.046085576926664214
-0.03528393356480289
0.009385048717052542
-0.04667092593811786
-0.05516230938872523
-0.06696892442529592
-0.07948061951993325
-0.07771073097755637
-0.23041744997160962
-0.21984770353947408
-0.2616727430779474
-0.22757566573983562
-0.16452852425845582
-0.03957703482393998
-0.07148850726585582
-0.007335185804592359
-0.04463249892599597
-0.0571386002177081
-0.07343659053571658
-0.10669958521968122
-0.11870276223898002
-0.10316249083693214
-0.00958320864695851
-0.00036343420305256623
-0.049843322316858577
-0.10381574642824415
-0.11540678067712111
-0.0519796641328864
-0.1519540427655809
-0.1188006872992018
-0.05126328209478126
0.010575051751500301
-0.14992218330162566
-0.10566648130449635
-0.11541638535289833
-0.07041107560699315
-0.08881298907842053
-0.027476156999934498
0.041805597131000086
0.024186589364916692
0.08755103647817716
0.1072230160486391
0.02304802610910925
0.10370447246344006
0.06533686010644282
0.054470850028282836
0.05615459113861906
0.07694855094725417
0.12273053319117011
0.08440301457966493
0.13971882452207632
0.12210595789814407
0.12232588261228466
0.0747762009143089
0.07868867552240129
-0.04958165375805672
-0.104434445200521
-0.06352015212417894
-0.11484929245029582
-0.08209594078175614
-0.03965781819277766
-0.019842014078901918
-0.07241746000774109
0.03156870479659357
0.11760916147393048
0.12237210719163884
0.12394651071008259
0.06705901896610422
0.05431855398998582
0.15866712055883486
0.11974789292474092
0.17361403617071608
0.11704145733382496
0.06915165233522848
0.06591834036816194
0.04741420015778875
0.08189598255789658
0.03875407839163528
0.0953091052578216
0.07447740827145478
0.04771167131162973
0.058077369098255366
0.01227957797831599
0.06116452637078349
0.10216391575929816
0.11594812923371806
0.08896716363677586
0.040957145719631764
0.10218639607294933
-0.019515830529350783
0.0005865409550635803
-0.03723669917714447
