0.0
-2.1015840108460413
-1.9095008267208313
-1.146829602353918
-2.518980292442275
-1.0128918657445778
-2.1441736340357465
-0.9457269795864736
0.13062437263548599
-0.6260394721118818
1.5417790556773059
1.7631905231750542
1.6954259107243599
1.6348526316706415
-0.41936299747373273
1.0701862992575222
1.1160851622747257
0.7801768762847449
1.3629659019296814
2.4173122179773987
2.458548060595651
2.38855646405503
2.581433952887151
2.3693369227233267
2.476548296412229
4.2198399362914
4.692834846687376
5.568389075686511
6.779567217763183
5.19135709276407
4.320624792898144
3.9357845793349613
3.7522931506295603
4.2461495730189265
5.628704381726892
6.360975639908295
4.287175160350881
2.7903879354700285
2.9126879169643423
2.9243041960883502
2.4821909903327257
3.157431119179906
2.55723612780034
2.227806574477744
3.006027572814669
2.644576346170033
2.9252267905776708
2.950941619321397
2.701690029445263
3.15449801652605
3.751365989102196
2.7873630012398367
3.1189681696264127
2.271696956195263
2.758401668419131
3.131957878643959
2.5912515809365253
2.386061053813612
0.08195022567746824
0.48700934479659813
1.2227197174515658
1.9377559003989342
1.594298923635964
1.776934978337958
2.146731111271364
3.1346412185414416
2.9585108424957687
2.9324467194277695
2.2731262615016985
3.3363082756240763
4.127889338839312
3.4437758865186634
4.367205294192112
2.951204570281886
2.6344715255588036
1.635815431810582
0.8374192301319764
1.122297425109727
-0.46440353041949556
-2.1110726046030104
-1.1855041396011057
-0.8000720302125839
-2.019064677703665
-1.903594400897395
-0.707747483521358
-0.95800459299199
-0.4944857048906466
0.2622204341550959
-1.9492910296690307
-2.595146455256505
-0.8479139510349747
-0.658871414073689
-1.0620215254549046
0.8574543474106623
1.262663101254174
1.0408137950499277
-0.3334332190574415
0.21967587260397492
0.7545903355626132
1.6067679289677355
1.995042681130792
0.6535603849268607
0.5940615317109654
0.45685896951764826
0.36765980195055903
-0.2907150820611658
-0.18427010432940322
0.23709539735833085
1.1012218825090296
2.2034598847830855
0.7099799598763765
1.1693989867393517
1.4974292160343792
-1.2377232278251227
-1.409007265518678
-1.4641023027615512
-2.2107873291115534
-2.2388458542626677
-0.7194998888944866
0.4026904716550044
-0.5778808009167756
-0.45363085961683597
0.09152884107232606
0.7224192854090473
-0.7613306817047587
-0.6723567334868602
-0.25893246853299406
-0.9177062735271679
-0.30533809890973773
-0.1210021367367689
-0.309657199866849
-0.9598407030506012
-2.0594248317835664
-2.7991547104128474
-3.5244900732183426
-4.370790136363808
-5.1625036857268185
-4.907847080410557
-5.942356561418919
-6.425171405878351
-7.898343725262185
-7.053145148556152
-6.366477303323265
-7.311207441465218
-7.547032730014758
-6.635675073718364
-7.219461136165707
-5.957160406115544
-5.592534262414995
-5.430601895759213
-4.629314687271382
-4.021671042112713
-3.3562325712233463
-2.2566422297055153
-2.103624835584073
-2.441478574799233
-2.907990015121659
-2.4178186371938146
-1.6710383802599547
-2.0187270757595672
-2.784177083334428
-2.993911848287973
-4.642872429116495
-4.9216693690554365
-3.84190999097295
-3.7328183730077273
-3.5141808574126934
-4.313025528544353
-3.9092810288819546
-3.9866226079683926
-3.0914275400674702
-3.1775924517834504
-2.6421764961947742
-3.333444429194735
-2.715567419325528
-2.196227706752919
-4.133879539073687
-2.5836133577388427
-2.5884317777716093
-3.1622009543940095
-2.762074847929397
-1.0080234798045267
0.5638591068236272
0.2234890499437292
1.3143956465364939
0.49874512018449946
2.0276569266026816
1.7009615816296457
0.7698331679120922
0.9849679077884608
-0.5477622333766994
0.08061204525831261
0.635352074077557
1.1281871800226153
3.2478428710903984
1.006183746378708
1.4018949326314718
0.1663786508603906
0.533328716735399
0.4520040481886266
1.0538591311347945
2.287945572715409
0.4501838107391123
0.885015376666878
-0.9878252371354925
0.7775599637982051
1.2894417880956837
0.928456494159793
2.333914644846647
3.895186643974685
0.7466672684804672
1.6984787565713435
1.9967509926167388
-0.6878078992496801
-2.186654505111858
-2.2625156692669024
-3.4720967416973165
-4.639808407506543
-5.4631842430899695
-4.435916836582975
-4.541098891281967
-4.049009207457679
-3.1807838494396967
-3.12735020348657
-1.7451862267527525
-2.021708097575666
-1.089159153191543
-2.0810630023554104
0.8032632128135311
-1.0204298377108472
0.12260706166196722
0.2582212889148081
0.5027391652136596
1.520017133352606
1.0678900597399732
0.33704355911376627
-1.6965236316286896
-1.8841948860264137
-2.160274134759948
-1.0735335107330197
-0.980330771182964
-0.44147965264411043
-0.630453923635844
-0.7789982219586469
-2.40291263960348
-1.3844269430882474
-1.233731480430794
-1.8655523460849128
-0.9119441048825272
-0.5632045677681257
-1.1152439725536238
-1.229916848917148
-0.7141825113653013
-1.9791859814702946
-2.3218726008790522
-2.3388817722441213
-2.275032414867534
-2.2500569089617146
-3.9064750945741817
-2.768513679209829
-2.8224635556459328
-2.638109264560408
0.004236748356114539
-0.1988135303236077
-0.017009840202689752
-1.4461994735866621
-0.5224611099879827
1.54699726676559
1.509012488436802
1.0559544439601838
2.36212085644071
2.6964001572722474
2.2804654253564736
2.3453683305210724
2.482592481282579
3.8448420015868034
3.0145302618898095
3.8740601843571545
4.025107427252256
4.690388842143826
4.790914212635258
3.6351537136874947
2.54393232565099
2.9459574842140195
2.495008912791308
0.21619815729984815
0.38644549600217815
1.130202859956163
2.0355840809165535
1.9193059235904402
1.7815038408256776
1.1677835113169424
2.1048462398555143
2.935137824657948
1.4518080126662423
0.8716759229890567
0.5193514570957178
0.08117001927843925
-0.4058847168974004
-1.196432265107962
-2.7526919619681323
-2.587126614581268
-4.501983144743884
-4.578922150883918
-3.89219347609104
-3.4244408513113545
-0.7563111418848041
0.15038914535504855
-0.21401907431626058
0.9199584730796823
0.7327187565734992
1.3473684467315359
1.4680107975099141
0.6389433843636005
0.5046377916116823
-0.05224810465761892
0.5005881089392625
0.9155252448056668
-0.33755326298797295
-2.0828090210349544
-2.190501605926151
-2.6326544262839815
-0.6021073240741839
-1.0157074311701806
0.928041186744147
-0.032918889782858174
-0.7087857015835533
-0.14056535563428363
-1.2075628529408127
0.5341629628482267
1.1996425480526298
2.0485801377066446
2.593357131812418
2.6676488069055555
1.6682717771698772
-0.21482785000115623
-0.5111698926233561
-0.7987274108580473
-1.2161646734134635
-3.0496288024446203
-1.6296680148079246
-1.8698339435479663
-3.1315524214954977
-1.8620061264061785
0.8072249327304488
2.3661419762694527
0.8575826145842227
-0.06915942117170393
0.34555976991349735
1.7422595537333452
2.955201964073515
3.0789182442123852
2.736459267626331
3.3997158437137918
2.965482274894077
5.16894500020085
3.7077242419446144
3.3010714789736815
3.179705039538417
2.478150448158071
1.5840423411601239
1.849611469098161
1.2623036983773614
1.2960692337346853
0.10978833371536112
0.006107696218326533
0.48971949527251935
-0.6358317257329177
0.3735050038303318
0.30322282531874617
-0.6284583735470379
-1.5215263696789738
-1.8402659194183695
-2.8860276357242327
-0.283561071431909
-0.7952249077872614
-1.393089446181678
-1.6011039211534586
-2.902573947857884
-3.9002771234531335
-3.865482861284688
-2.925056504598642
-3.446877235504832
-4.073010046760662
-1.798677217134027
-3.0099216090741203
-3.530966201715034
-3.056520663522173
-3.490485644885113
-4.497508938757531
-3.8066321872282614
-1.7766673112858091
-3.8966552832553196
-3.16905144890893
-5.367185943846205
-4.968283535112444
-5.960408699350471
-5.0420546055618995
-4.633945357453261
-5.814595904827318
-5.189153695418167
-5.457533127768153
-4.6509594344026475
-2.9031252468797746
-1.210059949899439
-1.1764666083667294
-0.94253137795191
-1.410003925878069
-1.9432967425009604
-2.3649171874011548
-1.4369804437242966
-3.231004648832556
-3.089844671593014
-3.19144181543781
-3.8384328119381887
-5.227583556152184
-4.625209617827516
-5.166207052788138
-6.193287189769378
-5.490304530678276
-5.1958471377995235
-5.727571183797675
-4.492934671017825
-3.7163358209658948
-2.8976604243271633
-2.2705938114564534
-0.28849775489692675
0.8946233963082841
0.6847842211608826
-0.9769824323348253
-2.185352796302444
-1.9764938181067704
-2.508965159231157
-1.0100436545941633
-0.37941582439088806
-0.16603648219653241
-0.8537476198540827
-1.5179432219382045
-1.449236048796954
-2.3834765759639183
-2.421596573153141
0.03280950863557308
-1.401161052103124
-1.7460382109000583
-3.2702276754400117
-3.1001298474849768
-2.9088857941583877
-2.538137774693023
-2.2154543630898487
-1.6230150344908
-2.0934426318704773
-1.5565966361689012
-0.7276888538378473
-1.4441732682409993
-2.263502216494639
-4.038046363385972
-3.001034087496549
-2.102050790263151
-1.5285957643090111
-2.3607673253058437
-2.9564100960998405
-0.9999972258937284
-1.294966271195432
-1.581582566519545
-0.41741221943193874
0.8432748012858007
2.5699476221348467
2.3533902412324332
2.569947686680612
2.039772460803414
2.454901583231301
3.2549421125494336
3.076949116206192
3.3141852126359934
1.270036653740158
1.6790522183301702
1.1583607214937377
0.8941730017041294
1.14760769168665
1.5690407884061348
2.311551200742561
3.6990922562831967
3.7423520475627403
3.108377019451163
1.2988736586573435
0.5430651868065667
0.4681686212370148
-0.8627083765465566
-1.6786718653451043
-0.6787354812416603
-0.268869916540431
-2.7913103268676895
-2.059713180078197
-0.1319336140765608
-1.253105597896592
-1.6744745287673437
-3.3395082149116577
-2.8316275359513545
-2.1779546521477133
-1.578860249542866
-0.5662525937121372
-2.288774155512089
-1.6265852029592578
-1.7107308005773967
-0.7037031098188254
-0.59481303258678
-1.745603621222373
-3.435886314863575
-3.4768422634200515
-3.08787352691515
-3.0835547196991397
-2.4890491571189277
-2.7985729708991647
-2.839370622953213
-2.593934671249617
-2.7132957580486807
-2.9732603951652514
-2.9700347438818553
-2.898462995411151
-2.9901076953779464
-2.982763940215083
-3.0894250301945183
-2.6859320477400503
-3.125019752712389
-4.060084022653708
-4.6164776172743345
-3.628321881848872
-2.8945723048139693
-1.6389344874290508
-0.8251850469916473
-0.17119797262082626
-0.42733179156897394
-1.2447431255955852
-2.2538248357986213
-2.1525750457546615
-1.3180008758355108
0.1927102084552701
-0.8065927318515818
-1.2718760131805291
-2.0208928103772883
-1.4224549392915846
-0.9895543257837863
-0.6376748885838481
-1.4826714070178677
-4.741808666786795
-5.520338632739566
-5.295270113124013
-5.152998131457516
-4.342702156510022
-4.596813888601096
-4.285901718046302
