0.0
-0.9084814327806611
-1.3571670022281341
-1.641493480463494
0.524178225810368
0.03464036286225608
0.4861891557807419
-0.4225136513198099
-0.5071137379805225
-1.0778691503697009
-1.8656929020139446
-1.8501019933581713
-2.074541752136095
-0.9946390427905649
-0.346098994099559
0.5223590878825173
1.279005534882633
1.3432666732890102
2.8735124974682646
3.999000717812127
5.147772005373841
5.67411070127731
7.402556725308328
6.12020888535125
6.467064186638225
6.867876631286803
5.152663935670766
3.8721358468581686
4.024727779454335
4.607854568454184
4.485378946096212
4.758695807832854
4.405357162259393
3.829267386607175
2.7801746470963056
1.2266213904237324
1.6258738464183078
0.4686725460768779
-0.5273722293586127
-0.6912324709578961
0.3580726656800658
0.2189100278852658
0.38713963030787624
-1.2745414329454565
-1.762289329202745
-1.631103887063681
-0.899080297164726
-0.5184993121138933
-0.6840957599848853
-0.8001244626295122
-0.1311681097661156
-1.968275047838231
-0.5384828032670195
-0.6792998826945593
-1.8542078697537958
-1.5680526662553829
-1.5193698393362394
-0.35067990392489645
-0.38649133775227285
-0.5243061985802718
-1.294864784768977
-0.4490097728905401
-0.5600873666988209
-0.5730369059695835
-0.9612318778728428
0.23420615395663813
0.30276821420178124
-0.5474810221309137
-1.1045689308810385
-3.192185526326929
-2.3508114038293053
-1.7909577393831633
-0.6284512088096312
-0.3891147448668693
-0.30981087592164824
0.91309688762151
-0.5052635133344692
0.9077387763887441
-0.5486770311405457
-0.768999064854982
-1.2030762896997615
-2.220364662658877
-1.2551534468071472
-1.6866602053930175
-0.48173752281792637
1.0733532111782367
1.0150362622864093
0.5729481202512281
1.6900673307385974
0.8658358162046359
1.2862625635998277
2.0953866331855853
1.5183079409517375
2.3721874054528214
0.629787301675476
0.5069674853028449
1.285032656837873
0.1339037302691406
0.09825495190844064
-1.1322887114898812
-0.985717834486716
-0.5051559551972207
-1.9523545982124062
-2.5147925393759127
-1.9288634861772616
-1.5506984628168685
-0.9946769503633466
-0.7382955407966474
-2.164834832111408
-1.0521801317936779
-1.0419746454693222
-1.8308000241390276
-1.533810904159156
-0.663572947104953
-0.26436766313452525
0.05195650868145621
1.7396352091693756
2.2090849491867224
1.9235765709831285
3.0430487037712513
2.7078744738867284
2.7824303033486926
1.8099564099846648
2.1127706452004835
1.8382307882544573
2.1648380468919903
1.042373644818144
1.705612620866557
0.2919430687521032
0.7013623012985876
0.3633589062724778
1.154863956714503
1.0003204919984756
1.5201771116109257
0.1593246102492647
-0.5971866286332752
-2.2976638103697242
-0.8970117836891593
-0.04270355716611207
-0.9404382717591063
-0.807252540123711
-0.6187261459714309
1.2729288601998425
0.1597935551665205
-0.7248068103669196
-1.3331357591601158
-2.224165265209296
-3.0597633128943915
-2.089198897311993
-2.3624392654862465
-1.9798434984352584
-0.708041432171858
-1.07718333609522
-1.2588207509836387
0.3224614511780275
0.5042032051122861
-1.6081497225251704
-1.6785709618528193
-0.7362400171936965
-1.3729470420157446
-1.7805810723665836
-2.0211086833927814
-2.6263939315613687
-1.581804843598338
-0.5360191419557994
0.2057223324184817
1.2068969792467614
1.753864515999035
2.417956424491181
1.1433765066902204
0.7998934538401906
-1.8580987449584976
-2.1281706666326214
-1.9028765924497912
0.492060108665628
0.09871666832550913
1.0657951606518494
0.7981166054441836
0.8083608712888649
0.7321301093355438
1.0452325784600371
-0.6067381676357458
-1.0866496795580725
0.3381765581309151
0.34449110144639833
1.5692266249004243
2.8773879004624585
1.7988442445939947
0.9908441894491347
2.4017064733715943
2.23943546173046
1.711780646604454
2.2305256783495406
-0.874818349821556
-1.100335172538833
-0.4404693066512978
0.15597874921824711
-0.3857423984973335
0.2376128507491892
-0.7946353701541158
-0.6077823136399846
0.5008746828370336
-0.6134630004285478
0.10652441302409454
-0.7119609805311211
-1.4821303229520255
-0.3354028941559808
-1.2328965632571665
-1.2626423828323907
0.3019238684806871
-0.684632992200392
-0.4018114813020107
-0.2028588671776779
-0.10771698363168096
-1.2194970599654804
-0.03577600562702843
2.8639945466291836
0.8884108975698204
1.556189319868662
1.9235304910489703
2.6371025566013526
1.3977762398133937
1.3049344991247869
2.17044220994364
1.5483167763963017
3.191712063931957
3.3191098206900014
3.3545564862113846
3.409422662368104
4.53100277604941
4.570995126534115
4.087157260852477
1.8829346207027187
2.3912637402103716
2.06728486704406
2.771466780982649
2.9173971145153716
3.9922736862301695
2.7954178175186466
2.0036901079297365
0.9845554490904844
0.3607602731876003
-0.9808537956066244
-1.8750150218080517
-0.3030799914427649
-0.459734389950764
1.9098377004385383
-0.19595800341709224
0.3791905061549199
-1.7798955194206982
-0.9593508105542256
0.7773009680552645
1.2732738001897315
2.8734156259171453
2.8094282534186075
1.454154945220249
0.4069383633522754
-0.5184441287965906
0.22019664215241752
-1.0251553458951201
-0.28494216352445634
-0.6114733577689335
-0.9940403057440291
-0.7376979367953926
0.1409306589440712
0.75586052567526
1.4457350757139356
1.7715324958250909
1.4247457963338934
1.1585549802937034
0.44659275495254414
1.149195720146821
2.0991322135634918
1.1051794356203577
2.438662093323188
0.9890913203597462
1.3280070562786719
1.7554768308433673
1.4462605337678367
1.0504572970074249
-1.5372701170484362
-1.3106642049330834
-1.4245135831176794
-1.233166140062523
-2.421538514722365
-3.1919601213805353
-2.9668572461504357
-1.8236502224499844
-0.38579050110567503
-0.4605366475445431
1.2004642049090202
0.7569907862113494
1.0077421961383863
0.917353849094456
0.9634827027826511
0.9177699178672765
-0.4426244573163255
-0.029567065184396557
1.1839856993348439
2.1417827830161453
2.1932249370453936
2.939091150863837
1.0553197307863558
-0.537370698000883
1.0086541276020071
-0.7764326721407723
-0.7574006734199324
-0.8780679800795816
-0.43826853779281866
-0.18250880757987942
-2.568373971323373
-3.3456145517887226
-2.6062863590340224
-3.5895247250019464
-2.7267956348773703
-2.6794163227749976
-2.18182977726067
-1.411395823653528
-1.5588510108814706
-3.0546189892135343
-3.1665399387634134
-3.9603142647371437
-3.532003602445937
-4.016141847064863
-3.3838107483710056
-2.0201635221517993
-2.2020886449876786
-1.006190097202866
-1.8154580134956375
-0.04113065259108528
-0.8579263486479478
-2.6794893785785585
-2.242017814726829
-3.7761955977948727
-3.800428433277067
-3.357555517274538
-3.9020742347955255
-4.901458520310407
-2.4894848205410827
-1.3013753112628594
-0.5371346169925743
-1.512929144772871
-0.28778829022444086
-0.31842336954398026
-0.7051476741665147
-1.6936955989115305
-2.09631227582952
-1.3562764407287453
-1.290771301173702
-1.8220332188220767
-0.9632762163710556
-1.726569396358197
-0.16316746972456864
-0.1392744381643896
0.9982414783223573
0.5296256695541843
-0.17141537557046627
-0.9521067191053885
-1.7445873286857112
-3.989062507646327
-5.431853255005912
-4.4460819507058105
-4.834984602781627
-3.2622687520249696
-2.8135327844368083
-2.006370685499266
-2.0112929374824553
-3.0405227186915957
-2.3780813205403213
-1.805472375190353
-3.395481668869878
-2.426023902490653
-2.371522552768415
-2.6231458175962676
-2.4930903099501185
-3.7287094136489047
-2.98758627952261
-1.6344427709237495
-1.9505429676757893
-1.5013404897327223
-2.738131830696309
-4.138392439267172
-5.377329192377913
-4.298075466556904
-5.793063200254803
-6.341464762261445
-6.5202047912955035
-5.251894266844552
-5.102588345374621
-4.177743532333744
-2.8385158835529163
-1.6893313005662294
-1.457094537142127
-2.886978330880498
-2.577374564996648
-2.8066019821522294
-2.4742704866304854
-3.086085984142152
-2.7822116184306083
-2.5243776498920636
-1.2136308170892958
-3.1587288877478583
-2.6310239397275836
-2.400416678790212
-2.270413652766983
-3.355084858823071
-4.176903725646986
-4.843034812213901
-4.193376170923041
-3.7273002768705585
-3.2303713148867397
-2.606667050777236
-2.4158579399182174
-2.769972097782938
-3.197214921771672
-1.9690235995416037
-1.0692359335001385
-1.5018511092770601
-1.1958926749735905
-1.288855669933418
-1.315547463477521
-0.8155188803437493
0.4661730920823549
1.572315360623607
1.8655356595568497
2.063403820043402
2.3373059440392363
0.5301030258662656
1.0205378451784504
1.6193205225563143
2.500749453962271
0.14949449840032836
-1.0928205976127148
-1.4754365464731283
-0.28364981748676654
-0.7254080759159078
-0.24668746773215117
-1.7381097135802266
-0.5165243115081894
-0.537333547145574
0.20622051259018437
-1.508086036662328
-0.728847893139517
-1.0946122983091322
0.434116791788107
1.0304898230649622
0.26547500728970685
-0.8724853459112994
-0.18172175840953053
0.45568507124506763
1.6458689033141969
1.9375200267187265
2.8627888157204167
1.5058142492038047
0.17629934666026248
0.3229925320739877
-1.7136700162237375
-0.0971404529447153
1.6682527924560375
0.3022241231209899
1.0205513485464697
1.7109340671489894
1.6828794636709197
0.09488104534847963
-0.05370740579453691
1.656637816769538
1.2862783876706665
0.001203639264947709
1.6364158639626558
1.472551931178601
2.5490283996494667
2.013912786417478
0.8521538920957292
2.1058986612067727
0.8531491193437215
0.9673982103842919
1.8910642259085566
2.062979071575503
3.6689683213003885
3.1974039584001557
2.6880853516312437
1.030336569552019
1.508532067393998
0.46077633184141065
2.1547260383130205
2.735450345666718
0.534842336272727
-1.2271284452767879
-0.7908908552567946
-1.1559994514296246
-1.1513106414573526
-0.5644379580726406
-0.04805565351763108
0.2589169423201469
0.0897380761687061
1.1026135417832523
-0.12714131678929597
0.37878724855609625
0.42366047958766995
0.1309704104486808
-0.07652314743462008
0.14607212105861062
0.7680553458887526
3.039321745389466
2.3475175711140817
3.6415651043554713
5.097180642980989
5.091657480954252
4.65039596361507
4.238352267440891
3.4301844338410308
2.4658691003236743
1.4844642754655266
1.0714474148069757
0.7561275899670498
0.9131186298872789
1.111347837780277
0.9497961020918897
1.3033585136739123
0.9743088528098708
0.9004353529880883
1.8057417417808357
2.4762966960281045
2.545875165695749
3.091011671543934
1.695539676028043
0.8131828956788195
1.6082924701204844
1.5669864101257964
2.5307203607297826
1.827226234608288
0.7649769951055023
-1.3030789144455728
-0.44049325315758814
-1.9859232425040496
-1.4609983674400184
-1.276962117494816
-3.8882250368664204
-2.7568081917349536
-2.8991986035387227
-3.4250036391589167
-2.27517490917444
-2.2380276597024484
-2.330376887768108
-0.223666592047169
1.2921629652221884
-0.08192090704746935
-0.16325228276228543
-0.763323366595395
-1.9102227890768675
-1.761662612539428
