1.0
0.9137078906033655
0.8684388116583038
0.7951709141488313
0.7435934693670173
0.6973326386908735
0.6334886833417398
0.645970602428678
0.5656662813878246
0.5301860646637292
0.47039725318049425
0.4385822205421612
0.483967386291747
0.48590531658707176
0.42592874459062924
0.4465984709819747
0.40843351159931685
0.3038921577840273
0.23854989855232803
0.20637626940539058
0.3054781679193106
0.23573392203181212
0.2574185666768845
0.272167323136818
0.24729139936528524
0.21117244052614073
0.23294385375698468
0.21235983519640286
0.14953731076087368
0.16814249149754804
0.2512405265582257
0.24170798376432467
0.2762871152375939
0.258802947306734
0.26031081273552475
0.2664012561446625
0.40951774182960676
0.275789945041773
0.25931255900720446
0.20011670995906544
0.24336230268384662
0.208187527982436
0.18534330144022917
0.15284549579008433
0.05447838985613811
0.0410465724547877
-0.02412562908960643
0.05130277757516587
0.08809933213793533
0.10636252935579558
0.10949866101445399
0.17564965713501168
0.26801882375300967
0.2944774382511968
0.30826632001449944
0.2624675819729628
0.2039556191382813
0.10992435975848563
0.03387761577332253
0.05433167043567927
0.010381301773143496
0.01021569947823746
0.029067131933093307
-0.029496710816649972
-0.03217101185488237
-0.05776975317225774
-0.017754037432005897
0.022412690136110504
0.020625471943461027
0.16191928926155466
0.1483360319886657
0.0672093487514099
0.055847593443901736
0.037918033079589866
-0.016457841241853656
0.0224567033010678
-0.0035974063795743035
-0.03550961775075795
0.038660132411418274
0.06764633475588214
0.06910651473177043
-0.0020662915123388914
0.03901233304697816
0.105854769886407
0.11856351128184982
0.18444470549760028
0.18905724880481312
0.21494106332299437
0.24483440342343116
0.18378319592724376
0.2391397804182463
0.19199681363010346
0.16837767044198265
0.2039464806524066
0.010438407607769123
0.008574318719825658
-0.0029729868259748497
-0.012158515204604448
0.031593218407048575
-0.0981661976143281
-0.059692726731134585
0.0249776493666621
-0.06535878737117498
-0.0645315237414069
-0.10616990222543732
-0.08600214291476795
-0.01749631075129089
-0.07730160085871705
0.031377125661109465
0.06845704312362674
0.013270565954553913
0.04628233456542185
0.06167194608001955
0.08710591642547257
0.08419492458378193
0.06780041207974136
0.0629598170602115
0.07583973649321551
0.06772000028057353
0.03920864517464391
0.0028315339915287105
-0.04648727676933026
-0.07849540579609758
0.01536977176694257
0.05200123007808377
0.10348391766108357
0.10139667178121999
-0.007416835227977786
0.026816536278481455
0.06245668590937109
0.12060366166662526
0.16529872348058447
0.17455007142422663
0.21735505445221898
0.1960959169087746
0.24534274544624832
0.25920215068467783
0.3244489499622366
0.25717590819694885
0.25448494294504664
0.20847337678747363
0.27008403250119023
0.32458178771388124
0.26278172170360237
0.3238883115732306
0.25604192530955694
0.20814859570482697
0.23980925428043315
0.1065939497528871
0.11352990288255746
0.05245383402800694
0.016951201080813515
0.003816089690325243
0.02102188005290386
0.01912681941623256
0.0627904634087972
-0.01502626247143743
-0.07350608441683165
0.023789675972159433
0.014255982492748256
0.010613785158822846
0.025543424857896797
0.05814710111681304
0.13456508180436003
0.06660226308996012
0.06435308104643844
0.10167526742978028
0.12543863776290168
0.14192147689875462
0.16351935488470826
0.18563149540590937
0.13630844109750065
0.12379711226716353
0.08448257464462872
0.017294124628515872
0.10966455832726117
0.05606022322269412
0.04735249431423406
0.05177997334025552
-0.06549570801344597
-0.06394963939773285
-0.05572564004042066
-0.05031439750122337
-0.09907967785661241
-0.08183528735325814
-0.04649440553942877
-0.09921390921662043
-0.0723796773415264
-0.15449243357353276
-0.10131821641025715
-0.06085992375164212
0.032737655348933956
0.032842758617706524
0.033143401212305294
0.05306407126330864
0.0010198146896277446
0.05761994574428231
0.05717235015612256
-0.036633506894583244
0.013689148961939821
0.10573068376228961
0.1374283134233868
0.035072967567025284
-0.001001037346405144
0.07893760897108479
0.09447206776127617
0.04933915434367673
0.03233710179834874
-0.06720687690112193
-0.11476321609020534
-0.12271760554473929
-0.07999522864647886
-0.038206162596460355
-0.0710378410622261
-0.06864403917452118
-0.029639294081129704
0.01583323652665643
-0.06739261173716667
-0.043016832659281336
-0.07405931011910213
-0.007540929799756839
-0.015722383152295377
0.07849036541850696
-0.035575165052936994
0.0054777164221487575
-0.0342731210914312
0.039898852508426216
0.010884601476499323
-0.028577257717956335
-0.12042982782321993
-0.1616481166530872
-0.11017491191296876
-0.084486939537998
-0.08125463142514894
-0.021148563739177596
-0.03735414404923379
0.039947802443507874
0.027540916202995917
-0.048021631381910124
-0.001077265414828693
-0.03269367119020185
-0.03530677904711149
-0.0027078915631712566
-0.04923144449637219
-0.07254620462091206
-0.032606558314633875
0.02415210413231382
0.061205650984215994
0.0057961190081540145
-0.03884771211018746
-0.0792709413676142
