0.0
-1.2687503807549025
-1.9522188180605302
-1.3725050750513343
-0.5826184049767095
0.938227281414973
2.3151271939610054
2.6027621767273295
1.9988372733726962
1.5764852139391725
-0.32131323736182793
0.9492569757148003
0.3165320004676776
1.6065947919440284
1.5061510725245935
0.9975225232014022
0.07671886445762566
-0.33188778620511244
-0.3659763616326357
-0.3379918705452974
-0.5910959741343389
0.5781359888649218
2.2896098483559677
2.007280527905359
-0.458679308749147
1.3337226375538433
2.9361318989177767
2.5657153527886876
2.4316482311351453
2.9050984281777414
2.7889871610150077
1.656221347542382
2.520927832833868
1.7259708135669318
1.4557604827254975
-0.34916086757571696
-0.42746948801232354
-0.0350933067240905
0.16375668868575716
0.4570309088444303
-0.6237558904695615
-1.908662278598512
-0.0663631587029625
-0.03197879903855462
0.39183498221808577
-0.08231559703325209
-0.8027549365079254
-1.057779806448384
-1.848479621760978
-1.5386371437283748
1.2740293673486223
0.6587200938202009
1.6857987938967183
0.49608194127861815
-0.4358946251370164
1.005668625092449
-0.9194529052439531
-1.2662351545003931
-1.6606118696659733
-0.4608293914466848
-1.3146085023874081
-1.2999761617294867
0.5463218844153039
1.5197809967612979
0.5450116468344555
0.9664161537229838
1.1470605287617968
2.2357821516744223
3.0238504639890675
1.9400089858438325
1.8636045750561168
0.982695120708406
0.14809948142224316
0.2416744938454501
0.8731085838027516
-0.6237408179940864
0.07304230192303995
-2.5311656308046127
-2.3158626783481484
-1.9469213088010162
-3.8081049291521705
-4.308490527202655
-3.8673585301081825
-3.8290595575668958
-4.065043867955518
-1.7969808004258592
-1.1967568093382954
-1.900423718007111
-2.0113329424711037
-2.8183909536365386
-2.4810462611773194
-0.8715076831752862
0.45590653284754024
2.0372254594878267
1.6093096136701717
-0.4228693362835316
0.23783555926373734
-0.6775266521770641
1.0229096987600665
-0.05943853082844297
0.6032846871019496
1.5270204147075948
0.19002331833720532
1.5612259766817915
2.0401805064773715
2.803731514573186
1.694208406197633
0.3776533384964216
0.5099868148165881
-1.0161196279945968
-1.0552679282395112
