0.0
-2.1015840108460413
-1.9095008267208313
-1.146829602353918
-2.518980292442275
-1.0128918657445778
-2.1441736340357465
-0.9457269795864736
0.13062437263548599
-0.6260394721118818
1.5417790556773059
1.7631905231750542
1.6954259107243599
1.6348526316706415
-0.41936299747373273
1.0701862992575222
1.1160851622747257
0.7801768762847449
1.3629659019296814
2.4173122179773987
2.458548060595651
2.38855646405503
2.581433952887151
2.3693369227233267
2.476548296412229
4.2198399362914
4.692834846687376
5.568389075686511
6.779567217763183
5.19135709276407
4.320624792898144
3.9357845793349613
3.7522931506295603
4.2461495730189265
5.628704381726892
6.360975639908295
4.287175160350881
2.7903879354700285
2.9126879169643423
2.9243041960883502
2.4821909903327257
3.157431119179906
2.55723612780034
2.227806574477744
3.006027572814669
2.644576346170033
2.9252267905776708
2.950941619321397
2.701690029445263
3.15449801652605
3.751365989102196
2.7873630012398367
3.1189681696264127
2.271696956195263
2.758401668419131
3.131957878643959
2.5912515809365253
2.386061053813612
0.08195022567746824
0.48700934479659813
1.2227197174515658
1.9377559003989342
1.594298923635964
1.776934978337958
2.146731111271364
3.1346412185414416
2.9585108424957687
2.9324467194277695
2.2731262615016985
3.3363082756240763
4.127889338839312
3.4437758865186634
4.367205294192112
2.951204570281886
2.6344715255588036
1.635815431810582
0.8374192301319764
1.122297425109727
-0.46440353041949556
-2.1110726046030104
-1.1855041396011057
-0.8000720302125839
-2.019064677703665
-1.903594400897395
-0.707747483521358
-0.95800459299199
-0.4944857048906466
0.2622204341550959
-1.9492910296690307
-2.595146455256505
-0.8479139510349747
-0.658871414073689
-1.0620215254549046
0.8574543474106623
1.262663101254174
1.0408137950499277
-0.3334332190574415
0.21967587260397492
0.7545903355626132
1.6067679289677355
1.995042681130792
0.6535603849268607
0.5940615317109654
0.45685896951764826
0.36765980195055903
-0.2907150820611658
-0.18427010432940322
0.23709539735833085
1.1012218825090296
2.2034598847830855
0.7099799598763765
