0.0
1.3163573247118194
-0.4135183368712041
-2.0891669163234083
-1.8031450104898896
-1.0766579980801985
-1.155155274402291
-0.4405648800315254
-0.038538856938511834
-0.15273157409274118
-1.3487405433241269
-1.0015383193050256
-2.3188278274453786
-0.897922684458605
-0.7887634195395077
-0.5221049624583687
0.1172082243988064
0.9298203165403716
1.0357457664393306
-2.1375744565090664
-2.7312162754437987
-4.210753119874004
-5.676727005647914
-5.375428954018955
-3.9977960797444334
-2.2501021106645474
-0.5952047352061822
-0.4526412020153682
-0.11329316536463607
-0.12613377224741493
-0.7569246090202859
-0.6706484154796192
-0.8096890952095135
-2.556173511438779
-2.934895121766543
-1.885011882234945
-2.434876357323678
-1.6470897164752378
0.20574868769923516
-0.4803460505953564
-1.8989374500331069
-2.5344135597771453
-2.2675239431401586
-2.9229286322939445
-1.4203553197945806
-1.6276990855954294
-0.260839769940995
-0.02147325543227857
0.2553945684052074
1.2520565469718345
-0.6262563718609879
-1.218085058830158
-1.4267335942878248
-1.3628466922801374
-0.3860094496882046
-0.7430032557459699
-0.36236469977434255
-2.3137712969905873
-3.3366554555200825
-2.707717247765829
-0.9801107548919001
-1.9786563249768379
-0.4645911839058334
-1.210614694352587
-2.112763048966695
0.9815745626856511
0.9209746050730111
-0.4580017493716786
1.410490450215499
0.7417126596228929
1.3160194158353917
1.0480045750543867
1.739304894732805
1.508300596500724
1.74438290676569
0.49363607616066174
0.7464169958119544
1.6869852227179625
0.36460435754550247
-0.3445104418428578
-0.6116605838238971
-1.0026423101709576
0.763873841605291
-0.5897387794108527
-1.1312028237396157
-0.6671779901460502
-0.13212747658683732
0.2427739560513366
0.9218030686321871
3.625592611335891
2.706042360406621
0.34691020293368746
0.31298755850848575
-0.37163746865001823
-1.2831495042211882
-1.57967138943342
-1.9330544892120947
-3.390081811237857
-2.7521856668603797
-2.9510044099178248
-2.041004850012578
-0.6545619364229542
0.8316678530843559
0.920709069601665
0.32061809779540495
1.9942571697337694
0.608426658955721
0.7573813670371083
0.18729308994257488
-0.9593680407680029
-0.2135694377613101
