0.0
0.26032170142265076
0.03130650485557601
-2.568515304308146
-3.1979394167765762
-1.9594837472599331
-1.514466434370411
-0.5695779741288064
-1.011531892275686
-0.8912830394448087
-2.3546675957483796
-3.5261468644839864
-2.860211155574475
-0.9202045836973232
-0.1618440036236648
-1.802948116615138
-1.9358931462514668
-0.6434889784627706
0.693454872096859
0.9793257258966561
0.4594144501231229
0.9924950231876702
0.05466192583302898
-0.09953948419336786
-0.3627431190850295
-1.670645272306997
0.24935716628093485
-0.6843846049695843
-0.6261736025357398
-2.1589812109966733
-1.8504423508827683
-2.39114605971162
-0.9637838838826354
-0.7112629202984563
-0.8736277473996279
-0.4796036468636971
0.2150072027510846
1.3762402047512148
2.459045513798081
2.4440339595649387
3.952348533675921
2.985339150923036
2.647932568015443
2.8261837236253022
1.8961801926264243
1.5058457393612186
-0.07628906696815241
-0.6368586641771
-1.6069668537101824
-1.0830236091138898
-0.016842187650816798
0.4127886126349985
1.1029588825880552
2.5121521942197873
1.9468744364619193
0.07466374105587059
-0.5616140295973342
1.9382715414754152
-0.05146713277084225
-1.0700384041733535
-1.1694008570674452
-1.2969472682719771
-2.5528228348999407
-4.123178419068653
-1.972082473576807
-0.8077340002119736
-2.099956170041703
-2.4198418661730043
-1.8691049284663286
1.3002211708777394
0.8956928938938642
1.7910435638875635
1.9454840924427814
1.6717780287808428
1.040091761229655
0.7801137728207772
-0.18748506616863403
-0.1961879241791992
-0.47118719429669087
0.9942598215176784
1.0389653052288466
1.7929865596832908
2.8370018352317476
2.6989196818430186
3.7509860622286464
2.813190268130329
2.022660559459209
2.3661632144281457
2.6227900999593414
1.9531224981460342
2.2825481213765393
1.270902005059357
-0.21937158511892663
0.49868190891132297
2.132352039526783
2.811368338793237
3.4440718712033096
4.3052363706995775
1.4725272497200095
2.1277368704526856
0.9469985554443437
1.4089194620553989
2.5735881610623843
0.7356607223405964
0.5718645759575842
2.048369249816467
2.782817923717586
1.8794592514799104
2.5688967359871673
2.081693720842933
0.6051765392148223
