1.0
0.8697328854175866
0.8167232470712668
0.6565008284390055
0.6237687889485398
0.5293702469608583
0.47800788526133237
0.41184083322107523
0.3164642432048853
0.3130642285588898
0.35878241192401805
0.3088753708991797
0.35842324023234884
0.38621307869152904
0.3286812300725815
0.3399849974427989
0.331062259844269
0.28988215825819813
0.2129567470223132
0.2620782452719965
0.27585270062543105
0.1803407764399816
0.21807122667294254
0.1584662978432237
0.2079140659309647
0.13282841554511668
0.1523290291936768
0.15967935574682274
0.15996430112356627
0.22326981464663004
0.2601012315548649
0.1817726061293692
0.08807960993310267
0.04749283217857272
0.06985957403208888
0.0088403522984336
0.009893008931862943
-0.053470001008043236
-0.017892823896696827
-0.017276147629170124
0.031046258800040357
0.0892599436538972
0.10747228823308014
0.09654848556318654
0.1136619811973748
0.12523979884701686
0.2586877410938147
0.3334776662173809
0.29506525913115905
0.30682285662801384
0.3086948597613704
0.19898709799819544
0.25826933722013434
0.2780907367212787
0.30375841473846366
0.2278368764296823
0.22820461924969937
0.13541580075997395
0.1074343755659787
0.12975462644430086
0.22440930181827073
0.3096329767761273
0.22529931724708907
0.20819041946835262
0.17271789706523671
0.27750127186611007
0.33035532565280523
0.23761317794281384
0.13837044766251932
0.10576558843906568
0.04878701213074455
-0.0196060517805879
0.01673500484025036
0.01625026090028263
-0.002481612931523689
0.057656955567108
0.08484588460627246
0.11980111989810213
0.13716053032184256
0.11562525881513679
0.15798686153431202
0.14079240672002946
0.13812627252065093
0.04682322977139722
0.10911022887013336
0.12623585421425276
0.0782895939442112
0.12840194002764047
0.10075442838483124
0.173795808860323
0.1659406723008576
0.18912439537211523
0.18615032262682057
0.12389068673710524
0.14744138161860496
0.18688535056951883
0.17724546398274196
0.19213884450240262
0.16455582581141362
0.11225088238360803
0.12078310650885633
0.13130151057806672
0.12781444895914063
0.16538236272091936
0.14517125886637197
0.1552447372077
0.11437234197678918
0.12841606856811183
0.11300791435891697
-0.04221267599625288
-0.02224008956229743
-0.07104639598664182
-0.03866888018369694
-0.0027726370421469436
0.029700022230620272
0.04556926026640198
0.06490055543807909
0.01681532127198225
0.06359879938083776
0.0997651053806525
0.0912868025251181
0.08027537221930851
0.11775714392386841
0.08217718816612274
0.15399586537051657
0.0933897889103405
0.08711873289261528
0.09894965946372007
-0.04839140368198934
0.043325753720942654
-0.10211412862993563
-0.10049282774141118
-0.08892334433120179
0.011032686062667066
-0.027375596076637705
0.0579970534786225
-0.010620790195487236
-0.011834672780981444
0.019407666156304314
0.05943222960748975
0.062381852949084673
0.0855674616032285
0.028830945978287045
-0.011225276175757172
0.03664112090999969
0.0847289105091828
0.07065950846800606
0.1620324646641884
0.11921642683229863
0.14766271901206163
0.1815329396217937
0.10187722472624115
0.06551565675613436
0.12089490338450185
0.08379002569586852
0.10240079383368209
0.12754725524777796
0.024206615487746386
0.07578743970417857
0.04057098607536514
-0.0017995327236815725
-0.044167055051371966
-0.02645657174038608
-0.04739100926430839
-0.06284537275071136
-0.013151891466387802
-0.0381981075514122
-0.04389359523304968
-0.05407987977345412
0.06163713792509487
0.07215975566428934
0.11248125100749348
0.1158986561747265
0.0631147735362119
0.11288198772076377
0.08436571114353517
0.0645058623813857
0.016305917962808503
-0.02270768962059714
0.10611704676381475
0.06104952649334001
0.044482646668735554
0.11396681676776761
0.0465926033348185
-0.016827380102566986
-0.018712626458429672
-0.0031247452851793558
-0.01578837337893326
0.018168569409085226
0.04390246762035313
0.03621993121090594
0.1550373902765494
0.09158535375344144
0.1776725937566796
0.11173354310138528
0.06197561389682408
0.0930034667308815
0.13476094901705865
0.18232036211739341
0.13396487560953163
0.09880154907693237
0.07931390465018856
0.11856934214610314
0.07122316230698826
0.04544814074277817
0.10251406928477316
0.09168560299985684
0.06707761298945498
0.03142145541084627
0.07186863066186741
0.09001859457221077
0.1242791756592028
0.164463831117085
0.13677719322879275
0.07809342990765816
0.04325825293614141
-0.026421315754572294
0.014372542275768549
-0.04534063964563593
0.00843410835870824
0.01121129924508688
0.1416337838549554
0.17404845087718643
0.1585652098663962
0.15648947436465535
0.18068006985503918
0.21377544532649867
0.139958165031303
0.08091127752116994
0.14802630661210592
0.13921880735203768
0.11046789758293984
0.1457537939162536
0.11566566505964108
0.2186176257134756
0.17814590427158644
0.22097838671620593
0.20372356281579057
0.28881629990793317
0.28370128162391894
0.17865323888227103
0.11877870199772073
0.0727651317545019
0.1362270902210305
0.10479675829612724
0.14520929930919924
-0.00270015244194996
-0.06264388202603903
-0.05945683900370823
-0.041571522215788914
-0.009899123760943554
