1.0
0.9131173569882881
0.8510843583741797
0.7773429759563052
0.7205812237313216
0.6669109121341662
0.6081953975017245
0.540512473712662
0.4926894646849518
0.4580865655462937
0.40941152538142805
0.3771262414797581
0.33581359840047353
0.31367301351178484
0.29617087707036244
0.2735435914793488
0.2743902874689647
0.24594190243877834
0.21844951544736543
0.18606265215516926
0.17819678845509898
0.17070123613353666
0.15907206058616252
0.14423990124089295
0.1484660836187929
0.12397040401171457
0.11546286425545439
0.1176121546989764
0.12263621829808546
0.11466396641093242
0.12018439496504298
0.11345821945005372
0.09715736301087013
0.10782133533272079
0.1138388554496494
0.10269541618242665
0.11434078212138764
0.12504680939335008
0.12721319200637027
0.11787244292748018
0.09244227584007857
0.09278213403573111
0.08424308055193092
0.0765885725869484
0.07787489910041982
0.08079408989702618
0.08790180327891393
0.08128595535574717
0.06385640509474348
0.06524406937390309
0.061459614398631665
0.05609161659127248
0.04733556528963913
0.05139323765601601
0.05269063822989361
0.05129651225451617
0.0504376124343786
0.07448264393060078
0.07455504451729371
0.05985021405918775
0.06568023077632343
0.054275738469437985
0.03896323142089116
0.06096056139392188
0.05323502620841873
0.04680830280937498
0.04664916671250714
0.05049283151358995
0.06467376160522478
0.058729460203800044
0.04420542123162033
0.056384009744951155
0.056124518800631566
0.061807581105575576
0.04587558058082637
0.047579041735239115
0.049562768943057965
0.05016492390913213
0.041193874391666704
0.044907103624090554
0.050045615346609715
0.05595388544362937
0.04517773651541132
0.04771477299371603
0.06480602616723734
0.05372622642967008
0.04303724022241395
0.0448911715128296
0.051387308087975384
0.06348945856883385
0.08707041076310455
0.07260411634131106
0.07287570527619187
0.0754035929992436
0.0697907840964315
0.05025902872153328
0.05626150526220238
0.040638353837027824
0.042775526571457355
0.04235897108473589
0.028981071825767032
0.03387695722535
0.043203364518304616
0.0316949463682766
0.0357636162261616
0.07280303422592613
0.0791245235146516
0.0799802909688887
0.08180814845660134
0.07348278070397146
0.06911328863973969
0.04564488386574378
0.026926604583785957
0.03697513164662955
0.02437408540120163
0.030515636730284772
0.0314145947445601
0.023520927965655806
0.029205524890244344
0.02984908551711631
0.037065976391836834
0.03390151434618378
0.04081926727286793
0.03505484636479452
0.026627752118165843
0.029561465254255678
0.03732248289788398
0.04547089791408892
0.037658727019317
0.028335109278508054
0.034699853366864514
0.032098240639971784
0.02007568312493392
0.006940814706733198
-0.006792177354697348
-0.0036360363054226625
-0.016470362545577
-0.01364963260178355
-0.006603557069670357
-0.0108740246887635
-0.012613128073095399
-0.003735986616603175
-0.014723835932289854
-0.03183272606111981
-0.021936523960916457
-0.025114808637767126
-0.026717413477311477
-0.01476493607036316
-0.01939473037924624
-0.013603368057795762
-0.005159033048767496
-0.009433452853638818
-0.0016141334947510607
0.0005148750299768913
-0.004663242627842019
-0.005471571787255678
0.00679049065043367
0.015020369944176964
0.014530813514992646
0.010763365394687151
0.009143183393751156
0.014917816533884194
0.035104747480373746
0.020299444519966986
0.026950721522028084
0.03132818478069927
0.020026153556850987
0.01199046993533159
0.010009417626767589
0.0064628414196893245
0.0008190586813740077
0.0037741769883424493
-0.0010690452613606226
0.0019264401159441893
-0.011768970720163707
-0.01223525270845141
0.0042178084481702145
0.002743758459989665
-0.007025921585011153
-0.008739431986270476
-0.01568726934341627
0.0016126437280967205
0.005948219984856697
0.0018340245725683348
0.002240335041970455
-0.005256563466976198
0.000659687955229674
0.01061766633942621
0.002356136137432553
0.004379131821206392
-0.0037139808269996367
-0.008957214166963181
-0.012974990015803012
-0.009859251548353244
0.01020878558690803
0.003832576212624567
0.00874437714982821
0.026579101896555088
0.019709617815506782
0.03172043589990166
0.041427601829481686
0.03184056633662256
0.029627555340255376
0.0333822039377708
0.029126823247039947
0.031842733887070186
0.017908630181435528
0.029319105707386953
0.019381693579170287
0.01902763706630721
0.018222572279238684
0.03436908249363474
0.041142458515953814
0.05124343086269701
0.053561004854797825
0.03121348214860936
0.008184918347726628
0.014908605060250959
0.01455478283452172
-0.000311094514474964
-0.0005243231952923409
-0.0004950026340403754
-0.0010388484091211517
0.006050837722675509
-0.003633793462710703
-0.01359730250637943
-0.002477948731642334
0.003067349737470519
-0.004888544615829419
-0.014517776766076252
-0.024865521973905035
-0.02190740724246349
-0.017452089347629138
-0.017777606865748495
-0.008295034920225578
-0.013053102097021712
-0.03462631829160975
-0.01747067163618896
-0.018112275148934626
-0.013096974530260645
-0.00048120287263635035
-0.009819625220318646
-0.006685250484043516
-0.02011054345115944
-0.028859107906329937
-0.017152230896951913
-0.0005813821548689042
-0.009001251617465499
-0.002622950407655385
-0.004146687046815738
-0.01745347055883848
0.0034214750402609927
0.008845378323577393
0.0032518691185382037
-0.005580215036236276
-0.013245446792375293
-0.012379373848759253
-0.0201732832731831
-0.010602295912471714
-0.019274646802395573
-0.009838353309312476
-0.0033830767822974374
0.0027285062376183047
-0.015496971005204387
-0.013464318699215602
-0.021152917903171427
-0.03568779585180777
-0.04434344974377668
-0.03960117452259455
-0.03963750362381219
-0.041601752840933204
-0.048915597884903475
-0.02983064992082046
-0.03495068192317998
-0.033651950306629486
-0.03649228641724804
-0.03458605922013675
-0.028766198780883746
-0.030167603909167163
-0.031647664280088694
-0.03287651860393603
-0.009030053887765052
-0.01146612967940899
-0.014492490064182953
-0.02323311979732299
-0.0245804050654294
-0.005523702377476937
-0.007234408122388256
-0.028703227016476675
-0.018315061413814934
-0.005188041543097115
-0.008899474255017175
0.014601201588466886
0.015646368877248178
0.005615292832524049
-0.0035225221323991075
-0.008007033848468436
-0.003952560557677352
-0.008720229125717325
-0.01772277834167226
-0.012311048090149978
-0.02040983080414252
-0.004963287492831262
0.014226272116403012
0.0003803337134988885
0.015258850647319862
0.013210076613178391
0.0006602678043366693
0.001851685885614914
0.008896360738920576
0.01025473133036582
0.013962321284960617
0.026060058275561106
0.01844644957317529
0.015414823775891859
0.02487440032312148
0.037792958769237946
0.029925950302671887
0.01053267311787701
0.010266946176711932
-0.003655682024360384
0.013385715432686346
-0.0029124904273498033
-0.005357506696827325
-0.005386833319844109
0.0020905863536565834
0.013160951919097896
0.0008501385531809302
0.0013673232315193585
0.0010020302429319314
-0.0005308206779029874
-0.005943127424339275
-0.010807674749440289
-0.008713189057206265
0.007156158278353562
0.017393053434974683
-0.0049892576031255464
-0.008224963142705571
-0.015218343028838588
0.003751283142526419
0.01611079571097546
0.00329198562106371
0.007876778776890029
0.014263227408886059
0.009166723451298141
0.012747135404528865
0.02313989941793859
0.02711452020419033
0.021460996847189422
0.0069328155166959796
0.004448879401479429
0.014540554327551393
-0.0008998582049587322
0.005271831744693953
0.022344995581886715
0.03721496695074911
0.032745520871717726
0.03366471522432561
0.041543425450109646
0.03914959678265075
0.034916911349624984
0.014559572861065701
0.020673499360033605
0.01693607201445338
0.018871363236107015
0.009365809820008768
-0.0012363593600357818
-0.018074222191986882
-0.011563971125434142
-0.0005751618876794519
0.009684286351952828
-0.003970663951611416
-0.0032725471001482267
-0.010160921556970251
-0.016693711223773673
-0.02912223476776317
-0.039825537556074965
-0.025465961279673696
0.003310394739909541
0.004875209248910181
0.011446242419368745
0.011610942784131382
0.009580730963247313
0.0016734372427240213
0.01925734587725498
0.03558863271980421
0.02662365408953626
0.03386522351730141
0.014995641832169965
0.011148913392703361
0.016350781419767896
0.001499750219460222
0.007519206629685965
0.017668529737659734
0.02063891916895732
0.002128040855766712
0.0040628483313977235
-0.009031123653982703
0.0024160907419731228
0.0090576918970889
0.008550885635873105
0.0026346797031217995
-0.002181970470784977
-0.0050111291264211405
-0.009269044428960451
-0.017283420032360233
-0.01999113265959456
-0.016083052544105372
-0.029371427425086444
-0.01765047269941409
-0.005289266078087367
0.009333795446215768
0.004845789281807581
0.018947059460738252
0.011947992775891822
0.00802669611898148
-0.0018896305668803246
-0.009355564505656229
-0.006093836773447514
-0.015469613276642522
-0.016113633865635642
-0.0078117350174706154
-0.003225114476629926
0.002024853031624588
0.026404135427507375
0.01860684754779686
0.0113090236328884
0.022151539991234558
0.014368967954676164
0.017749961806584957
0.022427201308720834
0.0051763100916365455
0.022682022307655782
0.016690812965517752
0.018493006151728816
0.03688377909912463
0.02544665678209411
0.015774198941289768
0.03227801423070281
0.031509618346563434
0.04046477953004127
0.03138183245604453
0.03891700728492019
0.053766691778059
0.04515253050712118
0.05204371149613865
0.05227284759926569
0.059107773167228476
0.060095422468715715
0.05597766276704926
0.0426224772171063
0.034778068643292366
0.044400896539697726
0.04079377756921712
0.0445321903297797
0.06209014839866463
0.05854569715981915
0.06892853534437977
0.06534883428756269
0.061193527272377465
0.05751536597564343
0.04198731575412046
0.03120313883204168
0.013215167338262364
0.015939716370464443
0.013974350694166904
0.03166335351680838
0.006872498377449621
0.0014034277448151415
0.008554680807024423
0.002299219971540977
0.011000389598500589
0.009156055216726518
-0.0022241666850447185
-0.008744754353221567
-0.005298148280746481
-0.0010966227131277428
0.01361882377153596
0.023669470365103328
0.026159939932458607
0.028324467564074824
0.039099294808665336
0.04265173423208553
0.05318168473919125
0.06632463690201422
0.04590901017422912
0.03493611101216851
0.025293100467769353
0.00419830429332186
-0.020237470133767324
-0.010514576142616226
-0.005071436867366801
-0.004882156213018786
-0.015821914610281207
-0.005370640178447182
-0.004422222445797905
-0.02425431247581605
-0.028610874570830308
-0.028552628052790876
-0.0192885690273054
-0.011594191747285428
-0.0011156303975273663
-0.007351837185369468
-0.0025947110389663904
0.004124074498094944
-0.0015016617220911044
0.0007332369798572927
-0.006114388787153095
-0.0034433018567974535
-0.00784694874100534
-0.002754916541213118
-0.008128246650182601
0.014165555146334477
0.017280807205450815
0.016938104118553232
0.0052008289343654784
-0.01187943272788321
-0.004182011345617163
0.012048801004751641
-0.0036468994322362384
0.007261981046844251
0.00207333004165365
0.0015803630214191301
0.01035447816925783
-0.0063060354701964146
0.008179503445632208
0.011444674311277794
0.013048485870444746
0.0051775083600580155
0.016497670333485624
0.011309371310170825
-0.018164569975249983
-0.0337528166839535
-0.04166618592703952
-0.026031154098451838
-0.02003191016058562
-0.013302483060404467
-0.024816691559219086
-0.027349246245612642
-0.028990416046235916
-0.017698180366086957
-0.019478260409818697
0.003166869487208703
0.00719189648110488
0.008922487796014992
0.00613823021516753
0.005210539682000842
0.0052631200690234905
0.003984462970359476
-0.01634731169759833
-0.011302563857920847
-0.039167451539120504
-0.036823794808049364
-0.04371308023116917
-0.05009047568483541
-0.02619607737570617
-0.021544104084817967
-0.01455557752737796
-0.009541025561717948
-0.009230402101640714
0.0021321560807891597
0.013778928424035428
0.0010208641088973094
-0.01055702791424142
-0.017114956252932016
-0.012221684700810592
-0.006863860065319928
-0.0017000992816068126
0.008078388652391983
-0.004987884847881278
0.002475528252779041
0.01597554949369549
0.01569398834524294
0.014342415036897779
-0.0014340651401058089
-0.009779634353534808
-0.0303975127737676
-0.040757241914629476
-0.026809868744149964
-0.0017667491457046616
-0.004877129074208889
0.018465679086157254
0.00022955997553758545
0.024579409208592234
0.027860575479296334
0.03373026630960514
0.03332600942695386
0.029528530642775833
0.023916677989377844
0.020666018968679353
0.007675529269396936
0.02087727498619411
0.0032023029818759215
0.012320870806583381
0.00892031841224989
-0.001592753350218596
-0.014763701751073463
-0.010147291968283048
-0.004765005525434481
0.0012245740163261557
0.014761159268191677
