1.0
0.88847511105895
0.8327358204968646
0.7793839805801387
0.7402249466706332
0.6388939030446643
0.5920010234318969
0.5802280166819164
0.5397621188791132
0.47280792449307973
0.4820042705425722
0.42360492311094194
0.32592564949550906
0.27233086037875065
0.3158473905445945
0.3150390254822583
0.3031447356817948
0.21573513252909066
0.2283383869133914
0.20653223836600518
0.25025973363159554
0.26049993917593584
0.23878498029614134
0.13854554554572845
0.08165189574454754
0.12393840166288447
0.17452508053492694
0.21358978334933879
0.15550935493149273
0.20522078024499482
0.24649121650582517
0.21651989114740425
0.23827752700580995
0.24789733363650354
0.2560177858199984
0.3440867899580286
0.3501985265726018
0.2667867303027479
0.26200150686653156
0.17173954135089042
0.06373516955847507
0.10161255781356901
0.13484378612669096
0.1294876175821333
0.12052437919545281
0.11214928999255877
0.157785802775299
0.14035062216052768
0.12811628816393505
0.11511058454223175
0.038620600814400136
0.11004711871531891
0.09569827930474432
0.0591196265566634
-0.0015054157832230242
0.026736324256439823
0.05873687879775344
0.09665009367392888
0.03821437270305271
0.12133961707862298
0.11452627305653665
0.09663739255176479
0.03784902216333848
0.039757418686646055
-0.01743861303537079
-0.027225531796256922
-0.00020849634415207735
-0.01135770970138298
0.028990731056103395
0.015455105765177966
-0.07228189584265621
-0.0045590886518318136
-0.014885073883046215
0.044656912326984564
0.02426250830766173
0.0017668303719580378
0.04891595154429371
0.0542414949334903
-0.035626496850814364
-0.09273638200436525
-0.07869933440584365
-0.15928391416894322
-0.14929695235941515
-0.09378224490005838
-0.01797922662033903
0.017724408638836175
0.0809547182777332
0.13444520648407093
0.1079452637694327
0.11224141166456521
0.06693126527099011
0.0671319146371096
0.10836778008945022
0.17119495172189064
0.09511581474287924
0.045490982934288805
0.05382639961092198
0.147151702652364
0.11007286918028561
0.09428343493641697
0.0769700887322917
0.11933348311308417
0.14381544835485577
0.1275222635568062
0.16036983835942392
0.14296834973618328
0.18482956011512985
0.11470125414743562
0.04365961465080766
0.06104475740226678
0.0693049982741504
0.1431451147767908
0.06127053168939654
0.1394218042986552
0.17146832767039663
0.16271668952396603
0.1856581535954615
0.11735192913943515
0.15793788851755225
0.21522924126329274
0.23320128077328953
0.13427226452320967
0.13122788873273822
0.17596837467309534
0.09461941405390559
0.13289138024148217
0.0978590696729463
0.10639083777506415
0.09842623889114716
0.034997436298429795
0.04169713396462792
0.1361749375344894
0.1454753181679074
0.06955193662437006
0.05603077416037801
0.07705816103359855
0.055735304052609055
0.03933823987608818
0.13749539653819443
0.1578878108778666
0.15618624114037624
0.08931924919303504
0.1260157703592796
0.19342395259971246
0.27432293358020743
0.18522716815351367
0.2058686171867629
0.10306802693843854
0.12835619577150026
0.09047296126992074
0.060360268071658896
0.18450038733212462
0.11101214588157249
0.10666784767851965
0.11639388643696308
0.16364850793278846
0.18115903408544137
0.13559553913839648
0.15287742480341426
0.13840729282006817
0.15666590541023062
0.13890581526527135
0.09882384999970831
0.08882991602661051
0.03434056181750314
0.12407982048473926
0.10298898205784286
0.06738293350735032
0.06309462231272973
-0.004844254591976724
-0.031782371481780834
-0.009368262873945123
0.06891228613420296
0.05498916889445929
0.05630735344387623
0.08168414468278638
0.09767340932554969
0.14671968315949105
0.19123805092633553
0.2597820611467404
0.21616895861964136
0.2140215313446469
0.29836085546856267
0.27466118390837563
0.27056773232281606
0.20652031823067402
0.15939948249264815
0.11252601903971293
0.0954089027745261
0.06696160988838046
0.09142413128263913
0.09064486084164439
0.13392326046320718
0.10749752766903128
0.0013092499020050663
0.07214664074726104
0.062835602819625
0.07682018944809241
0.07596116311283416
0.059281984055090865
0.08096627040863923
0.18242047885881607
0.24033217464559747
0.18384046132858534
0.012962692672357196
-0.056307877462528605
-0.045790100920327356
-0.03427853817089664
-0.07328245353089363
-0.09048492762697001
-0.1138071640079851
-0.05387989888456323
0.029457154656151188
-0.08893580654089017
-0.006845938069617419
-0.008226110943361835
0.053218472144544594
0.10797885807543756
0.05509520831911694
0.10812181400220555
0.08539191730006249
0.05910354929251123
0.0833235669675314
0.04333311371974849
-0.01740855735696848
-0.025670605533526427
-0.04309856529860037
-0.02623515290369955
-0.0018428888198212846
-0.0497674624949776
-0.06437397157519628
-0.044117342785291405
-0.0491141369601379
0.03875913491216833
0.12171065664927806
0.10578408785753843
0.09540544210147084
0.08103303813969263
0.06055498596841956
0.009744279829219292
-0.03714149280773926
0.046638545985272464
0.09141086299531795
0.11231094135219137
0.07531875677901367
0.01705258344007743
0.03335811204847461
-0.06651272570252433
-0.10747988787434465
-0.07663615694900222
-0.05575627924255308
