0.0
-0.32312335207581294
-0.012815283124793353
1.613430344447078
0.21131349926768084
0.04487684961093674
-1.6666376199943256
-1.5581510174947892
-0.20163614057421264
-0.4813918394393729
-0.41777617892918406
-2.2469762056743936
-1.8947281913458331
-1.2931561584113362
-0.3286862094428473
0.3962687764960013
-0.39821684001132207
-0.9632126083024346
-2.095948502419117
-2.1607068332546358
-2.045351624710222
-3.523599607012936
-3.8646936056836303
-5.242025237185365
-5.478883851412164
-6.177285825085763
-6.956687423982749
-6.977943582523986
-6.108097275058225
-4.723113011202063
-3.0961572881337327
-3.543230380475664
-1.0972806514727291
-1.490010848869238
-2.035811630442576
-1.8241104642417532
-0.3966616888625958
-0.9051999210583106
0.8779623098370637
-1.064772268007923
0.005371745773271042
-1.2050604711781083
-0.7633277016283876
-0.6402340357091635
-1.6821531419110305
-1.1470421525039665
-2.2361570942275204
-1.412989593283655
-0.45430529098812833
-0.975305548822947
-2.202047537566878
1.0682249782738094
1.2745478864344817
0.8454480377392405
0.9082888300055084
0.6796349965931194
3.6235810486149185
4.334615949245758
2.8401541782772974
3.809151401304084
5.21880694618004
4.666925637591199
6.4929319117375535
6.4392962686644655
4.700255148309657
4.902399002384568
2.8236686829454287
2.3418014715132536
1.8960570070774831
2.467742222348506
2.9487655570157427
3.6514721000833155
5.286686645367386
3.823479463328333
2.2398214520620767
1.837718738503823
2.4800635813969834
1.0718978139998256
0.4849437022127948
0.37555054462192683
-0.9887387456077603
-0.7354134280825009
2.2722975632897238
2.6185406263682793
2.826982243221904
1.306515397760712
1.8951347100312286
1.8037133314908451
1.5612429718407357
-0.1854966446520403
0.3454650401067867
0.510281917708047
1.8545206110666657
2.629465871062911
3.9003501696571856
2.8076287888835987
3.000498598797086
3.7154132946771874
3.3681551460633394
3.456006199047169
3.914923578278688
3.7729261876210014
3.359550223681727
2.8091915081226206
4.078198918981476
2.1748116838178393
1.2632332869279776
0.6681984031371591
-0.7302795766224005
-1.1547821262535996
-1.7841036189139987
-2.24898200808277
-2.939815349109052
-0.6088567199497441
-1.7043068562739
-1.9733547467943393
-1.7372943349627887
-1.7526760921371543
-2.10507967014877
-1.7318490951482175
-0.9054239505769807
-3.136828442391016
-4.091910271807481
-2.937749155507961
-2.33905209794268
-1.4757219597957114
0.4107627275388781
2.719992156808324
3.4257484140930106
3.521257703620008
6.042479255593247
5.931149576478824
5.716177017108757
5.397180592816841
5.116608173856705
4.370319333245873
4.456213598546318
3.7655451075188147
3.5304368085859665
3.56495484699941
3.3999020969700458
3.6907296261363793
2.419262199467507
1.5961694576409533
2.322055717490472
2.428555680731001
2.8884811326363247
3.3611638193571918
2.7120219658917613
1.3225277818513332
1.7917729800706979
1.6113103950084893
1.143845097070193
1.3765808947299594
0.9307114030016939
0.8603746289567414
1.3883044774060531
-0.5822511676316473
-0.5383878704743578
-1.1505877564901033
-0.43480975421140855
-1.1211288703117794
-0.5292216048439246
0.8816986721936766
-0.9307460401480525
-3.1439315493347935
-1.960707327659204
-2.8029673762498337
-2.5540868995538197
-3.1087359604027367
-1.4187577265876814
-1.1226515086525117
-1.3770830321048084
-1.2223680656400475
-2.211296088681598
-0.5041710678024798
0.6743851940012004
-0.09005505508094314
-0.22455326401253506
-0.8614603461771781
-0.5575852285699314
-1.282054153645281
-0.8548461079368448
-0.4173593955900924
-1.2041704092187109
-0.5891418647523504
-0.6074799288806939
-0.09631128429586538
0.9969265144143483
1.466874836461969
0.8940150064776495
-0.1993098767534488
-0.02284447157277636
-0.6252931011601133
-0.6043726014442301
-0.27016420162549637
-1.8246690310047724
0.31643527862639553
0.7407082232494158
-1.6343073485569155
-2.8237965342444085
-0.8553413770339777
-1.6473737229130392
-2.192163065129365
-2.2766373818404397
-1.0428865527029612
-1.7461182926208008
-0.6152478609527761
-2.2147346925682805
-1.7789710346002978
-1.9153970425348263
-1.262317026144855
-1.2753560167645956
-0.6526954846190894
0.8449310344739739
1.2729779893262916
0.16783261423297702
-1.1410591075677878e-05
-0.5477802182031659
1.6584771148208413
0.4471589708728585
0.0012197185398534205
1.0289181911237253
2.132913431467579
1.7857762682811062
3.2503312213437443
2.6051294318800933
1.682663049157362
2.5386097874345994
3.3338429660234983
3.431791055345806
3.8965006919023892
3.906567079914846
3.092018026022405
4.777735181441099
5.102788399636723
4.887755188713586
5.426296310549183
4.680327753985626
4.916263467476287
6.16428652183257
6.236252915450744
5.52637777639431
2.5953216708713964
2.4349573001762095
2.813335373102696
4.927626235883942
3.492508597933347
1.4218371663856515
0.8654714548438415
0.7226700259938162
2.9887742776968587
2.2814658005701784
1.8159968468333973
1.9336877543851534
3.50829592525651
3.5006013169476207
2.182621123469132
1.0103009811869463
2.1793505547880834
1.7114752677020233
0.9527762373452136
1.5713959814879601
0.47553541106869013
0.08540844388916563
-0.4151710058782402
-1.2989331127245933
-2.2194440658247614
-2.526198179323941
-1.8258438918927191
0.5483235778494417
1.5158936968273742
0.4127043713689611
1.9162071075099085
1.0379985808593006
0.38375973949680997
-1.6127548833739693
-1.2914701897234586
-1.8932937753989303
-3.29152553682699
-2.1489691354966283
-0.47806507133962284
-1.7266767122372433
-1.9694626271811495
-2.017294730801675
-3.194345452588415
-2.414357467866875
-2.816553037638023
-2.9582145086175804
-2.6587283109158593
-1.8915236797695192
-3.686793253438683
-4.060473527201314
-4.776784195732825
-3.9097317519354973
-3.763773807449351
-4.656809375794499
-4.409959043226771
-3.544780840662053
-1.6918630363496876
0.1398494773877914
-0.6292373108089044
-0.16802332403607628
0.5969028485836825
-0.9579572271419681
-1.1886829020623648
-1.7233862166600713
-1.345232574632822
-1.060107377207507
-0.6100214561803844
0.4972824418632682
-0.9794608301896537
0.16300356648787062
1.4656295554798853
0.4909393860405
0.9498449480517256
2.2357644125994365
0.391258915961499
0.8741765959222578
0.36378798754324493
-0.2562753595038877
-0.13180528272517286
-0.5477096506140638
0.5768764654338853
-0.5162719774138428
-0.9130501182023847
-0.2837331826999412
-0.1168443510529946
1.224256855936604
2.035274710549606
1.9354922705516453
2.571012154432341
0.9422729458141152
1.7805164758261673
0.525538936325928
-0.07944620991725804
1.3237876742965393
2.346048210228021
3.2462170427193513
4.982115580648914
4.86631500586352
4.551960592664285
4.147619276452991
3.2272119546583107
2.481273341964532
2.2782319861144744
3.2294075393956154
3.497063644853936
4.100088432194971
4.10181933377416
5.120015289718342
5.242614836314324
4.0222900605819945
3.0658997895856333
4.617732988999938
5.394890806889674
4.3069545134849365
3.4948144478866463
2.8811675692259726
3.0086698857746996
3.5237660085647144
3.9053972725036616
2.988899999724742
2.8121258420055693
2.020895341395285
1.575800799321537
0.8864168224110214
-0.032677319011628625
0.14035319902624746
0.994825471419456
-0.9977088588470779
0.6780678010351073
-0.06461359072996109
0.24048947358452885
0.08393332735432132
-0.8694918283570401
-0.26535386190690025
-0.9738879677731329
-1.5356589001360463
-2.4995848721188008
-1.6765412553861458
-2.01713777242163
-3.2734819735835536
-2.925853316163933
-2.0579527183597826
-1.3252996426724493
-1.0001369150215267
-0.800710595564181
0.06103984215297331
-0.3622273816199424
-0.24325176486310676
-1.462275633892341
1.1829044703982348
1.488453123340817
-0.854183085978
-0.6558294664880212
0.2794733660889407
2.4427186770580316
1.0702469050407815
1.822548045857467
2.4722921566214886
1.7696851881099085
1.733033146013649
2.6218070425091846
2.4974180781116333
2.3192891765292107
1.9455552245939012
0.23910319696724547
-1.427960586596171
-1.2540952717020502
-0.5663920495083391
0.3752896152743882
0.9272198562170919
0.9539529777826949
1.033642033372525
2.067374522209706
3.835290156183973
6.375053521969686
6.23643193088092
4.871178294908602
3.764419968979575
2.6708436171757923
3.0863099693918468
2.3758329349046337
1.374373418144843
0.8695366755836398
-0.7817914878098102
-0.13627169352010493
-0.4993590563276139
-2.122045048378345
-1.511103817946483
-1.7781509810656118
-0.5578231080896114
-1.8139331131825913
-3.461409293803544
-2.6189125918533898
-2.833258047856582
-2.9427361011429314
-1.7714561990844884
-0.19905412964261981
0.39225356346486845
0.5296304765807618
1.4854726443919448
1.997442425003778
1.8683554023846098
0.6793387255999859
1.0214186146383768
2.050043414025732
1.4911146434975162
0.6474046629528641
0.08742682640781807
-0.4837903926286114
0.00546253151698789
0.631753182141332
1.9948974232468493
1.047717978309961
0.18160502528103462
-0.2088122139388736
-0.7795590610226583
-0.2382241983276729
-1.5039603818634775
-1.3008377631150403
-1.343821039912995
-1.0319534354964823
-1.860172648239427
-2.496084324714312
-2.2828482070102325
-0.9443380815233415
-0.9247146347972385
-1.3796128965708738
-0.540535807270661
-0.9919412290308851
-2.518690063824609
-1.8981019329604125
0.31682773814665177
0.09551503784368948
1.4368169847083079
0.5964872920818218
0.5913682322234732
-0.40466269399729693
-0.25296807500293506
0.9790693151356707
-0.7100721629769455
-1.5709294033177967
-1.5253706663626254
0.1972598616124599
0.8918211378471217
1.6045502500629896
1.758892095005708
1.9930364827084437
1.0548620310221901
2.38242569175455
4.027281004652301
2.641322817213538
2.326671500838542
1.5350709601514336
2.4071661793279135
1.1470897238494262
-0.36276503469768473
-0.05672878193941233
0.9654444982733609
1.568495879934829
0.18262661824857052
0.28739470569640047
0.766973401687081
1.251241944589434
2.270513924378476
1.7910601904386545
2.5134826524260734
2.82785235193496
3.01114812451948
2.9421206342653328
1.99431909903551
1.6263337507574829
1.2496111322470007
1.7234614650109223
1.24127754863115
4.39468497849321
3.6676800662144884
3.0267386797293208
3.17809336614289
1.5525850078874888
-1.0929682840763908
-0.16926842170316514
-1.1948389479352999
0.09980503462718526
0.5841437160258488
-0.6119666212283474
-2.082402583821126
-3.038991784303154
-2.7624923584373247
-3.402329602259128
-0.6250449424380817
-0.27399148737882517
-3.822447470538341
-1.8139073808853676
-1.8347800212876713
-1.8046300001689575
-0.7515545323786191
1.203671687437547
1.4455613979132762
2.2103825642495885
2.4998773158145915
2.395203939919034
0.7811325345601681
1.9653305541230217
2.1846927947857164
2.856910499873172
2.831433123420302
1.3098731034265325
1.4498834862832997
