1.0
0.9109202808782214
0.8855959006345905
0.7714701813297294
0.7603502253933301
0.6338125105296684
0.5215220301715724
0.3915071849141353
0.2400410951450176
0.17133534634646602
0.18475724420361414
0.20088342281931051
0.13162740782600285
0.17229478047163932
0.16584470201420512
0.11705731061424005
0.12939966148306506
0.1720626585002113
0.10979902374069636
0.09688976857728028
-0.023639190970770177
-0.01777337366975341
0.027739877356472275
0.1250043529305934
0.09924898420987331
0.08825609523037523
0.0963222607836356
0.05729321280659924
-0.00765270603893814
-0.03021726367319497
0.0026902415533317757
-0.016019001910888654
0.012956400493623961
-0.05898985409093137
-0.011946768009542856
-0.01664546943066069
0.02986389709166344
0.08917418439442296
0.11543868128296289
0.17323071438639642
0.21423964250393487
0.16610135190441072
0.18561568921069557
0.1695080245202084
0.16863581415928805
0.10749775874926502
0.06467984349599906
0.060608478328553705
0.08558921590886631
0.12323866911463252
0.13766222654411464
0.08489203856008731
0.118484143728918
0.18928629985287304
0.16433474542034476
0.1528507377113349
0.19325805766774862
0.2663540654506169
0.21645177535675136
0.1987543504323816
0.23235687336086036
0.2765411599296985
0.3355045878015581
0.23552546589855655
0.14399144578386575
0.16438502084290008
0.12401738071466167
0.08950603042195797
0.05725558143669762
0.06743301241494744
0.07258803003330565
0.1198217236385078
0.05610851753739297
0.06457342320980783
0.0010471048244933973
0.012307203465953449
-0.013680383828161856
0.05493412768341706
0.0490993808270763
0.051933330788319555
0.06165924339161796
0.0017448860309598468
0.0524907605870845
0.03971927082138529
0.04935090843223517
0.11834664700755004
0.12301291571687258
-4.820754151568796e-05
-0.043947241157172634
0.002410505640303748
0.010808544874359135
-0.0028649254909115067
-0.032408886331424094
0.00880730353423002
0.008899038780642927
0.06116664317697441
0.13669861554450305
0.1019140340678805
0.1341745948897319
0.225115121157976
0.25928531149433975
0.24198813235397407
0.22943403450741925
0.2581703391316795
0.18718247583167616
0.17838563025865084
0.1284431611069346
0.1322338615806751
0.11174966374613315
0.1644251848446954
0.0956615314425699
0.06341111098413016
0.011840956125984035
0.009829235966186078
0.03621239194679036
0.045283299748687944
0.07816321011764538
0.04892097568123127
0.03145531403686343
0.07316691805893093
0.009225083950743534
-0.01247612741574683
-0.09832896138549045
-0.05186766310440842
-0.042048378341017746
-0.04857010947447628
-0.11954624797660604
-0.04900148952657561
0.04084082250800204
0.1179816040340524
0.1695265285767989
0.17318064143418768
0.16257593848562787
0.11462818451915952
0.13521887876741068
0.14775592707169832
0.19745415616158596
0.23928107610270122
0.16000797923001767
0.10958610869450895
0.0979341583049795
0.17944632629499416
0.17157866514582717
0.1414165097985304
0.12812015034778576
0.17270004251663684
0.2216675258396487
0.22281276693629035
0.24340552292951587
0.30117554696886256
0.3584800360500038
0.2518323040678163
0.2016095445271004
0.1868395834534052
0.11669320187291313
0.14477865159815648
0.17701630029842122
0.1556395401273563
0.215287960283979
0.19236978152325357
0.260610902166266
0.2112353255954214
0.17804355311448464
0.13696481859750703
0.09035452053880105
0.11542944163340409
-0.04016661355172847
-0.14612701578778667
-0.15808328116313924
-0.13741185678917575
-0.16191362940947795
-0.13932991446210582
-0.13249091153632941
-0.06358433991185469
-0.06734394547069766
-0.09014494824706118
-0.035170868320963874
-0.033133615755895296
0.006746767343199449
0.012667443040139245
0.019863635115437733
0.08458852240497411
0.1498354380918136
0.05427537051626488
0.0541225846915388
0.07484890169836637
0.11246394274133364
0.025995131547532982
-0.07938634082187095
-0.14097617137006002
-0.1711232936979959
-0.21161863569465567
-0.17347155248230517
-0.21974228777451585
-0.22111782694865867
-0.17366716927624593
-0.1638826945207339
-0.1751881550075422
-0.22502675197972943
-0.13420815990768084
-0.06556965007252738
-0.14173614384958272
-0.12634844195922668
-0.10369180731898019
-0.09478166268599884
-0.10197500625899492
-0.13716906809009743
-0.12333648862020447
-0.04467890957580296
0.05248202942651755
0.11927150132178607
0.0035312254263135112
-0.023808854208277275
0.07584757746935697
0.06675994472919076
0.0849828090069729
0.10646774037362297
0.036110371061822716
0.011490131639088179
0.03621096824985139
0.1454090855649372
0.1500039410083009
0.19837929983816152
0.24062711387529223
0.32577680832564804
0.327074016302002
0.23653961420580946
0.2208882271704844
0.16803599272558195
0.24575682195803403
0.16152172913342636
0.1463739076417965
0.15386276490547207
0.20357811464488718
0.23611977172999563
0.3016510262198437
0.23848201952802167
0.2727035417471699
0.31144119105776313
0.3001233576431578
0.2678178505559843
0.2699606797308846
0.2467344247953427
0.27226032236628717
0.24112802383059015
0.17217475822996978
0.17953984213135554
0.2104702367818726
0.1628620796150588
0.21678204770739568
0.2572893052557825
