0.0
-0.32312335207581294
-0.012815283124793353
1.613430344447078
0.21131349926768084
0.04487684961093674
-1.6666376199943256
-1.5581510174947892
-0.20163614057421264
-0.4813918394393729
-0.41777617892918406
-2.2469762056743936
-1.8947281913458331
-1.2931561584113362
-0.3286862094428473
0.3962687764960013
-0.39821684001132207
-0.9632126083024346
-2.095948502419117
-2.1607068332546358
-2.045351624710222
-3.523599607012936
-3.8646936056836303
-5.242025237185365
-5.478883851412164
-6.177285825085763
-6.956687423982749
-6.977943582523986
-6.108097275058225
-4.723113011202063
-3.0961572881337327
-3.543230380475664
-1.0972806514727291
-1.490010848869238
-2.035811630442576
-1.8241104642417532
-0.3966616888625958
-0.9051999210583106
0.8779623098370637
-1.064772268007923
0.005371745773271042
-1.2050604711781083
-0.7633277016283876
-0.6402340357091635
-1.6821531419110305
-1.1470421525039665
-2.2361570942275204
-1.412989593283655
-0.45430529098812833
-0.975305548822947
-2.202047537566878
1.0682249782738094
1.2745478864344817
0.8454480377392405
0.9082888300055084
0.6796349965931194
3.6235810486149185
4.334615949245758
2.8401541782772974
3.809151401304084
5.21880694618004
4.666925637591199
6.4929319117375535
6.4392962686644655
4.700255148309657
4.902399002384568
2.8236686829454287
2.3418014715132536
1.8960570070774831
2.467742222348506
2.9487655570157427
3.6514721000833155
5.286686645367386
3.823479463328333
2.2398214520620767
1.837718738503823
2.4800635813969834
1.0718978139998256
0.4849437022127948
0.37555054462192683
-0.9887387456077603
-0.7354134280825009
2.2722975632897238
2.6185406263682793
2.826982243221904
1.306515397760712
1.8951347100312286
1.8037133314908451
1.5612429718407357
-0.1854966446520403
0.3454650401067867
0.510281917708047
1.8545206110666657
2.629465871062911
3.9003501696571856
2.8076287888835987
3.000498598797086
3.7154132946771874
3.3681551460633394
3.456006199047169
3.914923578278688
3.7729261876210014
3.359550223681727
2.8091915081226206
4.078198918981476
2.1748116838178393
1.2632332869279776
0.6681984031371591
-0.7302795766224005
-1.1547821262535996
-1.7841036189139987
-2.24898200808277
-2.939815349109052
-0.6088567199497441
-1.7043068562739
-1.9733547467943393
-1.7372943349627887
-1.7526760921371543
-2.10507967014877
-1.7318490951482175
-0.9054239505769807
-3.136828442391016
-4.091910271807481
-2.937749155507961
-2.33905209794268
-1.4757219597957114
0.4107627275388781
2.719992156808324
3.4257484140930106
3.521257703620008
6.042479255593247
5.931149576478824
5.716177017108757
5.397180592816841
5.116608173856705
4.370319333245873
4.456213598546318
3.7655451075188147
3.5304368085859665
3.56495484699941
3.3999020969700458
3.6907296261363793
2.419262199467507
1.5961694576409533
2.322055717490472
2.428555680731001
2.8884811326363247
3.3611638193571918
2.7120219658917613
1.3225277818513332
1.7917729800706979
1.6113103950084893
1.143845097070193
1.3765808947299594
0.9307114030016939
0.8603746289567414
1.3883044774060531
-0.5822511676316473
-0.5383878704743578
-1.1505877564901033
-0.43480975421140855
-1.1211288703117794
-0.5292216048439246
0.8816986721936766
-0.9307460401480525
-3.1439315493347935
-1.960707327659204
-2.8029673762498337
-2.5540868995538197
-3.1087359604027367
-1.4187577265876814
-1.1226515086525117
-1.3770830321048084
-1.2223680656400475
-2.211296088681598
-0.5041710678024798
0.6743851940012004
-0.09005505508094314
-0.22455326401253506
-0.8614603461771781
-0.5575852285699314
-1.282054153645281
-0.8548461079368448
-0.4173593955900924
-1.2041704092187109
-0.5891418647523504
-0.6074799288806939
-0.09631128429586538
0.9969265144143483
1.466874836461969
0.8940150064776495
-0.1993098767534488
-0.02284447157277636
-0.6252931011601133
-0.6043726014442301
-0.27016420162549637
-1.8246690310047724
0.31643527862639553
0.7407082232494158
-1.6343073485569155
-2.8237965342444085
-0.8553413770339777
-1.6473737229130392
-2.192163065129365
-2.2766373818404397
-1.0428865527029612
-1.7461182926208008
-0.6152478609527761
-2.2147346925682805
-1.7789710346002978
-1.9153970425348263
-1.262317026144855
-1.2753560167645956
-0.6526954846190894
0.8449310344739739
1.2729779893262916
0.16783261423297702
-1.1410591075677878e-05
-0.5477802182031659
1.6584771148208413
0.4471589708728585
0.0012197185398534205
1.0289181911237253
2.132913431467579
1.7857762682811062
3.2503312213437443
2.6051294318800933
1.682663049157362
2.5386097874345994
3.3338429660234983
3.431791055345806
3.8965006919023892
3.906567079914846
3.092018026022405
4.777735181441099
5.102788399636723
4.887755188713586
5.426296310549183
4.680327753985626
4.916263467476287
6.16428652183257
6.236252915450744
5.52637777639431
2.5953216708713964
2.4349573001762095
2.813335373102696
4.927626235883942
3.492508597933347
1.4218371663856515
0.8654714548438415
0.7226700259938162
2.9887742776968587
2.2814658005701784
1.8159968468333973
1.9336877543851534
3.50829592525651
3.5006013169476207
2.182621123469132
1.0103009811869463
2.1793505547880834
1.7114752677020233
0.9527762373452136
1.5713959814879601
0.47553541106869013
0.08540844388916563
-0.4151710058782402
-1.2989331127245933
-2.2194440658247614
-2.526198179323941
-1.8258438918927191
0.5483235778494417
1.5158936968273742
0.4127043713689611
1.9162071075099085
1.0379985808593006
0.38375973949680997
-1.6127548833739693
-1.2914701897234586
-1.8932937753989303
-3.29152553682699
-2.1489691354966283
-0.47806507133962284
-1.7266767122372433
-1.9694626271811495
-2.017294730801675
-3.194345452588415
-2.414357467866875
-2.816553037638023
-2.9582145086175804
-2.6587283109158593
-1.8915236797695192
-3.686793253438683
-4.060473527201314
-4.776784195732825
-3.9097317519354973
-3.763773807449351
-4.656809375794499
-4.409959043226771
-3.544780840662053
-1.6918630363496876
0.1398494773877914
-0.6292373108089044
-0.16802332403607628
0.5969028485836825
-0.9579572271419681
-1.1886829020623648
-1.7233862166600713
-1.345232574632822
-1.060107377207507
-0.6100214561803844
0.4972824418632682
-0.9794608301896537
0.16300356648787062
1.4656295554798853
0.4909393860405
0.9498449480517256
2.2357644125994365
0.391258915961499
0.8741765959222578
0.36378798754324493
-0.2562753595038877
-0.13180528272517286
-0.5477096506140638
0.5768764654338853
-0.5162719774138428
-0.9130501182023847
-0.2837331826999412
-0.1168443510529946
1.224256855936604
2.035274710549606
1.9354922705516453
2.571012154432341
0.9422729458141152
1.7805164758261673
0.525538936325928
-0.07944620991725804
1.3237876742965393
2.346048210228021
3.2462170427193513
4.982115580648914
4.86631500586352
4.551960592664285
4.147619276452991
3.2272119546583107
2.481273341964532
2.2782319861144744
3.2294075393956154
3.497063644853936
4.100088432194971
4.10181933377416
5.120015289718342
5.242614836314324
4.0222900605819945
3.0658997895856333
4.617732988999938
5.394890806889674
4.3069545134849365
3.4948144478866463
2.8811675692259726
3.0086698857746996
3.5237660085647144
3.9053972725036616
2.988899999724742
2.8121258420055693
2.020895341395285
1.575800799321537
0.8864168224110214
-0.032677319011628625
0.14035319902624746
0.994825471419456
-0.9977088588470779
0.6780678010351073
-0.06461359072996109
0.24048947358452885
0.08393332735432132
-0.8694918283570401
-0.26535386190690025
-0.9738879677731329
-1.5356589001360463
-2.4995848721188008
-1.6765412553861458
-2.01713777242163
-3.2734819735835536
-2.925853316163933
-2.0579527183597826
-1.3252996426724493
-1.0001369150215267
-0.800710595564181
0.06103984215297331
-0.3622273816199424
-0.24325176486310676
-1.462275633892341
1.1829044703982348
1.488453123340817
-0.854183085978
-0.6558294664880212
0.2794733660889407
2.4427186770580316
1.0702469050407815
1.822548045857467
2.4722921566214886
1.7696851881099085
1.733033146013649
2.6218070425091846
2.4974180781116333
2.3192891765292107
1.9455552245939012
0.23910319696724547
-1.427960586596171
-1.2540952717020502
-0.5663920495083391
0.3752896152743882
0.9272198562170919
0.9539529777826949
1.033642033372525
2.067374522209706
3.835290156183973
6.375053521969686
6.23643193088092
4.871178294908602
3.764419968979575
2.6708436171757923
3.0863099693918468
2.3758329349046337
1.374373418144843
0.8695366755836398
-0.7817914878098102
-0.13627169352010493
-0.4993590563276139
-2.122045048378345
-1.511103817946483
-1.7781509810656118
-0.5578231080896114
-1.8139331131825913
-3.461409293803544
-2.6189125918533898
-2.833258047856582
-2.9427361011429314
-1.7714561990844884
-0.19905412964261981
0.39225356346486845
0.5296304765807618
1.4854726443919448
1.997442425003778
1.8683554023846098
0.6793387255999859
1.0214186146383768
2.050043414025732
1.4911146434975162
0.6474046629528641
0.08742682640781807
-0.4837903926286114
0.00546253151698789
0.631753182141332
1.9948974232468493
1.047717978309961
0.18160502528103462
-0.2088122139388736
-0.7795590610226583
-0.2382241983276729
-1.5039603818634775
-1.3008377631150403
-1.343821039912995
-1.0319534354964823
-1.860172648239427
-2.496084324714312
-2.2828482070102325
-0.9443380815233415
-0.9247146347972385
-1.3796128965708738
-0.540535807270661
-0.9919412290308851
-2.518690063824609
-1.8981019329604125
0.31682773814665177
0.09551503784368948
1.4368169847083079
0.5964872920818218
0.5913682322234732
-0.40466269399729693
-0.25296807500293506
0.9790693151356707
-0.7100721629769455
-1.5709294033177967
-1.5253706663626254
0.1972598616124599
0.8918211378471217
1.6045502500629896
1.758892095005708
1.9930364827084437
1.0548620310221901
2.38242569175455
4.027281004652301
2.641322817213538
2.326671500838542
1.5350709601514336
2.4071661793279135
1.1470897238494262
-0.36276503469768473
-0.05672878193941233
0.9654444982733609
1.568495879934829
0.18262661824857052
0.28739470569640047
0.766973401687081
1.251241944589434
2.270513924378476
1.7910601904386545
2.5134826524260734
2.82785235193496
3.01114812451948
2.9421206342653328
1.99431909903551
1.6263337507574829
1.2496111322470007
1.7234614650109223
1.24127754863115
4.39468497849321
3.6676800662144884
3.0267386797293208
3.17809336614289
1.5525850078874888
-1.0929682840763908
-0.16926842170316514
-1.1948389479352999
0.09980503462718526
0.5841437160258488
-0.6119666212283474
-2.082402583821126
-3.038991784303154
-2.7624923584373247
-3.402329602259128
-0.6250449424380817
-0.27399148737882517
-3.822447470538341
-1.8139073808853676
-1.8347800212876713
-1.8046300001689575
-0.7515545323786191
1.203671687437547
1.4455613979132762
2.2103825642495885
2.4998773158145915
2.395203939919034
0.7811325345601681
1.9653305541230217
2.1846927947857164
2.856910499873172
2.831433123420302
1.3098731034265325
1.4498834862832997
1.7910075096356444
2.246429380252326
1.0384523830143668
1.4342224765730949
0.3308691687656403
-0.5406589887564807
0.17012977746667435
0.43538350148195815
2.1381745155927674
1.1853479706957073
0.942404327632708
-0.04625944067526322
-0.6647248280611542
-0.8317377741214138
0.46557737020363665
0.7391364828169422
1.5925549278428797
2.3217650134522074
2.2775442910901527
1.023516563971092
-0.2888014216823128
-1.1216760115463882
0.03115531452123177
-0.7219314774147643
0.09420730976146341
-0.17256042352856338
-0.7626240390000439
-0.9465710145424068
-0.24856030012330244
-0.25226259080378605
-0.8136661117410136
-0.12104747400949223
1.9029807312642522
2.3856521349655058
2.948892524984589
3.4447623415345654
3.1297381457013014
3.6166059612904986
2.4993037228585733
2.5938966501303
2.098721864030573
1.5444036157404857
0.8415522377729199
2.6425993744190013
3.050800291606414
3.8265840505976465
4.697110590505059
3.5156059153770673
3.6963336101031747
3.70190738310229
2.6403631467977817
3.8969761990255862
2.9963691113422044
1.5197218801322816
0.49637014511981725
0.7948900744318959
1.3464459387834502
0.30804740819375986
0.5295585189062852
-0.35132559578492395
-0.46257032208889026
-1.0103265063833629
-1.9687617069037073
-3.706063510886981
-2.8414850553385835
-1.286999398227992
-1.474872896746228
-1.075777731578897
-1.7771585087230455
-1.6753367232895022
-1.7760109709610985
-2.354449658558751
-2.216469165054553
-2.2092927467070766
-2.2801013395440317
-1.7942974165697883
-2.267572385901852
-3.1433281975080867
-3.431424256448317
-3.536828478509787
-2.081532729808244
-1.8068975421961941
-0.8809418664903014
0.3532138578415347
-0.639509003167848
-0.2942012658512984
0.3876199779021239
0.9910354706806142
1.356878784757969
2.032329491918305
0.5239568338902938
0.6710232114830694
-1.324500962072171
0.24216600174089087
0.11593260943262963
-0.7545458227855876
-0.6786127855222056
-1.7936871470972697
0.8804939799732654
1.4911123590906084
2.198913351345637
2.426278658802518
1.5233773403597528
1.4752724538879989
0.8959920822806532
1.4974752704025533
1.514977770640413
0.882649428685825
0.8014597797778128
-0.271390474478884
2.245240930852077
3.308484771422731
3.020643216755532
2.4993418173599924
1.9274550813588867
2.6749232928451465
1.2019484456405825
1.5722429103122526
1.998176201261007
1.7902718994994693
0.8681606215148004
0.2865396318739446
-1.3005745396698698
-0.7895743976006949
-2.6955522332378754
-3.903382650741765
-3.5929988857806534
-3.7941331969828824
-4.182158235495899
-3.1052663202483206
-2.6164600545351133
-3.6898945361702955
-4.055526294601592
-3.2775145206464416
-2.094090733526513
-2.257200401618103
-2.3115071395004914
-0.11832015655999384
-0.25812609662963726
0.8554629470261585
0.8768865646825122
0.4279832664674068
1.3310082805011594
1.5858671873726018
1.621744566690624
0.3232975322453078
-2.5321836809223344
-1.4837377714877378
-1.1172856589768434
-0.37259197112619136
-0.5179849932271091
-0.1889782045173382
-1.0743071967201676
-0.40687829090655636
1.5471858866038828
2.39217689144844
0.9144574995227137
1.5075959584283356
1.7355666082195342
2.0845587319378245
0.1484137561428962
0.10618956763618939
-1.7803856421074467
-2.68499567028049
-1.7818408081014032
-0.6547301806676801
1.1813553625761148
0.023478379164995067
-1.4058513213059003
-1.664190267724497
1.0613702449568085
2.0119034178406783
1.8922059189555334
1.180086308216808
1.1628608509262348
-0.0218140639538007
-1.5610568469682085
-1.007211234205597
-1.4937176093655284
-0.904309482533961
-0.5484414510165992
-1.6374933494480284
-1.4371197722667437
-0.4286116557220516
1.930150900694643
1.8289346505279631
0.7319141501466511
1.6609321779988284
2.1519863670706405
1.6244630617090143
2.7651275926234673
0.6573053447770598
2.304756624438118
3.1307525900178304
2.207588627976621
1.4255419629706851
0.2271242680423271
0.3425716363424468
0.06309054244228784
-0.8150155908540796
-0.8531759424377289
2.7119240749974076
2.8235140925334994
3.8042617547470057
4.273577614883132
4.726909273860864
3.5224408985247235
3.4472684466556935
3.1346509173250854
2.3794933706614643
3.247495326617372
2.593072490775823
3.6537269968853208
3.5440447085768296
3.2054527925397442
3.003704535680409
4.784295983419872
5.642186894672476
5.623471521553072
5.368405933910575
6.182217070653907
5.674995290486864
5.28069189250753
7.905695767079709
6.704686398474317
6.740671154795728
7.87997493160216
8.379583894160282
7.563986150875763
9.833013239086661
8.379785593213466
8.188529051353777
8.729035132181448
8.937520800892823
9.292155413763352
6.992420708867607
5.773517676850321
5.793062348850813
5.052355580988655
4.639948353808884
4.069632367141583
3.7907462965560947
3.372687268929323
3.2895871627026283
4.949688202271115
5.251732291192796
7.0783583300267345
6.7914538097167485
7.3684544822498586
7.487025967496791
6.799510930784021
5.323587455050879
4.827896717581865
5.908991011851786
6.410068496036604
6.1792237436516055
5.937874160328555
4.421110287605678
2.6463217975785547
2.9885281243053448
2.3935902622821277
0.7960140064483123
1.2156004158577793
1.216913211956942
0.9220487712454416
0.5217951949144546
-0.24478232373303543
-0.034169108969046486
-0.2962260115212846
0.25130360153152675
0.41489184615283614
0.3356395039376694
-0.45149202227295343
-0.20076706896373614
-0.49324207860086255
0.5980430347809652
0.2880459355562955
-0.3212772295520679
-1.9099054987618556
-0.9721162436735832
-0.9011513999456764
-0.29704555286406376
0.7952390655474093
-0.5665401392527283
-0.6771321537173601
-0.4988086276271999
0.5440146659124576
1.479070708326129
1.2247956408594014
-0.29999271688144025
-0.6788878297678973
-0.8620443396402302
-0.24578477733371118
0.28127316574398853
0.27810201490869224
1.3424774974581952
1.0094441888803714
1.988482184474991
2.3367339592007297
0.7517960449547081
2.466868698451148
1.7217904331528506
3.2789798660336684
2.015047524209737
3.226751430256345
2.569802707016235
0.9802321951998667
0.16037513538501802
-1.0362175688940973
-0.9503163378575601
-0.6772398383450056
0.5898559781888886
-2.3809675789034714
-2.440290268823921
-2.8697145344468242
-4.001639791798333
-3.9825085113073984
-3.6025025731593705
-3.702553311590439
-3.5830554920655047
-2.5111248947917413
-2.090768755772003
-2.511715530284412
-1.3384096535741203
-0.5504642892243025
-0.7961315112178935
-2.7216502587866787
-1.9399663093952455
-2.2372017609580297
-1.4907063337417044
-3.1268640235688983
-3.3909728100426397
-3.715648366326956
-2.9740471809381965
-1.902223719258958
-2.224239794997108
-2.522629492341059
-1.2310027636932261
-0.2345643286478064
-1.1157252816990417
-2.6304950602290558
-2.559816057205244
-3.012677185199078
-1.0376054196673958
-0.5387221571140355
1.508024144247253
-0.22991171345607286
-0.9196758028484507
-0.5188450382917684
-0.5908533666443749
0.11152791913123383
0.8551816419150556
0.9406896770358967
-0.1212608056428871
0.6092962100590722
1.3842484143148055
2.8880837919016202
3.2714385582579997
4.087566353387712
4.743576868156832
4.415825656606584
3.878970047643088
5.244067033249875
7.230074430384173
7.384499232002539
6.597180322195386
6.2688611482144445
5.624805705447445
3.8050838755118024
3.3993206998967507
2.1938695760031335
1.0241518474962668
1.8183704259731601
1.271794037995837
3.2158344321846966
2.5139933401848986
3.338959290234751
2.9519164551113053
3.8254038122448852
4.3857915268833345
4.8388835350344825
5.47015588906448
5.057026060132052
5.529659409667053
5.687624753996868
5.929323182563084
6.682615541882378
6.9382736386650325
7.734094776286417
6.728460554728018
6.290709835050256
5.865613686318657
6.665219909355154
6.932763379037816
5.573104934927101
5.47017433932878
3.506984976709962
2.121343330475459
1.8071120375669452
1.1175709193650116
1.0113632894436293
1.0368652356145425
2.0007642734383344
1.9865332401304299
1.7404344881655585
3.2458654112591003
4.029693083119213
5.809765471414593
3.467366973496234
1.331165225097798
1.2286454512084706
0.8980074559419975
0.07071516557115787
0.0782596873374907
-0.3625541481529213
-0.34842754106403795
0.008891962945642928
1.568559165422518
0.4422142672817475
-1.006453703290406
-0.1752845621074729
-0.1950465270491168
-0.025840021124459378
0.5016591299518657
-0.16005884157431766
1.2028782466358054
1.288301854918961
0.6186712377425959
0.6324358003237127
1.760556619251595
3.0686019948334087
4.112117048982428
2.709138351045736
0.6769070446303245
-1.1026105161899413
0.7579851572026101
0.537560214649373
0.3255254796848161
0.6407458616640005
0.041044255606684454
-0.06178676407210025
1.4484255997740307
0.11663792579436394
1.4796978901446713
1.072498928725092
1.6602261236477793
1.146492940460607
1.4680199205838098
1.7434457882686512
2.497822078679282
0.07205958666425483
-0.19401630996906652
-0.23891208960258226
-1.0612165654227883
-0.09920916956193593
-1.1984243246722284
0.16466661597321197
-2.2846491864468934
-2.310054790167068
-2.797004376049645
-2.96910627348597
-2.877679761247559
-1.1339694982781285
0.5968285585897946
0.5981270719865828
-0.1609300454105933
-0.17835416742561883
-0.5716795095614178
0.5260138799275234
-0.2233578343373266
0.3132117407033481
1.0382906843864115
0.3298660913490281
-0.1571059473461115
2.288773592329033
0.7706942276153423
1.570532267770923
0.3881993258762586
2.1244401995104223
1.1474758941491237
2.7099560149381654
4.702872008019868
5.6117271654347824
5.615757504905076
3.723088127589456
4.237819752034707
4.335008220159813
4.0559093316698105
3.0710514843956007
2.7432139984193924
1.9276302857782492
2.5377193528992725
3.161835209036284
2.2008001728426043
2.282192133726824
1.443613771775635
1.498806284405832
0.364890377552479
-1.7347522670117803
-1.8904875071835825
-1.7141494654401344
-2.379577194993025
-2.301115370710596
-2.970827659971652
-2.847623090017532
-1.9511431883458117
-1.4930526419276695
-2.1472964411445936
-0.40362494328484866
-0.04921700186403455
-0.769260884719965
-0.192716956968926
0.39461156486288884
1.8141180069562952
1.8901220933835905
2.912784120954333
1.7369431004810187
1.46193634036593
0.45224859829772057
0.360789872791805
1.4012878472929966
2.376622000987355
1.5956410469222129
1.2393437887133327
3.427703869450801
3.1714127229887765
3.6807486658968767
2.9064799586033034
2.9303893981203175
3.2274297071266114
4.662397603233838
4.813605990613484
2.407909279984189
0.8526961720834492
0.01841241927195003
-0.21756763554530334
-0.6435495541817466
-1.1440569571572197
-1.5974938090330002
-1.8634229412247454
-2.6884747399662574
-0.37106807205361036
0.1760944441815736
-0.8347150946956499
-1.0272310012644728
-1.4314016900630953
-1.9511273810198362
-1.1180547625026012
-2.148029080206576
-1.8393883273219342
