1.0
0.8735336513636006
0.7605395990092227
0.7094393791081962
0.6966592735786254
0.6668729550558914
0.5796445813982061
0.5867626461981185
0.5278639290950632
0.38404013272667403
0.3659928183582005
0.2781015053435817
0.20237085319495693
0.13053662163034796
0.021033683581033885
0.043119170873007914
0.12731854861669065
0.09040200555594943
-0.024193705109972263
-0.026257429298598388
-0.023939763248607263
-0.08143331086212302
-0.06904175149313532
-0.01409600867386556
-0.07444713391323748
-0.037883672980009456
-0.14845175621509907
-0.18484494023083137
-0.10338718751270756
0.009044481239480054
-0.07286578460506156
-0.049954666824634515
-0.07106107173239296
-0.1400227725806688
-0.0798526932607447
-0.07038049771218746
-0.0622861464244338
-0.06828979973801927
0.02107543049059729
-0.03140399307230424
-0.061475589866326966
0.033166760614294404
0.13294816070695492
0.1994281627175672
0.16533688510559763
0.17408807003405338
0.21069583059464425
0.2416666575608033
0.26984918436226485
0.2570840969524232
0.22370459475719284
0.23490745707717872
0.1867615625595285
0.16034162707435365
0.14339516966984356
0.1106685822413471
-0.005579071175502062
0.05296445708935125
0.10255111020607921
0.11162271143950882
0.11352155656524958
0.04647530068794363
0.03466891477059888
0.02842589722290785
0.08833965929661419
0.10997160472602305
0.08260656132159341
0.17336163386279368
0.21470522588062796
0.13743852914804766
0.08545928624334731
0.09939029105819389
0.05100024254588884
0.09105599861228293
0.05763202336006787
0.009038787129900909
0.045983258786795045
0.10178518003764075
0.13479064467016047
0.09823151003535596
0.045509448119774594
0.10276552552410806
0.12794204999406128
0.12914234560374985
0.09985094147401052
0.15181132552261464
0.13098625481142612
0.14612959384600777
0.17916997437618906
0.18412506577726184
0.20748575846085002
0.21181514074196545
0.22518908036858254
0.17330368203411836
0.09356133383146012
-0.015416748739360997
-0.09237023173068454
-0.05331113746541691
-0.025171280890594665
-0.018022058882200622
0.09687779136851174
0.10100835241622066
0.03214443271741717
0.0008953173899397954
0.04931743476715403
0.04088997570096463
0.052220103521232214
0.030749716021851132
0.03091036431548931
0.06852511175699352
0.03873235757988516
0.08453367508731079
0.13423696986825143
0.16790574936438601
0.12716585089741514
0.13240717221158144
0.1727912349177727
0.15478297019545464
0.13767443898502119
0.18824175992381048
0.13557653724668411
0.21173675436537692
0.2705128886463842
0.2804952890300444
0.2393024141153022
0.2555084805624128
0.3022033399436695
0.2642707164766828
0.21959827981428676
0.21366683797215577
0.17402031432186688
0.0925665563090514
0.18931135872808036
0.12729211316627695
0.17536479517251502
0.08823622079749785
0.1729890681916736
0.1641032613113985
0.13586348691308808
0.08284750667397794
0.08214183658857119
0.12804186563482078
0.10002911285479854
0.1436937422364381
0.15712863321770593
0.08331237437924097
0.12417566000869498
0.04641612056242693
0.12051535611718645
0.12804339119337077
0.04663211469867316
0.0922017221129624
0.05008876569766596
0.08210755930753566
-0.06270217760780676
-0.028602305023892327
-0.10981505587300502
-0.1538214781314537
-0.11457366722027593
-0.1285291489983788
-0.13780974170707347
-0.12420676169373156
-0.14770568703384646
-0.10471580114948038
-0.12950835573172012
-0.20668318272483943
-0.1552364364797997
-0.24622911840900985
-0.19644507321904492
-0.1064342935349734
-0.1876076344296983
-0.19077019809714335
-0.22490664683712652
-0.31302844512202893
-0.24816485533359658
-0.11370796312572187
-0.09740331199305169
-0.11395425680364382
-0.11332758629152964
-0.09585920527467838
-0.029596871975519683
-0.04335321297862055
0.0032129066442402737
0.04068730025247895
-0.005173944472969996
-0.0585503819512469
-0.05404108562229418
-0.09730520742854919
-0.1487771207160674
-0.15457246953984072
-0.06986158642793923
-0.06618174398727455
-0.1444855321218917
-0.10725947792168528
-0.05885567001380049
-0.01329547554243194
0.015742366949753252
-0.02564230473397852
-0.026076784177429754
-0.02414061985512105
-0.022997049659853566
0.02970920513114452
0.028803470964809598
-0.014343804406223737
0.005481874711405384
0.030718178802574957
0.061780666796379745
0.06382997941389772
0.11080880051829714
0.11150622047147418
0.08878568879511613
-0.007461663792971154
-0.03472482739295533
-0.02707761414771998
-0.0184135571202213
-0.05785936868602323
-0.06322300906302966
-0.11252634043950077
-0.10948444021578725
-0.19510440779219002
-0.2302605662508076
-0.18754881280742472
-0.12354244979409335
-0.12037008080105872
-0.19420368192315407
-0.1399361441842516
-0.09035834713193393
-0.10667925851230602
-0.10882745363402972
-0.07621563175315385
-0.039679098774994426
-0.07283933849240921
-0.011432950217083113
-0.10868786555138449
-0.07690640517122009
-0.05731483135471414
-0.02917586616796136
-0.015537379494903462
-0.04518996101587454
0.0010222179976953835
0.013240400184033585
-0.0803027411185459
-0.11159927527183135
-0.11861754913870161
-0.052037789164370046
-0.08670429483565908
0.029078721778513714
0.11394451922825082
0.14787834004613154
0.11609730356619137
0.10311314417428603
