0.0
-0.030977603473707687
-1.4926164077916013
-1.8276095340350795
-0.5838940874256331
-1.85615546241453
-0.8179667783556978
-1.075250761606957
0.6253174952518361
1.5531887091960583
2.1480097881583724
2.0917867149556306
1.7322224580650067
1.853133051072166
3.388119509994499
3.756867882695496
4.73893324777163
4.776014643828483
4.68693292285992
5.616448442319593
5.460481310030389
5.68698348683535
3.643110094966427
3.0808941682387205
3.1698196528050957
1.7041064322197867
1.50679450008287
-0.1242416763547689
0.41576060162646217
0.43126715543403565
0.6719968779380101
0.6459386226887202
-0.3555313659865299
0.7898760615170055
0.50507483683557
0.18996703436260298
0.4272503749420377
0.8841634845143536
0.2210808914257517
1.291453210160344
-0.41554910897350417
-2.7459583131512235
-6.291561206523301
-5.3403630579090375
-5.464662468869717
-7.514186391563168
-7.517855883177032
-5.180668451027655
-5.9944722448573176
-5.419319224777023
-5.4400046204139345
-4.876408848776912
-4.535095576762274
-4.301191700789467
-3.5972764276196805
-5.701839239695477
-4.319724808209833
-5.1956851975428915
-3.8561339453631835
-5.076306574094506
-5.754443250905432
-6.322431298750883
-4.976702290893379
-4.1919968721461665
-4.3342312162130305
-4.862048874340059
-4.433205105800141
-3.5931582251717806
-0.7930077463429002
-2.2992950178207963
-2.2459056512752804
-3.254464782800458
-2.78932341980299
-1.267768374083401
-0.8213682179703559
-1.467365334876358
-1.7175628830096508
-0.9003181403363796
-0.8979960632129712
-1.6960215119743556
-2.09690730046829
-2.4518611637692143
-2.9111582707776207
-1.7562439369571288
-1.603111623992996
-1.5301285002610474
-2.8790223132134596
-3.6186720832522283
-3.1267612935981743
-3.2667471312331786
-2.944822663735396
-1.927950606745446
-3.1408306025899035
-3.058044441511038
-3.3013806556535603
-3.0739673481234298
-2.7260967021455964
-2.5403119595323647
-0.5360287018790011
0.876482269950176
-0.2846239004410456
-0.20891958542269237
0.28854943292302515
0.7416680045315451
1.4642611060373332
0.9719744662389067
-0.399145993127217
-0.21400595551086557
-0.5048092068839475
1.032186194091397
1.1619947191083897
0.8005802137499114
2.4573470569835694
3.43865373000952
1.6481776027498185
0.3782342988245897
0.9007805106500206
2.0887470185856123
2.8855564906941846
0.9217430415665111
0.3658237171515522
-0.9159165655372525
-0.48273535111517096
-0.03401724351581109
-1.0201952813536046
-2.3596875986306065
-3.6518255318211814
-2.1868274332658326
-2.865655258201704
-2.1923228646766244
-2.5462326812049096
-1.6293874581066887
-2.3237385347728945
-0.2615620441115216
1.9583951984065742
2.3434390597174897
2.748837040580132
3.170825632371524
2.6392966437698915
1.6075235221067632
1.0188150422969753
0.36375102542227344
0.9642218054929199
1.543195365565219
0.906284199620951
1.7350268279815486
1.1732613707472557
-0.8891669410907035
-0.3684072822637854
-0.9591979957040716
-0.9979823692072322
-0.06254170791054126
0.2376405236634294
0.2633173012450676
0.80755438829142
2.005552444566586
1.0852967108497062
1.7925870084954165
0.01693139696062329
1.895980832792929
-0.0761872313830676
0.5178203043112775
0.7220283869680353
0.8862331914243107
1.3901085131401487
1.1109152466813468
0.18694645119267472
-0.3008742020490512
-1.3247049284092478
-0.6272355121250814
-1.29104848356342
-2.95058528840282
-2.8988948352539823
-3.8224039949904185
-3.071274115581944
-2.884575186176577
-1.8867886294992298
-2.5973698815022392
-2.580241836211247
-1.0824312330782462
-1.469067751578466
-0.6627416799820564
-1.917496122662919
-1.5659239013130053
-2.1006110819833115
-1.4165066633499672
-1.946049890438876
-1.674732918564804
-3.0970236637190367
-2.72528074220122
-2.5843402088047362
-2.3294838186570233
-3.420699226133747
-3.6755797591164416
-3.813570078857855
-3.280016357340831
-3.013277824637907
-2.1535053655950502
-1.6317358791538612
-2.1507182244792635
-2.866597617847229
-1.5905720271558152
-2.7514341131354074
-1.4653501524662416
-2.52235883899436
-1.7751481994384206
-1.2532853520098326
-1.065552512489273
-0.591445071840383
-0.7896137258337148
0.1979020777140822
-1.6610815421692058
-1.36770354216623
-0.16205207380302733
-2.302922839132548
-2.428946655678443
-2.4825784479440838
-1.7618735826293788
-0.9106555131037358
0.568610168893721
0.9282798195422364
1.0312160245402162
0.2477155010574561
-1.668646651064464
-1.5724106067624397
-1.5532968800469478
-3.662999618248366
-3.1809736792639547
-2.0103974324265637
-2.204105273138557
-2.328689336982706
-3.150547481288565
-3.7297876076153766
-3.000345886979263
-4.070495729858239
-3.659562736076734
-2.862665126353119
-1.9402332678821796
-1.5941767683098182
-0.9499920891926383
-1.8781684622483397
-3.2475263285121927
-1.9313209212686226
-1.2918278038473614
-1.202231072695128
-1.6161602397070451
0.1383488138363338
0.43207338325441313
-0.979379673381363
-2.414380234669326
-3.04995538911504
-2.3819616265236205
-2.7027915920475314
-2.0107748246440864
-1.1834215328933155
-1.999531279939562
-3.1027415359056167
-3.2415751505245316
-2.3005765833070964
-1.422655334504493
-0.14604735123263413
-1.4575532702664378
-1.3346311738289416
-2.3915680157504196
-1.8034742977036677
-1.5854827682722392
-2.1952984028188807
-1.0568477551809399
-0.13921479140355342
0.8885376096323374
0.47461674163705464
0.11270837411142054
1.007605295652273
1.3390285644712303
1.83929117850807
1.6438993058411195
-1.4101022480129697
-1.830267819058518
-2.060242639747116
-2.0597040854463633
-1.5695592803842444
-0.9026337353574785
0.9173433318646209
2.23653209747651
-0.7543199225440151
-1.6804807359501635
-0.1954195957120768
-0.2676181650111359
-2.2605920863662727
-2.377186906941784
-2.6572326300763702
-4.622943976610824
-3.6422666146712217
-3.215557451215282
-4.161222659291333
-4.120681489381567
-4.133782460586447
-3.3732240356415137
-3.816988501183452
-3.73974782366423
-4.4066848394925575
-3.5143314464470663
-4.28450745053849
-3.2921129340390225
-3.4149183832834367
-4.247925997251538
-3.2923511268213748
-1.5656821806203716
-1.7662483700144662
-1.953263921114014
-1.8198219703564504
-2.6656812431794714
-3.409628563428743
-4.531685446477653
-2.8260315904279443
-3.871849038292913
-3.4098020207271023
-2.0311256803249664
-1.1722186152071559
-0.7097653041733314
-2.422143440409665
-2.4397864388167956
-3.382287189217091
-3.7652038554165386
-3.797510695063787
-4.016680410125515
-3.8557370639842445
-4.539557884658411
-3.361689410656885
-3.094036191201866
-3.546567457559914
-4.060396863903917
-5.0320215629617655
-5.087836678327304
-3.9224232588949874
-2.3274003851191627
-1.8496320156114243
-0.32074628482940093
-0.9383973879651125
-1.1357360259521485
-0.8121158084375525
-0.579087920582266
-0.4100792241981627
0.28438228143691385
-0.021102663279395306
-1.4552059423327997
-0.5407275827231205
-1.143857276500576
-0.7094162513369562
-1.207450761080297
-2.247031824451284
-0.7770857676952301
-0.18228817668782482
0.5351535783380438
0.3834354088238649
0.12168427720671068
-1.296784595933626
-0.29448851426708345
0.6052490897005265
1.3640954945900452
1.7762396559616715
1.0525583807499628
1.9427887202468672
0.7833299340173905
-0.14199301089456473
1.131842422053156
-0.9879242716661174
-0.7984725040197866
-0.8249540328278069
-1.5404336311819287
-1.0848600549715666
-0.47620920402835243
0.9841840448576573
1.487683303877388
0.9095352154913523
0.1117654726478925
1.8784140677321755
2.203801188281366
4.118328376226259
5.1421613115181835
5.517139346418606
5.637388818831491
3.9165207061903637
3.565437604379801
2.828231584644667
2.6270092910395206
2.4467171917287414
2.8242001186114827
2.0233450537673416
0.6941968736571875
0.21503042115351628
0.6869010248320987
1.0609298686441038
2.418244404576231
1.3893660830663266
1.887253069118238
2.0679612183321923
2.693173880167919
1.2704334016092758
1.6422398031807028
1.8176798735554613
2.1699640756259484
3.6866717358533894
3.6527957338109918
3.201405372347759
3.9916080638927633
3.6912598659806326
5.559300039563735
5.696178143232839
6.038117919334578
7.223209111660407
5.954352920580772
6.609443145619046
7.35616581747576
7.236630076654329
8.291766097013717
6.253515539699193
7.886630041829211
6.441961718143132
7.05327121777724
6.492873372596421
3.032166281736075
3.49226371236189
4.373036836713374
5.426396904118508
3.821307186868843
3.1734523250843787
3.1188142587010166
3.0173627576194453
2.1462491666407253
-0.6178373378386446
0.594530306488398
2.759695267183086
1.335396221121474
1.3138655152303618
0.4561710326496048
-0.12347891905996289
-1.1593144135824427
-1.82774981340437
0.10842177796063979
-0.37774037879697375
-0.47194521324544597
-0.6029181378711332
0.7013607701685015
0.6340582299792519
0.47732512663802934
-1.2347105625754236
-2.8293787387645324
-2.9937470264069717
-1.5744891675211627
-1.964940562538664
-1.18808340326358
-2.1009982852495312
-1.1011464586082385
0.3588418996892183
2.3154957799820095
2.4406421361794037
2.3218861404257805
2.769761400970003
3.5087868560659348
2.9260081060954577
3.1270111446655475
3.31507007071478
2.0068046887529434
1.6343685891194337
2.366448390192256
1.505032274627854
1.760368906170536
1.8384445422625613
0.6677422524631755
-1.0251422018294036
-0.6449519928288293
-0.08226952645886476
0.6287874427127949
-0.7226285212681367
-0.6214809688688366
0.33040774040626153
1.7719034813453516
0.8086947565109526
2.296066479559778
4.246527285823051
3.83925488323303
1.9947306191580363
1.2485868635763855
0.41091318921125486
0.6046778576804575
-0.0949114996898407
-0.38766866991819626
-0.7678183087551596
0.2841452510337985
0.17182373088831565
-1.0871813379069424
-0.23727324699938968
1.148953498902797
0.5616955110923768
-1.0113134633484617
-2.3910177266010613
-0.5456938511185496
-2.575008356930872
-3.7340799951606165
-4.017694264440776
-0.426136973498461
0.14905110983623887
-0.16181949189285602
1.2584981133547235
2.961871707148423
3.5174470298814264
3.499138335130135
1.7609179079214625
0.8183530353098684
-1.2815302935464778
0.89967672543061
1.9924904109474788
-0.5230656200279853
-0.2879136447065927
-1.7683230141651751
-2.826178129321503
-1.730092174830796
0.45961881379683134
-0.11654079930128142
-0.5646509141273505
-1.1796802080230595
-1.2064132427489578
-0.26423169410755665
0.26445387141112403
-0.06619952276917151
-1.9362495529018462
-1.2336339451795355
-0.28509213500539254
-0.6968887967231037
0.028703322404740717
-0.8084393066196972
-0.5614649786786323
0.4348599490836411
0.2760114420233963
0.1740869701975678
1.2591297439399047
0.5078828575315665
0.2247522691998803
-0.43178907786868725
-0.5492401202589803
1.1988926995827478
0.3433324034819767
-0.8297087489032645
-1.0622983225132343
-0.8904721636613753
-2.3106102117322775
-2.354367507848039
-2.173594483594559
-1.865126101155267
-0.9526880060148656
