0.0
-0.8208556912152042
1.079718260119113
1.2109368535390503
1.327181824584339
3.0051125509439816
2.4585978563044577
2.7954060670094556
1.4016163618621098
2.2997756399507328
2.6751831014811764
0.5748625914696224
0.898434508966009
0.5959257011807154
0.33134921210355384
1.3204271802197547
2.8171905133438937
3.7863218881284997
3.1116122469868066
2.9907024141692413
2.726254840304536
3.089016759081801
2.421695549796263
2.590720331579746
0.7964886801324917
0.8917355052416258
2.4746628792141303
2.60981590489892
3.1067039730298034
3.111232563456822
2.8309448269123996
3.9103914027033806
2.6758505203485172
1.8815383997643056
0.0707757949284813
0.08298254097766161
0.20930385865473677
2.2993009115497856
0.7945896322735537
1.3190293099046746
-0.29049653520744867
0.9327356599837364
1.9831149406987834
2.5222107875241586
1.5552845808697682
2.1918292359672273
0.003941473155802067
-0.3394918725078038
1.0372938324080505
1.4044309543266764
1.6073635763180483
0.7688801335305432
0.183385407742933
1.2079156535043798
0.19406311954163002
0.8152059675356552
-0.006896544181533404
0.2930548950393081
-0.5888507813451392
0.046114756058850404
-0.7059710621068014
-1.3092122270232673
-0.8735860176492006
-1.4968562271864445
-1.6024971275520452
-1.1412732071495992
-1.8478591582465316
-2.574393632196344
-2.018199553875874
-2.120682169055441
-1.034498163209837
-2.459482657989714
-0.7304386783641701
-0.6031181023616794
-2.90282910074169
-3.3856021223459467
-3.510711725637242
-2.747779061459023
-2.49017084326812
-2.2783857978031232
-0.8195077163085847
-1.3534975619023788
-1.5366686946820773
-1.1752933973044555
-3.0995985055169966
-3.039957296400062
-3.594734410446746
-1.7680142785642707
-2.2369130969660165
-3.4455088359592096
-3.857243345979878
-3.0534217705002873
-2.206935336780351
-2.5679447117879475
0.5961423879680119
0.7978171432972136
1.929637364590497
2.7282674860837837
1.9714408707205544
0.5719098620988146
0.8751660553221483
0.8529001061438227
2.2711858719573157
2.9818643469098216
3.7073658354813235
2.990428378984524
2.661784148601006
1.1618271970391247
2.27685425182998
3.1705893891134425
1.6792578925742554
