1.0
0.8773313494669788
0.850173897555938
0.8144092056842803
0.7497340746035583
0.7594739172406062
0.7101494813776562
0.6538798162912776
0.5371702436743964
0.4473860399530223
0.3911552047436681
0.34894790619321236
0.358849100953738
0.36022090886323643
0.27997360269668337
0.2780289548779395
0.22790123708908938
0.23612346748552362
0.1613830790711973
0.16426589126176305
0.20999821920752498
0.10267532016748084
0.07496369064983759
0.15495515703213036
0.1550745917723611
0.05737325035886334
0.061319415523177045
0.10974994898563788
0.04212018548663676
0.07679811742361954
0.07320905658431974
0.09648793519183071
0.13616474842197587
0.14990796690805125
0.13171579785891344
0.19146202861945277
0.12947684054958153
0.18346621078527295
0.12370503866827001
0.13488541711125424
0.11112706952379067
0.09166147600389997
0.02241501024413886
0.016244930879998322
-0.02471445945836303
-0.049840937691811645
0.0032614483989268986
-0.01900071398177691
-0.008710038649257084
0.07582303127868774
0.052967073659887065
0.04384337406785664
0.07147077479475061
0.07915938211252566
0.10753110715917598
0.11641558319627805
0.0842249587063987
0.0775356755944508
0.08820900352935067
-0.015740515585668483
-0.0357668617750996
-0.0762876176751435
-0.12029499908103786
-0.09058346865838639
-0.06328323555075983
0.019753962655444074
-0.024817002542270008
0.020868420058742208
-0.023656997960217665
-0.015552303430977897
0.03934311990773551
0.05016678635073634
0.009883137629862211
-0.06803132779122345
-0.13213031402540987
-0.14885636772765423
-0.11999056642689586
-0.16712900975130143
-0.10936372503698555
-0.09504315625039508
-0.12986899421199402
-0.009584539079396256
0.0472375885038393
0.016621796178983045
0.03667993479166242
-0.04889322976877842
-0.036684571223363806
0.05025463460816466
0.06519913092688624
0.13384182324758884
0.13198788773701545
0.25227674564943836
0.21138762868347652
0.2075876660209411
0.19455782912767053
0.16606889039961914
0.1193769272622236
0.1603586999275188
0.1546567498602826
0.19066283192433128
0.10773430580170652
0.12818461842157072
0.2211934238783036
0.1857063517357887
0.17466614598460503
0.20616207323488672
0.18088499301130245
0.12616657804471598
0.09749446217352709
0.08160919258029802
0.14085721561834152
0.20945292115879938
0.15905661931124365
0.06789820728727264
0.11350738704147201
0.09406676587198716
0.08744378619678096
0.03452271655012877
0.013707603394135525
0.03100871127485092
0.0850507538039853
0.01854349419680018
0.00972220650025428
-0.019772583759676055
-0.0818852017449473
-0.1491820443645761
-0.08296160573527198
-0.1666013593402676
-0.20584583423184888
-0.1968461715908473
-0.2268011103919218
-0.15291410917894066
-0.13790177218648736
-0.13888245762297924
-0.18893862402326161
-0.11230715539273102
-0.19554297062663856
-0.22899614132915014
-0.22970365268296372
-0.16035788530297415
-0.07584412693307255
-0.03832226251664178
-0.045340260567781426
-0.07004383642702361
-0.08486031962858226
-0.06238458179353153
-0.05697520277463056
-0.05616286216069829
-0.10293608340464513
-0.09674952142088972
-0.08067530622346131
-0.07607683780442058
-0.10662796319624163
-0.11055310418459913
-0.03461441338963925
0.0360355972425392
0.034320862122178435
0.08799070596160793
0.14416495285433611
0.08637632856654384
0.019473440722866178
0.1060238886290443
0.06494219930563266
0.09592436032125515
0.10501181690029235
0.05348240500252999
0.009601836330619326
0.029196814495176075
0.12563042640165398
0.13031001747707321
0.1727390160266221
0.13559108922303045
0.11907646401588765
0.13667682688203608
0.09131877444233236
0.10375233473388454
0.1625455222732909
0.13760540344501013
0.14746576881286583
0.16805251271688326
0.039908082707422826
0.029714745161708828
0.09517959145469641
0.08602455124270629
0.0615410739572149
0.13370263503255841
0.10193373587919217
0.10680122972123242
0.06667092583522147
0.0716199514874025
0.09291361964775528
0.045612836495347274
0.08443710101053706
0.10870210678245804
0.059843137341091354
0.03241913203350525
0.1000271856429942
0.042004388768200895
0.038554986507446834
0.07653844215460473
0.09637603384738658
0.16877213275994313
0.22223020426634355
0.20077430286952244
0.11641036423373775
0.12611015566377434
0.11222575782214109
0.15962977699149883
0.21720928364482653
0.1747185343740794
0.14045419669605627
0.13960742704876816
0.11201976104671414
0.08354288571234103
0.13558729563039998
0.13187971974182755
0.13715750604291496
0.2404896016488594
0.28254906949913144
0.26342598719756993
0.17781562312465102
0.17969977826125688
0.18736009971928486
0.18585173638395852
0.17231390533225197
0.15668368411676895
0.1798286972212272
0.21965939481187616
0.13093611676314643
0.05838166571919125
0.029632417860185934
0.041653366831491845
0.08802770624884948
0.11383317185134383
0.14455269465844905
0.20708672495109826
0.14328250367547
0.1333257270025012
0.1425182592496674
0.10377377715679519
0.1282099608627876
0.13939988645996126
0.17526139089367154
0.1903641454087041
0.23023910742730133
0.21178687476077174
0.16439211234674322
0.18711787740185706
0.1867824076426102
0.23264314146911344
0.17024670156447685
