1.0
0.93678757364084
0.8675685884461825
0.686536621110597
0.5445817288230919
0.4601741647151939
0.47911350916937223
0.3890096849753939
0.4421170762723327
0.39526417255611995
0.3547824015135309
0.29173949332335736
0.25056603449792303
0.3214005795466211
0.2701692428301666
0.26544296491753455
0.16815052196942798
0.15729420110553938
0.20579615857598083
0.20695324277883576
0.13930301138378415
0.082093283727324
0.11036029131818796
0.10141389334746585
0.1032949061467295
0.04539357369015716
0.094042894428821
0.06100751225649757
0.10504934424827081
0.0960043079099459
0.15274309529878446
0.15086205346110765
0.17468733666369224
0.2485383172557039
0.2174905499226873
0.19802266738266472
0.2602269525016894
0.30123675132716915
0.2734491675570071
0.26238782255722154
0.1985565580180745
0.2599280876304979
0.2486711499073974
0.19433010208614726
0.13559148940928922
0.08809311351112957
0.08068084381976987
0.11189635101045318
0.1614422696032577
0.12692094987749822
0.11117959036126342
0.1468973137734701
0.07784815702132308
0.07396092660318403
0.10262425894443375
0.11455091630558184
0.17339056170400372
0.11931805896086045
0.11429505996410208
0.18591458038425884
0.19894949291684588
0.22042588220904583
0.21758265073173844
0.14626096933041335
0.049639815215599306
-0.02614028079600425
-0.11784151884835953
-0.03934292669275413
0.06412744831164997
0.0479179522630785
0.037766104190232574
0.06083445015401092
0.028185474279073197
0.01854649398260934
0.03866588458210316
0.05348268674192975
0.07074811333648269
0.16314742213686717
0.16921612075735215
0.1706331301090097
0.21194707480037514
0.30224204753359196
0.272162860592698
0.2828225833193297
0.23741137863524975
0.303118989347262
0.2825087667109149
0.24014895894873206
0.2293604138995002
0.22721209689684688
0.13614652728134363
0.16237247439265948
0.0888476807684865
0.11234922233209764
0.11122091676206242
0.05469122865178175
0.09172802107331725
0.012335256108776546
0.024440026889014265
-0.050707381403275034
-0.0660153471164791
-0.03469307980735174
-0.08871271509073278
-0.04821657527232098
-0.04593642098976786
-0.07172823319079931
-0.020622382729954092
0.0314381426091201
0.06528747096476603
0.07709592946300967
0.0068613165547904975
-0.011770123943076426
0.03215203876486114
0.011548225716047775
0.03830040781990331
0.08549338954231231
0.1868439199557068
0.2207991194013037
0.11594995325648016
0.11440647189421574
0.06697425317910624
0.03730270760798582
0.012775277042998578
0.10588841696183289
0.0626795537300615
0.036132539104640676
0.0231130655960316
0.019656662591427697
0.04683237641358362
0.10914110786026236
0.07870375312846024
0.1856352255532958
0.1709186594282875
0.11267531077889487
0.06772977671805933
0.045645576208300086
0.07640165594859348
0.004558936813759795
-0.0017661100195863616
-0.05247955279896726
-0.09096958441455583
-0.1168671332509387
-0.06270235774979727
-0.07770911380946993
-0.010567936314090698
0.005727543116014967
-0.04656822206503879
0.03082004983456431
0.012571348990408283
0.03305168152683741
0.0515768062330501
0.07449133816344942
0.17073477423501005
0.09782309736210996
0.04161131513275713
0.045030197507534196
0.0580690918211077
-0.06068164876694623
-0.09652643710005937
0.043855432085420865
-0.013193880075376571
-0.0028335912388482475
-0.02016279788810025
0.018207281785748774
0.039289910589482335
-0.06594708506573144
-0.08100366413205842
-0.08460407366960837
-0.14950728091459914
-0.08984670067616904
-0.05446930096722877
-0.048915867008884395
-0.039853621388993
-0.04080871607714637
-0.014016793729846891
-0.06016944302753412
-0.06408912809347896
0.050625089472108566
0.08691308882136332
0.027937395248808332
0.11794882497673453
0.09218209858890662
0.03580804773508042
-0.0012970662856852944
0.01641057730392654
0.07206633365783562
0.1464054862434413
0.12989317997674824
0.10890252112270277
0.06108822455586119
0.0960888762909777
0.07204425255802116
0.09488964546708822
0.14527468769336502
0.11038171168842849
0.15223310335725318
0.13956639545262162
0.16213217067162716
0.1872898976907181
0.12919840217116077
0.10788447899069008
0.07558466456369173
0.0338219392583783
0.03319478198080473
0.032958836468976786
0.05610349690790879
0.007044954795197685
-0.04322077967923363
-0.11612083758620098
-0.0886262077252447
-0.05971773766571128
-0.0639775388920924
-0.06320371392447868
0.02814503191837118
0.014419835488515588
0.05310894438257843
-0.0014841107616834354
0.057525110824158114
0.049825917892284605
0.07527022386712476
0.035155772135620614
0.12251480397131889
0.13281258491304576
0.15864706227281794
0.15163143162736248
0.07951156123200287
-0.046139232719407924
-0.1074797356666589
-0.04221111372422298
-0.05731358683498869
-0.021196224942929994
0.03898432378739707
-0.053645924574227094
-0.05397715389970288
0.02437986682355347
-0.022471697203387615
-0.06420995839744986
-0.058766083676154005
-0.07950471491888572
-0.06915165861906052
0.019689855543961673
-0.023717125278639454
0.04768150093806841
0.07100143254288474
0.06674184605260838
0.13420948785614972
0.1499288167121372
0.10196452018188257
0.1490361936563782
0.19817427389655523
0.19977024146997432
