1.0
0.8718772485170412
0.8317558786185535
0.7234029619127468
0.7194204304013205
0.6697501302721168
0.6629206474673924
0.6097381702630614
0.5381307963570057
0.4662795406974594
0.45382704524383194
0.3315133719508103
0.24963473190745963
0.24602611325517
0.2398052894704811
0.17099108284927184
0.2052944821672484
0.1840625460696376
0.14096678985220198
0.18318380557568692
0.17397391772915768
0.11803169675402209
-0.0008172812210224811
0.05142704025705513
0.09275605471407376
0.0967118792543771
0.106832408989235
0.08024739791674482
0.07604164145567546
0.13545831759683452
0.09676897217164704
0.1586020491415891
0.1568011812545721
0.17791434550187527
0.16609599644241682
0.08565319635263861
0.15966210842205164
0.13223941201094466
0.1205583369591158
0.11333061091679102
0.06366287689893178
0.16131876628156694
0.21539382388615005
0.11138738256299735
0.1052957571491609
0.14150934799205522
0.06874119286078254
0.008706816064147256
0.038924917274828816
0.008936087765585646
0.04398313913676022
-0.0028765548882907707
0.04897073008502364
0.06294728799690012
0.12156250882031194
0.05038488027763624
0.05548336059992207
0.06867380478431159
0.08332877425339481
0.083421384362977
0.06445829393059249
0.07044218805715008
0.09683789235253429
0.10788821510117318
0.14711831408276482
0.20525382006019555
0.18757234532873188
0.12233401512860231
0.09757612951243053
0.07195909830441101
0.032064584181365735
0.12408608265798338
0.1336738391893259
0.11628940936410334
0.0890601251250977
0.12391831749932862
0.16135190444907466
0.14680149486533764
0.07158820625338927
0.1080014095453061
0.15525626784490756
0.12501177666494723
0.06813800912452628
0.07282300906909482
0.0698003790579261
-0.011071294363357756
0.00175375782844657
0.055516413389734766
0.07575654548283664
0.1744849550930599
0.07160492381897593
0.049943257690886374
0.03709581504783332
0.021238211948487868
0.10066669190324018
0.11326561002815869
0.06970860168459912
0.06423050090771765
-0.002924462224330057
-0.07949834844562538
-0.00914004080774234
0.06426113106804911
0.10881726722756896
0.19018409340279965
0.19059605536627272
0.20873451840096177
0.20735198691018578
0.17969265383949873
0.2077191574782671
0.29528692052153116
0.22076237357708228
0.16908791315136237
0.15287546862792112
0.17766117295843456
0.17445602212321276
0.1820573598836578
0.19621747314519228
0.23572060921133806
0.22929928882064018
0.25276432163376006
0.2067846072229271
0.16455423368053143
0.18221770988873243
0.19671847875288034
0.24283518984097943
0.2532809447478428
0.37192148158725147
0.26454360475650557
0.18832141510757278
0.13345606150586387
0.07399401902510491
0.04729658260859651
0.048373099588785634
0.0770312182860225
0.10127727483077006
-0.00976084851047282
0.043024051422745915
0.15110040755655602
0.17755527432783866
0.14596014245319736
0.06986171305247386
0.06893452255180445
0.09341960130249372
0.09242696745301282
0.10733565083388152
0.1288659639986346
0.11390396447671633
0.18646052998234788
0.1546231600555383
0.05124769016034916
0.03458292663261596
0.043705751588140745
-0.010131862726319656
-0.03971025275280782
-0.06573528846718257
-0.06365964730818548
-0.06942440141399675
-0.033067108767232144
-0.051958482321258104
-0.004844850353767909
0.14979644738769707
0.0900900259703658
0.08167467795140576
0.020153675966208123
0.03546812224660782
0.05344692276590056
0.042416929669567366
0.11889709554404226
0.10706158532079209
0.11870428202743538
0.1697220582309739
0.09262640901744916
0.11270144226331302
0.09252614793229116
0.14918867979945694
0.09321934765059528
0.13989750562718553
0.1053202059622201
0.10983396618908012
0.015371350284391003
0.11174246476883425
0.05375530187716852
-0.010473284667324848
-0.12199089117159849
-0.11989449782206539
-0.13500574375330768
-0.11672935750535475
-0.14560486704890863
-0.05082270145488785
-0.059082381591647165
-0.10409294697188629
-0.0760160452547244
-0.10013089050081045
-0.11220079451528822
-0.08973740272986627
-0.08205325906773468
-0.10536807527471279
-0.04984976162963961
0.05451589634775466
0.10791174985180249
0.23743352591806255
0.21201922035954257
0.18282421137280983
0.1451084459935725
0.09778473164080229
0.2088643017428627
0.16429937811011097
0.10921302971471515
0.08464666473316351
0.05122827807392319
0.10728465545443241
0.154610046928065
0.16530035191696685
0.1681966754578448
0.11445453677676229
0.18568950159585285
0.18353966217947784
0.15194623606166008
0.16824667100383617
0.12240506373056503
0.1915748623103064
0.18786434992880546
0.18988882787014835
0.11202249034107904
0.18260500660883128
0.028649989473087945
-0.03561999584452701
-0.11628887130571008
-0.07384786389703081
-0.11075088458360043
-0.1144328287728173
-0.10960919130889224
-0.13532079742379316
-0.12560021053197085
-0.139878077531301
-0.09084347957697127
-0.08416756425839322
-0.10359348251672346
-0.09755579186265673
-0.05701185583210222
-0.055425659484740306
-0.06907451260997874
-0.10473535979945839
-0.1112661502240532
-0.08036375050945477
-0.11483911640631783
-0.11480010253134265
-0.158401969261741
-0.07232026415022073
-0.02197016196047115
-0.09686143669828925
