0.0
1.3059063579489805
1.8223223504948196
3.4471701791433103
3.9437628990750393
2.9774153310896754
3.799819121228333
2.4970562494935
3.0564330073825143
2.855608933620504
2.6382407273919517
2.7174495586772958
2.630283373529786
3.29062811821996
0.7686083764050848
1.0201242295556694
-0.1543290656083477
-1.1543098635542952
-1.0714824745939242
-2.1375665514757856
-1.6601507203207948
-2.630827617145251
-3.298911045043321
-3.1876353434011686
-2.0596830151287033
-1.3114303787743737
-0.8181773667017224
-0.852715231414274
-1.7099955515035177
-1.1188939165990444
-0.7099342264773503
-0.8217412259888639
-3.3186141876345068
-0.613786610319019
-0.25989977285503724
-0.26242767079247076
-2.483245478924635
-0.055459761127894414
1.3790177053552573
0.4610678159811845
1.5712555745488488
2.2995680194167933
2.315910615648271
2.0392241093407835
2.4175403419861654
0.43507885882186237
0.27599796876048305
0.07830670666250567
-2.0660162338892394
-1.0481823957946037
0.829776160719973
1.1550688597257284
1.0808999427171644
0.5538312524932645
-0.04716662649306269
2.224125585759481
1.9739993344493354
1.2556644257424592
1.3518964103516637
0.6879098140670094
0.9979461605916258
3.218452930581882
1.9090553549933376
3.078804579216702
1.3353629163646912
1.1466049615729024
0.21244954866668453
-0.9554036577829994
0.03628687137512221
0.18858436635709122
0.33209058198448704
0.9044971296369541
-0.19708339076888293
0.913837804428449
1.3218692919230026
1.7037805756861388
1.4935521531591713
1.1706867740358415
0.5358552427007756
0.3110810261891013
-0.2858398210592132
-0.21723055860087598
0.06146821363666963
1.7349589031058326
4.525164060761125
6.927741274357768
6.844723873072822
6.44952894469562
5.40436612838135
4.941543664451653
2.8706332013811404
3.131503285502157
2.6004036324779682
2.5035302400026804
2.0283967442264705
3.123598170190852
2.126143434490688
2.1409103615409744
2.6862468592345867
2.805299192555868
2.1150737184496906
2.7320133839056315
1.0718949884974707
0.5394431971614547
0.2122538920556697
0.22347667695120527
-0.8093560252891608
0.4939882443992816
-1.1958866662975032
0.5301179976113508
2.3354778867698465
