0.0
-1.0634008054805224
0.09916262363084594
1.1833887461636692
1.771576036446727
1.206042013677498
0.09198528639661141
-1.9199249452166074
-2.993648121095278
-2.11399232427526
-0.06763343669823474
-1.596771371021827
-2.3548220243528633
-2.597910259808082
-2.7796233012087233
-3.072123254229789
-3.532219655988876
-4.510252827310396
-5.060773306929164
-5.150597768480391
-4.3942913665727374
-4.545174364615603
-4.475022551808473
-3.5596118521443065
-2.2292429479790266
-0.5680028319339094
0.9992736352875902
2.44076692903312
3.860402795415918
2.2699483206639073
3.322763732571172
2.4460748771374172
1.238023257931716
1.4393173215375006
0.7155522534738834
1.1949274329918387
0.2725831680889349
1.7772020678752372
2.2812975042547707
1.3059743577287872
1.054058061410108
1.6781477873467718
1.1444215839824468
0.8728620896332495
0.7117390839970086
0.44589398911496264
0.4172896884937765
1.6369554561595894
1.9392317251450852
-0.11033835957027516
0.4919471311262996
-0.4748688076144396
0.6783011823111204
0.13341428543636208
0.5101453585555971
1.4505042525621492
1.4883485703777404
1.258547788054268
2.2108088385216202
2.3491304882898887
1.1711867023477467
3.2295173154139403
2.8173981864862503
2.804629309990683
1.2827395531051005
-0.18447180794960527
0.2939407765311325
0.15892196209694215
0.5487005415637027
1.4655851176032186
1.577641311811442
1.8058204965651745
0.8585677348500087
1.4364826552390977
-0.271968613985929
-0.24725353530104868
-0.37890318075781765
-1.2141663850040683
-1.2324370795165978
-0.5596078541632485
-1.498060477089909
-3.2366671562719045
-2.823438677169287
-1.159123649795233
0.056473945308383566
1.2431540795354208
-3.5300904320710185
-4.0425306946791855
-4.3647098267820015
-3.1544340277589704
-1.1683262692700604
-0.24110548158653233
-0.30861721714692236
0.7555278010825309
-0.3001916810845814
-0.8441359119086036
-1.0025824394680958
-3.535403512105297
-2.009111401416279
-1.4168566533574811
-0.21536868279604215
-0.029706356346349327
-1.065573924008504
-0.7113332773801905
-2.4921885013125737
-2.4306640129828483
1.2655895750580646
0.7011915519299821
0.6380089317874031
2.845627918161239
0.5101868365553774
