0.0
0.2211210412399543
0.3233689912729381
2.715594392193404
0.03599308505527432
0.2354624187668866
0.9865256750523953
1.5961336509393074
1.7165267120272867
2.6040868316560033
2.308610727982511
2.4250836851958497
2.313797109108345
4.058111076890993
4.2608428735400565
4.402575754763625
1.333026867546192
1.7151424134826425
0.669988873372419
-0.4198886415980123
-1.0381808797371512
-1.5446629869898876
-0.09807527079197942
-0.8194373517420055
-0.6354572622399312
0.17232680774144782
-0.8848918052860575
-1.767520568870777
-0.9840580849953923
-1.9981829548024206
-1.0132876457734978
-0.5742077769267329
-1.2791370083139815
-1.7960493272209805
-0.9546113171931884
-0.33214982796535686
-0.18408503693659062
-0.40971335922135854
-0.47663543902763705
0.5693144777563635
-0.6633676956928765
0.24365227878657214
0.07728271915518733
0.8506576350120195
-0.2503650789358436
-0.7570671297640263
-1.174779625678068
-1.5556226344845574
-0.9503891435302916
-1.2612080455074892
-1.101962954516772
0.20355652898984256
0.5797077076731874
0.10183060407228828
-0.08715273576958978
0.4953500524095308
0.7418599906997609
-0.4854955868952584
0.11064344509738905
1.034931448605682
1.3467874070913102
0.3794326122298094
-0.4206745883847648
1.2997239161867598
0.4113638923649744
0.9623658258885148
-0.7118916990819901
-2.1441731911868374
-2.3603880166615134
-1.2490457445290324
-1.6542797155877416
-0.0888594890429577
1.8507837995159946
0.798334955739313
-0.8467619641006392
-2.1243640255453076
-1.2477271880673795
-0.5225916364516126
0.1161392382454437
-0.8307332816689614
-0.6678836804553628
0.2991067499808142
-1.246005692749955
-2.293030444556738
-2.117543017962473
-1.495713036125503
0.46193980250799416
1.1488271885778203
0.9502866896399583
0.3985416682958668
0.40480842064115463
1.1587097598233422
2.9017165803873484
1.7865625336624713
1.0145408787288144
0.2340690217480551
-0.07614344945426843
-0.3859056318952334
-1.8227146034725796
0.11861176489684033
1.0173497338261073
1.4841260710152966
3.508130637157968
4.136848429540546
4.687165144015413
4.125809566752494
4.448657879914285
4.255130569355612
2.378970258906134
0.9698234557448826
-1.3026002659575098
