0.0
-0.3047182666258769
0.29948127690006576
0.7762894537907834
1.3789989832887029
0.5983957697922444
0.7666596084780658
1.522419628909966
1.6078935197451798
1.0701973783513536
1.9653155775379016
1.4432463258912172
0.06201669668267695
-0.5125125017863548
0.7967884024440643
1.1875879691964333
1.318204141568985
-0.09866777523414716
0.43487194160345516
0.2565773495521495
1.3601778463413874
1.7820537134885286
1.5468045063127158
-0.2820966731102521
-1.2818894715516664
-0.322992729931312
0.8006421143793865
1.6944748001192895
0.6435111861025784
1.7258289970801997
2.6420427294314757
2.1340689989109145
2.6459762377833167
2.912924510502852
3.145288936036852
4.972143177154518
5.172950757618982
3.5775582446120264
3.5303044833910806
1.7683103458277596
-0.37158293650130214
0.3814900656278756
1.0506133250226963
0.9551118635859657
0.7856354769655807
0.6254879057861249
1.543494687160298
1.2097750207427915
0.9753242409527882
0.7222640702757891
-0.803527881869159
0.6126311822411284
0.33019543295713527
-0.39993562875365857
-1.6185698403519415
-1.0718848358556938
-0.44183284973688475
0.31469019688982136
-0.847060701537967
0.8096121168651838
0.6863050904432043
0.33919631167492126
-0.8303528385503407
-0.7987707828829926
-1.94784333088539
-2.1601184959305817
-1.6364474096436545
-1.868326323154902
-1.0714059137834995
-1.3421629510310633
-3.0994562807079933
-1.7657456521750352
-1.976121171779031
-0.7905991322224628
-1.1901382003340273
-1.6364861732891884
-0.6947190172266475
-0.5788082196784443
-2.3661356823890882
-3.518154137555004
-3.258173966759909
-4.885263461028018
-4.716372051213078
-3.6314768657137257
-2.126117369984809
-1.4050917662044715
-0.12616032356757478
0.9705522511761449
0.47674896847303905
0.5901147319434521
-0.28995946341709866
-0.27165086468566546
0.5664170841867763
1.8442598069717462
0.35580217071454956
-0.6226707367563314
-0.4535502739962796
1.4172942944240583
0.7000340944851313
0.39866232616454095
0.062420329283279785
0.9154106438949623
1.4196819719057514
1.1126763647653788
1.7835613864774889
1.4555513702296998
2.3075215553911876
0.9276433868430876
-0.487342720019292
-0.1492315302343616
0.011381369425605942
1.4861577213885904
-0.1369678847729181
1.421847904859304
2.076091534937477
1.920337487515457
2.3950902799017335
1.0486523290123229
1.863885098004317
3.0219520522675207
3.4051138632724767
1.452208440933543
1.393681539582179
2.290324269133685
0.6749524241421634
1.4337906593902865
0.7357292453787109
0.9015337415126281
0.7400456992770559
-0.5318823099503028
-0.4141878020563216
1.4623966334013248
1.6572767700721123
0.14917457845092752
-0.1278183733977338
0.2842210896388345
-0.1450871253243161
-0.47984727132458826
1.4739419190515302
1.894719616708303
1.8770986056941068
0.5545785187585415
1.2879067457352291
2.6437308156781563
4.283437453848646
2.538873873557852
2.966721139141981
0.9290602673593569
1.4297045316004988
0.6731617483876731
0.06412310532521226
2.534651269387842
1.0807395180607218
0.9927586142209495
1.1856809041084813
2.1317371709796946
2.493281772190076
1.5963486990516125
1.9455071112406257
1.6633197742568067
2.0322376172814214
1.684662799493985
0.886434369584985
0.6813607934700402
-0.41495480552113706
1.3625469769249279
0.9446579387378935
0.23188061388980363
0.13819415023535886
-1.2283590314643804
-1.788424032826151
-1.3648908877244263
0.18343964078893094
-0.0935585341186797
-0.0685505311829874
0.438346924447344
0.7633042210548739
1.7526453013754817
2.6614558776472292
4.0588825794784915
3.2256554001030984
3.2089796113450584
4.919385690464434
4.485167094761683
4.434512952334348
3.1812393807237918
2.2504296354420004
1.3136570728479429
0.9621898192258531
0.3816138257914664
0.854534792478105
0.8297181083547395
1.687061889582524
1.160686458112232
-0.9665172667709201
0.4246300493741444
0.23073279628772506
0.5017718944916723
0.4800526380299676
0.1424677405992858
0.5692432806805986
2.5970150248271393
3.7761172066327027
2.6778823096506246
-0.7229082699728728
-2.1295233861220755
-1.9529340259156067
-1.750720339775636
-2.553401871966872
-2.9259944339285577
-3.4216816279228905
-2.254326270839088
-0.602677141774282
-2.9660377033164966
-1.345295724425687
-1.374066998838399
-0.1462547220948034
0.9614325663948885
-0.07292440012910562
0.9976346320891089
0.5637604187057215
0.05214300571456443
0.5439800746237037
-0.24363129847356002
-1.4557356952147134
-1.6312699381274272
-1.9906487189881972
-1.6666439913751543
-1.1869175084096175
-2.1472572584653897
-2.451077863242827
-2.0593952594918297
-2.1668943335471367
-0.4170837332791324
1.2541342343031758
0.9646915997719081
0.7802879913759064
0.5118422913142402
0.11665537695364009
-0.8906836106870808
-1.8310092385505443
-0.16757162123406055
0.7351006467637706
1.1695055248429895
0.4492484954299141
-0.7060288949434068
-0.38307158649529316
-2.37958784246054
-3.219289334238249
-2.629375229575678
-2.2293069280616575
-0.3095006270606051
-1.335299429678819
0.7279048300064721
0.9709741130012978
1.5279812298579556
0.09529496516137881
-0.7349559724084341
-0.4436899011397141
0.4395362339915778
-1.5103189817836435
-1.8115016189338506
-2.211978004273649
-2.6233969491002047
-3.350848421498741
-4.793960210161532
-2.728894021987088
-1.4430593955681383
-0.7134176520584508
-0.9867728732483481
-1.8003162071574603
-2.2616447761445437
-2.167731728306153
-2.7947198329731777
-3.281276192630923
-3.802563465047169
-3.234643578108017
-2.0594250285081976
-1.749372595688469
-0.3607178340343611
-0.8688377761154754
-1.606901767086422
-0.7587460701089809
0.9971496284820381
0.8402223562100042
1.2377342650267895
2.143080459321804
1.6034264370148987
3.0501419369302205
1.0947634186842563
0.3126327131206834
-1.4894630070919093
-0.5839142983095591
-0.9024166649685554
-0.9785883787489352
0.16369654862547678
-0.13473957945232404
-0.42932823007149123
-1.5957430902113217
-0.7578284700027479
-1.202120358111359
-1.3336875107010662
-1.9325081721314281
-3.2493854573431027
-4.2449144813368225
-4.109474765510354
-4.485000843006862
-4.118673482894786
-2.196747867184755
-1.4865207643091702
-0.4096360899425645
0.09830081457258288
0.36300626425972665
1.7613272027339089
2.1154442991592766
-0.03655255984125905
2.700363695887077
3.662400204027101
2.160708008968402
3.056250455342567
3.011237618497246
2.543328062781296
3.411428071907359
2.6883731891610143
1.4943020223776258
-0.12063783484416035
0.7054137084734915
0.6811488643855008
-0.7057463415323346
-0.38247234723341483
0.5418651624944613
1.2404785639531097
1.8120574983777562
2.5287473982426154
2.30630742300959
2.7603678283791004
2.6125265584549195
1.7844131966103274
2.2711072758252
1.7672869262259845
1.521995525750201
1.9321492960075415
2.315720452153861
2.3628745971904848
0.13408266774760946
0.6896473848195805
-0.12363330454401267
-0.48602185236115764
-1.5543020983889364
-0.902998505896706
1.3349351154986306
0.5809147130790542
1.0864402308224181
1.1564969354821013
1.4640106417650036
3.2278917918622323
3.2408871205938254
3.8970858997310445
3.8680410733996977
4.677604100810846
3.161447743834298
1.5415489550201522
2.817860095813136
2.9897872924347757
1.0942644760276106
1.317255332266643
1.4147127289842387
1.1886665145225233
0.8248269368846692
1.749411144167745
2.2634774561221795
1.571616775498781
3.2969383414424605
2.4025921667912917
1.2093076663516529
1.1249604836112346
2.680693691324759
1.1976145935864728
1.5091944367177663
1.2574108611134263
0.4322411006113761
0.5673191609594619
-0.7108197111935505
0.32826785972923
0.9616613728981893
0.35245174261410506
-0.3320989909108929
0.6422677160841893
-0.5830272073043314
1.7738656396587276
2.4348026653333856
2.7304891085081526
1.7559841823239686
1.6356948983332087
1.0295004698440509
-0.6059319133754628
0.36046484284221414
-0.8638113040649467
-0.9124098531331735
-2.069764301662757
-0.9968229042487472
0.24152546998789504
0.39335718802912883
0.33988330126209193
-0.23889783650295587
0.9452312577971141
1.954591857778814
2.3618359034960084
4.155733960338521
2.989959351235725
1.7625513134178905
1.4810779314491989
1.8270434075722475
0.046721469996271914
-0.9059990357936506
-0.5203608997444062
0.05442179518840562
2.1668593951707478
1.1832674600863644
2.433075909611854
1.8714546788598527
2.593710272141501
2.681839983880342
2.4371424771076837
2.7488011705463435
2.2354957270569713
1.1906511282375367
2.3129670506326727
3.564763060210684
2.5504492798886256
1.30866409107557
2.5864479155570343
1.1370290952849984
2.671182592461448
3.440878482792993
3.1254944629980597
2.051787090253815
0.5172087697629557
-0.8069634848104348
-0.7586851366591343
-1.5910156887387086
-1.075635974064897
-0.28504223960276587
0.3495582531977032
-0.7186441486768093
0.8369860880086112
1.2335650200242694
1.8614367130898861
1.9377779229202738
1.0695540834133346
0.9272097632182154
0.14196194060208667
0.9823184163955457
1.3162306500610372
1.4647605862826991
0.11053371105461651
-0.17367445541892568
-0.20081573102376382
1.0245676331704103
-0.11415956502810076
0.3132429814205915
0.8060774755080109
-0.6505172290775761
-0.7516552319406801
-2.605245594014482
-2.4359934124107405
-4.071651836051722
-3.744321010607128
-3.1519642066825178
-2.4156145936355427
-2.1844070380185947
-2.4388249077322848
-2.698989404948592
-2.8358637701385003
-0.7267665446988301
-0.9294590675910295
-1.1624238661628685
-1.374656325605586
-1.2837390117430096
-1.8549110600467469
-1.3386361088567857
-2.9932628159415176
-3.776700197843157
-5.202268487476239
-3.2447946888807593
-2.745449430263115
-3.9977934346639805
-4.504360097936759
-3.9872892791155783
-3.570376000230212
-3.1189413637232652
-2.7822058128699974
-2.8857420011772104
-1.479590768095483
-1.8549419437181704
-2.1382296995467036
-2.7516104266895667
-2.439292942205932
-1.3530501557112404
-0.6932907301088969
-1.8918968085413843
-2.3962228916556123
-2.7882581270783215
-3.3413468306607856
-1.680340432858669
-4.012550363588419
-1.0936781062993468
-0.6422639916602971
1.5074364398897466
1.517966682300002
2.856573312616802
3.705759558726844
2.2996198607919016
1.6957066657964888
1.7269707211937013
1.171138621152585
0.7662203743230405
0.07232274302937791
0.9605479381825605
0.05419269363729884
1.7313396820551044
0.06224162425321489
-0.5178471855923621
0.4484791186822646
0.8064449685180796
-1.8400982879702954
-2.2949633799783435
-2.0930532599614584
-3.844461832806909
-3.599540547771841
-4.789351373161596
-4.43711354447985
-3.5949718812647378
-2.3018905651166635
-1.975411451365293
-2.8954526783638412
-4.6782995412211115
-3.134051074372952
-4.906317858226691
-5.836817942961741
-4.133155245270441
-4.394447479770928
-3.274659362707099
-3.804844500411585
-2.2466735369559476
-3.0970061454760316
-2.3512971568636147
-1.999192297332222
-2.8250016007719383
-0.49242700260624783
-0.2449232744815828
0.32827246728542037
0.6872837326537602
1.5275319460289118
0.533916434873743
0.6161920668158865
-0.6109908154206265
-1.439441914414599
-1.2673441658818536
-0.4865836699468996
-3.4771234451399247
-2.807178941700913
-1.9385929703057638
-1.7102223257495786
-0.029134912366593824
-2.1302630027183214
-4.169134601553164
-4.2437976880109085
-3.6403066220164284
-2.950689367414991
-3.9709750514894084
-4.188259188848439
-4.514184207415478
-5.1022061884131995
-5.654265121475943
-5.229748230724477
-4.354483011459773
-2.8420831871987744
-1.8478901800834748
0.4017865231601574
-0.677885711413801
-2.7644398403318653
-4.801587083514039
-5.145436187014881
-4.47341673398837
-3.709522571085365
-1.8633717363589881
-0.617366266887448
-0.10015906755279425
0.4644509982530472
1.0773533865355922
1.4884031195687517
0.7531823607991728
1.454948902759707
0.912104350497819
-0.15622004615596208
-0.7193196816908205
-0.08281855755051215
0.02469043445589296
0.39663825176973816
0.2180684834249112
-1.368950744776924
-0.7639958131562501
-1.4144197434082884
-1.7854253463891903
-2.1607961407918514
-3.9147808925237504
-3.5083919067633533
-3.869459957991247
-3.059677216131802
-3.8917666166160005
-4.392266720263976
-2.321572733693789
-0.8856767559173511
0.9786574188632253
1.5941137950080233
0.6423873314467184
0.7645960758984681
0.4982490819646407
1.6496441596604103
1.6175167977718163
2.52275115704375
6.396357519301809
5.982478832314934
6.330678600816721
7.852183586902832
7.292180470274508
6.779576989738961
4.463626617542053
2.5364406697370305
0.4838514686388051
-0.1324876457784548
0.36168872682178604
-1.0186271855696076
-1.2529989956942513
-1.4675149283965676
-1.3710732761788802
-2.6102023767351628
-2.7171238893616563
-1.3890550419138283
-1.5805288221879694
-2.3704530300878823
-2.6170757702216547
-3.592738011705213
-1.1598424264472253
-0.4667871888438896
-0.03857592721434955
1.6428106682327064
2.488324038710454
1.2405590210945563
3.1418081897443617
3.237137610947139
3.9017785670673684
3.5422187303383654
3.1357957962058896
2.9675593306576733
2.3455098016658615
4.175049830063908
3.3798953017562448
4.815191031352578
3.5644635515543355
3.893710650094945
2.197069971873323
1.5083434422760784
1.3876523872340587
2.0981651009982127
2.3984670429549895
1.449851749075541
1.4038560397775055
1.8693495869353645
1.0915363622212433
0.9025877090948362
-0.32881731673494374
-0.900647598107937
-2.0062383849656578
-1.6994571493317425
-2.6231139238446772
-3.054116538456456
-2.700919609216561
-3.317151409955526
-2.2787704436898952
-2.5470637631754887
-2.7606900532033065
-1.7917113568602039
-0.4613724863490889
-2.1144040100885673
-1.4652342480907572
0.6346474350933857
1.0999350283063962
1.091065427488148
0.481611707420321
-0.7189809604955266
-0.7307056582491335
-0.12389763580116897
0.010086510101912347
-1.0798710508041678
-1.4878870899496608
-2.4839732659649196
-2.8200751180052688
-2.2011328943097532
-1.7026766790684156
-0.7736187921624095
-0.41951974145074605
0.268483726050767
-0.6570672351787914
-0.648811582849107
1.0652248350417493
-0.08459176643897903
0.6162738974290141
1.0118504571553846
0.20430721397585838
0.2780559552007273
1.1199420818086434
2.7595083453109934
3.927061657578372
4.284136263747692
3.2662010722074863
4.623376579032122
4.836666750869519
5.0309318463600565
6.61818919021772
5.965384048722044
5.239842009806891
3.407452971790571
2.904649814312566
2.722102872493715
3.9551949223471183
3.892203737729653
3.843157318117134
3.265692268025172
3.53292863701927
2.434928460995494
3.0568522797608075
2.4432340534005847
1.4159303406286217
1.0204046721102515
1.8477775216311065
3.204454676438562
4.342598628622946
2.6889024304592004
1.234530043900484
1.5206318479873497
2.2570625189198315
1.446932581964839
-0.11845483148202529
0.15221207884362942
-0.6505219337938282
-1.6278411860061963
-2.8298177693439466
-4.19424742899133
-3.886410788904854
-4.2740021578154925
-4.292703599065651
-1.7132930404218287
-1.0696283476780861
-1.8523125543692582
-0.40646054671971354
0.8063514863520126
0.7535455653493336
1.2933800119438845
1.1979726237749424
0.47063790752509416
0.5392729091453714
0.08764668490584115
1.352965373249565
2.6862601404460764
1.7537619060400762
2.0155481910823214
-0.1174609723026474
0.2940603307110315
-1.010187894261571
-0.2549064853040336
0.08568480016503721
-1.4743432521285147
-1.7540389193961283
-0.999071505849102
-0.021391991325109938
1.1441942859044443
0.15670994610688704
1.3587320982624496
-0.11847781197326146
-1.454923659304522
0.3255935956350047
0.3015645848253539
1.8972958242000761
3.41328244272433
2.243083134498427
1.0102711627558982
-0.22010050188040864
-0.14293440194838747
0.6975295218975799
0.5244194712499556
0.090893296519799
0.7998808208912275
0.003034717213751592
0.2645773285869031
-0.40174545703798686
0.3200058908018888
-0.049203081470666155
-0.9774498738003554
-1.9105982982733654
-1.5285240755095768
-3.2046938885881464
-3.581654037722679
-5.074695526117134
-3.7453776893404327
-3.7785040017316547
-3.6155039572169376
-3.707063512508321
-5.391405063466497
-4.419030318809799
-5.019484520636626
-5.267613265813864
-5.134307946453747
-4.391539492100956
-3.636879288776486
-3.126491908529081
-3.0121521391895723
-2.6615897332337544
-0.8270280378632389
-0.47239707821450944
-0.07551781712561628
1.1280435281086099
1.4002985470508573
3.151460498258507
3.3453160508413493
1.8520265161348801
2.3713888923361286
0.12423871636845885
-0.6344202885776751
-0.8861961126872662
-1.2817511416730798
-1.6026369373837444
-0.0717756116400694
0.9547421754478487
1.229148672586761
1.884607329508343
0.6793479208850206
0.816049447040254
1.0160246659850616
0.37543721545709896
0.7718237918076398
-0.48300486831713163
-0.30425258893992135
0.1800757618202231
-1.5988650596419078
-2.058920215920354
-2.886670471513061
-4.147032192113879
-4.183564131267506
-3.630934873540743
-5.382985880167388
-4.630218952350531
-3.9260275355799212
-5.033359570460463
-4.540262731421942
-3.992880501555206
-3.9721584091088653
-3.3385968325274815
-0.7506373129474841
1.0564300491657308
2.7957992308574138
2.1878370475361035
1.5262303564246897
1.2724464084556402
1.3191827263348372
1.6116363237497286
0.7864353676762283
0.6676412426937566
1.7369946204368027
-0.23359805811397982
-1.3036151555388837
-0.4005721508686616
-1.1329456056101916
-3.116464082652845
-2.230726038956269
-1.2242511346334772
-0.3307701007496525
0.670666373844197
1.5776347814493443
-0.05634554930751001
0.5052696788609887
2.5227065774993744
3.4139587884029345
0.3425206893926851
0.6684954512143167
-0.08675770291038543
-0.5898216035836037
-0.7197498287342957
-0.2545969192131452
0.3022495083654344
-0.3090015372261476
-0.9364770784801744
0.3444583631855753
0.7128687107428451
0.7224519842386643
1.9673247137558945
1.7421663261615086
1.5135835874569321
0.4169552043061716
0.5047099676481379
0.04144573432697496
-1.3349352672789907
-1.0765772819004036
-0.554416489398633
-0.36208524122444197
-1.4456441504154105
-3.0835313352327285
-2.1837727321159113
-2.749304396152231
-1.1464110518061734
-2.889037982313102
-3.157971482164375
-2.9999014489649793
-4.167590349793029
-3.4700540397032684
-3.408093882282568
-3.334356369874533
-2.1612496469712665
-2.031658852238631
-2.6768439274568894
-2.015434861351982
-0.62208527398311
-1.0369614243838348
-1.478995651476056
1.6378900166249555
0.15346171968345113
-0.34964566078551046
0.5869993181019266
-0.06407594431801356
1.8177912181713103
2.265125587985659
2.5004204019454774
1.6319001411171508
2.0474680419308537
2.8830456126288153
2.8763908614784826
1.2020070587691205
0.585952078893966
-0.6880541697048274
-2.4947856987046033
-1.028333630596192
-1.994843636141728
-2.028269050896186
-1.1386529854902228
-1.9299157752836944
-1.5172462940169102
-2.9948295543939034
-2.297803486570551
-1.4352114038755543
-2.0690057275459286
-0.5029341004871777
1.0329825576372489
0.12220042239621531
-0.2904629488054814
1.534608327487715
1.412766043622761
2.5226712610986093
2.504637849264561
4.169568230390976
5.028312721833371
5.348665016857152
5.274503210029947
4.893543752251471
3.645373563015554
5.312124751966559
3.3431971873209267
3.178127439153145
3.2589495530247694
3.0643067886594344
2.837768724571008
1.359355811664031
-1.3556275432244407
-2.364803175375722
-1.8321381575461444
-1.2944959911330305
-1.1380037985283358
-1.0713372959103453
0.6492866745910313
0.5007441080223297
1.29852071032595
1.5783612302375216
2.182728565904904
3.612502692355763
2.5584470538021886
3.253695561082488
2.291242684882764
3.110089838901457
1.4221835084282706
2.425108099032674
2.5587930070014826
3.5708240031923806
1.4294571820833875
2.01116511912688
2.740338802498937
3.6270194296069493
5.147143636352516
5.316761530127596
4.018761850709574
3.6987089847581687
3.0442371975808697
3.0693300750518713
2.216467035977475
1.2768442586394007
1.9644171005155915
1.0507692123212427
0.6750641400212379
0.19992431356702167
1.5542912654210157
1.3508279704025945
2.031362251071813
2.059820025874622
0.9229784110298014
2.09782442815872
2.1496730815410223
1.4178683536459709
0.9774736617335384
0.7904068903346156
0.20959420886065372
-0.7239316845541877
0.39777486346595414
1.0678535168709056
2.3146318723907484
3.892639621915485
3.467989614431378
2.967743667934194
2.464297734790868
3.395604419820477
2.1469486435919016
2.589195518640385
1.240066814418581
0.16837252536278258
0.2763745146407516
-0.5971075561943258
-0.001916614212112644
1.2640476455241523
2.678431325554926
1.6110227822048109
1.601280053065676
1.7539498880113107
2.1423633586647934
1.4569484714209664
1.2050583882526835
0.17037688745593527
-0.3316591458981563
-0.008847763117262708
-1.4495874573613625
-2.0339653387560857
-2.109413454599561
-1.1436942050047234
1.1247834011698759
0.026341972641580225
0.0653417814881812
0.01582525088806032
-0.664116824623028
0.48763203036659397
-0.7093007893843175
-1.662241112406281
-0.24160798999490107
-0.4328217433515073
-0.8124107708545155
-1.8905931324647074
-1.5179269874131158
-0.43855733519414575
-0.8393651463384033
-0.2856542051823585
-0.3053843842383072
1.5482471989884192
1.3496676793839948
2.5352833078288954
2.363722378509207
1.2128614217549472
-1.1216521537281656
-0.10831975791329729
0.2671184473025734
-0.24895985037476207
1.416898573443126
-0.48894886739670107
0.2648549903061938
0.8191656319430441
-0.2671254144914357
-0.49254579534028387
-0.428519393064679
-1.6570944119476332
-2.245947010606373
-1.4683394017988065
-2.0871957362233857
-3.181079351952463
-0.9670697355634017
-0.22859656733163447
-0.6631101244759912
0.17412419983351146
-1.388427261280375
-0.6297671402251874
0.14582402320305698
0.6353168272674501
0.9935149511356062
0.4008761534789796
1.1487572734564835
2.0551266362851535
1.2620706451125816
0.06962402320504957
-0.35957686604735545
-0.7540955617495944
-0.23364379509971472
-1.6806722272784596
-2.6683004031025495
-2.8719072702709667
-2.866738757386938
-3.9321152678467373
-4.443222557962869
-3.903985412810343
-3.8892853821192923
-2.214493148870216
-2.3603572217179094
-3.473208187507094
-2.586951988206583
-2.9462953014760647
-2.628798564371114
-2.4305684879627645
-0.46780847215866883
-3.427335500589986
-3.1016043854265583
-1.132056416709544
-0.2251476173185799
-0.2616620438421712
-1.379213012475014
-1.191211519438728
-1.8341791867193367
0.5757724170846241
0.7351297098775449
0.41853937053179296
-0.22692394054780235
-0.13369419783500042
-0.7365764533802166
-0.8779946555998149
-1.0692711397584023
-2.3663615717587554
-2.274741251258877
-1.5158238174883243
-1.9299027576391188
-2.8753021162663357
-2.501736347797497
-2.5161117015965
-1.9522160357083367
-3.2554153794814176
-3.71940685772634
-2.307279599399539
-2.452423533657011
-1.342816585545901
-0.29694132416688357
0.4831063959923253
0.7509196326116593
-0.09538180530716989
1.860261977059068
1.292436661129215
1.796354290926659
-0.7558073227472784
-0.34204282053520224
0.9727175653654756
1.0081673187962648
-0.8542128817572742
-0.8785940815770334
-0.5615789594861614
1.2483404287837474
2.8055462286880326
3.172731828129444
3.3797203901626363
1.994297912882543
2.4602208998051163
1.3439747518866807
1.4251602845789293
1.647053357555255
1.860767501315142
1.6791117491311636
-0.8054299028998164
-1.4614939398169462
-0.7113207825731096
-0.03577574612805701
1.0738680581142175
0.5982051678661631
-0.28212695362317497
0.08538614385662463
-0.4042442260368599
-0.7552692330395074
-3.100619156895516
-3.7255375699031434
-1.7582585071515064
-1.3582585792786501
-1.1888867894083415
-1.0415142849723942
-0.016646260852019368
-1.2542548244931955
-3.7703901204424466
-4.809893626436603
-4.9530971145136995
-3.5071546976437564
-0.8819156715381467
-0.2719099445747226
-1.24052745419545
-0.7999044290876571
-0.39183626132290367
0.2588642469447672
0.7475996121809034
1.0010914335020256
0.3167540344113393
-1.2093319681595505
-1.2634454088895257
-0.5816407796232996
-2.022731235021715
-2.6053485357287927
-0.8689368797948278
-2.2735403731447583
-2.1396850248632644
-2.7933340397792366
-4.033069482773682
-4.635686554380705
-4.7205720464271534
-3.868459192528793
-5.0107747245134915
-4.076987294903274
-4.35201351241657
-4.380864919582212
-3.9568645516449594
-3.172133509955762
-2.483449207680065
-1.956173218748118
-1.567308967422563
-1.4100446260294592
-1.3434553005261785
-2.284852306199843
-2.135694817601585
-3.7245232698629565
-2.686458917678211
-1.5801737776119
-1.0830474519884719
0.16035598211005264
0.1574570372911836
-0.34123480821952856
-1.7612612018529403
-3.3439924691348826
-2.4850849791747356
-2.5747131847196134
-3.1831689312909375
-3.4054061367507087
-0.6387625931103544
-1.1424399759408654
-1.1442553232964559
-2.141963948805267
-3.1486683306031824
-1.8315139162405198
-2.1912732150119423
-1.144559890603662
-0.19671277241395124
-0.6764088951516978
1.1148420511847899
0.9650070236889351
0.9864628207433614
0.04932705196454057
0.18978477041696873
-1.9344159003883463
-2.4084858571973378
-2.895880442742005
-1.0533123456455953
-2.5676216677391506
-2.0087989784853213
-1.3310774062662347
-1.7018525215605729
-1.6299381052641224
-2.260469278498903
-2.6177058483074114
-1.5803418372416909
-1.1730561062217126
-2.1843073978724297
-2.8440522653310953
-0.7716392551397941
-1.974451933966552
-1.5287438408755016
-1.0551408408147658
0.17977797585216138
0.4292016540141835
-0.007134340359389146
-1.4030572294923747
-0.10824817455190261
0.6732751843878688
1.5329206048923396
1.2654947475301506
0.3797960628828977
0.1572969226093674
1.5324486107483752
2.2605983846296014
0.3667067927756249
0.6373081954661679
0.3968276554746221
0.35502524830380994
-0.07683787304207063
1.5595116762020946
0.15609203168321195
-0.4339210947494012
0.2548449826296436
-0.26892538251896453
0.31660372762995326
1.7845283312626377
2.658430052322281
3.3098795638005036
1.2524249559287997
0.10923603163907591
-1.0433088645968283
0.7435842683299085
0.4122420385986377
-0.23467846493342814
-1.7937303003243572
-0.543213584174054
0.06511467927043169
0.14985217577165158
0.3455091718457235
1.5324517575984644
0.8290245228100956
2.8639136768725497
2.470440748516259
3.1218192815067694
2.3702037260859323
0.7000472768486528
-1.327436814880962
-2.0500871393768403
-3.032782030187014
-1.94622703214973
-2.6852285147258064
-1.6992121639208757
-0.18551101047398433
-0.8770948969974612
-0.39844108754736096
0.6045635800191338
-0.4335297006751464
-1.2513023537469958
-1.8239302821974874
-1.738614755528943
-2.3981600587798724
-2.336326042959146
-0.7926262179667107
-0.9669713820914951
-0.5810705657773434
-1.8088595525846183
-2.0190954362552267
-1.83130743437353
-0.6003883643927519
-0.3904916960820554
-1.100346087857063
-0.5420583452515342
-0.1646816516290655
-0.17937865174312143
-2.459916290282288
-2.193090729996799
-0.9854102579625137
0.4979423675169845
-1.787653343244968
-0.47010565938005255
0.12764934161354796
1.78358039907212
3.3209507784410324
3.052521341035908
3.7043502576369427
2.415715508519764
1.7735858818113386
2.245019405561517
3.563713915794282
2.7798764038706225
3.3284098980827865
3.2948572389202315
5.252301044376739
3.493405305627854
1.462740871100456
0.25568360348531893
-1.02136294416003
-0.8274894937329712
-0.03142653250149474
-0.7383333345155345
-0.884664462219727
-0.07540754594356391
-0.4977364016429858
0.2092920573477528
-0.08883938804113542
1.1324921341468852
2.3704854506594693
2.576785156261786
4.217802802772351
4.222751060705508
4.978985264956268
4.165979679927447
1.4257754999340793
-0.5306515770832332
-0.017574767966075433
0.8193288467125234
0.9344553421558865
0.12190106107215437
-0.018317305930011935
-0.040381521739538885
1.6559061901765841
1.5409697925598675
2.4299426028303883
3.5797174371419382
3.2629484527650243
2.597478838762135
2.6826974460348367
2.2723963105143254
1.2690331012274652
2.7581927288607817
1.7056445562055051
1.5757261845521702
1.4110900853622523
1.87517568522685
0.8819023423858526
1.6446606419643517
0.15002543357996956
-0.03017097634337662
1.3873428807160784
2.6981813701934634
2.792143997016126
1.801168508361437
0.4441103063449763
0.7080168934405151
1.0122471650581262
1.3436751851996116
2.5602125519154417
1.3456931478863385
1.7050042458723749
0.7236915175265
0.6779697174123751
0.8387570304880954
0.030657663426313597
-0.7467617900725921
-1.5183330900023004
-1.1241551404655854
-0.03533027729783711
-1.089445171057382
-0.7283968737221636
-0.12964069028224845
0.8637538138428984
0.7794267284912683
0.8278140124751373
1.0516248098503032
0.5750414621820474
0.8779397461874551
-0.8362899373067122
1.6846322297506726
1.3241746521545443
2.0484176208302873
2.050059272069684
1.7207508564921774
2.319974321382053
1.2747996237044121
-0.21316197953032345
-0.44064015236513254
-0.28283565933472965
-0.013347929276339932
1.5254049826759999
0.9501660268475722
1.1818592577435634
2.70070984975397
4.762573925939338
4.5440334506997395
5.5034661959535915
3.129953401043518
1.985457725411425
2.311130554654351
2.520305168743866
1.4460853139699918
0.7206925800494443
-0.6258370683182591
-1.564660281910101
-2.95495000152442
-2.7881153616912306
-3.3969092439194677
-2.611473478257851
-2.855714926762584
-1.2551766858409734
-1.754337448832851
-0.6585735777055721
0.9209338342237101
1.8860375680940027
1.4888872641530841
2.3252341333537743
0.8066532105636828
1.2893939411633202
2.4348783922558055
3.903422367685737
2.976168484835792
4.411538335127467
3.428017251506537
3.439497078201883
2.048112845102451
1.499467802699804
2.2274538388168894
-0.4964789103770313
-1.9773412122682785
-0.6070992684575125
-0.44282289917318074
0.7841705194228956
0.4854581840813149
-1.0348923016592955
-1.5586994843723323
-1.5124763653505016
-2.424004004741781
-2.1984317236037048
-2.2300158130110987
-2.7646839139658503
-3.8945247957602396
-3.591280229235077
-1.7442723612368867
-1.0199909770664526
-3.4290319181987217
-3.408336345304984
-1.9626548631965046
-3.0690402576862654
-3.170916683032957
-3.3653359894774733
-2.2105861751918376
-2.2386616124953265
-1.1114716979565453
-0.6825546591528788
-0.16403788628303806
0.45882059887557414
1.3299689374902648
4.093514744124763
5.1240713193659815
6.004111706001272
5.506298250096306
4.516440833753354
4.155574889202801
2.6249701283215767
3.1235538971082
2.167727528531433
1.4408403099901235
0.9783404494673889
1.428480317937559
1.0989604787982572
1.118515796269461
1.162253800556235
1.6493753255539862
1.8933720227500621
1.332119481381805
0.5858955961569222
0.060593546419071
0.028304038948753288
-0.4542955151866439
0.6357588031271454
-0.07762381284110653
-0.15406425670673493
-0.258609224673889
-0.6628306197234327
1.5041625616914296
3.3504323346824174
3.263573471202142
2.806080359900824
2.4182964614701716
0.39797061511450726
-0.3976435945251751
-0.7296917158063728
-1.3568570289447845
-1.3906094683318364
-0.5928116373039688
-1.014120116322016
-1.2963116692977426
-0.42250475267587506
-0.41359478771031755
-1.795360026774267
-3.294145920340858
-2.5935457340236736
-3.410980430025702
-3.617660166153425
-3.2889773915694978
-5.010414004606644
-4.340038714482585
-3.269678325985306
-2.963784906558741
-3.0616916257064433
-4.099973153047392
-4.503851809757622
-3.474664661253617
-4.031134877192023
-3.356508285591476
-3.2490203553344275
-3.3112538150124093
-3.011071221872097
-2.0969472462988223
-1.8429460984803423
-3.709677791380473
-4.84747228673248
-4.357679297615032
-3.36394287037462
-3.534317435780323
-2.4397250265101817
-2.758419807256437
-4.452313094947144
-5.1202226341980115
-3.638651061333634
-0.97101436004673
-0.15369779188646504
-0.21481134809492225
-0.03461210895693409
0.5121329188202566
0.8163640041744387
-0.18790510989319775
-0.9801221642912913
-2.2346697003120886
-1.800529891534993
-3.0012237142261258
-2.9187570365804953
-0.5373704850849945
-1.2208203700706757
-0.6690117492819969
-0.5157047560976503
-0.16582243321365947
0.07731052938407482
0.5957209375792019
2.7338709922401634
2.2022789687444533
2.212996110497785
2.704708063572346
3.0568949367736624
2.8439176651887412
0.4429125543950856
-0.44308074399017816
-1.3933605190989589
-1.191624835339994
-0.3125070087734667
-0.47547219219133163
0.6560942498651539
1.3843648595676954
2.2475672054710008
1.573197064955772
-0.5311803307448184
0.7783978864502553
0.986910373276589
0.33755533380510216
1.6015533081745605
0.8892897415567482
-1.237912065610809
-0.06627590875728284
-0.45839782954479097
-1.1578261573951918
0.5241297234503903
0.6720318643767097
0.49990031385620876
-0.7504279616803678
-0.3161452826293545
-0.8043939542489424
-1.4434202396377616
0.2785597682008596
0.11522815715836385
1.0507972607722864
-0.34769167751384245
-0.33047044163676037
1.2002122231304182
0.6672011521397987
1.1332128613439405
0.12351305654166034
0.8816323535986309
0.09890043573902774
0.04081133468122263
1.3693875199425773
0.6625502101656495
0.7446957961871493
-0.18629114225750887
-1.6917239184468345
-0.7398974778678974
-1.6033518263946658
-1.6086261040662022
-1.0805439290330416
-0.9844910128526879
-1.0550131610609181
-0.2645883005364693
-0.1146375678588456
0.6570035710564721
1.4960568980328905
0.8331392702296035
0.38175029482008044
-0.34221603874184336
-0.5250202537939898
-1.1043614723955788
-1.949746999252357
-3.2315600774452986
-3.1607915599862815
-1.8674170948002033
-1.8343133425712796
-1.2418980374027129
-1.0738991548516421
-0.09285988248247434
0.41376040780576123
-1.1313462432149737
-1.0008583882639943
-0.8392258162323651
-0.21170789314472993
0.9798255166306195
1.8958698100254006
1.4801088498380148
1.4107581673492973
2.1609408724422385
1.959122102373587
2.4545676878538916
1.030843714023865
0.2661727089221696
0.29240399136238565
0.7552872311129506
0.1854826047569299
0.7201717190480097
2.204864492952677
0.6261878626526614
-0.23575487355578906
0.3591530091075179
-0.2916357337667236
1.2421026751751656
0.6617105744487002
0.06833722714681767
-0.22286811049494284
-0.02438541584293394
-0.14585591786484103
0.38854481313259526
1.8883161291233022
1.9183874656317237
1.3183992254185801
0.5838527642815956
-0.39979417226915515
-1.4534856825020666
-0.2254679903245811
0.18794674723900498
-1.0677601014876656
-0.33757430171982117
-2.4743225285137376
-1.0916712161321895
-0.31460881742631486
0.02570530494422163
0.17714626531263258
-1.6280624814287874
-2.351854170851833
-2.0252749115266777
-3.311884029781894
-3.178121399662485
-3.705741921563615
-4.365022040484926
-2.854356278426616
-4.111996843176363
-2.554618055370687
-4.309783713073285
-3.5499134205531613
-2.832626958218394
-2.4686208435987873
-1.2413432048003354
-1.5663157842080297
-1.1904596118806932
-3.091902404813557
-2.284358319863756
-1.359667004596076
-1.0151353958308449
-0.5252001233132272
-0.9693043441662371
-0.1302818689815608
-1.3709493250211016
-2.8299614667940274
-1.8504109152154644
-1.7539231748794848
-0.24892605001119317
0.5859098703591122
0.3913226540935432
1.8185830592853465
1.141443796715636
0.7660810317858813
0.577130560842158
-0.2142621068492907
-1.3026500745571732
-1.436826880756347
-2.5963718800883755
-3.797681557664818
-4.414315474914624
-4.31634909436435
-4.436340117781275
-3.531238936705903
-4.259094120162569
-3.879830175259897
-4.628769086806002
-4.211200998809049
-3.6605922027960216
-2.275310811797761
-2.992403590264314
-2.9388305735532625
-2.694451791808664
-1.3271040013029483
-3.7069428484997107
-3.462698962978151
-2.250761850490508
-1.1557848856601245
-1.5736358337825513
-1.1639998717639568
-1.404278473329962
-1.2550343222971192
-1.328776634532451
-1.5650950689845782
-0.9707322685402558
-0.045333475161201786
-1.3183110294685048
-0.17476854222853966
-0.7953240882264027
0.5128968918444868
0.28446519537609394
1.0477904102429831
-0.11228747357551672
1.0880829979343898
1.8341974231503517
2.514445834249847
0.8567462511427495
0.7412029631215171
-0.482760813497209
-1.648665017856148
-2.491415190652851
-0.8220500043389556
-1.102441167907641
-2.036366656661504
-0.8562023307582202
-0.40499615175727127
-0.669006927735424
0.3777409722640005
-0.0961775393476012
0.39619456847896467
1.3676849315315114
0.9998359755464966
0.7265070741769666
-0.665612227331812
-1.2972161525049741
-2.3657381505992925
-0.471602770372874
-0.530828311514725
-0.402133543333725
1.2525028784754242
0.6443056594576552
0.8082125656610832
1.8720578819589595
1.2448793679742756
1.4130547188310068
1.0730401492847337
1.9325409160129254
1.9254781892509962
0.906709093736165
1.7651039653609257
1.3062591031680415
0.9284110835724132
2.933401091965114
2.289678594387552
0.8012247189353847
1.704831613251516
2.2584525582874573
2.5705088424618268
2.8740390943526544
1.4844617631886914
0.20459829153103337
0.46669276128748927
0.3091948928421313
0.39820982421870327
0.18448577052103607
0.6761777771477748
0.08108935690130414
0.6061954138403518
0.33773744748214957
0.5357962378216572
0.6445487898171762
0.597262623961466
0.7262777627634489
2.678260980132216
2.353869435160917
2.5132159731756247
3.218460858572824
1.6652817697198488
2.728909262387149
2.8182078651004314
2.517940282157599
2.9906067664042544
3.828536918520161
2.646407072756661
1.6158254567851744
-0.32086475339651055
-1.0104868093160129
-1.2880095289172189
-0.035632752731827866
-0.8518620529522297
-1.3097113307563104
0.011990753689926414
1.3169565006468702
-0.49240154485404
-0.9252562844324745
-2.6800760356835984
-3.503690886799758
-3.8955313787419916
-2.9593869003379294
-3.842830148230126
-3.1568057654394477
-1.4568534703370628
-2.9285531535234917
-3.341779589888613
-2.1465387719618287
-1.3901706708799826
0.3151334604121576
1.5926925065460593
2.987193828102302
2.9104807422506207
0.7192108025381203
0.8686204840504484
-0.5419258964281471
-1.8683261616332172
-1.896752782093794
-2.5933526080266165
-2.468203614074551
-3.2964146186791243
-3.3776474355594166
-2.3991044532366788
-1.9229097810447113
-1.5633650509561612
0.9718897874877896
1.173913656269711
1.6882780985190164
0.7858957399548987
1.278222999910234
0.11636510661225774
0.24243600734524506
0.43930911621921476
1.6173349176185359
-0.325780900942227
0.5031305772008032
0.8274097416014217
1.2886152205210795
-0.08824094786065562
0.4952429726648604
-1.1601921999256746
-0.04893266016515474
0.95451221701803
0.6198147065843576
0.3853769893994743
-0.41534624158125366
-1.1065885540257767
-0.5805412547989072
-0.4701380708378862
-1.103429265096835
-0.768214748385587
0.9980298311032259
1.1563955079868118
1.7881817373571463
0.6371881677790296
1.2394787267149625
0.9664163755884898
3.5927669646572054
1.9306000841336919
1.1990822299407071
0.9771370211829677
1.2332999264771143
1.9453863714769173
0.9995604025573273
1.4728364353984773
-0.3736223293380312
-1.0977593671075807
-0.599860966681824
0.2672754187539629
0.6502109840186705
1.2700294790340498
-0.5480356463267921
-1.0847535451173247
-2.695831036905619
-3.2517746358205093
-2.955876787390776
-2.822718944061613
-4.09327569903292
-3.52274661881402
-2.872605969875997
-3.6470554272812796
-2.484397326458283
-2.8103162280935234
-1.9127332409762818
-1.335780536437682
-2.5175708520885594
-2.4974702545279133
-0.6862794865243942
0.1236325846735552
0.6304308462557954
0.56149228698622
2.0921702529216692
2.1106251960287254
3.1477219558458494
3.622215387120456
1.4396723854271216
0.44705143016628457
1.913951169625371
-0.0472253099471851
-2.0148583289086472
-2.4011362963952934
-0.25197045545099805
-0.95640347399644
-0.5264413652216757
0.9457101772195737
0.2847102526275689
0.6491042582174403
-0.022107843572724883
-1.1236146125988542
-0.8776602078884018
0.44076526871541544
-0.41574678203333154
0.4702227825529407
0.13699615758013495
1.318678175848835
0.8675060404129583
-0.959472079791962
-1.5487247381587244
-2.586924495828117
-4.698681330196562
-3.3961900753979704
-3.854185188346923
-5.028970648637659
-4.294770794538144
-3.706297937844136
-1.7976002768842405
-0.4577323218216707
-0.6851223793132939
-2.2749388878448684
-1.2375005904162817
-1.7200556039868404
-2.243438880115707
-2.7610065505316994
-4.1663261994416825
-3.7041164879935358
-1.4878544047038398
-1.3791749395533228
-1.5182671878375373
-3.1434361836806723
-2.0023153313629978
-2.4347590427330363
-0.7888482392211358
-0.06742731734836505
-1.0421643474777906
0.49807238288682854
-0.8028976406643433
-2.5162650231952903
-2.534028931318362
-3.526149194953155
-5.587453351701128
-6.27555772536494
-6.036199114911439
-4.055415232949779
-4.446173902306856
-3.3059460573443817
-4.404481218001368
-2.683351097042781
-1.892554178077944
-2.110725042310842
-1.8244674752153063
-2.5524385660730964
-3.1271278647242675
-1.603394352007157
-1.6409392711232356
-0.93083571326198
-1.1421376924239304
0.6511380850030377
-0.3680157818312194
0.6423802538486597
1.40470592345967
0.5498842984790201
0.5091898083170054
1.0851333463679307
0.0828156442345408
0.46209459113511003
-0.10918032819509393
-0.5688770363819204
0.8150134759636857
0.5877213088361692
0.31269168531867264
-0.8207972205367686
-1.4260511736548453
-0.02422241181718099
0.615210537897507
-0.7007169174607218
-0.8363626566333437
-0.23936067620190737
0.9460302870962687
1.9524809888839754
1.084954218047262
2.65602961679643
2.2108117666801133
2.1116900595123687
1.4899569611153465
1.8271333118001896
0.7569607706858109
-0.23942018828521228
0.9682378193257619
2.9107126380249495
3.753400953733758
3.20185288996663
2.365697066464513
1.056994033498789
0.8461907444330429
-0.14031041252055843
0.23814914688949776
2.326373401164032
1.725520002835252
1.4108495974912123
2.7447772579037206
2.3076244379866506
0.966976285352753
0.6215396648524252
0.7434907738621459
1.4922507025108023
0.9244166114693886
2.275051260938138
1.7795167160369525
-0.1292682858358163
0.8736366436398568
0.2688428466229663
-1.0615928555234113
-1.8857045492215678
-0.6037810423737464
-0.010409958542175746
2.389805866642688
2.3543139588086825
3.865609424487935
3.9909274981134257
2.236372454006207
2.35674010064504
2.701926299955474
1.0731376390412468
2.0893611223450375
0.7838141395981271
-0.6469136742950599
0.4688963244371036
0.15889042564324318
-0.6079677012659497
-1.7560580260026288
-1.9027101533772661
-1.6823878421023182
-0.9813478978216832
0.4516584306082778
1.5288128902343936
3.313065696535192
1.763734060789981
1.7990573031699424
2.7215490167644862
2.1796796903714086
2.282041695641655
1.9512427867107305
0.9478012229540144
0.70165333601757
0.17090598075933777
-0.829166136311408
-1.6607949173635768
-0.4309910770934835
0.09414794222473749
0.28988279982155396
0.2735841086494129
-0.6903980622900349
-0.2044081081344405
0.7939941878159957
0.9716552274617303
1.6453482221141464
1.7266310054715799
1.9128143934307946
2.0809867281171197
3.2864531014135783
3.7956534882112614
2.248945293524912
0.49730564967727675
1.254517223587072
0.3692145032632753
0.8409936374806646
0.6749920228150414
0.5945437424941268
0.29316094890689426
1.8098911122311645
1.2756380297790364
2.1702268895198236
0.9920524974141858
2.09793633651746
3.2018893957275196
2.9268789925169454
2.8932954595881375
2.6163394873875845
1.7111666596847916
1.5680675615381678
2.0717489315906246
2.142780192761855
1.6481892788200991
1.117992759242092
0.07337416477625336
0.40913421617705414
-1.1082652942568842
0.5496133108429682
-0.08859306856393895
-1.1488798796187716
0.028517924855708587
-0.3024301189820699
-0.4182852336009537
2.1166517763874038
2.2900156359338992
3.472683527257346
4.030257217041958
3.7070264979700562
3.1888307960395297
3.2540039778771543
2.7364308058118167
1.3899972751445588
1.0071111554228414
0.6331399424813886
1.1478908993253851
2.2858701161637187
1.103317327052192
2.511620539969411
2.2966548318085502
3.183102698634472
3.1057333220335948
3.966955258421012
3.788058795830352
4.674423540325931
3.583663097360691
2.9602633704479966
3.6438649547643176
2.9869188505208144
2.133022399458218
2.182834031557743
1.9205752725761276
3.2192971094596343
3.4675373700026566
3.124805235400531
2.855789660516542
1.888279909786578
3.067053272513508
3.3976262169300346
3.1184423838333273
3.12368681852239
3.1443309506880213
2.9866613618594027
2.001165733214213
-0.005222912906143851
0.16265845835159512
-0.11856984670465406
-0.43826425829903015
-0.8162609923637731
0.32994517791643707
0.7490415093980212
1.669064610607942
0.6162065927360881
0.6863265433442864
-0.23158359308075194
1.1785828580836486
1.7081812913383456
2.3732923310360947
2.218706372259076
3.1996225087357866
4.043310406120688
3.7311220910687863
2.3613383677282354
1.577135014181769
2.424024869177566
2.0544624210266695
2.049013746735764
2.619263432454981
2.6309148859580933
2.4088172616371404
2.5004756712832705
2.6639873839464707
1.7073718565058371
1.2611763265783278
-0.599493959059429
0.10396163449588247
1.117128311234983
1.1219799622712492
1.2399079390018852
-1.1286447119328995
0.3043263311131821
0.45193198752468217
0.47885288682395555
0.3864593961513261
-0.0915952453801262
-0.8539824654012212
-1.5646262228780865
-2.5141360812924236
-5.044201458016789
-5.940472410463446
-4.598655338476818
-3.4366881969867373
-3.0392432872148425
-0.9741817539038746
0.58920273042074
1.7855243074292328
2.8641418721237786
1.466766302840407
1.5125523883122804
2.0827153303769537
3.9196068043578802
3.704884396786833
2.219595174891527
1.6636736545535065
-0.5186540321070543
-0.8671539131872605
-1.7171524391075845
-0.1739758381461569
1.4062440360662047
0.9521527929958333
1.0391371804744867
1.226176982789668
0.8861956430411619
0.3112404997281314
0.0804489371657203
-0.40164375408387065
1.1879205106128554
1.101826035108511
0.335653680430233
1.3662435520986964
0.2945393406860721
0.9301951677384739
0.44308218405970756
1.3761884765741184
-0.7503530708937272
-0.13772399424984094
1.3726602148185958
0.29582978740023846
0.2580701045717725
-0.29952026376127916
-1.6044393597187079
0.7733169991919657
-0.32375976051540256
1.4940671114318471
2.1470399944825775
1.7159841357429348
2.7492827011598817
3.2062806024152044
3.879384882273386
2.5724582706961137
2.5208603180743308
0.4879117709135372
1.0715571275349356
1.8017690853385016
1.8908042957306446
2.959684310203203
2.774747112210319
3.028974196496958
3.809032420068286
3.183045949990099
3.3288398635907512
2.4905506820690877
3.590591319457862
3.749017231271853
6.082736223944581
6.331450681189296
7.197235025989004
7.123065252749328
6.179600529029553
5.276560696858655
4.844199940965795
3.3766899062877664
3.942211972378078
3.296058244540176
2.2567162216507284
1.7739315010423864
1.0324291984557408
0.776197105086502
-0.10708208114070317
0.12682516100015512
1.2311316704486674
0.5484784344662718
0.8071451236080774
-0.22537743261370657
0.33691096368144113
-0.5667500896116205
-1.232597089525924
-1.5025320433378546
-1.2946818127739737
-0.24810369897483875
-1.2029922827126707
-2.0363010446226655
-3.385940120410992
-3.2909021019456755
-1.2832476929241239
-0.09332831117108786
-1.6903267580741081
-0.8104148088694659
-1.2370275949782508
-0.24072613764004602
0.42954843339712245
0.363128732401946
1.5209106978797138
0.04160725074308469
-0.8344922733133534
0.5611987143594309
1.681232100776173
1.607829554896736
0.8860383634221098
-0.014418938903221656
0.3371924401795579
1.2688022041016795
2.0345507056158985
2.0631733936311862
0.7504787889649143
0.9028842458156283
2.8645467194286374
1.3941343830402328
1.1418025294734102
0.5469575891189058
-0.235764026987348
0.13339970368862075
0.6914546940428258
1.513813078599571
-0.1949772968324177
-1.0002851390678045
-2.773156907426107
-2.0663444200061556
-2.3672563540568463
-2.79230967444546
-2.901780299716809
-3.4779385915180825
-3.5992632948316943
-4.835850280368505
-3.920547385350069
-4.332493867109833
-6.15931649584114
-4.975677779044208
-4.450055955481801
-3.769331205318359
-2.5374633498186787
-1.8634730807194644
-1.115394310640763
-1.1654363338301033
-0.4076266716564122
0.7595969555587008
1.5715782632229067
1.0672054848985961
0.8711217879285955
0.7335338033356875
1.9288495227627591
0.9009932704338524
0.8945533546604849
1.1105124582530936
-0.5845493053236936
0.5067846968337585
1.102854986815118
1.25496160030272
1.74922915904044
1.7255883093692646
1.6502282498326413
1.4842709294411929
1.3037009726422681
1.9330453691562408
3.13172056049172
4.335028835936525
2.782774807607686
1.668524076838355
2.644023954286425
1.3442390920088592
1.127889455329931
1.7983719480500713
1.5696251187003207
0.059273415420938225
1.236362423363607
0.7953222514072511
0.011048748827642951
-0.5062357587064092
0.34284135217731626
0.7013422438472103
0.09576585339076871
0.5781168458387268
-1.5307706064900706
-0.07193200254723209
1.1713031732185193
1.3362015313634006
0.8867699279616068
1.6573083222969291
0.329568544831742
-1.5074750791792222
-3.0406690926595283
-2.014270105934466
-1.5387126838009462
0.24637345830927493
-0.2582598598194453
1.8065501259163965
1.4780144936411392
-0.043275099528866434
0.7800629184354125
-0.3228104837171085
-0.5145539295345174
-1.9286317942395286
-2.1150710007021436
-3.272414065432688
-3.2488879880548613
-5.59819769880343
-3.359918408399565
-3.640782529892278
-0.6558439537335081
-0.7747908721676663
0.022179388464574123
-0.22841667914902317
-0.9853377367715912
-0.6956069990814526
-1.3627917075118603
-0.04792452308036754
-0.46150169122995915
0.7185627770391798
1.6638599925714317
1.5581793246493214
1.0674494418280127
2.319361534191397
