1.0
0.8758294518896415
0.7640819748646449
0.6840077178516752
0.6306080565847537
0.6460822752918609
0.5703916492223472
0.5178988157896374
0.5536915995080539
0.5806687177035927
0.5621312722707571
0.5252319079723731
0.5226559166995981
0.46382491050684294
0.5147618932259865
0.4284110367969163
0.3852356528567649
0.3761080466410905
0.34720487831305263
0.28626231429427784
0.3563843031888209
0.2770558585872441
0.30862347329477274
0.3011655813144847
0.27625162921827806
0.22624378265819917
0.1834211833855908
0.11059716092124297
0.06391005273584671
0.015811778458088725
-0.0007800078964035721
-0.010091227713495233
0.0010279976849340495
-0.013653384541572472
-0.030206176592333
0.0766388259906482
0.036226002453491855
0.07184912069797048
0.05852140695605666
0.05219053519526306
0.09355309108765034
0.07134087863225236
0.08141392384481738
0.08127155184453419
0.07885397395814053
0.04568443744534129
-0.006584962918529481
0.040635577842589844
-0.03857574276735708
-0.046672188996397704
0.04612924162675665
0.0034652353806403705
0.06415486940392406
0.04453586556219177
-0.03308613916884113
-0.11175787219588096
-0.06971664850805318
-0.07487149723393963
0.05706528716665234
0.07943881994561579
0.019267683664820727
0.06147008959949972
0.06169368856960128
0.0682338565859159
0.10049482266942567
0.10780669176858323
0.08128148126177324
-0.02235585649426912
-0.07988027023702127
-0.0943167566171517
-0.03442953598022592
-0.05510182357532195
-0.02209645035405619
0.10499128983881731
0.08728434716361483
0.12951921747642914
0.13930578310611827
0.12124201144157765
0.1298181584452676
0.11356619042628134
-0.010876654911244538
-0.055973403442248514
-0.054290322327751134
0.05422602720123168
0.059143040516314284
0.08682950823999203
0.012891839369549227
-0.006874208034498612
0.06148722976944411
0.0929075583498043
0.12396770391019604
0.14848636115250033
0.11576528494474729
0.133496962275741
0.16995853645848014
0.18375465485942655
0.18178099164890646
0.18699551559217234
0.22160518512258442
0.21745536330139012
0.21960724191851771
0.21139510977619316
0.1776278388115548
0.14347787577557325
0.16266674290251787
0.16595377364579025
0.17231853541070877
0.17991461608586412
0.1373858248997447
0.17366176632325953
0.20082897966828028
0.1388146447725177
0.031563137291042764
0.03822049430417455
0.08588340846660866
0.0502660928352355
-0.012095719978930483
-0.07136218784693339
-0.050901793592573095
0.007872435500273327
0.03893955175484974
0.14144291752713167
0.058118308500283766
0.006231510949021753
0.035402178456693974
-0.15676145029380745
-0.05918512600205671
-0.020581309838200584
-0.0038635537144056827
0.028033210751337048
0.0297219191746347
-0.023911438984378378
0.06345578454743915
0.05743375280227489
0.05636784645275199
0.050358778475188125
0.04536446411210558
0.1400869739884261
0.1856271159734217
0.15693520484003493
0.14609992723623028
0.06588561873684903
0.03769984474265328
0.012065045150712033
0.007572597926436763
0.06569296444895995
0.12688558108608047
0.04483955862753629
0.10245575413947669
0.08502346213077958
0.06225020993215746
0.00414641661071876
0.049841636763738914
0.10855841480634039
0.006841128580043251
-0.02211399704040804
0.03487858707679706
-0.049533886590761564
0.015702017136622726
-0.009899401659634925
-0.05300393584245198
-0.11728625615444005
-0.01593186934730706
0.0038334482332083777
-0.0254993157663174
-0.07171822679668009
-0.08032182999161397
-0.15878115385031594
-0.09039129581770364
-0.12280402879188462
-0.10229007269778169
-0.022731755251352792
-0.11237891191603802
-0.07587119239415657
-0.12617469881873022
-0.10372695699407113
-0.15082238387400176
-0.17195457533898428
-0.20438839308695314
-0.15643055985085252
-0.09138388486220209
-0.13002450889920078
-0.02287151637931635
-0.006648209537545767
-0.010502454468638187
0.04395643042705541
-0.03173593342170822
-0.025539213342318533
-0.015650944217387695
0.013734869669861916
-0.015511742835429589
-0.03956237256180246
0.017486035239343955
0.030397951933281632
0.08945813423836158
0.07765626148431445
0.00448553162425841
0.0832046643664795
0.04807015669039577
0.06338450404537184
0.027858117485079346
0.015345341573933165
0.061345853599065935
0.03494833208912676
-0.019539375196363833
-0.11052982771138867
-0.08599014886759862
-0.06106843003255609
-0.11091873027354318
-0.06281757052361268
-0.03079679496286616
-0.11366011339057083
-0.13666089008437882
-0.15241582178813876
-0.11389232957695872
0.002921110776588895
0.0987025434741329
0.09067933139632542
0.0833668049233144
0.12216392500323167
0.11248132341834004
0.08519804443382152
0.06270410163015466
-0.006670624099467608
0.0068698533468445466
-0.06301910351664536
-0.002342377150152411
-0.047510030238209655
0.004802605204536729
0.0240349197110147
0.047797736572505634
0.0920698918996523
0.16823222876155475
0.15505440447789937
0.09584638403493567
0.11445156135383279
0.16230474437298242
0.11572361544688498
0.061164912358558414
0.09770703900642314
0.08440401491157483
0.0547825665720667
0.05820543822839615
0.11333249433398404
0.031087621371327007
0.06144870628970777
0.11077653989395667
0.012720468500248328
-0.03174586601840579
0.009002135498897008
-0.02855846109217918
