0.0
0.19994361851892556
1.0189939718148333
1.1046963058941845
1.4613453606633995
1.7816313886055446
1.6222932119136428
2.869927355241651
2.1700537863154534
2.2637169847614462
1.7876830401249126
1.7903390483634989
3.2699078305143905
3.836394206174
3.115338581921717
3.9493645020174144
3.5716618699100664
1.8221113944976408
0.8022000383384107
0.4048981596769146
2.6033382918159105
1.4260861198570751
2.0423030428650724
2.5076492174665903
2.1680186048353365
1.5837311541467283
2.1369255663960094
1.837039205021374
0.6778917761289646
1.1251224340637473
2.8596121321511423
2.7529770190995633
3.5190971065193413
3.244838298335481
3.34005283336995
3.521611448103845
6.439870814611186
3.8471874969135804
3.563592306276464
2.418276365636923
3.3059697079283876
2.632917392356694
2.196583227036856
1.5608687198733433
-0.400014036628211
-0.683368691572781
-2.0024758591221268
-0.5215297643960255
0.206120748727882
0.5723174955265283
0.6403328598646556
1.969343984409811
3.836869465985462
4.404614959024317
4.721503898650585
3.8462185730040095
2.703501344174347
0.8357527759644499
-0.6931822589301546
-0.3071384985383107
-1.2020894771126212
-1.228746116362183
-0.8723681922291153
-2.05777994555813
-2.1361163919016692
-2.6706503220132065
-1.8957426017876826
-1.1063160350770034
-1.145531744903175
1.6773151015405252
1.4337179607514283
-0.1658351328168981
-0.3891869781169587
-0.7462111699790085
-1.8356687420352693
-1.0703136264418358
-1.594268635712722
-2.240219990917831
-0.7701661204421097
-0.18612326743123342
-0.1463144234303164
-1.5593832773792087
-0.74320625110567
0.5980461801097208
0.8710194833432079
2.208853414507819
2.333999518791946
2.8829050070027655
3.515056558048861
2.3319422583744407
3.4607511300973295
2.5498536553860256
2.096747593107259
2.8209666729408847
-1.0294765612085341
-1.0899694975612704
-1.3418618773304012
-1.5465488734486852
-0.6920134715009718
-3.29591327413816
-2.5617176034304068
-0.8915298513822179
-2.7006596202704496
-2.705225159073124
-3.5564784001866254
-3.178346679797499
-1.826292584046523
-3.023610895679628
-0.8635312989944577
-0.11039574574805522
-1.1952969368404063
-0.5294321717510773
-0.2090333622374438
0.31478499497101087
0.27615005711233054
-0.03421418498865142
-0.11825735836680176
0.15028226499894679
0.0009758439695864984
-0.558726561688278
-1.2824405614385195
-2.2727380103526134
-2.926613597636848
-1.0681725250370449
-0.3320609105171253
0.7090164414228673
0.6890674128556785
-1.467514425606519
-0.7879660811535366
-0.07204277840286921
1.1017743538448077
2.0184017015674147
2.2339909518745245
3.1201395683083404
2.7317400332918176
3.745808644088025
4.060331643154758
5.4024333483060785
4.105010622996765
4.080635858652939
3.1868778595063265
4.433579898868234
5.55026833755102
4.3505551088833565
5.59266917268472
4.267336773880899
3.3239070463693823
3.9603085907162936
1.3060786199677161
1.4257305132554807
0.1888356248944052
-0.5478422443644949
-0.8418678688835172
-0.5285306077924008
-0.5902096809958518
0.2615206851585239
-1.3045602837093522
-2.4992940013230838
-0.5882982731889601
-0.789323949204924
-0.8732084950287043
-0.5850172608709605
0.06121617552695424
1.5916545659185077
0.25104325741343203
0.20871845427768887
0.957451515651841
1.4431630757066372
1.7877341585450486
2.2370886894611344
2.700072119698745
1.737487473167227
1.4986476982091423
0.720337839267387
-0.624284565224739
1.2082935990929558
0.14296007252409293
-0.03622907292070607
0.04624943118972594
-2.3034564765585683
-2.3011410397915006
-2.1618695601654716
-2.0743477180240135
-3.066884179168922
-2.7477107540777954
-2.060124269670739
-3.123997103758882
-2.606868501944066
-4.260728944597381
-3.225031611712862
-2.429272417314161
-0.560442964501717
-0.5407550541746788
-0.5184756025947709
-0.10494821767817081
-1.127553494972529
0.01015279811635228
0.018832658101932975
-1.8410982979129504
-0.8397988428554781
1.0074881421711988
1.667354512402537
-0.34917692380589194
-1.0646251505406625
0.532187627707571
0.858574213119288
-0.026225409344538875
-0.3594691830496084
-2.347527356974788
-3.3171422009501628
-3.502850750532442
-2.673889204996483
-1.8516956275125724
-2.511350608617456
-2.4729450834382454
-1.7006006708117607
-0.7894899943092308
-2.442443475047711
-1.962015858048629
-2.583747574449638
-1.2605374196158554
-1.4160718308807554
0.4740528336592824
-1.7814328825964911
-0.9611789395510962
-1.7478175972290417
-0.265028379664191
-0.8296922641664822
-1.6107225778155922
-3.448519565634352
-4.2929750775413815
-3.290245129159271
-2.789347165934737
-2.730541409276844
-1.532725561645551
-1.8475518900637296
-0.2963019155659099
-0.5228537168503646
-2.016947410554944
-1.0784619765487802
-1.700799253607435
-1.7505216415905873
-1.096525442276598
-2.0178956981490352
-2.485657643806942
-1.6929166395405069
-0.5543743017142874
0.20219972551189846
-0.8837347320044882
-1.7680826241926915
-2.578132875210847
-3.1106483323770373
-2.2687320534209996
-2.9248270644789143
-2.3730735201110362
-1.8798884965499603
-2.9355926632699334
-2.910034760853115
-2.061119592456871
-1.3901172706525595
-3.0615571606076464
-2.0838817002504024
-1.9771970297349464
-3.4732039712488803
-1.4692545103764938
-2.0629822652614904
-2.209018687110591
-2.6167613570770323
-2.1905883876461703
-1.6441041645792909
-2.814703399352781
-0.9712788973423405
-1.3690803322925347
-1.153138160621021
-1.5196288237061086
-1.9249128239673339
-0.3017594776504138
0.056942861035195025
0.028253037071033806
-2.4130194520907584
-2.948755006612987
-2.7170920051368466
-2.245356874467146
-0.5279011023504048
0.23740660060963298
1.4981902091340367
1.0898624973234055
2.08472662849493
1.7711020204687575
1.6323777432489868
1.9561432517409978
2.0293473362894416
1.821793492785606
-0.07293112961502368
0.636488987529553
0.4289276364857989
-1.4279448793792429
-1.3671435952020505
-1.8961565124947812
-2.414808139202631
-2.621275183143171
-2.894669868482098
-2.671891832729932
-2.9439681893226046
-3.0594409321935543
-4.001203034073031
-3.7107988999609343
-4.6810467555001525
-3.484041030886666
-2.8542377034710515
-4.197361181160458
-5.436154812847287
-4.832835185657721
-6.054185993363424
-4.427200633689227
-3.188576644149599
-3.0340062370922274
-1.6249221977654855
-4.267084554965587
-3.459269074994925
-3.825601726201804
-2.5527024379442382
-1.7219373685838864
-2.347532521084193
-4.501001289855746
-4.679040059634421
-2.740167264924419
-3.156982388922591
-4.142262794649971
-3.6903453702560522
-1.3963449387854137
-0.547902104191296
-1.9676386288480192
-1.1972355624968536
-1.1250618397805154
-0.5111689048448745
-2.742000713662608
-0.9160584441072037
-0.6890560322735506
-1.5573143210750662
-1.8848138821432532
-2.424232413540585
-2.1711039982123657
-1.2727830447466177
-0.887634475751109
-1.1902295555683922
-1.535117807708871
-2.014087537832631
-1.8657042058305906
-1.1368319400745928
-1.187696542136515
0.5512855568675443
0.9063974830027548
1.1746271240958612
0.7592894304949904
-0.17449360816171
-0.1372580948967275
0.3355010947906789
2.0817583830126214
0.8037859958283002
1.00221514061279
1.8491261038491165
3.020090439606877
3.812816930187594
2.2671816124261106
2.983425442247955
1.4658142314369491
1.6414696212997297
1.0450752571222899
2.582043748860854
1.1009290557693716
-0.2341714288962602
0.2596128870890113
2.4308846666136845
3.1678750280382997
3.5271959568041433
2.3774702645614374
1.4946020038460703
0.6856737816251337
0.18902037250851872
-0.37288023353071253
-0.1743034105889101
-1.8555773140686065
-0.295909191218271
0.3534415371221036
1.2834788943206166
0.5954495295346346
-0.4137027143521833
0.10377153647016274
-1.3982526224785787
-1.1458793564541023
-3.2721239848910106
-3.5493235236283946
-4.376738869583863
-2.822395153290027
-1.3288236051071742
-1.6038828792266115
-2.024708863702972
-0.21767177314817743
1.8145640182665919
3.1945225823065826
1.6716894326743852
0.9837249117399591
0.28996743467590147
0.06494210139046847
0.0733707170370519
-1.8454885895844475
-1.9519218149333775
-0.048590335312612476
0.8996788697006791
-0.22894638842300252
0.5495927984459266
0.03747881612229731
0.23443475388342389
0.9367338784550268
-0.05819686653281242
-1.1343769284361198
-1.6718096287999042
-2.8646184083769874
-2.013545318785298
-1.235523091234516
-0.6658414775534366
1.5506980143392455
1.668826466191609
2.0849683188019443
2.918071450943935
4.103057594616711
3.892518052566965
3.024268115880346
3.7504910929609956
3.293343827419848
2.2610230478515807
2.249783138529109
1.2888586957628236
1.4313658889559686
0.6122972211247991
2.1510713896165563
1.2278346926598682
1.3045402346014148
2.4473049179104267
3.6476551194959765
5.2182344097368025
3.883178684321031
3.2350856288395256
3.813853998887327
3.306123193654355
2.7488217135098356
1.9835808935491903
-0.482556107544331
-1.8275777765346102
-1.7300392303646235
-1.7605438337146981
-0.31721631410825935
-0.5670891881226064
0.5862705519197801
0.8788974300218317
0.5062247805961537
1.505086967168915
-0.7155804154897225
-0.6536320394159539
-0.17021659041796144
0.4410651652549539
0.2951034142603836
0.07836857008789821
1.0029656192257406
1.745366718631384
2.262396672571904
2.063337445989514
0.9557919606981694
0.20141763108597788
-0.05525607529056775
0.03363107572795298
0.08437891570629447
-0.7223488740029229
-0.4225750662475427
-0.12518084337153879
0.36720207595247245
0.9582781050371437
0.9574134046436945
0.1691611133639911
0.36382974474592245
-0.6200343151708492
-1.9094587418776787
-0.8063802113967902
-1.280831276867091
-1.065367562172954
-2.2748970968172433
-2.9841568167040817
-0.6682818417951255
0.19317049621912052
0.697030979715879
-0.2921755558142132
0.12368122307565138
-1.1138531893603782
-0.36169501073133725
-0.977101907519867
-1.948807044221628
-1.5387438538678095
-2.248631383340986
-1.8610296319621709
-1.0904057351791927
-1.8476044916853365
-1.9864211734013866
-1.6980513519826335
-0.19367542545078464
-0.8095880396717934
0.3995379804267343
1.7323432812958748
0.04787370164142413
-0.034426463759472045
-0.3755009475207956
-0.6524617879305872
0.1367295981740092
-0.21499305737313518
0.0215797947679518
-0.4837199933342127
-0.0826996046298249
0.07933823819361151
-0.8205354674605629
0.02839750926423623
0.23429387099072777
0.2108891887297272
1.4266195007353817
1.173130783181374
1.9530863218084624
2.8366861327980732
2.78631077593273
3.8559558511526353
4.840201124298941
2.8580319655819593
3.7824045405623656
3.60993785169417
0.9786297582568135
-1.0889203163479741
-2.9875831079967847
-2.1230103754106167
-1.2799572394126604
-1.180151062881357
-1.4628493220997094
0.22390535656598853
-0.6135867177140945
-0.5827338034733756
-1.1895700641690734
-3.4794626823755017
-2.848902082161974
-2.5890090948626416
-2.020077263621792
-3.090188793181481
-2.6447632817969127
-3.892408531708859
-3.9949511238957296
