0.5223226967058296
0.5790262153237975
0.4120626192072614
0.3108285996067237
0.20513110664493506
0.38297809835429425
0.3051017047983244
0.3338127493998464
0.28318676385083696
0.3410402498026347
0.14113948668728943
0.17579767713081954
0.22055934152078857
0.27220149757737944
0.3016228267380437
0.16770472246798077
0.25519239559142826
0.14285257797882778
0.31786515824581985
0.2907452071951193
0.2444943722122823
0.23242443414499572
0.3079500965024421
0.480217069058662
0.4262879682019559
0.3961125221493317
0.3186818402756674
0.18013063297988707
0.4419626132163417
0.3245683293116831
0.3204221819392388
0.41607402767334956
0.4875801231639443
0.5057673832918236
0.31588651868860707
0.23862159961170293
0.0423449351739382
0.09923047241297775
0.0625084031578628
0.054811993522735025
-0.12233775732305106
-0.004010149507333083
0.0012558230420461947
0.09596865000774138
-0.0029492319525921684
-0.15046887477833018
0.032171528034898034
0.024980633831054755
0.06608392884476176
0.24922453180926676
0.14400190588711922
0.1747860790916082
0.12060301885919703
0.11159189557385264
0.07325988567575643
0.15828958531669024
0.3237458080972423
0.3799331271392279
0.3446149519009287
0.3004365862722373
0.39512307920403744
0.24047519965335892
0.004990481724388346
-0.1768134583004205
-0.20989391677241404
-0.15185376660370928
-0.1248487387759211
-0.15663853144174478
-0.1844319937406251
0.15375953559939756
0.033584258798993724
0.17270180749086894
0.18074619805746658
-0.02098804885324984
-0.08287769563161233
-0.09903734734318187
0.06619296061272792
0.002433052494347769
-0.16081358490495598
-0.1580269271754054
-0.25708330126739615
-0.19953094745337163
-0.1667121559975295
-0.14175633434166124
-0.1956537588332803
-0.3304438909801577
-0.27416151233255454
-0.26085284711774637
-0.3585160413773043
-0.18252549941684787
-0.06507279519930223
0.031195189028361603
0.20772054040579918
0.05640961398483174
-0.03393154526770299
0.06610121655335703
0.09547264930913589
0.05512575494040689
0.0551284393013908
0.15418681810566487
0.14033361301013045
0.11521443422053652
0.2804157374601623
0.10418359145134717
0.08311954341232626
-0.07936571191469378
0.00017119278645866265
0.032028002019379775
-0.05482727194437898
-0.14964762174538326
-0.14447294126961213
-0.14150011469564283
0.0010245911279909425
0.06018575627727819
0.06678973651580183
0.13675516384729913
0.06933889086442815
-0.02691610378841716
0.06565109366826188
0.18600479709811257
0.24117674266224848
0.3481760228239665
0.22225986590194086
0.24455257023498544
0.440231629732707
0.33836721076180254
0.3662618170748927
0.33170587523928846
0.23205611754397837
0.3462701356755812
0.42700154197767165
0.1546165947495303
0.1723621368594332
0.18734734790036014
0.14071095234857617
-0.02706465198978622
-0.07574776334359894
-0.009543342577905692
-0.04951000637163962
-0.23355977105080078
-0.1979405335300279
-0.2589509314890419
-0.22675868791946868
-0.2697017902746931
-0.2424478347922654
-0.212236313646393
-0.16793834247254896
-0.07111498037441115
-0.08801240698271079
-0.09782496004776792
-0.12936585114545357
0.019223282566400005
-0.068321937331532
0.017620373524884998
0.04085630406565052
0.02700182341466749
0.093508322147266
0.12706057349417754
0.05013344736732006
-0.12551542058575088
0.06323125796069706
0.09993522645369782
0.03992642452716058
-0.04697443225384107
-0.1594612767776739
-0.1428585947252598
0.04438805049425101
0.1375726879550271
0.2560220971942706
0.21213786740927432
0.22575465897099498
0.11766405643560618
0.011666464483373926
0.2406237991576863
0.36009626812025786
0.4882965581709061
0.3555298741025586
0.504792501766196
0.4269648782846369
0.42421247980394616
0.32419277425516124
0.23689071885084878
0.375505340363265
0.37647212909466815
0.31764566729713173
0.3652037389736048
0.38017582404705047
0.48950085236765584
0.3591431664931869
0.5516133126091688
0.5418967730842909
0.6128614100015354
0.6070212997212802
0.6026117772802277
0.5525102848652617
0.3939210252661657
0.4009805395446177
0.2193383155250396
0.18667280649577148
0.26593224837967866
0.2645416277584706
0.22607793691042538
0.48414117012199553
0.4403214073439433
0.45670052462033967
0.34949011646220135
0.2834716986641227
0.3392106470236653
0.330138372311238
0.4138967672202885
0.35405085683279125
0.3567406353659787
0.32149856545447153
0.16492225164233848
0.10666598107516653
0.15282871065308576
0.3159861798785423
0.14011838345970293
0.16507546292664693
0.08851187110819499
0.05861953135840277
0.10037419670953449
0.0385321658370523
-0.03664078523473472
0.038746646702224524
0.1668540825433057
0.2649838470464487
0.333163119077055
0.175853729683511
0.32217256938302435
0.1264799333713474
0.0849454315224967
-0.10851754196247508
-0.014338961184181681
0.14480394299129232
0.20226575032095503
0.14833227610698405
0.1023740203084572
0.13685469336120712
0.10808212188156106
0.05671451437157781
0.1784190774568024
0.15794313983508085
-0.14457627829073652
-0.06270960174040557
0.057413839538071526
-0.09469430272858093
-0.19048910631925586
-0.14277494231263704
-0.11889298767213828
-0.11708711240062857
-0.31543293351599483
-0.24641711723661652
-0.23046811692806968
-0.10019828622743544
-0.12246308235303935
-0.03010940979216596
0.10148162225730797
0.16051092704176884
0.08320294710647322
0.03483968456834677
-0.018442229852940306
-0.001398049327831545
0.021947123290452845
-0.06699318617950065
-0.06545789508012473
-0.09578039461288428
-0.272516676770288
-0.1574095068305965
-0.2667047430756464
-0.31603948302637586
-0.349776324587329
-0.33890686781416796
-0.33513864581818953
-0.30701050176787165
-0.5103224045686057
-0.4358968844404805
-0.4352172654713799
-0.35034605574010674
-0.3653675831703252
-0.3776887624063881
-0.4574544844396832
-0.4914249146800862
-0.3012151919420475
-0.3816782642902319
-0.3725031028182246
-0.3452162156832454
-0.2825941542120054
-0.40405139954318026
-0.43217149230736446
-0.3137557926906128
-0.32814138854055
-0.10272932037838003
0.13739847166836203
0.16773555225988085
0.1265990457031833
0.22616214328251638
0.08627248353070027
-0.04228129375793466
-0.021674420710311056
0.15282119418281745
0.23296992551130627
0.1985791511442455
0.25630647776596804
0.07732546670295715
0.1088392073226044
0.05747195808256908
0.12171407849707602
0.03481482842973595
0.05515044778961605
0.015518103830049416
0.21457758335634616
0.20226105049227014
0.2248972976757939
0.25760644269981114
0.26046300610040735
0.2961363043250695
0.2861020230513534
0.3698163580557713
0.21882048332979775
0.1084507837860203
0.17258638703894086
0.02907898530455358
0.06621890982154083
0.15262859254934585
0.2641898254493218
0.2063810787449348
0.0023544171667061464
-0.0408450432804019
-0.15946669358408685
-0.06583303830528435
-0.051545032084269644
0.027318177422746448
0.16943713242666356
0.04192729033034874
0.010245803852519018
-0.05852604865143374
-0.16872331734756618
-0.11236456118582269
-0.2168934896753823
0.016206470527933614
-0.0627058197704433
-0.0500522737361144
-0.24356876322985965
-0.1669903250122227
-0.026073030038965467
0.0840773398878681
0.1550713933186767
0.07538747204704907
0.02734455243444288
0.011170920358956709
-0.09518371839942934
-0.052526109122031296
-0.17187704342833887
-0.2806098315047385
-0.22218136876700462
-0.2751128873803412
-0.2746663387584184
-0.22168750209918509
-0.17752943936331483
-0.24671930246479973
-0.14424171975533173
0.06280862438386314
0.20510380344064588
0.1968820600840595
0.24756792941928335
0.29800413978234275
0.4238728127504493
0.19929258008516207
0.10307478348088767
0.023625417361211737
-0.009316222873655196
-0.04887361476488776
0.16659644514565822
0.2052983175361831
0.18679145168480282
0.03742054364362027
-0.1359551072022426
-0.22284849895657743
-0.2539919282278936
-0.30862374047779156
-0.24794722334611696
-0.15004841877152514
0.02189094441034395
-0.0836751841636683
-0.05725617297239468
0.007225551798609009
-0.02307192266316999
0.018726768498499396
-0.17545204838679743
-0.34116259697604334
-0.2230190910290663
-0.05025918324397671
-0.0055156959775807535
-0.01436666144401021
0.02248385968005728
-0.08726869844333471
-0.02077682707699227
-0.023536379600522447
0.017781151262868042
-0.10241315660499384
-0.07883845514819492
-0.08723700931928514
-0.12917971637536962
-0.15036658348232781
-0.0948109051695791
-0.14841337337223356
-0.11306526431756307
-0.047816372272712196
-0.0955361745034504
-0.10184080430635759
-0.01979053726578542
-0.2462029711707015
-0.1670864737789315
-0.14382338072983206
-0.10877847990908564
0.0034128766653110654
0.026885792437527572
0.08638468617763427
0.22569062532337944
0.22724398996165443
0.28149482462934095
0.31205727578111103
0.26914436742675635
0.24347075577448057
0.2878550418836108
0.2049845667723236
0.0438164488000482
0.2235116936962505
-0.03200244579756864
-0.07481638556000969
-0.005880184579467512
-0.06248966748570484
-0.08553579692137721
0.034035060303789194
0.09783985295282902
0.22033705530168782
0.3132031894515517
0.36229468850112284
0.41328770440907275
0.5078903825280874
0.46296580503897505
0.4375745190098554
0.5172045018644774
0.43445848697662776
0.5002003640720074
0.5502731011967475
0.4903573824347863
0.4219863663165148
0.3609989167473873
0.47345373078612385
0.09127258207901584
0.008377129244051526
-0.15193470739018433
-0.20605432124979556
-0.1159658400693891
-0.04065467836428842
-0.03078636504750536
-0.054635663927813924
-0.08403853707860884
0.09869617808428524
0.09417160482034372
0.05786009351869202
0.04989773260611387
0.35376852995739466
0.28520775860451314
0.07964890167074323
-0.0012674100650958697
-0.09692161775904536
-0.21517235120709405
-0.24349139736938347
-0.06937359028573126
-0.030820122784727948
-0.08381057287940516
-0.33544319191760236
-0.34131063976493803
-0.5300220669391025
-0.4884976749748325
-0.5245625052365419
-0.5456534730428203
-0.47341267946708687
-0.3992175161287025
-0.3903526660403591
-0.39345935762666817
-0.33489339452083083
-0.3944790195327986
-0.34640294227395807
-0.39596547887792205
-0.22106704164958327
-0.14338752806845084
-0.09493239508583687
-0.014310364356107663
0.05082903769729992
0.20534068488395774
-0.004702216700550016
-0.023218433091630377
0.12346129881161892
-0.05774679353821144
-0.06333624222107538
-0.02471177586692469
-0.059970943061762
-0.3006965482972385
-0.3289634431057754
-0.21293935196552882
-0.1697252075252973
-0.1630370925527935
-0.19212316656764034
-0.15411599522609182
-0.2483081129521016
-0.29150515834833046
-0.22645620061123006
-0.12064145905932107
-0.2177282560408822
-0.2872018136209279
-0.32894661903957306
-0.22141916515405985
-0.36334061008380425
-0.28481455019695767
-0.24740908147421914
-0.15190937259286785
0.09814175634765679
0.016867650382109065
-0.03652901598126397
0.09050178615477406
0.08832593913272019
0.22833081922045878
0.42514415121253923
0.33640735669635496
0.1773616586689361
0.04098008262141331
0.22378505160176432
0.09689652891080176
0.03240943586211173
0.03349113555634993
-0.01981974340966288
-0.05373493929295353
0.009601023882754363
-0.09079501893136917
-0.02757200998046084
0.13914044344553161
0.252893635182026
0.22705143973067335
0.35391702219886934
0.4280703672228702
0.2115027506629768
0.21520417236678874
0.2257584403845524
0.12683644614905915
0.17321007815718664
0.12879110239799055
0.14232260498783073
0.12907923971803892
0.049314895131653894
0.19013721942513123
-0.017528292941210555
-0.09191849655079055
-0.07280575099970611
0.050430483673919294
0.02018174489629681
-0.03562460667440462
0.031016334565894248
0.10256909068986791
0.01125320982075774
0.059343285156561634
0.13954567084097314
0.3069709523395718
0.179463966566566
0.2500984197621531
0.19529696759719292
0.1368322175398477
0.07216726320766334
-0.06653848282943367
0.04449968484092575
0.12015389388013359
0.09370333904997534
0.22729409335580483
-0.0007052732550709706
0.030115689198927167
-0.1768402590142929
-0.1289289274941599
-0.19282618573098953
-0.043484912502203765
-0.059375409652101224
0.07474765239205286
-0.068360573320628
-0.16424691651282683
-0.18967069397698355
0.10888293644881347
-0.06101193430713438
-0.02905107498216247
-0.044284537946888136
-0.03205877749400197
0.07617782137845402
0.09740403591562916
0.06403208397237528
-0.133938319244097
-0.02745419688606321
-0.023701964825393475
-0.06256559869769107
-0.054170346851730035
-0.0013648136857913398
0.058113982101746946
-0.07623034263615618
-0.03832135811384883
-0.039023527033602054
-0.07487545323705339
-0.06510937745644323
-0.05495533228831684
-0.022153912810790304
-0.04511587617794832
-0.06327059651382073
-0.032676440939430756
0.06547906823198942
0.03907686059135221
0.15481562056408232
0.2308342260238363
0.25768456176039317
0.06364660905832986
0.20707956446878809
0.1505522556198267
0.13248697113198588
0.20004725599279016
-0.005063995627537954
0.046460450239736634
-0.10412037612609573
-0.08559074571962119
-0.11315111428587196
-0.05985560600101904
-0.13286688646578093
-0.10288772603581782
-0.04177435093061694
0.0071279338641800985
-0.193455060345449
-0.18605570396144874
-0.25278747237522425
-0.23601426984843746
-0.23253134184185956
-0.29073139373039875
-0.23833515748996323
-0.21912327525325123
-0.15855275929641408
-0.0648079500470519
0.044475007738175934
-0.011331609025694966
-0.009456327292710214
0.016772328709726073
-0.029814986445687284
-0.03026531613627038
-0.06705557501409191
-0.16614832059327567
-0.15407634531116565
-0.021641088736522707
-0.13560117966757143
-0.08075712038808597
-0.15882046072883
-0.005323946350642816
0.04974353065297353
-0.0019881568063279606
0.012025570311249498
-0.19128736470021324
-0.3304945217320682
-0.41575319282357825
-0.28701222477249116
-0.09969171568225468
-0.09461865021835819
-0.2526002425313225
-0.04435439585508502
0.08370033084238995
-0.07223739156237591
-0.002987304376094173
-0.037183607037654325
-0.07697110142865281
0.09565549182566865
0.1646009321087405
0.1277126853342132
0.14581481053455872
0.29075247717094166
0.1620003715763319
0.16611714980421743
0.21666085561871581
0.22092781867740263
0.3580040423581366
0.17503978514989987
0.16496021080023587
0.053532179692443574
0.06642934812524473
0.049793744137165086
-0.04496592213589544
-0.11149538164264132
-0.2603917552806118
-0.17599960949944643
-0.04524712622147552
0.4174855137737437
0.4008760492295222
0.24097676157561104
0.09277546409845767
0.0010185098982680718
0.010918095420259767
0.13163777945425897
0.10652446222028163
0.13663854443320494
0.23067096964446182
0.16005728917090806
0.1476631916502278
0.21842907768174086
0.046099649046359964
-0.031734484916863356
-0.18422624297419593
-0.10257252847624357
-0.06913938652539714
-0.2501744430230988
-0.2671130850055609
-0.12471898343508386
-0.17823454422304297
-0.02217641305961393
-0.0028003056447806138
-0.04055621254667824
0.010664207235339944
-0.1193131852328019
-0.13462615042026696
0.06708503392735324
-0.0018386629094169493
-0.15836159739226985
-0.14936991986774067
-0.02517010878314302
-0.16746433353546317
-0.1525716572846814
-0.3620432055086802
-0.2857776479302561
-0.18407759666929435
-0.18342558633009065
-0.3200627288730332
-0.2344956412603953
-0.257326234376278
-0.20980303408550854
-0.111078730468061
-0.030314583114581295
0.05919130736991857
0.03947430720046504
0.17283767293847524
0.05163261131745567
-0.009029949454396821
0.06085207893137007
0.18128730455572997
0.2532931437612995
0.3302467086033034
0.17403468495778085
-0.03999389700415826
-0.05837512634176469
-0.16373650931100078
-0.20231115640967348
-0.3458663447311445
-0.4433278490106519
-0.3575523742073553
-0.2732608708535706
-0.2560922159610895
-0.17350551025495328
-0.30713565239621526
-0.1939175955529879
-0.31217960771040854
-0.37429473278294056
-0.3859043983469154
-0.5894653512991352
-0.4838631799644092
-0.2496011393906281
-0.287479537579201
-0.18472672017777042
-0.2504152089307603
-0.2410612542291613
-0.32940428200052124
-0.2941649992645635
-0.2614766741819948
-0.37549865235457464
-0.3030766556274549
-0.192242744258318
-0.28496346994359745
-0.22735200791597826
-0.3441925568050985
-0.4426846183160095
-0.5703063728362052
-0.7027997921418574
-0.6658936918722177
-0.71462891703762
-0.6971554059851692
-0.6375727954666107
-0.6115803937206423
-0.8030744362858266
-0.6791512660133412
-0.4949119174703046
-0.5885459124351075
-0.4038553100454243
-0.38508811429753986
-0.40537587398589403
-0.1728616629789158
-0.20357169388001586
-0.14930897355013162
-0.13479753815383852
-0.18927919766461707
-0.06979670944040021
-0.06208414799699568
-0.09312217209727106
0.005236922796997043
0.03776352563130869
0.13462860332996734
0.08841840086755402
0.1255135862507067
0.12071794918915152
0.13542264851658467
0.0566658821859706
-0.025072905104624323
-0.03841666349711902
-0.04881128885091149
-0.2041852430220799
-0.22711101939593256
-0.1916396130332857
-0.13022656032497987
-0.021895988556030588
0.17141718433315498
0.06589407158724878
0.042901787601282826
-0.015000056250541828
0.02919982350699362
-0.034978695987962764
-0.11500474784372805
-0.04858915716669839
-0.012060967446236123
0.31462889948055245
0.2801547037149713
0.11831689592808187
0.18445841804162344
0.0884838925544976
0.21337519709522274
0.06334966459046928
0.16319207155926577
0.14619538246833222
0.006141907525854917
-0.11439033188412509
-0.06684746691534324
-0.3982026683218852
-0.22531482598706346
-0.18218537521861758
-0.30568900739338223
-0.3279025861801892
-0.29584120940510095
-0.34509103540578606
-0.42025964402821625
-0.4091258385670533
-0.5537558736483058
-0.5400834175041
-0.6222865821572885
-0.48303296641707616
-0.4117709314353089
-0.2659843183336503
-0.12238873250636499
0.07646697419060025
0.21990805407232955
0.1303684253938055
0.061851490935495704
0.11602328725840433
0.22738595997790428
0.2512623279604345
0.33168322877859274
0.15635344418811717
0.3231473341424857
0.33421923984764
0.17999984842248554
0.040501520486981996
0.030223866246630118
0.10320946323766396
0.08740573177317132
0.07971269286594718
0.01670377427436385
-0.05413006306090595
-0.0012000211273861805
-0.019606172203623234
0.0600410865498031
0.2090183576018778
0.31069241961822874
0.3070557806316514
0.20596021836423262
0.30977780208443845
0.30133790084547185
0.32626269414941445
0.21552728377698366
0.21203324451570496
0.37400400891604774
0.24116679430174248
0.35667616474240227
0.6013667576969548
0.4603718027262122
0.44211210186363614
0.2867918089171262
0.34163284720303644
0.44094182725770814
0.3572022375107933
0.32600408113889223
0.19985618134291894
0.18129846486566437
0.17898786272144018
0.18724616227594046
0.19703893259125188
0.17643206835256786
0.24455128468016024
0.005718522604950899
0.13780800764381826
0.07388174848236123
-0.06704069465721246
-0.02154569789439409
-0.010472520658241497
-0.020182301232556765
-0.056333803239977415
-0.14434271123458953
-0.06143734903256737
0.013468769493315748
0.11923915599113
-0.10150930578914046
-0.17575884594186508
-0.33728954149294454
-0.2574637560370549
-0.2742364606558272
-0.3229184324836849
-0.2588049550385126
-0.22158688946811791
-0.055887106335254455
-0.10597643275710704
0.053119900038963386
0.043840846166325144
0.07399725623936715
0.12192909614995814
-0.016914287565331657
-0.03518031058736642
0.015919043057585763
0.008074071470154744
0.038824282882423095
0.017182487681831796
0.00507979091860509
0.2073271412693635
0.04630932248170355
0.23537358526466595
0.05777515243481654
0.15867297973167374
0.018689028194664517
0.11919065992709127
0.018427966091004097
-0.08898344394822509
-0.23290599711792523
-0.23660192284557072
-0.08997490302048824
-0.07029052009875708
-0.023256285384000333
-0.026444249654816364
0.13524019422599848
0.1460567274762641
0.1842548022935315
0.03663411407177669
0.1552803053257848
0.042261464656286385
0.29965789523710734
0.3358510988423681
0.21994670368107813
0.22725648578724894
0.3411292362996914
0.3114580634058093
0.353334814346559
0.40331463524475736
0.42794799770145153
0.3413549720863295
0.5743315113520496
0.4372275472598513
0.39355769032667043
0.4009792911757775
0.4337155440958155
0.455654509293064
0.39972717672630337
0.42223112415899383
0.38743128707042956
0.18307075408192877
0.08583259316726334
0.1447269344259381
0.22702117360760318
0.16795336804524796
0.22723319800830016
0.19615099715611228
0.1672766130682251
0.09788478738852086
0.05412892886974862
-0.07119125948150745
-0.07953942348767432
-0.033693180636868936
0.16883731621236212
0.1777098898819366
0.30329499141813543
0.4691949666922842
0.634796556999508
0.6501021161336054
0.6821508630776512
0.5901409005704776
0.6235015087419096
0.4660785640812677
0.34907339235012136
0.3329943663856993
0.17738666660841512
0.10531983683658573
0.15507223860164848
-0.02497424800652842
0.06651665765422488
0.15680531374726606
-0.09614089151345134
0.03174578099723481
0.11578074692305598
0.12858724134042457
0.06707458911374889
0.15776699661783294
0.044274128397617046
0.05006671347722414
-0.038950363548438685
-0.024782368535434317
0.08210523392207862
0.11053459050694006
0.22361176939775868
0.34710962990147715
0.13205925109868866
0.3167785084590574
0.4485809643556971
0.38680626569239296
0.3399024642041948
0.32371985760707933
0.35653303372456735
0.44105924191965656
0.4502131438343411
0.5576370457232929
0.5428844951331999
0.5413504226513455
0.4435552152846006
0.5703796846259499
0.4463719081896606
0.420656511426674
0.23222652613561207
0.21417620622240324
-0.11778730662132122
-0.149133408746
-0.20911780675721853
-0.09014409055807024
-0.25599747701200576
-0.1217997886978193
-0.12415019998107388
0.026657041698359238
0.013900828724814572
0.029708624639492857
-0.07861286614991832
-0.030740658520190894
0.0841218449061978
0.11969644457129694
0.1933511698880569
0.09465238128365792
0.015075604276447802
-0.17763429632652683
-0.20571974221584124
-0.4265319199410346
-0.29161519328255997
-0.1979011340253257
-0.10928442706826887
-0.21869806733394476
-0.15720398140420985
-0.11139369611650565
-0.2646581409285985
-0.2909258805785852
-0.2904551665113091
-0.1471441155554809
-0.2899058103298696
-0.29065528863317897
-0.14861459121937776
-0.30217560669460514
-0.30681326515307816
-0.19254638710439428
-0.42268137804054445
-0.43023331624086575
-0.36984590542023854
-0.3743596546157844
-0.45059026961173126
-0.43543338723305175
-0.48194640782532205
-0.3851240474322405
-0.28311330292665265
-0.4174622257570504
-0.3482989606132131
-0.24479178159522894
-0.25219426696267977
-0.17490418270528943
-0.39130775460152095
-0.40542528684056556
-0.46381006799377994
-0.46207526953419265
-0.4057237388939406
-0.20706955964374624
-0.1667191521508898
-0.15176521183152844
-0.14707104936524987
-0.40574159567875123
-0.5097251339066183
-0.5101534097864889
-0.478027646596306
-0.5077656692758036
-0.46688532293394847
-0.582237774644248
-0.4217634972444699
-0.41146368002049283
-0.23720304145591423
-0.36610749909293794
-0.31522817769168304
-0.30133471016029145
-0.17911957116704386
-0.02639971173356284
-0.007399455641584177
0.08916558445819259
0.07188316292446241
0.08169788443622658
0.18525036882995954
0.0024059307675037833
0.0859670799646256
-0.09162237523226018
-0.0786091698591516
-0.23147659326886838
-0.3238236342563897
-0.15562677775837244
-0.16807717282165308
-0.12696815753736362
-0.08072870792592163
-0.09922352427208647
-0.04070025066153705
-0.05264345824105873
-0.20484575242138733
-0.23537286368459276
-0.07638734177248982
0.019778521928347934
-0.002377815815432855
-0.13353608057337732
-0.13059136075177974
-0.10426466739499017
-0.23919473178973377
-0.3287545649481411
-0.4632425495223965
-0.48230917324656203
-0.502168678306642
-0.3672655959948952
-0.23370138240899158
-0.22618747195207664
-0.19880261989545372
-0.3184988202584432
-0.22989813354129535
-0.18791068719748866
-0.18768342458667056
-0.35569756126704066
-0.2844327455301392
-0.10333957298872229
-0.07134759669037603
-0.005702928647594335
-0.18857299099069808
-0.3039767814688472
-0.2838488190333735
-0.11849922934089771
-0.26630633714331675
-0.09216902533270649
-0.10585620490208836
0.0627681666008712
0.005242632772476594
0.07526238796394503
0.1099873977157776
0.16019354026627036
0.08188649901914266
0.10757064378607183
0.12747191193701704
0.2882813429321515
0.2848957434726381
0.27126502606671105
0.13755533433084022
0.08056074978272154
0.3225657189061421
0.3435452209312123
0.4718676249430666
0.3889074540656828
0.19832320099729542
0.16837373132106664
0.19925318090601002
0.16859931451049
0.23732913798056104
0.0885250267946352
0.25911410666171886
0.3910045536287774
0.3006559327387249
0.2626699757334717
0.23321410562025233
0.2753582989986194
0.2920056529036282
0.16357026777360845
-0.00824390871156297
0.10794150031294081
0.22309308615936868
0.41168858863342495
0.4777499978906094
0.5599654647848521
0.391607556440647
0.40515845384941884
0.2655618460567398
0.044536865515323154
-0.040433178463485896
-0.10308339947991492
0.01774468346494254
-0.024846725842417535
0.024060655949322895
0.05969416261532054
0.12755612532615773
0.3508681019029116
0.28801386168742094
0.1608374667989823
0.012185392536570694
0.04825666924088321
-0.04938891686550049
0.05129291071705992
0.12214101697498136
0.15200790443193943
0.02191392899487815
0.12115919941485687
0.1167910923118513
0.14660430102757976
0.1921612701332106
0.43667006265420827
0.5971859477594187
0.46585609973730047
0.36012983781986324
0.24907329162544223
0.06395368978751068
0.04813302624531343
-0.044718272571671804
-0.1460009388224608
-0.2810612460574793
-0.13130185736287814
-0.14849195475490284
0.062468521648506053
0.2118925973399137
0.1668495852011411
0.27023413614350006
0.42206362425544164
0.44781423424961014
0.4310285286691077
0.44371654586163456
0.273941882804947
0.17855128116348304
0.02026069790305804
-0.01159119367480816
0.020127373467689006
-0.06532253361255592
0.03172333198586126
-0.12744857505025142
-0.14694215848350023
-0.19438621234454379
-0.3128656053652493
-0.5041403296930754
-0.5957107327761705
-0.4755300827011186
-0.3882567990386704
-0.42070436802973077
-0.34588435763978254
-0.34248485374292126
-0.2689887642391838
-0.24880554926336024
-0.25205147948265194
-0.15023336382667685
-0.09466452070210779
-0.13556792660595593
-0.1720298124371564
-0.19565303271723453
-0.10931196978919581
-0.06081175218784358
-0.07623978924205073
-0.026526827556469484
-0.07037875776390051
0.027656277950676836
0.05729294546952255
-0.0015748346036424665
0.08409166492037626
0.15863011945848116
0.0522165308427268
-0.09338462001300495
-0.0446668319686126
-0.06647505711694038
0.07489434352744324
0.26663238357469365
0.09506175893602811
0.11010279591034035
0.07218698585545844
-0.014904799256543366
0.08102347191214823
-0.0745038502293147
-0.25595070342702264
-0.14981254802387556
-0.2639878327370141
-0.09164892224038332
-0.19946516417774687
-0.29907192402204746
-0.28193090664765696
-0.19537022538853638
-0.087230546511811
-0.09736510240825919
-0.18883333185189666
-0.2536487490819376
-0.15918226820640569
-0.08986456383630204
-0.11950434081337803
-0.028227906158417262
-0.13015486785001362
-0.010386042774910259
0.01887626152962974
-0.06557731940056319
-0.1366969572575515
-0.09057633435184836
0.08574331207860315
-0.002929308058467167
-0.07647619234298295
-0.051761783137960364
0.009593507265015434
-0.03131541726437918
-0.08234511080590869
0.047761704405073616
0.23700418629984427
0.17118419031298404
0.02824267036874592
0.012947428677506173
-0.016493736000111496
-0.0460869406425556
-0.11400594220568094
-0.1228679307584246
-0.19698634595625575
-0.16995818382968214
-0.19324529474802885
-0.20970332104366307
-0.2049503802092268
-0.07026119192065299
-0.1437150724357234
-0.21611339112518618
-0.2477644045470637
-0.17503599633271116
-0.19479378837756237
-0.2693203845176661
0.030313466710876924
-0.11303662797255314
-0.07406844664818715
-0.17562973471777796
0.01593535214682998
0.08928568949814339
-0.04509842786452532
-0.08124805606892316
-0.003927305564400782
-0.04834629602007798
-0.0358163606810147
0.0823947526416541
-0.07036796795465634
0.06504788504886069
0.19380111101808778
0.13039770812479898
0.3311890098578477
0.28552108467182546
0.28769664818180696
0.35388006309067244
0.32987031342238493
0.32712160948521996
0.3059155543104826
0.4208444532822193
0.3425162197758312
0.029881027632126744
-0.06566425718429429
-0.04366024807336409
0.07390788601715634
0.17423126606843625
0.09027201540287079
-0.007076399453877169
0.07661562096681918
0.02373253058397117
0.04014411216008103
-0.06826234163529105
0.13556480580050817
0.17663610634939897
0.20853989087099542
0.11041189696374099
0.16424913953135836
0.0682023464555339
0.02877210549421226
-0.11292052591819617
-0.05002060097203911
-0.014200485460599863
0.04459048654784709
0.15414400589648158
0.3109329206520677
0.33622278782499376
0.2386026012543182
0.11083537324515719
0.02547189750586902
0.03095737544157354
0.03613564608884093
-0.011052578650807478
-0.052601769487791404
-0.15525112894833898
-0.16790582599505394
-0.24718498815344464
-0.24581594387856054
-0.12635168290424695
-0.09651843647658073
-0.030892709604903014
0.03953570441929047
0.02592853844888067
0.07667309921405067
0.14375078959983056
0.1658627101445083
-0.0339493255932187
0.06446463008851486
0.12814648291536263
0.0640774200615922
0.016810853775899623
0.05275650923525461
-0.0029122139024555863
-0.0015680439130959863
-0.0790143946366148
-0.13580061078224764
-0.1596167734906861
-0.07144901879196097
0.002649435033320602
0.20158695864548684
0.4021465154677515
0.32743664661540745
0.4512281012448993
0.5681641845179513
0.5180664026909124
0.5410290419970206
0.4762701946320434
0.3742609779082635
0.5097252109326245
0.43933704051093525
0.4326964680870929
0.4297865181605417
0.26943322238618905
0.304193077662495
0.16796527507133813
0.2169536075946757
0.10114806094143709
0.05372653655746912
-0.016233053310622345
-0.16975645004589976
-0.1352756434469246
-0.16692050294962382
-0.31020306472675374
-0.3144519815852596
-0.35757568617034463
-0.3304195007083666
-0.28713067213611676
-0.2732636925471826
-0.2629584372038108
-0.2387467608923021
-0.015601889573332972
-0.057863677088898065
-0.02476633353903665
-0.023427691479031315
-0.0515152116721069
-0.14958551566090683
-0.22757208593633987
-0.10660747396449197
-0.23144935619067325
-0.24966296405229266
-0.20367762828776345
-0.20506146954038804
-0.12762512735231424
-0.17719411924859002
-0.10862768143742524
-0.06475929597582747
-0.17560705104621047
-0.12836965682643964
-0.03404947413253269
0.18951338338006385
0.25320036852046846
0.003394876383700063
0.11353265589645817
0.0015718036012378062
-0.016297700831057742
-0.11112408202043422
-0.05048860187355396
0.00228957166252524
-0.09871149182117968
0.026282344540800626
-0.1539908155004524
-0.2665020184008478
-0.06183059364737828
-0.05087909053589992
0.07037064265355134
0.05429635401191238
-0.15632741574196987
-0.2707598527859415
-0.23841262182112288
-0.22153906063199724
-0.16167276256018545
-0.06718258701211388
-0.012570548702438511
0.12768105896840354
0.061631157617132365
0.03316148350299547
0.06733034535124953
-0.14529940032503333
-0.10237919726788694
-0.056983843583690214
-0.1472697233155551
-0.12570403951843767
-0.16073997190750333
-0.14965235443593594
-0.05109470943439784
0.017634276256125334
0.012196402829497884
-0.046623142486608884
-0.02853800096068404
-0.08589468314363205
-0.12285498830964317
-0.20330662891864754
-0.121226096519892
0.02332795239211044
0.06863036466938724
-0.0024805763803368644
0.10381607031478701
0.04805925892029885
0.023758090881163665
0.1067406694596722
0.11246359117045002
0.17321547237974003
0.09600406761453409
0.08992089296767419
0.072943319515573
0.10362793567438677
0.1453659419949023
0.13824860337350053
-0.156826891159144
-0.13273051170103886
-0.08148695994892613
-0.08389300998640183
0.015337435071797051
0.23570371747587418
0.31465787950647195
0.48540728714287773
0.5310626871902353
0.35504290517938697
0.30308228585309
0.27346038115017834
0.13134720294723312
0.1804469194587314
0.20625999540860104
0.17077351009774638
0.2317465582008445
0.25688721146256954
0.24992383919156308
0.2682712724375539
0.13923285159679588
0.02063779532764526
0.058224156757672944
0.10131846166634306
-0.029075334970607408
0.1119329092687984
0.07345650011430299
0.16161118539110697
0.2462469886465467
0.037903919782435236
0.12123606667728934
0.19564015639445403
0.33045130123538946
0.34551224064717584
0.2230519430665735
0.2957669999610132
0.32962972985750816
0.26569871166713804
0.08481992726660237
0.23288035663145523
0.2136143127942441
0.2882018638524782
0.13007693313216612
0.2535039146781147
0.23124948127334433
0.24662229473510905
0.189516071905045
0.12044159927276224
0.1179665241667178
0.318077705308969
0.2571173386972404
0.2712483547306363
0.12429832197634941
0.10851718368967976
0.1559386337251235
0.28594283546329513
0.15512693076776882
0.2024109413243267
0.34016634179766586
0.2149354501605094
0.08244928823284152
-0.051261877207046086
-0.11202954675664849
-0.29440118827190004
-0.2324668376619664
0.022337106694834935
0.11316067438212006
0.2757118706636625
0.38798708741219634
0.25699352319430246
0.3873704511303403
0.4236384169420445
0.39750843301115496
0.43510125497001206
0.217047814434241
0.19288480340979833
0.1605760405378151
0.19514101920350083
0.22486231733207165
0.08983733910976227
0.11944327933465791
0.13608791370626597
0.19505187555588216
0.22970161308005133
0.263649516116245
0.45256868551641843
0.48807027378977813
0.48169951803508276
0.5172117850637583
0.5254155245711494
0.3814735399795403
0.21252389363497073
0.10733553972319232
0.04285402124906546
0.11201725765879836
0.16821717662339825
0.28560554712812625
0.09837821043538475
-0.05099974577171512
-0.2139368658058533
-0.38950334403887316
-0.176194791189765
-0.07601265154192959
0.013443192572635293
0.21948078123154813
0.20765444065526098
0.1976855195927637
0.2762917734736615
0.24870162057531364
0.3431216845846864
0.2588740775781239
0.18044962968501393
0.07717326166752896
0.12394364738206913
0.17980541631565233
0.13108171203864827
-0.06993169769039245
-0.20886406334501179
-0.28274267867231273
-0.29255971142478937
-0.5446901337689636
-0.4237149629793109
-0.3935587794525928
-0.2912517571653914
-0.32900651497189953
-0.19074640034487894
-0.19357850153312792
-0.3142930464680046
-0.2414540283391386
-0.07254716628118396
-0.11067078949436482
-0.0837308137182087
-0.03085797761928428
0.050868122011798966
0.001414759254220993
-0.051942665276677194
-0.007532879379756295
-0.16361227521716648
-0.27932395107912883
-0.3599619549440013
-0.2743164500276821
-0.17981590716926998
-0.19509373597872534
-0.251506844114547
-0.33064132993454187
-0.2322625109588617
-0.2857422016581572
-0.3438689505182128
-0.22465815405537243
-0.3262634286508982
-0.2734156100673889
-0.29980163294119
-0.06079723423772013
0.025207802711717506
0.06144981239338673
0.0832952849550466
0.032879245368400485
0.0016788775019404636
0.15064707791282725
0.11482948624469193
-0.030380714431673367
0.27206731290987085
0.2734418998809156
0.2180858607888134
0.16408735650223807
0.10656214169638714
-0.02384690729524032
0.13907538682790146
0.1330065679621164
0.09549663261428773
0.1002351100646113
0.006069003763306005
-0.0063859177539864025
0.055848606645125747
0.041122158366055116
0.07946556148184294
0.05325125493507597
0.2370198749586091
0.14469476990675212
0.24357066152895293
0.15742215218752886
0.10440908969290702
0.03625643960823396
0.04642280860161128
-0.0253629166919817
0.025923128172404386
0.02573797429802835
0.019577650199923947
-0.14432165274434
-0.10879870218304094
-0.044853547393613406
-0.03576033114191886
0.017482718756147077
0.18508848623407856
0.09556707048434726
0.19403261601275074
0.23481949014733214
0.14637210603142303
-0.11479984056254477
-0.1557010485785511
-0.22975747978909922
-0.2241061519089601
-0.22303933279124222
-0.08232356603320898
-0.05579669094088813
-0.05769736627855424
0.023779020026617192
0.044775732894186605
-0.05699653662319639
-0.15069797740458346
-0.17990284711490828
-0.1815115044228106
-0.09177902465923794
-0.03971336841376745
0.10437433340125071
-0.0621595978297958
-0.07570809111188503
-0.0413870186075971
-0.25454565071323776
-0.20832901202428783
-0.3386816407260079
-0.2675113194255001
-0.24793580828807013
-0.36026306098645544
-0.23394973512055062
-0.33113771523426383
-0.4933660321938098
-0.4395309919171222
-0.33597864469264316
-0.2910565689722532
-0.35149422476331077
-0.44278039990152296
-0.3897138974540853
-0.3392681950280958
-0.3008970647081608
-0.20503443549233033
-0.2494828960232634
-0.4123219140410932
-0.3693443238110073
-0.30860719090503913
-0.24456580935158093
-0.043435417803612875
-0.0409288704047023
0.03224502280312863
0.2328999448043998
0.1899966208836864
0.09348054821436111
0.13088326718810153
0.028205591572336625
-0.028963397472346955
0.03142267627363067
-0.2687203660820851
-0.19678210928822937
-0.17004197985529865
-0.030950107772560673
-0.05908084799766809
-0.056402266807720786
-0.1280277649842409
-0.17884727037393716
-0.04250098932086732
-0.010119333704068655
0.07737809194991213
0.019936850949608738
0.1265724418818
0.23477734464350822
0.2578505082873377
0.18087764832658998
0.09718049627995376
0.048065736600749524
0.1504777354733323
0.13855306827917593
0.09668746503309986
-0.0019849153723591334
-0.007963237232676225
0.09635674813865691
0.010119584107038906
-0.056791630479692025
0.08865417637020565
-0.005535095576504431
-0.21055179457226428
-0.08881414425849213
-0.19457687405822965
-0.229565337358635
-0.24089427283666032
-0.1241322533929469
-0.09265845636737088
-0.04874798147300922
-0.011811591073587119
-0.0698849083412183
-0.1579851559441861
-0.29015396992106646
-0.3869740475915462
-0.41647621288655573
-0.20403645412410923
-0.17186817921441253
-0.10667378337627748
-0.07302828231000674
-0.12870276322615104
-0.16794176365811747
-0.19127892342660657
-0.2693963962404978
-0.15339043288854687
-0.047512581222265635
-0.03969335578288415
-0.0009571625598273209
0.05447937747654273
-0.028736453872451558
-0.05615406699816372
-0.05489685148335911
-0.04703523353721361
0.014177613008182925
-0.005187977077738576
-0.045778886058443165
-0.030746326671411126
-0.11452414022464408
-0.019438375491260415
0.30574547997144913
0.14928194693756885
-0.010122999720487746
-0.09044370848986083
-0.27945987318343024
-0.1714750980123638
-0.0815616788177444
-0.12756724134111946
-0.17134856918947095
-0.046672207218214176
-0.12654459176629523
-0.05059675637385817
-0.05742497195965618
-0.2664982211361674
-0.205984066850656
-0.21215174855035207
-0.1613974675124461
-0.15269977221340358
-0.19563809326716486
0.008086512278216884
-0.14197471264341102
-0.03212700995126751
-0.2508293089922853
-0.22072637634007067
-0.2553243429258872
-0.1881804854997008
-0.2532715926560325
-0.12968312051187567
-0.05667756603021828
-0.002343979057586154
0.05082087770897514
0.12404783358618575
0.21866124300966766
0.3710731999492595
0.38884756963382805
0.446225270517382
0.47709160537895773
0.34751162275608605
0.11873153667234201
0.1166586477398846
-0.027998223919757703
0.07654507249996254
-0.08442329861616632
-0.2279199151270767
-0.30746088573447367
-0.31135126697482396
-0.29940074265224953
-0.22229745099082604
-0.27933657658715644
-0.21817906626258848
-0.21125766205996088
-0.2846907699273019
-0.2066014230868514
-0.18568856494775482
-0.06214247647983412
-0.1493594152610277
-0.1880725681745461
-0.10208209261145587
-0.20819435964851668
-0.18051786136443257
-0.21374121749480565
-0.28047361391402437
-0.15444658059624025
-0.09827448885520125
-0.21044059178262609
-0.2842398185711474
-0.24227530600009003
-0.059147623827231266
-0.14427918457119598
-0.055040912366372735
0.04006094121160378
0.03453096768594494
0.08387601130908817
0.2835706407351282
0.19805920992506662
0.22283142380994703
0.21749141193553456
0.08571286860607615
0.12684287912645942
0.12274084189535503
-0.007105093027397424
-0.05212606042687874
-0.1298639733126109
-0.12788698993061012
-0.26143324058091455
-0.10820858893637494
-0.029435600746721816
0.12236731944619918
0.33186103375458065
0.3558375968678793
0.39687666407023536
0.3810339763990293
0.396611702784802
0.4392819843449711
0.4608143315567006
0.4724553024572157
0.449568625102136
0.2612727424188037
0.2416353861082506
0.20212842205241757
0.13489558505850097
-0.04118083792780042
0.004417870940461199
0.011519032104444762
0.07722366390639641
0.024000437030166195
-0.14705535244952947
-0.24574895911712413
-0.1365102698632022
-0.08082804965604885
-0.14057982238228756
-0.1282029522699994
-0.016461769164322806
-0.09827129447791783
0.06327964954981241
0.12159139817467512
0.20671593556880585
-0.01812743832029215
-0.16805951720101725
-0.0903802683233331
0.15233741128544107
0.1918246712583243
0.15696260409136423
-0.03843857154352623
0.008740142149162529
-0.004585798975127185
-0.13548706036182812
-0.15976274155093056
0.10090704761985253
-0.03757852306742045
-0.19845020613494802
-0.11342829032815843
-0.17756090011014283
-0.2479807618836118
-0.28360694078179777
-0.3005590539273227
-0.3184354274091499
-0.4843271832752251
-0.5615847059285711
-0.46145497473063435
-0.44537852434805547
-0.33138878605484895
-0.39135064841416656
-0.38012391037257837
-0.43073921381710534
-0.3040619309453836
-0.43099799626976965
-0.3570524161028757
-0.3323240230280348
-0.38810278178957913
-0.3999673372668493
-0.4455302230310177
-0.35743524619409806
-0.20776929409051892
-0.24080762245533097
-0.2867686978834757
-0.413697250874585
-0.3739486128699464
-0.5017458343581122
-0.446896267187554
-0.3849777596255219
-0.43326734029148284
-0.2346708927290531
-0.317043617943524
-0.2859351387837048
-0.4350705834737605
-0.46545210206063375
-0.4694486587264667
-0.38874354689962276
-0.1954250808784604
-0.2297068901531825
-0.20541591128672101
-0.21279801764630232
-0.07932250160245373
0.0680387755840623
-0.04893114513304075
-0.005798484720104545
0.024801897635488734
-0.06877950341888792
0.009813529465865709
-0.026927129680469862
0.11517887890369775
0.11687289209000348
0.18001183309376767
0.15983325178932684
0.027891000865170934
-0.14143270003706898
-0.12012191102192088
-0.13641253504783957
-0.14098191254612671
0.014975464792508247
-0.06676349048632675
-0.0069339421963976675
-0.15922337007808138
-0.15356572057417017
-0.17161862194268784
-0.0632460593870894
-0.11767736063343878
-0.11693108326728027
0.005106030812577975
-0.01755542563757171
-0.09455919322874437
-0.08718656510530311
-0.13986122656242178
-0.16542036911919572
-0.22587349967821596
-0.1704957473020869
-0.011389586727174578
0.1788581075607955
0.04592202606930747
0.20866040340668446
0.2378664012536061
0.2641214090855618
0.3115184552032343
0.30906022718899484
0.15169469001926883
0.258943578728033
0.45915892792110014
0.48113142961564465
0.4512337398334204
0.3310456067273501
0.17468057259093855
0.1253417019598916
0.20715677203477484
0.19652746894954343
-0.004120553901363538
-0.05791685622592185
-0.1381154901362434
-0.13415190357154289
-0.01969628902376025
0.08176289580460948
0.07794982848721382
0.07502912389902239
0.23598384534665923
0.357928867957373
0.33890046453651657
0.2941722497542134
0.1264599536128934
0.012672215360575431
-0.0603721335416716
0.06398367032177338
-0.1891200065625257
-0.183048098491576
-0.10532462142987731
0.08046770343188704
0.15449081474022314
0.11751404729213984
0.21494603689933375
0.22080845166880309
0.13737192861605702
-0.007831207061556864
-0.016140735743820137
-0.13693978834939324
-0.042973949606602835
-0.06578473136268698
-0.25009176495732777
-0.26220868677948467
-0.22826409563542394
-0.22247556157572748
-0.39734752241948224
-0.3024366192407485
-0.4689226167455262
-0.34783213630590415
-0.25411377675118024
-0.21168605728598122
-0.36262038341446234
-0.31171887778285573
-0.25667821015789705
-0.26944113540123377
-0.2748997910943449
-0.2498579492005827
-0.27584284302123396
-0.167698559780107
-0.12458568471215895
-0.028811558571610385
0.018978020152569334
0.045475701256362126
0.10108892561461803
0.1119974340414161
0.07424438728306178
-0.04903019918555866
0.04203810424226578
-0.24933127910653743
-0.14169823335224818
-0.19244692468453867
-0.32107058474078864
-0.3262164685593822
-0.3539167697641976
-0.4628834573698516
-0.45857601780881035
-0.35493160830102116
-0.3989406963126235
-0.4176403726977064
-0.376633024363391
-0.45210131693187217
-0.2037709915560864
-0.08953038391350089
-0.19260790783770398
-0.20044273638870794
-0.254787087630756
-0.18340318346961126
-0.21372086994661493
-0.2839467931915393
-0.23051736063743392
-0.33299633302851583
-0.23291157237521487
-0.19783647325475912
-0.04950176368630205
-0.18851901446278674
-0.0263138467706443
-0.1043265545595031
-0.07581780358738555
-0.13101671157702532
-0.12108603364330336
-0.017713871051098756
-0.0017163639727210064
-0.010350558801963923
-0.08403872583302575
-0.046820250667716015
-0.13666408326277346
-0.03137162126432773
0.026498050026785236
-0.011317878320493961
-0.20413710530071247
-0.17523415125059
-0.17770754781512438
-0.06376349006859398
-0.04972643737351045
-0.08717131991172225
0.0008378162079370477
0.053924840348874084
-0.0008758855270553645
0.04851521512922193
-0.10267847236318103
-0.11641083157434556
-0.10647240908223876
-0.13245905441828348
-0.16492505378239483
-0.17550226807535468
-0.12015235174313783
0.2189347029675906
0.2763898496450695
0.2247257844159123
0.21177069117513633
0.19624519915588967
0.24612426725033706
0.12202883433610819
0.17216543058657158
0.40074951861259156
0.5053132406265792
0.6936139226417231
0.6548174710739825
0.7240018474873442
0.6172746877763912
0.6530882337241691
0.7306840155205946
0.7876174079670127
0.8309105253784116
0.8195440938502292
0.5623783610724464
0.32589432042282657
0.25376537845300506
0.2635759336346087
0.2517777820447278
0.19027705243940415
0.1055205898249616
-0.04186987307331941
0.0075281145609521136
-0.21709512828499758
-0.09586246893054608
-0.14527274602812534
-0.295289053968531
-0.2784886576662251
-0.2532543084471227
-0.22195245825876414
-0.27734066878819813
-0.31129132709060575
-0.3916796264864538
-0.24810280338091392
-0.17287638507366132
-0.28687890448868575
-0.34588736066803843
-0.30714830868648285
-0.39552036154872006
-0.4725653990534542
-0.46346117280296417
-0.3879304368168998
-0.2535172198204534
-0.1719579921196486
-0.3566131692647913
-0.1125345459110928
-0.0370393393024704
-0.12916644907871444
-0.13111365106625097
-0.23036413219352575
-0.0637369103421227
-0.06332730106895051
0.1304253408251801
0.07937270609534662
0.14045627117418608
0.19997776342796147
0.0718750709174987
0.11501902868570099
0.1418883343922044
0.11209647383910494
0.15025439336281865
0.006616869357406546
0.06982454459455782
-0.02952758557386899
-0.10061026368645803
-0.16373075945526533
-0.2959790145027156
-0.37218537043596867
-0.46059253855491056
-0.6842159106429013
-0.5890940536970155
-0.5066462347296445
-0.3774705106526633
-0.29348766472518956
-0.2683273038680788
-0.15878314696035895
-0.02367634501525137
-0.009793961487420406
-0.12429505093812208
-0.14242327921275505
-0.05124586782650346
-0.07776458851116275
-0.008606924280752493
-0.05813999604515741
0.044624719249836305
0.1538850022319188
0.17845597677179675
0.31335927245226414
0.16145674364795845
0.21212579541354115
0.2671333300370562
0.3361823410559338
0.25579451904948064
0.10350361291745
-0.0026413615080030234
0.06821492127384814
0.04342893472229399
0.06970416083646983
-0.10871001895449672
-0.09699275887509591
-0.06770920920668376
-0.10301708102445013
0.02154598701239624
0.19729472414655624
0.20310698692642207
0.2780721362175346
0.2863924207549108
0.38532045666127007
0.4922576977862242
0.507057880241191
0.3933039117963803
0.1703694284644598
0.20226532595594893
0.2820290025735474
0.24449621194403814
0.14835498268272096
-0.022227610377378082
-0.07784275340496055
-0.14900259647009836
-0.11465117341313101
0.020716345010255738
0.08397183349063568
-0.0021203004788292457
-0.07235243652064073
-0.045488151714781586
0.10578212157747885
0.03257877571393927
0.035158677167117514
-0.046381454010898576
0.0046130898576890594
-0.0741102382376006
-0.10015478227383057
-0.2213340815834171
-0.18193625483406442
-0.2897989278044013
-0.3637431814465999
-0.33818885898842754
-0.24706956166256197
-0.2864329917731183
-0.2635951788913917
-0.12606014882684194
-0.019507454342034616
-0.041988367580030425
-0.1160414799092947
0.018438178021317198
0.19722575781502075
0.22185490006774833
0.19322883395880217
0.0426394512735887
-0.03307586462093369
-0.15657711011901815
-0.128087011074857
-0.002971113089703173
-0.011961496762555004
0.13991302901309488
0.024136035943426323
0.10392014993636532
-0.06069885514920301
-0.08652365197627472
-0.09346465540608678
-0.10405729736134603
-0.07462331843676348
0.023030924422327584
-0.05313329881817042
-0.15309481380694473
-0.1158841813896869
-0.1395006295693748
-0.18072911253533608
-0.2809574544811526
-0.2404942145101771
-0.18940294694683404
-0.1831884110796848
-0.17296095140045822
-0.20661805477972756
-0.17450541279152626
-0.2178867604254478
-0.08628395797439448
-0.11376968485183733
-0.1011977622942568
-0.2647084874474369
-0.13686964965802728
-0.27716282947868004
-0.2673689164767746
-0.25151687833322645
-0.03639560534675207
0.03423986783919198
-0.03317730049207044
0.02983645924774266
0.04687179836879249
0.024518857849918724
0.1600287803768021
0.2035673445170166
0.21647126838615352
0.14171453912706447
0.3464822266061594
0.18611767845478855
0.12300706613001906
0.1282712664750672
0.27924874675688427
0.25770790143155026
0.38574751140896923
0.2963126111434773
0.27868497338623305
0.23952381484735744
0.26356286867027134
0.20521564265149506
-0.08077802919080637
-0.18697453794837493
-0.17270916114590495
-0.20025747711830238
-0.2545047443234444
-0.007218734674562993
0.07269817434226979
0.15024584714849745
0.10297322515602053
0.05787841477816175
0.020364093872539464
-0.0960606832030976
-0.02923715255106271
-0.07873617725318346
-0.15044358954930695
-0.02499567086191362
0.05591750289573731
0.06425770858170907
-0.20576782364355795
-0.14335153961899952
-0.21839055565335838
-0.2317593267545771
-0.12411878733586254
-0.11002507619236976
-0.021989665963076457
0.10223636292778743
0.0811022275228232
0.23247148592399675
0.32250798695348704
0.2980624920920509
0.26293502013242154
0.1034176561481489
0.14048033435565602
0.0906313925260192
0.08406893005161496
0.12082832019527873
0.005997096528166185
-0.06487906070617694
0.026433645782760057
0.003410245227089173
0.0817411584509887
0.0812147612211152
0.043381381044414594
-0.05783759809612224
-0.2656161117101126
-0.3699049151251633
-0.47116291797828647
-0.5345307979898126
-0.568324820261192
-0.44465880077035214
-0.44362436657815996
-0.48929633749405127
-0.5608651727270895
-0.6241210312547648
-0.5771639678860493
-0.5279596166835533
-0.38198789323353033
-0.1696715564230359
-0.2497251398898931
-0.18256654820723006
-0.29519329347097345
-0.408491083697646
-0.31344947878837687
-0.1799552768339432
-0.23564864641948136
-0.35342862515310425
-0.21840444213429738
-0.07994881794197055
-0.0019555468603879717
0.09743751292361294
0.2627952827890504
0.23894401657345626
0.2875843446176329
0.44345625137431144
0.3929137999551006
0.3444825536374434
0.28774393035112694
0.18996543102741603
0.07253568032970559
0.09970403027781433
0.08679566422149469
0.08554148643853277
-0.04491090294447532
-0.009981214105100906
0.053234749031398264
0.046826141742169106
0.11407880506503212
0.21435710005448425
0.21245129413321817
0.3570224939903255
0.3140417201977199
0.4367971124846035
0.33222952891362395
0.13818955144049533
0.20310310856696406
0.3156862873741515
0.36126648531448713
0.26278246360244073
0.22956855720293917
0.247938507935223
0.23645380941237568
0.1961482404631716
-0.04034021853382147
-0.1673545654887661
-0.15699781721848544
-0.13549210462329558
-0.2032239473276794
-0.15124031871967497
-0.04220627790587356
0.13878986057159193
0.31280153133218547
0.241724516410984
0.19332412482998984
0.03848875260391757
-0.08110038116136381
-0.04322111661437554
-0.05468971358519209
0.16250519522142023
0.2626590560340755
0.14139146046499304
0.09325559330195551
-0.0627752532649366
-0.06831605212518368
0.04807979730691867
0.17715905909646074
0.11621213433743088
-0.07242794830643907
-0.005239820010684945
-0.05682609477390087
-0.05082969483898852
0.060122861125791266
-0.054165550383253123
-0.13017543843869656
-0.14123682951903793
-0.09598302857564132
0.08533769019986197
0.11712712789310734
-0.0355936902669422
0.008079196889093976
0.05036118204005387
-0.08813766258980461
-0.09945296041693462
-0.16894968149779138
-0.2367003050598276
-0.14656219597471296
-0.05248949599775406
0.06866955029187331
0.16041307589112408
0.1467375989941755
0.07600232234429233
-0.005561662664422484
-0.1168605782918021
-0.1979489754667767
-0.15658588783753893
-0.16006840989557067
-0.216764042372137
-0.0773924733140019
-0.1977472793257419
-0.24520819517630993
-0.14798799062409654
-0.17140163663256994
-0.19032171208196924
-0.21179149255305596
-0.08009732686682701
-0.1320935095647164
-0.22785738112332846
-0.23944425919556495
-0.2092910709239221
0.11959142381664598
-0.10216953830753425
-0.2166475751753126
-0.2357050383342685
-0.14369290274798957
0.0026881145700708153
-0.21743599566709892
-0.26197279257248585
-0.21342177992193534
-0.15608834776997244
-0.3313171099744142
-0.37497492236849944
-0.34911924373251496
-0.2583418860244774
-0.29982677079169284
-0.3365761185833027
-0.3956087537535028
-0.344016869932573
-0.24739341689746747
-0.295318285711678
-0.20691109309076583
-0.20766766775005216
-0.09386952793844788
-0.177581026259387
-0.247650387127637
-0.313576513543208
-0.36177116596950354
-0.381259139394016
-0.43494531049822616
-0.27078131899074676
-0.2938587529085167
-0.18044212752831895
-0.08494835332626952
-0.0360862522418638
-0.07023705628422852
0.06431334539807237
-0.04869323227541693
-0.05219473970946151
-0.04131285946738013
-0.03867561064516805
-0.04063443093844486
-0.1804553473981096
-0.16273324690579974
-0.122683767270316
-0.0027246350588766705
0.07464121459741824
0.14853948653468557
0.1949721157900442
0.23515936608869914
0.10135060468233462
0.0269053991952605
0.0914407429907369
0.18397152212999937
0.09663143899170207
0.018332649953404237
0.2464092496130545
0.3836029044297244
0.06949492034380994
0.02663725796300427
0.04957059101135744
0.23979214602018833
0.13628091796594333
0.1625465769653774
0.07752849019992396
-0.11185344035696665
-0.13419148322060787
-0.10460628893541589
0.029671201677379203
-0.07609879536769187
-0.18353773709548485
-0.07286512004831378
-0.03384562751832133
-0.03655701861594974
-0.0424149389317635
-0.10573651421378075
-0.13534543548362693
0.032891450079659476
0.11017745991942393
0.1148239360778418
0.10015301007662676
0.06759462335055326
0.08712179845964965
0.037442246550612235
0.13829217733374244
0.13630577963834295
0.020482940638108404
-0.06096970248926744
-0.08431440033603954
-0.08355636505723293
-0.3024171264784225
-0.2689710785087485
-0.17336988395816827
-0.23050752130164964
-0.48283300253293604
-0.4860287430800377
-0.48791795120899206
-0.3722348349899859
-0.37196863217395426
-0.23811824820356814
-0.17218624299389937
0.05193171874748459
0.0234510671376119
-0.28259785114107094
-0.15059242708149628
-0.044798014139323244
-0.051367523751312594
0.05408629870739052
0.02744607139493371
0.12277967365619469
0.07845128641890788
0.3182741476362979
0.28364372062499493
0.4040425568519064
0.4245712967320491
0.2620300820874132
0.4142689687261323
0.3690034957872777
0.3918507407389298
0.5084178028009836
0.5296312995423653
0.5385826836075747
0.6626291166215694
0.6390739733656943
0.5700589682831736
0.5292854984316783
0.5690808256631195
0.4977684706971288
0.5026231365621201
0.4464532259975213
0.6225658159599957
0.7478943406996732
0.6370874369831874
0.3740852640200921
0.21176893427273347
0.12064191524313048
0.087111161937258
0.1844012072435539
0.2488840925610016
0.18871142687800227
0.28175788064640034
0.21704313999000657
0.2822679760316432
0.3693475484268617
0.2399045165162627
0.2235994076452104
0.26923772922732636
0.21735146859106214
0.1872422280013036
0.12833865807675435
0.24891937794299684
0.19560460105809555
0.0674711375797319
0.10801504096696929
0.10643968918218957
0.1829681517640097
-0.011316158264234488
-0.03224241408619162
-0.18010853759281503
-0.16081431405587762
-0.1653771021542677
-0.160870449922344
-0.1079226199096549
-0.3244344745668999
-0.3207443467297208
-0.1810137149399693
-0.10062388804554254
-0.07450979356409446
0.03235879802573251
0.06345240450313633
0.10598598635409504
0.10352889446302209
-0.010406324270387096
0.006487926698719431
0.045062552004751795
0.2166192002369469
0.22154181451186422
0.11194132654002661
0.013581582746713922
0.0826166544675876
0.3188225680009514
0.4220010564569139
0.2957672463232367
0.2903829536932725
0.14391346732384702
0.12640795847116956
0.11325574922508845
0.0385412813143801
0.17475432295654564
0.03820190608733176
-0.04392104929304546
-0.08187969756079441
-0.10675668946719745
0.09385174528747192
0.05923994959243516
0.09402630716699957
0.12096046705768641
-0.0018946535357306227
0.0484358694394278
0.14594429543810514
0.19158953594757072
0.1367035107305434
0.17001751193575265
0.08098202426843372
0.007407495538094652
-0.013346094204904119
0.03780989264234148
0.12642666979987688
0.06032286958903102
0.04986616544049217
0.1645008068132457
0.14440666412644013
0.03531481940132758
0.0902043245509069
0.0501700716479465
0.16566794683679018
-0.009290467068130664
0.05724289295911326
0.05668241814096218
0.23802798779255452
0.2677496426247916
0.10573043077114949
0.1345926182309616
-0.05419850620284136
-0.1708000906304166
-0.10579933376766915
-0.04846850011249475
-0.1157275411963164
0.008256794867688905
-0.03880345650422827
0.050013139891531375
-0.0613149130756934
0.021828155034226367
0.004291622346466722
0.04585851778648355
-0.037614532063253665
-0.1597771414815014
-0.15782953007398395
-0.07734852649680884
-0.1952563783987438
-0.10272287677783766
-0.046119121828112175
0.15075086460192794
0.1758108303100801
0.17197162871564872
0.22653169588455027
0.12347748988776365
0.14991321658391468
-0.1387254189847801
-0.07690831449056967
0.06596962808834825
0.0546366211215623
-0.03577772805601645
0.05235361348940804
0.08576335932684948
0.1550673697441442
0.24288642883355938
0.026179205843199105
-0.005282446069512347
-0.052431279273451564
0.06635317124423176
0.18648626707982544
0.2678586523739228
0.4197239974252661
0.45463899871315033
0.35629025078542687
0.3245346968293398
0.24735969421298515
0.14816460408586368
0.0928507684988524
0.2296088828841921
0.19695698617281435
0.06872953158348023
0.006061270237411001
-0.061584943388040554
-0.014157654441972943
-0.06400214062511692
0.0326832015424439
0.004037765773963569
0.06284911568138385
-0.07028705501662606
0.08234823055015432
0.2251508572044969
0.28348980803218493
0.30897591999538265
0.12012546873642835
0.15441777931212108
0.1633199168038771
0.3020528137898918
0.23764854554872297
0.28549461225478306
0.41456934074535895
0.3541898287302877
0.15320078006427207
0.20994413123452454
0.1342497629097718
0.1620741423249308
-0.0012852017191822274
0.017403257665672967
0.05330630737004413
0.15999882299236154
0.1446912385918292
0.11319181135977556
0.1671670113688135
0.03642466641593789
0.1058567475472782
0.06787143242855494
0.04898228570877582
0.06330317482921202
-0.019625412984896187
-0.20621605864371495
-0.3775971771110016
-0.1662838828058908
-0.13209425722766016
-0.1026106884102974
0.023190707077307193
-0.14952006394879283
-0.10098184840765673
-0.05095988508670322
-0.022239183947726372
-0.19673865113425246
-0.36516444834531203
-0.3327563294406437
-0.4028318488655169
-0.21695277954050327
-0.34938037424048213
-0.43208110088185825
-0.47151074604799037
-0.5064896110183752
-0.30584214684427136
-0.4689213286582573
-0.3033762878403912
-0.3899746462805131
-0.5496374629250962
-0.5182787017462146
-0.4147842658476275
-0.5953410247582647
-0.40487706411826263
-0.3182610078540529
-0.13697617676489257
-0.06159639096361243
-0.17634615565908743
-0.15055123996114184
-0.133735627055531
-0.11281687370870136
-0.35945301803255914
-0.14247297671841766
-0.1204045673110975
-0.16099354288752363
-0.14741422475825403
0.021331565568135258
-0.18907390423496107
-0.3925069447090672
-0.35516356304175367
-0.32029854387366213
-0.21448097448476278
-0.16177236121292532
-0.22047292566342633
-0.20979468525078526
-0.17936467069167863
-0.46865288837669405
-0.4225648590429223
-0.4237864890662995
-0.15355758894426003
-0.20933697588325595
-0.20531058215758435
-0.21191668977384182
-0.18528369059088007
-0.005569167362493688
0.0853920744662331
0.07745628838069823
0.27503395117973106
0.14911270775686405
0.3311472123219781
0.34772848753668284
0.3318282267294092
0.3974501977854311
0.47767646259959234
0.3303070875882005
0.2799686690926866
0.30365288269054447
0.1470763925279404
0.16606301973463694
0.08357916698906961
0.0942035382116885
0.21049668205921385
0.2654532064162761
0.29729940596255117
0.239632554796803
0.09275946113591296
0.28474864694487373
0.23045277916883009
0.18933606487887325
-0.032345807148698474
0.08852541101202384
0.035873736526743846
-0.09128586138384504
-0.09255933513892961
0.017417158954861442
0.13162353171727448
0.21097442927946275
0.21428571974941327
0.21175109269860273
0.2658105259390493
0.2661295073475919
0.32270521739832264
0.24791433002658483
0.18286618601849627
0.06157933793006022
0.09876011862638787
-0.08256454088116072
-0.07351687316665667
-0.08517266200959137
-0.05863520087298267
0.049847896261063104
0.13995903645625862
0.060488111158782734
-0.18752348151504689
-0.1321599629002847
-0.10685246407108988
-0.039589695289632416
-0.042011343918856886
0.05867629643159421
0.025739720445991647
0.04129442947136594
0.004017877754840367
0.0896404779420647
0.15936129134673313
0.23853699349008492
-0.009390739037501733
-0.09097862206240659
-0.1971745249854377
-0.15061193718617236
-0.05915959914086581
-0.01771310915270375
-0.028521840588963274
0.04385248223270137
0.05974116145601762
0.11233021940329779
0.22240661304028875
0.18794932333300585
0.19101177011117676
0.17852505580535566
0.24350497064528487
0.2005972774430403
0.24178327233538544
0.24292760383492137
0.20053894598408997
0.03780268339617121
-0.0459074626892512
0.05088520298367905
0.17576466516118086
0.3255051238612062
0.296817200922329
0.33059719573561896
0.28973579972233254
0.2915127313923642
0.25446771846146266
0.33102385478718543
0.42040868368719
0.29238683898016105
0.16798991298062899
0.13860536364058007
0.05128219126670909
0.0540164945891541
0.007389564437230656
-0.1740204475041318
0.026518702352411105
-0.08042299890067031
0.11339179310889189
0.20533012332195366
0.11663054175023858
0.028818310838895106
-0.0232947020715799
0.04966262635180015
0.25363694836024336
0.27393637269805
0.2883704983526314
0.4188760797157691
0.308023191268682
0.21665988741265949
0.12328994139321293
-0.04808051689759772
0.021188191927832653
0.16688195372789358
-0.0023049855640684125
-0.03415093355094177
-0.01264664547548822
0.0063051502413510405
0.10955720649580251
0.20930819503497297
0.12365364886404576
0.0815870760422859
0.1458362564459695
0.03957522507249123
0.05428704634380645
-0.1851352599185328
-0.0535437421339411
-0.24426274058032843
-0.20490068215691895
-0.26766880697835377
-0.33135803542836884
-0.23605366597288932
-0.15243898172788506
-0.19876866323479364
-0.0582069874056704
0.03297436032927857
0.019742615473063888
-0.07078596409599375
-0.08555763818760437
0.07878697771547864
0.02154954357253193
0.14430485751463784
0.16415654036232094
0.17449320895624643
0.034057495063461604
0.05326972993236859
0.2594201782676217
0.21473597116244178
0.19396811394280816
0.068426994407314
-0.045294741330548616
-0.01414956411176
0.16506177733198557
0.07469584910859474
0.22825478283763173
0.08712195569388878
0.08076937316840178
0.0003397047470033582
-0.07530749021378776
-0.04772926336190407
-0.04479413523510668
0.2617435091966315
-0.008522668604608541
0.002085575757802015
0.06460107249444637
0.06130998233218959
-0.01561978744583125
0.11094076929417357
0.07792618694206851
0.03249439322933487
0.06763884823071332
0.09879975386068761
0.16401089703980704
0.2120322710171444
0.3320780938462341
0.1173830678570566
-0.0006474730846229015
0.11004140160132556
0.020845369811636594
0.14692508816272976
0.2088110049482611
0.20679495571090695
0.24080501021455517
-0.03708999573728275
0.09838658524616489
0.07143918068749625
0.10320480963788933
0.17304787834780674
0.20614709524366798
0.19884299882080997
0.04684953349104079
0.05849124708868676
0.1965591499457885
0.1071478924104144
0.1890801340417853
-0.027699378229325305
0.11179409916264697
-0.17603529009110558
-0.3080746818684911
-0.4810315446715662
-0.45996197173023257
-0.38518456240431154
-0.4782260563922004
-0.44039414106831687
-0.34084327931268726
-0.37882010340029826
-0.23219361942865194
-0.25133144297049625
-0.3377789859641135
-0.40833260418993567
-0.483679450909031
-0.4000316106346523
-0.3319265149214087
-0.40363401108395186
-0.29227780679221393
-0.27956631367031193
-0.2632175908747611
-0.16114256638081537
-0.3463093941722557
-0.1997767748810274
-0.13251876653688238
-0.3168937703661061
-0.389710309798975
-0.25246788960446853
-0.28102764746850706
-0.336007071311631
-0.34064478766267764
-0.4535538260169891
-0.4049662741330962
-0.41208930928781534
-0.41436570955078345
-0.31006139461386073
-0.05884488647551389
-0.14059920081183075
-0.11791619785390825
-0.07836529227978682
-0.15087884795538564
0.06383756369310936
0.054243619281314985
0.07503157956309461
0.2232898176906607
0.3510236901570098
0.30312614413436595
0.29385857384733766
0.03380634097032917
0.14401684963217187
0.01054714197521714
0.034243694062900606
-0.01775187234197304
-0.08457286363996068
-0.061700367002496245
-0.04087619566696031
0.055766069091125164
0.05622057572447033
-0.011045112043735636
-0.07526278451806125
0.09202918926589718
0.005272093512197332
0.08829355010328552
0.13412998372068596
0.14534153378187165
