0.0
-1.0634008054805224
0.09916262363084594
1.1833887461636692
1.771576036446727
1.206042013677498
0.09198528639661141
-1.9199249452166074
-2.993648121095278
-2.11399232427526
-0.06763343669823474
-1.596771371021827
-2.3548220243528633
-2.597910259808082
-2.7796233012087233
-3.072123254229789
-3.532219655988876
-4.510252827310396
-5.060773306929164
-5.150597768480391
-4.3942913665727374
-4.545174364615603
-4.475022551808473
-3.5596118521443065
-2.2292429479790266
-0.5680028319339094
0.9992736352875902
2.44076692903312
3.860402795415918
2.2699483206639073
3.322763732571172
2.4460748771374172
1.238023257931716
1.4393173215375006
0.7155522534738834
1.1949274329918387
0.2725831680889349
1.7772020678752372
2.2812975042547707
1.3059743577287872
1.054058061410108
1.6781477873467718
1.1444215839824468
0.8728620896332495
0.7117390839970086
0.44589398911496264
0.4172896884937765
1.6369554561595894
1.9392317251450852
-0.11033835957027516
0.4919471311262996
-0.4748688076144396
0.6783011823111204
0.13341428543636208
0.5101453585555971
1.4505042525621492
1.4883485703777404
1.258547788054268
2.2108088385216202
2.3491304882898887
1.1711867023477467
3.2295173154139403
2.8173981864862503
2.804629309990683
1.2827395531051005
-0.18447180794960527
0.2939407765311325
0.15892196209694215
0.5487005415637027
1.4655851176032186
1.577641311811442
1.8058204965651745
0.8585677348500087
1.4364826552390977
-0.271968613985929
-0.24725353530104868
-0.37890318075781765
-1.2141663850040683
-1.2324370795165978
-0.5596078541632485
-1.498060477089909
-3.2366671562719045
-2.823438677169287
-1.159123649795233
0.056473945308383566
1.2431540795354208
-3.5300904320710185
-4.0425306946791855
-4.3647098267820015
-3.1544340277589704
-1.1683262692700604
-0.24110548158653233
-0.30861721714692236
0.7555278010825309
-0.3001916810845814
-0.8441359119086036
-1.0025824394680958
-3.535403512105297
-2.009111401416279
-1.4168566533574811
-0.21536868279604215
-0.029706356346349327
-1.065573924008504
-0.7113332773801905
-2.4921885013125737
-2.4306640129828483
1.2655895750580646
0.7011915519299821
0.6380089317874031
2.845627918161239
0.5101868365553774
2.0329466757078363
0.5709603482781873
0.6051308001183426
0.7268222867235905
0.5984262579869577
-1.182115670372708
-3.0146713626351613
-0.5540564372353431
-0.8546073235497865
-1.1138971157225743
-0.6355512791184378
-0.5782026287074917
-0.2839979368561597
-1.5809787342244235
-1.0089247473544196
0.6238179260789739
1.8032175464639577
5.636960210567361
5.0874046502670955
5.762364978449874
5.229041442639655
6.4338618144861
3.539982702638716
6.164119706905442
6.014807404478113
6.150989326272053
4.334364456908329
5.079150456541447
4.976816957560023
4.164127305047251
3.471187560852019
3.699754700277399
4.073621877901651
3.553732069419828
2.248216938754196
2.8659571057540774
2.6310927350310687
4.492306312285429
4.334099987621374
4.313492113880026
2.5386454430703984
2.4451593852792457
2.696184113679104
1.6132296769065553
0.46589058639543146
0.23532453142413035
0.5018472792766008
1.5028156059643725
0.9876671222770095
1.0866576611005427
-0.27180929748717986
-0.3609073678843778
-0.13001446041574932
-0.6449738099976751
-0.03884890336749358
0.2799507570332798
-0.23783031795753418
-0.7112163634516886
-1.4241468654584608
-0.912651889086438
-0.012430734237751984
-0.3522283753252061
0.5688023066456318
0.33903750263600785
-1.0049602239717144
0.3551480880965664
-0.8907584543512734
-0.5718714032522554
-1.010127553489947
0.3673586085886783
1.5863084765903404
1.8211097280446673
3.0571694895098975
1.964569295352963
1.2604028346532377
3.1391943733212093
1.5014103335870361
-0.22598239273528775
-0.43236959378989825
-0.13883821026422627
-1.97423940314267
-0.6970599862792817
-0.22357081939103562
0.7055586120985042
0.5727507512174937
-1.5040900571999156
-1.7790084361062282
0.44262092705423073
-0.11325717664458235
-0.012698669326504097
0.3476129432687902
0.10835571145514963
0.5267306185746197
0.20119537029666873
1.601249681166602
-0.26855105141491964
0.6516208000678937
0.44795495533076374
1.1805347577199845
0.2914213813418369
0.8193067832037753
1.4076234313385798
1.4218655017666084
0.9240512543054868
-0.15319419291345748
-2.0381459276689755
-0.7808179159432982
-0.15834157345784527
-0.6776003032915887
0.16494641380934583
0.09225015343691181
0.21426427665077136
-0.6814051224310882
-1.3689937907284346
-0.32284094698777555
-1.7404390470117976
-1.4364402578240834
-1.1918573029855146
-1.1747041566819174
-0.5809958289513012
0.9213763387315458
2.4196160926802825
2.9032542348468997
3.49160928513807
3.064922188224146
5.277717713818301
5.258898049205934
5.565483935437727
3.423000071992999
2.3136760700654087
2.6917300623979226
3.0240758450998086
1.8290165973258425
1.8769125442284744
0.5118423431085588
0.48386022636234377
-0.8155635050399612
-2.1893346338926474
-1.5268196981269595
-1.6463683379487644
-1.5166961098705212
-2.257042386924609
-2.159704842100532
-0.09679289305035343
-0.4541005085832902
1.5176264768279228
1.3070190666006103
2.9838474057359985
1.0745020560484295
-0.14641388648446785
2.0523766689398344
2.0169525989909407
3.235269719348731
2.2515255898878435
2.578336366432788
2.548639570462672
1.916898953309825
1.9057065958443833
2.07538031052519
2.4860250202224417
2.8676286012616363
2.6329637587612034
1.7718059356954972
2.2565161350666023
3.5272129860056665
3.6810464859459873
2.381869118431693
1.536202851626048
1.0482690854970145
1.3448401775141559
0.5160473243707712
0.22060913692165868
1.4534285265680527
0.6905135979121448
0.5813873935980092
1.2201644327812902
0.3868290856764418
-0.10667394996670632
1.594475316837139
1.4073876148588238
2.7161078300685695
4.0205414314464445
3.011196571648661
2.3755037404128503
1.7086530794374644
2.1703345484829235
3.1083047073361376
2.501563602105986
0.4477331439406649
-1.0153424428237263
0.8725791173675495
0.645681915283008
-0.49003580878092656
0.955370724736482
0.17678976370187438
-1.1125598622919435
-2.7461305438067116
-2.1456709142942887
-2.0223983662034786
-2.2986398166098203
-0.6219681554097483
-0.14731666238469981
0.9350759322912003
0.7778830996859301
0.1818866026332392
0.13161548272643792
0.23877116818225075
-0.40147989663433337
0.7340190968362224
2.0985050199342177
2.988800113853296
2.58304038291404
3.0182223689941265
3.0008048277080976
2.44706875724491
1.9802907376497962
0.8373569809087397
-1.0470579261403827
-0.8701139736082151
-2.6156713516183574
-3.5022497940678896
-3.343014172648398
-4.077521662991488
-5.418732078596648
-3.8380120729518516
-2.99225029709385
-4.6350670783714225
-4.839260776143074
-4.2727288626983375
-2.3879934204827364
-0.8268702996270303
-3.5514191800200186
-2.0314767503954947
-1.5552879649084352
-0.1155564243793179
-1.4872653402482674
-1.3835403010904874
-3.0581047784326616
-2.7886199086367247
-1.8864544001073167
-1.4241554121045121
-3.247758359708867
-3.037435346051551
-3.838222545259552
-3.8359511663122507
-2.4174969898055174
-1.9222382572238037
-1.206698614637613
-0.6904750255907127
-0.2033339812985901
0.008397166560300318
-0.04015314051752073
0.853273454794703
0.17900469736832536
-1.3798974299046614
1.0805022092468675
1.7802970982624526
0.8249413575973343
1.1077811554760706
0.8545936024755986
1.3944631125341567
0.2058171565679381
0.07173918454598704
-0.804266613979734
-1.4938671580461205
-0.9761069619461282
-3.0893672750920116
-3.1612073175274142
-1.7441429963632555
-0.23151149022236006
-0.7923244932341882
-1.3373301855442525
-1.7937758113029432
-1.2822355692262923
-2.0123644194567705
-3.2675265230216057
-3.7867469161803773
-3.98484958133242
-3.313870540822256
-4.10650206063784
-3.6820654340036327
-4.1846519478234
-2.874382998168985
-1.648668747785421
-2.5334422212119234
-2.9117356689313416
-2.9244816797315885
-4.04455288922636
-4.420852620305474
-2.7587579192444958
-2.0014833172388165
-1.0433215354720846
-2.3723826437680606
-1.8652770609551832
-3.0764802631199073
-2.462994019112557
-2.520358215072353
-3.8091175796660335
-2.7534981369518468
-0.4522633930606208
0.658409535217343
1.0571822100336794
1.7130578260657734
3.2538946657018903
4.011080216042135
2.942530509552472
0.7854609952666702
1.8567874214631939
3.2019750095865827
3.703786909023632
3.121750273425808
3.3881612639740677
4.176200843471922
1.7288066289474457
3.597480470592586
2.5433242102970888
2.0875054613570314
0.7976553191056093
0.5876370159728183
2.1633169038847693
0.8299577931459587
0.9030760234956112
0.30634945505807454
1.3681473711595526
0.7151189434673955
0.8263347476231434
0.7031581062397376
0.8049526065041404
1.743126082876413
3.1667886269205603
3.9599512113475517
4.452900610845238
4.485871185065329
2.8370984965668
0.24239360176460245
-0.9506562999348098
0.9192625319493842
1.5067604024955643
0.22560844826354698
1.4769389316562602
2.2301210048820215
3.5311921647861895
3.686582692394834
3.449626836830396
2.9453457838246297
2.9251132337138235
3.3764707436439982
3.474374141561964
3.3381941872923506
3.920972188808179
3.31568250348114
4.55224467379352
4.006077393035123
2.517140335042466
2.604021648985246
3.848237765500018
5.807766198593955
4.824382646490613
2.499949814970597
3.592127660907839
3.3172796812667533
3.6001419934743533
2.9447221587123575
1.8179226206677923
1.0903515429851423
-0.5940591574311264
0.5241046019299893
-1.0561808937662651
0.26236749327093645
-0.6380758084486187
-1.6335929407279837
-2.4157775433356674
-2.3553656312965474
-1.7072639216448597
-0.4945134171226344
-1.290782410021687
-0.9444881919627816
-2.6911612608123194
-1.0947097383060365
-0.07993501205135023
0.18965081874020223
0.41648888079161517
1.0187730155713162
1.598849307710114
2.1483069404668766
3.1397868958673794
1.4382936744296952
1.5532115771707884
2.1157484609278336
2.8106485074908445
2.828015384794566
2.203990972524085
-0.42397059662355696
-0.8735934278689353
-0.40370850483169357
1.3404278395353946
0.9281540909821616
1.2378809717240313
0.8492419287487218
0.18133340583764102
-0.2887211075172871
1.402472764542305
0.5554274937650742
2.054708132219087
0.48358867753324364
0.7137649804273438
-2.883481370092493
-2.6877498811259577
-1.2852356457759804
-1.0672825555737346
-1.7467731914934226
0.21631004438830792
1.9354763867192735
2.4580767125462066
2.0143669256269687
0.6483986102623396
-0.053536189099405496
-1.7895838961946253
-3.9989690401110396
-5.821780646571569
-5.274397269004902
-6.492056084413187
-4.8181520892288745
-4.287247823556644
-2.605005795011711
-2.3832804845138438
-1.807475602462463
-0.3504607007535909
0.3732979205915406
0.5109176315530399
1.3508544822383035
-0.5951428171993709
0.8850458151456786
-1.3718442499422063
-1.0077565092269538
1.418347721351885
2.9224655789379845
3.5876174489399064
2.162375932387747
-0.8512831810919135
0.8939147402085248
0.6088009789139508
-0.3092753516016754
-1.3359541938100876
-1.1961013767408089
-1.5669108524178301
-1.5592880158004843
-0.8347998214703496
-1.1971160086010442
-0.4864376585360396
0.045737969668816325
2.4242513339029808
-0.019842371941062087
-0.5476288351462654
-2.6646729992013163
-1.419383560606498
-1.8806029550966508
-2.2804140438697527
-1.5643157200520212
-1.1902069577633083
-2.2672258013374815
-1.2880292747932112
-2.4322201841608004
-2.095830379502765
-2.284904160617977
-1.7352121493202874
-1.023357501526886
-0.638986492349258
-1.5281317752941312
0.2943999442800673
2.5380618057956124
0.15171882737549103
-1.1102157153186365
-1.8163934349088415
-1.8835387671433803
-0.9791646294561341
-0.7048165978324114
-0.46666562661091254
-0.60635763898168
-0.6112419961783475
1.616865319819642
2.708991854999723
2.626218315942186
4.615443067532027
3.800243138173721
4.001252801672032
3.871389936584808
3.0028168818004892
2.753045873116451
3.2457294665776635
3.537806286864372
3.520484147336921
4.97351818922907
3.8385873623333038
3.413221270135645
4.5441567529765035
4.030845968590791
6.352224661475542
5.884021274330744
5.080235226373074
5.435227650563593
3.874617945237298
4.331777772087465
3.07784136472574
2.476150935667611
3.450371586976959
3.668650510505883
2.6209349369904253
0.781145955291785
1.83553892056922
1.5248642453181218
1.4264092216451811
0.765312687488562
1.78252825534123
2.3476871246365505
2.0293585991149503
1.2947727144855001
1.556358597457984
1.7670333292134086
-0.667316291421062
0.008737102242090788
-0.7555768342622176
0.3975883618372855
0.483062493384075
0.724298610063542
0.47988891025136293
0.46064361129648346
-1.6714965271135571
-1.3211913372340638
-0.8582539844318458
0.5975328324141534
1.1544933864013285
1.3364722875157904
1.1546416709264846
1.3180823613794985
2.685799453676978
0.58100286130642
-0.44524107135074764
-0.01594796587170627
-1.4978509152233683
-1.0265978905388704
-1.3634666306869856
-1.2531597668422703
-0.1549982611228825
1.332187181429277
-0.06226208728145566
-1.503656822325521
-0.972744134303495
-1.7167373997925304
-0.6564206262702851
0.8724960803855387
1.7513512359814967
3.013551820869142
3.47952523791436
1.6538762574903332
1.8001053234489715
2.0497440372450617
-0.007875093577390135
-0.0011599576254971004
-0.28697338048473997
-0.23928319812088888
-0.5886831755812928
2.862132338340826
3.113933564610253
2.0747109618763506
2.346467548959684
3.3237190645128605
1.7316115830794527
0.6935727244670717
0.975122056311653
1.6924795655556044
2.2634067482345905
1.8411875215113758
1.3680312938120773
1.8578964677791099
1.1182088748459935
1.4812746896017763
0.8212287988553415
2.0860624775806875
1.975423178584865
1.3824732966031184
1.3839058913672007
1.1204423157201737
1.5539232510784426
2.2688360693299487
4.313832592527032
5.23620242945959
3.7295145177266384
1.7613839935797757
2.2350968174493198
1.7516637059655955
2.3393312803260864
3.2793370316467265
2.4937330354210063
2.4414656556857053
0.7770593581724539
0.5906502776954128
2.549893580267836
2.3422382786145444
1.1614066207816274
0.5584506852433028
0.14463598154678586
0.9126131740405875
1.1341050972069526
0.677500683359825
-0.23680756208630482
-1.0226046717795014
-1.2405872325264464
-1.3002433681650711
-2.811692570032921
-2.860780220762321
-2.7955711916862636
-1.3655271724364164
0.28469877848152336
-0.86516693216622
-0.263077954870199
-0.6939478492859876
-1.4949787701231652
-1.0934659799448583
0.035129794739804376
0.24373193707656288
0.08716858179313966
1.0092194963470031
1.3160651698900412
2.366300406158981
1.9236765473656527
1.7390173775021474
1.5900155769597368
1.1182534633581809
0.5621543080500774
-0.4543214986490113
-2.3631091894635183
-2.141510060166526
-2.119305453736205
-3.1668694864074367
-3.295731522800039
-2.656117380766151
-2.14676324830523
-3.2039561709073148
-3.932100715317628
-3.4556228292260527
-3.4599693548400587
-1.999348392416265
-0.3082154651450173
-1.9992402209090117
-2.0080668927870766
-1.636699500056426
-1.1352746536856215
-1.1933964641603325
-1.8332757056210773
-2.1242867207564915
-3.433242482801737
-3.9069877882924877
-3.884039292872173
-2.2815589750495784
-0.8796615062243072
-1.0019573489445124
0.3395532315828792
2.0155810951852384
0.4699719404609186
1.3956773719835676
0.07759549214420836
-0.7234297946142431
-0.31976836800045216
-0.9013013996170538
-2.175696135929911
-1.0291610431555454
-1.5447090982686449
-4.474662674928652
-3.864197783644516
-2.5998071553696365
-1.3686558697992397
-0.45951585233927594
0.02024940275714643
-0.20112644178910113
0.36823276097295293
0.781968869585387
0.6429186628223511
-1.2304371185592373
-2.02312141032244
-2.634137312728607
-2.3343352564637185
-0.5111764353761905
-1.4427149451201648
-1.434202620810122
-1.8267370964751972
-1.870221343981371
-0.48829084927923216
-1.8562349389096975
-1.441906209884123
-1.382639270390773
-1.015646668519528
-0.29203630927118185
-1.0435562668680185
-1.551224552510863
-1.428306295527226
-1.8636566838392055
-0.8947587011943582
0.8783105256710404
0.83070813665384
1.7101198190343783
2.4199824830361476
0.37829732038585995
1.2549744948228405
1.176273468721336
0.8161983855307527
1.8555419646193192
1.9221079483492554
1.1503564314923418
2.9210485092061647
4.205487100840815
1.3118529844053586
0.18312931223804374
-0.333700506395663
-0.05210576604786016
-0.09918483437197591
-0.5422866619798865
-2.8312183252931757
-2.259703138537282
-1.5431578485165123
-1.018779416126057
-1.1393365966258282
1.6255875114114864
1.841234416942055
3.440890957349708
3.8738128753325975
3.1257780256361403
2.4607074812327214
4.059532631439117
3.643353053751632
4.580603303131491
4.5506789760550665
3.389367515105773
2.6566943096872313
0.12901055880830414
-0.9998310176485343
0.4151816730974761
0.09983924788302334
-0.9152424938642482
-0.7561513791575722
0.13013391054270418
0.6932428447381674
-0.03563108612676891
-0.05176453547806953
0.03307258012740004
-0.9509573139345908
1.580070271200999
1.0601516508268503
0.8861986762394922
0.4290789446538869
0.2775194238769817
1.153164716947266
2.2476046027116903
3.613715771356975
2.116311934120212
1.1432111052887564
0.5678226375331172
0.2672667779296165
-1.1939111553886308
-1.2930816855368605
-1.426657219308097
-2.2192285123212043
-1.8117271223192701
-3.8145136966541835
-2.740343618487692
-3.7966295738247737
-3.5563004379215784
-2.701281021373181
-1.4875736010436182
-1.5027663939585756
-1.5250217872158927
-1.43479116815711
-2.694494759253287
-1.5838204775277713
-1.3380786849494346
-1.1853524110217322
-0.9743915404997703
-0.8249947761928207
-1.0653028103137634
0.9814494276901914
0.9330459471604908
3.142683409711573
1.9483459772356395
1.1874718855665147
-0.4205132343155902
-0.9195145110391214
-1.6375418416573657
-3.1669124903308328
-2.585214432111324
-1.2912624826728683
-1.1216740400825558
-1.4638196883293455
-2.561038937102162
-4.69545075374254
-6.142668779357987
-5.411919349760896
-5.139909792073307
-5.100208018729031
-3.8525295254487872
-3.1575287034358333
-3.564805685256398
-3.606781503868382
-2.8852617179647218
-2.2811987428247567
-2.8917488299698406
-0.857536902013674
0.05066121544525104
-0.353825006206064
1.4071150440967526
2.6087615862783955
1.2552603707416399
1.3783703114620036
1.8270900832822918
1.6070044039131055
0.6365611760098472
1.0446798279780656
0.502088221663843
1.1004553225675364
2.7452510263884147
0.23423927637188813
2.1011307518185762
1.0803057288395395
0.6797507152098
0.19445100845541619
0.12043983706755121
0.8986320395626064
0.8124148164838311
0.8207149615398684
1.5230950464403268
1.9638935007899327
1.6548265296985636
-0.10529553625181376
-0.5993342904901019
-0.9088105006584002
-0.7001048494466068
-0.46277025028274543
-0.8727832426563339
-1.1814557887501587
-0.7497563818931197
0.005061219413340812
0.5901606522216726
1.2315762878675587
-0.17374355254244866
0.5378019233150536
-0.7020107809450338
-0.9426933257077895
-2.7131271705643742
-3.39523143955088
-4.70518748352617
-4.395486120839237
-4.253574591160827
-4.435948415618998
-3.1882335061405254
-4.22761999510182
-1.7361487767595776
-2.3766731893450412
-2.4890067350929788
-2.364985746324782
-1.905147402119767
-1.4440583524888262
-0.5506480623854154
-1.4656825786339298
-1.9237002716439235
-2.187120911208099
-1.5147492263684696
-0.7473102044049705
-1.1767464681568163
-2.365084417320334
-1.3631473137511476
-2.3191140925537788
-0.6757325091434752
0.7033962878645363
-1.0285132106623265
-1.873605740757374
-0.842572624198933
2.0259623690072512
2.0818683170497314
1.658124835578972
2.605470602411982
3.340529778578209
3.273199818867583
4.4825858486969095
2.5201590053699348
1.0373260118669372
0.12035887613574081
-0.9893683193960852
-1.040119812859381
0.5600733617472469
2.222675385400178
2.5032251809031876
