0.0
-0.12613641460642458
0.8145402706388719
0.2702556512854169
0.7336375479236714
1.7198717001051302
1.8152010769784253
2.52926471369774
2.1571697880493153
2.4481853088503285
0.9437322281131184
0.9665081942270501
2.1509794582840422
2.3664683916524076
1.8348302338443891
3.0369482607055946
2.433636171354947
1.7752246389348834
1.8223708329489046
1.1027061966997727
0.499459605665977
1.4305347994397017
0.8668272855603744
1.0584836690018566
1.6063698061788694
2.1575466951160744
1.628709621408651
0.37418858979276415
-1.686139489370107
-0.8852163879433521
-1.3207056800373222
-1.2732641943747203
-1.3231537569873306
-2.2387828687809117
-2.1944917547806924
-2.0029531867810006
-1.6061260964582613
-2.468167920065504
-2.0594402639658282
-1.934278339576415
-1.9483861170078915
-0.8927853017619353
0.01466975294993711
0.6109289210034321
0.6884478671874357
1.234342514148707
-0.5857131427204743
-1.7647715316337234
-1.61320926099708
-2.0804415524515165
-0.16466038001067052
-0.9990828522848653
-2.6473126730755174
-2.552890220026488
-3.204647497760475
-3.040207385294721
-1.4342913696502761
-1.8816932556398478
-2.4611967724447705
-4.670270330954467
-5.161345227611144
-4.89155183673479
-4.06533053512314
-3.385344904141539
-4.293295131940371
-4.249706501978156
-3.5009280907742197
-2.8643845624079916
-2.919700108936281
-2.483166187293143
-2.1737903107367265
-2.3615733557296146
-1.263691910708002
-0.39024659826063035
-0.10926119414356406
-0.7530670986291139
-0.4639774956900794
1.1843346601546623
1.514680994740795
0.29941922937396437
0.072917189800602
0.8590833311465026
0.7286198393970156
0.10539889472580954
1.8550462516579345
0.33002531316695793
1.8180472055537489
0.24260763339112001
-0.047941643675878276
0.8368636283967333
0.5838519207082797
0.3017566049374919
1.087167659082545
2.720120620848268
3.2520830200823205
1.8132897498000116
2.6387322763702823
4.294125741203086
3.9665455047473173
3.056292532219032
1.3288621987128961
0.8238671993994637
1.9376976485799458
2.5913392819574548
4.069935962628126
2.471302662142362
0.9938196221456024
1.4603047777015763
2.610992006232314
4.821084868159712
4.819877377701196
