0.0
1.2311957404405667
0.31507218766561873
0.10912324143291699
-0.46675188692947084
0.43502574623710466
0.410316589986259
-0.09760587225403605
0.7285221192906924
0.5594419349228905
-0.8299633634694218
-1.229198706052077
-1.9812331198106825
-3.3204624675356973
-3.267254483925546
-2.6399337504597833
-2.4582340505224503
-2.7051379176751116
-3.424448765432468
-3.4598259190551337
-3.9386455687494784
-3.0657403877964313
-3.1701065518475326
-2.4221968168314687
-2.5298757280424997
-0.4563462386350676
-1.54861367197286
0.7561031921096739
1.3919844062719546
1.513388429570152
-0.5557615024192055
0.8571272495906871
2.8367619909963913
2.1672018435670437
2.2311867312159688
1.507284241270744
1.5098462171790121
0.818106986441712
2.5185337340489045
3.356218264436448
2.6150359738422377
1.3299417073152564
-0.804260280741514
-0.8175262532879051
-1.0828748866540856
-1.6363994892616316
-0.23969566621492544
0.3976509514632557
-0.25956620072555164
0.09081242020258318
-0.8745278229555307
-1.3453205945767261
-3.1910689027458554
-3.9072728622812316
-3.9847853850820534
-4.013402186683045
-3.9913081666183277
-3.8444178711101484
-5.456686311608099
-5.77053932053082
-5.037427657077356
-3.2803144074039072
-4.927721282065585
-4.016601677844722
-4.089050705726708
-3.6446765167751862
-2.554347045455885
-2.8197363843464625
-2.9522094967644756
-2.1077922365142556
-2.3410322086441724
-0.6980211765900366
-1.4926958883599464
-3.3059141352521424
-1.9231737847942574
-0.9037097563391743
1.01999227968642
2.3163429884220563
0.8313627301002966
0.4841438068006821
-1.1653843288881758
-0.91704575210278
0.6797713865769637
0.11475525873109477
-0.10196776787362954
1.5403180696837169
1.8708286597415098
1.6386737609769955
0.4861665721052659
1.6421352467454242
2.4872432097010835
1.9509889027698923
3.6330817948172927
3.9276775401217265
3.3208107900421173
2.61941028782224
2.202166262100578
1.7877233959036516
1.9096177860260721
-0.3594426801770836
-2.1083590994971435
-1.9970528657888624
-1.9217104576277753
-0.6355204464483093
-0.4021092781752291
-2.376358958113186
-1.9630979173300613
-1.7065350398080406
-1.0559939486683236
-2.380609069398787
-2.4264090884322744
