1.0
0.8494463007358981
0.7312220073436266
0.741156814287133
0.7401584548548457
0.6856009567228663
0.6771327629718161
0.6866715762530591
0.6206249852219481
0.5338020846668523
0.4550578399559041
0.4119735485963918
0.34826230980076744
0.27051626924785055
0.2684024230605367
0.23587010940688385
0.29032825547696567
0.30258444531175
0.32531520331385705
0.3228478608199938
0.2732220764676625
0.15224331861775314
0.14695806291457944
0.16352826644363022
0.22042466371842256
0.254855176879677
0.22708480198420544
0.1871016449447685
0.1243370372418437
0.19233366416238418
0.1686714277549432
0.23961046320566676
0.17438586593760777
0.23039440664979913
0.2796474267507099
0.21823398691127757
0.3149337391870337
0.3145769408428357
0.27486956049617917
0.36168599415315206
0.3788928250935693
0.36655953041978395
0.2553944789468882
0.25860444313321124
0.2605647771191847
0.22850180769030257
0.29546185991875773
0.21188414660012522
0.28783562831082443
0.200631536164791
0.19048356978885203
0.16180083085152586
0.14229003990538025
0.18692077088721554
0.16953816773298624
0.15437023924358692
0.12501968626411697
0.08928707226561987
0.1295662962569953
0.15610419969511552
0.118189689047345
0.1266883861046267
0.15132813177009746
0.18028381839967
0.1672194531952904
0.2615108173284874
0.19832106632039537
0.21089820369317913
0.17798424540300042
0.15494586726599596
0.24324756477487897
0.1257967794838468
0.10096758765715416
0.0839431268535062
0.02658883530006373
0.02531517646799688
0.00892036565766011
0.05965406673876861
0.052755397557675145
0.1357177769665074
0.21618533306600263
0.2116250494834787
0.16938562558741313
0.10865650049168679
0.24309531195462064
0.2424944533210789
0.21606963789938055
0.2122857066078227
0.14526631810366114
0.2138348371268905
0.2059614780640606
0.1626720676588237
0.11052962872075572
0.11590265134474244
0.14151771428246368
0.22272926283689104
0.2342183455424948
0.2386449291926613
0.1824103369720291
0.18882909353174795
0.18013151429603544
0.2281170525497944
0.21892428837413105
0.19324187996645903
0.1777174809730172
0.1545862027666805
0.24466697048516445
0.2650511647212668
0.2433042148999037
0.19040879591164078
0.18264331588064012
0.20618187013142047
0.10702482803660329
0.10580529117401556
0.15249003607779893
0.18965343768729426
0.21684055552077708
0.19178739142636336
0.14760937902129714
0.07031471161433843
0.10379823836671215
0.02730104509873088
0.046085007259327196
-0.0016475545700084873
0.055147900642624814
0.08382367878692787
-0.02987253556311749
-0.04184843263756485
-0.04409457965280933
-0.03488073462492705
0.016922792872372083
0.09975228874678842
0.05375273170556414
0.024060105838243473
-0.05030622269533905
-0.030611934681208493
-0.08046838773839056
-0.10295543512443889
-0.07165685595211199
-0.020418076135740898
0.004373049946095744
0.017257542229078722
0.0770650032164267
0.10266040178473487
0.23049493540259375
0.24996447997275445
0.20493054845583888
0.26772942691091905
0.1972274678822261
0.13338255107099814
0.13678588491323468
0.12448787734506343
0.1599275918791642
0.14956201976277989
0.09487017385245611
0.1202318210342368
0.14366282341714767
0.17247889259729965
0.15127153159019238
0.1038396874979664
0.18225488698522946
0.14865148336976863
0.09029886078405575
0.12589413599254762
0.18049811670045005
0.11764374290186458
0.1462451705165019
0.12055934826189356
0.028133582198084497
0.06680437887122825
0.12164425032558764
0.09784925363093959
0.08911783790420179
0.04856713004143934
0.1323028048941209
0.21292197819166686
0.18511168456096802
0.19229147772770677
0.27806676186978196
0.30630821776669437
0.17483198723189838
0.21034242664605407
0.1548794220309366
0.16865511172706213
0.22327811869040348
0.2219663814293302
0.17169851301758393
0.11647038916898833
0.07490107246192204
0.07851984386212699
0.0598994174705251
0.10420798922875099
0.06858112040948346
0.005311818902217241
-0.06427143715082796
-0.0483572507226459
0.03228661606753724
0.005123309407043464
-0.025532316076398512
-0.06777003336808433
-0.1518565261301647
-0.1823644642480645
-0.18507582393318134
-0.1308166228778235
-0.19090709357391228
-0.1766428522163326
-0.18404349602141884
-0.1574453966731466
-0.0947918750897443
-0.09065901210194525
-0.12450513054205549
-0.07939843029754584
-0.06149795998990645
0.008594198424852706
-0.009459597229031747
-0.000204836102829644
-0.017607020362341623
-0.04178946299568052
-0.07930764261539391
-0.03705376888162075
-0.05786052955177554
-0.044426769433451696
0.019791866474181116
0.0489127149669608
0.10057401659446386
0.05055959563369888
0.098724084895506
0.06431183563423973
0.050800711544918026
0.04093144075253811
0.049211739615949206
-0.011960552572866205
0.08528897657152758
0.1495794622304536
0.10775332770033584
0.13298681783526553
0.10335319292488786
0.047964554574989604
0.11868811729957221
0.12595288157532136
0.08676387995162835
0.027003896461436756
-0.0314204183564015
0.02738562297477732
0.01250116143648827
0.08773087030014243
0.04811387853213793
0.14631918822872853
0.13839044944637127
0.17988552444023823
0.24159781789425683
