0.0
0.0
-0.00022545829747136364
-0.011087160537515019
-0.024304165984323063
-0.02836850805333329
-0.04166151631453537
-0.047297127400962764
-0.05476231135433801
-0.04979366190262308
-0.03810974920633503
-0.0221857465359968
-0.006792350122937286
0.005866736069686164
0.019309306267277723
0.04382118174756084
0.07082996223888467
0.10478039708157286
0.1387418673198535
0.17179606021379473
0.21136335228756764
0.24949382762434189
0.2889820932569662
0.31329376183475977
0.3333282045259405
0.3538571085580032
0.36356187795003486
0.3717565983959716
0.36801798514774925
0.36823807015448107
0.36856933552601845
0.37065013180435263
0.37252540879297524
0.36709758293857775
0.370047537495084
0.3709021871829262
0.36945693265085994
0.3697496705411444
0.3733656387983065
0.37212805223536005
0.3786901850944841
0.3727785418546518
0.3499510041247363
0.3014922339895979
0.2603258475711144
0.2185686600485988
0.16221318679359692
0.10626067538832296
0.06774505955990953
0.023600146125486776
-0.016022170056515767
-0.05549294589670109
-0.09056087621153958
-0.12287732514893027
-0.15324500774370334
-0.1782579888886409
-0.2183974968539807
-0.24817179472026318
-0.2840944185988472
-0.30999376235288334
-0.34457618911823573
-0.38383050141962527
-0.426919406131959
-0.45988543076508226
-0.4868889442277981
-0.5147217725787123
-0.5461839093329762
-0.574284999942199
-0.5960578898506946
-0.5972849841520506
-0.6094656419617527
-0.6211648577688584
-0.6401152764884406
-0.6555358639002886
-0.6597648410570168
-0.6607126275090971
-0.6663548236117743
-0.6737749665459642
-0.6751905420975576
-0.6765784246079674
-0.6837638397536543
-0.693812160890065
-0.7063672630328419
-0.7221694550721239
-0.7294455775549454
-0.7355517117018794
-0.7410801121444428
-0.7563837554625165
-0.7769539696251602
-0.7937871719995018
-0.8115108654923743
-0.8267564283693424
-0.8344848519690051
-0.8509818218472508
-0.8667504880342827
-0.884169956688849
-0.8998014765054066
-0.9127819779323999
-0.9243113514925118
-0.9211654350837134
-0.9077630986627425
-0.902913599520231
-0.8975500901538883
-0.8886068410789854
-0.8764339324381328
-0.8590947236666981
-0.8454706281346366
-0.8419295669937786
-0.8370680349121625
-0.8343600654534816
-0.8204863260270365
-0.8057736033312427
-0.7938034675276646
-0.7698664696105096
-0.7389699191134396
-0.7213402079172269
-0.7130876928553594
-0.7010949501314325
-0.6805474964266712
-0.6543574376533008
-0.6426599021530458
-0.6350975917623913
-0.6369215806891664
-0.6355789240332709
-0.6309806859617181
-0.6335950148504947
-0.6459383791681326
-0.6675919519644753
-0.6784180200876158
-0.6941021286598359
-0.7047660726289131
-0.7179245052519881
-0.724309717373018
-0.7356998080649442
-0.7319943176008347
-0.7121599935045698
-0.6896745012259713
-0.6644099145115143
-0.6362666736673424
-0.6122065288101983
-0.5958391794340844
-0.5838813020096696
-0.5767822202409781
-0.5653669734271509
-0.5498249281910201
-0.5390368868566539
-0.5222994192404875
-0.5097781512658692
-0.512362921618742
-0.5111378407470184
-0.5142219379476899
-0.5175647979895792
-0.5140739344305283
-0.5084249278706481
-0.5026321124854838
-0.492922447547401
-0.4745676541717695
-0.4630505217649916
-0.44647346485526646
-0.4429462064071743
-0.42576991876639947
-0.42307823683900697
-0.4160838268835636
-0.4076564959551011
-0.3980983171356334
-0.3849457541013633
-0.3739254679618505
-0.36971394665749646
-0.3690849457595802
-0.3759122896017823
-0.3776113232985986
-0.38412870462825993
-0.40267468136685136
-0.4207030501267402
-0.44531536393591126
-0.46427322379232766
-0.48172772929611923
-0.4917871602729595
-0.506941581564297
-0.521855801864263
-0.5257550871659442
-0.5324386250631524
-0.5332026788973776
-0.5430931438625617
-0.5503494212752723
-0.561441885189629
-0.5674707924491179
-0.5773078057578109
-0.5850951452969575
-0.6031746956618054
-0.6184108182508424
-0.6325049964609821
-0.644636845034995
-0.6646181791966336
-0.68630221813047
-0.7088252405501981
-0.7272932807696082
-0.7436791643911052
-0.7536826022394126
-0.759812277377719
-0.7696724270623835
-0.784667646871154
-0.7902614890629183
-0.8042615602493027
-0.8087946352028663
-0.8209861706141336
-0.8276464759660446
-0.8304578280292981
-0.8318814060112274
-0.8298435258142937
-0.8292634755170377
-0.8215006024768482
-0.827326796385586
-0.8309733335437022
-0.8258172087538008
-0.8362818810535272
-0.8475839827265864
-0.8591902521303025
-0.8654626655431087
-0.865492000670714
-0.8547548589511667
-0.841481865970128
-0.8275608890796725
-0.8194484496010936
-0.8253453493259355
-0.8304968733715647
-0.835470009117828
-0.8557598696130775
-0.8723867988053746
-0.8803673813593624
-0.8896969441704801
-0.8998621120516934
-0.9159313491558729
-0.9360938415462846
-0.9507936553104983
-0.973170058404333
-0.9923850438784182
-1.005653623620294
-1.0121074829425445
-1.015993500299051
-1.0151614449414865
-1.0210910998927194
-1.0369418780102237
-1.0430923225270536
-1.044541575433303
-1.0453276843059018
-1.0491204202444315
-1.0401147356142324
-1.0290399539678308
-1.0283223150185499
-1.0380542344608095
-1.0523377388839381
-1.0616506123991576
-1.0732275168023655
-1.079679584133208
-1.0800608938450609
-1.086379030014329
-1.100678276813089
-1.115878948265583
-1.1241150380444442
-1.1258987293753333
-1.118377532506789
-1.120458958967101
-1.1216298759800034
-1.1304843645254046
-1.1349911354276798
-1.1378769799660011
-1.1451791252132262
-1.1441398319353286
-1.13642983205354
-1.1212985237786952
-1.109295140701166
-1.100017282186666
-1.0842970053715784
-1.066284450189798
-1.044768262831014
-1.0248382033467398
-1.027287444412087
-1.032776021603312
-1.0398965336923836
-1.0469588374878651
-1.0503999703444895
-1.0489609119581038
-1.0342868383885684
-1.0101234474349603
-1.0079120240190385
-1.0124581581153116
-1.0061611981507808
-1.0004377167256115
-1.0092629490819995
-1.0188694850917406
-1.030440980970162
-1.0562309092970925
-1.0746867342048814
-1.0898962123585607
-1.111872381597048
-1.133385935847057
-1.1548308154221008
-1.17057676842901
-1.1894324352357253
-1.2075821756517358
-1.2304475763573486
-1.246644002256718
-1.2683223653765674
-1.2826126940220128
-1.2976878606207778
-1.3187108083616625
-1.3326186959913446
-1.3338536657687305
-1.3365389619034926
-1.3405649037411116
-1.3435889460196206
-1.3527461860915997
-1.3672481368149034
-1.389805970394084
-1.399777886745407
-1.4172853453846308
-1.431296495195082
-1.4351666671047911
-1.4327561147150887
-1.4269981565513183
-1.4337469690187001
-1.4405727344042862
-1.454206079223559
-1.470522388153043
-1.4869494299151333
-1.5048463681637056
-1.5214354926804021
-1.5428750581585746
-1.5555785106004127
-1.5662370999747894
-1.5801079962439089
-1.597612842335279
-1.622055814968971
-1.6467186563698886
-1.6627114588533694
-1.6669735816874758
-1.6677259599075807
-1.6573452086117182
-1.6515389333803625
-1.6472131783286497
-1.6405650615481866
-1.632271629953579
-1.622811366347476
-1.6083688654498065
-1.596259829903662
-1.5946806732068484
-1.5864578855105314
-1.582687432638433
-1.575783818627722
-1.572557587774627
-1.5769221362493457
-1.5705549843067887
-1.559907376969787
-1.5441193322562878
-1.529555880703237
-1.5170085173112229
-1.514880585822719
-1.5054740606021033
-1.4895908670670888
-1.468305806176191
-1.4441833990277244
-1.4255119367912175
-1.4005036394157195
-1.3841246763492785
-1.374605189709777
-1.3558871721590882
-1.352739753418392
-1.3482374812743965
-1.3439622710125985
-1.3449269927886578
-1.342568646264438
-1.3357984546682435
-1.3184509831651965
-1.2975712520671046
-1.2810585368402239
-1.2704779720113746
-1.2471202195247046
-1.2215723505043279
-1.1822851323008774
-1.1358458849272854
-1.0870315723898671
-1.0377142444124288
-1.0012975859950348
-0.9677137978711191
-0.939751525222185
-0.9134669615048631
-0.888694983246133
-0.861364512052022
-0.8400711239460288
-0.8286137641957164
-0.8207311828159235
-0.8094743757768597
-0.7955811718027724
-0.77191521347439
-0.7559179765824767
-0.7364190322757196
-0.7157535398400044
-0.690695242155446
-0.676182852193927
-0.6590750618805298
-0.640820834296469
-0.6201418197520256
-0.5885817075043915
-0.5575087709203269
-0.5299580096225838
-0.49686612314928913
-0.4662125040082593
-0.4221968006941881
-0.3775204711446564
-0.33069609145322787
-0.27560349310305166
-0.2301658055694562
-0.18030673036479544
-0.12539306659219057
-0.07176807274255234
-0.010872537470033694
0.03472410973919794
0.0918590975264818
0.13804402336170774
0.18832599894611274
0.23414597645292654
0.25442921571846366
0.27790644839155176
0.30761504513951
0.34476360257385025
0.36994691581605305
0.3902230682351347
0.4099469683225979
0.4287821134302207
0.4411335969912459
0.43327359364648405
0.43429725785694107
0.45107141857816313
0.45735148857308294
0.4634269749086269
0.4632137483582674
0.45878339341623553
0.44684789559893834
0.43013845309026016
0.42764807078306954
0.42163833584150584
0.41498878786503435
0.407436702878374
0.40943487776386794
0.4109279829879847
0.4112689841695513
0.3991470073762363
0.3755112868573922
0.3508594813213193
0.3367251374294048
0.3198568106157933
0.3087711414649492
0.29112570059728937
0.28089182125227313
0.2813619184412328
0.2960691668286076
0.3115751118347733
0.3260985166934988
0.3437708751812712
0.3666872009818039
0.3851872809346581
0.4050092329846836
0.42604877020526594
0.437406201724536
0.4459664116280557
0.4597895110277819
0.4672377412812314
0.47648755148802957
0.4862350815288025
0.48738779790738146
0.4762107323106132
0.46788594840669795
0.46371989774358296
0.4647607584908855
0.4559579341212091
0.4479583874358609
0.44694777878786446
0.4564362348179628
0.4588420126992973
0.4720546981223475
0.49936230808111504
0.5234975457877074
0.5340241261061507
0.5390399353115423
0.53792082445995
0.5382204858956324
0.5334261767790938
0.526537702857323
0.5169349788934147
0.5150617714287248
0.512385357798587
0.5005661768568768
0.4950228300362298
0.49961085303711006
0.4998897695726444
0.48871803272049674
0.46758983752002536
0.46005319288972735
0.4378044424869854
0.4072894755154349
0.37494298773754264
0.3689828545002472
0.3672544430036496
0.36327666001644005
0.369666427489784
0.3884048121523401
0.4110438668641499
0.43337706289820677
0.4428890314260119
0.44546839069488003
0.43274490973350416
0.43599349290562267
0.4471709224314008
0.43995464760189024
0.43450485265263494
0.41832203129129714
0.3945634097742304
0.37896336049295243
0.3794191998478337
0.37567821273455254
0.3687043547375992
0.35730741854264203
0.3458028096824443
0.34124321261718915
0.3405662089626237
0.33748783633981644
0.3208225107351234
0.3093979571395433
0.30496409563758514
0.29756693908611503
0.29550711710709354
0.28737018652996504
0.2810927994937604
0.2821146318323709
0.28197255710203223
0.28108974842461826
0.28811072738438726
0.28961052171887863
0.2890382266530862
0.28369191706242947
0.27753154793193546
0.2841412439140448
0.2844736868933323
0.2762660767944384
0.26642823196224363
0.25791596250551674
0.23913267683617317
0.22017412956542468
0.2026758125194699
0.1875559729404621
