0.0
0.0
0.0030709825714703336
0.0034023460707191906
-0.026940158780758765
-0.064332886813114
-0.08665355737111519
-0.103448544778445
-0.10888922558387468
-0.11947633810311371
-0.12851403984282103
-0.15470340592523282
-0.19438888230958518
-0.2257279106932078
-0.23379359324528828
-0.23281330403402023
-0.25120503066766897
-0.27093778295144605
-0.27518032033308354
-0.2635986631171992
-0.24878776521754795
-0.2402932490905161
-0.22561503498837096
-0.22218173425900006
-0.22060996173973638
-0.22216259572681554
-0.23912519834200105
-0.2332281250227725
-0.23841917080181974
-0.2428593505801048
-0.2653269922675052
-0.2838771535805192
-0.30857666055864547
-0.3161324838997314
-0.320615963744429
-0.3269594281501302
-0.32857623823943233
-0.32197882819998763
-0.3017640374547789
-0.2690253700087745
-0.2368684214595797
-0.18731551420489456
-0.14978273872547326
-0.11669418817573093
-0.08191178482910427
-0.058530405653592216
-0.04004273246469047
-0.04044780190502461
-0.04746083440731892
-0.06583143525942828
-0.0777940940030342
-0.07703129280490868
-0.07120961850571951
-0.05731804405896942
-0.02697408344199154
-0.003673666261813969
-0.0027474632225908883
-0.009338796799730232
0.013642171982809223
0.01286641193155316
8.428182235409136e-05
-0.013712035584011585
-0.028842488199611424
-0.058601344952479595
-0.10651768936715805
-0.12846560773061222
-0.1364065901438173
-0.1594936103872193
-0.1860689410613494
-0.20581884244592052
-0.18793650356486713
-0.17504734873346592
-0.15175515586497715
-0.1269289243324225
-0.10563840572497746
-0.09206294855846422
-0.08172220338987934
-0.08292390592231566
-0.08421342269060852
-0.08873113385226056
-0.07590531366283891
-0.06271062759166571
-0.04078392510751114
-0.00681210525813597
0.025110906227030667
0.06905046482323451
0.10138389817890983
0.12399193034972522
0.15037279925576613
0.17945501240042225
0.2002778025768523
0.22472942897999287
0.23694458578462788
0.23142819962649616
0.2344507798659257
0.2567082052248128
0.28670081312256385
0.3237866556159787
0.37057319022982155
0.3833643571058656
0.4037268591483818
0.40990867108235224
0.4214633028796286
0.4466145777081335
0.4497731982456338
0.4509604975430663
0.4695512636376736
0.4965764586825076
0.5126108298707805
0.536580234077695
0.5545059183602099
