1.0
0.999646261504748
0.9989671684794305
0.9981878401485276
0.9971347537983942
0.9960745774767233
0.994890946417069
0.993693351771783
0.9923637541150486
0.990855600698421
0.9891687882720613
0.9874551479613268
0.985434896479039
0.9832119278301165
0.9809862157164458
0.9787511137479267
0.9763471983526685
0.9740376417803698
0.9716806991876077
0.9692208120026183
0.9668756052236555
0.9645137408989229
0.9620162210880913
0.9592231902427248
0.9565713499291
0.9540324848049069
0.9515110623920885
0.949022736099145
0.946473905962737
0.9439217565801696
0.9415283698027218
0.9390433690840321
0.9367230917184902
0.9344049582716442
0.9321473338864684
0.9298661530542632
0.9273866697179531
0.9251029105339982
0.9227559201022759
0.9203859821801652
0.9180045078335163
0.91550341856345
0.9132583546000689
0.9111575550666304
0.9087979035352454
0.9064295798475492
0.9041603777611018
0.9017123888617308
0.899118569950333
0.8966092538831502
0.8940308239564315
0.8915491535290423
0.8889553120819891
0.8865010718757601
0.8840895557567139
0.8818343526124676
0.8794043737606843
0.8769944325345563
0.8746250843263235
0.8722999421115062
0.8699817813878694
0.8676220392786892
0.8652843865373689
0.8630207562648198
0.8607918427807811
0.8586693307222704
0.8567010711668773
0.854693479908426
0.8525255243937427
0.8503007900253307
0.848017252933518
0.8456387131555415
0.8435014900642781
0.8413948912846931
0.8392501188384823
0.83704220462327
0.8349294938867436
0.832918271007598
0.8308758171650977
0.8286476899302399
0.8265187860604651
0.8245164358007772
0.822442849625757
0.8202303985997039
0.8180363008167104
0.8158408685618781
0.8134457925189839
0.8110903355658565
0.8088786674936719
0.8067249756435255
0.804829033395043
0.802676514252545
0.8004750588039423
0.7982472624339993
0.7959855334581428
0.7939327027420323
0.7919179221567717
0.7897980293207296
0.7876703316504223
0.7853777357261517
0.7828967261123713
0.7806021455041038
0.7785012044569575
0.7765198611523748
0.7747515404244198
0.772989399286677
0.7712785764218014
0.7695691950325323
0.7677943132321695
0.7660959755297178
0.7646256356726591
0.7629697171426605
0.7611869667977222
0.7593680887781791
0.7576176268615639
0.7558640784661734
0.7541349810695808
0.7524469716056303
0.7508644898625628
0.7492702414134099
0.7477403930964571
0.7460978540516512
0.7443525023078469
0.7426572101437343
0.7410037756267918
0.7394726159902069
0.7379725080580732
0.736778977875278
0.7353153751563064
0.7336618496322961
0.7318733568477016
0.7299385787253522
0.7279414044427374
0.7259527665797758
0.7240429019326716
0.7222003426514529
0.720080269624723
0.7181008118545491
0.7164024112308063
0.7147763292234159
0.713074479060419
0.7111837125505565
0.709296069497736
0.7074762762295347
0.7056592338038485
0.7038854413647797
0.7021716414230079
0.7004246991636718
0.6988676561309344
0.6972340275716118
0.695341799024386
0.6934126081741968
0.6915122537340262
0.6894802661899538
0.6873788255432713
0.6852171851266985
0.6830671034457341
0.6809085742900736
0.6788489241581902
0.6767471253560275
0.6747714417672823
0.6731954242275007
0.671471882395812
0.6697319034941879
0.6678402535014031
0.6659931035858292
0.6641971118405562
0.6623782326482553
0.6607594563885728
0.6591152265741184
0.6575054255948966
0.6560302579157242
0.6543629759262515
0.6527516702417212
0.6510936445058947
0.6495847714664829
0.6479376992260708
0.6464143136417863
0.6448072651699379
0.6432163773631043
0.6413894702366857
0.639813359672156
0.6380941047365709
0.6362162212670898
0.6340597050940004
0.631914785654617
0.6297375944466721
0.627613276978721
0.6254215647932587
0.6234776598228766
0.6215183536374886
0.6194500714608455
0.6174593129636651
0.6154128996239044
0.61334167627035
0.6113336852352956
0.6093510943144455
0.6073148628551565
0.605425966532707
0.603808411966802
0.6023315711256726
0.6011889594761891
0.5999849221327099
0.5987100063102297
0.5973427118041785
0.5958588312633591
0.5946622205352744
0.5933555563563937
0.5919123556580914
0.5904107613679662
0.5888283931935134
0.5873934140997907
0.5860831551162012
0.5848039299407164
0.5835357940978909
0.5821344342083965
0.580918604306148
0.57970082518749
0.5784060977124503
0.5771566502699151
0.575794050430901
0.5746116073119341
0.5734231424476187
0.5722432826616404
0.5708684885775303
0.5696774853574834
0.5680977513431471
0.5663588785649223
0.5644195540621438
0.5625939703353379
0.5606796758840079
0.5587615556692371
0.5568612879672267
0.5549010352960843
0.5529712318926792
0.5510106555930361
0.5491806782817471
0.5473730162731681
0.5455211128372847
0.5436899624970932
0.5419674064912497
0.5402538885582393
0.5385105726076634
0.5366814715830819
0.5348410404660835
0.5330846696925023
0.5312455716220394
0.5294119084266262
0.5274724932599933
0.5257579897453415
0.524176722450647
