1.0
0.9994766912
0.9984934907774689
0.9974121970442832
0.9962008043148125
0.9947509547685025
0.9933440195399627
0.9917572980978189
0.9899653966664014
0.9877414967150544
0.9851888893641112
0.9824353926065531
0.9795347001033565
0.9766837548760747
0.9738502102047761
0.9707265028438324
0.9676088720881962
0.9643157688946842
0.961067771418206
0.957552136073466
0.9540624457469461
0.9507600186688416
0.9470674372146379
0.9432862997198916
0.9398227424846126
0.9363744961799629
0.9325729690325598
0.9288026196038739
0.9252309027503918
0.9214197252851598
0.9177555445738312
0.9140935643641148
0.9105349964147412
0.9071411739409314
0.9038136888869184
0.9004319445192202
0.897289795656488
0.8939276081957193
0.8907832441616392
0.8874272297028294
0.8841277353010812
0.8807528916886513
0.8773191945140111
0.8736393538314621
0.8699520572163253
0.8661262728009463
0.8622222430703564
0.8585350200435886
0.8547797480895538
0.8510793574423484
0.8477133104521646
0.8442755994342861
0.8408182662349204
0.8374798496716469
0.8341847228998275
0.8310106209277117
0.8278836089955389
0.8246487403648225
0.8214025505463873
0.8182104993220538
0.8146405288719835
0.8110104295271598
0.8072432494613885
0.803326441469176
0.7995383732340643
0.7958694081513417
0.7925290164016618
0.7890350422951949
0.7857281731081047
0.7822677493226333
0.7788527063715147
0.7756591270607065
0.7725200269890182
0.7692426327492226
0.7656857688821881
0.7619026823831945
0.7580728147897341
0.7543681277548536
0.7505017488192048
0.7468695818580455
0.7433069500603666
0.7396284028668849
0.736418793945964
0.7334370258044722
0.730352710731141
0.7273571956613483
0.7240521484373669
0.7208072764882496
0.7179038584964459
0.7150691994072843
0.7125053046347766
0.7099454262430905
0.7078497028734965
0.7056089275350849
0.7033634507941693
0.7010785205639288
0.6986960661243309
0.6961479285734191
0.6937651173278635
0.6913710486375702
0.689122899976436
0.6865719757644467
0.6841090404131366
0.6820070703550202
0.6797804265781439
0.6775217441627109
0.6753914095019325
0.6731749875406656
0.6707619315441471
0.668251210989257
0.6656914175754625
0.6633658160194755
0.6613086175667511
0.6590703848595147
0.6564983291123998
0.6541091354040697
0.651656953116072
0.6491903411814001
0.6465349399406539
0.6438125141224637
0.6411669488335773
0.6387363306184768
0.6360655845915628
0.6333730648848829
0.6305809803954681
0.627566875223366
0.6243121711452743
0.6213209081560982
0.618027378623561
0.6146001324705035
0.611221496464632
0.6077445060286157
0.604560793139871
0.601447297386578
0.5983434660172866
0.5950643725613621
0.5920880469390811
0.5888109124634067
0.5854218089492026
0.582044581505733
0.5789430950968822
0.576173309891732
0.5735567672886721
0.5709250120781851
0.5682114815941199
0.5654537749444863
0.5627925748964241
0.5601631722545193
0.5575481118880281
0.5547680603166759
0.5520232440320184
0.5493507622003214
0.5467070711890214
0.5439596262925043
0.5412091823529305
0.5387566280435077
0.5365807608563958
0.5344077695702336
0.5324462954928726
0.530704866061911
0.5287531979762795
0.5265578565884642
0.5246980013788707
0.5226913566789081
0.5208100427808761
0.518971036698107
0.516945791336153
0.5147639217320942
0.5126652351448092
0.5109388534587372
0.5092375088089365
0.5077033093775183
0.5060357430742107
0.5043131152071922
0.5026641854688643
0.5008514506294787
0.4990933353326111
0.497564258629203
0.49594778428143016
0.49437539323577956
0.49288730647484413
0.49092283840150513
0.48892839723790077
0.4871891432041009
0.48542286140102603
0.4835719200551894
0.4820007790643688
0.48031669443926345
0.47865817326511634
0.4768555829543773
0.47507937172292475
0.47339100253926575
0.4715316785101689
0.46982659720583675
0.46822024685280345
0.46643671948999715
0.4645575285517648
0.4629411044763066
0.46111302317716235
0.4592797904293111
0.4575975208274811
0.45599720463678456
0.45467649704003676
0.4535628519624386
0.4523731530623429
0.4508707294383403
0.44941129482274744
0.4479058146326727
0.4465853819651364
0.4454875375670347
0.44423432570646654
0.4428574048677336
0.4414832018541851
0.4400109624212422
0.43843775723904066
0.4370673721873793
0.43568889923100346
0.4343362241665325
0.4333786421864592
0.43258362203031164
0.4317199695070038
0.43053749756943804
0.4293671975180171
0.4282307780251616
0.42709355198427273
0.42591020352048514
0.4246730477428323
0.4235283957874446
0.4225387117313638
0.4212190215529947
0.4196316549914146
0.4179427905276003
0.4163064596641649
0.4148518585858591
0.4135007171979086
0.4122711046115984
0.4112823560900116
0.4100574764897925
0.40880034168009116
0.4075832323977819
0.406225380916239
0.4049654154267296
0.4037530125099329
0.4026809148098477
0.4016703146391645
0.4008142739560134
0.3998923900566544
0.3987959085236515
0.3977897477679901
0.3967866402795386
0.39596061068727945
