0.0
0.0
0.0029600683736361625
0.0030697529543115727
-0.00489551486473486
-0.0073493921292144835
-0.010881254824227533
-0.0038420255761946603
0.0059264900546624685
0.013937580035180686
0.02613182523112291
0.02771856742579903
0.03372410984951578
0.03925418692901574
0.04488688558509145
0.037859184721437324
0.02813819859787501
0.020793369163325
0.016483015901108008
0.016955812027292978
0.019218543947700634
0.026782187300864416
0.032903661811552395
0.0381528046998229
0.0486184747211774
0.052226881953066955
0.05778037076883763
0.05603385326381956
0.054042660466514375
0.0460144145827094
0.039651501378443435
0.035556533649645596
0.03188471120434217
0.028217482799669666
0.012375105445245574
0.0010175864649033285
-0.0057720368471766495
-0.014082043653113406
-0.01838414990379196
-0.02283620594082742
-0.022312708918262134
-0.02608013165577832
-0.03700315029297134
-0.040543320589445785
-0.03846982178147882
-0.04449586795899939
-0.05428354926366594
-0.060592417129842674
-0.06165387878614866
-0.056513445646794794
-0.051814377481822695
-0.04569677280492844
-0.03464283341688365
-0.019870535504810622
-0.005371732113872488
0.010137195601729421
0.019304903793991704
0.025706115484043522
0.02926457138862494
0.033895739845239685
0.03411795686144782
0.034194092801676484
0.03135254149682235
0.027485347165069313
0.017197347750740357
0.002518400522587543
-0.008383557435807272
-0.011891521250173571
-0.017317456936268905
-0.0276437075243
-0.03116454219875475
-0.038365405598201785
-0.05455804263701046
-0.06943932454579053
-0.07023381320967204
-0.06903774998735637
-0.06899996937199313
-0.06902778930373622
-0.0647528226838084
-0.06545702121028733
-0.06163087460644544
-0.06032168869329651
-0.060871339182277176
-0.052877088258625055
-0.04089718012201253
-0.029861247020927198
-0.023507259386257348
-0.021420188076109563
-0.022919468488804464
-0.020749378223458233
-0.020487613293768796
-0.02160762459406159
-0.024647704639452594
-0.03440795958708583
-0.050497287556285894
-0.06813027687856556
-0.08619138482760011
-0.09676142334660176
-0.10815550031378127
-0.10583537821427787
-0.10667822957778679
-0.10470444914257623
-0.10290102610036378
-0.10160946292357086
-0.10431992436975067
-0.10810131140871372
-0.10606420651020403
-0.10343223528891406
-0.09829471986704101
-0.09121194015687743
-0.08204159296706774
