0.0
0.0
-0.0007051481601276987
-1.04097345954581e-05
0.0017860259523228984
0.004972836709164252
0.006345530178123409
0.008104275576260775
0.011607661349981355
0.015300350449111783
0.017739807036786893
0.022244742642290195
0.025530639134747554
0.02561226933161911
0.024364184368299298
0.02614897616859601
0.02883379068184716
0.0318143563157378
0.03150891595852822
0.032438879536615325
0.03295399772524467
0.03602170787309505
0.04005824475396444
0.04354060775890581
0.04278227208685789
0.03971215524452958
0.03886846167167019
0.04062701507907923
0.04444972310973023
0.04583113186471442
0.049713782579681225
0.055707231366336506
0.06051065152788399
0.0664870327981557
0.07306667285212358
0.08016807904049204
0.09147979356820209
0.10322877871290417
0.11125739020170551
0.11915719163181523
0.12296041665737512
0.12180249884615528
0.12239007295308198
0.12452464016431991
0.12643303368186892
0.12794461643597918
0.12908193803850126
0.13234086128449513
0.1348196251104236
0.1367498385160119
0.1380897671396522
0.13589561472044845
0.13698391252933573
0.1374159882477191
0.13615742129949363
0.1320818650281945
0.12928127039967813
0.1279454665200113
0.12836356947216215
0.12609225270071836
0.12766014577090068
0.12893889386006221
0.12941129845814825
0.12717610578858932
0.12501941489718513
0.12020888416360824
0.11491878776402788
0.11085334039683076
0.106261156379865
0.1035242556741615
0.10016743029685322
0.09275219107811519
0.08844126342225042
0.08365395510218238
0.08162166559331312
0.07866972920083286
0.07469205458707692
0.0729033634785542
0.07138723692945097
0.06573873300240599
0.05743803576105722
0.04975907799341625
0.03833348713875642
0.027326421658348487
0.018856590300422648
0.01389083911278435
0.010605648634199915
0.010287994634177362
0.012509011780482089
0.013581935943992231
0.014914599066690763
0.014207453411372651
0.013544389679931915
0.01482230511225534
0.01905417731150591
0.019831354110211363
0.018342364212350457
0.017248344861470772
0.02048629633331582
0.022056588548150482
0.02292567057000689
0.02301454887826059
0.025077115579835205
0.028301616569295845
0.030807860544445
0.03486052393862055
0.03814431669614918
0.04339169315783464
0.04543317639462704
0.044195293790168406
0.04374283431535597
0.04366314564709166
0.046996428246296025
0.046565558514793236
0.04974298682040547
0.05442669786805987
0.058738626033420796
0.06413872755456569
0.06640994963335026
0.07056219573177722
0.07738425868050508
0.08507646020705845
0.0882308009554926
0.09124205901050837
0.09632093803340648
0.09764937662227971
0.10073062188104279
0.10218901560244009
0.10402756236651622
0.10548795348330706
0.1040014378068202
0.10279088194224971
0.10592586198713815
0.10950421517626005
0.10958399755903128
0.10902259751704946
0.10941605823395122
0.1088151036552565
0.10744093766757298
0.11059136358344683
0.11470787446867857
0.11877363076946824
0.1197690901861253
0.1224591306875808
0.12828016170780773
0.13788152647675048
0.14342252652940396
0.14994017682501268
0.15172668080452154
0.15466739482414552
0.15585026627031867
0.15562089504473667
0.16110912591984608
0.1632195587525027
0.16512127970264098
0.16746483238725346
0.17199197226562893
0.17734478892406028
0.18060903942783166
0.1846733649076516
0.18807482968846229
0.19232176213204294
0.19575407817619797
0.19733089537200801
0.19842933008551497
0.19698811979466985
0.19966371744257858
0.20136579332893825
0.20141430651341927
0.20124590238047854
0.19791556742411584
0.1932972589962971
0.18967024219973053
0.18963500650718212
0.18895885509032598
0.18834221355471184
0.18890007743750273
0.19020857241334113
0.1938033287453176
0.1994924493289434
0.20840156369502344
0.21536091368617494
0.2222648058011767
0.23311001245475774
0.24292410719174526
0.25259719529991176
0.2593466384401652
0.26392573624120325
0.2663259507570056
0.2679070175686827
0.26814074192278453
0.2694682855811875
0.2707351832087303
0.27398298823341327
0.27600483632175327
0.27309922426147254
0.2734199072494631
0.27329111555729846
0.27378984727605776
0.27423710963727743
0.27390208311004016
0.2745554693826253
0.2798997360016486
0.287959607780032
0.2934585195959994
0.2910743376160539
0.2854408882641018
0.28022973879352253
0.2754991628313325
0.268922568767735
0.261499699431372
0.2529477529364564
0.24711791069201638
0.24512427832520106
0.23766642851084221
0.23397721243054279
0.23023035890435026
0.2293338660630031
0.2310028439606845
0.23027417233414074
0.23202464622090527
0.23276684943788217
0.23232332044573167
0.2330190260502112
0.23189043487073246
0.22795964996218634
0.22363218913346142
0.21848357945381336
0.21409722819210372
0.21083164326409531
0.20535165262405372
0.19918187380392802
0.19393344185613662
0.1884489678725904
0.18702702198201773
0.18947588609288843
0.1912490156736304
0.19259111928581962
0.1933087599745063
0.1931101596614983
0.19058095883394713
0.18588188206135312
0.1850435540809489
0.18629613085358915
0.18855092734762618
0.18913351265027012
0.18704125988487846
0.18570143354051938
0.17974471896697247
0.17185929043180428
0.16535809452346772
0.15979845412709906
0.1586949108548762
0.15522024268371093
0.1565284550037052
0.15839598273104755
0.1615479533155269
0.16137690648548147
0.15928499159069034
0.15787216564561612
0.15850663668149012
0.15462741233271135
0.15006062429630307
0.1445781635882009
0.13815692750281128
0.1300678610181353
0.11865889806914853
0.11205635587657714
0.1084453655905693
0.10653159086801954
0.10398988388174481
0.09957171801159687
0.09409670126903855
0.08885227923903757
0.08216965653705952
0.07437729207846669
0.0653975049543696
0.05775370623171835
0.052848006745140105
0.04867168990949988
0.04771898010882771
0.04559273981522711
0.0417637002599961
0.03990665777966696
0.042117432543302816
0.04395970350508701
0.046717390881067224
0.05156345452033963
0.055148959305910614
0.06207361587935893
0.06445654910409498
0.0650237787559182
0.06141940607053538
0.05991929899709184
0.05768578203665679
0.055281409929433874
0.05552622579463056
0.05507983759054385
0.05395282413828878
0.050129343232355704
0.048254147065008336
0.04535536079774506
0.042159141384183155
0.0375849389980076
0.029974439733871934
0.020078634744522796
0.010520236627270065
0.00011600225282954943
-0.009415296081281024
-0.014475966265377109
-0.017880834468003162
-0.018785432284681745
-0.01851242133136153
-0.017627517566528115
-0.013508905943113644
-0.008580815305995974
-0.008644602888279267
-0.002374741370451173
0.006106170394795305
0.011091461628354789
0.018137042895979928
0.025061382547779225
0.030886149686998925
0.038705667582787116
0.04483301170132982
0.04818230543177116
0.04778635065424259
0.04930292045806244
0.050759663071419506
0.04900346228870369
0.047999606228124686
0.04913719164545185
0.051888680120418064
0.055956189484807614
0.061672330998851596
0.06685986934677098
0.07308557447154271
0.07895407009272376
0.08289200523622249
0.0879466535572368
0.09182316010280499
0.09512264203577905
0.09936326283083828
0.10448122650988306
0.10969590433597258
0.10974029792033979
0.11107021551883577
0.1105148977628526
0.10912232313071718
0.10526101791457854
0.1029162527715499
0.10575597039639939
0.10684392728664174
0.10909908309637986
0.11151089086850906
0.1146284698522224
0.12182028744290128
0.12902474558562815
0.1377302499425973
0.14634744082429493
0.15681715367647553
0.1637529539327876
0.16692333705249565
0.1730395456401772
0.17953878593694125
0.18163584603714789
0.18424384602991342
0.18707105064924703
0.18936830927246076
0.19081803896213995
0.1944038338765131
0.19917053755479117
0.202324653498529
0.20946368880342572
0.21451581475749387
0.21679431691982493
0.21887210861343462
0.2245449843140342
0.2267721183000329
0.22971488056226885
0.2320678579381643
0.23250560772651005
0.23325488044361334
0.23104459746508246
0.23124422314145082
0.23290910009170906
0.23316017037751824
0.23182651410812705
0.2327508712073739
0.23083753434767829
0.23438291793160027
0.23944918156576717
0.24518741294102414
0.2486566350440652
0.2518390869744811
0.25361103133368146
0.25159412872202197
0.2518184523158223
0.24920913627966912
0.2464936830051542
0.2411065791117142
0.23821542512354152
0.23819693929878663
0.23852985187003017
0.23873821365495884
0.23760671369330885
0.23921814798116572
0.2431614364896787
0.24803756997666399
0.2570531416761565
0.2633491433719016
0.2667895410664446
0.26957024253477424
0.27314480226246496
0.27259085700456315
0.26983356509730416
0.2679753611942734
0.2674517652240752
0.2718178275856509
0.2738971783775832
0.2788636692967329
0.2825184751743149
0.2878357930990815
0.29334416347285447
0.298272928161658
0.3039109552334192
0.308347477060399
0.3103553718215896
0.3149555496112827
0.32244135681968744
0.32756179726609136
0.32979621295396955
0.3349821306945025
0.3368013802418814
0.34216640288368955
0.3492995737876248
0.3556856251544688
0.3595715327698141
0.35989685573477975
0.3571571248040219
0.3545357554485085
0.3499946448210436
0.346657180740475
0.34515731816166373
0.3451296192396467
0.34263006161207693
0.3437364445367141
0.345757868560884
0.3492273500471828
0.3528650831122587
0.3544848431380392
0.3557712782870891
0.35523745429872583
0.35664959209303787
0.358831012953094
0.3613508593054809
0.3607307831958808
0.35945452429777774
0.3581185512740218
0.35962147456722043
0.3584856278057193
0.3583415858706995
0.35933836075951325
0.3569620156244589
0.35435738707900316
0.34746968063381
0.3409903352512876
0.3307416197466935
0.3212752214951054
0.3132025405587718
0.30685341234892705
0.3010547106198919
0.29468131602768527
0.287721323280865
0.28046145974871356
0.27809985232656925
0.275274918584015
0.27191772852146645
0.26807754893106406
0.26445706902101057
0.2595236161053009
0.25579683238294876
0.24825011224757884
0.2389087327996534
0.22629108970145306
0.21823381761059363
0.21135160941691256
0.2015880350008435
0.1906758807893117
0.18098672899155105
0.1722858407891884
0.16465070660526274
0.15781331819590674
0.15075290965957802
0.1469635873405421
0.14231485010218237
0.13702182488625256
0.13032220562074306
0.12436155876055104
0.12092903271838173
0.11903157508367938
0.11436502378213004
0.10854272316467577
0.10182732671026223
0.09384830552409244
0.08973235715724048
0.08022942116461934
0.07750407755364985
0.07582995661875937
0.07913451259313652
0.08245542682430027
0.08886595957235723
0.0972260549508045
0.10231194055317419
0.10598798393697219
0.10972746523672966
0.11217163220828022
0.11367285406472519
0.11356468953557441
0.11551222799602502
0.1153576503668039
0.11908453116202984
0.1189399208087433
0.11745327817977869
0.11820641345029058
0.11978609155613955
0.11523757830792423
0.10964748725442548
0.10453818572672278
0.09538833601383616
0.08682743624826755
0.07553394711644591
0.06508294488232778
0.056606073331439695
0.051142066345066836
0.046446808227795
0.03963386448064479
0.02871175062212218
0.021389653830200334
0.009984104387587019
-0.0035470687423644377
-0.013103000552305694
-0.023240426204035942
-0.03076197992465597
-0.03949220325564827
-0.04459550431251531
-0.051654189335466186
-0.056970120891535254
-0.06145836198555654
-0.06784672851208402
-0.06882180260180194
