1.0
0.9995778688865765
0.998894910549968
0.9980767191187135
0.9970386591366027
0.9958474207618976
0.9945196943207788
0.9930025076418761
0.9915285122866234
0.9898155310535561
0.9880006359878162
0.9860102928835704
0.9839301365643168
0.9819951311905541
0.98007271459395
0.9779746514572553
0.9759466776340756
0.9738097199911933
0.971362401946764
0.9687249451670678
0.9659988252992676
0.9635833667647532
0.9609642791838025
0.9584201694195562
0.9559296959988695
0.9533722323647559
0.9507138367365358
0.9481308187334093
0.9454941763027271
0.9426757093560465
0.9399235502519594
0.9374334982030593
0.9349230913351877
0.932526479403037
0.9300850198930477
0.9276565951386698
0.9252550889567362
0.9232969045942125
0.9209390275520215
0.9185392290004624
0.9159678094894633
0.9135367381942301
0.9110071672633888
0.9084169168912777
0.9057368546697605
0.9027670789839325
0.8997667571161189
0.8965787277290921
0.8936310020790192
0.8908053251703311
0.8880449415894512
0.885303645958937
0.8827729085387459
0.8805316916793076
0.8783786552541633
0.8762749838248659
0.874039387424296
0.8716336803510586
0.8689504890739602
0.8660454388451228
0.8632126159121265
0.8602560102887428
0.8573091361128226
0.8544297627758427
0.8513823496204115
0.8483373569628931
0.8452250966219679
0.8422452393638324
0.8393977858590911
0.8365547569829813
0.8341510382562695
0.831714353535463
0.8290395158483201
0.8263394030411834
0.8235941394879984
0.8206931013786439
0.8179203881134673
0.815078080511262
0.8121486135379131
0.8094547295034416
0.8068582755988986
0.804275248047974
0.8014848293503873
0.7988289303811312
0.7963853956700647
0.7939889484328236
0.7918010455791851
0.7896347365501154
0.7875546015201432
0.7855725293050236
0.7834117506581822
0.7814267105924831
0.7793052490525667
0.7771193399382127
0.7750491106246145
0.7723978718253209
0.7697501447717426
0.7670764847622461
0.7643841602894847
0.7618341410025181
0.7588985398355962
0.756090042496887
0.7535486264347715
0.7507414265181058
0.7479464587129854
0.7450346045669767
0.7421941310629604
0.7395717167140535
0.7367765996070753
0.7343214918516064
0.7319875888488063
0.7294940234325032
0.727109430586844
0.7247798697952397
0.7225356808066724
0.720290412384728
0.7180030845367549
0.7157089614778612
0.7134619289813317
0.7111979946966897
0.7088552359474009
0.7064100173009187
0.7038233565986527
0.70114836001345
0.6987679305554084
0.6965070842276802
0.6944105480097972
0.6923149250434562
0.6898958131987472
0.6875891293042281
0.6853987601324665
0.6833927134864268
0.6815294636424084
0.679700783622506
0.6780085414451938
0.6762575392128714
0.6746622861889279
0.673114681656023
0.6717707548204812
0.6702270009749517
0.6686804117985345
0.66699932231408
0.6655113203966732
0.6641941176794108
0.6626936307824534
0.6613840741360201
0.6598728287964689
0.6582212411007635
0.6566716045680506
0.6547224188383971
0.6528010626747006
0.6507007143330044
0.6484997249619412
0.6462664299722906
0.6440931636451016
0.6419216603391681
0.6398903915542148
0.6376296271403022
0.6351989368707485
0.633072395420793
0.6309242372993898
0.6287724447872157
0.6266734803466897
0.6246808820832602
0.6229274572167799
0.6209735262825877
0.6190195227352466
0.617185725668133
0.6154305063728869
0.6137314633575349
0.6121039495343024
0.6105492804151466
0.6088500735502825
0.6071187200731285
0.605273861782045
0.6032311676621835
0.6014763085079791
0.5995645914671486
0.597633024657081
0.5957216018092735
0.593460331306927
0.5912115879249198
0.5889956261503755
0.5868037830111918
0.584471303192002
0.5821993127075005
0.5800426072113645
0.5777331243717512
0.5755131999857969
0.5730513750696277
0.5707596974609549
0.5685989275769678
0.5667301313585179
0.5648681237677751
0.5630134756547499
0.5612257974436476
0.5592861168792128
0.557525189338789
0.5557689970684859
0.553733757306177
0.5518585207121787
0.5502695396985356
0.5487824054991807
0.54698930588516
0.5450927649378976
0.5434457660800975
0.5418516862363687
0.5401259411838082
0.5383544916415053
0.5362866061603104
0.5340813295258239
0.5318595091365136
0.5297752364284839
0.5278251984189487
0.5257821175334995
0.5237533851882344
0.5218502322179864
0.520091883014638
0.5180866521684686
0.5161624539840839
0.5141505618266143
0.512347819602727
0.5105264500111245
0.5089977490256737
0.5071276329165423
0.505388772501693
0.5035351071075737
0.5019133073370073
0.5002089316685585
0.4983905100076947
0.49629919337063133
0.494089831462457
0.492044572618389
0.49008447346678263
0.4881409842747206
0.4863869177330376
0.48458966565227907
0.48303359759513165
0.4814452048835649
0.4796326351207073
0.4779690292608858
0.4762150828631961
0.4744592654033886
0.47280861170226796
0.4710222617251106
0.46917122931193034
0.4674480028063011
0.4659032618943041
0.4644764941878374
0.4628862458773857
0.46116580568084636
