1.0
0.9505
0.88340275
0.8114875288750001
0.7407697989975626
0.6739182839383157
0.6119602030789262
0.5551308944253422
0.503295912577227
0.4561596191261774
0.4133672502699435
0.3745539323754774
0.3393673612058242
0.3074774848508145
0.27857984423216653
0.25239588348363595
0.22867187309585965
0.20717725525572073
0.18770280520915064
0.1700587956989105
0.1540732490672216
0.13959031122220822
0.1264687572326611
0.11458062678788339
0.10380998262017925
0.09405178298390415
0.08521085879593239
0.07720098626242661
0.06994404634769974
0.06336926308774002
0.057412513419842895
0.05201570184723711
0.04712619386489819
0.04269630263332298
0.03868282390010477
0.03504661463657633
0.031752211281572885
0.028767483869868743
0.02606332267243011
0.02361335429251523
0.021393684448834903
0.0193826649372139
0.017560682497979423
0.015909967529934937
0.01441442078533322
0.013059456355626097
0.011831859416649148
0.010719657345845991
0.009712002954552545
0.008799068696518308
0.0079719508208917
0.007222582534883762
0.006543655329194924
0.005928547698900085
0.005371260564614387
0.004866358764109164
0.0044089180437520276
0.003994477032784207
0.0036189937320454165
0.0032788060927853514
0.002970596301091198
0.0026913584196009365
0.002438369070915529
0.0022091608767884044
0.0020014983940474943
0.0018133563125554107
0.001642899702574794
0.0014884661188934814
0.0013485493871729273
0.001221784914389859
0.001106936380105459
0.0010028836787634406
0.0009086119954195295
0.0008232019083591001
0.0007458204220748491
0.0006757128431500883
0.0006121954198140121
0.0005546486733833001
0.0005025113565523176
0.00045527497960775524
0.0004124788511824649
0.0003737055851814876
0.00033857703005980215
0.00030675058075047164
0.0002779158372738152
0.00025179157743937536
0.00022812301411576417
0.000206679310318833
0.0001872513278830845
0.00016964958775935785
0.0001537024220457879
0.00013925429972899174
0.00012616430980661497
0.00011430478699729246
0.00010356006663471916
9.382535660244491e-05
8.50057153074931e-05
7.701512572508862e-05
6.97756564837514e-05
6.321670180890789e-05
5.7274292912270984e-05
5.1890474111042275e-05
4.701273759229345e-05
4.2593511309843915e-05
3.8589695019147214e-05
3.496223992518386e-05
3.167576784371107e-05
2.8698226161589492e-05
2.6000575231051748e-05
2.3556505149102177e-05
2.1342179159827412e-05
1.933600117704777e-05
1.7518405159982554e-05
1.5871664287732536e-05
1.4379718071478559e-05
1.3028015718239943e-05
1.1803374218536056e-05
1.069384977389507e-05
9.688621310256081e-06
8.77788494118314e-06
7.952758351602163e-06
7.205194169525443e-06
6.527901480887404e-06
5.9142747220341226e-06
5.3583292563626125e-06
4.854643006795695e-06
4.39830357484017e-06
3.984860330486077e-06
3.6102810056849337e-06
3.270912368067741e-06
2.963444591357717e-06
2.684878974986172e-06
2.432498698084364e-06
2.2038423226181362e-06
1.996679787244208e-06
1.80899065775876e-06
1.6389444220172436e-06
1.4848826371438617e-06
1.3453027549143527e-06
1.2188434675627512e-06
1.1042714310913377e-06
1.0004692365976277e-06
9.064245123040308e-07
8.212200500034328e-07
7.440248596249725e-07
6.740860646761437e-07
6.107215595183307e-07
5.533133568629638e-07
5.013015606071332e-07
4.5417890522636755e-07
4.114858084678513e-07
3.7280588909352814e-07
3.377619059581118e-07
3.060120788162647e-07
2.77246754976167e-07
2.511853892897032e-07
2.2757380802543027e-07
2.0618172993917212e-07
1.8680052036550407e-07
1.6924115642602127e-07
1.5333238350928245e-07
1.389190450427744e-07
1.2586056926733997e-07
1.1402959825574194e-07
1.0331074580432583e-07
9.359947208363146e-08
8.480106407253978e-08
7.682971183223787e-08
6.960767161099989e-08
6.306450761763414e-08
5.713640506869274e-08
5.176554780966683e-08
4.6899554440172476e-08
4.249096744371648e-08
3.849679033957863e-08
3.4878068342702124e-08
3.1599508441812485e-08
2.8629135190427205e-08
2.5937978853722483e-08
2.3499792869786487e-08
2.1290797869688802e-08
1.9289449759820962e-08
1.747622960463978e-08
1.5833453260562193e-08
1.4345098904391221e-08
1.2996650774176068e-08
1.1774957598527603e-08
1.066810433366536e-08
9.665295957261089e-09
8.756752185732601e-09
7.933612088176774e-09
7.1878476666516295e-09
6.512185559965091e-09
5.900036107355813e-09
5.3454290802316964e-09
4.842955455164556e-09
4.387714660259136e-09
3.975266780395938e-09
3.6015892552106348e-09
3.263037647490098e-09
2.956310099363346e-09
2.678415129632438e-09
2.4266424581740873e-09
2.1985365728654897e-09
1.9918727812354026e-09
1.804635513274766e-09
1.6349986637964882e-09
1.481307782625515e-09
1.3420639389219992e-09
1.2159091022680268e-09
1.1016128979411954e-09
9.980606072006289e-10
9.042422955534981e-10
8.192429629711818e-10
7.42233619991173e-10
6.724632026709031e-10
6.092512475408834e-10
5.519812551167622e-10
5.000946772453357e-10
4.530854696437349e-10
4.1049515650328486e-10
3.719083590236392e-10
3.3694874426745955e-10
3.052753548252498e-10
2.76579283493956e-10
2.505806605378253e-10
2.2702592414859942e-10
2.056853474841308e-10
1.863507981668913e-10
1.6883370839100106e-10
1.529632358404462e-10
1.3858459748211678e-10
1.255575599833251e-10
1.1375507203100682e-10
1.0306202521375932e-10
9.337413138173152e-11
8.459690553537524e-11
7.664474432328036e-11
6.944009116178081e-11
6.291267983383173e-11
5.699884919005793e-11
5.164092226832571e-11
4.6786643776457414e-11
4.238867045191701e-11
3.840410932799917e-11
3.4794099403280803e-11
3.1523432634401856e-11
2.8560210555757956e-11
2.5875533177153487e-11
2.344321712526681e-11
2.1239540279991314e-11
1.924301041511764e-11
1.7434155586934265e-11
1.579533422642868e-11
1.4310563082938607e-11
1.2965361341205933e-11
1.1746609391523582e-11
1.0642420875575534e-11
9.64202676004667e-12
8.735670307384683e-12
7.91451191937503e-12
7.170542925478456e-12
6.4965074751178404e-12
5.8858317721382115e-12
5.3325599612710746e-12
4.831296041310578e-12
4.3771512384868855e-12
3.965696326774859e-12
3.592918430123083e-12
3.255181885299962e-12
2.9491927836563824e-12
2.6719668459845197e-12
2.4208003171596975e-12
2.1932435967038356e-12
1.9870773480921707e-12
1.8002908537998552e-12
1.631062404987506e-12
1.4777415345683855e-12
1.3388329203782086e-12
1.212981801456899e-12
1.0989607652088412e-12
9.956577765782052e-13
9.020653324891602e-13
8.172706357753882e-13
7.404466927662731e-13
6.708442477054701e-13
6.077844753390961e-13
5.506523604051293e-13
4.988906994548824e-13
4.51994666506951e-13
4.095068895330365e-13
3.7101298975713387e-13
3.361375402633423e-13
3.0454040449703017e-13
2.759134189491453e-13
2.499773876702425e-13
2.264793593020434e-13
2.0519016006970625e-13
1.859021586743415e-13
1.6842724128700722e-13
1.5259497689451576e-13
1.3825095510386456e-13
1.2525528019407372e-13
1.1348120672807824e-13
1.0281390341794255e-13
9.31493331875061e-14
8.439323850982975e-14
7.646022212354706e-14
6.927291416244467e-14
6.276121757537485e-14
5.686162447716107e-14
5.151659676293926e-14
4.667400494513252e-14
4.228661974009564e-14
3.8311651445928203e-14
3.471033261905679e-14
3.1447539979475514e-14
2.849145185712669e-14
2.5813237838532722e-14
2.3386777586835655e-14
2.1188406092926148e-14
1.9196682873123216e-14
1.739218286241417e-14
1.5757306963858788e-14
1.4276110406466122e-14
1.2934147237536595e-14
1.1718329432819697e-14
1.0616799250403607e-14
9.61881358341779e-15
8.714639183652766e-15
7.895457734224134e-15
7.153279845464635e-15
6.48086713525531e-15
5.871661633853524e-15
5.319721824710616e-15
4.8196646974920714e-15
4.366613248149487e-15
3.9561489140180965e-15
3.584268480044414e-15
3.24734503585502e-15
2.942092602884918e-15
2.665534086577612e-15
2.4149722410981037e-15
2.187963363380754e-15
1.982293459952839e-15
1.7959566540913694e-15
1.627135622720464e-15
1.4741838722524187e-15
1.3356096805106248e-15
1.2100615481216247e-15
1.0963150174852711e-15
9.93260730769808e-16
8.998936104627681e-16
8.153030569567462e-16
7.386640675681486e-16
6.692291903736467e-16
6.06321234390959e-16
5.493266650071287e-16
4.9768962024061e-16
4.509064894784021e-16
4.0852100181523205e-16
3.701197760918777e-16
3.3532828923262947e-16
3.0380722356151244e-16
2.7524915747303303e-16
2.493755671819134e-16
2.2593411031019693e-16
2.046961648188383e-16
1.8545459928123986e-16
1.680217527524483e-16
1.5222760453189082e-16
1.3791811596954124e-16
1.249537281433273e-16
1.13208000755787e-16
1.0256637897527722e-16
9.292507619486808e-17
8.419006181258919e-17
7.627614416095611e-17
6.910613964168594e-17
6.261011996226126e-17
5.67247301327207e-17
5.1392570571170955e-17
4.6561637291761354e-17
4.218481471533338e-17
3.8219416156181514e-17
3.462676750334151e-17
3.1371830036093895e-17
2.8422858695042444e-17
2.575109247592163e-17
2.333047392657691e-17
2.113739501140152e-17
1.9150466864672717e-17
1.7350311187216194e-17
1.5719371251912515e-17
1.424174067480226e-17
1.2903008281812797e-17
1.1690117558108199e-17
1.0591239309286862e-17
9.595656292504923e-18
8.693658692345145e-18
7.876449422018473e-18
7.136058326310947e-18
6.465264449506469e-18
5.857525610172654e-18
5.306914595960209e-18
4.808061356130439e-18
4.356100628020773e-18
3.946624486654779e-18
3.575639354718052e-18
3.239527053622845e-18
2.935009515796604e-18
2.6591168140371128e-18
2.4091581961279402e-18
2.1826958422178684e-18
1.977521089022817e-18
1.791632888967426e-18
1.6232182941805925e-18
1.4706347750074468e-18
1.3323942005920881e-18
1.207148325295409e-18
1.0936756393985789e-18
9.908694558485003e-19
8.977271168565252e-19
8.1334021508353995e-19
7.36885734039672e-19
6.676180212918815e-19
6.048615161949805e-19
5.480041612204149e-19
4.964914326241981e-19
4.498209322357343e-19
4.0753748762182256e-19
3.692287128382618e-19
3.345209864735386e-19
3.0307580775888444e-19
2.745864952062319e-19
2.487751955762354e-19
2.2539017400514018e-19
2.0420335886139354e-19
1.8500811738724732e-19
1.6761724043141873e-19
1.5186111661812234e-19
1.3758607814533722e-19
1.2465290207905558e-19
1.1293545252679484e-19
1.0231945044763583e-19
9.270135910087479e-20
8.398737426318831e-20
7.60925093660067e-20
6.893976663053755e-20
6.245938611660741e-20
5.658816536137487e-20
5.126884297242337e-20
4.6449540163483104e-20
4.208325478613872e-20
3.8127402922868145e-20
3.454340357061808e-20
3.129630236437902e-20
2.835443067097602e-20
2.5689096728252995e-20
2.3274305817363905e-20
2.1086506739040863e-20
1.910436212124915e-20
1.730854031806411e-20
1.5681526870181744e-20
1.420745368825741e-20
1.287194429311587e-20
1.1661973603476884e-20
1.0565740903720938e-20
9.57255475276321e-21
8.67272871156426e-21
7.857486872318928e-21
7.118878267959625e-21
6.449699327219041e-21
5.843423618964694e-21
5.2941382006093025e-21
4.796485949809768e-21
4.3456133170219704e-21
3.9371229893475774e-21
3.567031004008412e-21
3.2317278931806274e-21
2.9279434812384005e-21
2.6527149910783935e-21
2.4033581484693557e-21
2.177441002610654e-21
1.9727602075744246e-21
1.787319533306764e-21
1.6193103966080438e-21
1.467094222213062e-21
1.3291864619405224e-21
1.2042421160523018e-21
1.0910426156138641e-21
9.884839379208713e-22
8.955658390830107e-22
8.113820987515738e-22
7.351116818486491e-22
6.6601073109921305e-22
6.034053122701351e-22
5.466848413611836e-22
4.952961296441249e-22
4.4873798847181315e-22
4.065563412385483e-22
