0.0
0.0
-0.006469938955064283
0.0020937623133576964
0.011621011239581584
0.021985830604438268
0.04549042499841564
0.0644933448010715
0.08599406215584413
0.0963314762586927
0.1136627764397517
0.13380991379387858
0.13723608777871954
0.14318434791279955
0.14669913597649256
0.14809952544219732
0.15728420956579905
0.17819046170101838
0.20656273172923598
0.22938270959245793
0.2510612595811847
0.2704764499013487
0.2925905993640233
0.3092623648249604
0.3271287163844474
0.3307055122745118
0.33500350494364267
0.35174255494732354
0.36940866018501733
0.3908453415213287
0.41214071546893033
0.4310510423290207
0.4583133656119313
0.475620002756952
0.4865230159545525
0.4830636733245099
0.4797291071885849
0.4774177319880703
0.491598682344148
0.493802490672782
0.500121706682031
0.4937025519826881
0.4969778480922306
0.508505131399949
0.5241863580847086
0.532116847109184
0.5449990641342534
0.5405301036118659
0.533391120497346
0.5371628320078446
0.5437971551043964
0.5519762026162148
0.5534788362734822
0.5503542258669478
0.5553307056736956
0.5522749656155964
0.5541402700533465
0.5495104064509891
0.5472829719551515
0.5381227977156973
0.5340430216159947
0.5240690333646569
0.5094226864317265
0.49833085515256564
0.48241802734261413
0.46580393516010066
0.45296236593079403
0.4346575576134223
0.4107773867207472
0.39147828389810774
0.3715307704159357
0.3603092044349099
0.33794864567871935
0.3294009454033351
0.32192735672093875
0.29638928271758447
0.2672568850369327
0.237378925002855
0.21376105849879679
0.19236865707057188
0.17282216947499235
0.16493587213113117
0.15290581320944288
0.13953134112353882
0.12911564132814685
0.10361867743022353
0.07880232924356655
0.04981816587323559
0.03547142972466806
0.01754731934273015
-0.009754877126104636
-0.04007690940932841
-0.06381289735537102
-0.0806809395240527
-0.10025515904339452
-0.09472859658196195
-0.08765807742239048
-0.07172499504138051
-0.04962871298714929
-0.03368014404263853
-0.028894287204104835
-0.021757698452185954
-0.0148555350915409
0.0031684871021771255
0.02664521420341434
0.05564645770052158
0.07875737833900431
0.09908711782384505
0.10742641841792043
0.12448544317019905
0.14844798320293787
