0.0
0.0
0.010226848157347887
0.024686661868089904
0.14908559940643248
0.14351962801902696
0.14744906292807267
0.18592459584723442
0.2507284343045865
0.31795746567207606
0.4229755445510705
0.5092344768095347
0.5966967251245803
0.6747700502522991
0.829731340121271
0.9865533530266171
1.1423246440626438
1.148574391449617
1.1721938700878827
1.1463294527820946
1.071312624648255
0.9713380966649713
0.8527875358284378
0.8068913590666296
0.7298581506338303
0.6650701319494927
0.6407843454079842
0.5687800586612168
0.4594463995058744
0.3916505626988026
0.2802395487482987
0.21978337701698195
0.1825667735487969
0.11455219839715862
0.025929135390926075
-0.019479201095718802
-0.033896389385974196
-0.04076634745907176
-0.05773842247129461
-0.07698249803646504
-0.04691805228546467
-0.07532328267541517
-0.06040118557177858
-0.0538974023106199
-0.011940462679248934
-0.022940735140088125
-0.05684246423738007
-0.10841916240947778
-0.17510837987752892
-0.21057112134174477
-0.2586892940613915
-0.29710864994581476
-0.27328439095766255
-0.233218616516331
-0.2171978481769456
-0.21069456656970725
-0.17756594016713564
-0.13464296749916563
-0.1505669544693618
-0.1381471978418435
-0.0835814792485013
-0.017238859926975894
0.0011459830951111236
-0.018365796797797138
0.04263717547053367
0.05959485248209285
0.10121392158405515
0.06338005530468643
-0.03886188746998209
-0.14614503169828297
-0.19682536334538397
-0.2637897700690659
-0.255105717588953
-0.15713433955827402
-0.1125903323867545
-0.14629244210565145
-0.23744909484499785
-0.28364019619313174
-0.2940535098636519
-0.274420474866413
-0.2995324961125815
-0.3158947902721818
-0.28674020575736836
-0.3304610690678214
-0.4204863652787812
-0.4980291411435247
-0.5430514557188683
-0.4953487442505084
-0.41819107268263456
-0.3539580462616787
-0.31835852885930344
-0.28419575075497383
-0.21682193045152803
-0.07210167498171405
0.014023773436788387
0.060266136066311815
0.06816892072294324
0.061341093530620575
0.04051791501923093
-0.04574775426980857
-0.03804319406124399
0.010854326040183805
0.07896872201169236
0.23738978096268132
0.4172056164522415
0.6137525319650207
0.7748042266270201
0.9429766485816453
1.0940420699581326
1.1510084040395718
1.1400388312718535
