1.0
0.99775
0.9917570184815735
0.982521325696806
0.9715959676758261
0.957020529379756
0.9405770297440468
0.9228576897269856
0.9040812758979875
0.8842733482008769
0.8640197362507467
0.8429582877746553
0.8214662623919105
0.7995925113999806
0.7783342506420979
0.7570575947136673
0.7358337829985181
0.7132642396349969
0.6910914072471813
0.668709123300558
0.6461732119224588
0.6237694181752015
0.6015976744190603
0.5805996362047663
0.5597607949203005
0.5395331619065746
0.5202129300034369
0.5009275259695
0.4817870013875616
0.46358317220071255
0.44546504251310237
0.42837659748583745
0.41203704017745973
0.3959007053182466
0.38006280313730245
0.3651537082724734
0.35104235041390114
0.3374846515393027
0.32429382705544973
0.31153736833483414
0.29971986932340056
0.287752037855143
0.27664012440006563
0.2658548215659581
0.2558229293304557
0.2456484240600592
0.23561998853981964
0.22577810126040274
0.21613672554695862
0.2071477465759913
0.1983610230894768
0.1899889797646584
0.1825461690682414
0.1755619112734586
0.1686229307021228
0.16186434921149903
0.1556377054595571
0.1497650680254499
0.14355067342934927
0.1378573505726472
0.1328143157608291
0.12810934358956277
0.12313682144879995
0.11798936102667536
0.11384333856705843
0.10944567418751439
0.10547620872581222
0.100886821119367
0.09582122497045972
0.09086659114329845
0.08663309309624305
0.08238582043528973
0.07903827601234407
0.07672123882935472
0.07400215886787065
0.0706276460025294
0.0668006075080835
0.06354042392892906
0.06075057922532216
0.058369296619899744
0.055644369808263816
0.053106618726277956
0.05111974569421473
0.04849601142253509
0.045497457807123956
0.042708428633564735
0.04032591494450635
0.03894870641488089
0.03794097396257269
0.036875915960321665
0.03559355648243195
0.03436308980813726
0.03352832992465879
0.0335280723837334
0.033000447831046054
0.032130214122968744
0.03093054081897034
0.029635342289691835
0.028249882594443648
0.026257685176755585
0.02525095222097295
0.024700063032202582
0.02438348278051476
0.025010406456286237
0.025890080630226277
0.026974299398753645
0.027739293852316375
0.028609778117662774
0.02934208771022885
0.02916497039960473
0.028338780251436536
0.026495974358176265
0.025254311487168463
0.024084777723624964
0.022997916148091147
0.022076377660905862
0.02091676521650679
0.020357592389613856
0.020037701522239285
0.019638435741292162
0.018907427032624862
0.018183833802080964
0.016917238888728266
0.016111528397199593
0.016083651286369068
0.01645340297096234
0.01618367663423278
0.01589481679611545
0.015932225728023164
0.01619764825020786
0.01684679683802085
0.017548649295710792
0.01866818080265741
0.018636084603582546
0.0190015219961167
0.018634941623519186
0.018680872823923608
0.018077647013303413
0.016641527200475754
0.015129777440048129
0.01325009516486354
0.01244696039007631
0.011867283767103587
0.012079740849266956
0.012226578398280636
0.011765648114464813
0.01083917720419549
0.00964816145216212
0.008264359689573647
0.006562746765013509
0.005491676836656146
0.004736445844146703
0.00412622608648989
0.002669192561897532
0.001919152539748599
0.001070154457277277
9.081745849650854e-05
-0.0005970291203028471
-0.0013635677183205781
-0.0020365336203224844
-0.0018630384991732603
-0.0015177715550464769
-0.0013082648483956148
-0.0022504250405116707
-0.0036217748827531413
-0.0050176126726709765
-0.005670195691595355
-0.006758289371937782
-0.0077647107932804545
-0.008318589651588777
-0.007762021883604494
-0.006912390024320838
-0.006186496590341393
-0.004890121228068947
-0.0034509569475282436
-0.002853950835230249
-0.002261689047626133
-0.0024448561797043257
-0.0021993889439941086
-0.0026219563000796846
-0.004223223514509286
-0.005648126968979375
-0.0063240750186615855
-0.007062512143653502
-0.007989992322250686
-0.008743587143437537
-0.00949066381940175
-0.010173107576932565
-0.010847787409957128
-0.011691578551940356
-0.012489408625183511
-0.01312850696602656
-0.013567915105818827
-0.013453975429547713
-0.012962972451323058
-0.012865746351868974
-0.012424984369518492
-0.012068752988301887
-0.011382584804676271
-0.010786550944192572
-0.010183429922414926
-0.009487154718817366
-0.008012133134580619
-0.006968468319369906
-0.005748316677086324
-0.0051533527204989235
-0.004560239225982908
-0.00502343181148425
-0.005950971790968304
-0.007507549640650504
-0.008854440780458595
-0.009619960914396965
-0.010365913755473882
-0.011394427521704784
-0.012210797503689908
-0.01347262521416017
-0.01433805464527665
-0.01507021518312662
-0.015378955170534624
-0.015245686873020116
-0.01524207548492707
-0.01551703065007653
-0.01622811302053918
-0.01682213050184176
-0.016916435518391656
-0.016544929691020525
-0.01680101329118675
-0.01693372335782511
-0.01713128910387157
-0.016458864307411857
-0.0164181217675352
-0.015687561732810724
-0.014267322028311989
-0.013089735851662981
-0.011417796417042091
-0.01082256845335438
-0.010121075347711027
-0.009820350497637456
-0.009532332348666345
-0.00930793334311691
-0.009645241192222423
-0.00932390244515146
-0.009451418400888666
-0.00896696435244527
-0.007925189396223936
-0.00675038848930935
-0.006247553635283749
-0.005470711415643606
-0.005388831524405789
-0.005444967235092841
-0.005239701565328328
-0.00413427643171237
-0.003027098265766154
-0.00259754591453761
-0.0021246719379815013
-0.001371006734832602
-0.0011699876142382574
-0.0015459602690192204
-0.0018985997403756336
-0.0024418527211828916
-0.003558354747386214
-0.004694684415530233
-0.005569857524744618
-0.006675391247917597
-0.007740980243202923
-0.008856143101411222
-0.010381020248108474
-0.011403367812600422
-0.011739233340631395
-0.012176099203075016
-0.013114314651115577
-0.014285437613878958
-0.01547447160205034
-0.016597592625280027
-0.0179139138104517
-0.01911339140728627
-0.020720544145253227
-0.02239427807288749
-0.02368936821411302
-0.024712310740061985
-0.025725640505879995
-0.026392418535647187
-0.02701206514203174
-0.02842181027052456
-0.0294491526665551
-0.03094875447134645
-0.03292750719984441
-0.035140624169452225
-0.036280680117415046
-0.03742961643619496
-0.038483900118109954
-0.03861139576296434
-0.038528486369700306
-0.03822156369600932
-0.037252935600566764
-0.03644486084326632
-0.03563026457598345
-0.034225819172499256
-0.03242673834223297
-0.03137999680322847
-0.03027807601623844
-0.029760180557161314
-0.02889000268563244
-0.027589958130412286
-0.026109736451786585
-0.024956525606081068
-0.023198800428627542
-0.021876292011778282
-0.020317925432503707
-0.019094832298728895
-0.01718963856508031
-0.015674408116548556
-0.014306440428824134
-0.013163659516033247
-0.012270905668628266
-0.01108952803788906
-0.010363214125650059
-0.009517131025007116
-0.009320860850517977
-0.008866366599275954
-0.007753504937574512
-0.00626989495328664
-0.004335364737359808
-0.0031053092140732735
-0.0019986803144538983
-0.0015220832475654786
-0.0010768475550397235
-0.0005158095518313923
-0.00020403165285168485
-0.0005475673503954492
-0.001119995662339297
-0.0017188580112887505
-0.0011702057774672545
-0.0013086671392931765
-0.0018018685306085839
-0.0020146170071105164
-0.002483874606028286
-0.0022970702620811003
-0.0026203877388576613
-0.0020940682873507024
-0.001163887223191308
5.631587964887103e-05
0.0011093505746804747
0.0011309893099555727
0.0010232822193811286
0.0015023585454516809
0.0021745854643163555
0.0021346133656870423
0.0016452335652382753
0.0013553737711177597
0.0011094242087224082
0.0013247482501088973
0.0017327233989136372
0.0023666145145106645
0.001990918938043063
0.001965033957595398
0.001345244510876064
0.0002237922376676644
-0.001257874983918149
-0.0026862366845779393
-0.0038742845274775803
-0.005763335422740629
-0.007401947754109338
-0.008408260813248183
-0.00904924633983181
-0.009924684916522312
-0.010513668014822723
-0.011845573323203247
-0.012538862714601395
-0.012777766577482431
-0.01295478354027588
-0.013290251648368518
-0.014001398363875756
-0.0144163504082717
-0.014272483630115806
-0.013520473761553787
-0.013364574623330183
-0.013696578904030468
-0.014192582326879262
-0.014937199734188188
-0.016039109932086047
-0.0166278715832861
-0.018097094540652246
-0.01846653388327673
-0.018151419911960297
-0.01812849861619166
-0.01789325913992666
-0.018007516387282086
-0.01830234233746159
-0.018260770338098455
-0.018545212398644054
-0.018764211123305664
-0.019172067534360872
-0.019590286279971617
-0.019895211470597078
-0.020729690016388476
-0.02073023272836392
-0.02084997599947887
-0.02086608592591749
-0.02109999878559287
-0.021515719795417027
-0.021105449774768026
-0.021306191991210376
-0.021629017729711552
-0.02107241619090782
-0.020939797465634475
-0.02098551320699444
-0.02182335703529345
-0.021481539205308754
-0.02098466551686273
-0.020425936506383673
-0.019365320908673798
-0.018401536859743158
-0.017300962963993194
-0.017200297384620918
-0.016495297998378813
-0.015852562146566152
-0.014982123124577286
-0.014213475364359192
-0.013743191401878638
-0.013481257323628317
-0.013018736200380415
-0.012864023594630625
-0.012976767751930088
-0.012316705503299292
-0.012071073507227923
-0.01172356847692543
-0.011100625831891996
-0.010597791949886214
-0.009171682275729164
-0.007798201518794243
-0.006047435819793169
-0.004187995704444794
-0.001641314536746995
0.001000368696875312
0.0031920568350184146
0.0046174245361105225
0.005926867722035193
0.007029652442883137
0.00822836406850106
0.009157060462880558
0.009650473683453106
0.010023580009796584
0.0100529381071762
0.00905284925359933
0.008667475908398059
0.009037388640774848
0.00878768635227709
0.007178003538669986
0.006503887702764466
0.006641180375974732
0.006830102672862524
0.005993875206978125
0.004880920673932186
0.002799344950200259
0.001059506552328027
-0.0008682927778379814
-0.0017651558136145037
-0.002065931820540017
-0.0017695899346391157
-0.0015022539920567014
-0.0014464396548313865
-0.0012376733973869644
-0.0010599048833848503
-0.0006724143402035743
7.820789852909396e-05
0.0006577840999633292
0.0003608218217674879
0.00016422612148705355
0.0006255466976664672
0.0013173100737415597
0.001978938551698761
0.0025797546525399505
0.003490724824893361
0.004103529157156237
0.004178996436847632
0.0043163838488646696
0.004015048863917679
0.003942497415046252
0.003514655375976232
0.003963986367136481
0.004515889050624842
0.00507428505654434
0.005514229110369625
0.006734509580791741
0.008261585773748035
0.009464354437646342
0.009725491713525158
0.00984777077575791
0.01009992257532056
0.010310817064393216
0.010584315415753658
0.011003476661942594
0.011606412025775462
0.011957056940259319
0.012107497861069167
0.011696335961355869
0.01149381381424142
0.01087716565862051
0.010024638709374112
0.009337207455146077
0.008470093488361776
0.0073584618041337806
0.006478801915601481
0.006228042423529434
0.006225331481119403
0.00587965939623291
0.005590180082488444
0.005547372031368917
0.0057115320304822175
0.005236105600834195
0.0044025676167876865
0.0037385522145001434
0.0031754100520851765
0.0021131427114798223
0.0006374454508501009
-0.0004423598813138622
-0.0015773957177283948
-0.0031078817028663114
-0.0043922832670322464
-0.005356744924926784
-0.006060830503161435
-0.006423871391602894
-0.00656654270317738
-0.00737372768786739
-0.007349114040566996
-0.007774272709589935
-0.007515463045748685
-0.007492448176190126
-0.0071883585386593295
-0.007021576578461976
-0.005601707329250071
-0.004031158380498111
-0.0021146109066485378
-0.00025594387780669865
0.0008281697832650263
0.0018666936797651858
0.0030454834049469933
0.004302708784768615
0.005735928442353833
0.006860750072102012
0.007357677285384537
0.008183712623502462
0.008651380272520116
0.008232462481914163
0.007888222179258704
0.0073816914790380975
0.007741589155201345
0.008703741366962957
0.009759761837784773
0.010722110852626856
0.01125181327792869
0.011475467533665264
0.011387973276819736
0.011375969053820578
0.011371567431610045
0.01063709451716661
0.010442991969214938
0.009717666900590989
0.009005863727917675
0.009165585262281974
0.009039849600583997
0.008874859704699103
0.008791441215437547
0.00892008718294176
0.008731550014165344
0.008780745008417199
0.008868255454450545
0.009129628548197538
0.00895068653576179
0.009025063773662792
0.009315705234833122
0.009680282621792583
0.010084421897436666
0.01070988962578535
0.01125464265580532
0.01189665908303573
0.013015407118997476
0.013827168394548986
0.01434201874101165
0.014395218639393262
0.015141164812859776
0.01507425761121799
0.01533063966733704
0.015726999301118778
0.015768871178521167
0.015481346371658824
0.014901262363992817
0.013791576024173467
0.01313310295486832
0.012202243284797368
0.010730057147490228
0.008447430582470758
0.005922626458873554
0.004214702385016257
0.002987003297913419
0.001409454949452093
0.000740042060158114
0.0007051583586101652
0.0017544783542862738
0.002846561061071737
