0.0
0.0
-0.009483338280234972
-0.018055081197534982
-0.023144775283539597
-0.03440220271637767
-0.03881023768524257
-0.04830231385593701
-0.052341566727012706
-0.05150472206173589
-0.0540862571101825
-0.046873370208268636
-0.038695463901426246
-0.03086199846640584
-0.02333889512666026
-0.0251209414715156
-0.020173015534962667
-0.015041359925417691
-0.011449737026163325
-0.005245271897657422
0.005687574095643464
0.016754818749573117
0.027453916127772718
0.038972795669897635
0.04948014642646344
0.06042161977030555
0.07917792953631164
0.09997995890318112
0.12463457576549966
0.154638063271544
0.17733297840014028
0.19599146534887546
0.2128251776013853
0.22875132110941873
0.2468306987090901
0.27106335886368743
0.2984858304098692
0.31642071670376687
0.32751661921536857
0.33911194928794136
0.350704889178928
0.3602480087464306
0.3727930222451519
0.38257037562259555
0.39081497230111123
0.4025322989680943
0.41256320225988424
0.42381311908106073
0.4351258977108229
0.4452604628464643
0.45739040755867155
0.4721563667735408
0.4825024947234905
0.4942960779600108
0.5022106284550696
0.5122840100086739
0.5239954389420942
0.5332115889502322
0.5414582600158158
0.5392687162654647
0.5389173397509293
0.5418874963110604
0.5480701941698665
0.5526738280435365
0.558079841676951
0.5651289969636957
0.5766027489608082
0.5872274839865628
0.5976843848511688
0.6051166936043799
0.6173114503406012
0.6330205525312027
0.6455683590446286
0.6622238041489682
0.6724108598748467
0.6811205149733793
0.6852825943290279
0.6858222603156124
0.687644880212076
0.6822989419392034
0.6695477250964998
0.6610333816253664
0.6542985348586519
0.6420948523086674
0.6304699099562338
0.6242961412045075
0.617022276246696
0.6118744089279463
0.6101654893328405
0.5984852645900839
0.583945845134305
0.5773594871371575
0.5716573103459012
0.5641628829103653
0.5653654602843349
0.5683908463830494
0.5704008435097249
0.5662000891690891
0.5645150798734179
0.565251821559979
0.5698305080828906
0.5761396310791524
0.5763655315440503
0.5763218773435996
0.5756593068130268
0.5745973593772669
0.5705695335066917
0.5670410761366005
0.5654306968112861
0.5677272756291769
0.5749868168189033
0.575472758089867
0.5780295177709849
0.5820544193812225
0.5737179983821926
0.5646480672574538
0.5553723927025929
0.5427711669939295
0.530102890922316
0.5243505003213463
0.5236891520689055
0.518606129775681
0.5141078080338332
0.5120907664644169
0.5129301342087909
0.5070701547952973
0.5016393665020781
0.4980998135046762
0.4916042929931806
0.48790276926171877
0.4850505525391967
0.48136051692807885
0.4747539885911009
0.46321684549707043
0.4483962255692695
0.4303726038506671
0.4086152703720034
0.3833881935790628
0.3594294897705989
0.33091583823170895
0.3003582755049699
0.2632975026284124
0.23022584165368298
0.2004090715844304
0.1664701701825403
0.13162753480277867
0.10106206769847949
0.06800675808150163
0.040803789157712905
0.015374767206000676
-0.009203342714184683
-0.030049492056094734
-0.048055131982655666
-0.06297289137974549
-0.07285826789909446
-0.0820064319883839
-0.0926359103475011
-0.10532026539279074
-0.11573278012023841
-0.12272625267478869
-0.1312556041647228
-0.14319871094239658
-0.15603178773408286
-0.1762450935672124
-0.19762091929709782
-0.21402332309701022
-0.22985592387997997
-0.24462709220860457
-0.2629332047439661
-0.2793309031162706
-0.2960000952303551
-0.3085509537478757
-0.32143130412420595
-0.3318347228860669
-0.3453082941655261
-0.35593002664913104
-0.3641580470479705
-0.38109077456199575
-0.3909479329799681
-0.4007802419855662
-0.4131551931983217
-0.42366609330525506
-0.4262122038569925
-0.42165320394425115
-0.41865166355193867
-0.4107416256170597
-0.4065495763931007
-0.39547817077874525
-0.38593330049658814
-0.38063523707475094
-0.37439142689746896
-0.3750935310132328
-0.37295679533191506
-0.36832691082560276
-0.36149500621367314
-0.3451305081322167
-0.33895878432383747
-0.3310305972447906
-0.32871511698363653
-0.32475472966468905
-0.32118003739738427
-0.3149063878306879
-0.3030936121954572
-0.2996295205446811
-0.2942196376985531
-0.2972864662407685
-0.2923725479486204
-0.28517200433295303
-0.2796344318467625
-0.26778094405440556
-0.24893828918050298
-0.24439230340255994
-0.23557278303516854
-0.22544900538994378
-0.22748707629192003
-0.2362790165518794
-0.2453717207964117
-0.2598796463383109
-0.279588262229798
-0.302919180395628
-0.32150430391777185
-0.34047621111082066
-0.3571379019515923
-0.3698029947038982
-0.38216710482289595
-0.3882357970252421
-0.39552360109616375
-0.39856885680674475
-0.40607565633661685
-0.4005315327558173
-0.40324297810052273
-0.400783685491548
-0.39772406200549903
-0.3935755206312912
-0.38485615040877963
-0.37821820513800947
-0.374909559942439
-0.3807929682173621
-0.38749542826485295
-0.39541200719445435
-0.3983872801136423
-0.4009279149192142
-0.40102499036164657
-0.40197434799345266
-0.4035895201778186
-0.4125249256154609
-0.41682220772271755
-0.420419168616276
-0.4268502012959321
-0.4289477058857617
-0.4294616188039923
-0.43246416474726845
-0.4359699764886051
-0.4371319805285744
-0.4439967843601256
-0.4523755035863175
-0.4607913720433246
-0.468879342316708
-0.476816381454519
-0.4921904442460398
-0.5023568189412704
-0.5127185869382145
-0.5221994838588551
-0.5197120553932486
-0.5181526430256223
-0.515780217623392
-0.5198681838111505
-0.5197684839919254
-0.5103308831625724
-0.5011092968180335
-0.4939757102586277
-0.4809818035186025
-0.4665408899530553
-0.4540451287703648
-0.44131555949902973
-0.4280269397223221
-0.40865401967921794
-0.39311942891916796
-0.3737796619884361
-0.353849713041391
-0.33101190459989216
-0.307828427052766
-0.2899698686708394
-0.2771198289445586
-0.2625164011055091
-0.25001689277317546
-0.24785953552598186
-0.2449441392927659
-0.2386863394068962
-0.22837261152590388
-0.2186323360232492
-0.20955992843213
-0.2032997995016595
-0.19284079167995047
-0.17868455380846254
-0.17128871277077645
-0.16654565969023472
-0.16341488003661844
-0.16227618013684422
-0.16334068328680018
-0.16796747819213695
-0.1795949811309693
-0.19042041474740745
-0.20983541498209987
-0.22950583030574798
-0.24598442466889728
-0.2602744082536757
-0.2624569868667051
-0.2605377896141423
-0.26027204570357243
-0.2548905163595868
-0.2503793381125736
-0.24311589380579038
-0.23534238684959333
-0.23134676657686873
-0.2279760828121596
-0.2271342632739435
-0.22380176506853836
-0.21861262670924436
-0.21910249739625262
-0.2274654697228673
-0.23627487204521588
-0.2470378365294038
-0.24858714084836545
-0.2519954807416313
-0.24661659969576558
-0.24559944842275439
-0.247636934808047
-0.24710071228447522
-0.251381820317571
-0.24778320421661873
-0.24119864013540723
-0.2308143928805354
-0.2180209386985259
-0.20495271699226936
-0.19645592611893956
-0.19649673120625785
-0.19787457848544387
-0.20054350816515953
-0.20508349627700198
-0.217875479879894
-0.22419946607413013
-0.23157730226603246
-0.24461373408508574
-0.2518597541822466
-0.24702669460463553
-0.23518191075502198
-0.2302004456847466
-0.22942442395935395
-0.2267806617056779
-0.217846827689227
-0.20348185349234607
-0.1886265128356852
-0.17538672619490883
-0.15921659431340376
-0.14508236139302846
-0.12107187447075304
-0.10376859654829484
-0.08838211608874258
-0.07361602640695475
-0.06208547765666028
-0.05464406850227489
-0.046039459921099535
-0.04012573290527985
-0.03408759262098715
-0.03343105209737714
-0.03324547081943734
-0.030878482203756087
-0.03360169975036556
-0.0317574419255311
-0.030239047798369934
-0.03293201575352391
-0.03964219872137638
-0.04775896746606537
-0.060556340317331155
-0.06154966648685048
-0.06484716600318792
-0.07082692582261625
-0.07771708019045784
-0.09044751307612718
-0.1076198795946409
-0.12455406838135631
-0.13716456608795577
-0.1520701582889632
-0.1697307019354493
-0.17704490604862907
-0.18979024367991962
-0.2048265361480877
-0.2176508336669277
-0.23237276852076594
-0.25156928043039395
-0.26755749332728074
-0.27430997485702685
-0.29059692467808945
-0.30352359836026016
-0.32630819039534403
-0.34718504937945893
-0.3724401651986788
-0.39343185939530356
-0.412482749532316
-0.43677124286384944
-0.4581226401385262
-0.4805841691201359
-0.4992998869748532
-0.5100400879428616
-0.5130896134235486
-0.5159731355357219
-0.5177874018420713
-0.5217025491739479
-0.5280056592733217
-0.5361815264075009
-0.5401314599476709
-0.5521582064848951
-0.5634911251131317
-0.575228930016585
-0.5898307816971687
-0.6106321173259558
-0.6286169347656628
-0.6489579779278609
-0.6738375439202655
-0.6954273209174264
-0.7155863176379903
-0.7380494173582647
-0.7548350771878387
-0.7680370149776893
-0.7774823008885511
-0.7840533209080435
-0.781649129036869
-0.7739175005377061
-0.767169310900561
-0.7679516932401848
-0.7741831144648621
-0.7794426110542736
-0.7870800091135193
-0.7879174662419666
-0.7859052747049065
-0.7829397260755385
-0.783091471890743
-0.7862396642682958
-0.7890629367330094
-0.7960885981718944
-0.8032530664206142
-0.7993082320915018
-0.8018527955470358
-0.8059415798721454
-0.8168888992619009
-0.8270169117017732
-0.8362340681143193
-0.8437346673357589
-0.8497437132960478
-0.8530509902762543
-0.8584654257596815
-0.861431766181405
-0.860643662559029
-0.8630923997227372
-0.8692267609553954
-0.8833397067148661
-0.8927064555027822
-0.8979722932944559
-0.9006255411983168
-0.9070213984244636
-0.9160748451052412
-0.9162572407172744
-0.9177698136456276
-0.92056858491735
-0.9181008413831309
-0.9099559478266187
-0.8940579910436415
-0.8792123890881245
-0.8634597493567218
-0.8501739692103887
-0.835077729325016
-0.8164426854911127
-0.7986989133388303
-0.779968490531573
-0.7705507643196547
-0.7593318822727129
-0.7505156347798103
-0.7429331991469538
-0.7342429869925813
-0.7236921464589889
-0.7098406199991897
-0.6897933266604326
-0.6696455834312409
-0.6524538680403787
-0.6435087463427409
-0.6380164703710935
-0.6328881236845851
-0.6337895621777986
-0.6383687519049577
-0.6384141123229282
-0.6366097515899992
-0.6461963604863198
-0.652436344420383
-0.6499477828150951
-0.6525302408344514
-0.6570019075583236
-0.668965855112448
-0.6785814548212038
-0.685201923563152
-0.6890877024450633
-0.6883857508481028
-0.6954599469293413
-0.6995125961232522
-0.7039257940518919
-0.7037739479540196
-0.7031314562087533
-0.7076849112785161
-0.7198441960155193
-0.732130819320761
-0.7426041563404594
-0.7530084999420684
-0.760680975235804
-0.7697139020367344
-0.7788882306328372
-0.7869116716283759
-0.7954358012859893
-0.8050927225073005
-0.8146894421450747
-0.8239178349312806
-0.8335161514548358
-0.8430359605780113
-0.8529920770185152
-0.8610803826658113
-0.8711118276776725
-0.8853153074969169
-0.9019623612381835
-0.9140717036483383
-0.9228127839665352
-0.9258465172586113
-0.9251938895449783
-0.9215932485081505
-0.9191654234258535
-0.920437619559196
-0.9262572549452915
-0.9315924955192559
-0.933136525419489
-0.927856216117759
-0.9271101917501563
-0.9284672712774262
-0.933197853285755
-0.9352056410499638
-0.9352504867405332
-0.9337072744699464
-0.9359843794276175
-0.9529574855681817
-0.9733634583583968
-0.9926573617510696
-1.0112180692590749
-1.026034607186704
-1.0419277829228388
-1.056342853116511
-1.0674812909238287
-1.067238922022382
-1.06881256041003
-1.074165320329043
-1.0768265188739836
-1.0827679013764573
-1.083392051472387
-1.0875173248261145
-1.0874256875929373
-1.0838476322471011
-1.0824762569355078
-1.0796200135935419
-1.0734864931961183
-1.0655481639610223
-1.0618876715396124
-1.0616970003765747
-1.0636874211759524
-1.06251167769028
-1.0543726817824677
-1.0462464136566363
-1.036891755529788
-1.0310073683693919
-1.0231634821213333
-1.017076380935336
-1.0073355185015906
-0.9932122725156484
-0.9763083365275292
-0.9564948850435174
-0.9505684060967738
-0.9514833653112394
-0.9608129814317812
-0.9698917646798694
-0.9814281083335276
-0.9884643827058511
-0.9935062516257626
-0.9980640345382628
-1.0041741901035959
-1.0086304527949934
-1.0054754906544845
-1.00696427061427
-1.0059843023519528
-1.009700718280769
-1.005956026679643
-0.9973759924101739
-0.9899720777034223
-0.9825592206055463
-0.9757635047253346
-0.9684267870249913
-0.9622008307104558
-0.9546719881300932
-0.9468709927535939
-0.9378322693896071
-0.9250761483797993
-0.9153601190515611
-0.9035603600033253
-0.8941050173633256
-0.8801574316134554
-0.8735253959951812
-0.8690761250918518
-0.8605824077073685
-0.8572885688296641
-0.8643654049333204
-0.8705345015808948
-0.8653683402917622
-0.8693575059168163
-0.8716007838399737
-0.8784118752740975
-0.8886975156172503
-0.9009116880758039
-0.9139248022240427
-0.9216969176089047
-0.9394560101041816
-0.9620618682992718
-0.9852869947171318
-1.0071549806213695
-1.0289449594271367
-1.0389035892084446
-1.0354344806569398
-1.0320687391600831
-1.025511465505758
-1.0167332541828804
-1.006432575593374
-0.9911260098791611
-0.9697156390635994
-0.9473494157742268
-0.9228430202870773
-0.891698929748523
-0.8637603287216751
-0.8431527240391444
-0.823415467680231
-0.8054834767321319
-0.7874572666683634
-0.7762389134580785
-0.7654659311883231
-0.7615024446777784
-0.7591293561568679
-0.7631399185463004
-0.7688884652079918
-0.7782650484411543
-0.7858983602276294
-0.7871697492252738
-0.7820619745797145
-0.7708180708974112
-0.7613567843048515
-0.7562320623281583
-0.7507476389027348
-0.7477575191104848
-0.7444730024260163
-0.7395566478773647
-0.7405778026215032
-0.7330126701415115
-0.7204078064938966
-0.7175179702717133
-0.71589152467951
-0.7109855202782084
-0.7051864307400626
-0.6964235311038264
-0.6899485978707526
-0.6889088331546013
-0.6846508747710089
-0.6826957872596182
-0.683330393944844
-0.6772175876729564
-0.6739341632321401
-0.6753812303391069
-0.670799933324737
-0.6729558857541831
-0.6802484557361917
-0.6846688913386574
-0.6825857242926727
-0.6812308233466391
-0.6757669379203246
-0.6785355291689938
-0.6720788359506253
-0.6772235407775541
-0.681955011778675
-0.6883370171835587
-0.6924807687973936
-0.6944135618307566
-0.6916794021411915
-0.6888953086989037
-0.6872122372504094
-0.6858298211250007
-0.6870630982729086
-0.6911430491126689
-0.7004566781001228
-0.7045614942135875
-0.7030280119222031
-0.7027395739099349
-0.6949151373440643
-0.6947504368631742
-0.6891414047383141
-0.6830787190231618
-0.6809670865574139
-0.6762209084350985
-0.6705183296095756
-0.669523280291649
-0.6740268721824829
-0.6813092838823769
-0.6834267464434555
-0.683250352138922
-0.686533891450357
-0.6847275960473999
-0.6770990767122957
-0.6553427331270574
-0.6329104646297853
-0.6076257521825543
-0.5854826313215988
-0.5667353288886005
-0.5571577555481284
-0.5513861092469905
-0.5512326652071332
-0.5540605073260672
-0.5592168706309187
-0.5675197709400105
-0.5705855205196159
-0.5692432324401073
-0.5680008031492375
-0.5668723765180255
-0.569159022911062
-0.5684943085467754
-0.5681467901354985
-0.5734490489997993
-0.5799854591891495
-0.5845185105832238
-0.5841154999629207
-0.5840715657927754
-0.580456845754468
-0.5726161164793627
-0.5639208534201473
-0.5590931305387994
-0.5490731556690646
-0.5477624084452152
-0.5495366006163133
-0.5561084686364466
-0.5649986726276033
-0.5756652516339956
-0.5754690319252983
-0.57579443053032
-0.5751847826289773
-0.5767097546031995
-0.5781946305372718
-0.5768674930055228
-0.5743604568108546
-0.5698144178633053
-0.5710605729585077
-0.5661376437736099
-0.5545155728943183
-0.537908130487461
-0.5323700691157344
-0.525016964829146
-0.5161508306054923
-0.5084097316895165
-0.506438194198157
-0.5094334663946173
-0.5211748581610509
-0.5330249100418248
-0.546480911943888
-0.5506104843911055
-0.5509863494338065
-0.5521947824686939
-0.5544233374057362
-0.5556766396257796
-0.5636323734051012
-0.5723984700607552
-0.5824599190105733
-0.5880212139232472
-0.5942177510651333
-0.5978559093812359
-0.609264513249232
-0.6148235867702379
-0.6195767075511831
-0.6207932223758843
-0.6208345132936104
-0.6119966227180481
-0.6011839683473752
-0.5971926021830826
-0.5975529472305534
-0.5909223327910016
-0.5865644953737493
-0.5815523185051367
-0.5758027164390337
-0.5768173243024776
-0.57593761862128
-0.5762003229572221
-0.5785388779013517
-0.5873366969814449
-0.6042777338599045
-0.6194355348251078
-0.6252582397069006
-0.624105966534004
-0.6156310172296198
-0.6178634247135273
-0.6173561750781856
-0.6191608880158992
-0.6262695284513757
-0.6315147639470243
-0.6388918647956059
-0.6395732576650751
-0.6426185387798943
-0.6487467094721969
-0.658647462208501
-0.6659901757831863
-0.676317422905263
-0.6780852983114952
-0.6844638660916613
-0.6885650033106488
-0.694252132159593
-0.6969199834057722
-0.6948847433929372
-0.6939032423694067
-0.6820232627638774
-0.6713908454814571
-0.6592843504370091
-0.6480787434457649
-0.6482208834309396
-0.6478476798841967
-0.6524459435263735
-0.6584219988338252
-0.6653817846556948
-0.6774466770107411
-0.6847336186809914
-0.6955143536959215
-0.7146432131588648
-0.7318639726498755
-0.7487065229053221
-0.7590438228305454
-0.761505605243734
-0.7642727127265775
-0.7659161397038287
-0.7690842185736186
-0.767644454561722
-0.7674636114620098
-0.763265223026711
-0.7607602452359813
-0.7533432006734899
-0.7473192899193632
-0.7424948240821986
-0.7354315757679608
-0.7267008247970845
-0.7188047132151274
-0.7096033102933712
-0.7018925325521775
-0.6875244068197084
-0.6718381727702338
-0.6555552530444284
-0.6403880651322212
-0.6257891054346999
-0.615715452824318
-0.6049168517435524
-0.594855398479622
-0.5796143486148313
-0.5646984421427943
-0.5518135730822723
-0.5461495002729694
-0.5421176238576358
-0.5325273152814164
-0.5200239764048493
-0.5079782830207631
-0.4895839382836745
-0.47074623717756514
-0.4521710067365457
-0.43149794154054294
-0.41817128032757445
-0.41184375847647625
-0.4031671064194844
-0.3952111923839662
-0.38225927263191684
-0.36893923032714415
-0.35815956735749144
-0.34858507720795423
-0.33697813471059695
-0.3257334833935107
-0.3144963705989615
-0.30257746023543175
-0.2890087469769607
-0.27562525109329933
-0.26069227399814365
-0.24653257698621636
-0.23830883233770742
-0.23150229836282557
-0.22573479109093603
-0.22710228755190262
-0.22328321631736553
-0.21487058553714086
-0.2076269326411348
-0.20021697617712678
-0.19585160712106262
-0.18038717256005574
-0.16317036097736115
-0.14861887268934842
-0.1370493685327343
-0.12546268525262647
-0.11336864332851673
-0.10384551546328866
-0.09227169713470093
-0.08435715640438576
-0.08569595954477664
-0.08768152403352028
-0.08736698241233867
-0.07925759239944577
-0.0786395343441882
-0.07654448396267696
-0.07529941563435523
-0.06811929051548132
-0.06252113683074957
-0.06006654928669208
-0.05767902810968378
-0.054874695725505594
-0.05160168392218639
-0.04988767590870293
-0.04393418375858785
-0.039378341796797854
-0.037338502672294806
-0.03429305598039214
-0.028760461295833463
-0.020868922644479416
-0.017241353278722733
-0.01872367116732093
-0.020062137130854425
-0.019449484334315776
-0.020030471889635117
-0.023778343542413895
-0.017824953950678672
-0.012905048138990662
-0.011351961906536291
-0.01419602072149978
-0.01717083006909642
-0.020162665168925252
-0.026676709693421046
-0.030231992167700898
-0.040666523092183944
-0.053305023811130364
-0.06541623733960282
-0.08146229223943607
-0.08748051013645637
-0.09156720975828153
-0.10126453014095896
-0.10794720388947042
-0.10338106302633338
-0.09920531162914706
-0.09717258520356922
-0.09420239024314737
-0.09708271808792249
-0.09802543355355398
-0.10029054650644519
-0.10029239245000042
-0.10302375120590687
-0.10728430148559129
-0.10926617799199198
-0.11261403637693583
-0.10367995285579447
-0.0970780959330445
-0.08535395461425169
-0.07346835145824375
-0.06418148166012078
-0.05325297764097993
-0.04513379257565922
-0.04626381865150292
-0.051074018367972186
-0.054089348166922804
-0.04355542136087026
-0.03150295701159349
-0.01987006057380856
-0.004055288439164261
0.007306415188303595
0.01366661319010067
0.021468452345519615
0.037534053954617105
0.05577118596672484
0.0721851706833039
0.08259264976069605
0.09674346000497078
0.11440659346812895
0.1372224470105295
0.16614393176493514
0.19980407689910526
0.2340467760863767
0.26671178050841593
0.30392627629362373
0.3343830295232264
0.3648017476444125
0.38721451233662707
0.40635326841595665
0.42221344739239325
0.44353380772155543
0.4570099549030145
0.469177068068961
0.4775107155108873
0.4866750479244204
0.4951393779858243
0.5029618190870344
0.5093702997139004
0.516079088556267
0.5204669719467923
0.5208399634939679
0.5254447215054868
0.5295353929831544
0.5334126397885839
0.5360925918987334
0.5374978915721047
0.5416087984231247
0.5359585865451297
0.5376065924900364
0.5472964965668624
0.5550701097277595
0.5649778023092077
0.5827619738496072
0.5990937716480397
0.6155891482277526
0.6290816539118176
0.6438430782552709
0.6524119707591145
0.6612265933718013
0.6661438312420358
0.6665878380646323
0.6701367980178412
0.6656671190736335
0.6623743220919459
0.6626943878732146
0.6715015396999604
0.6725392343494602
0.6796111285544584
0.6824480335917085
0.6902672368291225
0.694702300883406
0.702494713207596
0.7066660144784159
0.7057332561169603
0.7036050965922522
0.6953937069304127
0.6854339647061359
0.6811847128922119
0.6813977223835502
0.6821716911664688
0.6841406511868614
0.67972585372278
0.6693341575368614
0.6620506775935272
0.652177732078959
0.6222949333593419
0.5973588068183462
0.568648587042028
0.5402171580647677
0.5206318726095366
0.5009875085092365
0.49122587637416004
0.4828336088571621
0.47879841793741357
0.4748676342890511
0.4742911667259212
0.4737967091916813
0.4672933006683268
0.4625981418987161
0.4494095263976846
0.42700032338871424
0.4067005795604169
0.3888840279286131
0.3731969300158826
0.35843958775433143
0.34561422194388663
0.3338173261414017
0.3212964852178228
0.30691063884912095
0.29593045547172175
0.2876210893742716
0.2838155334903069
0.2839999238804836
0.2811078838488678
0.276283748665673
0.2735388551281577
0.26848297960402256
0.26031352888377834
0.2541987693611062
0.2435182338542098
0.2352336005813691
0.23315306091521454
0.23049466561599713
0.216578030840851
0.20407733374236123
0.19773910603343214
0.18592145153916947
0.17338369069589743
0.15928962548311365
0.14772315966381083
0.13605327362815584
0.1311338392265737
0.12364516416034486
0.11810918850303824
0.11770365528475585
0.12373015427306998
0.12962523626749878
0.13944508846133047
0.15142671797744836
0.16997842543711328
0.18502626726366656
0.20511519319337002
0.21463824886311478
0.217067276084408
0.21693399751478723
0.2214390869606597
0.2269739059641487
0.24179595878010987
0.25364100680960644
0.2627657722950752
0.2729515317246259
0.27767474810972576
0.28589124756845924
0.2888394231473681
0.28835028247969186
0.2784147966459625
0.267000466266351
0.2653527860267839
0.25703819539876016
0.24611614144873875
0.2396218853846001
0.22326877024614797
0.21349896992165304
0.19471115538110847
0.18509154227463692
0.18276255668474262
0.18258743631844984
0.17699196797873268
0.17103454384640812
0.1612877086987585
0.15827164173683625
0.15559974741890578
0.14620998356957143
0.1404111382855754
0.13226448162776266
0.1288980260043499
0.1339121257860421
0.1439716920429186
0.15217923759762825
0.16161517941902181
0.17106956136672075
0.1820013855366223
0.18837991261756382
0.18498845601083755
0.18294136451644966
0.18039420250705654
0.17566088125811943
0.17276189173567924
0.1747476973434917
0.1773242700797953
0.18611799044752872
0.19098748264553478
0.19602338925231705
0.20244541984472048
0.20729832881088667
0.21034597295245436
0.2147567337521969
0.22459852009187037
0.23720826311662807
0.2541513414037455
0.2697782604324078
0.2727797368092766
0.2670809604632417
0.26297952946916026
0.25838016236126615
0.24814981921291632
0.23847534822815392
0.23009147015731832
0.22433659307757067
0.21481891387160887
0.20750197582764265
0.19782990780083717
0.18547826170542592
0.17595929450057546
0.1658067033323585
0.15732243558318754
0.1507620040560302
0.1525755070981846
0.1552632420699975
0.15439437332613207
0.15057623856669614
0.14274622799676845
0.14178851777851884
0.14267355230688683
0.14440978621913342
0.14755597293696057
0.14399958839477228
0.1383345010936997
0.1320444077699335
0.12729050877953435
0.12169625624185434
0.11807971519177411
0.11388925982976353
0.12241347727044097
0.13510151488034966
0.14899243618249738
0.16182785664658259
0.16890222332000351
0.1695642799993427
0.1665132963929241
0.16936242325486933
0.17115262646610271
0.1748393673565225
0.17373811164899858
0.177918689085892
0.1829578160378406
0.1806109311585831
0.17960083643473188
0.17686658695307883
0.17114481533596304
0.1625981645140903
0.15836285818521856
0.1657084299431809
0.16890124625038339
0.1681690063314269
0.1666161288384092
0.160869414423928
0.16015740296306372
0.15085440074150072
0.15277978913709678
0.15259956975836184
0.1460881501690095
0.14461632167870098
0.1456943963954434
0.1394141874442338
0.144846243916541
0.15665583355126897
0.16587970197420351
0.17373794139706775
0.17854228966706545
0.18405196062479257
0.18715316300452653
0.1880215660952135
0.1858558565267627
0.18538455434839876
0.18174178924363818
0.1799790640919586
0.18362094291198333
0.1871317476510696
0.18884003483222253
0.1938968311066564
0.19457625398390407
0.19872143134039572
0.19963848287979827
0.20173708090910192
0.19751262672670222
0.1973371157485257
0.2063699730588141
0.21331210097037592
0.21729089698901558
0.22178268206030483
0.22110243865350163
0.22102148046745196
0.227822643954345
0.23656157347990736
0.24519065815936403
0.24929805479500738
0.2508989817998768
0.2435717315486755
0.24408508732583833
0.24567225917892468
0.24682614132201836
0.2480280656786254
0.24460167870982344
0.23469712634702505
0.22411756472285066
0.2173017147625633
0.2087159209231111
0.2032616937024671
0.19255273422747649
0.18266182999470834
0.17678916437111736
0.16825769827011874
0.15597824312413325
0.13970140631185135
0.12696583682684803
0.11722685828723872
0.11382423906531389
0.11495530054766365
0.1128183094414859
0.10958025576444926
0.10939112234154919
0.10813472040707625
0.10465504734165233
0.10354482494231276
0.10252671240538226
0.10001771800784036
0.09594135930311001
0.09207508335418972
0.09151170780136142
0.08805140478219396
0.08129293095886418
0.07639222949326527
0.06846101170115086
0.056586771827479065
0.03967975530433587
0.02750896739864099
0.016084042458755894
0.0057165735190930905
0.0004273953132854884
-0.0012913153059501677
0.003094953601606597
0.002082896336887748
0.002461906209150975
0.00736677085852542
0.015165028127817039
0.01691124016700854
0.016790823455096922
0.028515979310473047
0.04109370333566883
0.04857291992274708
0.04823983385382679
0.045664378642242716
0.049717586838970276
0.058339760655195194
0.06957654311070818
0.07393938199173641
0.08542205486535354
0.09042084013701109
0.0982444549314023
0.09919345012670694
0.10162473702687054
0.10814783671535624
0.10933486833480614
0.1108233166231344
0.10948556257709093
0.10280391903580129
0.09711347478972088
0.09422520603519055
0.08550456143703247
0.0749404390880173
0.06856293247201889
0.06004069957661497
0.04925608679024282
0.03404286629984487
0.0261401490568378
0.019119565287023927
0.013544314086859901
0.00861306941392149
0.0069761359293781765
0.0074844569067841656
0.007413608971501513
0.010479584839176529
0.02367290725996682
0.04363703167217274
0.0552008985129767
0.061621394697449657
0.06924297859763802
0.07007336055607527
0.06896214499827133
0.07232209696473069
0.07870617025788901
0.08738239603617354
0.08874524310896473
0.08696378073751108
0.08353618213521018
0.07507003033936192
0.06610528600548737
0.05650356708321489
0.053808310786016125
0.05176544820576369
0.04235457247830275
0.03742927624671933
0.029718781347899282
0.027997219945903547
0.03244093815947252
0.03378353745491948
0.03429535401817165
0.0366323046028924
0.04388887755733762
0.05242230537024463
0.0673491718851785
0.07490714662100767
0.08545153547054493
0.09284850976781538
0.10503237597239988
0.11467654028120222
0.12147394786645331
0.12245694371396598
0.1266856165920063
0.12869063462720443
0.1325756083361764
0.13922262621165798
0.14502420666840657
0.14503224572619158
0.14043986868557706
0.13674006203395514
0.12991214238266546
0.12166347531037809
0.11940279167853603
0.12389913337207392
0.12472637735978463
0.12322364122489048
0.120671945312903
0.11955720538198424
0.11453121157386414
0.10533365693987215
0.09762961430918433
0.09431450808849404
0.09438023565750843
0.08559392813884145
0.08720975490413846
0.09603271751308776
0.10095723314284322
0.09102674114466319
0.0883439928448987
0.08421053460837613
0.07828492819477155
0.06715677067077232
0.05371124588784354
0.044593130698743405
0.03762944301524521
0.03484260968036196
0.027740815412978855
0.01948930008218777
0.014404790164697794
0.012058367091311408
0.0036229526298114986
-0.006020115306749349
-0.012921794993388325
-0.02086888782113773
-0.03159268427500746
-0.03604398556820027
-0.03922506366584239
-0.04105866529315577
-0.03314876965204837
-0.02832590138967086
-0.019953971219174554
-0.011020523362966609
-0.0015867076478872765
0.008597621274274847
0.020784723248768063
0.033691297463655234
0.045118880678495094
0.05710129537209328
0.06917238642868097
0.08377955821664353
0.10264030979345962
0.11520910369435763
0.1238739357913221
0.13384608307032886
0.14588398038442532
0.15017203640469534
0.1560771555525589
0.1640601889969945
0.166115994447939
0.16504030213762758
0.16017237135403578
0.15028521978072426
0.13804371952215935
0.13244203758414502
0.12654132622769734
0.12097389577714276
0.11412864380763209
0.10013639943053187
0.09040795173070375
0.082738292096267
0.0783680904413338
0.08129251869381011
0.07721052123181936
0.07799394398743235
0.08393632378173499
0.09453683594052595
0.10300851629074743
0.11211063614360967
0.1212543316437203
0.13018998315099972
0.13712693680799712
0.15011748277173306
0.16975824168281728
0.1856569346255189
0.19828277094420635
0.21496737584452577
0.2290795666673314
0.24309058319665297
0.2480385235511202
0.2552148978570293
0.2667531413497328
0.27093632273195034
0.279784562673021
0.28993679380655285
0.29919051506619754
0.31150783842350255
0.31833794014436617
0.31934542581958825
0.32302306781225054
0.3314109602600239
0.34162294202920584
0.3572610830400887
0.3693849367156608
0.3774733515654808
0.3733480379380182
0.3581750103393217
0.3391981135419678
