0.0
0.0
-0.029081101686823166
-0.027486313058649778
0.12031987452562966
0.12796786131704893
0.1199138148875721
-0.04141542641879278
-0.1777352601967479
-0.17908653075983436
-0.20548811915257356
-0.22366934799628194
-0.4047604531213287
-0.5370361275224881
-0.6026702677286332
-0.5752996862781337
-0.4852696760402099
-0.475251207255429
-0.5170291029170101
-0.6568052179090732
-0.789200739809583
-0.8987029161214974
-1.1308994551791802
-1.3718518811762745
-1.7139941497517994
-2.045121249227349
-2.4078130154330832
-2.8063765536331045
-3.1691888917419346
-3.419429296227562
-3.5213733987422433
-3.467257768493137
-3.4584926436133454
-3.2304203474244297
-3.0592466009910524
-2.95337084393723
-2.8384472409669197
-2.605913528693179
-2.4411226931269217
-2.131419990741092
-2.025830305736772
-1.8339058847250524
-1.7690572210245648
-1.6705808067842982
-1.5703319837570067
-1.5733293940639623
-1.527883560050275
-1.5847527021060008
-1.5621626351525126
-1.4554257423195318
-1.4056655090644012
-1.4710143968388343
-1.2358632882929217
-1.0043648977701372
-0.8333620915343276
-0.6728633791838379
-0.5481106401575845
-0.17019189028735004
0.23600667877692277
0.4693179236774604
0.767791006007308
1.164927381095821
1.474865050965474
1.9198541757056165
2.317964620281238
2.52193992701253
2.724832514124457
2.7214660230047842
2.675049616267025
2.5929025581667644
2.5699700664313707
2.592496795285023
2.6761383371380867
2.899045062361602
2.9691984556679807
2.8901931322929433
2.782464567756604
2.7427273884293335
2.5800104534827457
2.3798443988277778
2.1887486521545263
1.892925417421225
1.6478567569474942
1.6966410741120312
1.7719771489815894
1.8589537102928007
1.8008689704685952
1.8012489766621236
1.793365148201729
1.7644040091623319
1.5809731322778078
1.4626630248871657
1.3703667416290528
1.4077739395411073
1.5113912306501347
1.7195962746228437
1.809781017670509
1.9088015853923836
2.06280703209375
2.1710057307065913
2.2768862470690636
2.414063618766119
2.525497963678611
2.5891979262423375
2.5973459579434723
2.718934667626147
2.657728393079082
2.5202640557566265
2.3422369587699694
2.055170404270191
1.757026409703834
1.4304180882845619
1.0928351982142215
0.7249788905631629
0.6016712806094671
0.3914257275272214
0.1768340690644084
0.0037667593911708264
-0.15433004766363873
-0.32920302847281424
-0.4539597608454729
-0.49254871899750396
-0.7283174248674313
-1.0277633526801324
-1.1950371398475763
-1.2926208189468216
-1.3032831279379609
-1.1431542268693244
-0.7903268583174241
-0.4073236129380566
-0.0519183381896095
0.4968110777727009
0.9836658928062749
1.4051653974758702
1.7581235207679162
2.0524755837024515
2.2518453810346983
2.440105216396088
2.5484143331233513
2.6253284914159316
2.698080885207073
2.7491034302823087
2.821478822472905
2.772582671701291
2.654228860413205
2.6123892476782995
2.5840884750384903
2.599855416084622
2.6566738230067726
2.649700123662891
2.518330962343368
2.4416082546082825
2.3558942100985636
2.236208265980567
2.1487788653710997
2.029483288863683
1.9151308346721718
1.8590983737621964
1.6310109723548205
1.4284255271245978
1.189886416727214
1.0383092724674656
0.83928744789123
0.7123448396295555
0.7243811327819935
0.5721599721207704
0.23513701531522613
0.03645290787860889
-0.2192589557784047
-0.42840680541718923
-0.6677085987415112
-0.7322983315533298
-0.7641347750002662
-0.8158615116521738
-0.8487757247086476
-0.9675830667050243
-0.9215218630036226
-0.7737433794896722
-0.708729585085183
-0.6619644330557614
-0.676940225287938
-0.6631520445695217
-0.7158690501857772
-0.7251555746575373
-0.6941907184555084
-0.7369650323911469
-0.7203446046578951
-0.7069452331169864
-0.648806924174059
-0.4977712835423191
-0.31871316196599275
-0.20813341757721798
-0.20640269852398127
-0.1889536459550149
-0.2273739055166762
-0.260280605575331
-0.2599988664947569
-0.3996491864014319
-0.333403163210121
-0.23523282419431712
-0.36009098367807657
-0.5802040738024952
-0.6023555127612173
-0.6936965518674558
-0.8254369035776241
-0.9523304805551782
-0.9561950398859804
-1.0229852549526273
-0.9816854558453538
-1.088242302599113
-1.1455107981175237
-1.209645761523552
-1.2089427694126134
-1.209479719211935
-1.1539264793621253
-0.9688366339597468
-0.7627135530111845
-0.6755321869706596
-0.6116954222551291
-0.6031904244903044
-0.39692598904209486
-0.31917217569905965
-0.2889006304269117
-0.16899688365043328
0.03893553068661479
0.19597598718202927
0.46998606631426454
0.6600340319167749
0.7491004903248022
0.9067853748582224
1.1211400238762352
1.3240534866010536
1.549615494388469
1.754767867361095
1.867223926237488
2.120767431537744
2.3796058652247325
2.594631077945218
2.8378051090288214
2.9908620240843042
3.1506892748812034
3.4077349253698612
3.6469667373129764
3.7997023805123877
3.6742094559323926
3.5461428193626405
3.4642325065121136
3.5803488958762735
3.556331699029967
3.348223698446344
3.10970898987911
2.8808817926749777
2.8776281482599098
2.811024210300664
2.7088221386422573
2.6268703444352277
2.6943777301591845
2.7548131531844273
2.690919211320721
2.527554434157738
2.4848420900607593
2.4040572866431997
2.262623734416487
2.190231429848045
2.026052746723587
1.8422775221082328
1.6308169057399633
1.3598007280023232
1.0315495932818752
0.7067103205775833
0.47560024501265696
0.48000514386541066
0.571075090484593
0.5542518878570055
0.6743337241304103
0.7040290594774236
0.6720366899115199
0.463381283211224
0.30335943487265205
0.10429552849128268
-0.2017976972655727
-0.37613503706867263
-0.3836161324862491
-0.5027653120676505
-0.632505626523561
-0.7542903705892352
-0.9705010213015098
-1.096080846896536
-1.2459909802522353
-1.3944841383939814
-1.5019909352981775
-1.5302899230917564
-1.717488918169067
-1.9206288328502084
-2.1690399857618177
-2.3159415647815207
-2.4358247295801085
-2.6247521364562933
-2.773609373451583
-2.8305335633199933
-2.7153158148577257
-2.4461320173887695
-2.271603899718332
-2.0720594303581965
-1.8225285578168156
-1.7365157595459035
-1.6793964814544284
-1.6757982734563914
-1.6385062683317164
-1.5790770899230449
-1.4847562359815516
-1.2996913519136009
-1.2650219938748344
-1.1308070944697541
-0.8920391640491727
-0.7635569183028809
-0.6059147441986033
-0.34743700373788594
-0.2793909044481208
-0.17431257034477018
-0.12509911356829734
-0.13634202969144313
-0.13532018333086732
-0.1718262945613661
-0.10366982783626733
-0.14033750707298592
-0.20925012329280337
-0.21501197308462816
-0.2052093332229003
-0.07563393419904185
0.11468819653223217
0.2780444663095843
0.4831603581422393
0.5223062694210681
0.6331948097851322
0.6206564045297708
0.5548542154091542
0.6215613827396778
0.7739681709913001
0.9929877126773639
1.3475407760877554
1.6581665232751792
1.9111462401654604
2.103828655350594
2.195465923339211
2.211308994360463
2.207381173143702
2.2894303308272272
2.3878148926009084
2.53117434414767
2.6611421086653895
2.870465555471161
3.0710418957474253
3.142834542051673
3.121767658890497
3.2423565841353397
3.421494059554621
3.4857887771403533
3.470915038010388
3.402218648148744
3.3514892756184107
3.3519124798432953
3.3866425050234334
3.335605788273946
3.273482367062559
3.1460188641007227
2.9905421533821426
2.787713433904522
2.5213335556894982
2.295699322589203
2.168290029032274
1.8735928239924873
1.757564404218357
1.5856593448540257
1.457458589387928
1.3272827521526578
1.123600267522098
0.9935381946696387
0.8119989181737759
0.59705571939411
0.3156713154206745
0.13495166312866763
-0.05934366855493817
-0.3483490694990164
-0.5787568808861133
-0.709280100294756
-0.7615300986574219
-0.779577826686233
-0.7779716756651602
-0.698959766521035
-0.665508532930592
-0.6245106354063307
-0.6970991874107431
-0.5247619118645868
-0.34121113009270976
-0.38584315603696867
-0.408405629775397
-0.34465869481361733
-0.09224376721850763
0.012795490237311677
0.17561564053705775
0.3815262566022398
0.5047436922832199
0.6130183965036841
0.7910507918599126
0.9410641190591978
1.0608695856957326
1.135717380060937
1.0499113753722304
0.8221782976058993
0.6316138740289573
0.5209510784774704
0.5054972669360444
0.5411775622701265
0.5758920506360421
0.6144980348544633
0.7424916775595901
1.0175023280867665
1.495103175059839
1.915094798795967
2.1725243868515225
2.3060186295022156
2.3284757945600774
2.3862027292194163
2.3745315354495986
2.273831912982647
2.1372130980083144
1.8648852263436457
1.6763891200373617
1.4730280331243457
1.142842829640044
0.8988448386238763
0.653870413078015
0.5418755793140775
0.3274143568824639
-0.015053136285247903
-0.24933274817309709
-0.4807640277778318
-0.7001780762556905
-0.7934423059671317
-0.7363768797210736
-0.6314864438755939
-0.5241442320370817
-0.3409200641143024
-0.12893329980516083
0.05140288324104175
0.10768579607876204
0.18943716366677293
0.35603925896257876
0.4565938669053915
0.4717121661485898
0.4350037808242517
0.35035478819978483
0.3177378885514341
0.34456944447604343
0.4915484000652738
0.539391694307002
0.5047636314702834
0.43827036904184297
0.32669350367534955
0.27438078972853847
0.1130953707314786
-0.014667540482999758
-0.13422535149952583
-0.21441686497750406
-0.36157000957867835
-0.5520492328977813
-0.705336919019862
-0.7236730075095857
-0.7385102254316813
-0.7928861698197661
-0.7666066494261577
-0.7834370316681655
-0.9360843379197387
-1.0184535419527605
-0.8936951858050259
-0.8006446373405189
-0.5956701904880921
-0.4856955011996035
-0.38657413543612834
-0.3864625220971709
-0.3727089405092524
-0.2493717072689177
-0.2897125755999301
-0.40371838350433836
-0.5028503562358146
-0.43757761002640877
-0.3159626234726722
-0.1416946330488356
0.029995798324793127
0.20653447882686013
0.281954553369719
0.46972816033419007
0.7877941396013163
0.9510666469582103
1.0705912838961282
1.107576793981573
1.2195557430898267
1.2075458005142865
1.0607838692428948
0.9554342032248941
0.9520356758647441
1.0032329336896604
0.9248638170983589
0.8633297098952399
0.850772658461977
0.8829864172503693
1.0038904540142723
1.0702182232494026
1.1952960398706807
1.3368472757770478
1.48151853942287
1.6063058945312887
1.6339987064112778
1.6259558662235856
1.5847680387676868
1.5901189909551234
1.5515677256866678
1.8004662236736666
1.9604133714958092
2.047560789065094
2.140094697451303
2.0775883992520288
1.7828891499558368
1.5991719673317253
1.3405147111047002
1.2228185240217526
1.1598351079440234
0.9951536943327619
0.7136954376744146
0.3727419582268985
0.08889353091509733
-0.2257165719597009
-0.2606404007289365
-0.2606691167241463
-0.5800561575421652
-0.6884925149341137
-0.7885601741887304
-0.8764579377431015
-0.8612725705404541
-0.671551860755002
-0.4779896841014594
-0.23388522817140855
0.0132058843141028
0.22752628283913318
0.2763269772212502
0.427093827744914
0.5833558125537341
0.7853506332559917
0.9659639795211277
0.992568962764769
1.0292607095489954
1.0931862483638233
1.1920587921161514
1.172869950732468
1.1911137632798283
1.1083317378387922
0.9549350796249432
0.8800053945723867
0.8360293999186724
0.9494603280297069
0.9664176443935133
0.95990756648527
0.8650329517916383
0.7234621033218246
0.580238534886985
0.5673079566584922
0.5802196382077895
0.6687188259030126
0.8144837480658765
0.9424940200717649
0.9455448259323813
0.8301987119303631
0.6507940926137689
0.5920980291686786
0.4711709324449097
0.43512393720739745
0.3784742870237277
0.27407230338998145
0.16298107941081158
0.12520894039539265
0.0906730623556873
0.008874507906383625
-0.0028584057516239294
0.16867997940568724
0.36744841349874535
0.598124865671727
0.8516306766038597
1.0528280107779122
1.2788303002755443
1.382918171956777
1.4856831032185884
1.5341710177271835
1.5281881819686083
1.4595141001721377
1.5594239614035807
1.6866304232955196
1.8716364128478813
2.117506724979212
2.2338068718526123
2.3553821473718264
2.4659701989243947
2.4705686983378397
2.5878278142572166
2.612951305830708
2.5028023766416116
2.310960865109763
2.1641151700557613
2.0807864209760023
1.9118763709312085
1.778864320579775
1.579142338664343
1.3882820586725626
1.1661600185535028
0.8787693431788631
0.46217992426863225
0.16277026644477394
0.031558530425223524
-0.10416231140712062
-0.19113896882124845
-0.33302060205271455
-0.45233046025478824
-0.5694262191472096
-0.7275159107080859
-0.8582478820010815
-0.9759798043556162
-1.0889588334029734
-1.1475389911376734
-1.24317807120633
-1.4085972812530596
-1.584313021254994
-1.752910003812278
-1.7745979541347596
-1.7695192262666823
-1.681584427368608
-1.4908854517765364
-1.40755258686876
-1.301016981336279
-1.1431850785888096
-0.9459608963009118
-0.7344485009722584
-0.48213346335773255
-0.3894157360203004
-0.2922238599329058
-0.3838137917557416
-0.32574844827814387
-0.2845312850669226
-0.3255522026788013
-0.3558626702226531
-0.4836654911253667
-0.35871464401642567
-0.1906159978387187
0.025299415578147577
0.24127370009823923
0.35557729607133337
0.4547497624425123
0.4924151972969537
0.5806547354886213
0.6621308623425838
0.6789979444329338
0.6869640188640247
0.5976207763782748
0.7432172967872148
0.9707468916688688
1.1508691999141587
1.26705282408467
1.3207872895309685
1.436715987026355
1.409121686360017
1.417461548927098
1.463347290666978
1.4861854426539007
1.4238753742594392
1.3151077182605773
1.0737783303146644
0.9012445823158661
0.573477268295608
0.16797922787491415
-0.17126470887952405
-0.4965521816188685
-0.8260222416505163
-1.0274371086368914
-1.1658257067788653
-1.3877456857435893
-1.6216010849549634
-1.763336089284899
-1.7851689948648621
-1.819618560995762
-1.8557002495367068
-1.6909853900458873
-1.5544186193832183
-1.33053439461915
-1.1258791035062141
-0.9809650342428102
-0.7684730932617603
-0.5531243390849898
-0.3548970780393021
-0.29226252626251037
-0.4925402488137133
-0.5795315947347137
-0.6253215683401991
-0.5997619575334076
-0.5897031019369403
-0.5509841972104599
-0.5956038382788865
-0.5759383217431218
-0.3822654205440473
-0.13084541807227518
-0.03617935110740092
0.10292323383079868
0.2493979829735463
0.41344015945695034
0.3877273024411292
0.3606441334476995
0.16632855504722172
-0.09103910372998486
-0.2428015811566276
-0.2787825479974175
-0.14611561457981118
-0.13019463487716945
-0.24441786079880798
-0.37109749704852535
-0.24050546153132693
-0.036706387810955476
0.13706089854317782
0.23031641137036024
0.31320898707922235
0.2816474720443938
0.11453666970905979
0.013063943343049902
-0.12260518414576586
-0.1924068476720475
-0.22358413115853293
-0.34982983221437414
-0.4461116925741227
-0.4425291866408527
-0.22699659744077427
-0.04094130043510441
0.028799925969211562
0.1755622289850156
0.3526503713822893
0.4655265868404742
0.6703958077201615
0.6662008849205416
0.8106729974949811
1.0158321323333102
1.1185189723457083
1.1411177061264006
1.0537232670212653
0.9849778655585759
0.8975756060830964
0.7394033081313767
0.592743860693566
0.7808027326077907
0.9611331427043694
1.2126896186460372
1.4827124350234686
1.7680179445612285
1.9179599296674175
2.046966876512859
2.1356470892416515
2.1479828426678473
2.237273043431299
2.2592272649968654
2.3745657181743405
2.46913328157878
2.5242909377981624
2.556078852387473
2.745116039344645
2.9934993941470993
3.216726138339975
3.395902052318799
3.6313888447335243
3.798972175050024
3.9152315748334745
4.256754810048885
4.4579132563619535
4.643300857567365
4.913706670371443
5.203523940495767
5.392549681697736
5.767924928295099
5.977036725960424
6.149174369979004
6.353690553912319
6.557643668647959
6.774240329199428
6.763392481888167
6.643868483266264
6.537398522994175
6.374326364860204
6.189547875223714
5.970902514057816
5.747819393169401
5.508192314718531
5.283730985620867
5.229890345684096
5.2083216142243005
5.35318747138251
5.45854209821137
5.6058707733328825
5.749948322327636
5.818534189638236
5.7478055796720025
5.639148656975366
5.638058299957855
5.682167955255132
5.701333220412166
5.696965905512786
5.556502553326339
5.269582023819069
5.040574053755648
4.779662929281131
4.399626043044412
4.093265419403915
3.8159740263463697
3.5383488702687274
3.2509364695706333
2.921692564060235
2.6425173969493287
2.3661391619007017
2.165156335238923
1.9978893277126
1.8392963415981496
1.6248485553125587
1.4532313306287856
1.2715091828102878
1.2051754381650024
1.1172104934584763
0.9827191511669642
0.7179606964931191
0.5626229487438968
0.4283514540924877
0.3611381419229819
0.3985821034105269
0.3099274821054866
0.2196974412119557
0.1540432565309779
0.18844748872092165
0.3037555647861462
0.3852822715912015
0.3218737524065033
0.23035677812497796
0.13100407202454684
0.09650355725819315
0.11269855601425287
0.12707772381268828
0.2358918536836268
0.3044500505097575
0.4546429173393346
0.6219852179788332
0.6308692589257572
0.7932702968178764
0.8732673927523437
1.0858518120802774
1.1645930930175674
1.3449466744504783
1.4491314573463692
1.4004094321951253
1.2825045030373374
1.0680482462998402
0.8815892166173249
0.7373274501959373
0.7207370441894212
0.43834031141220847
0.17729102778960187
-0.09773728243672969
-0.44864869050830863
-0.7646771552729393
-1.01664039568399
-1.2537976763349925
-1.457788790207231
-1.5460289900639044
-1.5880984385223458
-1.6640775338075813
-1.6272790756844357
-1.5230429890624437
-1.4507672626056531
-1.55861827958022
-1.5859258200054613
-1.637403988501168
-1.616832881624561
-1.7454599364322407
-1.8857015253432317
-2.0419110841677224
-2.1166147329983103
-2.087794775463276
-2.090679750731736
-2.1201471685982822
-2.030583509898135
-1.8598041577910638
-1.784467940232722
-1.8525802753013447
-1.9078948844338397
-1.998739764522759
-1.9032433445454238
-1.7718718426261444
-1.468707780515721
-1.350606949468032
-1.3057454149996635
-1.2290485267284543
-1.166080243950609
-1.0458481481754656
-0.870049150400529
-0.7031674347544483
-0.6476315846780127
-0.5315937410206241
-0.3567757752058426
-0.0631329231777446
0.23726260830577223
0.5827222636257708
0.9545769278472503
1.2617937172602778
1.4916615152670594
1.822665535066811
2.301130340737573
2.748278454418101
3.082312369473175
3.3552313538972602
3.5443945044442393
3.551906772570321
3.522190445553133
3.386791710288644
3.158913559941031
3.024049566864188
2.852738346215147
2.8725796713944387
2.827380293064305
2.860699191490856
2.8560355988549877
2.930426577865231
3.0482225036764667
3.195664995232144
3.3859886831985095
3.521145098048135
3.686066233152621
3.8496192019794164
4.019469273823039
4.241064826216176
4.4647288276186
4.7388804832744205
4.89661772753051
5.000051237433399
5.055451627264622
5.177581240330079
5.31224851723229
5.311820476497278
5.302169132007876
5.116742796937028
4.82413150236927
4.530891158776399
4.20330332701488
3.8971138586619007
3.62215447022366
3.4599296573969744
3.311754296384699
3.155432619311245
3.1493721237996515
3.2144288355813138
3.433544203046193
3.421137303472989
3.217644698553593
3.024155365149041
2.8191933541772367
2.559143947108892
2.324348215967476
2.0720674362247866
1.8448985848057808
1.6713559452067424
1.6545831332727319
1.5380243112338159
1.3021001805260837
1.1632761028766962
1.0357923237204278
0.935584347227646
0.8923209481103014
0.7935913227721894
0.82685598496744
0.8646652613307234
0.8386348055318037
0.8163030384381824
0.8976124970384177
1.088962295603294
1.3561458930772012
1.471812557775522
1.3936479050824642
1.1627132315950766
1.1210554953575766
1.0634961703647292
0.9922930754368957
0.9561885073578691
0.8695226764171521
0.7817919747292422
0.8382709370969916
0.7695517468628187
0.8300019168973027
0.8480916393357659
0.9173673305468362
0.9338604824516148
0.9777324597124801
1.0422468632138293
1.1685585217212577
1.0646151042183818
0.9465475089725287
0.8355966813103923
0.6611233040385093
0.589718326546296
0.4261317554671704
0.4006823000131119
0.1571993958816524
-0.06556087814419986
-0.311095769004041
-0.5489167834468964
-0.756035325923445
-0.786647242468711
-0.6585945077823363
-0.542525890318113
-0.5057408977700047
-0.474000257999045
-0.48065838947866285
-0.3878949224794521
-0.37134105739550327
-0.3080602708083269
-0.18550241362216296
-0.13828448731345605
-0.1393561385234845
0.07980263987659775
0.1416237708936401
0.2695882286435742
0.2790500803656197
0.44387946572700665
0.5052056866892256
0.7013597906415286
1.0583397711476923
1.4633821076633657
1.8305106739306345
1.9926053467272407
2.1857079191446402
2.369309260599855
2.5104413753234516
2.5495992989509895
2.555551425057866
2.48753854110994
2.4808608907359853
2.5309847053747
2.4898786662726256
2.459982424345277
2.357439324704455
2.269553874116409
2.087921166992132
1.734484912680315
1.400432212785503
1.1138179167876607
0.7944001761018545
0.5122289760962757
0.19644884845772903
-0.07840164582310427
-0.246595577243944
-0.35766703296788155
-0.5171241780554302
-0.5045821881248285
-0.46132870151479527
-0.486966618846444
-0.4582927994926584
-0.3794690891029422
-0.18033863955664756
0.006814350285978793
0.2683209650698438
0.39928951291403525
0.49313092457659263
0.4872324260508995
0.47366005034035197
0.5550150818395584
0.716462136694582
0.7923641589999432
0.8290266869586485
1.0591770132916283
1.2445119306045593
1.4581729330931474
1.5819587871901424
1.6961987276315025
1.8263766215117205
2.0733998150699082
2.310688071701015
2.3090398841238464
2.1675782705616533
1.9643992417280525
1.7591824261856743
1.5350202270347708
1.2869956894358352
1.0216001539711788
0.7573508747106753
0.4438184904535533
0.3684815166208676
0.3495085132765372
0.24135560024929595
0.12609670591193492
-0.014645584902421488
-0.1888630414209279
-0.2716404126318843
-0.4392930108567631
