1.0
0.999680744794765
0.9991059045566112
0.998404412264834
0.997582088845689
0.9966718831711124
0.9955310778175215
0.9942854422835116
0.9930159996126671
0.9916568406837466
0.9901472978197056
0.9886628521501919
0.9870480201387258
0.9852128297464546
0.9832592181994466
0.981410776514736
0.9795653163265438
0.9776973407742687
0.97563328199298
0.9736036056505272
0.9715291067008591
0.9695605792115387
0.9676207508292294
0.9656360742401655
0.9634261213109006
0.9610911437073992
0.9588595064617638
0.9567500229580035
0.95473588170434
0.9525934743740964
0.9505709747325054
0.9486486610564709
0.9466624700538948
0.9447315055926457
0.9428277154425839
0.9409475810925646
0.9392748604416515
0.9376205720471201
0.9357788327517594
0.9339309137040726
0.9318803006822161
0.9295867306233226
0.9273862549365529
0.9252679472812201
0.9231428713305845
0.9210027513361921
0.9188489789788767
0.9168057749218408
0.9147278335256253
0.9126272036744739
0.9105021712240946
0.9082068353235235
0.9060817354718935
0.9039292089216864
0.9016982161099467
0.8993336743993516
0.8970402583596878
0.8948264241161541
0.8927055578314802
0.8904558880296767
0.8884032327246542
0.8863402868381478
0.8842416121472056
0.8820132650099091
0.8797951405953072
0.8774513176587839
0.8750911296356495
0.8727992400099677
0.8704877170872003
0.868275017055574
0.8660369894684291
0.8636030948635561
0.8613312834507059
0.8590416789543811
0.8568949702674233
0.8547069913409641
0.8524730189353875
0.8503533026619833
0.8482513814584713
0.8459483372157289
0.8435200148825804
0.841130325421339
0.8385616111051584
0.836022585209561
0.8336178486021053
0.8313936970736648
0.8292574601953652
0.8272721978276318
0.8254151205894363
0.8235019766997601
0.8216037201603832
0.8196062558751729
0.8176144832523216
0.8157227366507614
0.8139803974607657
0.8120676973750137
0.8100459069238963
0.8080485755065604
0.8062710500892484
0.8044129264478906
0.8025233647815594
0.8005989435911602
0.7987769645081103
0.7970160458311794
0.7952222763631398
0.7935087278673066
0.791759656300713
0.7901114130568195
0.788306244837898
0.7863424625883574
0.7844237948505486
0.7825291432753537
0.7808092279746932
0.7789055680175835
0.7771865802483089
0.7755457758379208
0.7738891458444462
0.7722896013321533
0.7705371937064587
0.768882691047787
0.7673642464794013
0.765891099722778
0.7641943501435083
0.7624950437622737
0.7609030555016102
0.7591281961350514
0.7574459801301782
0.7556876217552931
0.753953484078508
0.7522055747917487
0.7503164051803929
0.7484475864488139
0.746800887069053
0.7451798832247553
0.7433885588873483
0.7415708368831302
0.7398062212792951
0.7379972002083596
0.7361552154593258
0.7345437394645011
0.7329833698728543
0.7314231737861833
0.7297133206747127
0.7280923184020482
0.7266305473835127
0.7253586090789601
0.7238851499634372
0.7224630084436023
0.7208082289187167
0.7192159256357236
0.7175406896276016
0.7158006042878428
0.7143505016006114
0.7127352298576922
0.711114199148317
0.7095197754459625
0.7080381757982602
0.7066007163607532
0.705062260082816
0.7035675671968261
0.7020435180239418
0.7005654402348384
0.6990503982930255
0.6974471659382934
0.6958251532990558
0.6940821044951017
0.6925499507279659
0.6909733162598711
0.6893189438047675
0.6876590434945352
0.6858472827267431
0.6839783291853735
0.6821658045808069
0.6805380107635499
0.678882466892649
0.6772342888383825
0.6756487735031751
0.6741041727544987
0.6726763850147792
0.6713546937289702
0.670194061482864
0.6689361919235812
0.6676766786508954
0.666614378612598
0.66550036927121
0.6643798651700907
0.6631150355672342
0.6617451764164066
0.6602711315005244
0.6587615902146077
0.657190594861212
0.6556799580117806
0.6541714850181644
0.6527664687835263
0.6513043728092986
0.6496019543886065
0.6480668649365651
0.6465143869018514
0.6449981277369801
0.6434838637729773
0.6419352156686864
0.6404404797604457
0.6391829240109651
0.6380618132627437
0.636813750869867
0.6351760697859972
0.633383408199361
0.6316196234166964
0.6298869247643492
0.6280690843103036
0.6262164514516028
0.6243150465709847
0.622556406849629
0.6209939828689752
0.6191634378155145
0.617526429224413
0.6158905337803515
0.6144001969218118
0.6130396690220361
0.6115611121429692
0.6102083470232513
0.6088068629101875
0.607348605641516
0.6059498541031655
0.6044628180544541
0.6028400169137017
0.6012024687269345
0.5995291376008218
0.5978989608691039
0.5963291360692351
0.5946532323700997
0.5929481333194405
0.5912940736204774
0.5896328562844894
0.5881780293845367
0.5869177362719278
0.5856241244225457
0.5843100370133985
0.5829663451040643
0.5815790879443061
0.580078637962549
0.5784743158638546
0.577066823951465
0.5757659592355984
0.5745165548275494
0.5731853685456316
0.5717237008122589
0.5703033505352574
0.5686570937278903
0.5669209548230305
0.5652602786945463
