1.0
0.9997091022222222
0.9990749939038479
0.9983370881664142
0.997443784961658
0.9963826016751244
0.9953840537889485
0.9942027911276055
0.9931272567366493
0.9920425888584298
0.9907812926774159
0.9894169429372146
0.9879736370079433
0.9864133361350653
0.9848651114894419
0.9832133495507301
0.9815751858978836
0.9799710436783449
0.9782945700612466
0.9764023156700515
0.9746165926114992
0.9727643861864981
0.9707920385754418
0.9687476341376267
0.9667065694765892
0.9645286962761482
0.9622247810748039
0.9600008026727235
0.9578379588557232
0.9557790903856056
0.9536377240316936
0.9514537135699797
0.9493711093936755
0.9472667115613971
0.9451984573752491
0.9431788158254782
0.9413033633607757
0.9394877907485336
0.9378438893207242
0.9360527363925302
0.9341931645226197
0.9322081335586726
0.9300946245827129
0.9281068920610689
0.9261271643397808
0.9241441761767288
0.9221823637480099
0.9201742280705117
0.9181711131496513
0.9160926734350887
0.9139246487970849
0.911656259516111
0.9092394580037605
0.9068185009785351
0.9046396619736223
0.9023532100961676
0.9000025442712756
0.8977798188591231
0.8956465834560735
0.8935249458436876
0.8913666668880557
0.8893102165123467
0.8873877136956437
0.8855989531050553
0.8840311150193859
0.8824529367511663
0.8807695676992735
0.8791382912863883
0.8774166876472761
0.875491576142969
0.8735883039534273
0.8718034780381905
0.8700542859211755
0.868381082575162
0.8665161851406622
0.8645367465046853
0.8626455484430305
0.8607958761862897
0.8589347713581069
0.8569449815006889
0.8548153006832294
0.8526521400965227
0.8505217323872684
0.8483375143281634
0.8459978914958277
0.8435356390647566
0.8412972933470472
0.8392130245018307
0.8372041483167213
0.8351989216654325
0.8332717372247996
0.83151906276371
0.8297296390902925
0.8279062550758682
0.8263480021231735
0.8248152730502111
0.8232722586104513
0.8217554900427138
0.8203374501634607
0.8187473200445773
0.8171173685070932
0.8155084353083898
0.813815995388659
0.812157630333115
0.8106427144200415
0.8090969978908271
0.8076501088673932
0.8062915933020606
0.8048751580379322
0.8033209980893753
0.801818196967812
0.800395191670885
0.7989358099012869
0.7974975727295616
0.7959372792358139
0.7942444620743063
0.7924184073267317
0.7904960013269774
0.7887174426582807
0.7869750457659253
0.7852583826070839
0.7835932133139728
0.7817845391434554
0.7799670522730486
0.7783038052845521
0.7766097259744966
0.774799872075786
0.7732090419195785
0.7715154913696116
0.7697823394437855
0.7679416518322213
0.7660990477071836
0.7643280287955864
0.7625997791644779
0.7609006366723584
0.7591996229885879
0.7576911366597838
0.7564651292195242
0.7551880607753705
0.7538102298542765
0.752289937344193
0.7505051655340829
0.7487990632069987
0.7473307193076146
0.745730355246857
0.7440254067008907
0.742477827195598
0.7411789138702228
0.7398062242079391
0.7382378409268747
0.7366881594288971
0.7348590381203528
0.7330442047764142
0.7311076831723506
0.7293338327230333
0.7275319596670697
0.7258704027968497
0.7241410054012666
0.722517018603753
0.7208970143452811
0.7192804276097652
0.7176075295285929
0.7160463138900506
0.7144248367729746
0.7127549694819209
0.7109735877468012
0.7093345842115242
0.7076899107872123
0.7060822323638164
0.7043092492808617
0.7026827670145237
0.701037128964847
0.6993797682636231
0.6976051154506749
0.6959313213388227
0.694188247772204
0.6925893938688022
0.690959061843414
0.6893812487682964
0.687674529599925
0.6860000046063195
0.6842739145695482
0.6825329512156347
0.6809121369612364
0.6793319869980217
0.6778344518018365
0.676415779146686
0.6751262341147667
0.6741276006484425
0.6732002834436429
0.6724325435966833
0.6716211020744963
0.6709330070544092
0.6700661825055422
0.6690433565571432
0.6680032739967076
0.6668420107564921
0.6656354729293159
0.6644159661491877
0.6631744795048133
0.6619744195421631
0.6608676584240081
0.6596885832942633
0.6585130215110211
0.6573210883829947
0.6559938186566574
0.6546261459799566
0.6531923067080153
0.6519575404753277
0.650916055351629
0.64981461849848
0.648748454109817
0.6477157239708526
0.6465935901696472
0.6452725019193883
0.6439857223891554
0.6426831172444146
0.6411812857161786
0.6397348674553913
0.6381016511368789
0.6363764907053832
0.6347361329779158
0.6332448402966376
0.6318699761862474
0.6305381777602833
0.6292138152269255
0.6277836215891295
0.6261144210399076
0.6244899824722525
0.6229058131082978
0.6212259204462676
0.6193307128854177
0.6177299372384182
0.6162369135988064
0.6147259890323427
0.6130979206329648
0.6115848950545489
0.6102753008206361
0.6090143792837585
0.6076342618596876
0.606573134070708
0.605598365963386
0.6047022363981797
0.6039536108125975
0.6030053609145376
0.6021326897273673
0.6012429221186694
0.6003792613441513
0.5994357625709394
0.5985324172241013
0.5976511957102841
