0.0
0.0
0.01773052723081226
0.011910470865197947
-0.016397411897592543
-0.04045326693016687
-0.05438430457609994
-0.06917605425959257
-0.07413396404123132
-0.07360686219316818
-0.0746253049216301
-0.09173888370205084
-0.1039343500828947
-0.1337007942263973
-0.14390844468629782
-0.15250173381681822
-0.15738202619004665
-0.15358228947140115
-0.1388907882043375
-0.12297986604325062
-0.15003616326625216
-0.18470662724368672
-0.23881626859833638
-0.3119080721491909
-0.37991008598105513
-0.42839656737239035
-0.45265842791730043
-0.45428744469957116
-0.4539732288897832
-0.4490926370808725
-0.4444538764919311
-0.44837694560130287
-0.4510825638938181
-0.4556227926674039
-0.4836230244310791
-0.516329258287647
-0.5344326493115072
-0.5596868986754812
-0.5739737501538396
-0.5631023831719442
-0.561625711650098
-0.5792774369034819
-0.6052395308184647
-0.6272404015717614
-0.6577586905437437
-0.6676075553713646
-0.6801102241867459
-0.6740256941487035
-0.6648029100891418
-0.6519810401406912
-0.6259156889109219
-0.6255179033302352
-0.6330973014664606
-0.643380105308622
-0.6526572782491114
-0.6486461298590084
-0.6495000757772703
-0.6452150022966802
-0.6672746529482237
-0.7028006157671943
-0.7293538149043868
-0.7322624870517801
-0.7485799087801149
-0.7442735245853476
-0.7500763930755913
-0.7679487560655147
-0.7438900667554773
-0.7209871438879345
-0.71698139989991
-0.6878647399984199
-0.6681670089155625
-0.6410116966478794
-0.6178496026117997
-0.5857029856581321
-0.5571215161015387
-0.5257635110637924
-0.5116948319175343
-0.4944198891929044
-0.4647198565322769
-0.4532506186389687
-0.45149457963544704
-0.45336167113556664
-0.4604686982605174
-0.44368153825425943
-0.44536361602381747
-0.45431514506846393
-0.4568902175313527
-0.4522221471053197
-0.44257026086619294
-0.42390847799504566
-0.36909166501514235
-0.3274342192146048
-0.31814071928556126
-0.30943528875491705
-0.31007419134950864
-0.32298158664476984
-0.33970079786642693
-0.3609439174818422
-0.401512514960991
-0.4329165279412425
-0.4665553265427608
-0.48746226925100533
-0.48939963086023147
-0.4712910466199146
-0.4522386844836948
-0.4415380519354205
-0.40844553571220354
-0.39448631769473896
-0.3787177668594246
-0.3708504857340085
-0.3785390529997598
