1.0
0.9997024958677686
0.9990670501603284
0.9980853696992223
0.9969686704653896
0.9955102593810602
0.9941327472241253
0.9924961865051294
0.9906782288574882
0.9887904348406482
0.986921720057837
0.9849996837439188
0.9830739303651208
0.9810281753481304
0.9788271540247822
0.9765039277743885
0.9741524568856523
0.9716249609777905
0.9690054480691873
0.9663908255049364
0.9639117014582466
0.9614703861404634
0.9591576077707843
0.9569302913095628
0.9548925095399422
0.9528283865974401
0.9506501162078201
0.9484618859413537
0.9464085917692908
0.9443134377234617
0.9422303934861268
0.9400408418318169
0.9378297944434119
0.9355755193558628
0.9332984601176475
0.9312414526195941
0.9292435545732103
0.9271757495425441
0.9251959298078047
0.9231856740971659
0.921416609058714
0.9194880200222411
0.9174759274380029
0.9156707143060799
0.9139247531633153
0.9121914997248127
0.9104361346669722
0.9085177181858217
0.9064541273723062
0.9046151967971737
0.9027744226786019
0.901022645091169
0.899179258201673
0.8972009322758517
0.895241585256572
0.8933554717220881
0.891290352818187
0.8893031043528806
0.8872764357369827
0.8852637933988365
0.8833458661349967
0.8815102096183459
0.8794127898395047
0.8772698375777583
0.8751221003494626
0.8729819840211062
0.8707101282296978
0.8684981157737425
0.8662477876631888
0.8639934109097793
0.8616476405230842
0.8593449433985583
0.8571159930186922
0.8548784913515164
0.8526308391500271
0.8502829113030275
0.8479963341987438
0.8458270234737393
0.8438750273650629
0.8418130191052153
0.8398310140086819
0.8378246666371356
0.8357849861279386
0.833585900152998
0.8314018278250588
0.8293181145192602
0.8274882827264595
0.8255349099436853
0.823733539679242
0.8222384991155692
0.820656653620043
0.8190998910335189
0.8176143894481738
0.8161561365993831
0.8145867972650116
0.813038306895759
0.8113879084119263
0.8096743990096191
0.8080527391700711
0.8065394557793757
0.8049542441027652
0.803271673836047
0.8014726597962065
0.799679383926244
0.797884436676186
0.7961264910624779
0.7943535390561759
0.7927323587241594
0.7909840887655862
0.7893834136940341
0.7876589298224393
0.7860822005091763
0.7844676767703818
0.7827474247432723
0.7809862946828524
0.7792033844430329
0.7775095853064129
0.7757458578278403
0.7740466945883312
0.7723014938099564
0.7702857384657321
0.7686540075825841
0.7668395840169755
0.7650263475318791
0.7631965230245357
0.7613003741765618
0.7594742102725052
0.7577167570982015
0.755856731220659
0.7539291762952338
0.752066927283069
0.7504358391969211
0.7489145153718613
0.7473657353018187
0.7459906221537967
0.7448012713816881
0.7437183839662369
0.7423436208530747
0.7410892133879055
0.7399142704065536
0.7386499045331535
0.7374331535379205
0.7359584522678341
0.7344152773529302
0.7328533465565013
0.7311939943695539
0.7296881898828455
0.7281176648505968
0.726423513736758
0.7245642069630495
0.7226270487630737
0.7206913499610259
0.7187064247818558
0.716873736026665
0.7152335732412187
0.7136824112870128
0.7122194955730438
0.7106813070364408
0.7091174513438583
0.7074853874508736
0.7058946303155726
0.7044858319280204
0.7030275408926406
0.7016391498101833
0.7001943814828511
0.6987685590024297
0.6974686146229835
0.6961663490408603
0.6946916623468095
0.6933361575618261
0.6919191685945829
0.6905504799846331
0.6891542696709869
0.6876052011621385
0.6862329383745442
0.6848777936705424
0.6835722295411111
0.6823827432674198
0.6813481029578929
0.6803976098934704
0.6792443089820384
0.6780414103714583
0.6769312154263967
0.6759736097947885
0.674799085798131
0.6734938304458395
0.6720121251331953
0.6704153773994163
0.668880986235087
0.6672605677501672
0.665707633546996
0.6639510723191543
0.6622685931484914
0.6607104818478203
0.6593802532209367
0.6581470090097258
0.6570305703289684
0.6557055035108448
0.6543932807892298
0.6530328400483876
0.6517742336205079
0.650482452349782
0.6488954720333757
0.6473180208024628
0.645839692711735
0.64444628530879
0.6431368192034694
0.6417977289214094
0.6404271090986302
0.6391266746098355
0.6378688851694719
0.6364950195731519
0.6352755909046162
0.6337681474628263
0.6324981613528229
0.6312353775873468
0.6297500846831451
0.6283369353165317
0.6268378064523524
0.6255114887986051
0.6241354994381583
0.6228977152985752
0.6218517418868769
0.6208574349138017
0.6198145657213416
0.6187242288533225
0.6176250162925164
0.6166247925470544
0.615503668914733
0.6142549499355341
0.6129228835282604
0.611688959970576
0.6102434874337763
0.6087376404820096
0.6071498579311801
0.6056870986275257
0.6042130798836448
0.6026283636051325
0.6010553700148639
0.5996216232166459
0.5981106600532851
0.5967241629055002
0.5952840239779892
0.5938102260198714
0.5923717186945555
0.5908666566506251
0.5895588525921317
0.5882769012770864
0.5868755326169834
0.5854237357416248
0.5839789581427404
