1.0
0.9991
0.9965843363113798
0.9929520108234802
0.9880049041582362
0.9820881345524678
0.9752789234499065
0.9675000021309758
0.9586018865947936
0.9489799913649533
0.938897112967334
0.9280977765190483
0.9169042236614425
0.9051545061052411
0.8932200149889894
0.8811915931826291
0.868974738316743
0.8570144733763196
0.8447549960166552
0.8322201734855376
0.8193234139283897
0.8065328422969563
0.7938533285430167
0.7812049727097391
0.7685269448906861
0.7561781264483729
0.7436120609527602
0.7311336051999934
0.7189413816858943
0.7070837973706862
0.6953099291310092
0.6838717901524711
0.6725325304121285
0.6611101979876138
0.650113368191513
0.6394463053205935
0.6287798869300074
0.6185425298613684
0.6087081220396944
0.5991081800452321
0.5895217508253777
0.5796460871199113
0.5699713633235207
0.5603266973804236
0.5507281266066639
0.5413428306156005
0.5321973057425373
0.5233655727210529
0.5145834468991362
0.5056466534110043
0.49691200284303694
0.48827827713772337
0.47971371747002617
0.47115326586331185
0.46283773939373773
0.4547104199264031
0.44671699908423784
0.43886490131604466
0.43161953646601386
0.42451826643455853
0.41728044061011044
0.41029480426868614
0.40323238050781846
0.39602121136252716
0.3893656520528911
0.3826959672001674
0.37603685273914034
0.3695059310743744
0.3631759294646647
0.357237230372389
0.3513037707858844
0.3452141484205569
0.33947344907987703
0.33384096308645533
0.328426278638437
0.3228187418641793
0.3173536986340775
0.3120336108271156
0.30682964926331313
0.3015595500113892
0.2964630804242977
0.2915636153084553
0.286871745133219
0.2820697132005843
0.27740997758281466
0.2731633543163773
0.26879208929322246
0.26430598525032734
0.2599431113653371
0.2557883134634939
0.2519428855093572
0.2486165343871692
0.24508374604695862
0.24162565950902595
0.2382832215650839
0.23490110884126467
0.2312184267370566
0.22772114002926597
0.22399903462282555
0.2203904335402993
0.21684509065594845
0.2131180865203507
0.20955654701173637
0.20624050628854929
0.20277343330638847
0.19945115265530447
0.1968906619914424
0.19449945699228643
0.1921714471597535
0.18992366284169046
0.18756364296094383
0.18516796902104035
0.18237828384800184
0.1792916518223714
0.1764547387564273
0.1734368132084683
0.1705938019587908
0.16782369844140035
0.16495976502785908
0.16225912152474686
0.15962377963843113
0.15717603153572057
0.15471701218417513
0.1524364892688768
0.15009252154193806
0.1476363006073834
0.14528362103219794
0.14312319637634385
0.14115852228851475
0.13908568346739417
0.13687839555752246
0.13483424840833633
0.13278146063872356
0.13054308870688947
0.12810187717585034
0.12545057726121778
0.12291084340662985
0.12017985697566239
0.11755570070032831
0.11511570652362203
0.11264349544095792
0.11018729177299685
0.10794636557667668
0.1055430140592891
0.10286536143237206
0.1004265071616891
0.0979759465682138
0.09554353304744653
0.09338374464828901
0.09117946394758789
0.08912748518833384
0.08727468390880684
0.08537802372215493
0.08366573094512716
0.08202719569607173
0.08032359097945568
0.07863835068756
0.07721683640324323
0.07597804768104986
0.07475445943581505
0.0734841478543496
0.07220840198942144
0.07106635142106686
0.07032631355070287
0.06932251473072941
0.06846353475514817
0.0677037729943489
0.06674650035322903
0.06565701513105465
0.0645517489843561
0.06340158094805445
0.06216796810658761
0.061014213662268675
0.059792135602208404
0.05865044760502465
0.057273777137666584
0.055915460977135664
0.05489322119471169
0.053863407396223674
0.05267021094471986
0.051468306467767
0.050159460166695764
0.049201636503500075
0.04834419080009643
0.047426289903298814
0.04653411029099287
0.04551856492508116
0.04463425132961538
0.04395456870560317
0.04313295906148652
0.04236556744621392
0.04146114292797591
0.040475962785955874
0.039434656506775446
0.03847243984448293
0.03790645794858049
0.0372317531597908
0.03666268191295969
0.03644011419492962
0.03609278476022103
0.03597810109536283
0.03604817141817843
0.03593662508836882
0.035785671614524756
0.03570827931774871
0.03555241049223341
0.035450671402613335
0.03508897542339284
0.03494892179485088
0.03462480387478072
0.03430041481529412
0.03396728100228251
0.03394426431741788
0.034049040530464675
0.03434165093223322
0.03467206730013843
0.03457584103871956
0.034048573435194046
0.03365809831365344
0.033268663694163474
0.032607422442516326
0.03195519894432726
0.03131637547560406
0.030679912528643178
0.030189274001015207
0.029526229986096247
0.02868893396825022
0.028077176532920814
0.02758172233028672
0.02694645776160248
0.026142678340496675
0.025160195764079477
0.024252680651368798
0.023446803562801405
0.022650682523538145
0.0220485174213242
0.021368763308700106
0.02029682388763645
0.01956852783028966
0.018842517059232983
0.01822509635199719
0.017857015339857285
0.017320623183520106
0.016853724197704742
0.016143627614128162
0.015283046921490835
0.01465950895627477
0.014359786645324621
0.013907675318003375
0.013584382646574788
0.013238812591957128
0.01264988273738941
0.012465003778219744
0.01238573631627207
0.01220287245027003
0.011857567820318469
0.011374959334561539
0.010918140407314002
0.010323795315754074
0.00992109338487925
0.009363284485312092
0.008993866738736369
0.00875308572047607
0.008631945849049916
0.00817055346092579
0.007756464366200298
0.007205987161606529
0.006393098652508894
0.005433497753871467
0.0045819557670954214
0.0037465061703559725
0.0028905870453904154
0.0019140292403600388
0.0013155066458135213
0.0006325183447352112
-1.2598932420706892e-05
-0.0006984057180962822
-0.0013348650387883564
-0.0018493727346048402
-0.0023800910452254674
-0.002928179340100193
-0.003488572756854217
-0.0035896128866341717
-0.0037344607507403677
-0.003933350687157422
-0.004292646330810093
-0.004670192813323207
-0.004682035619597306
-0.004725806390592138
-0.005172328672607235
-0.005414756952336593
-0.005405621421385788
-0.00546644079537881
-0.00508424932184667
-0.004689937875314024
-0.004491978593918886
-0.0044697100317077874
-0.00453218898043435
-0.004517212996004128
-0.004592164207546332
-0.004834886805481107
-0.004971087239507949
-0.005256861640007522
-0.005246611270564601
-0.004875799112746102
-0.004772595596411224
-0.00439170907099231
-0.0040568429619660075
-0.003964510120893747
-0.0038515975768625803
-0.0036084695227066805
-0.0033445937240984816
-0.0030162135875764816
-0.002466865084320676
-0.002071474590183863
-0.0017408678537704737
-0.0012389340309765114
-0.0005040194057046006
6.851764227801152e-05
0.0002651820993412225
0.0004529766001063848
0.0003753261390263138
0.0006195836642219987
0.0005526230460026491
0.0004410152460960432
0.00033105477933488184
0.00036383602363072843
0.0006040943500442435
0.0006081762961481734
0.0006219008998666183
0.0006284876207063662
0.0006061269858338746
0.0004824554886353689
0.0002697668302197746
0.0001006444693889672
0.00023319754897505154
0.0005555929618377671
0.00045084973755080284
0.00028733869063818726
-4.426730509550557e-06
6.618459916098428e-05
0.0003677637219238516
0.0004224081062779495
0.0005621701075898065
0.0008192440317573452
0.0009754393252161306
0.0011958693161145157
0.0016073407996443053
0.002085429165730091
0.0024478129518923693
0.002529927968453974
0.002563727320223244
0.0027865843133728124
0.0027147712681461437
0.002760400710963911
0.0031261067338973925
0.003764163809913697
0.00430562557524669
0.004853701397631652
0.00553909987856037
0.0061659920304665645
0.006700959920839323
0.006842670980186823
0.007096532149845774
0.0072751286203655355
0.007486590215383147
0.007515181612756263
0.007343888979016292
0.006859418988920318
0.006506885777680426
0.0063678870843717475
0.006424504292226337
0.006223293075379183
0.006039170316311427
0.0057291733358090504
0.005302466850086667
0.004650510239506012
0.0038101750817335343
0.003256354560565518
0.0032544397968326767
0.0032819812667145842
0.0034325155932444394
0.003583180760399194
0.0036927098415283797
0.003651424077813482
0.00394152912597295
0.004532947297323602
0.004944172932449609
0.005483438927805618
0.005657333247372643
0.005755483354182225
0.005949495022796471
0.005860485274973233
0.005886394799694356
0.006102601181208381
0.006370391618314973
0.006284902071522582
0.006237471049343865
0.005944807744976915
0.005873117538349964
0.005927701730509741
0.005971682656373114
0.005903572486461253
0.005746251063627209
0.005538840690097036
0.0052554674932376675
0.004827006487012513
0.004356081165217988
0.003967904978434013
0.0033375544147672374
0.002939975706047338
0.0027826199823701627
0.002903277723106327
0.002937183990459115
0.0032355261837089494
0.0033964085820766495
0.0034804012200465913
0.0033763122613543234
0.003133914297099306
0.0029576120541056363
0.0026085183670388756
0.0022541942385342598
0.0020629259937066874
0.001961654199470023
0.001961076848735006
0.002418841380852065
0.00272099893954786
0.0028800049047370694
0.003239717759948959
0.0034460319176258763
0.003711844370812444
0.00406035242131139
0.004077678108334323
0.004423769868984065
0.004650408886316813
0.004906464346908874
0.005503222046338313
0.005873205719528818
0.006054058506950348
0.006541620221900639
0.0070051311284445895
0.0076278679003790074
0.008067577352915177
0.008640285816019248
0.009480885990871178
0.010142980110384895
0.010921585178337719
0.011689159485190661
0.0125701091788763
0.013452271970464292
0.014239642272666672
0.014760423891576738
0.015123471231406572
0.01566027570309418
0.016118691290044507
0.01663835824983049
0.017477877382203723
0.01823422230437891
0.019170864589456986
0.020021756641650863
0.020777766348531037
0.021449733231807072
0.021816535023317936
0.021973368293400956
0.02178893808398029
0.021659362671490608
0.02149539101991258
0.021667202862936302
0.02136956193603251
0.020974966007495193
0.0207225871763196
0.020357577544411073
0.020163340591237987
0.019938256619665057
0.019503658630578815
0.018955035173715846
0.01848201579311561
0.01809730357498443
0.01799682058146211
0.01808726925887125
0.01822275692520171
0.018396268603979842
0.018768928854884348
0.019201033560006336
0.019822588871971008
0.020678987044951046
0.021134700391441018
0.0213751456807584
0.02142956559964152
0.021086331278043033
0.02029046611335076
0.019693069899436564
0.019209773409311168
0.018739556336342986
0.018072935081843742
0.01761593022537661
0.017185758617955692
0.016391218098636622
0.015530426660161871
0.014687687847564215
0.014035715299253858
0.013541240903009592
0.013253504605746789
0.01285419602592863
0.01255218779668527
0.012382442297654754
0.012110276944015643
0.011885489343439852
0.011536394694175608
0.011244393643792556
0.010875356452678942
0.01060931949958636
0.010247504868421077
0.01031194145926427
0.010433675387979239
0.010546568340264849
0.010436576527927703
0.010007642635043322
0.009731870261835366
0.00976666987656654
0.009505704770672137
0.009454967630370568
0.009307683372835357
0.00915403283519318
0.009168362577921921
0.008869192368297167
0.008848243943419598
0.008889093414786255
0.008959289808879327
0.008880128956813494
0.009015346618633797
0.009050360470877924
0.008530574454066929
0.007727969183663485
0.006792403895316971
0.006169207841528333
0.005671074536031215
0.005309267686135796
0.004738121311405602
0.004130614492153394
0.0035042215649887364
0.0031024626092760236
0.0026751528001686944
0.002681989436364895
0.0027643618983132783
0.0028776467394815886
0.0029363558267589507
0.002976467762993415
0.0030167780053600864
0.003032255382497251
0.0026651904915472066
0.0024001980383348146
0.0016165660480441531
0.0008924323545063551
5.3045528776599375e-05
-0.0008897004110152056
-0.001364659567581482
-0.0017428049308947048
-0.0019821165312707847
-0.002122440116165048
-0.002254159605387442
-0.002169668126842473
-0.0018678818103718105
-0.0018118922934602165
-0.001974670140066789
-0.002257530315862595
-0.002442824641015341
-0.0025237415648153537
-0.002505985722482699
-0.0023047440970848207
-0.002353112873512418
-0.0022602166187519774
-0.0019153500208810882
-0.0015825706445791634
-0.0012817566001872755
-0.0012834664197975754
-0.0014420392571740175
-0.0019851043239545204
-0.0027122339167676506
-0.0031628284409973475
-0.0031337356046489476
-0.0031636910398324903
-0.0027542115595280336
-0.002695637864265225
-0.0021804409052176657
-0.0016137074003741065
-0.0009477883579661598
-0.0003025879500874938
0.00025850940861341565
0.0007030503194640349
0.0010777213847817653
0.0012007902237662269
0.0015696274260984817
0.001598909061863609
0.0017990429245086635
0.0019313037650461407
0.0018633133178906222
0.0015490484526079957
0.0013277631090878967
0.0012120240719606969
0.0012111691892500028
