0.0
0.0
-0.003924244009977654
0.021544982811779297
0.029250330578963687
0.05112072406715282
0.10296074001334471
0.15607599827557164
0.2296744220912924
0.28929643295462726
0.35602791999972827
0.373778012149923
0.39165783968520873
0.44580480328208905
0.5048900743820203
0.5455086553426098
0.6222018467486665
0.67762427852185
0.7107554088724728
0.7442728667304308
0.7543077165849369
0.745247647114803
0.7654498203831276
0.767455611235845
0.7753586340606006
0.8000492770198558
0.841082456111764
0.8643247886812773
0.8477796197550571
0.7676749113748639
0.7151001141401238
0.6506912837056152
0.5898588541286686
0.5294581179460889
0.44254087784877416
0.3598360512946398
0.285787298699789
0.22649908990237777
0.1423252565129679
0.07361239687996923
0.011034266483784
-0.049942030180127134
-0.07608890780629098
-0.07315117166549889
-0.051758953136078346
-0.028652658074087126
0.010683504048844269
-0.00788708355116335
-0.06253388019951625
-0.11068331344847451
-0.171798655913952
-0.1713188782353123
-0.19681455688838986
-0.27275705422332347
-0.3432853949114203
-0.4317906211299126
-0.512293678972234
-0.5402096110526481
-0.5811343433565598
-0.6387534729687137
-0.7632203116743729
-0.8989060341471165
-1.0217733222875123
-1.114929108925634
-1.1838918733356292
-1.2788530257933288
-1.3693612988470556
-1.4336226682031856
-1.4759848264650304
-1.5186864357911052
-1.5464144428508153
-1.5636131815207674
-1.5860931893905392
-1.5736837876029968
-1.534505216030941
-1.4878625330815094
-1.4627704368767014
-1.429502723051136
-1.3460390837112677
-1.255019844867192
-1.204776988345722
-1.1632193373208732
-1.0985584252959069
-1.0400650416452943
-1.0028682882846143
-0.9124510890539748
-0.8724275910179647
-0.7874152892936511
-0.7541890087650733
-0.7310855850047063
-0.6812083144324879
-0.6408290724231264
-0.6105429410743836
-0.5568094635467786
-0.45402531339250146
-0.3380431272698627
-0.2706057064034507
-0.17968706060199607
-0.04023224284382387
0.08448341322327738
0.1768129718055326
0.21238928385160893
0.23109445729843145
0.2838421371190198
0.35520517397498147
0.47024176852767235
0.5317916336762267
0.5453681503114263
0.5730147931603193
0.6355590064883743
0.7648220281195277
