0.0
0.0
-0.002599368862018272
0.02373211124802163
0.04264862918440968
0.07378491311812058
0.11148091170647467
0.13597632565070708
0.121506180555218
0.09789312645411692
0.08268829132828749
0.04250890625938184
0.002549508703782462
-0.059687767294363155
-0.11271162261040465
-0.15249478131297559
-0.1930118331624744
-0.19380465631049817
-0.2140648550288336
-0.25462702113325403
-0.3270201902038063
-0.38698507569688917
-0.4363026785779144
-0.4849741414398623
-0.540862348238328
-0.5696508996084031
-0.6273698607205657
-0.6847494650217351
-0.7229918344658558
-0.7381844113904122
-0.7562252238581153
-0.7526087048736734
-0.751616882104929
-0.7719533832165022
-0.7631896641893615
-0.7352570784757184
-0.7213618833759987
-0.6788993396501322
-0.6106665740961489
-0.5336522688012447
-0.47005139859859923
-0.45020211181852426
-0.4251181292509634
-0.411890144552282
-0.40889147509908147
-0.3993586805480161
-0.38057674093200927
-0.34506064740596
-0.3191305024412169
-0.3231019109997819
-0.3211701297147159
-0.32332301852641177
-0.33259363834099365
-0.3553373333471992
-0.3673154269606602
-0.3740372495735166
-0.38076653930343024
-0.3865899392922905
-0.34479246052230583
-0.30146145946835606
-0.2844836701173394
-0.2548048774382352
-0.24514218174868616
-0.26251029472107806
-0.2362924770449203
-0.22328123853897552
-0.22082643199513016
-0.216985989641445
-0.20430830709320505
-0.16357740409753874
-0.13322316394451203
-0.1292108633965502
-0.10085856720671821
-0.07206559817816735
-0.03170329901972177
-0.020669110305566476
-0.005262460099655905
0.014926803207816825
0.03717765479196135
0.04342348388392897
0.057798665169290324
0.08279615081391171
0.11962827299563236
0.13667044823825636
0.15931736368767208
0.2147972935989968
0.24947928962613877
0.2644858845446427
0.283764059775767
0.3159362768570657
0.3712676398733761
0.47086238893107574
0.5423005321126828
0.6138252649316432
0.6896584608947165
0.7543928994957434
0.7820621828698111
0.8213838198582966
0.8314554255243324
0.8462263451758483
0.8607870533681945
0.850758762383105
0.8509653137088173
0.8695194998903095
0.866875742992299
0.8727222052073407
0.9488625589503525
1.0361485093136136
1.124071401261377
1.2144329485791492
1.288084033458823
