1.0
0.9996260669387755
0.998902505827105
0.9980384227446796
0.9967455530525926
0.9953685094639646
0.9937414985814456
0.9919811719874293
0.9900480734135969
0.9878640791579081
0.9856776271495835
0.9836209872016193
0.981436267864231
0.9793916676019497
0.9774281681115211
0.9753157720168878
0.9732402919858133
0.9711471501973304
0.968949540291039
0.9665515300005098
0.9642931447733671
0.9620787762171986
0.9596140101217461
0.9572584007373602
0.9547495149645312
0.9523814728314676
0.9498185069610499
0.9473159108343477
0.9448407818178124
0.9423740104819236
0.940085268866727
0.9379027232957751
0.9355159526597426
0.9328842110748276
0.9301512507423984
0.9274868991930745
0.9246664097493796
0.9218574043347529
0.9188863934312814
0.9160202935302656
0.9131646435509796
0.9104478703216885
0.907896182542122
0.9054013609532955
0.9028847752509518
0.9004219891842622
0.8979979316554556
0.8959406478096236
0.8940910623959574
0.8921437146250032
0.8902339988133626
0.8883351802734073
0.8861467708827538
0.8841247039588973
0.8821622118125928
0.8802748542247811
0.8781888479754097
0.8761102290479902
0.8737881288834592
0.871397803274223
0.8690749105133729
0.8670140212211683
0.8651889367380017
0.8631423610116944
0.8610559917305526
0.8588805025590562
0.8569938387187216
0.8552552825938943
0.853272328044352
0.8510282202146459
0.84870319808244
0.8462318778314036
0.843583971922479
0.841042043085199
0.8385066042122953
0.8359285007214798
0.8335202406273454
0.8311925784393007
0.8289661795926357
0.8267933526582372
0.8245692002894075
0.82246593721426
0.8203228240431447
0.8181791038960297
0.8157961029554983
0.8135881322505623
0.8114330474237097
0.8091554649675344
0.8070198063529275
0.8048162496799299
0.802816131642423
0.8008009955036693
0.7988544667333818
0.796905898931245
0.7947956580575672
0.7927553043647046
0.7908274199023794
0.788879489964113
0.7869776376022118
0.7850073438382328
0.7829022489747784
0.7808265847537813
0.7787856091768826
0.7767415028621735
0.7748048255671506
0.7728196642773897
0.7708677160223625
0.7688116952274485
0.7667997955950339
0.7647525757189407
0.7622936661171757
0.7598960780506163
0.7573744201554818
0.7549476794074079
0.7526250397262232
0.7503969630654818
0.748218450823416
0.7460986734037834
0.7438559158589094
0.7417460116008847
0.7397399639851295
0.7377172384306685
0.7356710650430291
0.7337320950563958
0.7317032638652231
0.7298740430690216
0.7278872358005086
0.7258896351196754
0.7239300179628765
0.7215796599082593
0.719483479592664
0.7170020965485717
0.7145326888150005
0.712102007483869
0.7099479353157023
0.7076970456573473
0.7056829446250934
0.7034902505232504
0.701301012021954
0.6992026145177521
0.697218427632126
0.695248268141548
0.6933465831683738
0.6912979536471543
0.6891477458129297
0.6871330234598408
0.6852539672502332
0.6833427883147153
0.6816835134592448
0.6799140348179461
0.6782265808976047
0.6766355053559141
0.6748348174072183
0.6729417395145948
0.6712035886816196
0.669370854588293
0.6675938547425586
0.6658900171140298
0.6639131356634471
0.6620812101263709
0.6601600739297874
0.6581307366536633
0.6559935381834627
0.6539105834237539
0.6517776455080244
0.6496096341034931
0.6475820826307427
0.645493306169713
0.6433955988548251
0.6412768955495357
0.6394762848315843
0.6377095306063177
0.6360567695186847
0.6344182790656429
0.6326426803263822
0.6310065366627735
0.6292986237409011
0.6275424711167376
0.6256619143666208
0.6236820713645781
0.6220551907203219
0.6203119443030795
0.6185294336313409
0.6169394917631036
0.6151730048363424
0.6132411619483923
0.6113101669124656
0.6094270676251902
0.6075156433870602
0.605701517889951
0.6039622502735297
0.6022076293806985
0.6007783332214461
0.599182560738495
0.5978234920574186
0.5962910348190625
0.5946292922156409
0.5930561954004812
0.5916003645718811
0.5902770631744158
0.5888276114065172
0.5872879191163114
0.5857004734945549
0.5842236005195682
0.582623765922237
0.5809594321912774
0.5794538658245277
0.5779237583427612
0.5763320804038233
0.574649271039735
0.5730805358049292
0.5715654843973983
0.5701473338044916
0.5688417388241929
0.5674655948995229
0.565935651345591
0.5643165977306245
0.5625148806231048
0.5608285358201581
0.558986570719801
0.5572950554440289
0.5556162057218615
0.5542936976231736
0.5530625293159089
0.5517934443325498
0.5505226618061869
0.5493209152033638
0.5482119710238362
0.5469076572560078
0.5454483457825896
0.5441742324999254
0.5428803102405575
0.5415129374386443
0.5402447734720731
0.5388994791946005
0.5378355328039649
0.5366658695749712
0.5356151298259897
0.534521149683762
0.5336596565805262
0.5327870320032181
0.5316342169663492
0.5303237109874326
0.5288933215579613
0.5276382048749348
0.5263023036725548
0.5250793194865698
0.5234618048744702
0.5216878380819435
0.5199278933174951
0.5182215061319324
