1.0
0.9995487895362664
0.9986101369798239
0.9972908760532466
0.996008772060724
0.9947281683825002
0.9932750591360124
0.9917998152814107
0.9903610190067633
0.9887129772628069
0.9867889671833698
0.9846162553859739
0.9823116123839651
0.9798085144916394
0.9770621004014703
0.9743189805779912
0.9714803207911473
0.9688290849204917
0.9662274758366206
0.9637093391912134
0.961192503772985
0.9585237587093639
0.9554718579815539
0.9524140786879908
0.9494214455348093
0.9466247272656382
0.9439502129284556
0.941195375145838
0.9383208348173347
0.9352530235661074
0.9324174672425528
0.9295155296438041
0.9268547924006113
0.9239920012766578
0.9213217602008196
0.9188214097376183
0.916130793472034
0.9137642858481877
0.9114053750633532
0.9089261927477468
0.906738228330256
0.9046142600154506
0.9024580824931905
0.8999487351195201
0.8974591006115732
0.8949850462945259
0.892415981264726
0.8900739582469852
0.8874690774049286
0.8851205820119683
0.8824974715386288
0.8798510982533844
0.8771213333578465
0.874338282777469
0.871710523531957
0.8690360151378338
0.8663221254927795
0.8635229244835322
0.8606179940286717
0.8578546688947717
0.8551877830119614
0.8524075896826224
0.8496652931175125
0.8470131913557026
0.8444649720994746
0.8418837382816593
0.8396183841401296
0.8371561239252188
0.8347438339731479
0.8322335401311961
0.8296576883157278
0.8273782373249928
0.8247256518029062
0.8220022168724694
0.819233550305309
0.816288797859168
0.8133508030840063
0.8103704161117341
0.8075658776446498
0.8047493038014255
0.8022126753276642
0.7999468513752164
0.7976745956571114
0.7952735218075404
0.7926840380044341
0.7905408934814296
0.7884037264712349
0.7861886192392817
0.7839694147673945
0.7815406919295971
0.7793437173519786
0.7771292929097449
0.7747824252172925
0.7722748430200033
0.7697939943966664
0.7674055417926311
0.7652897625114232
0.7632191367075669
0.7611705530106104
0.7589468567803245
0.7567522410863928
0.7545374891135543
0.7524868247274682
0.7504138827153037
0.7482651747472222
0.74607398200256
0.743815748813225
0.7418585210287796
0.7399747580939863
0.7380273145748195
0.7359152324515156
0.7337857368369105
0.7317405911881605
0.7293808759126079
0.727025929521593
0.724831363477014
0.7227656518995128
0.7207959075657185
0.7187520597069218
0.7165722506239703
0.7141493955860608
0.7118442846769063
0.7092991822200773
0.7068245209704858
0.7042039446421678
0.7017775786660905
0.6994533506286694
0.6967683514011908
0.694054379855269
0.6913431527273464
0.6886718905293642
0.6861788086868269
0.683964043600079
0.6816080319305724
0.6791642734521776
0.6764879590668118
0.6738855287902964
0.6711307561808093
0.6683131212965399
0.6656075928597374
0.6630785368372918
0.6606393784336049
0.6582511033366567
0.6560659643444695
0.6539720633725509
0.6523012123856503
0.6506997951956859
0.6489579991364398
0.6474266656060583
0.6456719546072887
0.643716319704063
0.6417789771614458
0.6398088495421548
0.6379611461453595
0.6360866040130075
0.6340413173995281
0.6320859919576729
0.6302140226493701
0.6284425958038589
0.6266088257246805
0.6246277462510264
0.6229087481919295
0.6210869412528023
0.6190823017606738
0.6172007195616296
0.6155034939086118
0.6136083496856306
0.6118131363546384
0.609941118391436
0.6077757584785928
0.6057440421232044
0.6038980041549216
0.6019814924260009
0.6000437055177341
0.5979813491748546
0.5961986598701072
0.594684478107033
0.5930855500260996
0.5915158632819486
0.5902306469008711
0.5890419352433223
0.5874304881743095
0.5859403679909635
0.5842755756769173
0.5826616968234634
0.581231245835419
0.5798018259532252
0.578214387057989
0.5764533991768231
0.5745638785043745
0.5726931054754829
0.5707687610976997
0.5689954842592495
0.5671130256345989
0.5650319857979215
0.5627325870229306
0.5604933971727274
0.5585244841218666
0.5564746091414902
0.5543327261116899
0.552061548120771
0.5495255972836596
0.5468999166588474
0.5442751424186331
0.5418363544033105
0.5392113708048609
0.536642440521157
0.5340589723291934
0.5315714734860305
0.5292967240153057
0.527043817675843
0.5246892893765246
0.5224900132017867
0.5203570284447308
0.5184596476539458
0.5165106348044272
0.5145988996472562
0.512637702465447
0.5106051988921391
0.5084583282629118
0.50645667330842
0.5043948284064442
0.502384255200304
0.5005897514273792
0.4988964936499573
0.4973773355923314
0.49570131393728084
0.49418796795465886
0.4925684244486545
0.4909109789075317
0.4892276030436897
0.48757735623973125
0.48573448171098527
0.4842143653002267
0.4829087370731887
0.48147205690418965
0.48012266973573137
0.47868200296547947
0.4770667226862954
0.47568718216220274
0.4743363472992964
0.4728631951467111
0.4712013482658504
0.4693558440756137
0.4677082143948392
0.4660183249646456
0.46457909068953024
0.4630164757655799
0.4617786871032327
0.46051971970993455
0.45940021763464944
