0.0
0.0
0.0024573762330407827
-0.01706312459395717
-0.05863655605598278
-0.0766963948688017
-0.11469436476062689
-0.17089403175367512
-0.22092938082795988
-0.237852295370184
-0.2178482302129177
-0.183158132341861
-0.18427552834632188
-0.2203874924769599
-0.2945150306493497
-0.3697868734906419
-0.4678093811090008
-0.5480919331988553
-0.6022937121990852
-0.6698488171814481
-0.7775551389991393
-0.8935393427925734
-0.9914863712485426
-1.0925729823037356
-1.1781186507980628
-1.23098686528084
-1.297515804829123
-1.375589489524367
-1.432504136663419
-1.4699154104692405
-1.5333102558547318
-1.5915021564369491
-1.6851794635709252
-1.8078733034119403
-1.92425225585362
-2.0449723884969093
-2.12060869452262
-2.181741522783151
-2.21630087654663
-2.2407764649693416
-2.3240277798592244
-2.3938917455842468
-2.391669984371218
-2.395396606878156
-2.362691200345145
-2.3545775654980043
-2.3659064583819487
-2.357886424306745
-2.320517835521542
-2.255476549619738
-2.222900681831335
-2.1934579574499184
-2.1477722102878958
-2.1160732078799307
-2.0895931589452514
-2.0496995562193194
-1.9832335137213786
-1.9379855481099042
-1.9192968343664714
-1.9056510082039435
-1.8926041793452093
-1.9220458791908392
-1.9056244455831997
-1.887375002013313
-1.8556905276312492
-1.8316495585326826
-1.7922603128593881
-1.7319326318890356
-1.668068542603804
-1.601542808566504
-1.557920259426694
-1.514742518500107
-1.5098605947062471
-1.515622883383588
-1.5067390311867863
-1.4712117701746712
-1.4642217067910117
-1.4583728328784733
-1.4658936592924001
-1.4810524346312555
-1.4935094247488392
-1.5010513094420885
-1.5202845106834848
-1.5263469349654752
-1.5373242250632067
-1.5785463263276043
-1.5864650528102548
-1.5725068848064698
-1.5283904608267245
-1.4784842703701264
-1.4283414987361263
-1.3702689292312407
-1.2816458900905285
-1.1913804583730345
-1.1318417179630218
-1.075421686901413
-1.0151411088566886
-0.9876995192267524
-1.00671957509512
-0.9997070629699426
-1.008487863929711
-1.001172826387992
-0.977295565945509
-0.9553316173819153
-0.9304009500408078
-0.8855513583078976
-0.8593719833539851
-0.8529215601787923
-0.8521339595431929
-0.8764454626861286
-0.8839837641122966
