0.0
0.0
0.012919955300919526
0.01608422862586159
0.01705252183112887
0.011967035725194669
0.01640055719418545
0.020526043679455794
0.019276124749672018
0.0267091915682832
0.03228624230399802
0.023221800850655814
0.01006750561853514
-0.010833892722111594
-0.045559146005275816
-0.07934428047217726
-0.1061749916589716
-0.13080400539812923
-0.1577532185242627
-0.19195448037021012
-0.22615098119029892
-0.2649961822358186
-0.2942542097586084
-0.3242857800707116
-0.3461387529985361
-0.3688814420021278
-0.36961484173962056
-0.38180224426564274
-0.369670360169201
-0.3509990243536228
-0.3312589651397767
-0.33344922648050945
-0.32078879810602823
-0.28749361147565355
-0.2615907148330479
-0.23530114380721578
-0.2168971033919015
-0.1986685088835972
-0.1878993083201861
-0.1594045180979553
-0.12243247799749592
-0.09364474096758638
-0.07865904846080114
-0.08623405285556587
-0.09386498978429227
-0.10419655620716956
-0.12022313068334119
-0.12141674325629392
-0.11590902821168285
-0.1173585872363028
-0.1151153973707951
-0.1230269824097273
-0.1357920068239786
-0.16778565849382088
-0.20694329804999742
-0.2464838483019261
-0.2858899963484412
-0.3246310691864325
-0.36140478799301406
-0.4146930892418919
-0.4706890673465992
-0.5183762882607178
-0.5471004013668554
-0.5927963295438747
-0.6284287529353463
-0.6644297071992817
-0.6953716872609847
-0.7145317675218686
-0.7362661550245386
-0.7591517483726924
-0.7729245726827076
-0.7889935608971965
-0.7876444156394505
-0.7946492817256113
-0.8206047364118788
-0.8317646030699077
-0.8321037007718157
-0.8122520738178557
-0.7790150119426267
-0.7617264787485506
-0.7482716680682275
-0.7522746404032916
-0.7536275826503068
-0.7382089278238807
-0.7288889646121697
-0.7219457174480394
-0.6978449394157105
-0.6705408001647232
-0.645973031283524
-0.6337695674483702
-0.6095697309107605
-0.5767675262981438
-0.5499533034645276
-0.5057822794851466
-0.4590054272754554
-0.4191111864788555
-0.3870159117108515
-0.3596519735359872
-0.33693796157361805
-0.3131945248711061
-0.3135232477569432
-0.3322011833426841
-0.3495057485544603
-0.3658294401581129
-0.36847661624478284
-0.3686453132779059
-0.38952959059793346
-0.40584757984858894
-0.41929384545330084
-0.4257656193667812
-0.4460665258475571
