0.0
0.0
-0.008007224625208718
-0.020274957847501853
-0.02880294987761179
-0.03228949986482948
-0.026154773773015276
-0.011370836700073106
0.00513065845790097
0.017711623230048087
0.02754390307110999
0.025333963725011895
0.03115734432267439
0.032949028282603834
0.0428705968381156
0.05209266132784105
0.05804374643548917
0.058144194056409346
0.05566521563387526
0.05298748922599201
0.050504078797556515
0.046439718350969286
0.04978138067604094
0.06390225259119589
0.07614795814184569
0.07274975944780221
0.08068607446179266
0.0986829045093541
0.11422301553380865
0.12881427665649917
0.1462970701297696
0.16293149180453975
0.172306930557655
0.18707764595063092
0.19673364842580193
0.20462048657441004
0.2010641247711347
0.19703706006635885
0.19551294841126143
0.1952538772431371
0.19684740501273676
0.19160943221530022
0.17829690125516623
0.17669933536194282
0.17532933466867331
0.1766431270661401
0.17495581684703743
0.168732888903032
0.16094161113680994
0.14821164798362507
0.13752129433709204
0.14465266667624146
0.14785360752754714
0.1575153943992632
0.15960487087680425
0.15579872592958732
0.16111560967541405
0.15424768703168698
0.14523658768124167
0.13379610644079043
0.13000322002219056
0.12084711396364332
0.11184388626730203
0.114552372023067
0.12338656029869692
0.12601046709896632
0.13127655762553042
0.13764790016496942
0.15084816418222402
0.1689347464695281
0.18006151235630508
0.190632521231637
0.19557412654752088
0.19521583654921043
0.19545047754651526
0.19966861800717955
0.19441208898123608
0.19358778714288552
0.17633348923569622
0.16055206226461857
0.14720339803743607
0.12219684668642822
0.09419762731721118
0.06916754694659798
0.04454465228958439
0.018595219121683975
0.007131338565914087
-0.0004686727024289204
-0.012459359497652187
-0.025070734969013117
-0.04269216801744635
-0.05806808397720565
-0.06318437124472927
-0.059889375560862414
-0.04663628401144243
-0.0361714345719817
-0.03860107656574522
-0.03684487391887387
-0.0408772343461499
-0.0341512936424646
-0.034300638817945595
-0.03026647679160576
-0.02042918624443999
-0.019094868348540274
-0.009115559443844283
0.003820510395580543
0.021489913691049422
0.03204017898076143
0.034211769978232706
0.037204175619107965
0.03054537080583796
