0.0
0.0
-0.0009505609109136483
-0.005569682672787662
0.0008681950029116653
0.010294031822362226
0.010775206654591581
0.00433964715037353
-0.0018150392428836828
-0.008117514813570138
-0.015835734811956645
-0.023016657462317548
-0.03162017455561389
-0.03643351481149126
-0.035456955425188175
-0.029071274546269933
-0.02991639531968723
-0.030385852018776683
-0.02662943538709213
-0.015535020272231359
-0.010690327867537475
-0.013186277512682285
-0.0163268505141344
-0.013312001111106033
-0.0164842719616051
-0.02463776655200749
-0.031122881134082313
-0.039030031611615584
-0.03914736265761693
-0.03368579811325067
-0.032361330786992264
-0.02772218365149464
-0.031905566648987305
-0.033475962401561137
-0.030830397365375524
-0.02978254953759921
-0.024972125543206384
-0.020339878498371034
-0.011445944119768443
-0.00748682611684979
-0.0027850472003848317
0.005977405818928225
0.013137741570755469
0.02106370627090129
0.03661897863625732
0.04897851211606982
0.06340988790431233
0.07395877507591805
0.07304090260793668
0.07481488369736587
0.07847151505929172
0.09425193289207937
0.10808996466229293
0.12026245770254836
0.13151578447331527
0.13919149882816498
0.13874987356620927
0.14756866012595213
0.15587342590761258
0.1675738289716681
0.17246122102183564
0.1662544414343291
0.15871670419177605
0.1484993837156917
0.13878286419239522
0.12887827968233717
0.11818111251160772
0.11525737845567417
0.11531347996526603
0.12361131450368613
0.1396427865086079
0.16134105855805178
0.17791506470620233
0.19169550995244683
0.2066146509250925
0.2182492881802621
0.22831690280771422
0.23784299174269063
0.24529048284954036
0.24575921192235825
0.2529631832424365
0.2556799885350293
0.2486530899865489
0.23793890015210203
0.2244415182267568
0.2185476940547725
0.21323311909504733
0.21062912318017415
0.21252237804445281
0.21089570009730255
0.20942183244315976
0.21247624238140295
0.20662955884977288
0.20289037327245982
0.19925230832538846
0.19396389249945414
0.1988138562903915
0.20302490258737677
0.21128832692788677
0.21712574630547704
0.21483853606248463
0.21016034148976645
0.20641898360612637
0.20072206285779243
0.19639454757542618
0.18979267711386336
0.17775040856589383
0.17303056691520508
0.15967415567489907
0.14830473365683777
0.13654311655118404
