0.0
0.0
-0.006022174312802149
-0.01898107629927486
-0.026544966573021637
-0.04267050363103567
-0.06093126607691881
-0.07629626028154232
-0.09464747689714967
-0.11405857615979745
-0.13347764106174842
-0.13690744014478534
-0.14121522360866579
-0.13858560148793367
-0.14113451213617853
-0.13588525943802934
-0.14019608543563564
-0.15214338420787055
-0.16545444144724708
-0.17985813477356427
-0.18975692266665398
-0.1965012203540903
-0.19605056244588845
-0.1909966725025561
-0.18870186926561222
-0.17655837180262843
-0.1621208824520044
-0.15151274957304245
-0.13783858796992393
-0.13617562261242006
-0.1316887266095506
-0.11870287996641692
-0.10229682033703417
-0.09012712609500732
-0.08042793766497199
-0.07318438641356147
-0.07207206882870715
-0.07094944227796002
-0.078186788846821
-0.07951226927926426
-0.08597974977357209
-0.09396226164111095
-0.10081168397373545
-0.10681403592624825
-0.1002010737741625
-0.10283624677847208
-0.10453934674267888
-0.10993713523880254
-0.10716462409813148
-0.09728978050313639
-0.08852386991050876
-0.08325304561919684
-0.07371166026456592
-0.06790771039050583
-0.05787752494279599
-0.04683017514847738
-0.027260319287442943
-0.008994589057245057
-0.0036642388709779783
0.0037102301918531854
0.016632856279859814
0.02188716889901577
0.02642580786138553
0.02824961383469424
0.03248062002385009
0.039815598659209465
0.04360124973556683
0.05097899184014207
0.06562201752814416
0.08320369947417523
0.10335691504353901
0.11868956890910971
0.14517281407825047
0.1746165348931341
0.200472067670822
0.21696105597311208
0.23696288987141195
0.25503152655158456
0.2658748245673671
0.27222522330593374
0.2854871519492433
0.299564397989841
0.30603360823154385
0.30905332750127745
0.3068468382029218
0.3179222370418149
0.3245094176022891
0.32958595990918277
0.335864271308338
0.34819189190878685
0.362373051074101
0.37670301824987085
0.3878720493743338
0.40713085316951797
0.41705557853816444
0.42511187055254857
0.4357290093179628
0.44204660734487017
0.44782166880307234
0.46377790565854343
0.47578996131531776
0.49020817215501233
0.49663535537407005
0.5012408198358357
0.5112885489618554
0.5204370975916219
0.5349749047822147
0.553250465234038
0.5624856106299291
0.5701694760537271
0.5876416465713407
