0.0
0.0
-0.009139973865287136
-0.008205369484276309
0.0020397879212057986
0.017248190639920204
0.027458866594650824
0.028002240666531848
0.01124827054891649
-0.014583539671762305
-0.032622078934356404
-0.03290965760515957
-0.046337650612613114
-0.0661602128852126
-0.08789364361465032
-0.1109932147596
-0.1363988434944628
-0.16553026417414227
-0.20280561721203552
-0.24447708431330675
-0.2865453809733089
-0.3217344043507075
-0.357903426711535
-0.3931438206824325
-0.42019891269562726
-0.43557582137758016
-0.43653584689675695
-0.4240164222199544
-0.39922002967282144
-0.36244507818884547
-0.33967127516258755
-0.308053538500078
-0.2842556690586007
-0.2710553323669616
-0.2562437224577649
-0.24778626891040478
-0.23528471791627753
-0.23082331961063887
-0.21346983070728318
-0.1919398738066175
-0.17898671823182205
-0.16831542555925938
-0.15237614163374322
-0.14116777590108448
-0.1323943968509786
-0.12508487335737503
-0.12012611535570213
-0.1154578618126148
-0.10034856416921963
-0.08277723561704398
-0.0829802612017408
-0.07800479003685941
-0.08138394161680866
-0.07482112315403942
-0.07300072257114568
-0.0679586939749549
-0.05487964091916689
-0.041593079911114966
-0.030401300075250513
-0.011125569426535878
0.009165480290089706
0.01914935119641701
0.04673476268321041
0.07052961053446945
0.09400045740813065
0.1041792643245203
0.10165567764064298
0.10326678959769173
0.10370290260028789
0.1074852517808105
0.11911420500801839
0.1316015772222966
0.14593772100778493
0.15200310362932234
0.16298107536522743
0.15917599073584082
0.15561759471418968
0.15095970481808024
0.13916463342300975
0.12731872903613675
0.12136248173353634
0.10739382619616283
0.07860755002952233
0.05363218515337999
0.04318655819873825
0.043283096611657204
0.053578330569991395
0.022754631061645395
-0.012195973012801023
-0.049601020180204625
-0.07626689685279138
-0.08562199219097111
-0.08692335202863996
-0.0887932604071325
-0.08149996147870767
-0.08334628495223587
-0.08985120702603328
-0.09765941237307424
-0.12716701338802502
-0.1432903803003116
-0.15417811625200245
-0.15464097883424482
-0.15350389837275966
-0.1612803808826086
-0.16594212991983004
-0.1858684281910484
-0.20508650191822209
-0.19236208124136017
-0.184603257261859
-0.17745735199040696
-0.151401212983124
