1.0
0.9996555623268698
0.9990872321754403
0.9985455361197623
0.9976401874289222
0.9965361572636822
0.9954213633620446
0.9942164971373187
0.9927644346742802
0.9910944959548589
0.9892195175896038
0.9874014933905079
0.9853715878025684
0.983435474780435
0.9815022616985224
0.9795940059522839
0.977576930354601
0.9756854534620997
0.9737088748347806
0.9716382997333919
0.9696702803359647
0.9676478964890216
0.9656494964255088
0.9637764825316055
0.9620191689259963
0.9598128480797079
0.9574722374056109
0.955151534416143
0.9527115241004872
0.950184360218257
0.9477528393007402
0.9453430276184676
0.9429536624661552
0.940531232172835
0.938206553209326
0.9357837387650799
0.9336379392675578
0.9318781113419702
0.9301991375188018
0.9285594801924149
0.9266497824562767
0.9245005384762679
0.92236239675463
0.9202971463533082
0.9183108827733416
0.9162116710930451
0.9139247329656702
0.911455091394206
0.9090815375239333
0.9067685599728262
0.9044831455406582
0.9023834033851017
0.9003151778201646
0.8983291936903428
0.896379319190741
0.894468985861127
0.8923725507103025
0.8903484884579692
0.8882431286810742
0.8861901712326723
0.8844834694389597
0.8827043957847964
0.8809110080529728
0.8788666808933243
0.8768508340395347
0.8748923353042877
0.8727453375891222
0.8705541072622557
0.8684021136923169
0.8662645338416609
0.863813123254681
0.8614516286141947
0.8591515227602982
0.856731214613704
0.8541890850084073
0.8518692507033324
0.8493661873374876
0.8469648877841858
0.8447174929190847
0.8423544504616925
0.8399625130008999
0.837432006161704
0.8349586686998149
0.8323692898752575
0.8297923036522729
0.8271774754796735
0.8246583614734269
0.8222669057165019
0.8197982507527894
0.8173454459001259
0.8151270839485019
0.8129141927830225
0.8108635745659446
0.808980409617609
0.8071534233484731
0.8052094857532578
0.8032197130219729
0.801292595111315
0.7993309069709242
0.7972822151365426
0.7949783121683077
0.7925702987730093
0.7902253611399292
0.7880934537016697
0.7860717392900142
0.7840683944177828
0.7821173653564135
0.7801119785608974
0.778240642922433
0.7762388001665325
0.7742722537109253
0.7724833373360015
0.7706611758131012
0.7689184154817141
0.7672074143820354
0.765154996565486
0.7631753765215488
0.7611948440091836
0.7594233032791589
0.7578046796542229
0.7562434976476762
0.7544937243728
0.7527094095790636
0.750943205444049
0.74926256690125
0.7474871232580076
0.7457127365697556
0.7438950699632898
0.7422428497616615
0.740589943280807
0.7386831616116367
0.7369089896957755
0.7351293360817167
0.7335091270965052
0.731912095236924
0.7303577634080465
0.7286893975773242
0.726797551210252
0.7247839164830001
0.7226478153548376
0.7203581422919699
0.7180921508053495
0.716130080421452
0.714086798938372
0.7121531956491779
0.7101699296800055
0.7084520943201698
0.7063703078104587
0.7043234779537936
0.7022035059220519
0.7001759314334514
0.6980929821892479
0.6958436025149862
0.6937313661486258
0.6919581209055244
0.6902695959933647
0.688671578824453
0.6870046139142304
0.6851597325381034
0.6833867486351737
0.6814757348455831
0.6795740235257786
0.677625673363849
0.6757970125591052
0.6740767008828561
0.6723339922361371
0.6704055538452726
0.6684794272998329
0.6667017430632523
0.6649504450582258
0.6630219730380063
0.6613310337059004
0.6597203410800349
0.6581578710618324
0.6569300666937734
0.6556552162038932
0.654493893781132
0.6532448690340245
0.6518826307677892
0.6505567671866888
0.6492476464306896
0.6481762997630265
0.6470648211234046
0.6457813905828818
0.6444835220012548
0.6429758365228707
0.6413017283218732
0.6395534302473437
0.6379789437768258
0.6363857532169631
0.6347539248242577
0.6330692079171586
0.6314721674064792
0.6298790574366387
0.628356851780214
0.6268873217402137
0.6254117111959059
0.6240361759950322
0.6228670819454715
0.6216010000332635
0.6203147248887213
0.6189825045704263
0.6177041200731468
0.6163979263841787
0.6151559748683026
0.61402845114099
0.6126946385555312
0.6114257004513024
0.610224174099194
0.6089024489601448
0.6077303159157292
0.6065111593636214
0.6051541184218238
0.60371631858747
0.6024258503510223
0.601243643677168
0.5999832993060922
0.5987731030351215
0.5974236151848767
0.5959588782833568
0.594241181695675
0.592524049090629
0.5906685698215508
0.5888651498363016
0.5870765685712805
0.5854598820620123
0.5839392138939534
0.5824614090845154
0.5811400120751754
0.5799399633769404
0.5787153911237772
0.5774348026791762
0.5760478515515894
0.5746060550109711
0.5732339009258622
0.5718303124828744
0.5703526421234272
0.5686597697757358
0.5670726013729092
0.5656331332749914
0.5643673345274971
0.5631860627481704
0.5618397760027724
0.560565522818083
0.5593128109166037
0.5581106825311214
0.556993445122022
0.5556648174142066
0.5541773702773005
0.5527084421416822
0.5511411409783882
