0.0
0.0
-0.029081101686823166
-0.027486313058649778
0.12031987452562966
0.12796786131704893
0.1199138148875721
-0.04141542641879278
-0.1777352601967479
-0.17908653075983436
-0.20548811915257356
-0.22366934799628194
-0.4047604531213287
-0.5370361275224881
-0.6026702677286332
-0.5752996862781337
-0.4852696760402099
-0.475251207255429
-0.5170291029170101
-0.6568052179090732
-0.789200739809583
-0.8987029161214974
-1.1308994551791802
-1.3718518811762745
-1.7139941497517994
-2.045121249227349
-2.4078130154330832
-2.8063765536331045
-3.1691888917419346
-3.419429296227562
-3.5213733987422433
-3.467257768493137
-3.4584926436133454
-3.2304203474244297
-3.0592466009910524
-2.95337084393723
-2.8384472409669197
-2.605913528693179
-2.4411226931269217
-2.131419990741092
-2.025830305736772
-1.8339058847250524
-1.7690572210245648
-1.6705808067842982
-1.5703319837570067
-1.5733293940639623
-1.527883560050275
-1.5847527021060008
-1.5621626351525126
-1.4554257423195318
-1.4056655090644012
-1.4710143968388343
-1.2358632882929217
-1.0043648977701372
-0.8333620915343276
-0.6728633791838379
-0.5481106401575845
-0.17019189028735004
0.23600667877692277
0.4693179236774604
0.767791006007308
1.164927381095821
1.474865050965474
1.9198541757056165
2.317964620281238
2.52193992701253
2.724832514124457
2.7214660230047842
2.675049616267025
2.5929025581667644
2.5699700664313707
2.592496795285023
2.6761383371380867
2.899045062361602
2.9691984556679807
2.8901931322929433
2.782464567756604
2.7427273884293335
2.5800104534827457
2.3798443988277778
2.1887486521545263
1.892925417421225
1.6478567569474942
1.6966410741120312
1.7719771489815894
1.8589537102928007
1.8008689704685952
1.8012489766621236
1.793365148201729
1.7644040091623319
1.5809731322778078
1.4626630248871657
1.3703667416290528
1.4077739395411073
1.5113912306501347
1.7195962746228437
1.809781017670509
1.9088015853923836
2.06280703209375
2.1710057307065913
2.2768862470690636
2.414063618766119
2.525497963678611
2.5891979262423375
2.5973459579434723
2.718934667626147
2.657728393079082
2.5202640557566265
2.3422369587699694
2.055170404270191
1.757026409703834
