0.0
0.0
0.0030709825714703336
0.0034023460707191906
-0.026940158780758765
-0.064332886813114
-0.08665355737111519
-0.103448544778445
-0.10888922558387468
-0.11947633810311371
-0.12851403984282103
-0.15470340592523282
-0.19438888230958518
-0.2257279106932078
-0.23379359324528828
-0.23281330403402023
-0.25120503066766897
-0.27093778295144605
-0.27518032033308354
-0.2635986631171992
-0.24878776521754795
-0.2402932490905161
-0.22561503498837096
-0.22218173425900006
-0.22060996173973638
-0.22216259572681554
-0.23912519834200105
-0.2332281250227725
-0.23841917080181974
-0.2428593505801048
-0.2653269922675052
-0.2838771535805192
-0.30857666055864547
-0.3161324838997314
-0.320615963744429
-0.3269594281501302
-0.32857623823943233
-0.32197882819998763
-0.3017640374547789
-0.2690253700087745
-0.2368684214595797
-0.18731551420489456
-0.14978273872547326
-0.11669418817573093
-0.08191178482910427
-0.058530405653592216
-0.04004273246469047
-0.04044780190502461
-0.04746083440731892
-0.06583143525942828
-0.0777940940030342
-0.07703129280490868
-0.07120961850571951
-0.05731804405896942
-0.02697408344199154
-0.003673666261813969
-0.0027474632225908883
-0.009338796799730232
0.013642171982809223
0.01286641193155316
8.428182235409136e-05
-0.013712035584011585
-0.028842488199611424
-0.058601344952479595
-0.10651768936715805
-0.12846560773061222
-0.1364065901438173
-0.1594936103872193
-0.1860689410613494
-0.20581884244592052
-0.18793650356486713
-0.17504734873346592
-0.15175515586497715
-0.1269289243324225
-0.10563840572497746
-0.09206294855846422
-0.08172220338987934
-0.08292390592231566
-0.08421342269060852
-0.08873113385226056
-0.07590531366283891
-0.06271062759166571
-0.04078392510751114
-0.00681210525813597
0.025110906227030667
0.06905046482323451
0.10138389817890983
0.12399193034972522
0.15037279925576613
0.17945501240042225
0.2002778025768523
0.22472942897999287
0.23694458578462788
0.23142819962649616
0.2344507798659257
0.2567082052248128
0.28670081312256385
0.3237866556159787
0.37057319022982155
0.3833643571058656
0.4037268591483818
0.40990867108235224
0.4214633028796286
0.4466145777081335
0.4497731982456338
0.4509604975430663
0.4695512636376736
0.4965764586825076
0.5126108298707805
0.536580234077695
0.5545059183602099
0.5547917637615265
0.5474334670221482
0.537096219543865
0.5216056953285779
0.5066589297711228
0.4906587430744787
0.48365060165086377
0.4761430777544898
0.4833930476611755
0.503245065942446
0.5298248451938755
0.5377456517816082
0.543729082740712
0.5667009199996935
0.5722226567651164
0.5618741359725299
0.5523515238226483
0.5369610683787027
0.5250821335556894
0.5505017070336449
0.5640700812603175
0.561361683716634
0.5604136478874744
0.5542451832740081
0.533231262167778
0.5176796951456951
0.49642627038400067
0.47008508400739857
0.4185086160305572
0.3661888028822512
0.3157828527146973
0.27839685658445823
0.2725085704835938
0.26298679666282654
0.2589910560485412
0.2662229713640625
0.2820778232826896
0.30422809323376365
0.3247525212715334
0.3517232822463627
0.3749482168383013
0.40416831480472365
0.42756420966712794
0.4723187176215699
0.5069865677997719
0.5536330053469021
0.582053793098294
0.6178783370580065
0.6477041299773579
0.6657157751168097
0.6651732826927391
0.6536470338539304
0.6286440955768704
0.6016638214704195
0.5814902564797364
0.5509702612232049
0.5090068492909415
0.4680562682441477
0.46183071566168427
0.431515439022191
0.41059758847163486
0.3947950207338311
0.38863230389929365
0.3707003713905915
0.35017676515558005
0.3505528107650585
0.34046310301495947
0.3378802650474786
0.3033193559110694
0.2699562568346518
0.23907516250515948
0.20242913349917285
0.15529784242356268
0.1135291272082431
0.08276021153644501
0.052013697105691536
0.01615016715436636
-0.020942281165322263
-0.07164613984858409
-0.12740979299929764
-0.1817342951426983
-0.23133823883507773
-0.27938546526477165
-0.3206660292180824
-0.34533343210019973
-0.374682205723391
-0.4055865770006217
-0.4432736174283839
-0.4537896683603845
-0.47907256490723826
-0.4934817678767363
-0.5193954773034137
-0.540793589717219
-0.5576485192589024
-0.5700588442150802
-0.5875585130667562
-0.599520960038707
-0.6016269645012774
-0.5977541396803155
-0.5797282310863495
-0.574718848634694
-0.5519648731504734
-0.544960444223956
-0.56152436275224
-0.5514204382122423
-0.5253019444409834
-0.49805199328069444
-0.47475601990228533
-0.4899557176960657
-0.5176863021316935
-0.5443563479080247
-0.5745315588889108
-0.5960845773181698
-0.6019353608480733
-0.5745393368534065
-0.5371511060360048
-0.5167559297732399
-0.5026490551778362
-0.5088356604584027
-0.5206515750250428
-0.5409282386377131
-0.5684450265843999
-0.61075657292104
-0.6457531990412068
-0.6649578067561566
-0.6807257767707391
-0.6877127719652508
-0.6952864802514017
-0.691239447855671
-0.6914793230630207
-0.6851149465672421
-0.6741831739328312
-0.6769330485705302
-0.6883386621253391
-0.7016497090295111
-0.7076598261149587
-0.7034448732946683
-0.7119588778985909
-0.7171016043650964
-0.7309595704961075
-0.7583883328996194
-0.8136840976978087
-0.8842950765804289
-0.9513535422548023
-1.0089108802595224
-1.0608226378610681
-1.0926248746226412
-1.1195768700937871
-1.1407154543120934
-1.1500426559512575
-1.1648753572359802
-1.1735797828344041
-1.1636058905137707
-1.1497043217330039
-1.1355531428617576
-1.105169566703216
-1.0592101489723331
-1.0325447965176044
-1.0048157880123916
-0.9795045131785054
-0.9660666318354125
-0.9546637581795239
-0.9373987749700409
-0.9017454852756548
-0.8721770306422183
-0.8289305195543615
-0.7884070585351839
-0.7765818060289552
-0.7711347168784948
-0.7709386274354514
-0.7656927216501619
-0.7567771890271443
-0.7512612605076023
-0.7465722924955859
-0.7380060931953881
-0.7085287242065386
-0.6920394900676803
-0.6755764629402492
-0.6603646716046839
-0.6397279318612964
-0.6163779803004495
-0.6003017680993373
-0.5698677388187451
-0.5528072351757898
-0.5147927463700691
-0.4751511407750183
-0.42867901527178925
-0.3917325729995884
-0.37728949212767704
-0.3623387392870923
-0.35209680362605844
-0.35819669473190213
-0.36560307769131883
-0.3557739169724716
-0.3599911660536931
-0.39763596914496
-0.4289495433626007
-0.4549667126982774
-0.4835956163166928
-0.5124582332572466
-0.5460892035903772
-0.5809789419721512
-0.60454664893866
-0.6255402964771876
-0.6454392645935121
-0.6575086783005931
-0.6829698727321227
-0.6946269710885572
-0.7127261417335317
-0.7336840434370575
-0.7395843416311796
-0.7593037222893518
-0.7837720227959906
-0.8048420591709949
-0.8110127572240036
-0.8361114533758836
-0.880117802399711
-0.9295262256948399
-0.9988389593377613
-1.0541177111348654
-1.1237339177010852
-1.1890021074136472
-1.243059897550579
-1.3038901616115683
-1.3772948177398454
-1.4464453984628272
-1.5056916066256996
-1.5866626804673014
-1.6633273142966558
-1.7267993627013198
-1.8007876668522382
-1.8644852797267812
-1.9009944445533558
-1.9332125261709447
-1.9539874589122916
-1.9725977206781415
-1.9996637010404479
-2.022396928464951
-2.0146874035998033
-2.0083763360912767
-1.9946468186580066
-1.9812075501034907
-1.9746142636955077
-1.9669018857636869
-1.9683532171842422
-1.955493589801132
-1.9384556732886244
-1.9380376116409568
-1.9349304418402344
-1.9222427095598436
-1.9112515864286876
-1.88389116871405
-1.8433226390128132
-1.8052815513400142
-1.7723881396251275
-1.745641333395363
-1.7443100640311409
-1.7341726470823016
-1.7199597001607054
-1.698892474662368
-1.6692979819856004
-1.636473635920076
-1.6074904288376684
-1.5742566116933383
-1.526165491898799
-1.4675094146364922
-1.4454586571697912
-1.4186637407801073
-1.409410625503394
-1.3918920615081487
-1.3773018657423426
-1.363594897268062
-1.346597065756134
-1.3258138324855164
-1.2912353472531721
-1.2364878745500054
-1.1604993181061536
-1.1026807739130364
-1.0640820114194216
-1.0513130813605025
-1.0581889211202873
-1.0698349057537802
-1.0839395637536617
-1.0796251734439488
-1.0728102949090483
-1.0704028234145013
-1.07580103694981
-1.0760355271793567
-1.0606141210677764
-1.0580225583571148
-1.0480043971572064
-1.0518385559305328
-1.0548827509739818
-1.0539972347097617
-1.0448317761636075
-1.0348414366052985
-1.0028633526012514
-0.9718630398167228
-0.9364206337953018
-0.905419928887407
-0.9037698986746848
-0.8969352767305349
-0.8992036980402544
-0.8959498751798345
-0.8718268841282414
-0.8528115190917652
-0.8424113570335541
-0.8275170485924532
-0.8110232628830563
-0.8110560741022463
-0.8155256655715314
-0.8357553446631163
-0.8471215954212573
-0.8229367449328352
-0.7684833279979784
-0.7040319429901943
-0.6467658755051019
-0.6008243112943803
-0.5702742868744684
-0.5524869172732165
-0.5410837920924034
-0.5606066059912806
-0.5546403655537642
-0.5576322008587952
-0.5704367311574462
-0.5667515800448332
-0.5587866741905393
-0.5468770522232262
-0.5298991919623288
-0.4943690303802676
-0.45372912522849473
-0.4162114335383281
-0.39176632946054757
-0.37315949947381793
-0.3589659347702804
-0.3495213992141635
-0.3275338285914109
-0.315047767607985
-0.3035570900519708
-0.3042792577251803
-0.3231907526579201
-0.3506686129300046
-0.38095615676942
-0.4121872405823108
-0.4472649828648273
-0.49036459142592403
-0.5403180221804816
-0.5795921821296438
-0.6218694632386235
-0.6772269193385447
-0.7387236014477485
-0.7956128046566405
-0.8501481226277442
-0.8966340520367339
-0.9324500165920963
-0.9669080773365453
-1.0225736692655039
-1.074790121461621
-1.115241486851611
-1.149727786361711
-1.1678756166533102
-1.1753525650217944
-1.1853295790073046
-1.196488729484303
-1.2202813908596686
-1.213959216839551
-1.2101990854437996
-1.2035930506814283
-1.186542600871889
-1.152272791423193
-1.1221563503388439
-1.1022945960502164
-1.0891676319742984
-1.0658065294817687
-1.0458096701903057
-1.0385934268236123
-1.0367857079707496
-1.028714105442885
-1.0113083087872032
-0.9876197722720311
-0.9708368831245828
-0.9741708286560399
-0.9847550111260436
-0.988929003163141
-1.0157021361341714
-1.0348549825189595
-1.0468715582779196
-1.0587994652339714
-1.0761513220081969
-1.094494765667001
-1.1258489000933232
-1.1508305537991455
-1.162632595318342
-1.163430425673618
-1.1382205199494744
-1.1136460707779046
-1.0932208391811307
-1.070840005997001
-1.0371896217087548
-1.0026619064585254
-0.9721481671670628
-0.9651323851501007
-0.9614642460672036
-0.9690579250306545
-0.9641110209314009
-0.9786704552418108
-0.9692021816832956
-0.9600982261127914
-0.9515284926349237
-0.9350670815277177
-0.919848892731107
-0.9102784519909536
-0.8887099767845953
-0.8739393886468015
-0.8602664500305799
-0.8392002560524969
-0.8268349080695973
-0.8096077308366942
-0.7934391747276004
-0.7651202327203551
-0.7428655909708383
-0.7263870383220706
-0.7184701624271381
-0.712854560211792
-0.7069682027446044
-0.6678924902303105
-0.632492776156566
-0.607916550849366
-0.5924897353894606
-0.5561887469169975
-0.52372793904038
-0.49201854372720727
-0.47220221016256236
-0.4576572350321506
-0.4428700264439116
-0.42614600306533834
-0.4347822047802103
-0.44511516355995023
-0.43975652110745195
-0.44014446849460914
-0.4280990333029979
-0.42056895168595254
-0.4374502723977
-0.43829790530594676
-0.4471170712981173
-0.4601190160634476
-0.4916845334087737
-0.5065089671221717
-0.5152848259097126
-0.5366585711741737
-0.5613150477080616
-0.577911822023862
-0.5934062870481326
-0.5894629926973414
-0.5935856598287989
-0.5887496438133781
-0.5742077730044336
-0.553349694036926
-0.5219347873758722
-0.48537455502389926
-0.43768832231699134
-0.398001885813288
-0.36164033254641853
-0.33070933789375356
-0.325538512258504
-0.33075409583859827
-0.325378580942969
-0.3053790672347647
-0.28611379795872827
-0.274896327933006
-0.27160053490809527
-0.25931912647132555
-0.25816386304901334
-0.251773731106159
-0.2436203129684252
-0.23346448720840995
-0.22189532781869403
-0.23574980911860532
-0.24207722121461636
-0.26075492063178946
-0.269349890100695
-0.2804507162796938
-0.30659533159410474
-0.30997845763048143
-0.3270098304431913
-0.3492870384179805
-0.379612024871106
-0.4117392864517183
-0.437284214992302
-0.451729720010938
-0.48166419584119535
-0.49370977545641387
-0.5104827537746641
-0.5233136592018699
-0.5489122524070009
-0.5787924227721211
-0.6258309039783934
-0.6590138065990541
-0.6765126124330012
-0.7066449244994985
-0.7460310599339638
-0.7786671439135393
-0.7859410107367857
-0.785127572545444
-0.8015821012321864
-0.8185795935000243
-0.8263672099425476
-0.8442567926243808
-0.8826603347762351
-0.9027182256784185
-0.9197193942965679
-0.9312716796119321
-0.9419780543284347
-0.9361569877794661
-0.9424132346163839
-0.9530725546145831
-0.9778592526955503
-0.9976407670533468
-1.0194379502212805
-1.0283369344511533
-1.0240235067927856
-1.0228086724808036
-1.0390556918107046
-1.0356839864940182
-1.0184208334474354
-1.019362122509214
-0.9962867400031672
-0.95577962061381
-0.9376666261963285
-0.9115066731634641
-0.9026102889966945
-0.8781683948154564
-0.8576106642499914
-0.8327764466354248
-0.8178515083738677
-0.7935494726196153
-0.7645189027456681
-0.7303360585159762
-0.7057820763688485
-0.6685109346668455
-0.636459340829124
-0.5909729674282324
-0.5678957970884917
-0.5411508277782232
-0.520592501576639
-0.49172689845160783
-0.46278850983674363
-0.43931789956779876
-0.4184249737449204
-0.40157092916229803
-0.36592158233721195
-0.33261222629733195
-0.3235718549132238
-0.3237430956736804
-0.31998402378335483
-0.3091474331837509
-0.28407196834768217
-0.27680859315916234
-0.281512680302669
-0.2829675893777852
-0.2790203381365991
-0.29115394389754967
-0.2845804060738215
-0.2933184219211682
-0.30041964793015125
-0.31012357639262006
-0.3128296987950214
-0.3362683235800332
-0.3640236953168395
-0.3921434007358553
-0.4352367218742298
-0.4836188038971706
-0.523145597992605
-0.5819652237137989
-0.6241089128954577
-0.6439007667038157
-0.6621921288577622
-0.67560014485924
-0.6797837516618531
-0.6691774975001827
-0.6459251019856325
-0.6040255113880204
-0.5571598389231631
-0.5019678301310286
-0.45623244686604214
-0.40690051011100214
-0.3403622415287153
-0.27401668052825123
-0.19980748789288197
-0.12249597529673537
-0.04838161396686133
0.037660701822584935
0.11941621342500419
0.1820794453644653
0.24037511482571705
0.29624775110226487
0.3463739389037723
0.3963194889613951
0.4293897599136544
0.47140195191824436
0.5059810499412688
0.5259103219713887
0.5369006925959328
0.5414383384429073
0.5323268139537227
0.5261418440512483
0.5210320727426975
0.5010362396686686
0.4857175061107729
0.47038000132271307
0.4600596803760418
0.4481867962008933
0.43116058160163917
0.40505418311553293
0.3830809469497351
0.36427415791928996
0.3482432738241904
0.3442174535787438
0.34464246134394705
0.3417508225602238
0.36108601490431136
0.37307423681947494
0.3916083207743768
0.3982611399609232
0.4181930417774584
0.4409152534683477
0.47431903186623325
0.5050898332939493
0.5270278169923818
0.5584072400597058
0.6049633206533968
0.638083776166648
0.6552261427264082
0.6888772545113181
0.7094616950507591
0.7308531906296694
0.7483704045064637
0.779391614998479
0.8139024193896284
0.8212534018373517
0.8294827569946779
0.8376303703427748
0.841706488505996
0.8415786692147076
0.84718620991569
0.8568514588468846
0.8616063045402338
0.8438097933484342
0.8329842243558921
0.8118179263635161
0.7857164405422103
0.743467362351947
0.6935750148635995
0.6624144734480465
0.6208518502700126
0.5883083303495455
0.5580557671682915
0.525492653777449
0.49354106175019
0.4597618123847935
0.4095289113008007
0.3674104135927862
0.3446642214625524
0.313378407203911
0.28788307648837974
0.2626156501394875
0.254602904834355
0.24617839769991465
0.23164199370237873
0.23096427891889293
0.23351231713205278
0.24156605275140716
0.2310450753365953
0.225460878888569
0.22757589235428807
0.20841457600122468
0.2126631122693179
0.20532528560920824
0.17755921184332968
0.15172739457628034
0.13155430503509288
0.11936507973303483
0.09558872312121215
0.06370653346445886
0.010825549654168903
-0.032509232980999
-0.07114638310881843
-0.10365765431856935
-0.1314981158499595
-0.1473638085862215
-0.13004611045622533
-0.11928437019746806
-0.12426706137541252
-0.11669586141564262
-0.1011732456311234
-0.06274639495359907
-0.012469356742905294
0.045932350450958226
0.11676924640812072
0.1882403017381471
0.2665344838715862
0.31831876174613877
0.37066135421024043
0.4199145765481783
0.45515712601243763
0.4854738106051544
0.5240844696904785
0.5338935902217541
0.5415186277673855
0.5277856919550376
0.4998687488996451
0.46938807415819694
0.42255204274308067
0.38515032837737995
0.34360493603130116
0.30873807886321813
0.2893737507229125
0.25411644285304735
0.2183486469523524
0.18947788981750652
0.14248148106238143
0.1167980801187124
0.1016603272083491
0.08777832966719201
0.07845536889277419
0.045327968151325754
0.00455527142207017
-0.011753155110311612
-0.03470358538574664
-0.05597703806668935
-0.044814672131738814
-0.026551884341564976
-0.013811275121682436
-0.0040594128491406745
0.012527765921344003
0.03111102842625852
0.04400375197967257
0.06125058106964756
0.08390325386714448
0.09755493093747007
0.11645060357074755
0.1364181314718717
0.1677268840246604
0.17286561970515996
0.17098250074457222
0.17168260450218154
0.17490236658716918
0.16023968246591694
0.15169641949782456
0.14640557561882947
0.1511494099587641
0.18732588189801994
0.20744001654425068
0.24030608916037752
0.27538594284163675
0.29956489761029803
0.3025658291400283
0.2953473932494464
0.29226234413402674
0.2888680097840624
0.28793117333375096
0.3128768216483808
0.3197678247597257
0.336637419011816
0.3483218699757812
0.36057612507579945
0.38271931414528937
0.3957139848412366
0.39111451394089525
0.39549032595968664
0.39826847035334156
0.38873650437567214
0.38866290394504965
0.4020646454702276
0.4351313021034072
0.45262186792467946
0.473160585776809
0.4836388787744474
0.4794194146371987
0.47427279699125374
0.46550527953176957
0.4612949157932441
0.4566620050849246
0.43686303824379774
0.4178598427682716
0.3988978023612526
0.3658937823398827
0.3366934624048217
0.28124013786645014
0.22949907532559286
0.1946814783668193
0.16243102071137355
0.13502113337223373
0.129769482053641
0.11872200916587719
0.09318582897071784
0.0817877365518511
0.055677982963715816
0.02132623133383716
-0.014435085588683123
-0.06426350154002505
-0.11481832666649439
-0.15800688913247946
-0.18260844329426912
-0.20200046624938253
-0.21097421094877336
-0.18663283179697815
-0.1613951489416075
-0.143840040809406
-0.13635906390264219
-0.13856857928155053
-0.13831838176404634
-0.16419723028352973
-0.19730819106202577
-0.22516076719722425
-0.2776021506304384
-0.34449225807439693
-0.3922581658821974
-0.4284579583258394
-0.4612359305416261
-0.50261589361013
-0.5316591531528384
-0.5416799627000031
-0.5493848609231381
-0.5555412874825575
-0.5561180921407641
-0.5671057741134681
-0.5998707440857249
-0.6443455694608411
-0.6897820697496123
-0.7052011707026298
-0.7189413383653691
-0.7565855307705827
-0.7739472116552834
-0.7894050617255218
-0.8148951248590041
-0.8418197557011307
-0.864274409663962
-0.882663953558051
-0.8853229588284405
-0.885974387981939
-0.8876847522240876
-0.8920491331105864
-0.9075965197641572
-0.9202201868113704
-0.9360638861938326
-0.9718062140375441
-1.0106934386475244
-1.0545623515015803
-1.0993262711845069
-1.135914580256345
-1.1772957907693553
-1.2200302768087805
-1.2444463377035753
-1.2774976353790706
-1.2954343532231394
-1.3119474701658698
-1.3286248922587895
-1.352103473036602
-1.3828150316997916
-1.4039433569041742
-1.4259565335447686
-1.4460248277934296
-1.4740868244514658
-1.5096547027398066
-1.5229833227536143
-1.5256479808080712
-1.5356083290901277
-1.5618757145890696
-1.5918121427010727
-1.6249690888738546
-1.6591945110096493
-1.6863160507117616
-1.7101382432147618
-1.7217929272439099
-1.721861342168893
-1.7063269338685447
-1.6864494067596978
-1.6571425905016604
-1.6306561214116975
-1.59963218147747
-1.589988380729856
-1.568414686696305
-1.531771364899144
-1.4880031153029674
-1.4537861501139668
-1.405514521629574
-1.3879163922226976
-1.3594193347861543
-1.313364255107565
