1.0
0.9995154074074074
0.9983509386942254
0.9973097527220303
0.9959205453766502
0.9941173300721233
0.9922490002927935
0.9905060652388322
0.9886216154659067
0.9865304820211434
0.9840472166463511
0.9813869325587194
0.9784003434533887
0.9754650995980441
0.972562275177212
0.9695145290788949
0.9665533800191999
0.9635358082174261
0.9602959796200282
0.9568014985221609
0.9536159320333065
0.9505271113446796
0.9473132673673168
0.9442176997449809
0.9411099941269366
0.9382144229119427
0.9354873428739394
0.9326569777245011
0.9301943283998388
0.9276194756042867
0.9249308657424788
0.9218540035116015
0.918532996549935
0.9153897045406455
0.9122823101066665
0.9091090973577024
0.9058827832888877
0.902771372507059
0.8995081012251205
0.8964465790740013
0.8934032743811738
0.890357392338229
0.8875986019445273
0.8849928970310581
0.8823461122877587
0.8791165376573189
0.8758053158582976
0.8723522128873404
0.8688029906901784
0.8654913300868607
0.8620542048026584
0.858916667367764
0.8557034763725488
0.8523772993446473
0.8490281795097139
0.8459267296367883
0.8430189890936455
0.840418572549457
0.8378073966191885
0.8353062883575694
0.8326632189794595
0.8298299917369858
0.8271924186175235
0.82454363894745
0.8217005162068888
0.8186113310658767
0.815602919507454
0.8126201522172458
0.8094973486558592
0.8062628692582055
0.8031830127763953
0.8002249625389449
0.7973142550559535
0.7942428197607188
0.7911752942845527
0.788061602436076
0.7849017748537342
0.7819848202125672
0.7790762183510992
0.7762472173344438
0.7728778973112909
0.7698218790663918
0.7664332700606725
0.7632087546362432
0.7600005317644345
0.756810908457251
0.7536684368647361
0.7505592915840725
0.7475977031655845
0.744800087302343
0.7420022517163158
0.7390282863286863
0.735898504341318
0.7327982351486769
0.729767576734084
0.7264957779623264
0.7234355430056054
0.7206111693221384
0.7178811262837157
0.7150173122620015
0.7122145542590141
0.7095900475965031
0.7071064836457616
0.7045212628390503
0.7019037416433298
0.6996449284811681
0.6975745954416301
0.6953992547883882
0.6931226621268274
0.6907893922043727
0.6883301293286332
0.6856476123836174
0.6832809193604119
0.6808730921757399
0.6789544599610888
0.6767842114233075
0.674505561806074
0.672534100878068
0.6703145499726844
0.6678879151723012
0.6653578929401123
0.6630347104717103
0.6606917662815637
0.6584491864902491
0.6565515327104483
0.6548300381673147
0.6532255891739879
0.6514439387086378
0.6495966666998098
0.6477310679448804
0.645750428646902
0.6438145975251378
0.6417228409885238
0.6394636612701237
0.6373126790019068
0.6349297658953831
0.6324408747523159
0.6300287381553469
0.6273940860135453
0.6252766656989315
0.6229343050374506
0.6205729151323084
0.618328709317367
0.6161307593953692
0.6138863456791773
0.6117908476360567
0.6092065906778392
0.6071111090917134
0.6051556721487732
0.6033335287794832
0.6016554623566384
0.5996188314942742
0.5976702282878602
0.595681638506771
0.5937772601118867
0.5918210143493771
0.5898868267707462
0.587971549261927
0.5861876813489934
0.5843006074497977
0.5822980215766134
0.5802620990777826
0.5781429222148164
0.5760606941919482
0.5736461540588819
0.5709458162243906
0.5683342869036533
0.5657292238726803
0.5632602651776352
0.5607612962741241
0.5583789595393517
0.5558827985539364
0.553707439611308
0.5515674781543736
0.5496648573725179
0.5477975594565738
0.546032774589954
0.5443962294732969
0.542998817796803
0.5414529317943938
0.5395993092384835
0.5375827373863763
0.535819361982949
0.5340599210591016
0.5322861219216016
0.5304770016311332
0.5287161827412744
0.526953960189123
0.5251091335017962
0.5229891007889127
0.5212330711086275
0.5195638236755321
0.5177559397137254
0.5161445153856927
0.5145185029253487
0.513061346233772
0.511654537204463
0.5100941911632371
0.5086924163461087
0.5074435354093917
0.5061412626140682
0.5047127088060633
0.5031678962975459
0.5014833747415081
0.4996298451079302
0.49808353788091303
0.49674603400416556
0.49517977707927124
0.4938638161874362
0.4925040508252931
0.490982561732323
0.4892598073702503
0.4878271221639241
0.4863437563518738
0.4848022298491996
0.48328213545980125
0.48146188063777173
0.47944600311060925
0.47735571387827125
0.4755255637138602
0.4735815030213601
0.47178721587458977
0.46989353087384206
0.467652390364326
0.4657524346933455
0.46372445963340475
0.46160477491190127
0.4594824809248867
0.45755525718506074
0.45575232630592516
0.4541231391709494
0.4523198830611636
0.4504359853490241
0.4484715589396516
0.44650792016988483
0.44423476159121245
0.4422113098589589
0.4400498771853087
0.4377811592907342
0.4355735074141826
0.43314375573289765
0.4307619065914474
0.4282984832458331
0.4256276310312711
0.42313217675464
0.42090592936590576
0.41884046208006515
0.4169830042891571
0.41529764392322654
0.41344244274295405
0.4118924391574519
