0.0
0.0
0.012340815082617869
0.029439587225476
0.06172389350484807
0.0983813863554092
0.12554398550928808
0.16020939074835389
0.18222049933765877
0.2092998083139807
0.23421324463438606
0.2568259083863596
0.2799632302228351
0.3020477721234855
0.33015393489664163
0.33414876009819294
0.3404808613425219
0.3356516911452321
0.3214205111923062
0.3081129387465898
0.2848626167415524
0.26635405252877953
0.23885582642672198
0.20531644436943805
0.17316065757503957
0.15198236257208042
0.138084720103199
0.12898590525884604
0.11965078585991858
0.10230678511819713
0.09072040043366601
0.08311339002916175
0.07452511288227828
0.04242641019159763
0.036206105263186086
0.03339161196760044
0.030581093520132344
0.006811670918445228
0.006220140633694018
0.01919027855702763
0.023357385660335253
0.03797451272178456
0.059329482829327596
0.08062747626719342
0.09909993208541862
0.12096459898954223
0.12387854467541236
0.12526032788791233
0.12476024901978268
0.10400126914423352
0.0930663329394466
0.09998636096214983
0.10991189671303268
0.11903827339425087
0.12309349982370914
0.12142914955509497
0.14124498775992664
0.1585009560916496
0.1687978254496085
0.1799021480554806
0.18462186453266458
0.19222469929138206
0.22073605496239618
0.2365913411229555
0.2633437901194361
0.2733558661569
0.2814850599688106
0.28070600611001956
0.268898452083481
0.26657926834234946
0.2657222558478347
0.2662298615146945
0.27214168376076825
0.2675850430487707
0.27357171837443667
0.28335502317120215
0.29665053488204124
0.3078277624340632
0.31584325760060467
0.317780241393881
0.3175739327015686
0.3117287644588135
0.30658982091189296
0.30413545630373173
0.3175198769206749
0.35713923051335283
0.41907070717395156
0.4796045477734676
0.5358045112778839
0.5815713065294366
0.6225113382238633
0.6434759597284988
0.6666982537751821
0.6846717553897246
0.7015518657793917
0.7137748515411159
0.7362264832191624
0.7490298964912296
0.7618461034325287
0.7796888598283135
0.7984800174856661
0.8105625119519075
0.8283554695614919
0.8302841580541342
0.8271620831025741
0.8209789777597847
0.8149631404771517
0.7992465909474453
0.7960022386066389
0.7768206874479218
0.7741397777196146
0.7885460599501655
0.7893659361718172
0.792836567544277
0.7940752900875525
0.8018415951700884
0.8091320346300247
0.8325247965753649
0.8424275542194124
0.8472389531106501
0.8702891346397227
0.8749660228698354
0.8847090487075402
0.8895062104318645
0.8760936248239167
0.8761855455100442
0.8688107533425087
0.8783774737622669
0.8739709427620752
0.8641802585176507
0.8437680743030928
0.8189679776927004
0.8076740249048802
0.7942720431737037
0.7694579601335377
0.7561239109341689
0.7385836371270946
0.7259029054384188
0.7121883280876402
0.6836937186801917
0.6449320320444235
0.6154524517097335
0.5865093863856099
0.5588869434017002
0.543533288343907
0.5437586687317979
0.550051624084519
0.5564543839385886
0.5672525570780681
0.5860401595144543
0.5979188433915105
0.6066206682288668
0.6118851373514891
0.6265324026874369
0.6487789620718651
0.6755181468310479
0.7074608846784738
0.7357115703359456
0.7697451109198654
0.8058354975761425
0.8479395722405049
0.8907773099322256
0.9381997093678951
0.9693084775529675
0.994036490933955
1.0149493409662627
1.0328190479379098
1.057035780370611
1.065032928394122
1.0724467499748984
1.076046661575356
1.097243533471455
1.1165739460158144
1.1226227695496063
1.1322494546577608
1.1381406954926738
1.1419137791551184
1.145293608250391
1.158103080433965
1.1724816983362258
1.1788841082179136
1.1760680952682263
1.1678502807672009
1.1532653768982994
1.1554684892712015
1.1622802667122956
1.1630702009616967
1.1443015222855109
1.132994491452841
1.1245683708419378
1.1312194438097318
1.1256024135665588
1.1068799193789234
1.1075697296969504
1.1094740169005355
1.1101443184790822
1.1058772355804443
1.090141224688116
1.0751029903766767
1.0727053418123949
1.0718487375103927
1.0622614312470824
1.043930531526617
1.0317613099898724
1.029521662745698
1.0137230153097243
0.9931079130660944
0.9864777774086098
0.9776737128903631
0.9740021502477875
0.9768553805216875
0.9880982035695747
1.0010227908066205
1.0139644310795235
1.013122435785592
1.0036264237687997
0.9850562309353785
0.9660192020330193
0.9479059933650771
0.9263916105213266
0.9103192467531316
0.8863385678665923
0.8779403967943235
0.8731026205650466
0.8751964574258029
0.8878991568003868
0.8948978425634805
0.8998615277339014
0.9012433309799978
0.9201905079730432
0.9452571011819747
0.9693186212925478
0.9987351716803231
1.0118144569500414
1.0185566333151281
1.0230899459053344
1.0308034270167241
1.0520110588355995
1.062464432962176
1.0631100762649932
1.0532378839718868
1.0373532590212449
1.0151538637816977
0.9987210761383367
0.9739406634974299
0.9469748007052965
0.9123537810591288
0.8897696081420877
0.8619446979655645
0.8091787106233532
0.7595369986335391
0.718467612736593
0.6763769216293756
0.6603569997312623
0.6419964439774442
0.6101848837004871
0.5824887136379109
0.5772397620822384
0.5813403910187153
0.5741066936449685
0.5596914795834693
0.5304662486123575
0.5000449152639493
0.47587295944257885
0.44904404124394387
0.4190922193711837
0.3730312363565641
0.32480044841191935
0.2888537395433887
0.258591027573652
0.24946764208451322
0.2381493568686357
0.23876057417804708
0.2422510058641387
0.23567334069726567
0.2256650866251074
0.228210764550494
0.23523845767796733
0.24397633740630364
0.23602096737432396
0.23624260977528388
0.24298893175753578
0.2547575544262221
0.251434834840421
0.24607562492989782
0.2408170679865505
0.23492943918118425
0.22691779745760493
0.2144479871112152
0.20368700222164246
0.18603702917981157
0.18783781324873608
0.18088566218282146
0.2011897863771276
0.2071786108474714
0.2233548960108483
0.23904754298493283
0.24745362465941853
0.24971728301630403
0.2510604879987076
0.23664595032306074
0.22871752488198835
0.22333512675921388
0.20864234616863822
0.1951118008183388
0.17624693797815905
0.15462868421310558
0.14077598478153652
0.11452712735939735
0.08645219180441399
0.05087784628292494
0.013568023911201162
-0.015156521622492702
-0.05332953521507514
-0.08513307015284946
-0.11947656853840129
-0.15456245848464445
-0.19196995547500664
-0.227480228513942
-0.262496280230462
-0.2960657872060384
-0.3199308997048476
-0.3337757045672103
-0.3543052033510165
-0.38078158527949
-0.41478568955625084
-0.4527662697719612
-0.47238330827067576
-0.4853788774511963
-0.47315750600995493
-0.454907560200806
-0.4421887365729458
-0.4387032456892469
-0.4145584435122748
-0.4006697240112655
-0.3821543883269784
-0.36877126135460114
-0.3504285504233461
-0.3285094835893562
-0.30149118332164165
-0.27374789012178513
-0.2476103983817271
-0.22051962681981782
-0.1925325370791598
-0.16021208741398513
-0.15376440930846683
-0.13807349744476877
-0.11969524914728319
-0.1100590233637719
-0.09661495994206176
-0.09211142004855115
-0.08329241766853641
-0.07805823835371091
-0.06920302817225975
-0.0763646484442998
-0.0664013453708601
-0.05369645926165094
-0.04790139197971163
-0.0331491350624309
-0.01643497228525019
-0.0025979420825034388
0.004324196398988449
0.014368031219686595
0.016364632695257893
0.0325608542189322
0.04653879063101857
0.07232798600033127
0.09011401223165942
0.11063269948556051
0.13480005054080813
0.14744575513240235
0.15117600735178482
0.15586023988446196
0.16363767591005884
0.1796898455567296
0.19006477887545462
0.18761549214761367
0.1893403227039248
0.18705721396301278
0.18488092826937563
0.18751601745480198
0.19387384666207597
0.19236018822174977
0.19506870744573132
0.18973661102935518
0.18801146616569986
0.1753329999224014
0.15902365866066995
0.15434231242856966
0.17082849587361826
0.18937166689630602
0.21200947264851147
0.23316443281426547
0.26771366120152124
0.2970534011167409
0.33723376837980584
0.37013667436280834
0.4048716960665023
0.4262447216635093
0.43618877929627753
0.46622792461878004
0.509921154194654
0.5534343032062407
0.5882206675733671
0.6083156027807153
0.6235835108789042
0.6387448411415529
0.655491990981763
0.6640939525505688
0.6644586818599257
0.6589878580302491
0.6461841505653595
0.6331643245755941
0.6156760998244424
0.5921008208212966
0.5783588511842961
0.5641100888033663
0.5537311323700095
0.547713092062817
0.5360303935300829
0.531661473016
0.5186886017908635
0.5048089034829495
0.4930586271890874
0.48729188120335465
0.4839055792643299
0.4631691953201677
0.4495586931601131
0.4484150012861525
0.4390853333960234
0.4219760527326602
0.4195540344431172
0.42271379155019867
0.43354776401135203
0.43487141990870004
0.4405520106904768
0.4373074045099587
0.4541964448329271
0.4732070515700635
0.47398523111873764
0.4680001857991599
0.47350249943476264
0.47981341599711297
0.4936146050560771
0.5062888739696689
0.5249527863097763
0.5390001105070577
0.5509590841147333
0.5759538295208338
0.6229181078448996
0.6620092012522055
0.6920924950750214
0.7147524729589112
0.7354592374139917
0.7398141331401611
0.7477635952090198
0.7553543206473251
0.7573190568421663
0.738671238866322
0.734378861178584
0.7267072353745629
0.7026902992184814
0.6861715717987483
0.6876412236221172
0.6880761610241778
0.6893762837403599
0.6778587332490135
0.6618276844562946
0.6531685678591245
0.6423701199537174
0.6388654259856676
0.642079506044267
0.658516047989121
0.6532195878301555
0.6624270495042831
0.664851950689184
0.6847401332005656
0.7095167263320477
0.725465733142956
0.7322985898333843
0.7504225983402758
0.7691801848554348
0.7722849353553999
0.7864063581886963
0.7997827727585571
0.8085852584836029
0.8171098516923573
0.8260504387045216
0.8473400899264766
0.8686005507231954
0.9014829930406548
0.9361749196905216
0.965622051044429
0.9764194913934899
0.9760554024348325
0.9692367858186649
0.9520268136777094
0.9356702483138262
0.9285842579477422
0.9081095247525672
0.8856198683507868
0.8838561831586077
0.8780601487996538
0.8748162521153442
0.8655732134723703
0.8538241494659138
0.8393449665284965
0.842425414581676
0.8690655955182377
0.9056292673070154
0.9492534229001971
0.9868668184913472
1.0134022910791431
1.0272512730408996
1.0272112033807164
1.0266682537780403
1.0383941869414135
1.0523817180503485
1.0687163670785829
1.0762446804176917
1.0899504306555623
1.100527104209906
1.094990614052968
1.0837449769328118
1.0698245403041857
1.0634781597478928
1.0564177114454065
1.0524409909632209
1.0377220733225665
1.003590096653246
0.9712628325323043
0.9320195070448885
0.882156618118857
0.8513336170621266
0.8123716535037583
0.7804976726806245
0.7509883307861047
0.7308673762215406
0.6973153310755009
0.6836532608960031
0.6656949175536239
0.6524236901235374
0.6431039408705405
0.6264694377632015
0.6100833798454236
0.6006190915753166
0.592501797471146
0.6074190787541159
0.6159777425341793
0.6199781168106048
0.6123662647770055
