1.0
0.99967277
0.999197450253603
0.9985602830054996
0.9974982013618786
0.9961044357433503
0.9945154938138803
0.9929754493067767
0.9912271971311326
0.9896087912168465
0.9878843141451453
0.9860690649661721
0.9841101191592705
0.982059400476463
0.9801811160849713
0.9781871396875457
0.9761873767689584
0.9739636991207163
0.9717204052236931
0.9695974329277356
0.967482885195149
0.965214586375506
0.9628175534665531
0.9604935685831218
0.9581547376330222
0.9558266166078502
0.9533682921943317
0.9510312137725678
0.9486225557228998
0.9463241522444992
0.9440106015890053
0.9418369722128361
0.9396647436325156
0.9375544922567588
0.9356239435568457
0.9336254082250225
0.9315863581735514
0.9296993728101748
0.9279140965590578
0.9260681268159313
0.9242010439457696
0.9221885457015099
0.9203260783916983
0.9184420812932269
0.9164350790979664
0.9142950385224831
0.9120488056454975
0.9097911333917885
0.9076130836476793
0.9055576406236698
0.9034263603055989
0.9012637035534959
0.8991910243384668
0.8969611849248812
0.8947281693325708
0.8925686955559017
0.8904431241526292
0.8884619204541322
0.8863586054073104
0.8842490980280828
0.8823140326130927
0.8804148790338391
0.8785714343033306
0.8767262366807992
0.8747179128437005
0.8724872792292578
0.8700840470432312
0.8674711593537979
0.8650502760207931
0.8628797308601207
0.8606768114243051
0.8584558802058672
0.8562952730855914
0.8540635233287672
0.8518150478027454
0.8496200207178781
0.8474658024138175
0.8453580538552717
0.8434737127093352
0.8416087305086916
0.8397520930095153
0.8379977999310826
0.8364610065110174
0.834857452257732
0.8332833226806178
0.8316064006588011
0.8300888274506315
0.8285267566229841
0.8268690519849703
0.8251903718308611
0.8235111342333205
0.8216217960680071
0.8197993333349867
0.81780849146091
0.8158783770381385
0.8139507837694971
0.811895144605445
0.8099323043097818
0.8077876330181258
0.8056772441186792
0.8033954249359656
0.8010836546903757
0.7988519037391156
0.7964988384608052
0.7942475226840068
0.7920076225808986
0.7897129524154535
0.7875448781368475
0.7855053097907617
0.7835509855238155
0.7816297344883333
0.7795481231674041
0.7774281912709633
0.775417457031034
0.7733635638493221
0.7713782278802459
0.7695094364255886
0.7678845057299561
0.7663439557845894
0.7645604502857302
0.7627780940502563
0.7608887414480473
0.758934534888185
0.7569277711793141
0.7551458260866183
0.7532668363888557
0.7513303282686468
0.7493683354386815
0.7474034628672522
0.7455079066954843
0.7437642762358713
0.7419535959964906
0.7403997727415269
0.7388154382952309
0.7370980982413493
0.735279447509952
0.733413633594387
0.7316253077992464
0.7296724752632515
0.727709978083129
0.7256332353937858
0.723471359809937
0.7212542555756568
0.7191707477917267
0.717057466544081
0.7151080836142931
0.7132023348798403
0.7111784593910373
0.7093423908268498
0.7074682446598317
0.7056473928930383
0.7038750848003744
0.7021615342844569
0.7006793923771915
0.699029402843384
0.6972513715509405
0.6954861692603479
0.6937564323010605
0.6917514867409218
0.6896674494396439
0.6879198328147663
0.6860424627042346
0.6841945464985403
0.6823107513903744
0.68052243600414
0.678788604047201
0.6768114213089429
0.6748040623318206
0.6727936059999994
0.6706355929206829
0.6686239692504637
0.6667011157510792
0.6647965102729753
0.6629183727943907
0.6610430251644493
0.659235849209623
0.6573247589658677
0.6554095605834
0.6537698407086577
0.6522200388107663
0.6505354127625821
0.6490674311920229
0.6475426669595682
0.6458891424756291
0.6441526129723146
0.6424624743379647
0.6409080315374568
0.6395329501414933
0.638122645950854
0.6366666597007463
0.6351019007399691
0.6336238247762478
0.6320930515926875
0.6306202248064541
0.6292700895238915
0.6278413481490801
0.6265150693448427
0.6251624994000897
0.6238667386269713
0.622633742816319
0.6212671563170094
0.6198540086134936
0.6183685350433337
0.6167886291863197
0.6152114855930204
0.6136380187893479
0.6121233182278306
0.6104970703161825
0.6087567295316175
0.6068492614704039
0.6050117073089797
0.6032472112997335
0.601477412187859
0.5997141865754443
0.5981709679430774
0.5965995459447166
0.5951235171363908
0.5935227944167829
0.5920654304116695
0.5905938336496849
0.5891861491275958
0.5876877079068381
0.5863991607634427
0.5851383399017526
0.5839417850756442
0.5827319084186189
0.5813553194055384
0.5796863131554679
0.5778772297134086
0.5762268152551758
0.5745452394043441
0.5729532917372364
0.5715074396124864
0.5698471731861455
0.5681905820908452
0.5667230951598008
0.5651491351838187
0.5634810380584016
0.56183024703506
0.560135013318608
0.5584687276349447
0.5570162801537593
0.5554654368548274
0.5540870155819456
0.5527672501257073
0.5514409884805749
0.5502772822607553
0.5491537438230576
0.547920186939303
0.5468008710258605
0.5458003592223749
