1.0
0.9996643865877712
0.9990295814154965
0.9981264341284694
0.9970322363445421
0.9958119854429935
0.994632493981427
0.9932733077529976
0.9917909895766546
0.990399261410555
0.989076566765618
0.9877127086272184
0.9862634202312192
0.9848118950372142
0.9832221729392745
0.981759939450479
0.980093024086438
0.9783263437485459
0.976542465250277
0.9746936391383441
0.9727026061672885
0.9708865358849911
0.9688837305963112
0.966962735923016
0.9650290034880041
0.9630403777098037
0.9609363586839934
0.958734630512674
0.9563629498321478
0.9538849563919239
0.9512975320903856
0.9486771281448823
0.9460414321908676
0.943439865941204
0.9408099763495459
0.9381473182506292
0.9357502296875136
0.9332620630126907
0.9308668449473919
0.9284460073170498
0.9260165317463219
0.923693715239105
0.9213236063756174
0.918984367589543
0.9166512236280726
0.9143186586273759
0.9119123446622598
0.909386321077195
0.90698138084128
0.9043916095925454
0.9017893980787136
0.899418646929728
0.8969513041490589
0.8946374374878252
0.8922825215232278
0.8897464781671246
0.8870272688324622
0.8844171563901259
0.8818017694043001
0.8795124677332768
0.8772835435292164
0.8749153232268287
0.8726556232642529
0.87040268372775
0.8681717529194029
0.8660249364635486
0.8639017017966095
0.8617202010545695
0.8592942174974669
0.856735877292058
0.8541496866657684
0.8517153598935501
0.8492377696462112
0.8468467719043566
0.8447695218707407
0.84265519260871
0.8406487632973084
0.8386715105973205
0.8366560409763685
0.8346668473145105
0.8326438486616061
0.830325644772472
0.8279048247643965
0.8254947361912026
0.8233535615199449
0.8212301648314797
0.8191795301085719
0.8169558353386375
0.8146904876615816
0.812596602559334
0.8105844227915244
0.8086528529091542
0.8067858604952721
0.8048449215048223
0.8029521818959409
0.8011527784549513
0.7993916727097348
0.7976306442717987
0.79588706650732
0.7942319383472856
0.792571336089371
0.7909205057752475
0.7892543710812872
0.7875112083211115
0.7856903045679273
0.783920791763334
0.7821640943072303
0.7804276156849369
0.7787142762942403
0.7769028625058065
0.7751841123623457
0.7735357553457256
0.7717420492335303
0.7696940575593219
0.7676677937201287
0.7657623068033675
0.7637759791669316
0.7616443928836092
0.7593754291215921
0.7571621628607803
0.7550970438925528
0.7531126973768406
0.7513815597193205
0.7494537946922606
0.7474059275396203
0.7454342017070116
0.7430034509101922
0.7408152292586313
0.7387263348303098
0.736683596432574
0.7347235741117685
0.7327730284462132
0.7306982219889789
0.7288402898992321
0.7269729168835976
0.7251081076982895
0.7232339078497618
0.7213527958079863
0.7197058024265638
0.7181734113360364
0.7165758909943806
0.7149565794888633
0.7131478502836462
0.7112759757834435
0.7093472954100061
0.7074130657991695
0.7056246350500203
0.7039890273535134
0.7021596196298149
0.7004745036751608
0.6987518929336306
0.6969789817118476
0.6950705158718335
0.6932777468636329
0.691631828840362
0.6897445944625176
0.6877925713870875
0.6859836703433976
0.6839757266517249
0.6821309827121116
0.6802294389004676
0.6782289471887999
0.6760785940232877
0.6741791296227769
0.672332665674148
0.6704203880664209
0.6684016647721308
0.6663677035805047
0.6641497077760349
0.6621031128973759
0.6599838110656122
0.6579199242361855
0.6560540078837745
0.6539765537897151
0.6519930558357498
0.6498934359206366
0.6478538507195317
0.6457060517497212
0.6435130890448375
0.6412477713142974
0.6391046013285272
0.6371245459566893
0.635056547897395
0.6332532269271214
0.6314940808594196
0.6297304614092939
0.6281033215395558
0.6262977148890442
0.6245120555481578
0.6227552109461133
0.6210742266031672
0.6193271813308754
0.6175268154626178
0.6158692891018733
0.6142475328270749
0.6127729868069046
0.61127397490246
0.6096022382301394
0.608125364333767
0.6065676368565682
0.605051211346186
0.603453093967221
0.6018291326172411
0.6003208228578752
0.5987528630154251
0.5970575243549439
0.5951469317290341
0.5933009096385442
0.5915202037245137
0.5896239130312076
0.5878491007225414
0.5861565667340691
0.5842684140386176
0.5823298666115339
0.5803585761039439
0.578485821560163
0.5769005556231855
0.5755511533844675
0.5741860736749614
0.57280707734857
0.5715256479995812
0.5702243433970114
0.568860678071322
0.5674463993212058
0.5658683373684985
0.5643273459777028
0.5626216772931022
0.5610673569648256
0.5594081464964423
0.5578799408102997
0.5564024254097798
0.5549864108204322
0.553681298059081
0.5525638592336969
0.5514176459360844
0.5501314841110438
0.5488938305604382
0.5477752430952568
0.546547149784045
0.5451905705521715
0.5439260463583272
0.5426328499526487
0.5412716192377156
0.539922408366213
0.5387101513287907
0.5373024483451233
0.5359720017752706
0.5347644408858753
0.5333232060496529
0.5317784648576198
0.5303364620756426
