0.0
0.0
0.00045580783181940277
0.004758287179343186
0.006746158907576555
0.01239569956616397
0.013975819813427656
0.011940666868935083
0.004775042923586176
-0.009240157903784806
-0.025208241256147745
-0.038198491049971375
-0.048236612505348025
-0.0608976120323307
-0.06943236268065306
-0.0769480887174144
-0.08626053755284055
-0.09365050445288607
-0.09730303645001231
-0.10393014837576461
-0.11053251933002359
-0.12399908839220217
-0.13646597949051795
-0.1454797449296905
-0.14779819566535157
-0.15120245294054158
-0.15482216545629363
-0.15750188068023654
-0.16225468763735318
-0.17077360434724698
-0.1804398225420766
-0.1877798910996243
-0.19606107422973715
-0.20229712854306522
-0.2128715756732696
-0.22031234403473218
-0.22787922230661284
-0.23234965453661727
-0.23290375248679554
-0.2316161719078796
-0.22649725923847355
-0.21859711013726654
-0.21355099266309624
-0.20712369636437988
-0.20157252013249485
-0.1959560693705243
-0.19409674616676836
-0.19487564867992152
-0.19586883699547933
-0.19524375572966846
-0.1921895472242289
-0.18816023823284733
-0.18740267129721827
-0.18448748045511668
-0.17704828070186965
-0.17110955060267405
-0.1658397620262557
-0.15796940854354063
-0.14541737959971018
-0.13593235593833689
-0.1275125863170859
-0.11692965067623896
-0.10350357436120973
-0.08628581515621264
-0.07530626154991794
-0.07008975566125668
-0.06360705275640657
-0.05968776165087094
-0.05797984471370246
-0.058353237069702565
-0.05813541425749463
-0.05763225378358838
-0.054175490995280816
-0.054752625742321766
-0.05482918175288336
-0.05894745245324096
-0.06240494380596175
-0.06754335220567537
-0.06838751475814511
-0.06960462077864339
-0.07064712244512948
-0.07107557504139582
-0.07528626623960834
-0.07630998042829529
-0.07813367310314236
-0.07934583337670935
-0.07618696630976268
-0.07269074611730349
-0.07693382858033114
-0.08397271729080916
-0.08811691146671577
-0.09173730086625505
-0.09622185555641842
-0.1025777548320852
-0.10634199781208678
-0.11009037157196735
-0.11052249157760108
-0.10614153520223689
-0.10388865599933703
-0.09954832536136146
-0.0893994938264523
-0.07699437815536031
-0.06558200762822593
-0.054882982540170745
-0.042302753355214114
-0.03414087600155898
-0.02650813732743068
-0.022013756671000716
-0.017286859513076794
-0.013859655768384448
-0.007116029071941981
-0.004707223894477918
-0.004358969651237988
-0.007305041471209721
-0.01043178821925968
-0.011937377638525381
-0.01289697208305141
-0.011796493556631503
-0.012544502232991637
-0.01440916136329796
-0.01365451029073265
-0.016936930791386924
-0.021615270690622416
-0.03175077213289517
-0.03901279043699452
-0.04568531628636011
-0.052790162737781636
-0.06439994348348083
-0.07159537921168346
-0.07311390117424572
-0.06971251979017809
-0.0629757204918323
-0.05591439308718828
-0.04943830278683387
-0.04592262572284893
-0.04106440030522072
-0.035366953137241176
-0.026479804544115047
-0.014882474860902129
-0.008219531657380747
-0.00471407459281937
-0.0019424104665002758
0.005979940459296552
0.013441082854106112
0.019023048512899605
0.02377418949605528
0.031345889423872855
0.04203601119135326
0.05284075140888796
0.06498391417110194
0.08081986037727086
0.10033971302012021
0.11319520278010087
0.12289107268979702
0.13164086016189971
0.135936030816912
0.14195457058586516
0.14997718875510616
0.15663207267785395
0.167032098418405
0.1759868805234812
0.18924655829371326
0.19940647807642078
0.20746156333393426
0.212896267439901
0.21534257939303736
0.2193143280294811
0.21340716636135645
0.20069026396423684
0.18707101048555894
0.17462616584471458
0.16052794539809315
0.14775703435726004
0.13534406577715347
0.1272287691642932
0.11886015011217829
0.1090378221030249
0.102673157688209
0.0964511173489559
0.09276693754659832
0.08949374947855285
0.08671362846550179
0.08806542556112262
0.09361054861758798
0.09320697874659727
0.09283199525116465
0.0938030109847498
0.09719519343945743
0.0951778743878994
0.0865091998807568
0.07390898696995847
0.0593437412149231
0.04215592655046921
0.02731027538806028
0.009500891488025891
-0.008446058557885796
-0.023432705246195434
-0.03780756641545886
-0.05289299769784915
-0.07112532058591191
-0.0836298797124202
-0.09175824487685058
-0.10463179551749047
-0.11650133086451585
-0.12689809346840303
-0.1366797827693675
-0.1468611440294108
-0.1592171688765548
-0.1706655510460913
-0.17709981055755233
-0.17731271228394882
-0.17318357569109452
-0.17623171608019061
-0.1809366368552777
-0.17928726968300898
-0.17811475762049564
-0.17570587676139157
-0.17185352501517007
-0.17236225458702797
-0.17438224938224484
-0.17480892032400705
-0.16829121925675267
-0.16139408421340562
-0.1513572840814039
-0.13855472168554311
-0.12026573684677502
-0.10176492989682889
-0.08887502936802912
-0.07692015575940903
-0.0682680030507709
-0.0546948259810421
-0.04640586426797605
-0.039080124128754376
-0.03129466076802501
-0.020376297743689514
-0.0073879636461119495
0.009767563549952025
0.022978795879995424
0.0383640683057785
0.056220720855182316
0.07339622629895326
0.08855035131481748
0.10383933424179062
0.11765653966352993
0.13306977128504702
0.14650729422630382
0.1555602189756434
0.16502042727536514
0.1763850545859659
0.18470620529093307
0.19638105071336
0.21059063705941855
0.22154616582422326
0.2317341905782855
0.23836378576425027
0.2460832062490958
0.24903335085846562
0.24832399806230662
0.24854775625124734
0.24869319721630004
0.2509942520773092
0.2545627737296202
0.26065020660265864
0.26715300593244073
0.2742105329097448
0.27625704787415395
0.27370311432995137
0.27695676239220784
0.28459137848099775
0.28914783204986105
0.2950601475411796
0.3047790875004485
0.3123726091803726
0.3195771161164563
0.3288704756879898
0.3374993927188257
0.3429583405783256
0.34584886318141606
0.3524160731627429
0.35606161591657026
0.3596548830947818
0.36006608217487895
0.36571334239960585
0.3717229104748533
0.38185288466669065
0.3887663290791587
0.3963086810965856
0.40576452318435036
0.4188482892735956
0.4306554838778288
0.4382204743696666
0.44449592523493564
0.45046415350254
0.4516654450406159
0.45643975763327316
0.46458202078933863
0.4740796996402955
0.48488147074666377
0.4910284605039169
0.4975029943278499
0.5056813822676316
0.5200053548845123
0.5276219260970519
0.5371631023404863
0.5400812028149504
0.5422496256582139
0.5402428377485712
0.5391986915998063
0.5366356046827526
0.5357575715989957
0.5351764393709607
0.5341675457655136
0.5312864187972673
0.5265854909102391
0.5198870743604084
0.5130014227347084
0.5053150207624378
0.49829008210653464
0.49159063881587345
0.4798007990655365
0.4682482745215115
0.4579569322261191
0.44902924166738833
0.4414776902338255
0.4331258519146548
0.42193458775575543
0.40707440984477666
0.39170422736015226
0.37788384121688917
0.3673313764862632
0.3584115340119674
0.3456458821086082
0.3403157555771878
0.3373323700086465
0.3321639188178506
0.3221893785929373
0.30282044926722296
0.2862444298081891
0.26836917873507693
0.25414881522949573
0.23738222627548888
0.22221000655182904
0.21041069009776772
0.20022805045336028
0.19393383481786522
0.1927751877857451
0.18857910217789758
0.18102387422672972
0.1783995631725257
0.1758099280118105
0.17438505461601997
0.17519010924271777
0.17845070716731792
0.17915635150602785
0.17732959103173163
0.17188993736527577
0.16874144133048985
0.16868342502579933
0.16898249958623932
0.16827415763267303
0.16687439142908553
0.16665239707028848
0.16702652601843296
0.1662411096306882
0.16897500352650585
0.17221413444081157
0.16854510172876555
0.1651635490544637
0.16333720491626172
0.15880504411492255
0.16384621289194023
0.16239653798977663
0.1623153106292387
0.16159609815347784
0.16098531931444207
0.1609570822100979
0.15773110620132813
0.15210701689558964
0.1457553218761423
0.13806048690799066
0.12884624195883002
0.12143574365734768
0.10944612278092694
0.10179582535846063
0.0992103770011251
0.09375774207090576
0.09088226097572696
0.09000769423871807
0.09725592713229417
0.10282136778668385
0.10674298255124048
0.10693529828477259
0.10922472205505714
0.11932684801992097
0.1318625334733282
0.14766508882019047
0.1552852219402837
0.1637318250542115
0.16865091147191816
0.17412948153348282
0.17823029189067272
0.18077680853371417
0.1760121028420821
0.17134513049305436
0.16861774070974012
0.16823260666255574
0.16985961458610147
0.16996699685360503
0.17538365865635047
0.18311136130854383
0.19309740458028635
0.2033524971647496
0.21332542775543384
0.22910665340864106
0.2373740046512597
0.24016374279019967
0.2424321742659435
0.24219176309246318
0.24406990466137904
0.25226161136171305
0.26233189330122075
0.27043140457833936
0.2755826694345807
0.27871555510405105
0.2847667056220557
0.2868508017516696
0.29015741913473386
0.29212135489737256
0.29722917140750854
0.3027257294091837
0.30569297355753666
0.3115429256088444
0.31329468035605035
0.3150005782860882
0.3162006976807325
0.31508502153987067
0.3074724820506635
0.30087888101621196
0.29491821427203635
0.28822968087166034
0.28020343261698816
0.27116634685829677
0.2585133962419505
0.24507172097116606
0.22822016220354469
0.21124568097966523
0.19326390900922785
0.17916317461328318
0.1695446576445752
0.16274003644142832
0.1549078935860211
0.1454710901719392
0.13943708498109292
0.13466389852374902
0.13264302682253676
0.1276578478124401
0.12892105891553976
0.1352059289039837
0.14079965063525535
0.1510404728935314
0.15965397621747573
0.17032745411439448
0.18036510447505916
0.17967072478870869
0.17668154727034321
0.16990725831180722
0.16840538501825006
0.163170985864873
0.1613373322080965
0.15953319984244232
0.15341157659542112
0.14461889306066816
0.14342429920910915
0.14436835976770815
0.1435977693035539
0.14364466274364668
0.14250714712015686
0.14376632137320278
0.14395098789042562
0.14559541787449737
0.14799145147641687
0.15249391814148433
0.15800611748344937
0.160798212851924
0.1660032710892377
0.16412468880497463
0.15998602745155613
0.15362038490866312
0.14993022256893004
0.14488926485522105
0.14300615721848944
0.1424577746391866
0.1403776662081839
0.13570923939915983
0.12994555691523837
0.12403317102685026
0.12345966572765239
0.11961795859031077
0.11606059350283086
0.11062905035247474
0.10347506639869639
0.09799326862390532
0.0923037282887726
0.09140364383407443
0.08211243958800928
0.0709043152067361
0.05839232329667779
0.048541982383899424
0.034583704510744356
0.021690233919013858
0.008787420756761468
-0.0021242964633785364
-0.016253619483760987
-0.029705636332245225
-0.0381221362234256
-0.04400039737917283
-0.04500045186795292
-0.04179375707513091
-0.038996664546823726
-0.038101109927871704
-0.038359534700135214
-0.040676896070790294
-0.04253480167261046
-0.04617730778237469
-0.044835766671787736
-0.0434711572146235
-0.03723722726721826
-0.026528565813289363
-0.02256123804102321
-0.014289279477335689
-0.005180040231440856
0.002493330597877959
0.012623284779778449
0.0263168962728485
0.04648929735694405
0.05838428811770612
0.07388610776153015
0.08729774387323773
0.10043544933194701
0.10935492860602553
0.11366672298004075
0.11879771684670039
0.1167188224212834
0.11478096576839994
0.1137008916984811
0.10501703836578935
0.10121086649154828
0.10161357493198879
0.10270538616076082
0.10474913831100477
0.1094364951586057
