0.0
0.0
-0.009483338280234972
-0.018055081197534982
-0.023144775283539597
-0.03440220271637767
-0.03881023768524257
-0.04830231385593701
-0.052341566727012706
-0.05150472206173589
-0.0540862571101825
-0.046873370208268636
-0.038695463901426246
-0.03086199846640584
-0.02333889512666026
-0.0251209414715156
-0.020173015534962667
-0.015041359925417691
-0.011449737026163325
-0.005245271897657422
0.005687574095643464
0.016754818749573117
0.027453916127772718
0.038972795669897635
0.04948014642646344
0.06042161977030555
0.07917792953631164
0.09997995890318112
0.12463457576549966
0.154638063271544
0.17733297840014028
0.19599146534887546
0.2128251776013853
0.22875132110941873
0.2468306987090901
0.27106335886368743
0.2984858304098692
0.31642071670376687
0.32751661921536857
0.33911194928794136
0.350704889178928
0.3602480087464306
0.3727930222451519
0.38257037562259555
0.39081497230111123
0.4025322989680943
0.41256320225988424
0.42381311908106073
0.4351258977108229
0.4452604628464643
0.45739040755867155
0.4721563667735408
0.4825024947234905
0.4942960779600108
0.5022106284550696
0.5122840100086739
0.5239954389420942
0.5332115889502322
0.5414582600158158
0.5392687162654647
0.5389173397509293
0.5418874963110604
0.5480701941698665
0.5526738280435365
0.558079841676951
0.5651289969636957
0.5766027489608082
0.5872274839865628
0.5976843848511688
0.6051166936043799
0.6173114503406012
0.6330205525312027
0.6455683590446286
0.6622238041489682
0.6724108598748467
0.6811205149733793
0.6852825943290279
0.6858222603156124
0.687644880212076
0.6822989419392034
0.6695477250964998
0.6610333816253664
0.6542985348586519
0.6420948523086674
0.6304699099562338
0.6242961412045075
0.617022276246696
0.6118744089279463
0.6101654893328405
0.5984852645900839
0.583945845134305
0.5773594871371575
0.5716573103459012
0.5641628829103653
0.5653654602843349
0.5683908463830494
0.5704008435097249
0.5662000891690891
0.5645150798734179
0.565251821559979
0.5698305080828906
0.5761396310791524
0.5763655315440503
0.5763218773435996
0.5756593068130268
0.5745973593772669
0.5705695335066917
0.5670410761366005
0.5654306968112861
0.5677272756291769
0.5749868168189033
