0.0
0.0
0.0005109025837340762
-0.0003041158453297684
0.0021236996318647755
0.0031221479360801427
0.0017999497594283782
0.0029210395824507073
0.0024835389172609677
0.003164522862283954
0.0032504122928689624
0.006415877467601387
0.005645276041527898
0.0013901573858349945
-0.0009516881521200592
-0.006989929635222793
-0.011550252036131123
-0.015879303244418816
-0.021578913742152178
-0.02957667468849573
-0.04445246258099596
-0.05870072429160236
-0.07429461878871459
-0.08643799123994071
-0.0984235329959269
-0.10898261194477549
-0.11571006390636114
-0.12403916472154328
-0.1306407675224904
-0.13464139937335262
-0.13882172128816558
-0.14374668390119302
-0.1510144716415661
-0.15890086628641104
-0.1675887613367086
-0.17771332142892057
-0.1806203890837385
-0.18395318937683294
-0.18385922957084722
-0.18455588742669338
-0.18394855079264363
-0.1827585629173652
-0.18101905632989201
-0.17986132717950426
-0.17708730802883338
-0.17554865368482056
-0.17866932452073178
-0.1786568380511406
-0.17637763772376608
-0.16894828708461496
-0.1646336109507683
-0.1622617459847144
-0.157072754498085
-0.1555342009730719
-0.15601481636072823
-0.15611571704090565
-0.15852615712355467
-0.16141094479224694
-0.16259204283053252
-0.16231147617211372
-0.1597666656802827
-0.15466663080067564
-0.1436463424697025
-0.13264114072682795
-0.12641307155235773
-0.1208403280086382
-0.11691674492591624
-0.11316769558682002
-0.11122790716746246
-0.11044291085499035
-0.10488033977813699
-0.10044446241022385
-0.10285324854540925
-0.10511090114311122
-0.10795139209829951
-0.11425608099689791
-0.1180679880777193
-0.12344714114695828
-0.12967240782461614
-0.1270353433324926
-0.12526596146467142
-0.1191759972335391
-0.11254923007828897
-0.10934742342895047
-0.10505420392863617
-0.10109225758896768
-0.09886117422808272
-0.09735563731961834
-0.09975247091813483
-0.10574884103750895
-0.10896263206113659
-0.11091393190539281
-0.11812262226943078
-0.1207797642988712
-0.1198129747930933
-0.120217692277318
-0.12417732961807805
-0.12775704131283394
-0.13206747737227373
-0.13832112133117497
-0.14611249695675385
-0.15500994731225665
-0.15896053816371997
-0.1610448705336724
-0.16335182507295212
-0.16513200115665985
-0.17185720942775334
-0.1808979073710174
-0.1917497489297674
-0.2007895016727797
-0.21103383812695253
-0.22439345283192721
-0.24077969621592007
-0.25773990653510365
-0.270899116066726
-0.28621585705832236
-0.30302884042895367
-0.3199761750864413
-0.33739023013813507
-0.3550094772490239
-0.36669496474661906
-0.3769225256992436
-0.3875758064621574
-0.39891747310080594
-0.4045109713094022
-0.40851784394291074
-0.4119076741747261
-0.4141964517130537
-0.41798042724815276
-0.42070989414602383
-0.42494624347945187
-0.4312738920758705
-0.4329453796008692
-0.4357896256003439
-0.4380984954557142
-0.4405101400692843
-0.4408257774849515
-0.43928691964773264
-0.43671028818149504
-0.43183169958384743
-0.42915740330337376
-0.4307905872842315
-0.4272962774131839
-0.4281549344403656
-0.42966118915742185
-0.43114138486575576
-0.43407164762032613
-0.4353280525638702
-0.4361961364936086
-0.4382330917445249
-0.43865957171503667
-0.4443424274685586
-0.4468111634670454
-0.443278078120572
-0.43883551606315657
-0.4335631707946373
-0.4321366640952318
-0.4319398630709975
-0.43458780206332187
-0.4365006169453393
-0.44137986565025605
-0.4456617596198628
-0.4473899481515448
-0.4523310583780573
-0.45777516626275394
-0.4639127256143122
-0.4707854913193643
-0.4775737248821867
-0.4931519105811224
-0.5081979288876367
-0.525706113247321
-0.541319757020578
-0.5533471691344403
-0.5581927188471579
-0.5648135855838853
-0.5677051835499781
-0.5726720435467118
-0.5783105634251344
-0.5848465144112697
-0.5932636385995034
-0.6023548018778407
-0.6105402300668464
-0.6133247113634341
-0.6155148847396299
-0.62048551263754
-0.6285214844334831
-0.6372117817844176
-0.64224714998651
-0.6529898668004936
-0.6618330882333533
-0.6667809641961097
-0.6681289660653601
-0.6786324757086277
-0.6865982971858797
-0.6951067178322647
-0.7010130811670295
-0.707940446166821
-0.7113142946290438
-0.7106505365266382
-0.7109173611961358
-0.7074746862223332
-0.7028116134084612
-0.7028978117509348
-0.6983046643510679
-0.6958416425939197
-0.6939526724964016
-0.6919259299854017
-0.688665800199399
-0.6827300664425705
-0.6789377040452513
-0.6719294010134678
-0.6658765845944853
-0.6597686677602282
-0.6563565417390096
-0.6527075941372319
-0.6564197358636058
-0.6633309187785652
-0.667953973442312
-0.6755641656039706
-0.6813451046428923
-0.6847172569309623
-0.6869566939936051
-0.6922135151679314
-0.6915102520251399
-0.6858283023824857
-0.6798042107442495
-0.6736266308320241
-0.6706625329664498
-0.6684058807419674
-0.6601340353759659
-0.6540377537231045
-0.644808200768805
-0.6387744443053215
-0.6354697697893718
-0.632351612063
-0.6302992776103566
-0.6262749854045923
-0.624724310431374
-0.6199363645733111
-0.6163328233578583
-0.6142658676927318
-0.6116133171737216
-0.6115978377199283
-0.6087965184531633
-0.6036377800241401
-0.5976679200117732
-0.5932266699422813
-0.591537923025067
-0.5863446555530281
-0.5881335179440389
-0.5888090511023472
-0.5916866820540876
-0.5970767161412
-0.5983769716916199
-0.5971145956220956
-0.5968024612678099
-0.5917498135378774
-0.5866320508770388
-0.5843838201151665
-0.5790227466089038
-0.5800806713794494
-0.576233967346446
-0.571697876561005
-0.5653426013005264
-0.557430563121692
-0.5479492866171816
-0.5390578842906002
-0.5299454221536309
-0.5223456638327911
-0.5100081468157105
-0.5012101093440189
-0.4972335210651439
-0.49152745840859857
-0.48304494273849585
-0.4718106448824482
-0.46087126156309755
-0.448610078696635
-0.43212866681403705
-0.41423718339070476
-0.39588644436702736
-0.37900511709665285
-0.36360865800153275
-0.3499738968224694
-0.3325961564023551
-0.31423302968289263
-0.2991491042249987
-0.284180919058017
-0.26976273737591006
-0.25624032334407315
-0.24637464524140915
-0.23532179157294206
-0.2261249234948097
-0.22085873105478288
-0.21718811697022603
-0.21625786225205504
-0.21638068949216904
-0.21404692203072556
-0.21324842555389795
-0.20979981880630746
-0.20939278813395967
-0.20586470480172064
-0.20365585224996072
-0.19794941901027638
-0.19140777425751498
-0.1878079002022668
-0.1841113382183186
-0.18152266916629067
-0.1767217231522722
-0.1767055018624161
-0.17773765029397215
-0.17628848972411879
-0.18002570884389368
-0.18606736808387547
-0.19200704107912028
-0.19603552204871394
-0.20404247547506543
-0.21167546309370666
-0.22347882406779673
-0.23969376920123714
-0.2590820413436161
-0.2767185944749894
-0.2951541319950283
-0.30825638908579606
-0.3234440446729566
-0.3380947914491482
-0.3513836918384675
-0.360084031903726
-0.3654617658351604
-0.37094898331963577
-0.37819606449677984
-0.37933072249484995
-0.38145931464898336
-0.38321519901023654
-0.38024805987563637
-0.38471493428131126
-0.38780918330230935
-0.39238624157295693
-0.3924963054083406
-0.3940196402944303
-0.39256047639333186
-0.39218501497357977
-0.3929915045697498
-0.39090495234310507
-0.3883384084358033
-0.3857286492418244
-0.3840220890826766
-0.3841725395969475
-0.3874392414332556
-0.3851449190942426
-0.3821705685076996
-0.3805732430874129
-0.37541775599211213
-0.37308525816045107
-0.3732239424254855
-0.3734685566197662
-0.3761016987777061
-0.37871706985889925
-0.38071383749436405
-0.38346846484532904
-0.38449504912229926
-0.3882349488083961
-0.39359920645734875
-0.4024719773046353
-0.4082209815317805
-0.41613717761993063
-0.42715353288510327
-0.43763529220993685
-0.4471322245420374
-0.45088339706211855
-0.45277091948646286
-0.4526834362662633
-0.4561384059121933
-0.46023207608729433
-0.4607526822501487
-0.45792233012559497
-0.45645089899961944
-0.4554857579053838
-0.4527815556525627
-0.4500178481960112
-0.4485276769874181
-0.44460567910493687
-0.43946759078103403
-0.42906222386054105
-0.4222534310905186
-0.411817548239147
-0.4092117514082816
-0.40787370109707033
-0.40780461170782095
-0.40418801004182886
-0.40064471951576175
-0.3995833829693972
-0.39955644119938927
-0.40186008155976577
-0.4013633881611172
-0.4016005691728194
-0.4075989137644432
-0.4128951434980883
-0.4173749008317024
-0.42081136056342294
-0.4249283721788392
-0.4273516975683609
-0.43299703740499773
-0.43357550797437955
-0.438018005149939
-0.4400798033017096
-0.44135992604107105
-0.4406555216437447
-0.44379308873130435
-0.4490720339914466
-0.45263551979616484
-0.455349347642826
-0.46057127656624297
-0.4682729064190095
-0.4745088750743827
-0.4782484525275241
-0.48321325231526013
-0.48852106066985024
-0.4899287627791618
-0.48908557973873235
-0.48386442420829034
-0.47371848032188296
-0.46184217193909766
-0.4516550830075689
-0.4418201058709297
-0.433238243157952
-0.4224216820784919
-0.41064615133468774
-0.4025313599496261
-0.3976976532511559
-0.39309155927631345
-0.3864260839253227
-0.38386270887001106
-0.375821841319059
-0.3666513079859692
-0.36118991341436735
-0.3614582689803899
-0.35975965461692694
-0.3593619987136791
-0.3619213273833174
-0.36263439427182065
-0.3609640410823555
-0.36001449457147316
-0.36338399889533185
-0.36932683223911933
-0.37514487903813515
-0.37906278349828415
-0.381668300955911
-0.384695387882222
-0.3864391760898758
-0.38750379823688075
-0.3906225848908433
-0.3944090943952621
-0.39553706283097134
-0.3941931456708174
-0.3889216883387034
-0.3853453575028665
-0.38408354467781197
-0.37701201709107307
-0.3764645948297666
-0.3837531545130114
-0.3873194670513749
-0.3875408954143725
-0.3867005694717698
-0.38453546357978985
-0.3845907315852147
-0.3844519714629499
-0.37626717452053565
-0.3769596494583247
-0.3776070658435721
-0.38096289160427027
-0.3805370711587459
-0.3766611973843988
-0.37112990372677745
-0.364777328109664
-0.3550196253092417
-0.34063891657478085
-0.3310561198018701
-0.32120578544786454
-0.31121676490136196
-0.3039923361124958
-0.29832421016100436
-0.294568797083327
-0.288043435878337
-0.2836603828817925
-0.2752721822914083
-0.2706192134286702
-0.26967452139081066
-0.27038218125780106
-0.2727051893482444
-0.2783599197915297
-0.28267759904386697
-0.28951401822343176
-0.29922989838939823
-0.3105878679718581
-0.3208888387566314
-0.3271370338417645
-0.32962682271672483
-0.32548804589438374
-0.3206660355917412
-0.3122091691485142
-0.3077210233567942
-0.3036676045343973
-0.3016824423202666
-0.3044960000372019
-0.3016379804210094
-0.299132281335446
-0.29753909435325004
-0.2922329702531502
-0.28529155607036105
-0.27485304933791965
-0.2649911648850271
-0.2560683624056771
-0.24975937621137925
-0.2402072502191728
-0.2269764189917871
-0.21172136971472627
-0.1981206142263768
-0.18718038817063365
-0.17464085904678056
-0.16373257725562465
-0.1550138922908495
-0.14892611012603474
-0.14546702159642974
-0.14252014689409875
-0.14158356977480432
-0.13957650409137434
-0.1330871708887931
-0.1282995466688606
-0.12827127825592616
-0.1295465208492825
-0.1298794855081623
-0.12820183878882566
-0.1321016305573452
-0.13545591745211907
-0.1394436219877881
-0.14601949714019244
-0.15232100212132432
-0.1546904239103632
-0.15660084625983883
-0.1557934421050581
-0.1562274508096645
-0.1538295922955009
-0.1481042632788732
-0.14392275461003773
-0.14052701010126267
-0.1357939287438787
-0.13226781902419055
-0.12432412928512382
-0.11516738992437005
-0.10686062167708318
-0.10104739491150432
