1.0
0.9994312514177693
0.9983509078644837
0.9966815257903884
0.9950102897557828
0.9931482771326617
0.9908134879994429
0.9881376917828983
0.9853142088516142
0.9823980512878872
0.9794134243236069
0.9763236555528394
0.9726773108412103
0.9689358845390313
0.965358586424511
0.9615763047667523
0.957878081131258
0.9535752504732169
0.949541264922047
0.9452946768191429
0.9412063942729552
0.9372480839925946
0.9332367072830172
0.9294330464435768
0.925630565253312
0.9213891561094159
0.9171202801627206
0.9130638877870345
0.9091377265545227
0.9052109985272162
0.9011750752443796
0.8970469442628548
0.893297019584747
0.8895421346433272
0.8863057399346376
0.8829209182357
0.8794365975605773
0.8759447570119476
0.8724333737157137
0.8691480891607261
0.8662430649608236
0.863183739376807
0.859768884489079
0.8562919220504036
0.8527219279421685
0.8492547268449882
0.8454549672612482
0.841785824494881
0.8382161592308895
0.8344504129848599
0.831053813796002
0.8275500754202174
0.8244992779832104
0.8217192191972835
0.8188205422860259
0.8158224386433323
0.8125601600116312
0.8093945850535275
0.8063628054544868
0.8032178587227412
0.7998340541350162
0.7962504029471691
0.792814610006731
0.7897662421416598
0.78658563585162
0.7832158009694473
0.7798307701456078
0.7764576487527894
0.7727654514430914
0.7688726869337656
0.764831291660361
0.7611811756114207
0.7578901279624616
0.7544728426319504
0.7509176232000264
0.7474702169946168
0.7442116318519372
0.7410476457518232
0.7378279754587657
0.7346311311751272
0.7313586399114542
0.7282202290063592
0.7253830098285824
0.722924266358642
0.7201870130745504
0.7172810733552523
0.7144453627286642
0.7116338662744434
0.70883777509711
0.7059171485388078
0.7029884438570315
0.6998279464386618
0.6965405841094734
0.6932826206881768
0.6899848561285968
0.6864639653678644
0.6832444303190099
0.6800645172364305
0.6767582762370701
0.6735156822048806
0.6704697572954491
0.6675498615882309
0.6645266306959788
0.6617472132566175
0.6586975229853206
0.6558184012853532
0.6527165691974336
0.649476318446165
0.6462903554263013
0.6432513889462645
0.6401834140953917
0.6369420244025479
0.6337729344958701
0.6305628923785329
0.6271002199787991
0.623960566201194
0.6207128872505454
0.617587054109807
0.6145624418112823
0.6118329634292594
0.6093068795491129
0.6068567799582603
0.6045658463751347
0.6020276700808368
0.5994376069034218
0.5967528937816906
0.5939363451300573
0.59115073148836
0.5886956427201515
0.5865896197920427
0.5843911601938047
0.582167809434935
0.5800033078696464
0.5776703224258817
0.5752180404295255
0.5728572474198093
0.5709297110895722
0.5688813350341694
0.5670037825040708
0.5646734859039226
0.5620665438763022
0.5598120279618863
0.5576084763210267
0.5553915455209663
0.5532873773464685
0.5509591222738531
0.5486968295865743
0.5466633702665861
0.5445118934371991
0.5422032630381394
0.5400943702532705
0.5380358931072045
0.5358472314111138
0.5337307804449933
0.5318013418404137
0.5298543482013737
0.5279766580844452
0.5260963262179457
0.5243678391091772
0.5227042659048602
0.5206085088703241
0.5184557574143068
0.516288152027963
0.5144204810870195
0.5128035437843541
0.5109615532850195
0.509040569197014
0.5071074683990652
0.5052137266235861
0.5032701998075377
0.5010454812247808
0.4993355375643479
0.49747621944938836
0.49559208097949026
0.49444349408462723
0.49335316539581175
0.4922276969480362
0.4909220699908817
0.48915254817346815
0.4873800492622157
0.4856877384788127
0.48401916575086973
0.48205006319121907
0.48036699910896297
0.4788098782868585
0.47739155536178157
0.47606086208268306
0.47448769176429906
0.47342542320762676
0.4722385872242169
0.471040797698431
0.4693921363313751
0.46754298140878503
0.4656055812270318
0.46376380582676535
0.4620141928352489
0.4602339546102804
0.45839053303253646
0.4563499467820982
0.4540378969508825
0.45179630151598016
0.44955496447862264
0.44762100039522296
0.4458879766203207
0.4440067876760827
0.44209570085631517
0.44043460025382025
0.4387632459807469
0.43712721524144743
0.43542266767260973
0.433654650719691
0.4318772619888513
0.42997528450890193
0.42824688894985624
0.42660809619278794
0.4248133468340258
0.4230470253084775
0.42097432725608536
0.4191555838021725
0.4171454538626997
0.41494141091082504
0.4125372840582968
0.4105795547642426
0.40838091253013203
0.4062797855719675
0.40410351059949945
0.40206122308381087
0.4001001258642305
0.3982332278500225
0.3964103963004915
0.39444600328991486
0.39227228658171803
0.3906350357906325
0.38929515135120873
0.3874139831598953
0.38565090512012384
0.3841068093432365
0.3826009180766153
0.3811337254182688
0.379579154282552
0.3780408858755267
0.3763729098125192
0.37478273685100594
0.3730270569297285
0.37102272478480947
0.36923040064567936
0.3674427330762518
0.36585510171496777
0.3643051862087499
0.3621782299411756
0.3601310139316512
