0.0
0.0
-0.014258111375585376
-0.03532362677348952
-0.06050507759048864
-0.051283419159476776
-0.049896430571710525
-0.041445442796305756
-0.04739501254242463
-0.05457449627947685
-0.07059360650618327
-0.09871374746691156
-0.12612677768210476
-0.15661147317013496
-0.169646391699578
-0.17228848247124745
-0.16125715840800853
-0.13853209271394662
-0.11517218523353143
-0.06818006037998087
-0.004296782565847521
0.07656529738735253
0.16435823878091826
0.27783447412649886
0.3693189188915147
0.4647426540433708
0.56488772752902
0.6364666605555978
0.6867713408452075
0.7386436342233003
0.7988147675487564
0.8560742331641868
0.9166816549806414
0.9707469676730863
1.0148817973556026
1.0418259265660164
1.043944819262192
1.0522949134350568
1.0423460634289423
1.016928447341788
0.9893571143718561
0.9787074378274422
0.9660488090097014
0.9562386144594294
0.9205105819768137
0.877715144878763
0.8376823376021183
0.8097965511643815
0.788342338119002
0.7646419834368379
0.7395103618929412
0.7252909142190946
0.6824729246844751
0.6627988481495007
0.6412382550431971
0.6015926857821841
0.5670901128261467
0.5339189654367563
0.5196352384018639
0.5050243587639767
0.48849081924769533
0.46013567568133124
0.44552204119003946
0.42940541867422455
0.4133505892373369
0.3914672681310408
0.38870554186026096
0.38706527408922575
0.3721077902068705
0.3486530886026968
0.29282010385748813
0.2511101609506217
0.21887270711633686
0.2054102744610504
0.19592547686853032
0.18784128166847752
0.19908288452287792
0.18787924694866906
0.19903613290605873
0.18715191309287
0.17200529075414656
0.1502951453150682
0.1129762353031575
0.0914194678380045
0.06344493058780579
0.054841011162802746
0.07078486354356175
0.08555127601506266
0.0931365352523134
0.11812962450225611
0.12977586057031953
0.14782894498632712
0.1782839092173813
0.19918112900574358
0.23313586944211703
0.2391862414070312
0.243209529581563
0.2593779576260384
0.25721417586735645
0.2545264885261007
0.2325702995483442
0.2132755163867438
0.20184017693153875
0.16787990657783095
0.12565094298223467
0.09331224220624479
0.06744042334853291
0.050720500915821184
0.03829929210770252
0.0036936015224051447
-0.012880520326614072
