1.0
0.9997214721593481
0.9992042344804015
0.998386946343764
0.9973619876035723
0.9962025572557376
0.9947593264018104
0.9934610293709747
0.9921227816965976
0.9906647385124365
0.989200553288924
0.9877122851084189
0.9860413348438866
0.9842993138696768
0.9824008275018897
0.9804299586979164
0.9783694291015542
0.976330766755694
0.9741860551368305
0.9719979065715634
0.9697931492262493
0.9674206033158116
0.9651068985615447
0.9629413264779643
0.9608053290881448
0.9586326754082344
0.9562832715035142
0.9538395626442691
0.9514290554731809
0.9489786929234307
0.9467040864779076
0.9443635021179975
0.9423515662746234
0.9405767559167897
0.9387337186058563
0.9367614995380003
0.9349039740078582
0.9330641695778427
0.9311935024160567
0.9293144419380152
0.927282081816624
0.9251214422977674
0.9230100209957923
0.9209197936306394
0.9187109450657777
0.9163256429467834
0.9142185472251931
0.9119906997508802
0.9097607453558727
0.9076216502760207
0.9053443183709939
0.9032746035832306
0.9011270543021738
0.8989922237251613
0.8969625612156925
0.8948486782320958
0.8928719858769817
0.8908868457567544
0.8886810047112554
0.8863455045759752
0.8840489076943472
0.881688348347368
0.8793368906253769
0.877128953425436
0.8747297334927513
0.8723399749744429
0.8699261694011653
0.867567035755967
0.8652303580310869
0.8629156651176205
0.8605227262983176
0.8581051373419464
0.8559735522542579
0.8539654087125055
0.8520100735429116
0.8500371183996609
0.8480029675775868
0.8461532031765531
0.844313930119948
0.8427100718297312
0.8410483464586127
0.8393311831509115
0.8377298035888456
0.8360804029604512
0.8344817025586918
0.8330425960489903
0.8317403504709053
0.8304777052611363
0.8292265141971571
0.8280833306183052
0.826853783263127
0.8256344880749451
0.8243493072823282
0.8229456443021154
0.8213538115682576
0.8196781178430734
0.818009069399069
0.8162370600139998
0.8145290803897358
0.8129481094477974
0.8112059678525559
0.8093516697667386
0.8075982407374214
0.8057553782124325
0.803652359960816
0.801710141986822
0.7998917024432648
0.7980255587504741
0.7961161174220599
0.7941290965509884
0.792020946579362
0.7898735317087413
0.7877830793255469
0.7857123518425093
0.7835544058969943
0.781567286505261
0.7797274917055338
0.777908960963064
0.7760560937048199
0.774094589437419
0.7721345557982189
0.7701925622853405
0.7683662064776735
0.7664332716183083
0.7644365191063317
0.7622538678423685
0.7600400812376853
0.7578085042068023
0.7556461106405186
0.753482321084606
0.7514720897540388
0.7497437637267544
0.7481921591653515
0.7465679819591834
0.7449593208852179
0.7435270220796398
0.7419006796983987
0.7403970630532778
0.7389012729807303
0.7373708101218202
0.7359178828809221
0.7342713152683619
0.7327221743693596
0.7310054887382323
0.7293244597622399
0.7277398387840047
0.7263326696236065
0.7248546843590209
0.7234686756215507
0.7222193608127735
0.7208400192530121
0.7192697929517545
0.7176516332085275
0.7161198613315204
0.7147231362591949
0.7133029021729729
0.7118503429638012
0.7102730985239314
0.7089167813868513
0.7077264634930336
0.7065885028046224
0.7052842621518876
0.7039276046051277
0.7023830462379126
0.70088720846025
0.6992154394475607
0.6974912935307777
0.6956595825686188
0.6938529328270022
0.6921587874173732
0.6906925504863788
0.6893768001836181
0.6879435217905973
0.686509150933704
0.68521057343723
0.6837268513940072
0.6825223285595557
0.6813173465215233
0.6801089488455416
0.6788947176852653
0.6777330829680593
0.6765043012430734
0.6753514997636558
0.6743906245487239
0.6734711512332792
0.6725019448072868
0.6715467386893773
0.6706810374141401
0.6697354756847729
0.6686586378664644
0.6675467549465064
0.6663528746033217
0.665103672068214
0.6636959108677725
0.6624388078070935
0.6611670062649676
0.6600433134227188
0.6589216720577155
0.6576898372848078
0.6565581861831357
0.6551846570594461
0.6537700151280929
0.6522495615824224
0.650769531033073
0.6493620470494459
0.6479201300519641
0.646514894681787
0.645338394300381
0.6441041143064099
0.6428169099041419
0.6415378878241969
0.6402877881034238
0.6388761969888999
0.6375934100407691
0.6363058305120214
0.6347663876948902
0.6332214035706797
0.6318196365710147
0.6305676692220601
0.6293394059988769
0.6282701350999879
0.627269954159284
0.6262076654694932
0.6250853272813959
0.6239191020588666
0.622731246645584
0.6215384507572186
0.6203939061889041
0.6192957996053766
0.6180925439425209
0.6168327359417795
0.6153502214911926
0.6139822138874231
0.6127469204520382
0.6114055699120609
0.6101088787430573
0.6088285936413206
0.6076162460822672
0.6063305180742615
0.6052154881440037
0.6039496594671001
0.6027200143039997
0.601504150583672
0.6003591936168214
0.5992823547594502
0.5981389010286349
0.5968385092748596
0.5955341853917168
0.5943790607611031
0.5931709889375442
0.5916120357959314
