0.0
-0.7539729355931873
-0.7843736629504084
-0.45400883095888467
2.43871378354509
2.695843177683829
3.8210916716839933
3.4295581141127314
3.639053020377701
3.096143336757901
2.0541879186523317
1.5467942354247666
0.5710884105917879
0.735381387984898
0.38491488295760934
0.2609127281966537
0.12169994707853193
-0.532018765162115
0.5226068760778719
1.4561457018641688
2.710682940468243
3.6258577563018184
5.984265019899853
5.507825008417781
6.754467179859039
8.057990101589557
7.15744242069972
6.521429582292244
7.083160664925213
7.798065495172839
7.515353536979756
7.35051502220505
6.322550343391837
4.900093773531274
2.9145557745447124
0.4250681625158941
-0.020464433814004535
-1.8494958812126958
-3.2794593845079514
-3.597585664614486
-2.4084607867029604
-2.1280121366104057
-1.3020077580520992
-2.132642764323956
-1.6978822469698462
-0.6434478664968007
0.9218071206743291
1.9636882507166908
2.222406512529014
2.251877575060735
2.7730059370463165
0.508965458136907
1.274281593084359
0.296279243169029
-1.8067673799288637
-2.4490303528323567
-3.2383305567682616
-2.735313995889264
-3.1994703900380568
-3.486504302642815
-4.112672154821137
-2.8430649807998667
-2.292615603324748
-1.4711181371509272
-0.9337211805294614
1.1877624149976174
2.0920931994685708
1.9054470606236773
1.774764954394196
-0.1654523039857576
0.5298202517165727
0.664310249319252
1.163768988220858
0.5672204890937182
-0.28042974402301735
0.015139658897140862
-2.240218687618455
-1.4919903941709172
-3.3759293383597404
-3.7447187890956792
-4.033717179055015
-4.626622809779829
-2.999306130087994
-2.5958345687306674
-0.46483138483550035
2.01675475293332
2.794621258556943
3.016519108726359
4.560398140083269
3.8838937792464896
4.158522992362318
4.54256582890535
3.302702155725095
3.320941630957423
0.6518161769666304
-0.3981280098017488
-0.4568602345904563
-2.2725748547681874
-2.7355696332879993
-4.1144137659804105
-3.822606410809261
-2.917512650202049
-3.7024644702155873
-3.4297898565583345
-1.9176525978271706
-0.6128704595669555
0.7794507123865091
1.6999292541843616
0.7002562586421985
1.9607402849022064
1.8252464352274065
0.6114343459996712
0.2457296023026876
0.28041552778490497
-0.24701951723498555
-0.8577374283460198
-0.006776386173877658
-0.20183498358489482
-0.9146142350261418
0.05663046507383229
-0.13323621373145694
0.3659207217387165
0.055761133235523896
1.1937537585647995
1.84548638388488
3.098773556130218
2.8126702080062187
4.1400663741188515
3.1533219010861653
3.7106280254271224
3.2269816953099566
3.593555319543273
2.7763722035841494
2.460729973392283
0.1732893323124438
-1.5102127573442572
-4.047357289523751
-3.311164186144311
-2.884078284036847
-3.9299927212649974
-3.651452542462718
-3.0382789369531245
-0.4842642895200322
-0.7621766165058553
-0.7204606410191492
-0.4020665284337457
-0.45669252654480375
-0.6280916076700326
0.7694390014533475
0.6441259921886635
0.8811186579112319
1.728028511724375
0.6962855630689373
-0.3208126901479535
0.3339188004465705
-0.41129344031999593
-3.360277423585968
-4.095121842236554
-3.57997801879626
-4.364830094124596
-4.627075526851577
-4.442922288635302
-4.3858147614048955
-2.505970056439674
-0.5338358616813104
1.1346603474045116
2.9722697046237467
4.183466947189945
5.274555332769672
4.147932609029021
3.6588758487467667
0.5760203971191387
-0.3566240371146979
-0.9667626898574967
0.501650996863721
-0.818619148828255
-0.6881448243275408
-1.620220066446267
-2.037136818762515
-2.261486911594742
-1.8029705028355336
-3.030235429586158
-2.8477295623087127
-0.5876234646111911
0.34506345944378636
2.4965772551692744
4.64119643384722
4.226905336823834
3.845924277159808
5.404765943870824
5.096943088752671
4.144446564792916
4.0006403127494305
0.05988447586048373
-1.0921347490194748
-1.3591752777134127
-1.5993113759155724
-2.8054094894290618
-2.609195825562967
-3.789544228655447
-3.4572583637307113
-1.923876954933266
-2.3757789377737204
-0.8204936108477696
-0.7125888340302216
-0.555962374508
1.4272402309257646
1.1940161417962223
1.591306090131604
3.303868251609447
2.1717758333629407
2.0297716834100967
1.5661888272823519
0.8259344846323374
-1.2123326389764297
-0.9555028486353547
1.1076984591109187
-1.5322474639740844
-1.2915961498877713
-1.0723408951949138
-0.2133219639044026
-1.0279100163721608
-0.4583024069619841
1.242516667635241
1.5467946583112102
4.116998808057282
5.08088461096621
5.780613538005895
6.262527978400107
7.532116316059752
7.426585242946078
6.517933673161465
3.6511873448783145
3.3241318482303766
2.07367736826521
1.8509792915953902
1.160351489360898
1.5708767335517182
-0.053095456741728775
-0.9928984537232213
-1.8665757729640446
-2.0656223636534725
-2.7447769121883345
-2.803616752981798
-0.3052684231251035
0.4648957716217137
3.6709654970891403
2.229461503637641
3.231667588336977
1.2205989616490558
1.8956292878321146
3.2074762712162315
3.040934193985984
3.805700054117847
2.8152455990443674
0.533100699970533
-1.3506657406045117
-2.940391404098368
-2.6288589176679964
-4.02227827342087
-3.1365999474263195
-3.0383748664044528
-2.758474716375326
-1.6668034949416772
0.13824575831469088
1.6800014688673006
3.206380798661203
4.196476969510558
4.276754782661604
4.158588201706507
3.301118330041483
3.5789231379901767
3.8663512630789514
2.0370289650499016
2.44405089155536
0.06761478633669138
-0.43001316923385613
-0.6668804888643299
-1.4031990820610705
-1.9470637855856043
-4.389320241255335
-3.737952324031785
-3.1893289580504995
-2.1626470988067603
-2.4245933334999625
-2.268183693954164
-1.2065707154841487
0.600940304693581
2.46586970780902
2.539152890092774
4.05465111547115
3.1863844854741252
2.774632400787576
1.8488793361950102
0.9685521910855701
-0.004021262798525042
-2.2009547342889744
-2.452229908278858
-1.6657749779366562
-0.8560349642387237
-0.6591175192543544
0.5115149689672838
-0.709779499999229
-1.4671313670921395
1.005323683441068
0.1470721552080445
1.0026182236879548
1.546258822096642
2.413131797663493
2.816924651859562
0.28556060087440693
-0.9164695056742957
-0.8396411761370552
-2.6582406812913555
-2.7219640638614964
-3.601441946121063
-3.9403910730508787
-3.8342863117058386
-4.408836008523851
-6.0526577808054665
-6.019100211210462
-6.3881050817365645
-5.297314333746771
-4.946110927862099
-3.387346560538444
-1.0968610635609888
-0.442269161191119
1.417940203946588
1.0357486906866975
2.95811200341654
1.995820206661619
-0.2505296035041591
-0.4755551971228003
-2.84509145314557
-3.7957741340291813
-4.279755823464978
-5.660807662315816
-7.324518626235657
-5.339636958912289
-4.299578802616366
-3.389857183882474
-3.9408798860243293
-2.0532566102013945
-1.248547737550776
-0.708836505688174
-0.7705439249399659
-0.336641374553889
1.0677074478380704
1.5602911286739314
1.177067269871246
1.8903302478731265
0.7022523335776562
1.6031591187885086
0.7916956639986599
1.002763692675782
-0.3927047925281087
-1.9302770581516644
-3.3752932070208357
-4.59486400333122
-6.987388716513562
-8.284696747210633
-6.874151851246934
-6.600570341814579
-4.192508824268927
-2.817335630420462
-1.0833313608924477
-0.2517327447918424
-0.6166479218924508
0.4728736107445608
1.1935221848775588
-0.5419795862415391
0.0026949702459817537
-0.6052973193009192
-1.6922755902630042
-2.488666511828145
-4.6511368546660705
-4.746543524732758
-4.057723425846327
-4.800912434088643
-4.499758135211886
-5.5910654241485815
-6.566551125193475
-7.143002420150883
-5.2284017498322735
-5.796950998221251
-5.418509148976276
-4.760727087384339
-2.8281007541369805
-2.2517135110870146
-1.1788278995054515
0.014908424510003737
0.7393109334452368
0.30905517685234585
-1.956182520113971
-2.573024096642258
-3.729101682009726
-4.23329893539382
-5.5094368027424645
-5.632650223832356
-5.5228634246361015
-4.066631544828706
-5.586953727514487
-4.396762355212761
-3.330807197759257
-2.2743647483121063
-2.432191618702057
-2.417487483985849
-2.4193018641454618
-1.3425610167726147
-0.728443452594991
-0.3770049565209366
-0.17808192015024005
-0.6497644953553471
-1.8392317346744114
-3.192919091303077
-2.8915771393388123
-2.828317435910518
-3.9252542067149787
-4.046382795719028
-4.287392207677497
-4.168598212860741
-3.2437930112249114
-1.2996138946569238
0.6418769797478601
1.8615374010929255
2.98625058602531
4.096676390281842
2.953790847324536
3.871308531759613
4.618133528678713
5.354072634106755
2.5780370813921216
0.673230920691825
-0.5447374973208106
-0.27939469761447766
-1.6480017317611462
-2.0058085003252253
-4.161551763891634
-3.36705281624908
-3.535907908315114
-2.6468675078352164
-3.936396894269543
-2.4946710702380583
-2.0250863410105944
0.4300833923131653
1.953301961244434
2.0248113314434266
1.551168851786068
2.6690157954609965
3.45446542853566
4.499159911439011
4.366030907539497
4.628809094840789
2.436482515397238
0.18052413313612026
-0.5996310141707638
-3.4728205026890526
-2.520611526976249
-1.1823043121349295
-2.696378420218884
-1.8325644424694163
-0.7174041554796831
-0.0829706788031006
-0.8356195689190267
-0.05776698877737352
2.5794241538319667
3.045589287513656
2.4248327839549173
4.4871287307065035
4.471307961879828
5.402295436456843
4.442400046004255
2.6181508949528505
3.0365439910696406
0.8573513044572245
0.044752392853434825
0.1318917934128666
-0.36051362798079334
0.8183899070095241
0.19878041657286127
-0.16505113120462814
-1.3980220427078687
-0.2573381669356961
-0.46974408085500874
2.1506469460427478
3.6582174583604865
2.2941342925048023
1.1964820324597498
2.0598036171507244
1.8427384535710032
1.701938534361942
1.8640317013726382
1.7179240062350913
1.1895451823618792
0.09392342104532295
0.17995112995476614
-1.8863301012351177
-2.0447215641421392
-2.426933812524557
-2.867668777316096
-2.9296750477106
-2.2823016834810312
-0.9978298588486304
2.1087865809171427
2.343423942506732
4.564317893004662
6.856458484360608
7.515254049975356
7.5010767304337085
7.237076667012688
6.283420301468341
4.894325645933318
3.2504310129005294
2.0020629212519148
0.7603003872116717
-0.009556146324280312
-0.6478531304759093
-1.4737247164811396
-1.5472476089761642
-2.0243419927164674
-1.9527280347964238
-0.6226433825007298
0.7104003368652861
1.615329009700153
3.0869072119364174
2.6182817918558485
2.572450220105752
4.031878675781261
4.417656964933355
5.5294346974293935
4.680452186324242
3.193423769618365
0.4628781945923168
0.49011276550589156
-1.9817597944788208
-2.3836823563325074
-3.0361721638875148
-6.311754800996464
-5.607423129298767
-5.897858135243469
-6.2781755862665936
-4.703568467776553
-4.0039323300087695
-3.2609312335290737
-0.22777912181456705
2.2148971287488504
1.677338581215819
2.2603262011762415
2.087339579259975
1.0884840497936927
1.0915559508477413
