0.0
-1.0634008054805224
0.10066556992166953
1.1890553455224049
1.784827491227119
1.2306015279331657
0.13140195579760527
-1.862724400939691
-2.9167369399473406
-2.0167145746367634
0.04925748700026067
-1.4624233213897415
-2.2064250557773333
-2.4398457783288032
-2.6168663596278887
-2.90980007227612
-3.375145988570925
-4.36249878685271
-4.925297616162268
-5.028987587452764
-4.286633470523883
-4.450070562167408
-4.389748086882839
-3.480401512539952
-2.1516770808146024
-0.4874556667770926
1.0871670718037691
2.539670859360492
3.9729106257921996
2.397318564204978
3.4647876576782313
2.601088734769015
1.403063798684626
1.6104052961182689
0.8880760702316186
1.3640893493399138
0.4338642779254679
1.9268005131371704
2.4164969650904187
1.4254067054177633
1.1578344226135435
1.7678451530341461
1.2229262402438938
0.9440851660843788
0.7802320364216252
0.5164016307625869
0.4942845000062231
1.724198738834975
2.0394045365838527
0.004101622583696729
0.6205169768787415
-0.333768387465995
0.8290270914207017
0.2898389069478114
0.6677044289685241
1.604442707081601
1.634185977161049
1.3925169637380987
2.3302247036233554
2.452653050327482
1.2589524186199355
3.3031259718240182
2.879756572363939
2.8596669871015337
1.3350245377371655
-0.13017983337578287
0.3547255625418788
0.2299728207557037
0.6327092426821552
1.5638988880984628
1.6901314111848023
1.9308952823349634
0.9933289374079937
1.5770095634207233
-0.13023487597789707
-0.10906325649097091
-0.24873256970321223
-1.0957789005280212
-1.1285145267251635
-0.4714873574089291
-1.4256030774919928
-3.1782708970060254
-2.77619489620601
-1.1191011815676422
0.09384447849672894
1.2826335030784308
-3.484015350484964
-3.9860859248532745
-4.295202989436162
-3.0705174300368014
-1.0701283148104963
-0.13021759203264516
-0.18793754548868863
0.8820785667421974
-0.17232875807989856
-0.7197112566568158
-0.8860724639483666
-3.43057193880375
-1.9186403529233922
-1.3420836195323633
-0.15615511304880614
0.015549259802920878
-1.0313680795539324
-0.684246549104038
-2.4676520480111144
-2.4039175690534433
1.29903219705115
0.7451037840298009
0.6950825395290828
2.917209967148695
0.5961482842687418
2.131695451688852
0.6795976423145105
0.7197352598535081
0.8428343054559079
0.7110947358975653
-1.0772678236550948
-2.9214085507562624
-0.4750614659001191
-0.7912183669564594
-1.0659763081891493
-0.6014977950530545
-0.5551089705472353
-0.26793413240442676
-1.5673766241531073
-0.993024746113866
0.6465013280322504
1.8364571057430414
5.683447020008216
5.1484851057439815
5.837909370894552
5.3174570384142426
6.532249143732883
3.6444197570358168
6.270046227593535
6.117471643400156
6.245913548835169
4.417783619345784
5.148381117200006
5.03052031052741
4.202440588577491
3.49571097743828
3.7133951287485694
4.080308676113335
3.558032786774193
2.2548905553063623
2.8794885299956317
2.6552541269724643
4.529788172611774
4.38624812450665
4.380176235001776
2.618272235975094
2.5348288057219466
2.7919735833665955
1.7105783714094063
0.5600461964711829
0.3218087656609388
0.5768945414354925
1.5637419062455384
1.0331331109250348
1.1168000368064817
-0.2553908675371379
-0.355306535937308
-0.1313023954866694
-0.6485834853759735
-0.040021857537340666
0.28569891814920023
-0.2213893918622707
-0.6813926779394059
-1.3795951145613736
-0.853502863320391
0.05972175973454641
-0.26997294764529733
0.6572376034128878
0.4290913616318939
-0.9180405905501047
0.43445472981151245
-0.8228308714915235
-0.5180073361749673
-0.9716668153247212
0.39055225688322404
1.5958342462465631
1.8198735145289255
3.04909967515941
1.9542324618410394
1.2525570020406565
3.138323497784415
1.5112856304449878
-0.20267135992104768
-0.3942779464568477
-0.08609716289005243
-1.9084431829357833
-0.6211095448949944
-0.14138963524418513
0.7894088216899667
0.6535167913001926
-1.4308873566264664
-1.7171355428024988
0.49047915877917236
-0.08075381380553381
0.004585672669173674
0.3512770878077754
0.10130516928602631
0.5128933904196483
0.18513765929211617
1.5877291318894071
-0.2750508552434734
0.655912587556119
0.4657275312266796
1.213132637071707
0.3387129890897189
0.8796975344662978
1.478212019672763
1.4987280968321606
1.0026257896981707
-0.07766125841699911
-1.9701341075455898
-0.724094018658701
-0.115590791277561
-0.6501631787525397
0.17720539622453058
0.09092948727262562
0.2022691454745545
-0.7001470424382313
-1.3899166183529874
-0.34118735697815517
-1.7517257723956268
-1.4368967669264545
-1.178794710373681
-1.1467782564513065
-0.538338502810762
0.9771702017255156
2.4856448843639924
2.975593825593819
3.565697311672558
3.136004814846798
5.341315134952255
5.311243166642328
5.603891269505742
3.4461287950694146
2.3216614148815813
2.6861702419939606
3.0078757648022885
1.8061036573198652
1.8518523519586012
0.4893919522663992
0.46850263455146096
-0.8200580333399927
-2.180277478288469
-1.5028669156148355
-1.6076520710170847
-1.4648115062511429
-2.194891311369379
-2.0912116787537727
-0.026520257651839296
-0.38680248725947086
1.5774698300937946
1.3556404071976285
3.018561009579479
1.0939668530734197
-0.14206290403211863
2.043211811314581
1.9971765699943735
3.2088096844549145
2.2229469237241495
2.552395891752201
2.5298200557935386
1.9089704359048754
1.91135747070359
2.0959542970775678
2.5213897542088692
2.9161887149689605
2.691817169231277
1.8370280423383702
2.323544107443341
3.591292525023037
3.73769732637235
2.4273237061122863
1.567775254623111
1.0646180275696533
1.3461004463958814
0.5038166916944643
0.19779207016831418
1.4239519916100989
0.6589427713858735
0.552478901862886
1.1984008495568133
0.3759802549783766
-0.10391982481615047
1.6121759271341867
1.439902157446239
2.7618407501579565
4.076590460513897
3.0736369250357733
2.439772405097455
1.7699955752163306
2.2242704304757646
3.1510662431891046
2.5304646831200928
0.46143231854005307
-1.0167105608257585
0.857741305880102
0.6202787066662782
-0.5220776183985907
0.9212553223797353
0.14535722794965955
-1.136827123388353
-2.7594628505630214
-2.145380226393795
-2.0071413160385476
-2.2685491174221584
-0.5786395210792044
-0.09365251924294843
0.9951506430513134
0.8398052097708498
0.24090147782121074
0.1832425253614035
0.2792424943673157
-0.37485054591842215
0.7454648713997669
2.0949016842544657
2.971745120335441
2.555437882387192
2.983999013233848
2.9645254817882156
2.413489738476377
1.9538943131972661
0.8219126907066797
-1.0488621803974736
-0.8569349618163863
-2.587641923413501
-3.460965798623495
-3.291378170498117
-4.019458728447286
-5.35880551199708
-3.7809766394982223
-2.94258672436491
-4.596543379138434
-4.814563337259788
-4.263199411650987
-2.393497617142117
-0.8458108163529121
-3.5808919897415468
-2.067555324096775
-1.5934075592847776
-0.15096084290636957
-1.5154724355733655
-1.4007806521244095
-3.0616906013672085
-2.7772080903030383
-1.860177906132849
-1.3846102067183943
-3.1978471175720227
-2.9810832546823436
-3.779993017289489
-3.7805990783295114
-2.369503179876965
-1.8853708477172977
-1.1836441011191845
-0.6825752433816904
-0.21045469723475935
-0.012146825982736975
-0.0712164878423553
0.8156171773073941
0.1393201294690214
-1.4168541944102542
1.050755293597824
1.7615293514914905
0.8198404632604626
1.1176901272988775
0.8793793761897556
1.4325296260655753
0.2542616382002334
0.12663635048846208
-0.747480271854113
-1.4399466110505204
-0.9295331421080768
-3.0539083979818793
-3.1395499711617036
-1.7376291077677988
-0.240006917197495
-0.8142321044721641
-1.369746148722514
-1.8327737905825
-1.3232510129206425
-2.050641321113609
-3.298582923826654
-3.8068135820615083
-3.991238913989517
-3.3052396110977043
-4.082984016685576
-3.6452564211064913
-4.137454820235114
-2.8207231215516164
-1.5931097114767612
-2.4807390770806186
-2.866369428910409
-2.8902206386521407
-4.0240837137261
-4.41551731539705
-2.768422420085799
-2.024550569255462
-1.0768877824557317
-2.41252162537978
-1.9074243003993343
-3.1158798282307627
-2.4951640247630094
-2.541529500282874
-3.816602618639332
-2.745954072448119
-0.42982344457131916
0.6941491516474783
1.1033185699599795
1.765665494201599
3.3084099836466647
4.062748063421684
2.9868698064810104
0.8187033795086196
1.876246159520262
3.2063080301250197
3.6931282110995824
3.0976968463585086
3.3536167992432455
4.135091537210179
1.6856968942621653
3.5571261764751303
2.5102071792099463
2.065394792120741
0.7892384758600257
0.5942567947978131
2.184840024622449
0.8647879795746509
0.9483102914792734
0.3580623101003352
1.421775096127857
0.7659063597294913
0.8698007175052448
0.7355342101845466
0.8235520541541665
1.7466067464974975
3.155284449623524
3.935059126957724
4.417524255796209
4.443936700887725
2.7931702422066027
0.20122739248879418
-0.984578694954628
0.8963529971452053
1.4975511396125165
0.23144220137022398
1.4976823690031618
2.264177799072154
3.5756592809211156
3.7375345856253817
3.5024997400774995
2.9953844689125364
2.967836513825007
3.408110150473954
3.4922428363993285
3.340949994439252
3.908749003798739
3.290077212947877
4.516160867358005
3.963441165793683
2.4725159998814563
2.562164975483668
3.813630477510144
5.784177297121779
4.814499498650697
2.505115120600404
3.61220804438363
3.3506787716713125
3.6439567127401786
2.995026919169537
1.8701536127620357
1.139753496408198
-0.5519674712893223
0.5551175110307172
-1.0389336415387995
0.2645068721382434
-0.650910447867253
-1.6598047519334802
-2.4524629765160624
-2.398598630843905
-1.7524802138425888
-0.5369572712454418
-1.325972140757505
-0.9686548365348439
-2.701617490026827
-1.0901128899403127
-0.0604184990404103
0.22249058846892433
0.4597487924590297
1.0685274450921445
1.650534409408528
2.197167408204548
3.181341465493274
1.468773800929793
1.5699303457431697
2.117363620398034
2.797293878525402
2.801287779762511
2.1667939073827225
-0.4677110998477805
-0.9193131287699545
-0.4466517057259633
1.3047427911848033
0.9034961254413337
1.2269373859384092
0.8533553529528317
0.20037039536642598
-0.256356992065278
1.445260859918391
0.6047139140118106
2.105929000942376
0.531988658124348
0.754862778510682
-2.8534543295116106
-2.671480542588212
-1.2840662899546382
-1.0810793910630387
-1.7739394349490225
0.17867788013323382
1.8913042951329933
2.4119289057070397
1.9709990731192863
0.6122923367506254
-0.07861198099661293
-1.8009419369563462
-3.995266726705926
-5.803151450648358
-5.242437656730998
-6.449669228337719
-4.769263670741022
-4.236421745173761
-2.556997419255004
-2.342571131462281
-1.7778338726067233
-0.3345735639246199
0.3740881586342735
0.4967447373315064
1.3233152144138525
-0.6331449959437561
0.8405066946633459
-1.418356124174486
-1.051485491520747
1.381883231957937
2.897034461550553
3.575906949757816
2.165728631308375
-0.8330007786646105
