0.0
-1.2687503807549025
-1.9522188180605302
-1.3725050750513343
-0.5826184049767095
0.938227281414973
2.3151271939610054
2.6027621767273295
1.9988372733726962
1.5764852139391725
-0.32131323736182793
0.9492569757148003
0.3165320004676776
1.6065947919440284
1.5061510725245935
0.9975225232014022
0.07671886445762566
-0.33188778620511244
-0.3659763616326357
-0.3379918705452974
-0.5910959741343389
0.5781359888649218
2.2896098483559677
2.007280527905359
-0.458679308749147
1.3337226375538433
2.9361318989177767
2.5657153527886876
2.4316482311351453
2.9050984281777414
2.7889871610150077
1.656221347542382
2.520927832833868
1.7259708135669318
1.4557604827254975
-0.34916086757571696
-0.42746948801232354
-0.0350933067240905
0.16375668868575716
0.4570309088444303
-0.6237558904695615
-1.908662278598512
-0.0663631587029625
-0.03197879903855462
0.39183498221808577
-0.08231559703325209
-0.8027549365079254
-1.057779806448384
-1.848479621760978
-1.5386371437283748
1.2740293673486223
0.6587200938202009
1.6857987938967183
0.49608194127861815
-0.4358946251370164
1.005668625092449
-0.9194529052439531
-1.2662351545003931
-1.6606118696659733
-0.4608293914466848
-1.3146085023874081
-1.2999761617294867
0.5463218844153039
1.5197809967612979
0.5450116468344555
0.9664161537229838
1.1470605287617968
2.2357821516744223
3.0238504639890675
1.9400089858438325
1.8636045750561168
0.982695120708406
0.14809948142224316
0.2416744938454501
0.8731085838027516
-0.6237408179940864
0.07304230192303995
-2.5311656308046127
-2.3158626783481484
-1.9469213088010162
-3.8081049291521705
-4.308490527202655
-3.8673585301081825
-3.8290595575668958
-4.065043867955518
-1.7969808004258592
-1.1967568093382954
-1.900423718007111
-2.0113329424711037
-2.8183909536365386
-2.4810462611773194
-0.8715076831752862
0.45590653284754024
2.0372254594878267
1.6093096136701717
-0.4228693362835316
0.23783555926373734
-0.6775266521770641
1.0229096987600665
-0.05943853082844297
0.6032846871019496
1.5270204147075948
0.19002331833720532
1.5612259766817915
2.0401805064773715
2.803731514573186
1.694208406197633
0.3776533384964216
0.5099868148165881
-1.0161196279945968
-1.0552679282395112
-2.2425306075782037
-3.620060473188789
-4.092092145714487
-4.880165447708177
-5.948336360508135
-4.314036897162947
-2.6160761432622133
-3.1397374165990852
-4.81283896611715
-3.2231142739621186
-3.7940732332542337
-3.070933206167732
-4.639405390489408
-5.148718396724639
-6.715626599604219
-6.545479470088537
-4.584347019994624
-4.141404324028232
-2.4257912042154324
-0.8831735782855663
-0.6653234939964807
-0.5907010771871486
0.6721486772666185
0.8716823490286134
1.8913868501197222
2.3227917271337146
2.1308799049436393
2.5682902397748384
2.3758633735113612
3.1213423861212393
2.209623134285456
2.0103354260775856
1.508995263515892
2.148940295585777
0.7128219055691778
1.2993259045232173
0.7167591665100185
0.24917710941749632
-0.3160574290696328
-0.1361944765016434
-0.4749589383921128
0.1983893249390839
-0.028958703840466837
0.5011740961801877
-0.619861059844594
-1.5063923177679595
-2.0449445833531854
-3.2445731340643302
-4.117891971261606
-4.418846281824235
-2.727007600352395
-3.610443375133018
-1.5811698743136688
-1.7485420489723724
-0.35448423177581656
-0.14306669015833495
-0.17319000932880374
-0.8092730016328169
-0.7759151722814344
-0.24438010847571262
-0.04128588292248839
0.04263856467945066
1.4464852336586886
0.6704368692689521
1.7243355287500792
1.940200284722767
1.7573029924231238
2.7889555171324556
3.354339289577748
2.5928622151878518
2.058049023878711
2.9978030182709823
3.1106016921359005
3.582986232744488
3.4175471851368258
2.26259250181864
3.173030284278968
4.36809346574945
4.177300855247942
4.990420381846729
3.685299039719185
3.9265491032518205
4.007184688656664
4.725342329231223
3.3653656926682545
3.753219320859018
4.26279736963809
2.382781668741176
1.9052873818442837
2.19204681948836
1.7429987522300339
2.667911262620832
2.8141745790205217
4.177933567747373
5.24061207802218
6.460699589541409
6.5740052167101055
5.828077720168903
5.9718017018386425
5.456757332372971
4.88379697282714
3.6628659298720074
3.8640766281280587
3.7565309675516416
3.1951961855807265
2.9799082186944283
2.4967365912161834
2.373325612682935
0.41251942083167714
2.1150559569269167
2.6246571963725365
2.044272867070234
1.316951719820249
2.223442981386013
2.347995568893237
5.271657587885109
4.083829910858355
4.151809940429045
4.043666201224853
2.104424014177578
2.047988557151947
3.003018619009725
2.368469110754238
2.24639725380983
3.1691478166413747
2.4246323689503106
1.5939756031290881
2.073122719181005
1.0799743346005486
0.33862999288999274
0.8942278089895382
0.9723351506492606
1.0735432881843867
0.25210933164107696
0.5495076740768069
1.8701814617367418
1.8573360789194038
0.651583494204498
0.8079221498123409
1.8776938446601341
2.1401829943799195
3.5483309075740026
2.0315922588056035
2.1142823414380945
2.827097049342884
1.2042304511245514
0.2863485521349234
0.6092289441779297
-0.4140673297188343
1.1366731078460501
1.8621767340893367
1.077411376039735
0.5676232555741172
0.06962829777477059
-1.563326672644035
-0.6430834384626838
-0.9445812302458267
-2.3495231249249997
-4.307611737916666
-2.041573109954612
-0.9415897081291827
1.577564579760606
3.9792832137234555
3.0925502593154315
2.3098830850008016
2.5338624567487877
1.6474054810059577
0.7094368365995343
0.8769909897529943
1.0306337610042198
2.247810630764813
1.3467500336689593
-0.411632054106015
-1.7041698149759041
-0.7550416678394922
1.3387149105850775
1.1675204651640427
0.11248175104397518
0.0956622408558479
-0.3601618652546586
-0.46682394306062946
-0.20294174627401165
-1.3898111554215007
-2.874932313877352
-1.6128575039535709
-3.2247946231556046
-1.8998768652438487
-2.2933714843221225
-1.7914596192918566
-1.7602387416343301
-0.4916406430078468
0.6040305361940398
-0.654343370798211
-0.20594526632488336
0.20552001061165234
-0.14595186425444578
-1.085771118347946
-1.1601808012809878
-0.26040809053341984
-2.022066050762544
-3.0244652481338545
-1.1119833664174057
-1.285562900997105
-2.4739416857285788
-1.620341866027033
-1.230389324326704
-1.0442250623223206
1.0231204099796423
1.4287141062158308
0.3045264572674159
-0.5940607641253399
-0.3196536950360436
-0.31367304910454646
0.3061717091721367
-1.6253954433071165
-2.631237273477627
-3.5172307001676866
-2.7067520833245826
-0.7084658052159469
-1.1958293385498056
0.019504189192179
-0.5834106312999036
-1.1771412424778238
0.4219371288167697
1.6552076258682724
0.7307787168288103
1.2560036962563745
1.733091200968612
-0.04373619950574903
-2.707170637112261
-4.054114481305683
-3.822971968527854
-4.249249978034529
-4.120204362254245
-3.9025093182736796
-4.808478558121385
-3.1522573919275647
-2.4379995883658387
-0.9542686032004151
-0.3483517399106758
-1.5032315244860017
0.9216933446311208
0.3894050389228878
0.2741747891867028
-0.07686564662669992
0.007859282458903799
-0.10098088806153291
1.8599195331284295
2.8483213439096584
1.2329231330086277
1.9477189799623051
3.1751361136584677
2.364429876880389
3.6287279098636662
4.032114304173605
4.256766912655434
4.730654733791095
2.1218186357286823
1.7612147558650766
1.7528243785217423
2.7358088240629588
2.164934074596474
2.7923606996508505
1.1172265764719755
2.4195020869147816
2.326673123039205
0.8251049408201803
-0.556256702308241
-1.5215773351998416
-0.44789793017562796
0.4736497318527463
0.3205316090056394
-0.22983327105624324
-0.615488627533828
-1.5264815346479503
-0.442683566959288
-2.3711096515705625
-2.2555206088451354
-4.0226666385801
-3.001602763517158
-4.773434249796031
-3.090958812913277
-2.0570487980483074
-1.7105613739246026
-3.7679442163345653
-2.089254252468005
-2.511908485935553
-2.2403151874432576
-1.9535480557830103
-3.276137903158868
-2.62745144809894
-3.5858562938992797
-3.6454658671369478
-4.599241500896548
-4.586019970299464
-5.53883199857419
-5.208341033793938
-5.772494936764453
-5.279791824789341
-6.229634667737001
-5.903549688426565
-5.2887710792755245
-6.022863327342989
-7.329092877791395
-6.028432249486892
-7.0154734037401
-7.620087845742409
-7.6603487481757675
-7.55283077267708
-4.935080263587494
-5.314237580612534
-3.9980473746898615
-3.4118094649285213
-2.196086694031305
-1.470370175268365
-2.4199228093258465
-2.523623845093478
-2.735287588422561
-3.0071597534536227
-1.4911972033612717
-1.404509695801164
-0.9073041706639775
-0.6481632969020441
-1.0420631450034763
-0.1487529735527281
0.02399581250540686
1.3284852233276496
1.968496126118048
1.2850259233254986
1.9790595491860994
-0.6795671153093636
1.205347595731678
1.2951280851665534
-0.031922151945503074
-0.28653149729502103
-0.2474494397796887
-1.752151675097964
-0.4909640514365554
-1.518376591818346
-0.533005063138909
-0.22798697722136124
-1.1798458278969681
0.08219700277633968
1.6529522431393773
1.142199409148661
0.8558986993143622
-1.65196274324418
-2.5514955580865615
-1.708964624164672
-1.3103098772124564
-0.851338421399512
-1.2993874512881471
-1.0229484659362589
-1.249534224163789
-0.29347642512999506
-0.9208280963149162
-1.8100932928018372
-1.3375161098880273
-0.5648859734000774
-0.7192862953084497
-1.7711068529840104
-1.4673572840702298
-1.8386888085222866
-2.1479097788819366
-2.64557666990566
-5.624663868211518
-4.947677591097175
-5.892365172140023
-5.485359896407052
-5.401266763708965
-4.778822635650199
-4.787761652317711
-4.243792063371422
-3.385758619895821
-3.9818069836442724
-3.5011895173017855
-2.4936504787281013
-2.4258594172572177
-3.1651809542852902
-2.870146025297501
-3.81556406687519
-4.756490205346637
-6.427187589482317
-6.8134375289851645
-5.744570458407256
-5.532310566695941
-5.359695046922203
-4.822509883390231
-4.527286156610867
-6.342436690704823
-5.609518799583937
-6.343436667515936
-7.976870034889722
-8.421905606925627
-7.801414084213911
-7.072792237476418
-8.540039909599754
-6.478566601025616
-3.8392461104706506
-2.2917195169073126
-2.9872010511589018
-3.529145835044002
-2.877731677735364
-1.633423578689404
-1.7443462722209815
-0.9608755299756424
-1.6599116105858793
-1.534735722141561
-1.1977137251244074
-1.8398169291941284
-1.4820995512080077
-2.1524429516029335
-0.5016043007435909
-2.1452762839934167
-2.7439989634161455
-2.1060059971052185
-2.303866259049266
-0.25194953028265954
-0.40829894536417133
0.6551253140631548
0.8983876757076595
0.21261775591441745
-0.8477108643857817
-2.051496739451946
-2.4472888079346853
-4.579863855061346
-1.7011421564677565
-1.49745512968434
-0.9658831080391892
-2.4121253575276325
-1.0861142990572132
-1.0473964755356449
-1.3404949853554669
-2.852816535084276
-3.642658715106012
-2.656523917465459
-3.5064857908692173
-5.466010600206117
-5.500083143265441
-6.162256174806313
