1.0
0.8419409987209567
0.6796266369800453
0.6154942500605284
0.454742690987267
0.49083799604976563
0.36836906615211296
0.2818457930129612
0.24718219238778044
0.2539367223030704
0.22692293155021864
0.2229992393327831
0.1648003207587715
0.09000641991125362
0.03046571954412166
0.01463790725443152
-0.07019242410683416
-0.11601596895114867
-0.11671683014217674
-0.05645618365737795
-0.04163387502374415
0.015575118715007032
0.05282701139348134
0.1387478796706789
0.12413350858786197
0.06850920860878917
0.0613801316972103
0.12186388642545075
0.0999891402141175
0.10325482883727785
0.051174647025381624
0.03864884039410792
0.015956061631856977
0.002755229964687335
0.10286201328424839
0.12810627571958538
0.0932047937301302
0.13191335998974357
0.11545391965949776
0.2257302698002671
0.14926437601174955
0.10809619533469636
0.2023571172484753
0.22795465856749889
0.2318970677308097
0.21960347642170444
0.1415069056289771
0.07156803353754641
0.17406874995022537
0.17111409080270504
0.21055316271318086
0.16580331930733627
0.10072679366234626
0.10733139783572952
0.13927868631631726
0.053587371433865105
0.08757830737652125
0.06691741659178507
0.07115553208907106
0.11306776470262549
0.14927999071677658
0.025022330677315588
0.0013832943950858843
-0.003290386174841727
-0.0021795933499420238
-0.066100780742832
-0.040758688026358514
-0.0611600731481947
-0.06561238996466741
-0.11083396282988903
-0.09340278251951573
-0.0616069747975722
-0.06813636785723799
-0.07542188162387396
-0.1247811064234246
-0.09882212848188567
-0.046696981213459644
0.05225507242477177
-0.0013115545990436683
0.03367828454543632
0.020060337127845072
0.002218555983908785
-0.07450020759338043
-0.06999763563388034
-0.025646557512509632
0.09046905828311395
0.030727534395734973
0.09944380031738548
0.2403589743524852
0.19814375549660948
0.20804868003184027
0.2395338760898563
0.250559331688931
0.1970536020884315
0.20499675184145136
0.15567187876939756
0.12433792720694017
0.1652534682164661
0.21398684931129144
0.1786939110487309
0.1314505195236853
0.07518903517462219
0.0758182845660235
0.07299596926177367
0.08822077414415158
0.07921513158214409
0.14802913242174065
0.08686905208322915
0.153761820098004
0.0941562815912208
0.1611506582865378
0.14171602591699337
0.09053304352467956
0.06949581483093845
0.05732516211579953
0.09688360392003662
0.062318476467213356
0.09044253555593895
0.06702133892926124
-0.06123628152184124
0.11569554185949527
0.028573029910601302
0.02706069832693986
0.01725392795671158
-0.015784093798168024
0.014719046289771155
0.04470720204975604
-0.005165816974913903
-0.038800480547226256
-0.010516850352161378
0.09524708956820094
0.1446174370260217
0.13007081930785475
0.20935881501347445
0.29448964145333717
0.34282250043568213
0.2053684015869549
0.25997375393437944
0.29563192110676856
0.25255942049452307
0.27334176641135033
0.15156849891413116
0.11793181000902611
0.1074208403874892
0.06017465275664308
0.12994691281163046
0.09802640523335729
0.03854047927532978
-0.04046844314567257
-0.07891982900362096
-0.08044484380301052
-0.1056236761753695
-0.03683417788448372
0.0509321660367476
0.09060171059475344
0.1300204395450709
0.09322393884070033
0.07949309774357204
0.04587876068220621
0.06329830141275689
0.14640835678307546
0.12170531294355978
0.15266744037566574
0.12477453771884987
0.1319713535233263
0.18909593250986223
0.18653216894454042
0.1045786965752052
0.15852245730624662
0.12828355629279656
0.14921200665310874
0.13480866706255934
0.061878384531274824
0.142630955879928
0.1490573118623233
0.17065368164262512
0.2233413592932587
0.29425463580644845
0.33234856856764433
0.23661396543142788
0.21215286596402438
0.2540485318722523
0.32399891117231694
0.22167070987609594
0.15931967733489671
0.07548250246142243
0.02010379551852111
0.04738768103675803
0.005490565588834907
0.035140640395289094
-0.06166236857989113
-0.029088102065374245
0.027039346477465823
0.13161966490611027
0.1753681835962328
0.2284778345579264
0.12983786593766397
0.13432326504581169
0.11032508612146995
0.1563026858711385
0.1393863452989333
0.0001433135793513507
0.00278328944542493
0.04724842004951825
0.08519803223977546
0.12278726649487272
0.10747013037812754
0.09123000736285568
0.12242516870683333
0.14084697642211377
0.08524082277557843
0.15575321858677005
0.019945546123022184
0.12905214133759715
0.13096721565022096
0.025682201613119335
0.05766067795523372
0.01592395785871288
0.09486913089473711
0.07017645175974065
0.13311095411910887
0.221220994368311
0.24414295354435891
0.2203461911139958
0.19700495656657027
0.19162086810015572
0.23656794917169693
0.1790038476406937
0.11817723177295422
0.07785618192112861
0.12214325855910849
0.022006311026946876
-0.007817111777928615
-0.04777207869566106
0.008769084944798868
0.0018483489695910373
-0.05149380888870677
-0.04782748168465631
0.015368772938270714
-0.02230157652920938
0.03406700799650237
0.007452926947475517
-0.009896126013176593
0.004895879182338057
-0.02780401125487189
0.06254392130866342
0.0731202255447923
0.01592719401017837
-0.009204025727373222
-0.0075814455930456265
-0.013831974993772693
