0.0
1.3857042376280404
0.8878612350406446
1.2965725385797289
1.4476603911196584
3.0959282641887045
3.7446236558521755
3.753435926014079
4.873075193814095
4.731111577721379
3.0867180002738324
2.163545288003023
0.6592380406648803
-1.5966123447134903
-2.543374474993498
-2.9093794990016555
-3.624262916514191
-4.589696129612933
-5.784983454960866
-6.012470056255497
-6.385500598078151
-5.123580800700971
-4.597691937928007
-3.04351369245834
-2.2510302674330025
0.7255491082184908
0.44820532168605
3.397580938184042
4.442608916589235
4.695657440856848
2.466007082219736
3.4403711184571617
4.744942630400679
3.228556327694876
2.355663825411638
0.6954702237728754
-0.14699217118038088
-1.510651673484579
-0.244066348840555
0.43959970733665876
-0.16135796487308973
-1.0263062983163256
-2.5021086271921966
-1.6836611466399607
-1.025842778452449
-0.6555186257599324
1.5749138627507202
2.8739219775944393
2.6412252252762816
3.137149396285399
2.02387866895707
1.125927900299182
-1.384604549649393
-2.9383387241536587
-3.9443214016176187
-4.90162541862908
-5.717678050053542
-6.236486737082412
-8.276968698103548
-8.739748680253943
-7.861805790095576
-5.6803783329023005
-6.665613523334553
-4.919366650124552
-4.065558685072383
-2.6945384935543957
-0.7679477599110272
-0.36938226111955774
-0.07525793562069749
0.916586358490243
0.5371205862180586
1.7545184579445094
0.2964599173283806
-2.3530189041749017
-1.8975972202388394
-1.8057757538499906
-0.719272320677119
-0.08775990329229355
-2.0001719895202115
-2.495607636117981
-3.999658907805771
-3.3264189248561973
-1.0668957609946879
-0.7962980916618527
-0.08632084949311067
2.4830151365785103
3.6501557316095266
4.082292378647398
3.3566903466175497
4.66036753782706
5.359507435851764
4.3978762061605545
5.416802043227943
4.87533636286461
3.341334132652413
1.712459795111941
0.45817279241408754
-0.6209646116380174
-0.9263690575864103
-3.3435230126441002
-4.946848182866628
-4.410534186179213
-3.6723866818596127
-1.550490416988491
-0.39029253075972503
-1.4374110712688386
-0.18744399629419578
0.7334819436740934
1.8109956019551137
0.6341526692066277
0.44244485017707863
1.5641113592851408
2.0307877630763116
1.217424317391695
0.8703639094467217
-1.6889221872391325
-3.1466300954408237
-3.383776651268315
-3.4693131389420833
-2.2893788427136297
-1.6909947256160573
-2.081327911188513
-1.6189448311286605
-1.01294486007276
0.6031687893720167
2.764359964823557
3.8499482554180635
4.782361282701323
4.14380478871507
2.753690384483504
2.4121339689741927
2.9467634818867947
1.86230803595445
2.149909399197661
0.9003311664044685
1.453998795814305
-0.4591928265038404
-3.3690183816187766
-2.2926603788317226
-0.962576519918477
-1.852601627105751
-1.627440240542075
-1.4171744086473246
-0.40064387181188416
-0.029969540589762256
1.9957654227950827
2.7505088186946502
3.265601178681704
2.454454062299081
1.3572569014942677
-0.8779964511332303
-1.326925662027378
-1.6041304524112205
-2.4169819768353245
-4.452018979797466
-4.6493099661110175
-5.777787492220056
-7.119146441530477
-7.515020065113609
-7.76839497306183
-6.875476695240469
-5.383771854292089
-2.9204798080410543
-1.5636510035122788
-0.5513203117047342
0.15080824611327226
1.0823714357606822
1.5776334247176176
1.8453268498921684
1.6250439822446117
2.411162411842333
1.7675893999570393
2.126865840536739
1.8289573598847504
3.590103988390555
3.5708080369588737
1.7385347449652686
0.42907780708501814
-1.7386939564110868
-1.6800847626456312
-1.8137254690438296
-2.2855203555630554
-1.6191550826587675
-2.2397104215253076
-1.0982358167350617
-0.6165708193721491
-0.07963276753369164
1.5201252433640562
0.2763669400313513
0.8236522447314236
1.3308440266356656
3.000516074830835
1.5981818472841514
1.0477050688390097
-1.823149050692965
-3.635211476484842
-3.8257118368343597
-5.990861148472251
-6.5987455346998924
-6.118453052082153
-6.851064501217228
-6.561940912253053
-6.447665275592752
-3.919366821938773
-3.7182267975926386
-1.6056271204959311
1.0332706838335448
0.975146239201713
3.6422294465522174
2.224480330151846
2.8190406509076684
4.784233395136962
4.834268262381407
3.9217219656997493
4.25348922798742
2.3175099096469722
2.1427519699913455
0.8047820176745863
0.2570063769195847
-0.4102886592431961
-0.6093591721688507
-1.247822371914952
-1.6583051516822356
-0.40810996563755286
1.378412592043563
1.6983193686143054
1.560241905146515
2.0856761156111077
1.8511477683954234
1.6397231443768374
2.0375562517968437
2.4760741572906584
1.8659563905234577
1.320511976294127
1.0726520954457017
0.9919382049161419
1.677081917218442
2.6180489707882435
2.0453051442024766
2.488777486972496
0.9619944543880898
-0.29255339439757555
-1.3626341631393017
-1.4891870212035787
-2.8473585709892775
-2.8233739386370087
-1.851447965330812
-1.5478274033442068
0.3627247460063635
1.241255853714603
3.002232694887306
2.121915719711429
1.8516932604844765
0.8032621724607856
0.6768492541447896
0.20924956360696012
-0.5256178194137737
-1.4898951978769233
-3.140902183069983
-2.3946930056069773
-4.447143565060936
-6.136842054561516
-4.616157201300574
-2.9496392041184327
-1.773398422036472
-0.8645248828288856
0.9035999631133154
0.7238918042310015
1.2946530772529354
1.393741142626589
1.3732419359604395
1.2418030375758484
0.4456491719405295
0.5819025095107258
-0.4517874339131677
-0.5171573174519158
-0.6496930131595207
-2.5048386932890483
-4.07695419412255
-4.491090826005574
-3.464843678982751
-2.363906518688572
-2.3063033745511325
-0.5313218322244541
-2.5884572575619456
-1.9353875411982484
-2.5678617922496567
-3.1699293715221626
-0.8329329432220378
2.2227621200206955
0.979141425021703
1.2457872921571371
1.2412193566827394
0.03282663745637565
0.7026037746914673
0.012254837306837019
0.7647554136662273
1.7134539142143044
1.1783804067405885
0.47495079857092487
1.9861722286881522
2.6260513832312355
3.4055465760832773
2.424731257905379
3.1680389717005513
2.9040564234317605
2.7469037540644563
4.088468516289141
4.343389006731656
3.3822471143482224
2.818363838492166
1.9592715898802087
1.8613111819638013
0.5345047949533568
-0.9810786707149103
-1.2426035947160916
-1.7550779107754644
-3.865672133572724
-3.494892227062187
-3.5807816987557106
-4.182538677158752
-5.115204807596961
-4.600170237963252
-3.341494254890085
-2.9265862174019284
-1.7431055153313717
-0.5942589413417995
-0.36751271150402787
-1.1378738784229325
-1.0178104370913048
-0.21611349107030553
-0.5101591595454891
-0.8083624186940067
-1.5892545345546871
-1.7493365447649025
-3.1465173500742853
-3.3796382332847306
-3.23447668691524
-1.9418313474164997
-1.0765703796300894
-1.1644730420850358
0.8622321142938885
2.1470969604156505
2.784719926132067
0.9951825072741189
2.1728702437969014
1.582356567787544
1.9383580489727046
1.747214569791053
2.273536799485692
1.8819825986737
1.9103212886552634
2.598725176278246
3.299128960391824
3.339389766810906
2.810877756956142
3.0540019427831457
2.985846988751449
1.3008423155953146
-0.32800664131995627
-0.016825354832141814
-0.6903471130568506
-0.6702965942398719
0.6821491842409402
2.02772697718754
3.7299012690755373
5.021504450895543
4.058686859565869
5.250926528549299
4.8812022376680115
4.503353066703964
4.846369691605818
2.363824357252663
0.1986477618034701
0.32930409958115214
1.0652265026791006
0.33729123718530296
-0.8939778000796894
0.05515515160331885
2.3605393234224454
2.208852570486441
1.4180855589691754
-0.5037588757953257
-1.4185559051504695
-0.5004978088120229
0.40456092924924747
1.5352445330604596
1.4218368805080153
2.9848110145672173
3.759523142543005
3.9089750374055137
5.3301447648058975
3.8318622665034217
1.7082411041978816
-0.30953415528242845
-0.22194459831039692
-0.582777085337769
-1.297750615869639
-0.38987633319538517
-2.6900110304053673
-3.7631598353022113
-3.5121831936412624
-3.927220695942451
-5.5512308982605525
-4.8105102253110665
-5.545106158605455
-3.608545791595459
-1.8885796582887395
-0.8771578849304192
-0.454563060605752
-0.0618324874494596
-2.0865182515963934
-1.4438327753138025
-1.2277426189692453
-1.0060054038185238
-2.2685912439185874
-1.6288053788104102
-2.1152669747974002
-0.6345694108347395
0.3442833438628339
1.1821391351811077
1.4432426002029115
2.138043322854723
1.7423583238418496
1.8990128022575463
1.7615265720070172
1.3018668145537988
2.9218180204659974
2.924494659644322
3.7803922825320058
3.4880457669273968
3.89851437452943
3.5169762546830463
3.7589444919010564
3.1722947445331906
1.3527776570898626
-2.792766516252838
-4.406914396869768
-4.355734712954963
-4.686557939425496
-4.2116037835034295
-4.760502955565114
-3.4942430118055836
-0.1990161631378955
1.75033130611763
3.2209596845443533
2.7741276657206795
3.7275220099957025
4.275774440110297
4.074043398166738
2.465534526301931
2.4641529628975523
0.40295607915731413
-1.1667327043611562
-2.5919272287317794
-3.0798335947924045
-5.729091291353258
-5.1792350847358755
-6.379060166883493
-6.564824632846805
-5.241556873463733
-5.861147694530342
-6.26708846087528
-3.861964393208885
-2.073027917218892
0.9402732159955611
1.8332064200253266
3.2948335869364103
2.736757310142499
2.3583462974733047
3.21459269098379
3.419467172075863
3.7123811277434444
4.03965350523903
3.2400673678146292
3.162205858534814
0.730906169405853
0.09476372814415368
-0.1292033826697776
-0.019349167776894993
-2.133314740335571
-1.6789494352822123
-0.6353811573836899
0.5303699210750203
2.093594289491471
3.17075017574487
3.735804014308686
5.997626449814074
5.714365796676744
4.330450445737619
3.8308889839932574
1.547881052802425
1.5008216302395403
1.7632081818520131
0.6947904013608105
1.274468406047645
-0.880417983800245
-2.6530654231779343
-0.7162722452263623
-0.6095098619510246
-0.027775223909609847
0.8892006568917074
1.8412651617197007
1.0319464133730565
2.5468061093732355
3.1075158197938033
3.228687013056478
4.461979460927344
4.316892450735751
5.090526190407911
3.9512524560684392
4.130127807062001
4.652560140474078
4.799548810936845
4.656196659751551
4.2303466732924875
3.7866633500590976
2.8365983285488134
3.677922612043824
2.469159574576808
3.1032012323163656
5.039953798710322
3.7116051870636677
5.1832276450308585
4.69538884277051
5.654207913456933
3.914774161024537
2.1506901293148255
2.1336186480427166
0.5138010070886483
-0.983074838539703
-0.567458431453868
-0.633227859639397
-0.9560943222065292
0.3947801726086184
-0.07247637032458903
-0.2884207503837313
-1.9444374805718705
-2.0981843631662547
-2.7766432958480864
-2.498033385298501
-1.4778840069457249
-1.7706418493950506
-0.18403816096839043
0.8271503105534607
1.637255943923352
3.783680611483251
3.8596236186494504
3.78382171910395
2.4055981629926033
2.093920729709266
