0.0
-0.13826430117118466
1.3993855698407045
1.0366967968530287
1.713999338565141
2.1066649487328455
1.4585377218571538
-0.5711408014392916
-1.0536028847873988
-0.6116189568008294
-1.93745131178887
-1.9516485635374876
-3.1658574845498286
-2.732816157567095
-2.0809184549467643
-2.163585699547684
-0.09974059231605015
-1.1467137021991538
-2.2612876919555642
-4.011798654089552
-3.4413591583883907
-2.9510699470865656
-2.9787396014201164
-3.420109867045744
-2.039234269186054
-3.605661400539075
-3.64118848119033
-2.6729031362864903
-1.473982384647855
-1.6273482843969946
-0.48056537359332996
-0.6044805149612399
-1.7290853369381642
-0.19771089471159664
0.8312689601173828
0.10928626431084987
1.6343735855410244
3.036942434480518
3.5603093241405235
2.9111078000053805
0.6344139472182313
0.9192732933214829
0.30356487638341734
-0.2340311583953938
0.11392786139035416
0.6178927599509787
1.5341088301650991
1.0715206069765806
-0.47917649260321593
-0.155507383323359
-0.3572073287499302
-0.7262544291556741
-1.4438214394541946
-0.8902076969924937
-0.6229441033011266
-0.6348796024835759
-0.6026367930755678
1.9117545113982848
2.0220646076109707
0.6494808061213706
1.326948362907578
0.27921694060601077
-1.15957054059229
1.1335496862034582
0.4560767751826321
-0.08951752242299871
-0.0065291249129663526
0.47794535893641366
1.9963650785929055
1.5012338404620325
0.14572965050642517
1.4567383234839735
1.5190017940151426
2.169685088667456
0.6525142348864212
0.8924734955303355
1.154433495209265
1.2730277341541074
0.4302639055751102
0.8533062074629489
1.417782815624757
2.059636677669794
1.0347714272186341
1.3439700657342308
3.111963595986021
2.0664007482939386
1.0631781982063737
1.3167825997804188
2.036059360194076
3.3160555054515966
5.742599028721068
4.361662164618671
4.450504771455947
4.7600102344372806
4.249912028211742
2.342267150043248
2.9827381286156944
1.4561147288981542
1.7021250525345049
1.6907449198925533
0.382708669800472
0.9029952306536131
1.8685728118285005
0.7539045125321048
1.2007867862861805
4.948740349188775
5.628588171194532
5.764809283988708
6.0000849175752204
5.22053432937183
4.835602541552475
2.538374495206033
0.7124884913178495
1.758642902027904
0.5346219743394909
1.1795146595688502
1.295137064548138
0.527252870628876
1.1140754136120816
1.1950478252158643
1.9330951633249986
1.634208105271104
2.3460312014095983
1.7931170154347185
0.9780146261673639
1.303221013791228
2.1150710136535436
2.968826965924663
2.2285855187407844
1.337906503652697
2.015301049568844
1.793856583115055
0.6268444635375239
-0.6558458038764301
-2.003377307053249
-1.6671563993729572
-2.934811691066386
-2.641027653590566
-1.9276543975073865
-2.3475110977408438
-2.514321946821588
-1.6181431315507633
-2.705813605812289
-4.401949999658766
-3.393342970932203
-3.687804428213094
-3.8206354315539586
-2.5946454623267265
-3.0246776508559754
-2.4117458854713627
-1.5341408870657165
-1.9304786451205782
-1.1207820803514834
-0.8844324974580235
-1.3836956154958355
-1.4510143158317348
-0.2159991315658536
0.6118534180207053
0.5649368425534477
0.18877310629142885
0.02736096343778255
0.6069090140475767
2.6304481172173437
1.1585114995862962
1.836574647688902
2.2917422813828607
1.1831267395082499
0.4045606774406022
0.23376293542562038
-0.09264049406857006
-0.629291931857297
-0.30802555877594195
-0.7698395215939127
-0.4520069445655372
-1.8080740039440024
-1.8461741219754884
-0.19695826235299108
-0.34431242177091514
-1.3239712191405486
-1.4993885917993177
-2.1981326688025224
-0.470543430351237
-0.03654839955816047
-0.4437060305163666
-0.39439581094733384
-1.1308464550341413
-0.5217429543771899
0.4950195685733453
-0.30779322179259355
-0.0811375926082662
-0.8665522295134455
-1.368884492072434
-1.7518517128372242
-1.4256272957281864
0.5910802784597313
-0.04152054040065378
0.4501224517268239
2.230258971264983
1.5372919797823976
2.731037640545525
3.6945810417763174
2.730318545077331
2.506352967955763
2.883031892928656
2.463178247182116
2.745065939087697
1.3662426092663422
2.5254138966013713
1.552221454015188
1.5384290317430231
1.4791241296281887
3.1131181191024453
3.80666411194964
4.8288552696324425
5.068004418567232
2.835803916042411
0.5309850819279012
1.1976346945259557
1.153892297904292
-0.3423323857248659
-0.3730891675911908
-0.3779374001745748
-0.4371691017635433
0.270868950637098
-0.6940170123339675
-1.6821418491260096
-0.5576539232743397
0.013000605652859876
-0.7640042898991907
-1.70724429071613
-2.7227136301069077
-2.409422550180077
-1.9495132728390616
-1.971770111332837
-1.0178888392537997
-1.4928806694400205
-3.6538713683122457
-1.9457026586368922
-2.019870870854023
-1.5295967431255497
-0.2790442750420128
-1.2222298721569413
-0.9151753686927264
-2.260144319001238
-3.13290641453262
-1.9554496222757027
-0.2872437965516461
-1.1145127203586065
-0.4594802162568571
-0.5935287465419974
-1.9062363402388613
0.19742664717291936
0.7529061237814131
0.2025842188628103
-0.6762439658944958
-1.4431744340071744
-1.361437109657348
-2.149403980017021
-1.2034725227771774
-2.0831027676738465
-1.1516174934879588
-0.5165330819281387
0.08716153010190475
-1.7388877423139695
-1.534571558926254
-2.2976876100691532
-3.7410618169498004
-4.592898999774889
-4.102441668827884
-4.088705078160205
-4.268098228864591
-4.984236935879888
-3.0635595498523838
-3.5674245016503203
-3.434046359987604
-3.719347268109784
-3.5344395423967896
-2.9618597307495382
-3.1139833635483796
-3.2751861864001293
-3.411003360027801
-1.0375740751750802
-1.2894058084258389
-1.5962906125005807
-2.470036834574481
-2.5997429044928295
-0.6846678936639046
-0.8427067602181122
-2.974043206802254
-1.918529590656992
-0.5894565640498424
-0.9460032599329848
1.415609000876903
1.527637176958412
0.5274186696215021
-0.38823527862976936
-0.8429960576359385
-0.4475392165592228
-0.9368632718035503
-1.8508790576533927
-1.3231920264551456
-2.1448320827032066
-0.6089370172919406
1.3052443876053872
-0.07954933303667366
1.4128171849435411
1.2168457338060974
-0.025593540390665526
0.10861214647313816
0.8293035120445347
0.9810466774167139
1.3659454136332616
2.586814912285238
1.8325244314464357
1.5318175739142452
2.4754769509739676
3.7606047798191735
2.9635023251226498
1.0112134495382725
0.970482969130592
-0.43565585291198206
1.2563388935808237
-0.38261749722665783
-0.6322636602833358
-0.635759738270717
0.11613985082996237
1.2317313789831266
0.012846782205749419
0.07929026919978677
0.058651893661215274
-0.07905424927955398
-0.6064666414436899
-1.0821414331006198
-0.8659328312167364
0.723152673955251
1.74424427336228
-0.5010092653481908
-0.835270717940946
-1.5478541150497342
0.33467141583044047
1.5564722359505334
0.2621765733863477
0.7112551269611646
1.3444951121844728
0.8340254938138216
1.1959729599076128
2.2435573602050733
2.6529735080525065
2.102107748042679
0.6649462483327127
0.43190137711176
1.4546609534051211
-0.07882261758910625
0.5448880230022087
2.2541405954255818
3.7383289710026713
3.2841547558924495
3.365179728983041
4.139605325439879
3.8855888389541255
3.447976748894843
1.3996385002519405
2.0014439471499412
1.6221131412733725
1.814643038561978
0.8678171009493844
-0.1842656039983417
-1.8562685766635094
-1.1909246785343106
-0.0765519829727489
0.964579591490563
-0.3874825232512181
-0.3072695513427388
-0.9897190226126318
-1.641212794976459
-2.887022274874096
-3.964727940719738
-2.5398080156928398
0.3242414148315955
0.46595095234705547
1.1085748379530167
1.1123069569585384
0.8995673799558128
0.10312102992467698
1.860386007288756
3.4971196406627953
2.608633703716232
3.3444538001847466
1.4716963593408774
1.1023992799500344
1.6376588466768367
0.1658766413317052
0.7781135191514998
1.7993256713761236
2.0980435594249993
0.24389420398697137
0.4298969844534312
-0.8906387099193552
0.24039752075584397
0.8896884105478835
0.8244327357523137
0.21998027334592263
-0.2714954540589373
-0.5602190046481097
-0.9872255479956553
-1.7851457337019982
-2.04799111935517
-1.6456045042212397
-2.9603243419637355
-1.77293473501587
-0.521821517107522
0.9537267389254088
0.515139921023039
1.9314706909953596
1.2331682034957026
0.8379035520778113
-0.1612792655721096
-0.9190820799010427
-0.606664204768665
-1.5591795560478223
-1.6382239460788783
-0.820932040846313
-0.37214565563939045
0.14697958282750773
2.58363009380882
1.8073570574107132
1.0854399933524737
2.1812107378593337
1.4170127259987872
1.770348805310019
2.2530088716010965
0.5411063969302221
2.3018369265132845
1.708866203002117
1.890637093878336
3.7265277105619923
2.57521453790399
1.596709426233974
3.2332870192898477
3.141461546317407
4.022287989253263
3.10104878268789
3.8446448874494017
5.323696911373345
4.46095892498928
5.153489413500861
5.184225744612794
5.879195545620452
5.99197853234808
5.595398837627036
4.274776684095548
3.503483450932954
4.475887205481282
4.121287843967312
4.4966436733805875
6.249216428153819
5.887134622861181
6.91412399584382
6.542315448117492
6.111764956950192
5.729225837373374
4.163443581874932
3.075072347563056
1.2703271690872835
1.5414291598199035
1.3482744695238376
3.124967491809824
0.6573297635484203
0.1244118114704541
0.854704951948508
0.24402732409660954
1.1272644520372712
0.9529249981063019
-0.1790111672171545
-0.8295814295639965
-0.4881694695677504
-0.07567874350374926
1.3845467482793592
2.3757486848305893
2.6097519941073366
2.811458325138969
3.8759407823696077
4.2212085499566445
5.268233333160558
6.581153785921241
4.542951520069433
3.453433247475057
2.5005592497815736
0.4050483756751442
-2.0233812458326645
-1.0362430554661488
-0.4788282846030867
-0.4498252202567071
-1.5377336897552232
-0.4911360717786778
-0.3995609561548024
-2.390449486518102
-2.837442241105077
-2.845497397617261
-1.9341519304225714
-1.1794771300143165
-0.14463747039326358
-0.7782502497265666
-0.3085235509727934
0.3619648634137577
-0.19726345964235775
0.03398320936826399
-0.6393668967981101
-0.3583037925561813
-0.7835347422538643
-0.2594965681960556
-0.7837423318955336
1.455699487360691
1.7732789369011308
1.7404659050601525
0.563459055727545
-1.1522590903736005
-0.39386573283477044
1.215323671417885
-0.369318620681353
0.7067948923599178
0.17490191140221822
0.11560190241296844
0.987016490100161
-0.6804358325687644
0.7714527270377864
1.105716166661537
1.2774995293127953
0.5043461044673415
1.651486131192697
1.1474814462118545
-1.7868350022549124
-3.3356074339915045
-4.1208993513935885
-2.5559479675122225
-1.9593118223721881
-1.2940698546235339
-2.4568480949522726
-2.724003854160426
-2.903201395045287
-1.7887605295236968
-1.9798044396887011
0.27469735749010216
0.6711953815848409
0.8428459411213901
0.5677473704455933
0.48271731987953304
0.4993703430441079
0.38544186290471516
-1.6326187473600764
-1.1133255974319565
