0.0
1.3059063579489805
1.8238249456299678
3.4528337859103506
3.9570036430642967
3.001948114036842
3.8391815085822487
2.5541606244428174
3.133189781649266
2.952656750398391
2.7548092096152876
2.8513672635611647
2.7781294748438343
3.4480123358754797
0.9305511799343034
1.1814995814644318
0.0016677671669540484
-1.0077530319071033
-0.9373127116549322
-2.0173575254506773
-1.553975222418273
-2.5372743518680165
-3.215244299926969
-3.1100821392068205
-1.9838198366785575
-1.2326318189559649
-0.7320829375794881
-0.7556688017060689
-1.5994145344141326
-0.993532195159101
-0.570013193164328
-0.6689362123750962
-3.1558977053625172
-0.4451438320813801
-0.08994418002337395
-0.09595455942789763
-2.324767092160629
0.09123239150740847
1.511220447747697
0.5774277953170837
1.6718990034098589
2.386085932587493
2.391201050967397
2.1072066304527084
2.4827708198553293
0.5023021948994795
0.349682519800388
0.16220596452632824
-1.9692318200410297
-0.9371874317787185
0.9548317998969981
1.292574346387264
1.2279409300744248
0.706475003440372
0.1065136642245822
2.374089698014305
2.1157733736780613
1.3854914089461823
1.4671042340222602
0.7871730768456843
1.0814162061829142
3.287743376494685
1.9670845192126334
3.1295102251691547
1.3833172353068721
1.19656747733994
0.26890170663007285
-0.8886966625341318
0.1159296050309151
0.28249755453688186
0.44013265118017325
1.0250646322974437
-0.06689825313589248
1.0497136373344773
1.4588747159592765
1.8371673806940323
1.6188504008194786
1.2841429397874848
0.6348002324966092
0.3941920432875824
-0.21840919329231578
-0.1638647919015611
0.10368905168286827
1.769973923473713
4.5575465619831474
6.962251671318889
6.885844307697641
6.501025133764613
5.468919337587248
5.0204888333929825
2.963828853424555
3.2373459564492135
2.7159854054872894
2.624923966001592
2.1510410283193933
3.24274443879756
2.237321321068233
2.2403658556060586
2.7713103295333474
2.8746472596461
2.1688593427295997
2.771851435122444
1.1007047092569617
0.5611629811789732
0.2314562966185038
0.24492135483849276
-0.7811877123014663
0.5326451136165002
-1.1440607840229668
0.5964470125255239
2.4161677283801417
1.00630162803923
1.2975115022223562
1.0708863420593773
1.7642910489775478
1.7186791227104963
3.4224030686178075
2.007778095878403
1.4650958114319481
3.3845535191161353
1.448976880132714
1.9761291066303177
1.4520360278811402
-0.4768864098773289
0.9356916642365742
0.14799950157584552
1.9398465950729786
0.48180243269141565
-0.07930146433320195
-1.1989291881236752
-1.6701884218248502
-0.2540987044805785
-0.47906267230578115
-1.6947217694999381
-0.5044512769653582
-0.9668258262557452
-0.47873850592503037
-0.6129547976269415
-2.2055483216568277
-3.3373893296659585
-2.4111383045861516
-2.3990092975381385
-2.30042625864294
-1.0379868616982382
0.592167275132067
1.2368966381337763
1.262010412971801
1.7445061715276733
2.6146047251640714
1.9178610057659997
1.608662485816775
1.2669642389140396
2.2753845356686817
3.1009745643376307
3.601214036170375
4.176639629929218
3.8117100063958493
4.441791892650272
4.680973447960532
5.3396975823701975
5.4461396772815664
5.962476094875456
4.275072933932196
3.6256135231463804
3.2455310342289376
2.947904449674849
3.6452376352249383
1.9649818142777113
1.9250428452405215
1.5439640841924283
3.4244459510895067
3.2621352175817635
1.8870080904089224
2.2781057151756814
1.8944924969044532
1.6733560032811572
1.6280566412179724
2.6180485166327445
2.78344794728491
1.939074716216939
0.9550443268363872
0.36684390947584794
-0.32624590561509836
1.4282053827960395
1.915993731627832
1.2884456569612164
-0.7733947318019301
0.0073240267028303885
0.31380343468808647
1.9152444427524173
0.6386535093243924
-0.7410061953590406
1.3037269554460096
1.439170236197199
1.31222450988805
0.7873400636512087
-0.4383591951252297
-0.39234886811373904
0.9155088803181414
1.0607278534763953
0.12075370419689269
-0.8281194198831876
-0.2059590267049809
0.8253108471160365
-0.6140108941322951
-1.1376436941243977
0.32772436085114665
0.10156915375900538
0.6489811776056968
1.350433586955321
2.255909504162103
2.4587441092743743
2.484268939119965
1.0454903799637079
0.1305234796608551
-0.8427236500596538
-0.9191210105028966
-0.8526057386825245
-1.245467316512313
-0.7074314021270849
-1.576278755483842
0.03400163976981241
0.3913409808184315
1.1130877891016744
2.23579225883357
1.6481366679752378
1.4472386965506767
1.0842791669088392
2.958049078819805
3.6403391201253172
3.574980113530728
4.179987365873224
2.492211604733635
1.8416069414964988
1.616649255910251
1.9548928535754486
3.3834203385409407
2.2563573882060863
1.2155160305421773
0.08792920902249413
-0.5737650498575593
-1.2721404781377461
-0.6957633223484472
-1.6029799935127511
-1.8622910566086086
-2.6979407112300677
-1.4533225425039076
-2.020648912179302
-4.675480868323437
-4.38523254267593
-3.515343800427633
-3.6532815106949745
-0.9283153116205214
-1.186466097959195
-2.627335337298944
-2.22817126737067
0.11070549640325167
1.0833466608528326
-0.1256644663126738
-0.9084264977405341
-2.505811955096344
-2.6764760831493755
-2.0575966867538336
-2.370705859277071
-2.731335982999399
-4.46468924167123
-4.735377256173273
-3.475065914391285
-2.8976304138092255
-0.6774254251200327
-0.9044509424283909
0.3592617187334859
0.674856933878654
-0.38054915116065113
-0.7486869660078027
0.5663118196443881
1.0358163485795149
1.2129426074445502
-0.5582672008324219
0.28348077731831733
0.9590936602845934
1.4841705184335683
-0.11100409379941789
-0.3365887902801197
-0.33358594568853817
-0.40294180673548885
-0.6266743663428589
-1.095871942889639
-0.9144717029716091
-1.6397728014818413
0.4148373135785939
-0.49630162925136756
2.3909753722612233
0.9037661310349347
1.9898784215868854
1.9526931415546573
1.190639629551188
0.5382670904206689
0.4293747478019602
-1.2518934117173837
-0.5956742404305606
-0.3479899898300333
-1.349370295751081
-1.2483569205357015
-1.8290237631092596
-2.137409785468593
-1.331087437262495
-2.646383708282558
-2.853463320517186
-3.661478702837642
-3.867557148569783
-2.9849189763193342
-4.004532432221984
-3.3641196243800997
-3.664398486095644
-3.781872511510049
-4.071712286708471
-3.921305945981806
-3.920052376925358
-3.8188342533827817
-2.842105959933199
-1.8201710396420547
-2.552549123474727
-3.2099212547625258
-4.03624007509672
-4.489896726983657
-2.579219349798887
-1.8880908955922764
0.7804250742824885
1.4461735406176852
0.8948426519816617
-0.055659709969866245
2.144494594990172
1.0908894529164872
1.59686212452987
1.0702482122854056
1.6016968782099403
1.9882089600798936
2.536944177516127
2.6268105597953246
2.4709396292649406
2.5857987088585483
2.698543211838293
3.1798684610094616
0.47388521664157857
1.4615315220395788
1.769592172717697
0.874772458248349
1.3014978406533242
0.384509036019003
0.8607570010404934
0.5039081056869159
0.9029147177645509
-0.7762981610720917
1.0302067165090212
1.327851651291391
0.6025808516045805
1.5453605981965444
1.7546077033496852
1.4525141736915466
0.7202783768049178
1.0444811373879088
0.1929712555856773
1.691128838751757
1.471385474790356
2.738680886990334
1.9260617248870853
2.244885175734749
2.666178701445361
1.4873002768603416
0.5719923811745442
0.6901200328974557
1.0327066293983613
1.922911306104565
1.340819118511388
-0.008269063076958849
0.4234981168482909
-0.009947115131216377
-0.014841340619306672
0.47688401954975945
0.8585982932512861
0.018920010848192503
0.45366259237305706
-0.4008882459558203
-0.026748159013572692
-1.1848442140236184
-1.5750766104942633
-0.35065742091853136
1.8980937354775453
2.1480702059486187
2.615678660883281
2.4957582278195583
3.9456687271914346
3.437027249348101
4.61678639029379
3.885890404207312
4.1068711383808525
2.7181694292656426
1.517347817324805
3.6391033327390265
5.100470985172835
5.113819885766469
4.2254811672138715
2.7007541468632708
2.2090557357002427
2.2165735775758266
2.4075458858721386
1.57420329418145
0.7252631648911535
0.12316881699158855
-0.6436337005096652
-0.6666304662702105
-1.1427438223214956
-1.7987572865625199
-0.7810199452232639
-0.8519257263071521
-0.4647060370202097
-0.025222280544927034
-0.6447522123772079
0.10183431142936339
-0.8281851079646707
-0.9510980616220911
-0.7507507192887514
-0.13639711027668067
0.10751348979079048
-1.7292138300067705
-0.9895919620053777
0.32643272071684093
-0.5272865983212462
-1.34525103475678
0.20593444437836195
0.8073539096284947
1.6331296740561165
0.6445434169541153
1.1088610875912392
0.16747252806573198
2.28726785722242
2.5183559560777473
0.5951299091248943
-0.1348532634061258
1.059504681524063
1.1374795485006033
1.9262705567244858
1.8149695242854924
2.460130868092759
1.9939691149858336
1.794985637295085
3.1980105314179808
5.562739008323643
4.79385284381946
3.896506368683846
3.155784255835945
2.9832186218412517
1.2810067997884786
1.6678313726039196
1.635328655603629
1.040593048855944
-1.14967578424565
0.3361031247336743
-0.04109427280448602
-1.7937542681098768
-1.0388046138688953
0.8369852686313243
0.7225275364876129
0.812600815018017
-0.5395865154186787
-1.021976923553149
-0.24761835116004027
-0.4693442410739368
0.3062279193736357
1.0284495118213592
2.4443215948514405
0.172141302051378
1.7078554513982043
1.0016593884451193
2.8493012067042454
3.380087862248612
2.460807977637435
1.4990692282915092
2.685954303859811
2.7570302246024045
1.1069493964670425
2.265554527152732
2.1950118132866767
1.7230792037791873
1.7057163857456283
1.7659658243562992
3.0931696986681754
3.1261179094791154
4.393292929491708
4.634136625339193
4.1287821584028075
2.1965120478626483
1.0331694194003895
0.35166215496185527
-0.7579566954792368
-0.6930157034597005
0.25976544909724275
-1.178227874621709
-1.4279975087443364
0.7267134153042747
0.2848187067214197
0.5383846684967188
-0.1063398826154025
-0.3831399410721476
-0.6815244866366763
1.16877055584848
3.676152649744591
4.76790320184089
5.568415195903882
4.992976213492905
3.8734232949320617
2.5691324954994723
1.1203631177195972
1.0690023631070418
2.3638698776323945
2.6081426295272676
2.8600748639695612
1.931531219283349
2.5780174597448546
2.2463065991839497
0.5389496965451266
-0.08141959382375769
-0.382741817112312
0.4022360859638978
0.322853027852402
0.6490812317090522
-0.48076103090813027
-2.5367331607714774
-2.366446858822278
-3.1172504189378056
-4.26881360592427
-2.2958494389377853
-3.182940405535339
-2.471808016414641
-2.2578290713665945
-1.3025950482549393
-2.756044704675481
-0.7002014907251772
-1.1842413492438775
-0.7220113540724036
-0.3311068300522521
-1.1253426331258645
-1.1229699002791103
-0.4095976970253914
-0.27414301534774455
2.1621811264490067
1.5160057315337918
1.0563551906831172
-0.15318997180535754
-0.28624761267799387
