0.0
0.2593565497972138
-0.2574995945279107
-0.6041444754087496
1.0827146604583504
0.9600232893921017
0.8177296730968417
1.5396488042515482
3.1949541027999864
4.781671409450676
5.176339795541906
3.1632830224686614
0.9191663121559874
-1.6548759101972537
-2.779069839124751
-4.819950190799965
-5.060697034429269
-4.749368267352141
-5.851163033958497
-7.826952690625896
-8.18744779475933
-7.150998292747164
-6.75822589993143
-5.395850852277464
-3.1921628204033716
-2.9283360188321703
-2.676459009178381
-1.2112898078741392
-0.029755985773774363
-1.0457074687549093
-1.0500856126061608
-3.0628129944210496
-5.0730987718546245
-5.778034314727883
-7.0211366316370105
-6.159595673710975
-6.464598394954296
-6.066684078547073
-6.106818354263306
-8.794986055274252
-8.171933340083225
-4.750777320049608
-4.3454884715791495
-1.964979905051488
-2.0584821321809392
-1.9572129243241392
-0.31106939580243
1.6102841097380554
3.2541452948135188
2.082541616238532
1.835318131632798
2.1326010880829758
0.9196802875897463
-0.10646684246105215
-0.4340768083233304
-0.1865626272580514
-1.8599893872516258
-3.61144133057751
-4.2356009916909105
-4.396549402738916
-6.052016740765238
-3.703151146349643
-2.947389429806495
-1.5215988352868797
-0.8898981605720427
0.7153374649070893
2.485066448318949
3.3623050255120557
3.9689730701386807
3.208904126210265
3.089780672824538
1.076134679513104
-0.03540561620188454
-0.25183258509282996
-0.03212146139595662
-2.1393431184663516
-3.0173960569830376
-4.2463783904789345
-5.007799868961844
-5.057243872101564
-4.716089649541809
-4.799193010348379
-3.596155412840866
-2.978136652251427
-3.35487563405475
-1.0513990549615155
0.7093082674870061
2.6743001396620287
3.3941919450704434
3.6044275294816672
3.8498536050500825
4.78963558201131
4.2904398156736985
2.239078231752804
1.242343206840964
0.5396223430202053
-1.6347353608262
-4.25273934889903
-3.5893440773187013
-4.4044295250163845
-3.5821419006960227
-2.4439650058118607
-1.83911914545011
-0.8552404105930269
0.946170633218012
1.1225018043451014
1.1439452934345375
1.5728803887471539
0.9296094592709729
1.7677924110189487
1.6094281054070045
-0.20014935985485383
0.4626170763089452
0.5582136011220913
2.068468090345079
0.7258375075645004
-1.9622316023989859
-3.0402448068680172
-2.858540859866462
-2.3623379801617714
-2.038564733298354
-1.5069446733445326
0.05011648944029712
1.3245181287008472
3.236588759343354
4.797173302694114
6.474369763568079
8.486636196395132
8.33276290858882
5.8691169763582245
5.104691519757516
4.671721783078284
4.323600101252179
2.085840116882709
-0.038616069589518576
-1.3031018125297613
-1.932691948693137
-3.1343463497785717
-3.3754715383944722
-2.5494430758357423
-2.596020371076083
-2.502093329356218
-3.788869152742029
-3.9666557733845256
-3.5954064584993457
-2.5813534583480244
-3.503617842597665
-3.441603248906751
-1.4634334059853795
-0.837716927917919
-0.09970338600914441
0.659078591876874
-0.11501900300268508
-1.5466098362168534
-2.753704073602917
-3.737951850123486
-3.8327999634951766
-4.250871369498108
-5.018345820226742
-4.638758249987006
-3.298631581403475
-3.042699731449053
-3.4818158577072733
-1.6867215421923225
-0.35837057197649713
0.3727655756056518
1.6162594691164738
1.2786750163077072
1.099754432376881
2.1599063059980788
1.637273907677727
1.952407732523903
1.7606322765087696
-1.1048272209261465
0.2696181425825035
-0.0010819078811820093
-0.3815387459317142
-1.5403124681264617
-2.0753019405840227
-2.8347322436935762
-2.1517114897513716
0.11349734929768851
1.5949077358643973
2.663864115172725
3.336746336657096
3.030004688678857
3.0487241428914045
3.63560362553514
2.9196124269048407
4.522154831923397
4.45875666897475
3.7224926651488324
4.206631743321904
4.029107010967925
5.2167526717090515
3.6186067781359954
3.4451644889642195
2.6897613579748025
1.1009674497089628
1.4056313887713734
0.6264553721858038
0.911594394747017
-0.0753046494371914
-0.2197600245450445
2.2003953814046984
2.288942222283194
2.87358968902832
3.3283419090781647
3.0652840935497023
3.7205732086866963
4.311499449277095
4.372562199721192
3.659851160081413
3.31849503782672
1.6159813238600043
0.2503110204292414
-1.177983409008215
-3.2790142594794407
-4.814047782150109
-4.427026424261576
-3.3888201525394015
-1.7312143180834652
-1.2445583062391772
-0.5558694319220654
-0.33601175942872163
0.8513391930181394
1.6160292480679919
3.9267099284075497
3.588453573264992
3.5783920266472706
1.5330205124000562
2.1699628444850547
1.4921440480843557
-0.05001722126186603
-0.36071224999545337
-2.9210578845735666
-2.509262723361976
-3.6719998577903654
-3.1855605855409763
-4.010232235160868
-2.3556517253996274
-0.5274386210889539
-1.0088031259373627
-0.000969716976758489
1.3720779366398046
2.3851681143996637
4.227914298252452
3.852604249178288
4.160060295265978
5.636024466291634
4.831074615967794
2.5205906497700585
1.845667600055949
-0.19780939585801294
-2.2642457039596167
-4.437083165181577
-6.1279111486802
-6.510872946731595
-5.955380306197954
-4.59703907919825
-3.9497538049768166
-3.2582884392842133
-2.611893844841414
-2.999419927416896
-2.084146505235104
-1.8828708937732537
-0.7340660414328781
-0.7231491608597886
2.021868281207523
1.8114989287761372
2.144236086053873
0.9333678744415472
-0.48473481660256634
-2.1104142393520737
-2.9772955785995836
-1.52535970693735
-2.026790146464484
-4.017779214440585
-4.638750005575721
-4.237312468589958
-2.3901489612853846
-0.9734162878724117
-0.10364256136914318
-0.629842929722956
0.7722307963549426
2.1541540920312734
3.155366372824608
4.647747299835981
5.23910744306229
5.68268284404589
5.1332776482078355
4.106739234886906
5.4442131291089275
3.348909560326133
3.1557277828558647
1.7532609000668815
-0.5673939920394118
-2.577882072957817
-3.080707745897925
-2.684245637573922
-2.503768583354835
-1.429297382110648
-2.177258909025682
-1.734712129238992
-1.5259367441717608
0.5178757555622306
3.4412487466583226
2.488346688817457
3.5557153983868726
3.3953885718109857
3.147566155578028
2.2663586092649206
2.26542025588027
1.1305875947645958
-0.45543620894305725
0.055057462590088146
-1.4130160169514598
-2.8761194129745418
-3.6293526899559785
-0.6823984826247576
0.5346750516855991
0.7197611433330524
0.4802806572152605
0.3269150006747419
1.401869376587178
3.6215739340987954
5.254314411703522
4.989375211601319
6.0741838284756495
4.705702978690074
4.828635254669476
3.062645462310921
2.6704394147489676
2.1271332727373613
0.8055199539408088
0.25502806381161613
-1.821161368941206
-2.7368018806520253
-3.1498836327139874
-3.143235849254533
-2.295562128469957
-1.8973356360201086
-3.227102517991745
-1.500270007180323
-0.03453530275877398
-0.1912722963916953
0.2522294225932519
2.1026865187024715
2.7300604327423574
1.4556487615794635
0.5818173774611763
0.2731003202529991
-0.3623058082932682
-1.7845114702964389
-3.814588222633477
-7.00893557514298
-7.684875699428115
-7.164209720825599
-8.458823273375161
-7.89912943998859
-8.231967760964508
-7.559952248818294
-7.356970648240376
-5.334624629096615
-4.0592486501850376
-2.1672196268844335
-2.792792471933656
-2.137912566933337
-1.7110585987849263
-2.3847708302056008
-1.5686498243727505
-1.5214540683513718
-1.3338383454261478
-2.428171479519014
-4.259369732641886
-4.56653294487382
-5.959220415404965
-5.895631651578536
-5.873799465925161
-5.3809316895456485
-4.791263477807175
-4.701195387841351
-3.9179765479917763
-3.505920762114327
-2.19020968105195
-1.1871113495587624
0.08841183343173925
0.47496373974155687
1.3997644554955342
0.41233104301881807
0.21707697684188276
1.9656816181967243
1.1723385458584732
0.07189926819977593
-0.8212634694663313
-2.6948164310007097
-4.006878665134293
-3.4036762969766854
-4.389774832109091
-3.361518561484039
-2.0915523499681226
-3.1865609600262834
-1.6157420882861282
-1.3932099804596696
0.47965207872936066
1.438426354375641
1.8777863198673184
1.1028181451642722
0.4477251131412727
0.5586016647193361
-0.35256086086749094
-0.7311303132992817
-0.8116531302036041
-1.1315371754974888
-3.12132427415228
-4.4736265905789345
-5.525486708845254
-4.205849139824735
-4.99003205437194
-5.766716645961677
-4.171989248951997
-4.851010813302419
-4.269786079563482
-2.65933161169735
0.14258063270108656
0.6593265222438087
1.5330496374633202
0.23427750031041028
1.122476665656913
4.224606266118665
5.067216419306877
5.751421980045144
5.398995314859756
1.9950857327048528
-1.1909203564617092
-0.028213657119034785
-1.2091494027150524
-2.184242790765822
-3.5213803475456427
-4.565632044382081
-4.0704777776747045
-3.382605794295533
-3.812995183191533
-4.6555306384207285
-1.8146605262570576
1.1637430827817081
3.166438397016392
3.79046458931128
2.0067511472935395
0.9675473343825971
-0.18786415736739825
0.6116131058311912
1.9250913145701816
1.1888257834535991
0.14590752323222528
0.18240493952397197
-2.266961972684407
-2.589416485268567
-3.7172308314372717
-4.975095115955612
-4.902344230258817
-4.651370024348567
-4.018140470317553
-1.0070461061388631
-1.6759218824403106
-0.3902105769431402
1.7330549689867394
1.708894920958527
3.6175061251115466
2.7795670352100275
1.100318074212871
0.9785364554293716
0.617639537834967
-0.1162773854908136
-2.2723219327698336
-4.60615008593837
-3.628716359392375
-3.2550834136180247
-4.0231881775935046
-1.9029783761825412
-2.384389662446445
-3.088342867950973
-4.314174969722242
-4.298571999962712
-2.615343845976493
-1.2131664820952843
-0.5985998085580526
1.2864020941939325
1.8593171392029746
2.748295518568547
1.1950009334784357
0.44470060640226705
0.500609834322806
1.0582198315525746
-0.25830069228782837
0.3044946218567499
-1.6118657782402916
-2.797443507671223
-3.4508290076727146
-3.0502571687680113
-3.4684797608301268
-3.2173369293255667
-3.5098730644350766
-1.5239623256227675
0.9079805057271146
1.9033702568287252
2.74573501917492
2.095279057787133
3.687990248460925
4.8626487652221755
6.200230284230826
5.4275858668049946
4.944421796300231
5.216345005388722
3.313055922237626
1.1783337202936424
-0.4420854310823882
-0.4845473676419273
-1.121707326487203
-1.1642304285883944
-2.1279968873537176
-1.4959766923491655
-3.477679124720571
-2.413667059562887
-1.1504848482486323
1.0117403616209741
2.1316113290519105
1.3344287252070126
2.4433659923983737
2.7452053659759836
0.27614234589990616
-1.2337546849299925
-1.9999107710238297
-1.6896078082267179
-4.327066965348086
-5.26632702022963
-5.327963543032482
-4.747656739331317
-5.393591797864382
-6.372450593733644
-6.317555637611384
-5.950022041263503
-4.173876115638784
-2.8238877920325027
-1.5161593665332982
0.14682878032014857
0.7158681209752553
-0.9198979182243523
0.22718086932358073
0.23729617338092335
-0.6922725351657234
