0.0
-0.8208556912152042
1.079718260119113
1.2109368535390503
1.327181824584339
3.0051125509439816
2.4585978563044577
2.7954060670094556
1.4016163618621098
2.2997756399507328
2.6751831014811764
0.5748625914696224
0.898434508966009
0.5959257011807154
0.33134921210355384
1.3204271802197547
2.8171905133438937
3.7863218881284997
3.1116122469868066
2.9907024141692413
2.726254840304536
3.089016759081801
2.421695549796263
2.590720331579746
0.7964886801324917
0.8917355052416258
2.4746628792141303
2.60981590489892
3.1067039730298034
3.111232563456822
2.8309448269123996
3.9103914027033806
2.6758505203485172
1.8815383997643056
0.0707757949284813
0.08298254097766161
0.20930385865473677
2.2993009115497856
0.7945896322735537
1.3190293099046746
-0.29049653520744867
0.9327356599837364
1.9831149406987834
2.5222107875241586
1.5552845808697682
2.1918292359672273
0.003941473155802067
-0.3394918725078038
1.0372938324080505
1.4044309543266764
1.6073635763180483
0.7688801335305432
0.183385407742933
1.2079156535043798
0.19406311954163002
0.8152059675356552
-0.006896544181533404
0.2930548950393081
-0.5888507813451392
0.046114756058850404
-0.7059710621068014
-1.3092122270232673
-0.8735860176492006
-1.4968562271864445
-1.6024971275520452
-1.1412732071495992
-1.8478591582465316
-2.574393632196344
-2.018199553875874
-2.120682169055441
-1.034498163209837
-2.459482657989714
-0.7304386783641701
-0.6031181023616794
-2.90282910074169
-3.3856021223459467
-3.510711725637242
-2.747779061459023
-2.49017084326812
-2.2783857978031232
-0.8195077163085847
-1.3534975619023788
-1.5366686946820773
-1.1752933973044555
-3.0995985055169966
-3.039957296400062
-3.594734410446746
-1.7680142785642707
-2.2369130969660165
-3.4455088359592096
-3.857243345979878
-3.0534217705002873
-2.206935336780351
-2.5679447117879475
0.5961423879680119
0.7978171432972136
1.929637364590497
2.7282674860837837
1.9714408707205544
0.5719098620988146
0.8751660553221483
0.8529001061438227
2.2711858719573157
2.9818643469098216
3.7073658354813235
2.990428378984524
2.661784148601006
1.1618271970391247
2.27685425182998
3.1705893891134425
1.6792578925742554
1.9024818244048332
2.125277630088545
2.431201013237935
2.4992963745307857
1.7328560861572702
1.8832121664936567
-0.0109492673859648
-1.3325776279630233
-3.464941581168083
-2.0645704960341034
-0.9160956010286887
0.8274108663841253
1.8064294888366816
3.68053500847357
2.1014649919261776
3.3168103563733338
3.8929581631330317
2.162764506988212
1.3969211729780324
2.8794494586526267
2.968997128809386
2.185432258261326
2.000442105864502
1.726570308859412
0.2280773027352041
-0.7413618912373178
-0.04543826198517553
0.4955448924626482
-0.6761128229924062
-0.5941873313487586
-0.9076909734429885
-2.9541507316284146
-3.3543681904856926
-2.7280564393782103
-2.6423382651920098
-2.131266849351344
-1.0539975663644237
-0.2856451543370694
-0.868614904495898
-1.1130933582569829
-2.0547065649638805
-2.226848685540678
-0.5530096624946863
-0.9910929787823713
-1.1665453684916751
-0.4722606423822642
-0.7056099299500229
-0.3342387798085144
-1.3810824387163283
-1.0848524652424487
-0.030304534996135724
1.0106123704106789
1.397006593358201
1.6129896924683411
0.7763368386451549
0.29840349914224695
0.8291762971369898
-0.16678213863467395
-0.4747997761263448
-3.325635670753155
-3.052238619367563
-4.29924397955343
-3.6969078416525676
-3.8656683774301386
-2.6116726335295053
-4.493279507597279
-4.211669921580133
-4.116847011182945
-3.6490961243909066
-2.0753036625956742
-1.8512444026060877
-1.9183286077841883
-1.0758616491661095
-1.3834013511361234
-1.3278977799766494
-0.5782839863458438
-0.6393500611808174
-1.5814396667472828
-1.1445050196627529
-0.3746504044782323
0.5270259173146675
-0.5502092490389576
-0.5361459997929109
-2.0449410641235097
-2.425007875052805
-2.7837555753367944
-2.626658863158976
-2.781394803240461
-4.055754461928084
-5.4492916273302
-5.4063090906398665
-4.410567253963331
-4.973055197673745
-6.01953171791226
-5.381186443100915
-4.232612786172917
-3.9889802792472513
-2.9651504881980366
-2.5950741620609685
-2.5686205392756736
-3.7419241166665644
-3.724645259633439
-3.528675811770296
-1.7680739615541587
-1.7510973481767034
-0.8896596766375511
-0.05831561272737196
-0.33450545760955464
0.24127908256540526
-1.5481165652096176
-2.4040794581022173
-2.28144583122928
-2.3006736897830327
-2.7031214844375677
-3.0853133708561424
-2.1830547309655053
-4.103662271443703
-4.394564478880318
-4.693055759833498
-3.4338577428012567
-3.221741237393818
-1.7370036579746222
-2.3104608072673467
-3.2344845154413013
-2.7610518357831064
-1.5336767106895337
-0.7905939052104591
-0.7276685091792338
-0.5408270296819797
-1.3087922629443764
-1.8672932397568047
-1.0041371225050217
-0.25556674506017873
1.2429694600002161
0.520844477068438
0.015973972791768987
1.1193170486615593
1.0492613394873194
0.7145612237867311
0.11402874596603785
1.4945349051629513
2.4017822763805112
3.8944087460165018
4.989867424270335
5.747822357844571
5.1680426387298795
6.266359789857769
3.9686707414305884
2.332636293642505
2.070274361497139
2.533929406162655
1.8646043952911016
3.062471167281177
3.202935405513395
1.8382190307617219
4.156821242200198
2.3545788102775944
4.495897455183388
4.559525275818017
4.263327664602601
2.805711679100032
2.5553983389816493
1.9465789262405748
2.285053862503392
1.988724923289178
1.9102290775172812
1.1538823733824795
1.1533285682508483
0.8871419620796798
-1.0927029905344336
-1.88015506680056
-1.1685706121511164
-1.1093796274923722
0.3089141704887559
0.509233058211737
0.5239337223453214
-0.9431763628416099
-1.02631831559115
-0.8868364734290364
-2.6033316928655568
-3.5915133327688427
-4.674898724451953
-2.4811928858697794
-1.9042052981483175
-0.9836198990782852
-1.8845928737803535
-0.9839305519792777
0.21246193611810116
0.19966612023904207
-0.06215732917475966
2.444128965667256
2.715423975013518
3.2208573069099966
2.6394335035762606
3.3315643673855586
4.425510335525951
4.2573328011921605
5.967078098440194
3.84496455355655
2.092324395961774
2.219423198444583
1.265031901750084
1.381024849507729
-0.539085102677487
-0.4045287623443019
-1.9582807419434909
-1.4353986037350244
-1.65112744894622
-0.26589060893551086
-1.3287376017308226
-1.3805984153167574
-0.5566871352337266
-1.8559057221286048
-2.8398693858180986
-2.1566433824372426
-0.6257464851428818
-0.6254761689841373
-0.2194674983460279
-1.8522732305240959
-0.34936383479154154
-0.4085147847964038
-0.25635731566864395
1.220550093366467
1.7278317406398358
1.9138255245873268
0.5569010014858435
-0.42870093415300403
0.028661099342821517
0.9882405622762204
0.21308850735450724
-0.08805330673364817
-1.327401817975818
-1.7942625232690688
-2.985618763346511
-3.076948610262454
-3.7791603553445046
-4.509852000231952
-3.287784843051805
-2.4152711357074788
-1.8908781383722153
-3.0780764887911474
-1.6837178318317796
-1.3689230436065352
-1.9792515240486197
-2.6172087342165904
-1.8100075594064617
-0.5910896555455643
0.6338084974272269
1.046734497369329
1.4235006850523955
-0.4359103665600561
0.1345577279360679
1.6057717155831308
1.2700625897051296
1.4103827008826788
0.7632975652522243
1.1196003706582303
-0.0442469934060572
0.8764258043240313
1.3059797754312201
1.3011734214150754
2.607075156767812
2.8838165257668513
1.6108782559009396
0.5157548646734378
0.8804328874478817
-0.873778304300887
-1.3063817455147422
-1.3496803662234256
-1.7457251935168507
-1.8590372574060194
-1.7564380829448278
-1.3114533329467544
-1.0377003866830377
-1.2228739713778345
-0.22376165178005747
-2.2189611803480567
-2.2221714881058996
-4.150382194958672
-3.9495430669352896
-4.031419599732402
-2.00119826329147
-0.5722705512699722
-1.1905082700111596
-0.17497636691834462
0.049389889148304084
-0.6207653979340263
-1.1465777226462794
-2.0660330473919633
-1.4344262499790683
-1.0652606696697444
-0.03453254178630094
0.1601259222531803
-0.4257154587970907
-0.23345454006178964
0.6201586336387384
0.6985171069202653
1.0329318806728394
0.2787541280749386
0.2874685715645609
-0.37359595522909317
1.185195197442548
0.8134932900339655
0.29794454820419686
0.8348572156232963
2.3939854308465334
2.6188353770639745
2.7987724342467954
2.366652170240036
1.5117409816339848
0.1294307253039766
0.12633338847139103
-1.7969204643863543
-1.784456736728061
-2.76893538599279
-1.8854638704224116
-1.8724870124357638
-1.0218335975981747
-1.0739215283450583
-1.681618994048264
-2.778654761956127
-2.591067779297144
-2.0910457701299157
-1.749866881542388
-1.8871041469343952
-4.065031789290473
-3.1925017904795965
-3.4991196599742387
-2.999220478454619
-4.171721244331534
-2.239827801845452
-1.0209502586254948
-2.0115818993205266
-2.423154352382107
-2.5075027007705137
-4.0404542537009
-1.1847840616372598
-1.3600634230346558
-0.13031793502437305
0.6207469648116851
1.6553910583562916
2.3841096227958536
3.4282816347895437
3.1546956845298215
2.5024583977999177
2.482682615646552
1.0617513306593769
2.2145384753476027
3.6040171463673056
3.3014830118434184
4.142165525787312
4.671488051909811
4.736874760052481
3.658659921427928
2.0512669039985236
2.8486558724172992
3.386440930231397
2.0899716107545023
1.2800280791057919
1.8113145516162104
2.1913524156768904
3.751238877407406
2.5398925774534535
3.221196299772531
3.848132195098672
3.565823357348298
2.770856604087179
4.016891638960539
4.919827796506445
4.556946069115431
4.603199601146723
3.5634241111416705
0.8228181698102164
1.271600746644771
1.1736134423344016
0.7001096799177697
2.3573310396479834
1.7237809002241637
1.9929669106769738
1.199964678153423
2.556623034835794
2.2638635331894132
3.1916007242618214
3.743285559345079
4.2684314748306935
3.385777396050183
3.401088883748211
3.171408904092992
4.303072069087514
3.906358047290145
4.637408935636279
5.914273576519388
4.79498069390807
2.318456837709031
2.404683347095441
2.2213920398124007
3.1983177947955204
4.135318689308433
4.9946607953038065
5.081638507876813
4.105706076535517
4.254204080637558
6.150973365783913
4.853651502150672
3.84988437521822
3.8813421015096528
0.3065084931286757
0.672249708106879
1.8427434989480282
2.976747304343862
0.9802021260308658
-0.5899930786643979
-0.7131555633180922
-1.717449973549114
-1.1335918039554536
1.684770566648917
1.8434597458903443
1.7053966048364535
-0.03940922761590615
-0.015089807809720314
-0.17547027830219938
-0.0906542721733496
-0.17542608124276107
-0.8196780558764808
-1.045212216736692
-1.1892875084284977
-0.47225956045848305
1.0777412431202378
1.2885689268493632
0.2794399860647786
1.8319037755671363
0.4741121488400004
2.1065585314431035
1.1822516849514944
0.4152088899359636
-0.25644235095263246
-0.8404224149564818
-1.0328040003332224
0.26128324489557275
0.9504372688253307
