0.0
-0.3047182666258769
0.29948127690006576
0.7762894537907834
1.3789989832887029
0.5983957697922444
0.7666596084780658
1.522419628909966
1.6078935197451798
1.0701973783513536
1.9653155775379016
1.4432463258912172
0.06201669668267695
-0.5125125017863548
0.7967884024440643
1.1875879691964333
1.318204141568985
-0.09866777523414716
0.43487194160345516
0.2565773495521495
1.3601778463413874
1.7820537134885286
1.5468045063127158
-0.2820966731102521
-1.2818894715516664
-0.322992729931312
0.8006421143793865
1.6944748001192895
0.6435111861025784
1.7258289970801997
2.6420427294314757
2.1340689989109145
2.6459762377833167
2.912924510502852
3.145288936036852
4.972143177154518
5.172950757618982
3.5775582446120264
3.5303044833910806
1.7683103458277596
-0.37158293650130214
0.3814900656278756
1.0506133250226963
0.9551118635859657
0.7856354769655807
0.6254879057861249
1.543494687160298
1.2097750207427915
0.9753242409527882
0.7222640702757891
-0.803527881869159
0.6126311822411284
0.33019543295713527
-0.39993562875365857
-1.6185698403519415
-1.0718848358556938
-0.44183284973688475
0.31469019688982136
-0.847060701537967
0.8096121168651838
0.6863050904432043
0.33919631167492126
-0.8303528385503407
-0.7987707828829926
-1.94784333088539
-2.1601184959305817
-1.6364474096436545
-1.868326323154902
-1.0714059137834995
-1.3421629510310633
-3.0994562807079933
-1.7657456521750352
-1.976121171779031
-0.7905991322224628
-1.1901382003340273
-1.6364861732891884
-0.6947190172266475
-0.5788082196784443
-2.3661356823890882
-3.518154137555004
-3.258173966759909
-4.885263461028018
-4.716372051213078
-3.6314768657137257
-2.126117369984809
-1.4050917662044715
-0.12616032356757478
0.9705522511761449
0.47674896847303905
0.5901147319434521
-0.28995946341709866
-0.27165086468566546
0.5664170841867763
1.8442598069717462
0.35580217071454956
-0.6226707367563314
-0.4535502739962796
1.4172942944240583
0.7000340944851313
0.39866232616454095
0.062420329283279785
0.9154106438949623
1.4196819719057514
1.1126763647653788
1.7835613864774889
1.4555513702296998
2.3075215553911876
0.9276433868430876
-0.487342720019292
-0.1492315302343616
0.011381369425605942
1.4861577213885904
-0.1369678847729181
1.421847904859304
2.076091534937477
1.920337487515457
2.3950902799017335
1.0486523290123229
1.863885098004317
3.0219520522675207
3.4051138632724767
1.452208440933543
1.393681539582179
2.290324269133685
0.6749524241421634
1.4337906593902865
0.7357292453787109
0.9015337415126281
0.7400456992770559
-0.5318823099503028
-0.4141878020563216
1.4623966334013248
1.6572767700721123
0.14917457845092752
-0.1278183733977338
0.2842210896388345
-0.1450871253243161
-0.47984727132458826
1.4739419190515302
1.894719616708303
1.8770986056941068
0.5545785187585415
1.2879067457352291
2.6437308156781563
4.283437453848646
2.538873873557852
2.966721139141981
0.9290602673593569
1.4297045316004988
0.6731617483876731
0.06412310532521226
2.534651269387842
1.0807395180607218
0.9927586142209495
1.1856809041084813
2.1317371709796946
2.493281772190076
1.5963486990516125
1.9455071112406257
1.6633197742568067
2.0322376172814214
1.684662799493985
0.886434369584985
0.6813607934700402
-0.41495480552113706
1.3625469769249279
0.9446579387378935
0.23188061388980363
0.13819415023535886
-1.2283590314643804
-1.788424032826151
-1.3648908877244263
0.18343964078893094
-0.0935585341186797
-0.0685505311829874
0.438346924447344
0.7633042210548739
1.7526453013754817
2.6614558776472292
4.0588825794784915
3.2256554001030984
3.2089796113450584
4.919385690464434
4.485167094761683
4.434512952334348
3.1812393807237918
2.2504296354420004
1.3136570728479429
0.9621898192258531
0.3816138257914664
0.854534792478105
0.8297181083547395
1.687061889582524
1.160686458112232
-0.9665172667709201
0.4246300493741444
0.23073279628772506
0.5017718944916723
0.4800526380299676
0.1424677405992858
0.5692432806805986
2.5970150248271393
3.7761172066327027
2.6778823096506246
-0.7229082699728728
-2.1295233861220755
-1.9529340259156067
-1.750720339775636
-2.553401871966872
-2.9259944339285577
-3.4216816279228905
-2.254326270839088
-0.602677141774282
-2.9660377033164966
-1.345295724425687
-1.374066998838399
-0.1462547220948034
0.9614325663948885
-0.07292440012910562
0.9976346320891089
0.5637604187057215
0.05214300571456443
0.5439800746237037
-0.24363129847356002
-1.4557356952147134
-1.6312699381274272
-1.9906487189881972
-1.6666439913751543
-1.1869175084096175
-2.1472572584653897
-2.451077863242827
-2.0593952594918297
-2.1668943335471367
-0.4170837332791324
1.2541342343031758
0.9646915997719081
0.7802879913759064
0.5118422913142402
0.11665537695364009
-0.8906836106870808
-1.8310092385505443
-0.16757162123406055
0.7351006467637706
1.1695055248429895
0.4492484954299141
-0.7060288949434068
-0.38307158649529316
-2.37958784246054
-3.219289334238249
-2.629375229575678
-2.2293069280616575
-0.3095006270606051
-1.335299429678819
0.7279048300064721
0.9709741130012978
1.5279812298579556
0.09529496516137881
-0.7349559724084341
-0.4436899011397141
0.4395362339915778
-1.5103189817836435
-1.8115016189338506
-2.211978004273649
-2.6233969491002047
-3.350848421498741
-4.793960210161532
-2.728894021987088
-1.4430593955681383
-0.7134176520584508
-0.9867728732483481
-1.8003162071574603
-2.2616447761445437
-2.167731728306153
-2.7947198329731777
-3.281276192630923
-3.802563465047169
-3.234643578108017
-2.0594250285081976
-1.749372595688469
-0.3607178340343611
-0.8688377761154754
-1.606901767086422
-0.7587460701089809
0.9971496284820381
0.8402223562100042
1.2377342650267895
2.143080459321804
1.6034264370148987
3.0501419369302205
1.0947634186842563
0.3126327131206834
-1.4894630070919093
-0.5839142983095591
-0.9024166649685554
-0.9785883787489352
0.16369654862547678
-0.13473957945232404
-0.42932823007149123
-1.5957430902113217
-0.7578284700027479
-1.202120358111359
-1.3336875107010662
-1.9325081721314281
-3.2493854573431027
-4.2449144813368225
-4.109474765510354
-4.485000843006862
-4.118673482894786
-2.196747867184755
-1.4865207643091702
-0.4096360899425645
0.09830081457258288
0.36300626425972665
1.7613272027339089
2.1154442991592766
-0.03655255984125905
2.700363695887077
3.662400204027101
2.160708008968402
3.056250455342567
3.011237618497246
2.543328062781296
3.411428071907359
2.6883731891610143
1.4943020223776258
-0.12063783484416035
0.7054137084734915
0.6811488643855008
-0.7057463415323346
-0.38247234723341483
0.5418651624944613
1.2404785639531097
1.8120574983777562
2.5287473982426154
2.30630742300959
2.7603678283791004
2.6125265584549195
1.7844131966103274
2.2711072758252
1.7672869262259845
1.521995525750201
1.9321492960075415
2.315720452153861
2.3628745971904848
0.13408266774760946
0.6896473848195805
-0.12363330454401267
-0.48602185236115764
-1.5543020983889364
-0.902998505896706
1.3349351154986306
0.5809147130790542
1.0864402308224181
1.1564969354821013
1.4640106417650036
3.2278917918622323
3.2408871205938254
3.8970858997310445
3.8680410733996977
4.677604100810846
3.161447743834298
1.5415489550201522
2.817860095813136
2.9897872924347757
1.0942644760276106
1.317255332266643
1.4147127289842387
1.1886665145225233
0.8248269368846692
1.749411144167745
2.2634774561221795
1.571616775498781
3.2969383414424605
2.4025921667912917
1.2093076663516529
1.1249604836112346
2.680693691324759
1.1976145935864728
1.5091944367177663
1.2574108611134263
0.4322411006113761
0.5673191609594619
-0.7108197111935505
0.32826785972923
0.9616613728981893
0.35245174261410506
-0.3320989909108929
0.6422677160841893
-0.5830272073043314
1.7738656396587276
2.4348026653333856
2.7304891085081526
1.7559841823239686
1.6356948983332087
1.0295004698440509
-0.6059319133754628
0.36046484284221414
-0.8638113040649467
-0.9124098531331735
-2.069764301662757
-0.9968229042487472
0.24152546998789504
0.39335718802912883
0.33988330126209193
-0.23889783650295587
0.9452312577971141
1.954591857778814
2.3618359034960084
4.155733960338521
2.989959351235725
1.7625513134178905
1.4810779314491989
1.8270434075722475
0.046721469996271914
-0.9059990357936506
-0.5203608997444062
0.05442179518840562
2.1668593951707478
1.1832674600863644
2.433075909611854
1.8714546788598527
2.593710272141501
2.681839983880342
2.4371424771076837
2.7488011705463435
2.2354957270569713
1.1906511282375367
2.3129670506326727
3.564763060210684
2.5504492798886256
1.30866409107557
2.5864479155570343
1.1370290952849984
2.671182592461448
3.440878482792993
3.1254944629980597
2.051787090253815
0.5172087697629557
-0.8069634848104348
-0.7586851366591343
-1.5910156887387086
-1.075635974064897
-0.28504223960276587
0.3495582531977032
-0.7186441486768093
0.8369860880086112
1.2335650200242694
1.8614367130898861
1.9377779229202738
1.0695540834133346
0.9272097632182154
0.14196194060208667
0.9823184163955457
1.3162306500610372
1.4647605862826991
0.11053371105461651
-0.17367445541892568
-0.20081573102376382
1.0245676331704103
-0.11415956502810076
0.3132429814205915
0.8060774755080109
-0.6505172290775761
-0.7516552319406801
-2.605245594014482
-2.4359934124107405
-4.071651836051722
-3.744321010607128
-3.1519642066825178
-2.4156145936355427
-2.1844070380185947
-2.4388249077322848
-2.698989404948592
-2.8358637701385003
-0.7267665446988301
-0.9294590675910295
-1.1624238661628685
-1.374656325605586
-1.2837390117430096
-1.8549110600467469
-1.3386361088567857
-2.9932628159415176
-3.776700197843157
-5.202268487476239
-3.2447946888807593
-2.745449430263115
-3.9977934346639805
-4.504360097936759
-3.9872892791155783
-3.570376000230212
-3.1189413637232652
-2.7822058128699974
-2.8857420011772104
-1.479590768095483
-1.8549419437181704
-2.1382296995467036
-2.7516104266895667
-2.439292942205932
-1.3530501557112404
-0.6932907301088969
-1.8918968085413843
-2.3962228916556123
-2.7882581270783215
-3.3413468306607856
-1.680340432858669
-4.012550363588419
-1.0936781062993468
-0.6422639916602971
1.5074364398897466
1.517966682300002
2.856573312616802
3.705759558726844
2.2996198607919016
1.6957066657964888
1.7269707211937013
1.171138621152585
0.7662203743230405
0.07232274302937791
0.9605479381825605
0.05419269363729884
1.7313396820551044
0.06224162425321489
-0.5178471855923621
0.4484791186822646
0.8064449685180796
-1.8400982879702954
-2.2949633799783435
-2.0930532599614584
-3.844461832806909
-3.599540547771841
-4.789351373161596
-4.43711354447985
-3.5949718812647378
-2.3018905651166635
-1.975411451365293
-2.8954526783638412
-4.6782995412211115
-3.134051074372952
-4.906317858226691
-5.836817942961741
-4.133155245270441
-4.394447479770928
-3.274659362707099
-3.804844500411585
-2.2466735369559476
-3.0970061454760316
-2.3512971568636147
-1.999192297332222
-2.8250016007719383
-0.49242700260624783
-0.2449232744815828
