1.0
0.9101069772299636
0.8047803739145949
0.7480743160626446
0.712424818231842
0.7080249907785663
0.5868301967307107
0.5074420570440493
0.41750429338528383
0.33306967839104146
0.24848954725244576
0.2685644488746082
0.253919098136681
0.23051673963599725
0.29450709308436274
0.2310892232264828
0.16520090201222104
0.19792129677506437
0.21764960988564355
0.2368631704354234
0.23838918245516752
0.29247856257637467
0.2472894288015149
0.18303760515721523
0.14247807540225774
0.105305840766529
0.029243223197059423
0.15807066981856996
0.09256442151298536
-0.01110404587061907
-0.07388291774680016
-0.10386067267814095
-0.08469916221194775
-0.06732457721952163
0.014691576983481329
0.039588487878547796
0.08310110105693419
0.12915690235199734
0.10747008040598746
0.1405515738691254
0.1844364294716787
0.04206855757009645
0.11288769395288255
0.03585439041857401
0.15682105506330052
0.16408109399827184
0.13152862084186057
0.152758083153736
0.18584815900302076
0.17233385049947197
0.17980634356510106
0.13490202716898328
0.13214167349511527
0.11296234320824863
0.08145551286625306
0.13969084408015073
0.1760915446372817
0.27095684570549605
0.2362938103657344
0.2582295466212568
0.2906978291933863
0.27243747291514003
0.21397748344447476
0.18657720156721383
0.2152060878335598
0.2612828188025192
0.23086199532521637
0.15716125645057616
0.16220196696441708
0.13255073304334292
0.0736095172186953
0.04988249076023214
0.031173690163797306
0.17581926170750178
0.09991224927344525
0.0760401559133565
0.14001912721922014
0.10547709538910818
0.02626312379218844
0.04023419294895948
0.048368765141286595
-0.012802453500532947
0.006683946056822791
-0.015918487194550215
-0.083802185842484
0.032689352109568984
0.018890026009037705
-0.020323924064466224
0.040984098683359574
0.06679678570229475
0.025467141005311743
0.05723080707847737
-0.027493473246106938
-0.04119636518751942
0.027368195782788922
-0.0424267467539398
-0.04176970330770988
0.00256520461057113
0.0006000278904470264
0.06086759157457612
0.04277109191533438
0.020372055797732096
-0.014625430963273525
-0.0005562051263688882
0.09249040121768672
0.05232661620514159
0.09207256226510961
-0.0045890078351653735
0.03870522681389953
-0.024334722058318742
0.02642381832640383
0.08131208312942934
0.04268811202611886
0.04073137114138987
0.037699540248522415
0.03523943661950842
-0.061943013766040354
-0.0036865012975158887
0.0214978693413111
0.10548792822833034
0.15885416672662409
0.08994021961324986
0.009819515885787833
0.07111457772781236
0.08471882581885162
0.045816335485064565
0.05546330155368871
0.04692962380093928
0.12989346550794623
0.08890218553320109
0.0793707009584879
0.07494578971045816
0.015159840281284101
0.06419857104404977
0.07475852867656979
0.11773350340584532
0.0991297953650578
0.08755772910191072
0.11569355112593614
0.003077770000602942
-0.015139711479109938
-0.02477564237280925
-0.0016690636619609324
-0.03467014280750908
-0.05851081673039318
0.007330436502292634
-0.03850955195166798
-0.0923063613490139
-0.11941577498014769
-0.04006385494143602
-0.0026405945624754963
0.016650241584134015
0.10794407558131278
0.09849158857543668
0.12814256858516845
0.18714557016027633
0.18639341911018625
0.19547180696344965
0.1783053614707152
0.11203201654306161
0.1223182535592466
0.12702599520400076
0.1807445831583379
0.14267382819997
0.1279718238148772
0.10095947075832354
0.17237606930122912
0.09597723919580484
0.12931980758304526
0.21118812836304512
0.21111736073543141
0.24448517739590334
0.23389074085578274
0.17606162511730042
0.18386077691723995
0.18753311026851302
0.16194786129163594
0.18721092966368152
0.14308360269772363
0.15668827945770714
0.19601965850697278
0.13471895593426025
0.04262427254930673
-0.02187638941231597
0.017922979833991735
0.002568111351340458
-0.028100475089335292
0.05004992787316333
0.012012203246850414
0.043854814115626084
-0.036237112209677985
0.08649663978568271
0.09252282537822051
0.08482473465478904
0.13206832195975277
0.07794461705813135
0.08132077694721417
-0.07620602690670673
-0.0486079102279844
0.004221501150370691
-0.01677862282011986
0.03971171665169855
-0.052300906935319864
-0.02740074445264079
-0.08430014999109847
-0.0499907289251877
-0.08492807173026676
-0.08119245054952381
-0.04025454963280365
-0.01990432227959442
0.05376517426026893
0.027976053476883967
0.09848653272288443
0.07614528531916077
0.015081370511908193
-0.0028339713842981708
-0.0009891558521635587
-0.05988535672097392
-0.08798176400974578
-0.08487820516147326
0.021277499874373607
-0.05693578037643449
-0.06767251221382309
0.055775121466911264
0.08221470263479763
0.060385820600460306
0.07500178082078565
0.10549306203985104
0.03770956384622291
0.10306122333974277
0.15250341772674736
0.15637116578458504
0.2426557594339267
0.22638921016100735
0.21898819238415315
0.23975555843736776
0.20656666010648742
0.2660939328596866
0.19838454987156576
0.16745904022782895
0.10528336055081206
0.12639281811867917
0.09676158386118452
0.04232320858876297
0.10567070417829794
0.13760851103540697
0.13720666308210414
0.15611483626485353
0.11230855229278855
0.03065423391514993
0.1393677593294757
