0.0
0.02837208258104912
1.3873464856246964
1.4578455382689621
2.6485378954409735
4.381958109873938
5.151845884771335
6.384333099382657
6.308003945985481
6.628932592794296
4.872750363678041
4.375179912848625
4.8111294587210045
4.113711012217085
2.585573344771868
2.797398774697366
1.2999345305106307
-0.07529688636766196
-0.5032014615905319
-1.4148325854345551
-1.912865429095278
-0.5939473715246125
-0.5290000318898025
0.46709438756879257
1.9132915575563079
3.3658471524629676
3.6506160827025735
3.0399192616986177
1.3884601990684238
2.3213181122605357
1.7261351385245685
1.3362662528266178
0.6127806163005984
-1.1481396945750117
-2.0393197827768255
-2.782983267215577
-3.230569831845209
-4.764517373766413
-4.79027519967687
-4.820434974837579
-4.696218744269141
-3.222851563991477
-1.659691562370314
-0.2345353260097197
0.7634170393884578
2.230705385050151
1.242369914344806
0.7235352684727248
1.2988192004061894
0.9769786644655081
2.74526365151378
1.4845916564956747
-0.8271993582323005
-1.5689594341893944
-3.1479155338859344
-3.9111603277326896
-3.1428229859137295
-4.255911900872832
-5.264239112487943
-7.623475937730108
-7.971523463975076
-7.279671875084382
-5.7938260558678225
-4.281360632199135
-4.265599617144861
-3.297615547368186
-1.7143652915085554
-0.4150729842196685
-0.044347285222345656
0.5397116324005754
0.7035554686901014
0.09133352312725507
0.5273249350553789
0.5661321177660977
-0.07865219033633708
-1.6488188157009729
-2.1960792581660553
-1.2123125923698472
-1.3097278470242812
-2.6741632824434363
-2.7567145992446207
-1.5476274824703684
-1.0176591216711408
-0.8076437330648559
1.866424824061184
1.266466516236375
3.5895881385149524
2.6774890645422404
2.813539435959683
3.8463973784955776
3.4483529279371785
2.7422917697330345
2.8662615545526835
3.665002626536455
3.2716006426789392
0.9068325403564965
0.8962928117959033
1.8874917034923766
1.1324850411230265
0.07337883263418554
-1.5097941352954543
-1.5915744479771328
0.18296942212544365
1.6701175388078058
4.073394817533529
3.400073406684783
2.7579297819079556
3.887986068960912
5.465495009233663
7.823854480745438
7.677820475500885
5.327362401317259
4.382495238100886
3.6779666360636125
2.8566776362844117
1.4243830304879752
0.04718296376789982
-0.8003872629319778
-1.764819973753572
-3.83279554940267
-2.9048761268070957
-1.7999842856171688
-1.3098733454795728
-1.6542965353822323
-0.29879890352685645
0.5443954057655858
0.9949838792179762
0.9284791105396538
0.6295133764971622
2.0713644191043743
2.843710546752158
1.4471284748175735
2.8404056541240097
2.3517111964820785
-0.3753412414796997
-1.7253907370381723
-3.24015843462518
-4.215523618601406
-5.9215088175257335
-6.078053144034842
-4.752062502976699
-5.165201283614065
-4.5375121522279205
-3.2868694940925356
-0.6479929924044874
-0.48451541755320293
-1.181185243437111
2.029663689817178
2.364327213262236
2.659527024765134
2.7392941627986374
1.319438986164192
2.2055417381373594
1.6251364568001674
0.22868312694694365
-1.5160157084887627
-2.509645586510888
-3.1854796838329213
-3.294531499096519
-2.9925308060341766
-3.583828860552093
-4.185632101424211
-4.343126839187157
-2.7989491260747608
0.011235354884586046
1.0588578884672593
3.0376199881103076
4.675161777880309
5.110084316328585
5.129480704907227
3.189705991049988
2.4274785732264723
1.9670142784856448
2.028880820152436
0.17121731322852463
-0.7421751288610726
-1.6133990213677787
-3.219548174548563
-4.124894732611967
-4.957885065914895
-4.9210883898758455
-5.687027701944749
-3.6212284630468794
-2.980402815286248
-1.4077652043576718
-3.4203577771060933
-1.7070221348434451
-1.4500832901932013
1.8461328326003672
0.8794967332649877
-0.1820879436514632
0.09520799749097558
-0.4575699080557747
-1.403914503496682
-1.9168677465058606
-3.1127827427358374
-2.441386283950224
-1.8312523928333393
-1.9443930360023844
-0.8700524849780737
-1.5389445962678003
-1.1563739936945705
1.3589536988755049
0.5449330603655238
0.5675111246766065
1.282317291808364
1.9293371330809688
2.2448843961338714
4.823362285028161
3.4939883963741436
4.556862146164233
4.18991296648482
4.466438273337468
4.033346982678542
2.489224413120299
1.1224143934430442
0.9851102454513725
-0.12190419873405334
-2.6517382335216757
-2.9139182514861752
-3.16618391405326
-3.0240973090461694
-0.7448857862985636
0.7721285155720724
-0.4118122727320628
0.03225377370242988
0.7589646360645881
1.7034619983041228
1.6792687991917714
3.403052448127701
3.191927874756068
2.3217185892801617
2.6415412858928224
1.3486273084107425
0.5793308129590777
-0.9119114994687869
-2.7731728205122987
-2.5425812776271193
-1.8138591773029726
-1.1225343334170006
-1.6302590567567936
-1.0564913629913089
0.05168216323520225
0.51038390606303
1.07925459493167
1.5909124870591427
1.9279217820246934
2.820549434800936
2.949865830517281
3.693263056453762
3.6387759921613587
4.433187566352036
2.2189176576831517
1.661491897708357
-0.20147997137730644
-0.9020214736057999
-3.722857088402176
-3.2915864789799247
-2.7190478481603435
-2.4966056823053466
-2.3053995496538873
-0.8991366929678464
-1.4755625789618294
0.3769439393580536
0.6506453873266643
3.959313521468606
4.225472969642857
4.442041915690944
5.399758737375556
6.965503887279163
6.577630920434413
6.9485693242903075
4.445870765763162
1.9739721849478051
1.1099459971120769
-0.1528819611179728
0.4940316371879028
-2.8077905989329324
-2.5550614286436306
-3.9916125608922632
-4.510324978751793
-4.0306840534944905
-1.940770860899323
0.7507160753699187
2.8510251510459863
2.228858038576201
2.2432602551413936
3.433741859226279
4.465579823490987
5.782696963425648
6.441536615402142
6.376127151546163
4.079994633620427
4.767117805551906
3.594488285305631
3.1048619119243277
1.1522338420210354
-0.5908370673908976
-1.4258669314123702
-2.124378005566643
-3.016770172655346
-4.742852450499262
-3.2744486440196656
-2.6311839950079965
-1.3269074675793973
-1.996789608514723
-0.43412617202980425
1.3074717389226986
3.521716361272161
3.6592365943561562
4.399341447669273
3.509510614333237
2.4746380165868347
2.093701917736974
2.2601625141773134
0.3092624898288402
-0.8049697282021775
-1.0259952801129337
-1.485382654733286
-1.404957181521286
-2.464718486209687
-2.1299591613068167
1.5207231894837099
3.037859387631218
4.162917712478861
3.7952566499248466
3.3346695150475147
4.661784808770588
4.464603884996442
5.032643454117743
4.474867216531136
4.2714209877825065
4.384226831351877
3.646175778968386
3.9599037260206327
1.3216127453577189
-0.17289726585019122
-0.7985680455823323
-1.2956848423092315
-1.3000507171631341
-1.4312281132932296
-0.855855162306943
2.7186629651172587
1.585741558552059
2.600163423008719
2.7710513026006325
3.603591864220591
3.6972418156275983
2.4535105903600476
1.993082137078737
1.245461233247132
-0.3165914960276507
0.09883967056289078
-2.394113989056789
-2.7054383701384883
-2.38891890386226
-2.3927857408283684
-2.8815323578679277
-2.3754545590198126
-2.0784178586979944
-1.466322587471867
0.18924780457413637
-0.20464557135745087
0.9462472469927085
0.22770460130837167
1.1298798448162073
2.511649159271025
2.953716179627506
3.4925791464247817
3.1441431572729446
3.248003035742207
2.850587866640341
2.372036643360714
2.057072659864913
1.6582339272418656
0.5471079706563364
-0.03988567438662183
-1.3980228225572153
-1.4107721880193287
-1.4794742693630762
-1.6575440110014776
-2.548827328577948
-1.6114473617761513
-0.05186715899158667
0.5832582623855
0.6723182005372692
1.8631682749332872
2.8313851013540745
3.33686989841287
4.571458559603412
5.008660936360757
3.7359131813262842
3.2486488820347654
2.5919161032772084
1.5299294385223332
0.6124458208314271
-0.48688739944132253
-0.3950620157984367
-0.7518698360129024
-1.7837460338510756
-0.5406478962063666
-1.2593585456250167
-0.9286349714312859
-0.28198239183018897
0.45430166653278925
0.6836753228670365
3.33144923282551
3.862075790927816
2.487118988535838
2.5375634969068557
2.1167858942784834
1.645022562610792
1.1135666409532046
0.7536408763339211
-1.0504643064168269
-3.4335550224076354
-1.6366304016159816
-2.397757256282157
-3.4806715946366737
-4.012018029433784
-5.113267909912059
-5.315471877803673
-1.627019033975167
-0.8521929840408983
0.538192260864699
0.7759697499161499
0.9995420087850341
-1.4475382307942701
-1.603020744102409
-1.5981394761093317
-0.24699575006035857
-1.8478504797769673
-1.5270168564533138
-0.6168388602741683
-2.0457345960585416
-2.5141301811884404
-2.507523668300981
-3.745325973954707
-4.515531158847446
-5.1643428265456714
-6.087093631075077
-5.155205879246352
-3.5058800827207706
-2.3464221089663213
-0.3717246089844517
1.784740962302747
2.8381540054009147
3.371298835289145
3.843129031320271
2.233023125096776
2.738495980839636
4.148900858993798
2.7258907358158324
4.05295709722553
2.5359442649152397
0.4534377634823077
-1.6554697172299822
-0.8264899985781347
-1.7755804625039349
-1.2185457735735885
-0.10070240935146835
0.8741279985315543
1.6190982358152652
3.3936303666841887
4.054286550449795
4.514085520460224
6.357862242260426
6.530571482990423
7.553080128351437
6.976547352381893
6.243737190379616
5.3326840470008925
5.356765281119478
5.7770154219351
3.843852445615912
2.0722329561522264
-1.8230086770545624
-2.7147730172973463
-3.0462568783680632
-4.210012774602491
-3.6700082168478962
-1.8636438740283428
0.6814327053987177
1.0129049481235401
2.0220318925365257
1.8242462682830602
1.8903558990256197
1.4838063776104
1.1339830388403
2.3179569093598573
4.256754151414631
3.808675575291407
3.3784712440446434
0.879936006650464
-0.8746097289812297
-2.5044171119625895
-3.3173746031179268
-2.803537072090519
-4.307719151471071
-2.8390442908563713
-2.9348287611617883
-2.9914146929506713
-4.056891536803775
-3.3985088135087844
-2.2952558976374933
-2.3170901254465313
-0.4724641285410638
0.44483350817997064
1.78516521110887
1.175437341094681
1.5261206089634705
0.8445949066770331
1.4752703066516366
0.6164502755258657
0.7421723478083515
0.02309967642038424
-2.1164590402147505
-3.697635385818595
-3.9961031161321987
-4.126917566547901
-5.010109788811867
-4.464649927944422
-3.315988455863354
-3.4418861342212317
-1.3947452550256019
-1.1333600996527133
0.3396181414465394
0.767109115004273
0.041325728276115914
0.9656632085854512
0.4455192627821256
0.6748294209987115
0.5751379503975458
-0.027111815118503996
-1.283491480389975
-2.6422616514725514
-3.078844106672038
-3.172718923863604
-2.7610066209240087
-1.685925157504833
-0.8690519458913806
-2.9438432413091107
-3.022416142416339
-2.2754831610197574
-0.46957743023663423
0.9307099119103737
2.251900572176446
3.041236875134364
3.836062883065381
3.60553239088263
3.870385286047751
