0.0
-0.9084814327806611
-1.3541669622410772
-1.6302100442610081
0.5505033442611227
0.08331640511529836
0.5641244074007484
-0.3097010536757676
-0.3558375200680399
-0.8870985892491101
-1.637209087561677
-1.5884632572378448
-1.7867631651605829
-0.6896187236966469
-0.03384862394614674
0.8316031055986639
1.5757022533092946
1.6194311354793578
3.1234315656519707
4.21973338490059
5.339384543342575
5.839623022149365
7.5476046577549525
6.252454931166507
6.595413989830827
7.001577454038987
5.300373024516377
4.041049555113816
4.219856396599214
4.831513573161215
4.7369462405909815
5.034658478660086
4.699642992907596
4.133828493123365
3.0857659455881117
1.523697549486781
1.9055167935250763
0.7234586188886716
-0.30265047629524244
-0.4990605559173533
0.5181711761278008
0.3503242839290312
0.495837753175129
-1.1805980019665037
-1.6739261149873856
-1.538831974209583
-0.7940253171283351
-0.39326993042752956
-0.533506688053279
-0.6217032549975908
0.07460383105598323
-1.7385392733243896
-0.29074264280801443
-0.42150239973670045
-1.5955081047190145
-1.3179156264367977
-1.2866420373877152
-0.1427213440568198
-0.20845293020656605
-0.3786233460735813
-1.1810167229553046
-0.36356823193912813
-0.49704979932343696
-0.5244116710022487
-0.9178181045022762
0.28192035359101475
0.3636771017891951
-0.4659689878355326
-0.9972538256207009
-3.0565825046719572
-2.1873914757148496
-1.6030992131079773
-0.4221065563781199
-0.17222550168143475
-0.09152785069845343
1.1233117595071598
-0.3119612721347602
1.0767694924827413
-0.40906846592807244
-0.6612485037582236
-1.1266640724272912
-2.171864203556316
-1.2285643967233426
-1.6739935756389122
-0.4737954957026653
1.0860791181173015
1.0414365966073365
0.6204273570374566
1.7638211762999123
0.9683446954661784
1.4170508720818105
2.2510713196322665
1.692931665009115
2.557803658642242
0.817240216019631
0.6867899966053008
1.4483751042644535
0.27340199458450254
0.20875315311852927
-1.053231699582865
-0.9375876337882757
-0.4845312630039699
-1.9532403415301984
-2.529204992170158
-1.94761007395715
-1.5642759215953816
-0.9941999216780097
-0.7163647051773214
-2.116259601775432
-0.9744851601016122
-0.935640572193765
-1.6992148904474411
-1.3829369928746778
-0.5013616599649882
-0.09997971066085737
0.2090492717290798
1.880578384428763
2.326509733793108
2.012322455903846
3.1006699888996674
2.7348810189400905
2.782238948463884
1.788557821569676
2.078144198755949
1.7995647637741772
2.1316314698101593
1.0235076908269853
1.7084824822258609
0.32173526131738805
0.7605481547409625
0.4514538184434409
1.2684759782598687
1.1334834856620803
1.6649358745124765
0.30651468352633415
-0.4570407957876984
-2.1734202605985256
-0.7960429129132629
0.029826583195364353
-0.8987960542008471
-0.7959918284033539
-0.6344334937547232
1.2362407738813392
0.11010080814685497
-0.778319188580302
-1.3809719470333774
-2.2574472449593017
-3.0710990047734974
-2.073404853173016
-2.31704717915383
-1.9053409519297728
-0.6078233116810887
-0.9572186732527064
-1.1270676011688685
0.45683581790794925
0.63172046749123
-1.496350337427612
-1.589864540632219
-0.675793262884212
-1.343211760109236
-1.7810534210306597
-2.048377753991893
-2.674474903921454
-1.6427241042991774
-0.6005940900408284
0.14698512528380037
1.1628731724927466
1.7319438653681951
2.423320087980749
1.1784905336946
0.8642680384471745
-1.7678606804130137
-2.018040313310307
-1.7808141337711678
0.616885305634628
0.2168242158934085
1.1683222496037677
0.8776861426044164
0.8598041763169529
0.7529934282826126
1.0360178331321193
-0.6426219606115824
-1.1432195644053535
0.26889235764446084
0.27167337590344126
1.5023670186856806
2.825360315096056
1.769036703568911
0.988436143800169
2.429162290449594
2.296263678135586
1.7945825513831553
2.3333284708962805
-0.7599764388731152
-0.9826250730449131
-0.329372946275724
0.2515970437734766
-0.31298075826794264
0.2823476828166593
-0.7803825521773792
-0.6235110187260721
0.45857206142956297
-0.6763579716788912
0.031007499152440943
-0.7909203954609151
-1.5550419238752813
-0.3933940894606509
-1.2685806202297198
-1.2708411223680458
0.3236735603770473
-0.6334275673244347
-0.32455025141662563
-0.10551583213235485
0.0017449054764885757
-1.1070884111239228
0.07009632781641706
2.9544651072621195
0.9560999826889642
1.595925677711656
1.932857833794655
2.6165203091851037
1.3506909584532274
1.2373267151175595
2.09028131044701
1.4647811978065315
3.114291130826282
3.2566751486581333
3.314493846198395
3.396909285756046
4.548500842951291
4.618011018253915
4.160290142615764
1.9762095990988224
2.4967169836307086
2.1757434135067983
2.8734467003752457
3.0040321069306715
4.056183218774071
2.8314298203622292
2.009347487132477
0.9603568352411176
0.31011143975829847
-1.0519730886334677
-1.9586361473248024
-0.3900252620032516
-0.5405152189900112
1.8440922012760774
-0.2392831183711681
0.3634623006433956
-1.7655653312118007
-0.915456532993926
0.847357824533266
1.363517676382986
2.9758820341486736
2.9149435852195658
1.5532346334325362
0.49071548032674794
-0.4573507345283227
0.25343363434508526
-1.0222324503571698
-0.3118353259192057
-0.6647773878471562
-1.067776018228742
-0.823897270891228
0.051444832641586724
0.6725762438391876
1.3775226848386701
1.7257765162945589
1.4066222272324986
1.1705247874335798
0.48816112307074344
1.216960635376942
2.1871176206226455
1.2054203579960137
2.5419844408500314
1.086010051218025
1.4096547750896753
1.8144719252399821
1.4774298702130293
1.051342733387223
-1.5661709830109536
-1.3659466175471657
-1.5001987853184124
-1.3212864930128878
-2.512917304813847
-3.277109721663637
-3.0369077138706166
-1.8712174350668502
-0.40569885156814234
-0.45032555634844074
1.2402995418345237
0.8230479798929826
1.094044821664549
1.0159365657220618
1.0651710614351473
1.0130785230553083
-0.36256334947598867
0.02786458952626425
1.2136144289792483
2.141150112022851
2.1628281345499087
2.8823346487681216
0.9781819670952299
-0.6269223988508568
0.9158648933928316
-0.8629721180439922
-0.8288206890885425
-0.9269847394057328
-0.4595067258287944
-0.17360813265892094
-2.5298299130084074
-3.2808297785445184
-2.521237571181909
-3.492177534672584
-2.626324758571468
-2.5853074195005354
-2.1029508505710077
-1.3551290852084847
-1.5303701847585576
-3.056382799442793
-3.198051361039379
-4.018169108412335
-3.6102236672466734
-4.10676004281383
-3.477650902106622
-2.1077385396757533
-2.2745291085161754
-1.056112401499445
-1.8376870612583076
-0.033206366620256444
-0.8203444198415816
-2.6156526836500653
-2.1579032592048617
-3.6797689960205133
-3.700864701008313
-3.264340509866651
-3.8240761492816393
-4.846059759004485
-2.461859295390418
-1.3039819314235743
-0.5694765405816556
-1.5716023609011451
-0.3668147757512932
-0.4098362088382672
-0.7997708662637071
-1.7820422190984777
-2.1695130733323826
-1.406947974881962
-1.3137386368427426
-1.8148364386064766
-0.9264111686341531
-1.663439112979113
-0.07974900913158622
-0.04353376536523372
1.0971292991034212
0.6221746366638676
-0.09407360332675041
-0.8973546860976847
-1.7175990868427682
-3.9922971040613975
-5.464813983718642
-4.505364934764637
-4.914611951027485
-3.3542736788807717
-2.9087394170927374
-2.0952922255252786
-2.0850602585435483
-3.091752502743705
-2.401598753279618
-1.798817658282431
-3.359150768005261
-2.3634199651621706
-2.288622751329606
-2.5279162293163173
-2.3947061096752584
-3.6366567120388362
-2.910733525186374
-1.5801726140771362
-1.9240295645474939
-1.5050429901927203
-2.771553630059991
-4.198129760379659
-5.45740424241937
-4.390521556853302
-5.8887045534841835
-6.430814674087095
-6.594394228101586
-5.303540001952073
-5.126515654510504
-4.171492705879499
-2.802582974619355
-1.6271195427897607
-1.374581187761805
-2.7921295508113335
-2.4793656115091105
-2.7149190471265148
-2.397782098709963
-3.0321748724080977
-2.7560520168254308
-2.5284287848645
-1.247396159415122
-3.2188047346305395
-2.711432571619677
-2.493191479219992
-2.366378915560335
-3.444753949752062
-4.251407680180671
-4.894990471749248
-4.217608878268732
-3.721350388510186
-3.1947349490678234
-2.5447475053216193
-2.3336325353130083
-2.6754070572675093
-3.0994855640306556
-1.8776161769724469
-0.9930190343796538
-1.4482075214490635
-1.1699966902848473
-1.2931665718913716
-1.3495687790833533
-0.8758469622051998
0.38551590891759213
1.4792956388294436
1.769329052295263
1.9734969093043908
2.262567642878707
0.4779164421639699
0.9960775861431992
1.6250461824519669
2.536164866008056
0.2111963169499429
-1.010809740172396
-1.381082919819256
-0.18612878606355965
-0.6342059372121165
-0.17067285445736485
-1.6846654573621307
-0.4908247473379872
-0.5418380010450541
0.17200847172638556
-1.568602058379817
-0.8096902714371337
-1.1878145105976257
0.3377303591714602
0.9404057131877646
0.19056209485390196
-0.9248439908197923
-0.2063515658237809
0.4612436588909281
1.6811196830773532
1.9990596173189532
2.9446398144310715
1.600010351747028
0.27366515449644413
0.41404171411692403
-1.637806125790423
-0.04384471837199522
1.6938060040301122
0.2975754539972635
0.9861971986155635
1.6502780117626585
1.601899096793063
0.0015428597013351641
-0.15022782597907264
1.566421676114202
1.2112353726690008
-0.05128320815724896
1.6116597263379961
1.477986033573736
2.5841565121773042
2.0753315012470166
0.9338857803373048
2.1999773928015958
0.9503992703477635
1.058333424677944
1.9668158130076308
2.116164142921471
3.694412485802637
3.192647834756777
2.653625316474808
0.9695761753158956
1.427448885458407
0.3673368326747295
2.058105784218286
2.6451358291019167
0.45970238206930225
-1.2797108161750952
-0.815741121307547
-1.1506581027842424
-1.116273928079064
-0.5031093075753854
0.03358748571490422
0.3529082210198452
0.18690205146274982
1.193463838899684
-0.051473406714608316
0.4318898649189929
0.44902339330114915
0.1261342226244636
-0.11106207749349882
0.08523398412199004
0.6868955566275495
2.9458067576907436
2.250822930941721
3.5511772880669237
5.0219684595423
5.039003935675465
4.625475562633246
4.243624505424218
3.465153045867586
2.527130644039284
1.56604128796154
1.1653735325024386
0.8532273558853357
1.0039056553585974
1.1869534002456303
1.002837281386369
1.3286608875621118
0.9694130092999359
0.8658376384708467
1.7448456788895732
2.3950798267781663
2.4523039316194883
2.994261606430955
1.6050972442393157
0.7379168943591076
1.5555858929311928
1.5420137517254648
2.5359411044757123
1.8621441044328586
0.8261885376716163
-1.2215511728690913
-0.3466156868161644
-1.8888713188830342
-1.3702584855644533
-1.2014030101277202
-3.835229634227702
-2.731550925968171
-2.904138896399182
-3.459645153876654
-2.3361141325965273
-2.3192870591554455
-2.4239900309251334
-0.32045795418965306
1.201679839516658
-0.15722700797929967
-0.21599837393839283
-0.7883349619098661
-1.9050404136001222
-1.7267825506437275
