0.0
1.3163573247118194
-0.41201739718424
-2.083517392348953
-1.7899546009233651
-1.0522506744693487
-1.116047327544795
-0.3839107082620643
0.037496034866668304
-0.05675727064016117
-1.233675327259413
-0.8696239119968244
-2.1735419529218545
-0.7436946537925258
-0.630590961286774
-0.36511034981776863
0.2682388094274065
1.0708686482329086
1.1639219949939008
-2.0237784731585524
-2.631805852591286
-4.124253991237177
-5.600350924339486
-5.305365680279729
-3.92960339151358
-2.179155856857663
-0.5171650551573279
-0.3638894349014901
-0.011296826976326335
-0.009704003713976544
-0.6263410150194277
-0.5276391788541664
-0.6572684111228513
-2.3983523414123593
-2.776293659831254
-1.730411738902078
-2.28875636102818
-1.513190829552302
0.3247866970030757
-0.37745153355122624
-1.811988393108126
-2.461752384208813
-2.2061971864784735
-2.8689771851271937
-1.3692028542982186
-1.5746006794716543
-0.2013468344749818
0.04813072182569078
0.3377301009929856
1.3483916531611861
-0.5161301468394435
-1.0958319800353242
-1.2953104689073398
-1.2262129891626887
-0.24873919225824703
-0.6098366880952448
-0.23774362024183365
-2.2014035514661736
-3.239151227612818
-2.6263327543344053
-0.9146244412481066
-1.9273896835383928
-0.42457216283342847
-1.1778677045617707
-2.0826971851741107
1.0137170854574389
0.9596536927427307
-0.40905965970423397
1.4723247256360743
0.8177146796025327
1.4059872491230891
1.150279564845959
1.8509350187219797
1.6253304303272307
1.8622418060311685
0.6075865779951166
0.852019546381269
1.7805337390716218
0.4434899872367912
-0.28154297134383965
-0.564389119767296
-0.9693880565678912
0.7860829483854833
-0.5745994653803663
-1.1185428520921343
-0.6522402264625167
-0.11045283926403382
0.2749109257760858
0.9670304399498177
3.685184708301245
2.77979591128781
0.4331651177420519
0.4087903007837013
-0.2702439078248968
-1.1807374146909086
-1.4809799318430885
-1.8425249597983306
-3.3114220730560424
-2.6880063839404267
-2.9025626922600773
-2.0080804032052764
-0.6354778391793106
0.8398817773667794
0.9220262792591101
0.31962714198686604
1.995713279095237
0.6167870113183203
0.7763695197098374
0.2195352150369303
-0.9125995100735376
-0.15247965624778026
0.7133222683223869
0.10935263783410698
-0.08590304123276792
0.7452586259941979
0.37964017118911314
0.6712574373008897
0.15798295802241813
1.4277736285978668
0.6766719776597907
1.190201726934275
0.315530951725446
0.22987840885022087
0.2761573085840799
1.0762040289491566
-1.3607746354567756
-1.2930544338909493
-1.8836228313494154
-1.17973049494754
-2.738487641994408
-3.261311573755923
-3.3274569933824134
-1.857036628149367
-2.116927628831844
-3.1078924268396237
-4.741739279378931
-5.01232313269911
-4.972661979998447
-3.6111077784916867
-2.59101210845688
-1.2831663658070178
-2.738069035500855
-1.2963839671716593
-1.467584428552399
-1.953943333021813
-2.0565452970063984
-1.6980597455539124
-1.0351837225480593
-1.031734427207957
0.017947230369725675
0.1999115080675829
1.6794543032415328
2.582550245514315
3.1941777552864385
3.882148456101852
3.94141421680973
1.5911705061067678
0.2244567305807934
0.9088030518733101
-0.5489698068584028
0.10400723553005775
-1.0619777701910988
-0.49211708564733553
-1.244643589226134
-1.9080232719967483
-1.8671599006677186
-2.316596215033469
-1.1179363720378657
-2.6103648038930993
-1.6639241401971367
-1.0280531547415315
-0.2195542953471611
1.5768569292156176
1.88385237626555
2.0493363783489507
2.139932811299044
1.7711201902205007
2.236971128604822
1.3479960089258345
1.6244195214904091
3.136806019737208
1.899300936495099
1.4069001476698726
1.9773074612726385
1.121711569088701
0.2632530480498826
0.14336557238031136
2.394705940439437
0.9680821696053346
1.503004588241299
0.9754336288009732
0.23388975645583776
-1.5912466978656243
-0.48888872145507245
0.5661045541978003
-2.1781518232515094
-3.416618936863906
-3.3084697865023194
-1.3905826287519583
-0.8651276224023718
-1.1075559354263484
-1.6135334903955276
-0.42007726994459427
-1.0980338779404588
0.01004128652637748
2.667159629755378
2.899823373854734
2.2818366028265595
3.7712683735909382
2.2029408051734904
2.074367494514005
2.37213584158528
2.1429073222114248
0.23278755144791496
-0.025200963759923006
-1.4463236922625025
-1.190462847517072
-0.743299757451632
-2.357278827715809
-1.9034023608791186
-1.0210193096149385
0.31640417361756434
1.7298887619994696
2.152994587586393
0.8776599031267374
0.1581005993782829
0.02022550841808113
-0.38225701618014396
0.5252064320145534
0.342486194941505
1.9377997177150714
1.8823292685661006
2.1120367258318367
3.4904993395164627
4.210685925958408
3.8729497795247414
4.429972044997845
3.980196502714171
2.637463071132584
2.3210507024713953
3.78030491944458
2.3749118516827816
2.5630680473191303
2.4630275086953044
0.47424916029321906
1.872135307649782
0.8237385118497133
0.07987965861612278
0.9048658720100005
1.253749596520688
1.7365264110385779
0.8750664240570539
0.49834800647404587
0.4005711150812008
0.0040779952372580475
-1.2612911188513722
-0.3402459633797432
1.29166048748578
1.1663173493484968
1.785107152270001
4.660738949915256
5.134128965423882
4.780515075269426
5.939840013883206
6.417099702171362
5.830576532650884
6.950874562127774
4.308491416699479
2.918925232356334
3.5378728147072205
2.0206687833165162
2.47371359793527
0.8310918012290991
0.5252169753751109
0.9057573647990611
0.9987610653005105
0.33355465741991563
-0.2831241691751998
-0.1565288527113101
0.291167006805122
1.2750195823517991
0.9258549351882721
0.0758409674240228
1.7661120410779425
2.171392173348542
1.8736022951936468
1.337285292050461
0.005273826470725496
-0.009749214880547936
-1.5569408555676512
-1.1439262635532221
-0.13869199395814724
-0.8637459999898356
-1.015058773308874
-0.39441025331157076
0.6478607408695858
-0.7060490283878883
-0.4290309502625537
-2.886649326016913
-3.419246444852058
-4.2266706770303735
-2.5503755380115622
-4.53241014700068
-4.904090506577959
-4.592104708664319
-4.777229493444147
-1.3202668319576905
-2.8468263893175427
-2.9643702571677846
-3.950297664998044
-4.607494915140242
-2.5140584725701274
-2.665618837140948
-3.6738468025171622
-4.43788521417728
-3.7229924397902163
-3.5811615079178654
-3.5714296593415336
-4.044630507274877
-3.0228959848578985
-2.709340600872562
-0.8203280297490672
-0.37604785311228317
0.26595333195681325
-0.7147595075294757
-1.7002893531605232
-0.9416488869209834
-1.9199483389666643
-1.233171717227519
-0.3124587268494857
-1.0159901791123345
-0.5976285448292034
-1.0755120780558671
-0.9726754749537414
-3.077539709458896
-2.7783637664311454
-3.331101811417936
-2.2305451429753393
-1.9587473241320084
-3.044151596040801
-3.365287376644009
-3.6981109446362392
-1.2283119527843134
-1.2614052751241729
0.09048798170548888
0.5823902259422888
0.6994107668123062
0.15260532385338715
0.044165101071180865
-0.4556803070528301
-1.9172283241321897
-1.0233585330545543
-0.15181035932892006
0.4131068532020753
1.0223106856002366
2.4694505038010677
2.4541648836432066
1.7961156883927698
2.182600923615409
1.4596994842130306
-0.2675052380068599
0.36500436710157347
0.2871464397344575
0.06914041401825963
0.045847029364225855
-0.575726279802822
0.23100029612974404
-0.08098633080481091
-0.657704840743572
-0.5087761435373356
0.7227572811412872
-0.0003477721190557892
-1.1230115722953167
-0.8536605875559832
-0.5866489000438764
-1.9652635168914592
-2.4622959334357892
-2.0251608085466133
-2.3633226780723207
-1.5901693938762147
-1.568808779235264
-0.5799376818857951
-1.9401825149695888
-2.2445876100761404
-4.027223072300203
-3.4784611963383787
-3.0904450712408575
-3.2502243662461483
-3.9028089091217533
-4.376637823261397
-4.193158862824
-3.5338506408186405
-3.035262451694655
-1.6094563827464659
-1.4500016442390233
-1.5332317296135365
-3.3127422169505745
-4.177616430592186
-3.3104568920541526
-4.087703392202545
-5.689858913070692
-4.019454034761805
-5.744589843398787
-5.9536848636379
-6.247555376751609
-6.338432046662777
-4.499887682541205
-3.450957384229965
-3.3336295193534373
-2.5695519824578925
-2.5071410902078424
-1.9450120581930657
-2.0824588427846336
-1.6520406563920904
-0.8181009029734762
-0.9250754076338326
-1.8298250732714871
0.34860402501790877
-0.5417132946521358
0.9003156514854287
1.4128227502119806
0.4261588260038004
-1.067770191422789
0.05601562596803389
0.7406367502716359
0.6159396284023342
0.23736694742026265
0.5687320188194323
0.6650726486249284
-0.2374858539352187
-0.8717283825613193
0.01425670138266888
0.6506646684802911
0.7635665052541007
2.724783026208647
2.2734021761603014
1.4843149300703873
2.556398881892054
2.7767179660921117
2.3473303586311487
0.44412811589575285
-0.24799670714084443
0.8724657908548759
0.5674606355230397
1.0669468766954973
0.28762153795150214
-0.5351354839942919
-0.6553428394040034
0.6535519288637062
0.17389219228397296
0.31631714732245564
0.3001140575639879
0.9946240730615088
0.6444720470553806
1.1371527485554431
1.517484342193506
0.6700365969717602
0.7515876770914238
0.12611049718559075
1.0019882959337643
1.7641846057082564
1.4091217516179522
1.7859958438452712
-0.04254287539298218
-0.9478230610921121
-2.3156444021414853
-2.5950735341356106
-4.611186556785876
-3.4035545495980752
-1.6647012660822424
-1.2035647615907745
-0.454132563832898
-1.8976697151196937
-2.41179400579918
-2.473984574802449
-2.865608204693224
-1.36679114752805
-1.6052006915568313
-1.4099422199944236
-3.821038568686149
-4.106426414999209
-1.5741141511621768
-1.8940874486518515
-1.2636645058690203
-0.5882511732949601
-1.8696964895570078
-2.3064474242405932
-1.742654555922284
-2.5610318438075703
-2.1659586691081225
-2.5938574700138077
-0.5459345659300829
-0.25522633779745363
-0.3112059531104535
1.0742565723469082
1.849082134665079
0.8176776116358246
0.07540779414707177
1.9416160048194626
1.6141081083808533
-0.13570505996977178
1.5749220238297768
2.3692100751435605
2.328822057349012
2.398998305269572
3.7188556599596216
2.9771411897230093
3.900984224149527
4.109640650782477
4.2257151890402636
3.188266861390945
2.4644796985489643
3.3966910931512713
2.9202425072640925
3.372176653464699
3.1259317702692027
3.194821804414767
2.295387274757241
0.6685707047961251
-0.45390309053061717
-1.7738788353559394
-1.6899333722011076
-3.055357888237557
-2.8855356031559034
-3.2641207366165923
-3.830143610318606
-2.533291960986031
-2.874928470159096
-1.8250765687292394
-3.068071497524043
-3.48240725881033
-4.160435789326444
-4.471067017167624
-5.026864409417665
-4.177164239858259
-2.2528329118049166
-0.48903324899141776
-0.6701482100712624
-0.07073923966537965
-0.5676625022534285
-0.1905620373267266
-0.8264252454014768
-0.4432059717196892
-1.1949274424609708
-0.525312361722807
0.194889047166652
0.9521981477295001
0.3898584386660293
-1.4859574716013082
-1.3940883662567218
-0.7987771163797337
