0.0
-0.32312335207581294
-0.011347452401512303
1.618806788027922
0.2235504057178741
0.06695829902717979
-1.6321486777154839
-1.5095001369416001
-0.13816422093405212
-0.40369628727150836
-0.3277331716425134
-2.1476240974012697
-1.7900254046258959
-1.1876389375692205
-0.22706119232580346
0.48955602453447367
-0.3170396784975504
-0.8968930111884815
-2.0459533348592145
-2.127088136912515
-2.026747716779397
-3.517371906895237
-3.8671862477624708
-5.248922445126497
-5.4856304243964775
-6.179529860422318
-6.950702182170962
-6.960987406364549
-6.078676506822651
-4.681122320041217
-3.042883796479461
-3.4812212903385302
-1.0300874157598803
-1.421835002549653
-1.9710870097875213
-1.767062758161704
-0.3508884758604849
-0.8733123320301062
0.8946012019095341
-1.0633578315023415
-0.0070234601435419375
-1.2285930048701106
-0.7943241252519414
-0.6743743818695109
-1.7148890135454922
-1.1740374015070314
-2.253707939558148
-1.4183830506128168
-0.44608082341628996
-0.9533943207935381
-2.167775634544884
1.1122696862579775
1.3247722120991778
0.8976081771618539
0.957908583311018
0.7224465777405162
3.6559453420835726
4.353881083212737
2.8449173217543637
3.799398165648754
5.19591475213822
4.633530724817174
6.452673015133658
6.396460058355981
4.659358145886195
4.867746903937611
2.798936230764082
2.3296740046081315
1.897968782906221
2.4837371292385235
2.9774938560930804
3.690323519774489
5.332046804182516
3.8710845241912635
2.2851762956618584
1.8765377252627238
2.5086907603324535
1.0876654484608625
0.48643402027530047
0.36273509481050914
-1.014495771914473
-0.7714882304631596
2.229532028729243
2.573360046564976
2.783892825552983
1.2698131558309176
1.8684852997264265
1.7897935674663443
1.5614791168036024
-0.1710681983956166
0.3727290221504467
0.5477645788770349
1.8986013999328235
2.6758751707711337
3.9445874476382365
2.8454033364829625
3.028149719043642
3.73026880811807
3.368793122395623
3.4423942951603785
3.88842234401262
3.736156016287283
3.3161349717569735
2.7634038809632933
4.034542335200648
2.137579548841409
1.2360888175630946
0.6538161332796855
-0.7304755168219894
-1.1407573383328515
-1.7572167324099555
-2.2118516222191946
-2.8960636442283123
-0.5627548355028744
-1.6603567479747534
-1.9358484534231706
-1.7098937966218608
-1.7380546500569007
-2.104660340337402
-1.7456652352929496
-0.9321159589133071
-3.1737768115113085
-4.135491973019595
-2.9836922569112114
-2.3828539035973786
-1.5130897394841694
0.3834915597781432
2.7054915454863897
3.4254419387229684
3.5351792482370197
6.069269710070679
5.9681898926229735
5.759844595153362
5.443203901494564
5.160484891432975
4.407757079021578
4.483550113019133
3.7801067510974473
3.5308002865577546
3.5510865413367956
3.373161366253634
3.653735750617802
2.375637995656254
1.5501866592430025
2.2782168353180037
2.391153272081085
2.8611776219528937
3.346633000285822
2.711687277030416
1.336422975614864
1.8185388233945257
1.6483277248711528
1.1874912064533212
1.4225841521903846
0.9745693932387924
0.8977948838793341
1.4156246558866243
-0.5677047814229927
-0.5380386424575501
-1.1644693712004763
-0.46156291518662507
-1.1581343553185248
-0.5728566515615497
0.8357057468591359
-0.9745943805585067
-3.181342791674871
-1.9880190887212534
-2.817505900902388
-2.554428785170494
-3.09484748816552
-1.3919981609399845
-1.0856400419230066
-1.3334423986841881
-1.1763699225366258
-2.167442875073254
-0.4667552740811747
0.7017012058795796
-0.07551256032854436
-0.22420767047477733
-0.8753453553584897
-0.5843415598566293
-1.3190625996062357
-0.89848392007621
-0.46335490372585175
-1.248021161869225
-0.6265553600343964
-0.6347937941059673
-0.1108517741576302
0.9965827933665
1.480761594475989
0.9207729711059798
-0.1622999053150832
0.020794765302973667
-0.5792962623761991
-0.5605206060203313
-0.23274954564169992
-1.7973540817294744
0.33097678094844674
0.7410528898955157
-1.648193223419225
-2.8505536740436677
-0.892350578114345
-1.6910122403046493
-2.238159231943338
-2.3204887496708033
-1.080300622539052
-1.773432694457177
-0.6297888519883952
-2.2150788816929583
-1.7650847137517631
-1.8886394862019804
-1.2253074360385101
-1.2317171360380357
-0.6066989784645785
0.8887827192350372
1.3103923551631724
0.19514729252243057
0.014529838640825438
-0.5474357879333352
1.6445910191923752
0.42040162488667887
-0.03578967511099773
0.9852794938788507
2.086917096677727
1.7419247435678764
3.2129170049852274
2.577814893197536
1.6681219303127945
2.5382654789413945
3.3477291753865277
3.4585485075555806
3.933510184761886
3.950205869816681
3.1380144473502014
4.821586786977353
5.140202691480755
4.915069797896636
5.440837495238426
4.6806721239751585
4.902377315548399
6.137529123264951
6.1992434726909025
5.482739033283575
2.5493252932446393
2.3911057354550005
2.775921119378305
4.900311662303132
3.4779674464951884
1.4214928274513188
0.8793576357760594
0.7494274516503345
3.0257837457566628
2.325104567310079
1.8619932465288613
1.9775393397176635
3.545710198231043
3.5279159085073024
2.197162291698846
1.010645335803929
2.1654643885028406
1.6847178557252014
0.9157667820617055
1.5277572266806156
0.4295390225177623
0.04155686896521227
-0.45258526913159164
-1.326247695205076
-2.2339852255748625
-2.5265425260213
-1.811957718210861
0.5750809967344104
1.5529031585628181
0.45634313220215894
1.9622035016887454
1.0818501610394988
0.4211740076592865
-1.5854402963085579
-1.2769290256912154
-1.8929494247022198
-3.305411706773612
-2.175726550893034
-0.5150745298168868
-1.77031547002743
-2.015459018517934
-2.061146308327509
-3.23175971827182
-2.4416720526169318
-2.8310941995078167
-2.9585588572946486
-2.6448421390829715
-1.864766262611416
-3.6497837933160633
-4.01683476787443
-4.730787802960826
-3.8658801730692303
-3.726359540514034
-4.629494789875206
-4.395417880264958
-3.544436490965081
-1.7057492072300253
0.11309206111933245
-0.6662467701006318
-0.21166208258693947
0.5509064565364561
-1.001808805331326
-1.226097168365475
-1.7507008019889083
-1.3597737370431735
-1.0604517263894346
-0.5961352848190156
0.5240398585809913
-0.9424513704783314
0.20664232543061878
1.5116259478931169
0.5347909645716926
0.9872592146740959
2.2630789982264496
0.4058000786503355
0.8745209453642795
0.34990181642479345
-0.28303277599473564
-0.16881474222460272
-0.5913484093589129
0.5308800732054838
-0.5601235557724114
-0.9504643846635312
-0.3110477681763777
-0.13138551360119813
1.223912506625928
2.049160881790729
1.9622496871570636
2.6080216140387753
0.9859117046589019
1.8265128681479066
0.5693905147716702
-0.04203194337469485
1.3511022598490157
2.360589372847243
3.246561392096355
4.968229409469739
4.839557589315958
4.514951133111887
4.1039805176586714
3.1812155623837057
2.4374217635628117
2.240817719613026
3.2020929538815386
3.4825224822705776
4.099744082851462
4.115705504984619
5.1467727062951205
5.279624295894009
4.065928819401798
3.11189618188404
4.661584567423889
5.432305073411885
4.334269099018405
3.5093556104881154
2.8815119185863964
2.994783714580039
3.4970085920026905
3.868387812937756
2.9452612409178074
2.766129449719182
1.97704376298256
1.5383865328098107
0.8591022368873453
-0.047218481603952034
0.14000884967436522
1.0087116426220941
-0.9709514422776029
0.7150772606079718
-0.020974831916527048
0.2864858658769861
0.12778490577271542
-0.8320775618400189
-0.23803927637827904
-0.9593468051761909
-1.5353145507798502
-2.51347104331741
-1.7032986719518584
-2.0541472319909806
-3.3171207323937058
-2.971849708453325
-2.101804296775314
-1.3627139091867972
-1.0274515005476512
-0.8152517581587913
0.06069549279895525
-0.34834121041929905
-0.21649434829549488
-1.4252661743212167
1.2265432292100436
1.5344495156317564
-0.8103315075610233
-0.618415199972324
0.30678795161632544
2.4572598396538186
1.0705912543958984
1.80866187465785
2.4455347400548355
1.7326757285396797
1.6893943872026764
2.5758106502190263
2.4535664996953863
2.281874910014195
1.9182406390671531
0.22456203437205313
-1.428304935950733
-1.240209100501915
-0.5396346329412017
0.41229907484506945
0.970858615028487
0.999949370073248
1.0774936117891407
2.1047887887250667
3.8626047417110434
6.389594684565179
6.2367762802357625
4.857292123708728
3.737662552412681
2.6338341576053383
3.0426712105806644
2.329836542614279
1.3305218397284126
0.8321224090684529
-0.8091060733367181
-0.1508128561154467
-0.4997034056823151
-2.1081588771783393
-1.4843464013794667
-1.7411415214950436
-0.514184349278322
-1.7679367208921373
-3.4175577153870202
-2.5814983253381154
-2.8059434623295925
-2.928194938547514
-1.7711118497297165
-0.212940300842559
0.36549614689791415
0.4926210170102515
1.4418338855807096
1.9514460327133747
1.8245038239681342
0.6419244590847564
0.994104029111429
2.035502251430353
1.4907702941427803
0.6612908341528371
0.11418424297480378
-0.44678093305807187
0.049101290328250446
0.6777495744317611
2.0387490016633487
1.0851322448252128
0.20891961080800314
-0.19427105134347522
-0.7792147116679042
-0.25211036952762894
-1.5307177984304474
-1.3378472226855649
-1.3874597987242436
-1.0779498277868984
-1.9040242266559146
-2.5334985912295527
-2.3101627925371906
-0.9588792441187302
-0.9250589841519835
-1.3657267253709096
-0.5137783907036833
-0.9549317694603531
-2.475051305013354
-1.85210554066999
0.36067931656314567
0.13292930435893596
1.4641315702352715
0.6110284546772158
0.5917125815782234
-0.41854886519725654
-0.27972549156990834
0.9420598555651429
-0.7537109217881972
-1.6169257956082157
-1.5692222447791158
0.15984559509721685
0.8645065523201612
1.5900090874675987
1.7585477456509608
2.006922653908406
1.081619447589166
2.4194351513250805
4.070919763463555
2.6873192095039595
2.370523079255035
1.5724852266666791
2.4344807648548765
1.1616308864448193
-0.3624206853429355
-0.07061495313937277
0.9386870817063867
1.5314864203643
0.1389878594373175
0.24139831340598017
0.7231218232705892
1.2138276780741895
2.243199338851514
1.7765190278432619
2.5131383030713246
2.841738523134921
3.037905541086455
2.9791300938358622
2.0379578578467634
1.6723301430479036
1.2934627106634928
1.7608757315261672
1.2685921341581121
4.4092261410886024
3.668024415569237
3.01285250852936
3.1513359495759152
1.5155755483169593
-1.1366070428876442
-0.21526481399358577
-1.238690526351792
0.06239076811194044
0.5568291304988866
-0.62650778382374
-2.0827469331758746
-3.025105613103193
-2.7357349418703496
-3.365320142688598
-0.5814061836268278
-0.2279950950884041
-3.7785958921218485
-1.7764931143701226
-1.807465435760709
-1.7900888375735649
-0.7512101830238703
1.189785516237586
1.4188039813463016
2.1733731046790594
2.4562385570033385
2.3492075476286143
0.7372809561436768
1.9279162876077778
2.1573782092587552
2.84236933727778
2.831088774065554
1.3237592746264941
1.4766409028502747
