0.0
0.26032170142265076
0.03280813431261678
-2.5628599175415396
-3.1847280664335558
-1.9350242609152444
-1.4752527626845116
-0.512736850407509
-0.9351974212768746
-0.7948635250606899
-2.2389793715313226
-3.3934028246580574
-2.7138658302734058
-0.7646715751863298
-0.002114031709033015
-1.6441455938017497
-1.782815169095339
-0.5001722964750854
0.8240961291325779
1.0957557454866307
0.5615995092983876
1.0818829298708605
0.13401887982719596
-0.02641887811018724
-0.2914245139166602
-1.5965040657166532
0.3306693452159435
-0.5922672956722589
-0.5206979639329393
-2.0389347432733955
-1.7160806785771758
-2.2441756740691723
-0.8072019867188298
-0.5490701324807139
-0.7104418816696513
-0.3202124217450392
0.366110661110736
1.5152935472322844
2.583382290935057
2.552341894665993
4.044795622643894
3.063555207107772
2.714847984161069
2.885741202892736
1.9529476383536495
1.5645681712156314
-0.011154731811138241
-0.561580446682874
-1.5189034236500478
-0.980883089330185
0.09919126639026887
0.541072834720494
1.240554542525912
2.65511071347217
2.090624779326165
0.2144602104353579
-0.43022683345201235
2.0575209628515463
0.053008409259236
-0.9816218361074067
-1.0968509406711247
-1.2386124419484137
-2.505753285011239
-4.083414122293058
-1.9350401023720205
-0.7686548216272183
-2.054371097343695
-2.3640081434218394
-1.8003717046778214
1.3831541608024298
0.992648861051477
1.9003867879322112
2.064280859317893
1.7960846285343242
1.1653413534400665
0.9015642494410636
-0.07428606147874406
-0.09496634045220972
-0.3845770250730191
1.0649751958474056
1.093979564711963
1.833952303622914
2.8668696278234576
2.721650039525756
3.7711625750468363
2.835571725142385
2.0517159189782577
2.4056349391858096
2.6753286007610346
2.02002746902221
2.3636420859774647
1.364548452308088
-0.11610725148239776
0.6076194559622246
2.2423949253398305
2.9177733585444456
3.5423855170387326
4.391731494374186
1.5445686171228985
2.184039824975962
0.9877554704136157
1.4357816041760185
2.58950474022033
0.7445908826982475
0.5783905206819687
2.0572483695117962
2.7985177693810463
1.9057208721014889
2.6083691243890246
2.1356751507872076
0.6734881135495321
0.03849954127524202
-0.21197374224031298
-0.6538278328070528
-0.6227226991261545
-0.7311825626555032
0.006335244693000841
-0.055026038758963655
1.173750990079495
2.233989897641468
2.8096699167598214
1.2420603875881833
1.0753099342970278
2.514792232011274
1.0573632184582284
-0.2796714128166913
-0.21356262297157705
-0.7102661652697497
-0.4153977177568925
2.748509227877116
1.784980177947463
0.43224779733660146
0.5885008448924528
0.150901759730856
-1.1126335525753488
-0.6750111946863011
-1.1824923853879987
-1.647621186527578
-3.8285873606082355
-3.9611416046078114
-3.869037977397659
-2.831836958085323
-0.21172207315673885
-0.5326597032203269
-0.07638806779633744
0.8737444617243024
1.6193077934227709
2.1803443426511864
2.079152122195961
2.6618163436132742
2.3870819826005287
2.932509290491655
2.4793728216741524
4.320424873283786
3.51372311283589
4.562138351914566
3.0582871260091844
3.7041694817454207
3.219063339732354
2.233423532593306
0.6642583351753049
-0.28097013855993236
-1.4460817091032114
-1.646577093099799
-1.0999573925666224
-1.99549323874168
-2.990394098740418
-2.9376523259734966
-0.023480880957759354
-2.057254898531596
-1.2778034362159998
-0.8531370763058934
-0.042511019311933684
-1.0405428370139291
-1.2775134777437902
0.4693707554444382
-0.4250959406521947
0.1892483002031381
-2.538249942802321
-2.4882797468044973
-2.3280075082599394
-2.862566062516739
-3.8003530016972102
-3.401777157392271
-2.515147446610013
-2.542774421064925
-3.001573448025815
-3.132409252253751
-4.311529109361667
-4.778709720300054
-4.7004700429072495
-4.344205188494583
-4.2541275309535465
-3.7247309042131835
-2.358147760738747
-2.784006851255769
-2.95426275364131
-3.572969946520529
-1.3232323437792048
-2.601312906943095
-1.7211741259998132
-2.724956590017917
-2.379852020862526
-2.0237235841297503
-1.66661398253477
-2.1082707214860013
-1.6500013971059875
-0.8160615726223134
-0.2978490377206367
0.9208383044153166
-0.14894883966786343
1.3735497469572429
0.07246050865976938
-1.9118652429595973
0.3329755370613794
1.6979481079387404
1.8136251676998403
1.4956718886118974
-1.7571020230769112
-2.8505087104742395
-2.804735789335589
-3.1432321947174984
-2.45444235347654
-1.1525025664145312
1.6576874305929354
2.5362110402512323
1.1421736097017805
0.6414918282190647
-1.0503278074535385
-1.519059506453253
-2.2338886063470476
-2.8557542802329303
-4.128538729880043
-3.546576092253049
-2.2429350666900323
-1.974841610965483
-1.254577053691293
-1.322927869709833
-0.3597302663880402
-0.7341110094184276
-0.18957217108925395
0.19087096595185735
-0.9678957519538406
-1.7110054880018184
-1.8863955053499752
-1.2786227759809754
-0.41086456012610106
-1.4744297157038555
-1.1838987354440214
-1.9130950380330813
-3.0632029184921468
-5.44103541579168
-6.787011957647965
-6.5536014262956
-5.816789680336131
-5.401600994548043
-3.7588747860950136
-3.3923152361315076
-2.9416692082865863
-1.9777858614902597
-2.4692625865029685
-1.9786875441102003
-0.41490392725439373
-0.07798342903060429
-0.04415452369014529
1.349519991662264
2.709007869535318
1.1326902044741627
1.264489708745805
1.103585323538583
0.1384243510809242
-0.006836963635764415
0.5122529884180511
2.095356666332357
1.6186066357730502
2.805996979116407
2.6129652324857
0.2114794082752791
-0.3306841735650169
-0.7852732329156609
-0.37199565840525933
-0.06877846875315241
-0.3580195294860404
-0.4287906879599573
-0.09708598200779572
1.6873689072716573
0.6246104221297821
0.6507393024772795
0.5756405867726974
1.06645187095332
1.3328933029159717
0.7539579377744166
1.9981289550190928
0.9026546375406519
2.6984762603289503
2.8731970907732496
3.4862457267185323
2.716230831222858
0.8334998009199621
0.8765055219004668
0.47803672513162143
-0.9098298192776804
-1.037355922686189
0.4094774051336231
-0.772771013856349
-3.6078891506887087
-3.1032861879110643
-2.676035112107508
-2.9109507214615564
-2.9457294883110565
-3.3653310277878927
-3.494070569722968
-2.560618606091867
-2.3608062900671114
-2.2882763078008197
-1.6484461370451329
-2.803767951968533
-1.6715080595334881
-2.2436591848991316
-2.5200973146610894
-1.2806089343377025
-2.4715251436174634
-2.9051150188744788
-2.6491051623073134
-1.4100335151608148
-3.018083672537008
-4.639778254536169
-5.13270326368803
-6.857973509589434
-5.725916415848035
-6.98433684533954
-6.675488046726263
-5.783313712169728
-6.407722202554516
-7.535619184141035
-7.254921163409485
-6.495261003086109
-8.410112118344706
-8.143738708482893
-7.120882175703576
-8.093774297992148
-7.312271676939571
-5.084652304207468
-4.7655640037389
-3.831136317007708
-3.666488698699976
-4.395383271363929
-4.045345965183423
-1.4748284256099637
-1.570246693464273
-0.9199214699054733
-0.9169204879626023
-1.4728832066243498
-1.364785121364445
-2.1317441986921777
-0.9231485195302258
-0.5629482647324189
-1.965126011300506
-1.7505718741981022
-0.9503155610893863
-1.0957818560889248
0.2900333414521141
1.4279732141091217
1.2498288678525997
0.851499802585759
0.3678511754217756
-1.7511687363212172
-0.9921702249940874
-0.622308830236139
-0.01133584262526488
0.7484495786794411
1.066472677403652
0.7855423437405388
1.1825588933616205
2.4785640401387763
3.421530172882636
0.3725644102239358
0.7866351584910986
-0.6861068480281844
0.009115841017805049
-0.23569615162180504
-0.30856863818676195
-0.025593716339407713
0.3067027256854189
1.4960578743707718
3.2449071848780293
5.110228055010056
3.6607294448836303
2.1058501221225683
-0.028195493441881547
-1.6651908590536033
-2.0635163028509904
-2.27384201745413
-0.7209284956400932
-0.502680665268485
-0.8721334336372517
-1.5387303320597536
-1.117845743686487
0.19520932530801938
-0.8913099866033996
-0.27398299821787153
-1.4510066634884426
-1.3984004349154595
-1.0748632704310386
-0.3738720719675003
-0.29140743934110686
1.5903206273396313
1.552073856032651
1.9748776151389964
1.6505639663435907
-0.790077376727329
-0.3356201338480426
-1.0898103949469333
-0.6177303340848737
1.156491412059169
0.7458205764870046
0.028006871968072056
0.40868903443080085
0.5460614491704475
-0.8526969032442591
-1.243752245664429
-2.5976679913700913
-1.877861416458701
1.1174499945426126
3.70679222490672
4.6142947643568775
4.0801366820870175
3.191313942948025
1.9485139691478495
0.913726439095691
0.40606905025438195
-2.1902766364840836
-0.03976684172241485
-0.7865263334804709
-1.619690809499832
-0.2382809365584948
0.12093051332741955
0.45249087423512985
0.8807807085341168
2.4561087042614465
2.9115574769863386
2.6761957690581104
1.5970299730185533
1.1213605103042803
0.7649453973488543
0.380195296064705
1.4607481281554644
0.6895000453928272
0.6319891310065362
-0.3761568387372023
-1.9038988178746812
-2.6366202562370398
-2.893275020318748
-2.9986359098382875
-3.3556527509790173
-4.075375085501173
-4.708949527590061
-3.867189973615198
-4.17671617523514
-5.3448942145283596
-5.938218871002285
-5.625352147475381
-5.495748964127113
-4.876929628293888
-4.022960000415131
-3.9424276228645847
-5.7688431577708865
-5.523640959746942
-4.567254605104133
-4.088907642794278
-2.7251614989679327
-1.8263732046959498
-2.035825037557684
-2.1401298032864333
-3.220960890611608
-0.6960775490091557
-0.9140647314337764
-0.6800485553702024
0.1984191093447415
1.6608374266696901
1.329753610268513
0.47876488242464155
-0.08164979188907728
0.7932577234395493
0.5307523678649625
-0.528735966406221
-0.972234329240687
-0.4282153812648146
0.3852734194871912
0.9511670822752272
0.4055018685054639
-1.2689311481775116
-1.8767038989370106
-1.3380547679235821
-3.2563342523090943
-2.641394184146666
-2.0639604451931506
-2.080197136802949
-2.5662781385531783
-2.6836099695610502
-3.8206332467074073
-3.3265664722390746
-2.2458526555173393
-1.3317832992180798
0.8702124318321645
0.8457109410736694
0.527149422383694
0.7254699818962167
1.7180087841494502
1.8427164710441541
1.5535307740391253
-0.3931267235862683
-0.6592386830698043
-1.6036805764824402
-0.5468096201970443
-2.1981109355929753
-0.1840062495738075
-0.21613096693154346
-0.26568224146255254
0.39716349080097174
0.294113408524711
-0.1819586327386166
0.8347960427006523
0.2747765185674141
0.19540937784767318
0.8394017953691966
0.13133275156760515
0.567566235582674
0.5096699112647998
1.5716602765593342
1.102168786453018
0.6491107943610763
-0.04907019071427243
-0.22949012671231395
-0.19887011323623555
2.6177338094261895
2.339638697515025
1.4480779328903335
0.6844438548273837
2.454977772966788
2.152574961165702
2.1096225052438213
1.1243674443150917
0.6919145061639533
0.7258916368342132
0.9085198893667148
-1.2162830144441303
-1.3580109933014732
-0.024894073424427177
-0.4913225981707775
0.5771267989318578
