0.0
0.2211210412399543
0.32485613555836756
2.7211281614061806
0.04877409325046855
0.25885925615003064
1.0236038850379476
1.6492309536045469
1.7869142674698735
2.6917481013989493
2.4121581487584294
2.541820029582932
2.4399143791660656
4.1890064349449725
4.391519766036867
4.528090142789861
1.4489341491543803
1.8179006331257488
0.7572781624551056
-0.348962186636522
-0.9830173073194973
-1.503243652159769
-0.06717406486532607
-0.7949476563592033
-0.6128029203799294
0.19773646765349484
-0.8525764134224196
-1.7249995030187304
-0.9292075634875522
-1.9302648048001787
-0.93302215719255
-0.4837029616193493
-1.1816813055594075
-1.6957881501811765
-0.8561391936343933
-0.24005814021687166
-0.10250970289412627
-0.3419267935656203
-0.4247227918718349
0.604663063927509
-0.6438069588145664
0.2495956608069425
0.07296505609296083
0.8402965662200524
-0.26209935061343137
-0.7655048930932938
-1.175704675573205
-1.5456809177542974
-0.9274130484089411
-1.224424602864597
-1.0520655803545544
0.2644797642192107
0.6483822546610005
0.17411967195782307
-0.01583962341433165
0.5610959261369262
0.7978994042838261
-0.4424412675615379
0.13861881629202355
1.0471269228546307
1.3439666246814594
0.3637520289922346
-0.4458739059090708
1.2692072869337814
0.3801831668618646
0.9351731354016246
-0.7308981663503059
-2.151657699990822
-2.3542014560294087
-1.22843372643853
-1.619954228855183
-0.042927092390812494
1.9050302183450152
0.8567404728737434
-0.7888057056765887
-2.071465897683196
-1.2040436764895566
-0.49141828811402277
0.13269202958071558
-0.8295181459837622
-0.6812583068834712
0.27328348317406737
-1.2809514483241173
-2.3329117582432066
-2.1577207415985264
-1.5315486815996748
0.4346312022694747
1.1333685661218578
0.9488147668290111
0.4117988517418413
0.4320711410457254
1.1978602714107534
2.9494511936940224
1.8387158998523712
1.06649458362438
0.2812044948976995
-0.037992043261299624
-0.3600428495823851
-1.8112595189203249
0.1149336930701883
0.9992783496483437
1.4537947475407873
3.468858068599424
4.092814371003348
4.643001840665676
4.0861488671195145
4.417678365938653
4.236149034121096
2.374117521900312
0.9798362499167346
-1.2784509630217489
-0.14811456364292164
-0.10234412885096067
-0.030846481788081033
0.2229589523442478
-0.38315685272568506
0.7941864717311208
1.24991398861765
1.0392482317646572
0.27350970325154966
0.20669009814208683
-1.0476436174097346
-0.1853561591425854
1.4144295179772721
2.2780562642264295
0.9453364764475114
0.890750935035421
1.5840315396302533
2.100964139621941
2.9789805637266906
3.1805542937227402
4.174447314479802
1.8155247226553055
2.681002147660491
1.1410764111326133
1.99423643467519
0.5908059634236738
-1.2814475382288124
-1.6060021428038072
-2.5713802268265002
-0.45155660147183707
-0.06137377551903056
1.5849867939834485
1.4638556928169981
0.1681318536696157
-0.8793012675373496
-1.536909984894434
-2.0639050314167737
-2.879421571121905
-1.6771397883481591
-1.0900087615498548
-0.8413356746110981
-2.725345399871262
-1.3428333916908863
-1.633490323467985
-2.007081174186884
-1.4865264737898207
-1.739184349845414
-1.6298264659527308
0.11641085324038469
0.4932933425852781
0.22531950487198216
-2.250192631962575
-3.2802443475494
-3.475700381855234
-2.0091661441599076
-3.009249587121346
-2.933505965126796
-2.0452363743819255
0.3136719719148999
1.0209374693751725
0.8555723143106444
2.1748962726416647
2.6250903405775965
0.9559796816074411
1.0045194469989565
-0.6179902059490989
0.2782210761089774
-1.1539519068833346
-3.7610810413414892
-3.561242002164098
-2.1027725833603044
-2.316951907775955
-2.8071653056854498
-2.5278898076541303
-2.5876513090707602
-2.5169242540676695
-2.559088685079839
-2.980766030723271
-2.954443068556709
-2.6802239422623804
-2.3029456143709295
-1.1433915629618747
-0.31115695390822873
-1.1107056567629006
-0.3619996796048245
-0.5070060597440149
0.2319431357766471
0.09508968853750124
0.15824784634129443
0.40896106301116936
2.153919691154989
1.3674035625008527
1.8540728026032005
0.6305152894161732
0.6937702400456178
-1.5189090162553116
-2.5591443077806537
-4.002043558006787
-3.696724482231999
-2.566516400492231
-2.5921886003057906
-3.272379276810782
-2.9167500567012326
-3.96534913938904
-3.245065049115724
-3.056320955725383
-2.229564707989331
-1.32034880548556
-1.6015524616789056
-2.2175914129490795
-3.201391923386079
-3.0315280929399973
-2.017872910398287
-1.0204940864641294
-2.3337545927599694
-2.0849541820964665
-2.2268904203491533
-0.3522163414824371
-1.632442398242829
-0.12234986337645637
1.457651750517006
1.09080499496519
2.287863454491654
0.13523575563108836
0.4228566870494307
-0.37884359612062146
-0.3868329492135133
-0.5083644308446165
-1.7142484123772446
-0.33970266236261604
-1.2885605549835795
0.012498044239865003
1.2637425136209155
1.6606605951403248
0.3356298124801349
0.9896529950357342
-0.4193495327725514
-0.694895605536486
-0.12057976140449023
1.861511571616141
1.9933689956569702
0.6531688860677514
0.7965395409345674
1.4532728612884815
0.33279689186827954
-0.9024462750192259
-0.9035087672090018
-1.3668391199110452
-2.6782115148917405
-2.852378462475178
-2.418965081540846
-3.0175936307662634
-3.0517618365437666
-3.2706690999609545
-4.268831206636757
-3.3333660720297535
-1.9441570611681
-2.1834993924888177
-3.29832158310726
-3.886036457591633
-4.035445650929263
-4.008805344598228
-4.539672282303025
-4.425061559888211
-5.436919699148551
-5.758202224265292
-5.127130597274334
-4.688741152264122
-4.79018861678802
-4.161378445224531
-4.14149574475191
-5.92358523540984
-5.2492168471168
-6.378039647881016
-7.5666602565203345
-8.272085313621082
-6.171909936615598
-6.29641508879028
-6.197264400514781
-4.289709934111622
-3.8360315911082123
-3.3341788975056135
-1.86664795728641
-2.1122111186262758
-2.0179945574816154
-0.6660189226899171
0.3224153342781553
-1.1298387001816574
-0.9157331014409419
-2.0771719433801294
-1.273278413497669
-0.2613805405339038
0.2598997533016784
-0.2919217544838488
1.140699644149261
0.3928194719631909
1.0535849238399941
0.5063304510711351
2.1243773407033064
1.4952431827139718
1.347846216067364
1.01320938652295
0.5970755248884894
1.3147462606886424
0.4500838607647346
0.7764096311502398
-0.5519783545458682
0.01268813839388594
1.4688757150924512
2.3729570453292457
3.4913885627178356
2.1622672028233487
2.0197652745543886
0.7735842661131245
0.7603841459260252
1.0662604989422308
0.5982681519428392
-0.7716902467338707
-1.2876445273519854
-1.390586720163404
1.0398391892377605
-0.3794773202852302
-1.1563764067309295
-0.6017118788191377
-1.183263287003985
0.1772395994931848
-0.918250027429987
0.8706592326339776
1.7840947594399466
2.4944748612656413
2.2488752929755726
0.12045818529951324
-0.16156348403246898
1.0958652563750642
1.5683554805886262
0.10776121023771212
-0.8560083919145708
-0.46169202863251513
-0.38217438335927967
0.6036218305526608
1.054856889439024
1.594905578601412
-0.5168862081168191
0.20006246944392214
-1.0913975795502342
-2.2498694705607343
-3.158426844993878
-3.212785950502283
-2.8579450826274333
-4.512450218244353
-4.181167769619943
-2.994665655318146
-2.3149197702659876
-2.8890600355903873
-2.356870943385629
-4.0161507428573655
-2.7629156172510756
-1.8389219729923063
-1.7151927101338447
-2.0621136194311274
-2.8974586241476525
-2.3228128442466436
-1.1534446578092532
0.17654432298217282
-1.038112454704773
-2.0854920520864724
-2.487013922670866
-3.090810692787998
-3.9563917804615496
-2.976671673355103
-4.954223684718251
-2.7391818190035675
-1.3024325431312662
-1.9011541805352667
-1.4350557379108437
-2.157254016782595
-2.547540542477083
-1.8368705174943227
-2.52243411863716
-2.396524113734821
-2.815718582933137
-2.872094396038597
-2.666366773858472
-3.8433246299983317
-2.1323558459340006
-2.3989454357835447
-2.1995438548713224
-2.6863982718310835
-3.118998244989143
-1.3909049147286587
-2.6811011136702723
-2.974915163800864
-1.1119287320716256
-1.9702785380664456
-2.3373311382739237
-4.046032607292154
-1.571159394076595
-1.185818880666656
-0.9850008952659899
0.1729891516408607
0.08695663824107842
0.49258453781869654
-1.5493428751288971
-0.23212064494242113
-0.2974431300751701
0.2534866685079372
0.11256222384819749
-0.46618438212049473
-0.8823264268124318
-0.43539576201027497
-1.0645370857669567
-1.6353969730165616
0.019087985140486152
-0.8077582765504983
-0.5571057329805382
0.0836779747014994
-0.09857809126713853
1.9646633919250354
2.0153920647179127
2.9894119536543977
3.420089133121577
5.109804628707714
5.586896834927901
4.890952455832779
3.459246168763185
3.349267750093899
3.0276394983383925
3.3364525378919936
2.8633664628803817
2.005362522716459
1.7848695924791536
1.071956995763304
-1.1554205431305513
0.06882168258424537
1.6660888802704767
0.37397341271659923
-2.580596269654459
-0.7123080408670643
0.9863697851521296
1.1266373585227
-1.0579797093585581
-1.7352004348820216
-3.9416014026152837
-3.4209958200941846
-4.014474078428771
-1.9963828662831955
-0.8137091979082622
0.4315758174541805
0.38496401650982126
-0.058584609267267385
0.2658635742675045
0.21193473719541298
0.6794045110213831
1.5051900553089972
1.2187030216236712
-0.6069363018004148
-0.40895465269965636
1.0071909191067687
1.568794051641866
1.590417959915606
1.5404249636769538
2.2828318045321434
1.738302613419887
0.6407526332394523
0.7779195382125517
-0.16506413878751447
0.28588978016812283
-0.5041540556752083
1.3325985791303685
1.5872554797425547
1.6470586589183818
1.4407035141470952
3.169427125158699
3.960735560495172
3.4242950646065684
1.5232653083243837
1.262529196613048
1.5703977645565086
1.5226067411047473
1.6943206349743138
2.0500594437067425
2.5001631163812967
2.022521928734598
1.626416978278067
0.4232882462643974
0.8224829630518039
-0.10627581578978762
-0.6951886126201098
-0.44259717581920066
-0.917426490294815
-1.549154874529454
-1.1729642805322258
0.08995000733913194
0.5999771202112884
-0.13721643523740923
-0.04316558112931518
0.47193521776744535
0.929184515242462
-0.42151833754971546
-1.2314303500621713
-0.9401922457095409
-0.7829208879399253
-1.9165393496804
-2.9218381836174885
-2.225232760350622
-2.4666855326010957
-3.452851996826979
-3.095511648711286
-2.5534103911224726
-2.1058119924389835
-1.454363546854003
-1.0247579593676368
-2.481130425788658
-0.7672904573914219
-1.7325617025516546
-0.2894936329714579
-0.7600664377954546
-0.13568388804940823
-0.38570492747296126
2.3554013305461496
2.842201312525895
3.7638005753044865
3.8442570981372928
2.364454197180227
2.3749388345073834
2.7783191441308652
3.0594096376373496
3.5575367054261595
3.0260524387100647
1.7721583902437126
2.5237420905405097
1.8267161772689269
-0.04580834760803598
0.0717285175705869
-0.31064002039378047
1.5184031841133216
2.870429510921683
3.188523740862564
3.111702413174086
2.2914056949949284
