0.0
-2.1015840108460413
-1.9095008267208313
-1.146829602353918
-2.518980292442275
-1.0128918657445778
-2.1441736340357465
-0.9457269795864736
0.13062437263548599
-0.6260394721118818
1.5417790556773059
1.7631905231750542
1.6954259107243599
1.6348526316706415
-0.41936299747373273
1.0701862992575222
1.1160851622747257
0.7801768762847449
1.3629659019296814
2.4173122179773987
2.458548060595651
2.38855646405503
2.581433952887151
2.3693369227233267
2.476548296412229
4.2198399362914
4.692834846687376
5.568389075686511
6.779567217763183
5.19135709276407
4.320624792898144
3.9357845793349613
3.7522931506295603
4.2461495730189265
5.628704381726892
6.360975639908295
4.287175160350881
2.7903879354700285
2.9126879169643423
2.9243041960883502
2.4821909903327257
3.157431119179906
2.55723612780034
2.227806574477744
3.006027572814669
2.644576346170033
2.9252267905776708
2.950941619321397
2.701690029445263
3.15449801652605
3.751365989102196
2.7873630012398367
3.1189681696264127
2.271696956195263
2.758401668419131
3.131957878643959
2.5912515809365253
2.386061053813612
0.08195022567746824
0.48700934479659813
1.2227197174515658
1.9377559003989342
1.594298923635964
1.776934978337958
2.146731111271364
3.1346412185414416
2.9585108424957687
2.9324467194277695
2.2731262615016985
3.3363082756240763
4.127889338839312
3.4437758865186634
4.367205294192112
2.951204570281886
2.6344715255588036
1.635815431810582
0.8374192301319764
1.122297425109727
-0.46440353041949556
-2.1110726046030104
-1.1855041396011057
-0.8000720302125839
-2.019064677703665
-1.903594400897395
-0.707747483521358
-0.95800459299199
-0.4944857048906466
0.2622204341550959
-1.9492910296690307
-2.595146455256505
-0.8479139510349747
-0.658871414073689
-1.0620215254549046
0.8574543474106623
1.262663101254174
1.0408137950499277
-0.3334332190574415
0.21967587260397492
0.7545903355626132
1.6067679289677355
1.995042681130792
0.6535603849268607
0.5940615317109654
0.45685896951764826
0.36765980195055903
-0.2907150820611658
-0.18427010432940322
0.23709539735833085
1.1012218825090296
2.2034598847830855
0.7099799598763765
1.1693989867393517
1.4974292160343792
-1.2377232278251227
-1.409007265518678
-1.4641023027615512
-2.2107873291115534
-2.2388458542626677
-0.7194998888944866
0.4026904716550044
-0.5778808009167756
-0.45363085961683597
0.09152884107232606
0.7224192854090473
-0.7613306817047587
-0.6723567334868602
-0.25893246853299406
-0.9177062735271679
-0.30533809890973773
-0.1210021367367689
-0.309657199866849
-0.9598407030506012
-2.0594248317835664
-2.7991547104128474
-3.5244900732183426
-4.370790136363808
-5.1625036857268185
-4.907847080410557
-5.942356561418919
-6.425171405878351
-7.898343725262185
-7.053145148556152
-6.366477303323265
-7.311207441465218
-7.547032730014758
-6.635675073718364
-7.219461136165707
-5.957160406115544
-5.592534262414995
-5.430601895759213
-4.629314687271382
-4.021671042112713
-3.3562325712233463
-2.2566422297055153
-2.103624835584073
-2.441478574799233
-2.907990015121659
-2.4178186371938146
-1.6710383802599547
-2.0187270757595672
-2.784177083334428
-2.993911848287973
-4.642872429116495
-4.9216693690554365
-3.84190999097295
-3.7328183730077273
-3.5141808574126934
-4.313025528544353
-3.9092810288819546
-3.9866226079683926
-3.0914275400674702
-3.1775924517834504
-2.6421764961947742
-3.333444429194735
-2.715567419325528
-2.196227706752919
-4.133879539073687
-2.5836133577388427
-2.5884317777716093
-3.1622009543940095
-2.762074847929397
-1.0080234798045267
0.5638591068236272
0.2234890499437292
1.3143956465364939
0.49874512018449946
2.0276569266026816
1.7009615816296457
0.7698331679120922
0.9849679077884608
-0.5477622333766994
0.08061204525831261
0.635352074077557
1.1281871800226153
3.2478428710903984
1.006183746378708
1.4018949326314718
0.1663786508603906
0.533328716735399
0.4520040481886266
1.0538591311347945
2.287945572715409
0.4501838107391123
0.885015376666878
-0.9878252371354925
0.7775599637982051
1.2894417880956837
0.928456494159793
2.333914644846647
3.895186643974685
0.7466672684804672
1.6984787565713435
1.9967509926167388
-0.6878078992496801
-2.186654505111858
-2.2625156692669024
-3.4720967416973165
-4.639808407506543
-5.4631842430899695
-4.435916836582975
-4.541098891281967
-4.049009207457679
-3.1807838494396967
-3.12735020348657
-1.7451862267527525
-2.021708097575666
-1.089159153191543
-2.0810630023554104
0.8032632128135311
-1.0204298377108472
0.12260706166196722
0.2582212889148081
0.5027391652136596
1.520017133352606
1.0678900597399732
0.33704355911376627
-1.6965236316286896
-1.8841948860264137
-2.160274134759948
-1.0735335107330197
-0.980330771182964
-0.44147965264411043
-0.630453923635844
-0.7789982219586469
-2.40291263960348
-1.3844269430882474
-1.233731480430794
-1.8655523460849128
-0.9119441048825272
-0.5632045677681257
-1.1152439725536238
-1.229916848917148
-0.7141825113653013
-1.9791859814702946
-2.3218726008790522
-2.3388817722441213
-2.275032414867534
-2.2500569089617146
-3.9064750945741817
-2.768513679209829
-2.8224635556459328
-2.638109264560408
0.004236748356114539
-0.1988135303236077
-0.017009840202689752
-1.4461994735866621
-0.5224611099879827
1.54699726676559
1.509012488436802
1.0559544439601838
2.36212085644071
2.6964001572722474
2.2804654253564736
2.3453683305210724
2.482592481282579
3.8448420015868034
3.0145302618898095
3.8740601843571545
4.025107427252256
4.690388842143826
4.790914212635258
3.6351537136874947
2.54393232565099
2.9459574842140195
2.495008912791308
0.21619815729984815
0.38644549600217815
1.130202859956163
2.0355840809165535
1.9193059235904402
1.7815038408256776
1.1677835113169424
2.1048462398555143
2.935137824657948
1.4518080126662423
0.8716759229890567
0.5193514570957178
0.08117001927843925
-0.4058847168974004
-1.196432265107962
-2.7526919619681323
-2.587126614581268
-4.501983144743884
-4.578922150883918
-3.89219347609104
-3.4244408513113545
-0.7563111418848041
0.15038914535504855
-0.21401907431626058
0.9199584730796823
0.7327187565734992
1.3473684467315359
1.4680107975099141
0.6389433843636005
0.5046377916116823
-0.05224810465761892
0.5005881089392625
0.9155252448056668
-0.33755326298797295
-2.0828090210349544
-2.190501605926151
-2.6326544262839815
-0.6021073240741839
-1.0157074311701806
0.928041186744147
-0.032918889782858174
-0.7087857015835533
-0.14056535563428363
-1.2075628529408127
0.5341629628482267
1.1996425480526298
2.0485801377066446
2.593357131812418
2.6676488069055555
1.6682717771698772
-0.21482785000115623
-0.5111698926233561
-0.7987274108580473
-1.2161646734134635
-3.0496288024446203
-1.6296680148079246
-1.8698339435479663
-3.1315524214954977
-1.8620061264061785
0.8072249327304488
2.3661419762694527
0.8575826145842227
-0.06915942117170393
0.34555976991349735
1.7422595537333452
2.955201964073515
3.0789182442123852
2.736459267626331
3.3997158437137918
2.965482274894077
5.16894500020085
3.7077242419446144
3.3010714789736815
3.179705039538417
2.478150448158071
1.5840423411601239
1.849611469098161
1.2623036983773614
1.2960692337346853
0.10978833371536112
0.006107696218326533
0.48971949527251935
-0.6358317257329177
0.3735050038303318
0.30322282531874617
-0.6284583735470379
-1.5215263696789738
-1.8402659194183695
-2.8860276357242327
-0.283561071431909
-0.7952249077872614
-1.393089446181678
-1.6011039211534586
-2.902573947857884
-3.9002771234531335
-3.865482861284688
-2.925056504598642
-3.446877235504832
-4.073010046760662
-1.798677217134027
-3.0099216090741203
-3.530966201715034
-3.056520663522173
-3.490485644885113
-4.497508938757531
-3.8066321872282614
-1.7766673112858091
-3.8966552832553196
-3.16905144890893
-5.367185943846205
-4.968283535112444
-5.960408699350471
-5.0420546055618995
-4.633945357453261
-5.814595904827318
-5.189153695418167
-5.457533127768153
-4.6509594344026475
-2.9031252468797746
-1.210059949899439
-1.1764666083667294
-0.94253137795191
-1.410003925878069
-1.9432967425009604
-2.3649171874011548
-1.4369804437242966
-3.231004648832556
-3.089844671593014
-3.19144181543781
-3.8384328119381887
-5.227583556152184
-4.625209617827516
-5.166207052788138
-6.193287189769378
-5.490304530678276
-5.1958471377995235
-5.727571183797675
-4.492934671017825
-3.7163358209658948
-2.8976604243271633
-2.2705938114564534
-0.28849775489692675
0.8946233963082841
0.6847842211608826
-0.9769824323348253
-2.185352796302444
-1.9764938181067704
-2.508965159231157
-1.0100436545941633
-0.37941582439088806
-0.16603648219653241
-0.8537476198540827
-1.5179432219382045
-1.449236048796954
-2.3834765759639183
-2.421596573153141
0.03280950863557308
-1.401161052103124
-1.7460382109000583
-3.2702276754400117
-3.1001298474849768
-2.9088857941583877
-2.538137774693023
-2.2154543630898487
-1.6230150344908
-2.0934426318704773
-1.5565966361689012
-0.7276888538378473
-1.4441732682409993
-2.263502216494639
-4.038046363385972
-3.001034087496549
-2.102050790263151
-1.5285957643090111
-2.3607673253058437
-2.9564100960998405
-0.9999972258937284
-1.294966271195432
-1.581582566519545
-0.41741221943193874
0.8432748012858007
2.5699476221348467
2.3533902412324332
2.569947686680612
2.039772460803414
2.454901583231301
3.2549421125494336
3.076949116206192
3.3141852126359934
1.270036653740158
1.6790522183301702
1.1583607214937377
0.8941730017041294
1.14760769168665
1.5690407884061348
2.311551200742561
3.6990922562831967
3.7423520475627403
3.108377019451163
1.2988736586573435
0.5430651868065667
0.4681686212370148
-0.8627083765465566
-1.6786718653451043
-0.6787354812416603
-0.268869916540431
-2.7913103268676895
-2.059713180078197
-0.1319336140765608
-1.253105597896592
-1.6744745287673437
-3.3395082149116577
-2.8316275359513545
-2.1779546521477133
-1.578860249542866
-0.5662525937121372
-2.288774155512089
-1.6265852029592578
-1.7107308005773967
-0.7037031098188254
-0.59481303258678
-1.745603621222373
-3.435886314863575
-3.4768422634200515
-3.08787352691515
-3.0835547196991397
-2.4890491571189277
-2.7985729708991647
-2.839370622953213
-2.593934671249617
-2.7132957580486807
-2.9732603951652514
-2.9700347438818553
-2.898462995411151
-2.9901076953779464
-2.982763940215083
-3.0894250301945183
-2.6859320477400503
-3.125019752712389
-4.060084022653708
-4.6164776172743345
-3.628321881848872
-2.8945723048139693
-1.6389344874290508
-0.8251850469916473
-0.17119797262082626
-0.42733179156897394
-1.2447431255955852
-2.2538248357986213
-2.1525750457546615
-1.3180008758355108
0.1927102084552701
-0.8065927318515818
-1.2718760131805291
-2.0208928103772883
-1.4224549392915846
-0.9895543257837863
-0.6376748885838481
-1.4826714070178677
-4.741808666786795
-5.520338632739566
-5.295270113124013
-5.152998131457516
-4.342702156510022
-4.596813888601096
-4.285901718046302
-3.574873241381133
-1.0644623444184496
-1.4666502823660688
-2.305782365054994
-1.7149176726355186
-2.4446203830068973
-1.2725024536302305
-2.0490333066774324
-1.1188531878235617
-0.3461389137053956
-0.8314089834203107
-0.5009137908417431
0.22834903363218617
0.6347339686482665
-0.30495376378644035
-1.0700597328767243
-1.5532075225178392
-0.8536450011355712
0.6906992980903836
0.6964042152342131
0.9771374797350552
0.21789641876025312
0.6583009929787786
0.2771996706245897
1.0932787021216195
2.074653563559794
2.705670748091297
3.368149435657062
0.31143900886467035
-1.1984707819537985
-3.0641848161558762
-3.018370890553491
-3.5724959471047466
-2.587328587947715
-2.152722713282061
-2.0507266562444686
-2.3995191378426783
-2.0394034905413174
-0.35736275119933736
-1.383148554037554
-0.8376135770922359
-1.877343569276669
-0.22779505083403295
0.8476782790061013
0.5960282057781272
0.6057654191912206
0.47676683810107295
0.6037756182168017
0.36530708399827644
0.6605587669969705
0.72875638280355
1.011218301067001
1.8444914571771582
1.1841445740981678
1.6560932523160954
1.1489118260366407
2.1543333703512113
0.5477585635480655
0.07098732684236281
0.9719297406046229
-0.17150808231074022
-2.4662827856471554
-2.272533320685344
0.23298892460408238
-1.7904936411994965
-1.4077694900482631
-2.422383495659785
-3.1995060026830524
-3.637658304284568
-3.827504398576549
-2.6796880075176746
-4.9010236257150055
-5.993708300048715
-6.15462246972165
-5.8781972483701965
-5.883816688667627
-3.2847193474787284
-0.3194561107996856
-0.3387292335756816
0.3720655250141597
0.8711118309257463
1.2176978842352217
2.3378325508258984
3.706518272396802
3.940769960294077
4.438477664649031
5.935114397846245
5.25737519285386
3.6620327938571187
3.4907428145835304
3.111356012930772
3.1510192617456263
1.6612256750580103
1.5742789778184823
0.07652453145133742
-0.2717687478438864
-1.6839513349993358
-2.0733036371938054
-2.8833272419852927
-2.5068261262869878
-1.104968683344569
0.30737350574452416
1.672539365771033
1.2892749339362422
0.3381679270543849
0.4232487420546333
-0.12376413312085893
-0.055391301876976204
0.30967757909464266
-1.0009723993293596
0.9007482382471378
2.025517566677486
-0.11420718525310503
-0.3911576396330402
0.3373226421002852
0.5403764669861062
1.2032550877902188
0.7054023644219163
-0.4922922675572261
0.22197446454946274
-0.28390007836022435
-0.8557492043855347
0.6388670149368891
0.018256340148602446
-1.0266192750903378
0.3077988988418352
-1.1804308956789737
-2.3210049778494515
-1.692155782245936
-0.2555354958372802
-0.41474302768203036
0.4972602119289497
-1.3213994586723996
0.7200976878129357
-1.8441020915651531
-1.7579151669573592
-2.128643017892636
-1.639313052271528
-1.1536873820458635
-0.12147771182812173
-0.10754799282130625
-0.3486270161793204
-0.41349165690615686
-0.991702253448472
-1.6238398737106379
-2.787938728312837
-1.6433798248932816
-0.3981873086370409
-0.6724928278600795
0.9978471777556249
-0.6914159254880163
0.5152642620211079
0.6216729357815011
-0.24756164442661122
0.3384867638252056
0.5554044112676547
-0.4818485974198566
-1.699349397801861
-2.3198756656872566
-1.182909644064547
-0.676790535006111
-1.4433548720484413
-0.318846042223187
0.9732976647337334
4.112127887278069
4.284707778941517
4.940329811913609
4.270613276008463
3.5412672502323774
1.5288191206431645
0.6954274760611765
-0.5435655895217475
-1.2040818417457886
-1.7230629874174617
-2.4257621121304487
-1.273864586497698
-0.3002193338994237
-0.3209428144461473
-0.3449052913568301
-1.1005309186838894
-0.44888087869733684
-0.5184777722575981
-1.7701498207005473
-2.049201726705262
-1.612088117822384
-0.5229654028929922
-0.6021174827330001
0.18924339597915907
1.1295473946463521
1.327132017242585
0.47916219684429395
1.6348639632889144
-0.2846751091832136
-0.9669494913860753
-2.032011477820856
-2.5526573180767613
-2.9556286808599204
-0.5595182540178523
-0.6749075285743021
-0.46803455575292247
-0.9404448844332184
-0.9331566685408446
-0.31154726424804313
-0.04868207403083186
0.4058034189180888
-0.8730314326734976
0.4927819126672981
1.9825222810660725
3.099494668203949
0.6638269180554368
1.0718560710119207
1.4148579544949405
1.1748282490191686
-0.09564424724485732
-1.1942640474598059
-3.135611974722014
-3.1719908900794014
-3.5402951074331837
-1.4875783468190558
-0.660052280675589
-0.8449497556684029
-1.0722827895938063
-0.8584933295785795
-2.3451188703420742
-2.533035330405187
-2.829278189804726
-1.8425471144054053
-1.989147286429518
-1.4286807635660894
-3.1544848989404555
-1.8701323118751825
-1.6973497643313564
-0.9185882837103884
-0.6594235008842897
1.30823125671478
1.7551123705582712
0.25478617911204227
-0.7054071081333047
0.8434682660001264
0.3467480896006972
0.4963197529907442
0.6649892981042513
-0.8279913719577487
-0.4092590487941578
-0.6615048131490058
-1.1218051776710973
-2.5556796509077637
-4.369497793094737
-3.9920639004450593
-1.9392091583987832
-0.3995971514681427
1.224373746730306
-1.1395852039288226
-0.5347935777033522
-1.0466117349156652
-2.223895127193104
-1.8183958219285952
-2.2963286430512806
-0.8202333405037059
-1.3448037322804451
-2.0311867434131323
-2.8736404384949257
-2.3171293072411165
-2.986217337817011
-1.1002094081378997
-2.123827736373644
-1.625812282633945
-1.9815766692389216
-1.3184376728902916
-0.2789893767583318
-0.5103745207164088
1.905844069004724
1.6418183569427391
1.9796231644198428
1.7926605299762473
-0.7103537056154625
-0.59629832532569
-1.6976244999591008
-2.0077708341039875
-2.232033268348515
-3.3706562103971
-2.3244617461353014
-3.1063474219722114
-4.967651604742278
-4.564838549429833
-4.4990628711762115
-3.075089454281205
-1.3406396446766198
-1.4108808211379533
-1.164762696807201
-1.5043592838140816
-0.4865427760654921
-0.7640216374677409
0.12648814164534905
-0.24438751341075998
0.84678990998205
0.5458295179728485
0.2863328514335174
0.7875186159696164
1.1644492756121188
0.9886318283183778
1.2861659617073085
0.965469790733609
2.448868574831088
2.756022406935977
2.904683883387262
2.6744848966393167
2.5644483943913636
1.5768961863817896
1.7481026207062131
1.5960561366501929
2.754435634292415
2.6983460525028633
2.2638760568057967
0.677186289353062
0.3214114903733998
1.5574280880309186
2.2130247516894315
2.1247039213900143
3.544233818140344
3.6617529992170437
3.6233196447703193
4.1076740140175305
2.501306600893386
0.9642005540158214
1.4914146947684381
1.3407820383578517
2.456270794034862
2.5514166847253836
2.0024007758793565
1.7466163506478507
2.2070532903992803
2.1389247784074383
2.149032812192178
2.3118953697502937
2.6899898648869156
2.6631572621212096
3.0205538005324923
2.864830822668744
1.564208157419437
1.258757146690927
1.0356302341537589
-0.5395025685001632
0.6084500985069902
1.63042025611333
1.3801774832092963
1.4246193264005491
0.7576761140115948
3.221890937869438
3.6264305762647613
3.0538078982694996
2.408218740173811
2.4241446823221464
2.5487163422730092
1.991649473139339
2.4560743245849057
1.65727241677975
-0.3850526017272975
-0.529782496083936
-0.022140342666726043
1.7055902114810284
0.053945302016051855
0.381906084877385
0.19573776681893706
1.5122982640872245
1.1692417657724528
0.47846622975158637
0.46617493320228565
0.561044546395953
0.6678451768964578
0.325785841110758
1.267085013954302
0.9635907030676428
0.41079643237709446
0.6357838604566213
1.1901459199493711
1.7187021928019948
0.782038603540844
-0.34655366320668457
-0.31622762938017746
0.11475394895692381
-0.1491246040154321
-0.8515401595625054
1.2944114838397347
1.0716192695699611
0.33065852043550326
-0.6421573376849614
-0.6741118228563239
-0.6810009418610786
-1.464684779320236
-0.8158226997554522
-2.344043580588239
-2.8433910474578026
-2.739778637281735
-3.6244574661109894
-1.4190162013864598
-0.9972802294494156
-2.244919667086373
-1.5870075558655186
0.8988201880079569
0.8170897187340571
0.34655220180345264
0.5564320219543692
-0.7369796291495794
-0.3106062543707352
-0.6046476524961839
-0.105462163467609
-0.7103460821189801
-1.052088282778663
-0.5515787265172958
-0.8563672843138405
1.8619029517565915
1.354421126233583
2.496475894781509
2.5445380268372313
1.981087840380663
2.3546150622716544
1.7434948652833204
-0.29769994475931316
-1.114439700975881
-0.7217207199121913
2.2777449624197095
2.6252992473388557
2.544944429734917
3.4838670201568
2.513597010533611
1.4171243925892105
1.7432658908213667
3.5827544213699625
4.080811534074327
3.69589060158744
2.3819941012157186
3.222448088518252
4.015629949564381
5.176016058433645
6.552972345470521
7.633392477353283
7.797749718534112
7.483988670789625
8.52640871746052
7.067820350346148
7.091294530896592
5.348974106648946
4.646904563793985
3.9403931239304537
5.16702655087938
3.451018657899007
3.175042290039067
2.338260361949372
2.531076221532931
2.385549595214865
2.2521681201231583
1.9470170192637097
2.0202805373051906
1.5129766006618843
0.6278405403655977
1.5660247170768933
1.4569224339847298
1.4139107376219981
1.1526419739775031
0.8729759616932953
1.474032299639144
-0.6848039687853167
0.9266212539483104
2.710496803982786
2.295981382436801
2.777053302586012
4.532922551874224
4.229693549546849
4.283051275705394
3.634869641283134
3.9302054487648648
2.573353010461393
2.636784585548868
1.7823259973150283
0.7961727763764094
1.4847204461361092
-0.2885569140338595
-0.03243234131420433
0.7647579316282137
2.645899702068662
0.9333509044894321
2.2716650142742014
1.340565084873892
2.447654047096238
1.7058921121152508
2.4545531563614316
1.6602482864888342
0.533517019989091
0.26762945828119866
-1.0826924708666787
-1.4787427833214166
-0.22368489975403194
0.7607370450773778
0.885273259083222
1.1509036478540837
-0.2617258765129977
-1.5908791336205845
-0.9129585947863358
-1.4944343389350996
-5.939120478810329
-4.874200008035968
-5.736689692735409
-5.70498100466469
-3.7743860400858855
-3.807993683305406
-1.6384780452669263
-1.3452410229618956
-0.3884686120333427
-0.3695579330338284
0.3696680343393195
0.3872382735881348
-0.9449115168287818
-0.5510010714347641
-2.4381374920437326
-4.495308728231132
-4.051308971947414
-3.5222773424782856
-3.0690358911040008
-2.8794266013698295
-2.4667432169508765
-2.2522604036451335
-2.4250495632947513
-2.8514651885230897
-2.111811880779926
-1.5314389017812586
-0.542062303531536
0.33815559880827345
-0.3434129711626644
-0.7746101667869054
-0.3188867215832447
-0.8338941520748421
-1.529183415398555
-1.0824047228845095
-2.1006225245266763
-1.580859052690268
-0.21466007656397035
-0.3448968700890034
-2.8425978921421593
-2.543392218666452
-1.1908337776139575
-2.4117580228357536
-2.5837182241957644
-2.941740932453288
-2.3963679406999936
-2.431402419801329
-0.9476721217185087
-1.5221895559493106
-1.0972999598894384
0.03384846943318909
1.4588137302952782
1.4360033498117182
2.311939006271046
2.8012924138219257
4.26982511725438
3.5127730016752023
4.645680195532832
2.325241291743225
0.763122831329389
0.1978396421081322
1.2255996801252915
1.458515053923694
3.522438391367405
2.8782361090880064
2.2878071647167526
2.532490030543185
1.332616026989466
2.1117031526312497
0.9528069024398352
0.19415816236454875
-1.899740245651118
-2.2378713838191855
-0.08545955463159616
-1.5646264243646468
-2.151170690276748
-1.181375792681025
-3.3729808823985907
-1.931195071117671
-3.9398932711449604
-1.9278261188753958
-0.32224086697080856
0.15263340094182576
-1.0487427270399314
-1.1348162236700836
-1.9808204992289697
-0.4994378399121353
-0.42632570703864564
-1.9178583839506191
-1.1319176178349144
-1.658285712733233
-0.6074882502371632
1.2461838889107175
2.369552032906298
1.9696666239650347
2.250486414073776
2.2644569248412982
2.6017733465304063
1.604177050676534
-0.5542484601582784
-0.25987885048767156
-0.37284279990342994
-0.85998138475141
-0.4584368203083268
0.6210364001850792
0.7540352521720555
2.134504081985817
1.2740748796022825
1.3160543824952735
1.6285056513298304
1.287502679269152
0.8925248406219339
1.197794820756708
2.4059739634685697
3.02968456736163
4.003195049791653
3.7292712375860266
0.9477406362163259
-0.9771613101620368
-0.6291461338212512
-0.7437889775893642
-1.9964763215980974
-1.8840067367491962
-1.6081348572145282
-1.0343091068471248
-1.8742044731452032
-1.3964721866450918
-1.92605232724045
-2.5299997413394593
-1.9151935179970294
-2.065580681305142
-1.7065015096925125
-1.2890510987453403
0.5598081603240581
0.7554446065907802
-0.02991200399484939
-0.6844031948306147
-1.5774665789175053
-0.06271140401447783
0.3446524584520636
0.534212148283641
0.8484877095153556
-0.6335603806622853
-1.1045911345548225
-1.2490316021362222
-0.9151873802862307
-1.1063961324451979
-0.6739792748488633
-0.8049515820750826
2.008332690177837
2.939997728311538
3.219856985937302
3.00050007933869
1.7372491809841344
0.3236400402508173
-0.4985060446090381
0.8058100062557307
0.574128435893815
0.9962916495194547
-0.06090507827305536
1.1084380620112264
1.303078639803448
-0.32844254483501434
-0.034657430762976615
-0.41780204917627556
-1.082725066655465
-1.714734494913604
-0.7682584005541778
1.7937208659037605
0.8811312631622346
0.014651680175433834
-0.16797521644368849
-1.0989898171972599
0.01072122619373339
-1.8938572227300363
0.584699638594733
0.12009684644932933
-1.2831368018809401
-0.17314352522550647
0.390393805338024
-1.2391317478377557
1.3498219990025022
2.7688246353563133
2.208178421885302
1.9152059418333458
1.2466705155332543
1.4080081885269629
0.8800434981834484
0.3884856941084906
-0.28298842470418667
0.09023732274951857
-0.6130780440503383
-0.20026182523232972
0.9955954365480358
0.9703631886618467
0.5745883290789418
1.318434276197539
0.35367006698897285
1.1224208118805354
0.41138419723898356
0.6741849992391226
-0.7248559544136925
0.16799735127435134
2.208461955585423
1.7546013154974172
1.105174934016502
1.2230251714634006
0.08156716500225647
0.21366104187201967
1.7387097355548926
2.1752584030632316
2.1600698208840474
1.1670662528904092
0.6159148765666326
-1.3609640367929279
0.36890209655378103
0.6074061064029079
0.5130481655089324
0.5249033833414339
-0.499508618258579
-1.9387112526248578
-2.098673626326899
-1.2756868185034884
-1.6750601300381192
-0.9900733000702359
-2.1602774512301863
-1.9902073327404899
-1.1100939474269604
-1.7054570539742668
-2.54497816449022
-3.4436926564945
-2.6759691263464362
-2.0252408286945416
-0.6312541159643736
0.369881778918538
-0.3531601778054179
-0.5994029676092365
0.07287045409148807
-0.16384294401085525
-0.6578537674187934
-0.1364093627764214
-0.11716002070055359
-0.44861788809394965
-0.798586560602381
-0.7563004673399565
-0.028401059068076773
-0.6709736063019643
-1.4054993984019841
-1.0008815234901358
-1.6776017306249957
-2.559714977587041
-3.687456864739582
-2.6555804102912335
-2.503039927611488
-2.2806666411487537
-1.1661363775178908
-0.3804324007800908
0.9706798198378292
-0.22103810198917762
0.08617344275493746
1.089536258224676
1.7358731103578893
0.40285980422908874
-0.008970999912007449
2.615976986790462
2.8171949014995072
1.7004996680928186
-0.022935027545165854
-0.5202109621307919
0.9460563879580958
1.9628215893070466
2.551271504506021
1.0397207289687023
2.622103205541169
1.1972495367677416
1.8284906359759425
0.31321479770545624
0.6426966179704867
1.5520219733440732
0.3763392511610897
0.4443790091440509
-0.18037102050464587
-1.3660211791541634
-1.1533623835634847
-0.5383384334415579
-1.833865239099174
-2.2515294962815062
-1.3348075740584555
-1.8167765196659338
-2.327065025388272
-3.3197768459051433
-1.7156462057105986
-1.5284363325522308
-1.2154929876540372
-1.078615968870241
-0.3537355394423528
0.11995543034212569
-0.00786059750626028
0.6872105656008927
2.934723558877277
4.449007558274477
2.608355110208638
1.4806558242728003
1.7535519081557307
0.2565504686219111
-0.1728533371419077
0.8168293509836557
1.4905184589978888
2.005165115641229
0.3935498309740282
-0.30182685756302496
-0.6684899410388732
-1.7886642061850409
-1.9080245090433556
-2.0585736563033796
-0.5381036891857751
-0.3963512432451628
-2.0313020698619884
-1.0471193627121949
-1.669500966855957
-0.3503817982715698
1.0140904206839967
0.3315122738118236
0.1488104965924563
0.5538109916144371
1.6464867898769207
1.937049261688574
3.362825341020155
1.7454553805504105
2.415185643104233
1.7287383873289524
2.7973003592124495
2.247244446179046
1.626482408699444
0.34508221762849867
1.0653800192902225
0.5770297092002055
0.9957432329331888
1.6119038887759507
1.4315108270172494
0.1536925544138117
-0.8657882204496268
-0.672797903060395
-1.3698883954316414
-1.691889607076414
-0.37354470721500843
1.1214983950271944
0.31310670457010537
-0.20236909642304002
-0.4364011140970829
-0.12063298468865791
-0.9885659672171933
-1.9182820517913308
-1.5969421066543528
-0.6323883981391587
0.11335902012352483
-1.8482542786452578
0.44773876718663086
2.0465905751981492
1.1919053228031113
-2.094925436538257
-0.49916922526637775
-0.8234683563925959
-1.2249525472404308
-2.384086701136513
-2.909290523019279
-1.964385782080376
-1.4964984359201865
-0.578168304883536
-1.5373175135865496
-1.79954398550277
-1.1063534812018894
-0.5048973820427556
-1.8567246790550862
-2.1331863895811516
-1.5357737046053803
-1.7746750847744746
-2.3983394134772418
-1.0195370958137102
-0.7427081050136124
-0.4474286245510791
1.709888035138082
1.0340634640044155
1.8256160119307043
1.9588223374780576
2.079065552462252
2.255267116875113
2.7097656845717255
2.8819723539584414
2.5677355313102335
2.7026608978146354
2.7348637216875877
3.3095239185940075
4.267452228381151
2.8928602191258763
2.04087654844835
2.3396644066326595
2.8078969224505714
1.1030793276635233
1.4659252030620231
1.932593256153472
0.6274340039350566
-0.06437764744754226
-0.9058949576673849
-2.0232937365542165
-2.5553930017056308
-1.0967786941308446
-1.1689137089694845
-1.1012369015944397
-1.3902442375913342
-2.9812455338111477
-2.0510106085483706
-1.6049570469366614
-0.881804502487876
0.7301664039532716
-0.8194505655882779
0.2544898325291751
1.3985768168488761
2.437080969321528
1.9764186276209545
2.1250030690051807
2.143750922909622
2.107224607548524
1.6736570766905097
3.0224481757707666
4.5097962676511605
3.7010978103111842
2.992460149129675
3.905141305062342
3.3525505767865327
3.3449118824868664
1.3511376969816395
1.850159483039309
2.824301927067957
1.2064471923122775
2.2446435069079937
2.5428868596881684
2.35440418200657
3.0430161955914508
1.8399060040676627
0.5567219190974144
1.1495053562236208
2.197187012222465
2.610206083854899
3.8233835218387977
3.0609699490072173
2.1793838438966895
-0.5188040745591751
-2.9713875306248045
-3.8302490847139365
-3.3588921990893272
