0.0
-0.20064610256752466
-0.9760082153866854
1.3530845647357503
1.9905319761799487
0.11235017733991115
-1.3471424889065202
-1.294596494833453
-1.332239092966599
-1.6376787684746903
-1.5323498647736646
-1.8401556213093593
-1.0491304215534787
0.16797004096064683
1.310760050157413
-0.20884157748879373
-0.13043098910045398
0.7610821828055668
2.313934890079646
1.0063535338454745
-0.5380475772427364
-0.676730322661488
0.6192775530030551
-0.6835528561504866
-1.738321433247885
-1.3946975194911155
-1.7016565224614582
-0.06565014836390315
1.1118302389821293
0.24428528825781493
0.9453412203624637
-0.9120747934275898
-0.36490282365581644
0.523364764700341
0.18888696165712637
0.9841959033904992
0.9516248805967676
1.8560417375312768
0.82370818052228
0.9846175286248213
1.8466769862968115
1.5176778107026223
1.6867885472698028
3.305498893451266
2.6472306409065807
3.0975053624524547
2.293099470254537
-0.11627483834662344
0.45096497490682286
0.8502164057570504
3.4131573036980214
3.019684852177413
2.6826151957555786
2.5013465365943643
1.7579654744693463
0.05258312421721767
2.006824866979456
1.9075620596380982
2.633018457017845
1.2071719633645317
-1.1294861800919656
-1.41692867059318
-1.9904356372628278
-1.8954282494158048
-1.9453033343542523
-2.122978091357435
-0.4933530944790898
0.13257335096108447
1.8723119119256422
3.5134339109543635
4.726385092874481
3.66747464933929
3.0951659640842264
3.3499588265508597
2.6722875905826586
2.353704848558664
2.249944393701255
1.8211687500523102
0.35588033645567174
1.7780583449589367
0.8384454014635228
-1.2154272517942686
-2.0011079420345323
-2.599812165348904
-1.008977971036199
-0.8928827499690493
-0.32629584408738943
0.6202642507778963
-0.120746310523411
-0.09019477412346585
0.8640983180458809
-1.0115609876121079
-0.5728309005849241
-0.5554029487507727
-0.9075728223471407
1.2269149567210311
1.097131410834053
1.9569256822374377
1.4534960844263694
-0.2553506547654829
-0.7624397546191244
-0.5695909633766986
-0.9862937292218539
-0.7032046533898565
-1.1878126689645931
-2.3430970739402577
-0.8100802634681785
-2.638046871132304
-2.2326203737255113
-2.3273150110568173
-2.5317684816841783
-0.8732157387435899
-1.7486098045278993
0.616072755378759
0.8234373049686605
-1.714651856591872
-1.8431953857687366
-2.0261675645395023
-2.040094455539053
-1.0791794295417292
0.7298364246152509
-0.3985812244821888
0.7023708242210793
-0.7691327419469836
-2.6917892232915595
-1.6925451339170334
-1.9634367999432578
-4.118501856098877
-3.6733968817576397
-3.1185672223566097
-4.408650485727429
-4.617356264164114
-4.404278865416791
-1.9920377216251728
-0.7801990032443147
-0.4702164892140853
-1.0753710896865578
-2.026333724748513
-2.5512612842188407
-1.7445672141591013
-1.798196182019969
-1.206680046466478
-0.705085884242385
0.02715663157153525
0.45937536486146124
-0.523081420404544
-0.1874388073862313
0.5323359487812211
0.33301493381755065
-0.43968004457316473
-2.357182389692087
-2.5724020556736185
-2.7562921620697614
-3.2984568808731813
-3.21833870989517
-1.901713764381728
-1.3791974421089035
-0.7574058974763327
-1.9772764020658584
-3.020932992462253
-4.102763391519896
-2.5328086543504096
-2.676414497281768
-3.718141926146875
-3.679293019381773
-4.830929365993892
-4.562200534703773
-3.8725309768834633
-1.1616203414663078
1.321324133161996
-0.16440387003663304
-1.1928820905963695
-1.1590380402960787
-2.2571599045151993
-2.2281837998377414
-3.2985686641114187
-3.4401992605417906
-3.28417353808796
-1.141582077201081
-1.7047558395199085
-1.0605767282280771
-0.09945960162019385
1.2642876633438955
0.3697583776669907
-1.0705480515885422
-0.011371174607670453
-1.3088446672042942
-1.174186229015036
-0.743120669433345
-1.9951104303475191
-3.6836013654624944
-3.1910861901448047
-1.0909948487111332
-2.005949788344622
-3.310017298987237
-3.818105006933081
-3.405456179103773
-4.780079046428809
-3.3529055945230715
-4.471084109610829
-3.997961935489309
-5.316138323341715
-3.276380337926449
-4.410961190554982
-3.2237929753174384
-3.8914123962644833
-3.2301700624296577
-3.4937687397210837
-3.631158156026672
-3.7452243856059435
-3.407073628954871
-1.9474142640207572
-1.7181318227542015
-2.3226649487937587
-2.057495010279406
0.16789285611810767
-0.7676603678512461
0.9984545889725948
1.1179832927286761
1.305219899013109
-0.23826761566105592
-1.3144706689297814
1.3493229211751212
-0.07897236140926078
1.5666574596569636
1.6764920322880692
0.4346016146832321
2.7886467556275005
3.6468418604050528
4.218064165441397
2.6861463956685414
2.984020078907817
2.0193432641541245
0.2619928390683153
0.4830936659123688
1.804229944796823
3.4467798790279582
2.046070061796204
1.6544758151948065
0.2551416674782865
-0.7570917638192629
-0.7367265815011369
-0.6687088410065534
-1.8423474906574244
-1.0469192759741153
-1.724770153243685
-2.444112090120527
-3.486967986808069
-3.471261506811057
-3.0585099724514
-4.039995054031366
-5.037432443713323
-2.6849028846270695
-3.2040030958953563
-3.1708316925707654
-2.779349950270785
-2.5742010446007324
-2.6413657780291775
-1.7011694431120978
-2.1192172962041003
-2.917479140235136
-4.230517141241012
-5.334171625186487
-3.1939723116568732
-2.540400287935665
-1.904734945454246
-1.9235665892415297
-3.6812633850698875
-3.744785547176034
-4.080426540930374
-3.559228430050862
-3.020103710833273
-2.042798361167553
-0.8931077999278175
-1.7381585773753767
-2.131652556304576
-3.217410340060179
-1.862167462743201
0.41073041579520475
0.981320449860936
0.4674958924512991
2.4631826099208216
2.253077310296661
1.6596744815574616
3.100580122635273
3.933179453999575
2.466902721400345
1.879256173769695
1.9361738235742711
1.878564415750802
3.5467447899685443
3.812227950923737
3.8620290587993966
2.6756915439148687
1.9510952265769954
0.7435104463260025
-0.6185109416138603
-0.9715226961484376
-1.9439881705457789
-0.5719358068754572
0.021975077281366384
0.856782688834904
3.1170272417282336
1.7271534552701244
1.7977874719374962
0.7746734603196632
-0.3320203399803435
-0.5444428450808169
-0.7966713400805661
0.17768793966331164
0.49825235631469167
-0.26799546633667026
0.8193733415082615
-0.1700428010448113
0.17659790804872835
-0.49019895577267075
1.2254847110314002
0.20499362394979603
2.0258059632966665
1.848728120567084
0.101866546650768
-0.3774650382102889
-0.6058408976818674
-0.6081970667510102
-1.4199545555199735
-2.3689294101788594
-2.1627447451775104
-2.104161940549014
-1.3903623419853193
-0.8258332245391995
-1.9393355269116503
-2.219695811413108
-0.9113236633509718
0.959941587542259
0.0840480189346493
-1.3946030111212193
-1.0539142271515538
0.2830396641527556
-0.011205827142802716
-0.538891913860004
-0.07989110962442342
-2.0695406623276313
-2.0047034084202298
-2.4890345296915783
-2.6018697199385956
-2.9058387967624015
-2.3216907543082987
-3.8064683416296243
-4.510048032080724
-5.516745139037697
-6.074981876421459
-3.8882294220872975
-2.5628198785280736
-2.7619246930850005
-2.5795292104584178
-3.1671741003734617
-1.6615001634422097
-2.1307944459145376
-2.2218823449108323
-1.5008848335415066
-1.3048085987222942
-1.5236745469481727
-1.4355589210925062
-1.921115091652286
-1.5151080295104986
-0.39219846866496455
-1.6071295537090475
-0.8898123026922513
-0.5026072214776491
-1.240504787117049
1.341093560308904
1.0756989377812
0.39016534194641594
-0.22808566495365235
0.6497614373973314
-0.4213129901157149
-1.8943322220011785
-0.5368437405134829
-0.053935830082798564
-1.0995441519124547
-1.491063889084906
-0.9787560881788255
-1.3213200221850463
-2.878120390203813
-1.8812242766591925
-0.8328027281470515
0.37706573872957916
1.5306677647506053
1.4908622475514857
0.5217274480060242
0.3057234732240915
-0.8872124722088905
-0.9951322520794665
0.03398939113475885
0.048800741546215914
0.26734042923453977
2.7706167072168117
1.9728861171515075
2.669990576945615
1.982609784364223
2.0562720104624748
0.9889173711978151
2.0867622024227757
1.2337940441988609
1.9565675303106096
2.0325529751560523
2.911494732117452
4.378234058015716
4.2733401767208905
3.622280642350267
3.777892143244878
3.4248889160914793
3.225415444468311
1.6300837093701646
1.174453048796998
2.058931874202237
3.466629773759975
1.5056971728911996
1.8734585487016804
1.7662205940248312
2.3193053996886652
1.7532518568428204
4.029233068458766
4.124610920238949
4.069348021025701
3.9644984797202296
4.9303333372361715
3.25045476737486
3.1466352007415357
1.4038193870230284
0.007283515027294518
1.2136100581682028
0.5607157469985987
0.013426140845411438
2.052329984729107
0.47540098556381616
-0.3745619303732008
-0.3606316796585126
1.9975317745835406
1.9693190439692212
1.1840194059556495
0.9420471891942693
1.5330918430455518
-0.369123025026032
-1.3227587725981642
-3.2791430236017627
-1.6400047633381856
-2.4422530506516407
-2.2589168342569774
-0.951679548995314
-1.0929395084435605
0.5669564418504563
-1.3488721587752392
-1.1753398682741083
-0.608535245687046
-2.1150957540994115
-1.6831049213096918
-2.684095479590107
-1.6402959934597403
-0.8008959800898411
0.7830562394373052
0.5323408243512879
-1.7137105973108926
-0.9849094978399316
-0.53433596785073
0.28540328767839523
0.4965627823119035
0.19156215620706063
0.5525437769248059
0.4435899082651673
-0.5028247861587802
-1.404046819327185
0.41808525261667495
0.6547994238098652
1.7257145622187644
1.8407687835535524
1.1580419124767776
0.3981915238772057
0.9486654195276573
0.28311092859321885
0.18668379223259096
-1.465262694853293
0.06862539727889483
0.44039634717165854
-1.0645832760123657
-1.311453213002002
-1.1838492796295745
-2.0783844658663657
-1.7731924868353177
-2.335895698250189
-1.010048175350368
-1.7394064595084129
-1.8457341438078876
-1.8756619335574138
-1.3615973859207302
-2.00610755240279
-2.5123687870305496
-2.3914813557698906
-1.9325296011096151
-2.5028380972582855
-3.5292980814074273
-4.089542126934448
-4.591932933042948
-3.6530828091916585
-3.8926652185956736
-3.263605889165522
-2.7814231353670227
-1.8940781194848735
-0.9866483755454915
-2.5441780778470213
-2.715827868353972
-2.393671964102467
-2.322960946074553
-4.191873947502161
-3.561243958772741
-4.053852805558333
-5.268745866422233
-3.4905037562929424
-1.6900677056713351
-2.236284404217464
-1.912599926295131
-3.0921806937827325
-0.05589226019426752
-1.649005712179635
-0.4924086408884365
-1.380339935759363
-0.436588966147184
0.1642904829966257
-0.6950651048529854
-0.6295922127136485
1.9147334375477918
-0.8100981819176032
-2.446362052234786
-2.7332264378778404
-2.0591887993241222
-2.824965534540174
-2.1792249883421095
-0.6379657861409354
2.0696309904288146
1.7623073611535676
0.6714892162795971
0.27948996926311004
0.5491129980529904
-0.7655936903216136
0.3087559897208252
0.3832262899984795
-0.1100173212436868
0.8841759959263467
1.2935457321935921
1.623046330434521
0.5760287887649237
