0.0
0.5936581571570304
0.025098523634618952
-1.5942631463780044
-0.4972667698636676
-0.7160331731996363
1.40035841809377
1.9551055575086158
1.612876599980635
2.4602232349397086
0.34560304930631225
1.233480096579494
1.1444136860115273
1.1707877690544382
-1.3624254383380272
-1.909940276563181
-1.4435715846757005
-0.8426842389460467
0.11208784890795165
0.47156467046923617
1.537062119503064
1.2557500625078555
1.0872113538951855
2.1389133283169386
0.7746139693327279
1.16849069356429
-0.28974885012604434
-0.34064931638791135
-1.553499626524436
-1.2279174933579515
-0.7797335801372032
-0.6991589214211833
-0.7020837950616596
-3.147718978404623
-2.2648506058814113
-1.360630753545165
-1.6726642402325116
-0.8775622498905021
-0.9121419688963336
0.08106931046924404
-0.7789501227270701
-2.2179910090353614
-0.748761620502596
0.37338257705815203
-1.248854177252169
-2.0095832833451768
-1.3221405176813583
-0.2763525891248778
0.9663599860308122
0.8832263921043872
1.1726440442315833
2.1690615855335973
2.9263780465837943
2.887001183019081
3.1047747246842126
1.8492535220631916
1.3040204534512658
0.7405952568328087
0.9594612012173194
0.08007264462740915
0.05100804560267144
-0.5340705883748785
-0.7427455204281048
-2.034524536940564
-2.9259301945439695
-2.183810210441772
-0.7123234080730272
-1.1006579144431208
-2.0891269596292
-0.7350797377862401
-1.476818017508963
-3.2877110795918556
-3.0416733102564937
-0.2320768078290607
0.1663072046939556
-0.06473993080834778
-0.07785690978341761
0.7850616961454173
-0.209059508460676
0.6987887280527372
0.19800616698683948
-0.17342242808512845
1.5395287074501294
2.3472483818919354
2.1704778979843056
1.2430478638099207
0.3939498918836457
-0.32312666311131333
0.4112155155301934
0.03076343720975372
-0.24608526348394436
-0.6323389291990312
-1.9832918239962707
-3.2628464470459297
-3.5892898783501863
-3.6936220036977816
-2.210165423028908
-2.3865030271510093
0.35202049004393965
-0.2799010821387468
0.2841071862456072
0.2520085996557599
0.15124134561667218
-0.6500340135629474
-0.867653299147127
0.29531658094492896
0.4167541941726056
0.9220119931438444
1.3175271005887481
1.7436195679752804
2.2052420748047226
1.849095542286054
1.3049286044459514
1.0892392427884945
1.6332282301379122
2.4787238981228352
1.8949017058394304
3.0305112721838228
5.542026175503901
5.436646528324201
5.723413022361514
4.6503162829548055
3.183878877750737
2.1793327150126203
2.6039580360561727
2.3105617712564563
3.4874561357188245
4.998224219074607
4.2011043448435
3.5546800003998493
3.495149095779357
1.766918621578561
0.305137288988796
1.5376862032764047
3.1845121136688697
2.6197749857886965
1.7333351027562396
2.5925961087571547
1.3583253176053653
1.11329151842354
-0.19848687410443344
0.1509544695258176
-1.0994900282042668
-0.36191936259153434
-1.73500783155444
-2.5212695980214814
-2.2918473281284726
-2.1418206449519364
-2.202944190994277
-1.9383042111687097
-1.622736571227707
-2.0464171958011255
-2.7724409375451593
-1.8725701512907964
-3.1139064796280547
-3.331406235152968
-3.6300665702787986
-2.6614312856206763
-3.3031473991086875
-2.0041372854665394
-2.3413306044993325
-2.8653664974136195
-1.4075524765040268
-0.9661043930622069
-2.0140699810281695
-2.482948044574388
-2.5793075070835814
-1.2103039271926315
-0.9723596065291935
0.2301087030997433
0.22371885507914138
-0.23889415083023188
0.9190761945613539
0.8394300160356618
-0.28858472621260645
-1.1835507292952183
-0.6465674018095826
-1.305303999964049
-2.7661711471745534
-2.8783050184055825
-3.3863429516054513
-3.440926560927541
-3.2314889888815705
-1.0883883637022247
0.7025121676767003
1.077416289445919
2.735958819811292
1.4510922275610183
1.733347365066221
0.8349652821277174
-0.3066826425750693
-2.2175468211572085
-1.9418166371443077
-1.8149812813854624
-0.9239076720401779
-0.5579714723928288
-1.1460873978433783
-0.5555535600550505
0.061072401965437395
1.0827163700965703
-0.31923157835515814
-1.048701378079745
-0.09556483312376896
0.9079477375301174
1.8860608885232133
0.4245546224842207
-1.111791938524874
-1.4595796611762009
-1.21236530540364
-0.5705048743941729
-1.4104575592135822
-1.2170671217240845
-0.03494182567582316
-0.38729140115803884
0.020110209971143878
-0.630123928166288
-0.4056769932988416
0.42804470293180935
0.1852630922377767
-2.044904877819244
-2.820825342550755
-4.378727657333544
-4.0623133314619055
-3.3532144765918934
-2.8938254464147968
-2.109010580610578
-2.2598177337879806
-3.3435316813935927
-3.4338595856713026
-2.3517550839931913
-2.635650463124609
-2.607797656668078
-2.7171318251004206
-2.071952943109644
-3.7242272863603327
-3.005771621715377
-3.045949033079781
-2.815078937231497
-3.9608929062423344
-2.8777089797386193
-2.029085812474664
-1.7133217816666433
-1.3940798215056498
-0.7755285019489793
-2.9140777275272045
-2.471423673935339
-2.5428487668149136
-1.6327770423264725
-1.6274676358755316
-2.072237768996655
-1.656324320096251
-3.1658676815627715
-2.6967829991453978
-2.429001215640877
-1.4791588804079985
0.8914150371188501
2.88664813918016
1.6980694252583055
2.8035026937214513
1.960840549884138
1.9595738035769463
2.6102182521722685
2.039721162450599
1.410531507767777
3.0384300708935488
1.8851694320665764
2.0689405721883167
3.409446280771877
3.1284280147138133
3.529413660471144
2.2921620302328876
1.4720281269070248
1.1353500662755542
1.3859271382017289
0.7227220318051162
-1.0653643154088899
-1.9069732326088447
-2.7177720567339496
-3.4411038739915734
-3.287897913920228
-3.47343127659373
-3.2910451822571183
-3.7936450625227596
-3.155815049494061
-3.6162787536645222
-2.1633796054929766
-2.226324627116708
-1.664396023265283
-2.8069928648187017
-3.9163701140781795
-4.602114499642295
-4.732801144146982
-5.146866414696901
-5.786775924620858
-4.359337845277628
-5.003668775139447
-5.769158601991126
-4.710929310861572
-6.158499647076734
-4.698605163112275
-3.468238977207017
-1.4477669179039743
-0.8420001772534149
-0.4464613412488431
-0.1906612837863022
-2.038265320174867
-1.171302398834176
-1.8697044795289377
-2.1882301256330097
-1.328056436726865
-2.1080407118798457
-2.034293202497427
-2.189753331875311
-1.591158713635418
-1.3943099538505128
-1.4728069858782298
-1.8185614057549855
-0.8223762372146816
-1.5064607902143154
-1.1463912988374751
-1.5900636597225608
-2.4285154437214573
-5.004492464774111
-3.5113700991835177
-2.388055019693236
-1.1731244975997717
-0.5919462920656438
-2.28402038984403
-2.3735868661461286
-2.0276325662273846
-0.8619863877878898
-0.38426317586662073
-0.37133661041792987
-0.5916264556623105
0.19666830974539884
0.6382061149460031
2.7373547531783085
1.9429249685646064
0.7690251456438351
-0.5205349385407738
-0.7657169054155499
-0.5223512617895961
-0.3859159261798396
-0.6920585768272454
-2.521071670775152
-1.9572677782746217
-3.2528528386269944
-4.090548833394575
-3.984463811460217
-4.621679246555102
-3.929472892362562
-3.969861664848062
-4.959777549194083
-4.229456593945843
-4.755640290076759
-4.302135287163838
-3.3922092477211425
-2.909862192568939
-3.3882457352072874
-4.066773105566425
-3.603361203086169
-3.189189511310934
-2.611875822444145
-2.84433362825407
-1.522987526331168
-2.2769398864315216
-3.415317889414178
-3.365600948118402
-3.514509020751083
-2.525721624989097
-1.3168457411218166
-1.6426101281608683
-1.8931170311858796
-1.537436994760295
-2.6533822281479416
-3.913374167458107
-2.715124184022915
-1.1814087290901978
-1.2812373518114417
-0.9301102849326253
-0.4442808474270426
-0.31189828386787743
-2.1547861317746086
-3.5104967388167587
-3.424743817211162
-3.27574365451565
-1.7782875959516675
-1.043433287170421
-0.06588047027639221
1.1456870276244775
1.6377893114846458
3.0498319216218963
2.967653240558989
2.20186682663537
0.5754254622415005
1.1562289292859318
1.149755018416389
1.602539216088486
3.0089537570982015
1.1959100267427543
0.9963113624862205
0.5305346046598607
-0.461009625847455
-1.7446337684086655
-0.02424433711557672
-1.0047595339178925
-0.44026127477882177
-0.7488114338075604
-0.7334390001783991
-3.123139132542196
-1.6712354924443835
-1.082953996911458
1.1653011294123963
2.0577455305233303
1.166413942182852
1.925342820534794
0.16201945661179828
-0.25974249717054754
-1.1064570780567728
-1.2188763748067306
-1.1614155680184899
-0.16368583074695398
-1.5991766169706243
-0.5886492352775342
0.22350751070240515
-0.3436470697982384
-1.071915080640864
-0.474828458678471
2.2288852890192663
1.3240090964079487
1.3349094104780566
0.8581094925610266
2.0279266648525294
1.5344587544930002
1.6073600385491897
1.9812430645945276
3.302746796785782
2.6090709952356868
2.4726307573947235
1.598292505774768
0.1288851970933247
0.48205994044593503
-0.24514729720241812
-2.741426832282852
-2.240913114097673
-2.2282367884954795
-2.9107614692815593
-2.2379456799410202
-2.3740200359884858
-2.405661520422977
-0.7492422127779539
-1.7664203332106885
-0.40014887812029376
0.47865741846306076
-0.35761417181557187
0.49701499021467377
0.318362479096702
0.9306660556097212
0.341283509937892
-0.1797269811360238
1.3082237395924612
1.0434979216102174
0.07822081365987033
-0.2717493919701493
-0.17301833411996148
-0.7922502144496228
-0.4619134033919471
-0.48479638373786577
-2.0687952467549717
-0.5095737911014093
-0.4334161342333886
1.6056618186664613
0.04382175939255961
-0.11595094275401238
2.291441054223875
0.9974231467354455
1.165958676315348
1.051229931832433
2.7463445958640262
0.6696226911462686
1.9539397815035062
3.5168017902325177
2.183880711960834
2.473718702847632
5.359404123483655
5.787269232576889
5.292805558878942
5.277052947443646
4.900076574580044
3.3301788593210566
2.9043100857287967
2.2170686220932585
3.5145209360820973
1.726854018460574
2.1744997762549425
3.4519205152147503
2.625566779183074
2.203016919974807
0.9556701499154736
1.4541995979155327
1.0848037304636378
0.950349727934305
0.8099340456595062
0.594970882489904
2.4442567697939768
3.255413537555449
2.749939168095938
2.41731398029946
1.283974502073277
1.7661081976048703
2.8882564356727913
3.2483685840737904
5.0260690105794446
4.133099371841288
3.183070740516733
3.8250736402093217
3.6559846115535453
3.365630861472071
3.939333334762882
3.981605862947125
3.0267240174433456
1.8568872624165702
1.5933433990132642
2.8155768657259443
1.661385832153838
1.2047534315706527
1.1670566023404323
2.6308489475874994
3.563983894368539
3.6385691536142764
4.157218275439734
4.504926306473104
4.822392592136261
4.880376130328902
3.0998142461006415
2.418287090440335
3.3585788860178294
1.5015166232024415
3.6022046263134846
3.2085232066398195
3.9462018924381317
3.3847424247887172
3.3809673841678825
2.181541298241875
0.767557277957682
1.0341794040063577
0.910562524545746
0.5117072307871793
1.429420391894258
2.3995252475907662
0.8682066900958691
