1.0
0.9384205355885222
0.8807031145052926
0.8120574571039584
0.7328223971687924
0.6687912866003884
0.5925271959533094
0.5377516155867091
0.4971165545134771
0.4957045999212158
0.4928683190298299
0.5173682905169028
0.5294221176957508
0.47526303843621326
0.49978761511908715
0.5128653891094135
0.44418180108631533
0.34686446537438226
0.3200217472449195
0.2931576076484573
0.15670859304040163
0.16554169942157665
0.11440030131358739
0.12713677881573496
0.2214814929585463
0.23624479722204586
0.1526168463885684
0.20956570731041174
0.14780734980509627
0.14086890103520677
0.15266871023836698
0.07333251518657403
0.043315473011428
0.07435007190108547
0.10708122004311879
0.0956384759667602
0.17169600781020125
0.14885508515848206
0.10505491459611874
0.1300442127349153
0.07719772323562736
0.14984505697409717
0.14567645771525184
0.17546387477784656
0.16510768052763705
0.19423289836177351
0.24685565215828476
0.20996825595335888
0.16908556308339928
0.16985189605823925
0.20007717690866694
0.18887361142681736
0.1872922825314034
0.13405120915146532
0.07400342851479427
0.04064484455163349
0.08706579972428785
0.054600093160098444
-0.0009930215349324076
0.12628603546663716
0.10854624005223307
0.07909646258775149
0.1656300356139187
0.20139597518567243
0.14302719880635112
0.23649073659915465
0.2036297926369022
0.14254734609092556
0.08405254216048405
0.05086343962286362
0.049309438331857074
-0.006544251912431555
-0.02122261121163317
0.08519745254060514
0.1184972781467302
0.11004568010146124
0.1460090029112959
0.10549639322306154
0.06423104467744317
-0.027934629717397165
-0.072410874688488
-0.06698698456377931
-0.06262231064208167
-0.11403624828951366
-0.09956999929675664
-0.05651830950497805
-0.0487568188807352
-0.1326614336248129
-0.060890284388131384
-0.057450347013827535
-0.1047425062627308
-0.09177245121872557
-0.08338056200981561
-0.1209014176975829
-0.07605171222505173
-0.08871633201022372
-0.1298171743457156
-0.1069733741502608
-0.05241048551446379
-0.04054191917553502
-0.04402030974835013
-0.008078378453188942
-0.010419887479888163
-0.08388976277475337
-0.21123004945194512
-0.23719383291382648
-0.21786786942754718
-0.1975864131066269
-0.13233345199715343
-0.07326076846770024
-0.18848823931112474
-0.17319726577632216
-0.15301801742792806
-0.18163571682814342
-0.17300519586614868
-0.08019517202204378
-0.048533953995587215
-0.047349773469980844
0.021975975808744753
0.021067351811652233
-0.029969361926915895
-0.012444760854575892
0.040605657371407686
0.0207676071368886
-0.011738606670279858
-0.008670312203045934
0.025733083147848532
-0.002347801878455541
-0.018285475381064085
0.03954500428441421
0.08482182273983631
0.011906304438577736
0.03265437347964528
0.036493437325306896
0.045164711606128
0.040064225655960094
0.03739542828905668
0.03213967076745969
0.12446659940993175
0.05335863536519605
0.054277701906471396
-0.05247203780612606
0.025935866701325618
0.013013411403236946
0.08540247884175048
-0.018609216296198175
0.011831713458765356
0.009653869449290734
-0.06081375520784603
-0.021108015947456087
-0.06996718874728322
-0.08777011783703575
-0.1641800342526792
-0.1799059443912206
-0.11696068744502885
-0.12740937213787767
-0.24917690891791966
-0.26805500034256957
-0.12884830416326043
-0.10541037801237366
-0.05457488525245516
-0.09580487851069264
-0.11489543035443284
-0.13675123868917335
-0.13891185245300247
-0.1425831812099901
-0.15129079575836213
-0.11654996432737003
-0.17734514141294763
-0.19524527608076786
-0.19445951260511768
-0.15263031322825477
-0.1410086254385253
-0.16854611411645198
-0.049473495692126515
-0.04663420920565929
-0.019413589527650925
0.0010835552386729216
-0.03121322435645179
-0.04075039152417976
-0.04016790702399636
-0.060550283991238324
-0.046905860879996854
-0.03279572730801633
0.02414049501177612
0.017226029722023833
0.020330500207350034
-0.05830535310432003
-0.04470301440538629
-0.11053551171202733
-0.1012990232302427
-0.16502956698625304
-0.15926064559530145
-0.12719616023337646
-0.14928266388945363
-0.12184541099386692
-0.08364213783581186
-0.14987912691901206
-0.12339965694843091
-0.13729782042796165
-0.03163020106581718
-0.05554830549591368
-0.07377179202366187
-0.03231040489567477
0.0009436252282018602
0.0036528847754458385
-0.09209563553740595
-0.09463648484056203
-0.1602429630507917
-0.14198554451399883
-0.10802634824381586
-0.050029475165406734
-0.12995077530342156
-0.06439729875512959
-0.025477984718630213
-0.04293698642447565
-0.016348812949636346
-0.09783667309903649
-0.12035552010268996
-0.07334534006909643
-0.006734202427953091
-0.0037229073967367586
-0.013413526142407664
0.010970548249831388
-0.10717211866572311
-0.05416315965654599
-0.15488743138994127
-0.2324779938554045
-0.24252444300151874
-0.1887687723940647
-0.19073455020359265
-0.24601299312401986
-0.19177691390771623
-0.21065502372638245
-0.1514169982422545
-0.11111262400509257
-0.13598175994775832
-0.20384087529578904
-0.25024919528245165
-0.1228066334705514
-0.07698030279613063
-0.1847865785790691
-0.301950121967208
-0.24978733897291086
-0.18219232586437278
-0.20608481334045597
-0.10902534132039614
-0.12052514964436946
-0.11662510271445324
-0.05505709366052698
-0.06589439876069839
-0.03579599983204291
-0.04633478216866192
-0.08075105346229589
0.054651043782976375
0.04681800581277641
0.02132972876688286
0.03612446755655027
0.12583698550332634
0.043743953257287235
-0.02109330292497849
-0.03843785401066614
-0.055042118697092954
0.016721258310171017
0.074641062310228
0.053593193851931405
0.030587240187315422
0.11370236222730645
0.1831131177759862
0.1639238696817534
0.19785865664567218
0.13974992173836295
0.044680909636452756
0.008401371567413163
0.06966991826443675
0.036360337625276976
-0.005115956648469297
-0.09193392081829252
-0.05726095473797312
0.009898518790624082
0.03526489921101593
0.014436060182879809
0.019089210716728103
-0.10766839219759049
-0.11405267381570831
-0.038112589099856375
-0.01047238646120719
-0.020314584233228062
-0.0936266109980363
-0.05882763129232428
-0.062132014891495176
-0.1286470779434622
-0.03688067597767762
-0.0760858346993323
-0.09935802243092126
-0.05680969981990258
-0.03714359371243206
-0.06509016278549795
-0.023937675694858933
-0.015516624507842643
0.10013379005410793
0.14616622580598615
0.14413478686056264
0.13708296174766477
0.1223011852859601
0.17026050652970914
0.155310887165543
0.1393259303024847
0.05327593110999847
0.058451853999426574
0.06218033478446327
0.13225364320616437
0.15740683680725454
0.22445185600055906
0.2237968254589517
0.09862864334107313
0.045201350794780215
0.024477226172837117
0.06472575008799714
0.06121723020279731
0.10990255321257679
0.14181256656564947
0.14687371428670473
0.1445396722337809
0.10375371083052164
0.1211224763383893
0.11582569395367542
0.14025576870171189
0.08546465766042044
0.10927355260549804
0.08875476343686567
0.08206510948950897
0.036273479432262175
0.07277079964066382
0.10794920500013697
0.04623812815821142
0.092094754533947
0.036238808916535026
0.011294193678975432
0.0394058318221219
0.0284716046975987
0.003940738149942041
-0.08019162312278998
-0.02723860964242031
-0.040629498184896556
-0.0024584955001556233
0.01616151035447528
-0.04708556833517633
-0.08824182996442123
-0.03509266159389961
0.0006119125467123065
-0.04224263166151401
-0.027022537410086225
0.03448081506305859
0.06023501802842568
0.07241111209160558
0.06944455561391129
0.032948568688389815
0.09541647653837909
0.03794209080902389
0.06628044878397486
0.06593168483687742
0.06202781970886419
0.050939511686197786
0.11959632939798645
0.10765562044970463
0.08433260190091114
0.09502853280681374
0.13919256476168293
0.06281640645359315
-0.024149168890171636
-0.020529296687983176
0.021425435173082843
0.032535521818767246
-0.00010203904686876056
0.02354065822035468
0.05619914878399855
-0.03827957126290761
-0.03994374298814238
-0.04028209143785766
-0.060863375397160024
-0.028308835828778075
-0.09678293249078115
-0.15736324748156472
-0.11367964287916707
-0.13170989306119663
-0.12691241422465294
-0.09593479143688528
-0.10690078835867364
-0.14789155004149993
-0.10515564300891896
-0.061893095082269534
-0.03971099413521839
-0.09056773235269092
-0.01948258857438956
0.045498386167421564
0.014966993974262165
0.032091348107851005
-0.05853885090938106
-0.06640406643457694
-0.002840911345003666
0.01470674822549558
-0.04805315205199074
-0.09653919971349043
-0.05174074090742625
0.01646011746775422
-0.046631158594204136
-0.024947018043775405
-0.07933807593689826
-0.08321438952257183
-0.05306294722264122
0.006182146045938308
0.02104718401016047
-0.037600907993395535
-0.050953554460103495
-0.14642475648447467
-0.11354825768727538
-0.14570773028171377
-0.09215106155098678
-0.030563157091869367
0.019183375643613297
0.0380076813578116
-0.05187891476430305
-0.11311645001817026
-0.09151248764152146
-0.13004386551358132
0.011659016635971645
0.06486493314133537
0.006354148418857959
-0.0010556954692562907
-0.06492703624552597
-0.061286400988196425
-0.018200438576274826
-0.012038587548324129
0.0011011845529505463
0.05656285431233885
0.06549460064389823
0.08653053087091712
0.13706377126581057
0.20616548549118813
0.153283271917377
0.11313922819924985
0.16524633969578922
0.09670005827778297
0.04757009663172006
0.05635882518484108
0.02674761504139668
0.007434773170164794
0.04456615268908193
0.12047420425134978
0.06264116160036223
0.06754431325605466
0.05047097101820621
0.1004188172254572
0.12581529782291934
0.03263398410203815
0.04410343922104206
-0.021198405568888662
-0.05284991753780535
-0.038471261785017453
-0.05084595560255796
-0.041055490384810524
-0.0853348793033886
-0.07147051487658991
-0.06284624406884062
-0.0411521010058634
0.029138552647437407
0.010234708986433975
0.06909163040146946
0.07262861719194035
0.08442251553059267
0.11631448997322062
0.061316367821293155
-0.027786227209243966
-0.022366834704549567
0.014921859962239367
-0.002864417285816918
0.03186152747457788
-0.00012576819723240235
0.003969446807699702
-0.09342700901264513
-0.0628143862900549
-0.007577254842696168
0.0056685564512990085
-0.05499628508657818
-0.018280303224677295
-0.051065981250664874
-0.06566581679492564
-0.05074387862305055
-0.08912136151960046
-0.023045291895808485
-0.014654362225728267
-0.04162816660508601
-0.14174046343220675
-0.07074058298258462
-0.07653223521930612
-0.1602272660659499
-0.15882957312131696
-0.1595255820325084
-0.19142506992949507
-0.2436558923357739
-0.16126368215304765
-0.15194975508312566
-0.16067869699505863
-0.06635700286980943
0.10948944955697157
0.13612535244808316
0.15187481205060074
0.16866760212701998
0.18026284101607354
0.1540957879881247
0.14667156316222593
0.16275472823875856
0.1119439448202545
0.061754500162824216
0.1539615495200905
0.13862771133610927
0.17904473161803602
0.17182780660954666
0.17026293254364436
0.2044319621196531
0.2223894414944625
0.29769468528033866
0.249391655002927
0.2798051410888116
0.2307041435601416
0.12214274037725247
0.22832934555829654
0.20615657319099362
0.27770681757153076
0.2073154061321239
0.2241547625508592
0.09529712271510145
0.15177048619057182
0.022282621663944943
-0.07074488800935383
-0.12847346156368813
-0.22187622621503483
-0.24183464635589993
-0.24463581139884336
-0.1451095148132965
-0.021349276563370684
-0.11341465835413825
-0.16576753698401497
-0.1656947128345872
-0.15473992145710747
-0.1301200225933984
-0.07725719949066921
-0.11920060234145208
-0.11201645639901597
-0.12091613047567296
-0.051252346004800754
-0.048923203767318325
-0.05890118268412513
0.009000771534028923
0.02854776909970087
0.014180211485565348
-0.04190677902216472
-0.1450718637576448
-0.06993739089967142
-0.09270602391453565
-0.10821459255433721
-0.06700138211651444
-0.18734349826848534
-0.15982211093364745
-0.20159829487053477
-0.1938410984908822
-0.20160296171163064
-0.12452106022869362
-0.07372280732263636
0.0023873338462522403
0.03319056599128793
-0.00022500694435476434
0.002877823735315156
0.0698859497444796
0.06783802345204668
0.06369874099577312
0.14646326290534445
0.1374962576519039
0.20088259705151595
0.151908347608026
0.09821758644840889
-0.023975113612606014
-0.012457592132867314
0.04991038985943241
-0.005215895579574935
0.08020483191202124
-0.03764010934152623
-0.06952816986855738
-0.09831257805779776
-0.013781958796968516
-0.015344125673760391
0.008556634876304758
0.02072935073594423
0.03942969680718255
0.033759555735498326
0.05712800858192563
-0.008392984718593316
-0.04317253184203712
0.11518729156025449
0.09289059284817261
0.08972120540627324
0.12634450810257578
0.15980913979140643
0.2234655439491091
0.17665089854948718
0.18141532505650834
0.13928278417841466
0.14228679223083351
0.06055552692314198
0.08633627855381848
-0.001309268712038028
-0.00839757106403657
-0.07846367650418395
0.012893476519655458
0.0018418136487585168
-0.06301917866641081
0.01785579581916085
-0.007455303910155083
-0.053258536404714056
-0.054464693286494344
-0.027773271238233865
-0.12018170501132111
-0.13409741456696805
-0.09722993273934837
-0.02428348488441344
0.005253621305041312
-0.021056813153733665
-0.06703409887762107
-0.09608260522074663
-0.1061188576748521
-0.10356607412675245
-0.10929848237992174
-0.15503246524087894
-0.22365965238162788
-0.19483257637438525
-0.19942418755897676
-0.16643442300067002
-0.165543306895145
-0.1868150465968903
-0.10592340506235262
-0.06488251093716316
-0.07697725588288282
-0.040903802443787426
-0.03972084750887566
-0.024442748432127844
0.015982694501292843
0.06294425260820014
0.19798901586510753
0.2216017765103925
0.13290139082071772
0.05550382002977207
0.10814278585779583
0.08302397034610565
0.09084223652313814
0.12974458794141303
0.10599349550409848
0.12789051499864962
0.18788597769193366
0.19241367734351017
0.14021898899247326
0.2069179641186254
0.14444681459428163
0.0461390485836827
0.011383224085551407
0.013357460687150987
0.003025013594388365
-0.01135895194207184
0.010370046421476705
0.07008228938434419
0.07651678782233266
0.011201682988204897
0.1085891382929283
0.11186333200605214
0.09064138367505035
0.03840575555984325
0.057436935497570105
0.03631770502377958
0.06664065839833899
0.004773828070120945
0.06011812142969336
0.07538604585291458
0.12882823852740954
0.11672311297150008
0.14857707013461316
0.069005422479078
0.06968470781243752
0.059551744342360616
0.04865562100552055
0.05787494761876985
0.09420277199230906
0.12759470112873714
0.14553840007506263
0.13796099826960553
0.12200125129908067
0.06344683556388378
0.037626345568446094
-0.0013231605447306394
0.041913964968819876
0.01565446976001724
-0.024230356250349534
0.020553808716344605
0.05390230680827286
0.041430393416569615
0.07079501342726013
-0.04481762965666533
0.08883507541439659
0.05306927283456746
0.12951269948760524
0.15004556430912183
0.27613713681108465
0.2090352579022114
0.2547854684116712
0.2773122716074772
0.10879294826292121
0.1611275582100349
0.10402773751160274
0.1454410911760092
0.18104827353409858
0.15444316211707232
0.2137787860518744
0.20423023369019322
0.24783795863082192
0.17346042096085723
0.18178611712054885
0.18072386794798864
0.17081386079329317
0.08537515926612045
0.078746053476523
0.10577779932925649
0.05141703180893842
0.03288870397591112
-0.041413008723548056
-0.06126565208905953
-0.04623244865056961
0.013584892792662985
0.0056044495529873825
-0.003811824836665976
-0.10673473570787437
-0.049557606303957315
-0.016307285234632665
-0.014002907298528275
0.0048023673568514565
0.11586913655123852
0.12169439839717085
0.19403109847112002
0.21097601930775253
0.17552450480066203
0.1368865006372958
0.16621689456735927
0.14606809845515872
0.09383982011544448
0.08122722800031527
0.04223987616840994
0.08253455437699861
0.0131751333240629
-0.029846912774048343
-0.08356359381110279
-0.1132194704532607
-0.12063927667964253
-0.08055324426238712
-0.11581886539810886
-0.08013288552278519
-0.11236925424356854
-0.03347557879031034
-0.03300958016148008
-0.03483775135399516
0.032668926984908656
-0.013734810175244267
-0.0165489124115595
-0.029323592510818126
-0.04641059433006442
-0.06787699190080917
-0.06863941938334495
0.009580988796662596
-0.020012229955904202
-0.03240684221386382
0.030543707194984754
0.012054077074742538
-0.06804009335167939
-0.04362519235352863
0.01383945843068677
0.046288511428381196
0.018791802101736123
0.010332728117191905
0.05359417571965054
-0.018852719146704312
0.03411368956686314
0.09975649138431986
0.036606270761534734
0.0363185771762044
0.01855020303460498
0.012593656042948945
-0.041128678263129465
-0.11154902575263326
0.0002934836941471952
-0.03853585390474291
-0.050660090232736536
-0.05038899697673387
0.009624010385442396
-0.08749442386539515
-0.06258311635898373
-0.07571822188792728
-0.024035181819031262
-0.05092586700608705
-0.06834661949501053
-0.04878154500653469
-0.04452603546019423
-0.10304061442939194
-0.05047677500447546
-0.04735735457492528
-0.04876332028602059
-0.09708035493212536
-0.15224564051027906
-0.20474962908026323
-0.17486747034671743
-0.11115605724190679
-0.12282924627073036
-0.046477037865230456
0.011392445459806153
0.010414943264795614
0.03981384112802505
0.033861271227571925
0.11525988069066417
0.1046410595126375
0.05183420321551833
0.08842337234098442
0.028351782062532638
-0.06652840496333584
-0.08216180864362793
-0.06420646663593077
-0.09241317575028596
-0.09077349653839656
-0.15859667668120725
-0.07792753678270574
0.005697743477337883
0.020363370164622665
0.01828267166169264
0.029551406876780997
-0.05620694208368705
-0.06076785132106331
0.0011968817410513005
0.018464444207108046
0.07484781513429063
0.03674466172257782
0.06307149192974774
-0.03130089053144018
-0.009751479526020485
0.060804315425635115
0.11032170196972085
0.04358860867414014
-0.040551838014704286
-0.0424752174159307
-0.00920349956325596
0.021996094001618883
0.07016321476638758
0.07456835414742634
0.06583685032514656
0.019643322030288603
0.04533914228829966
0.08465471281063226
-0.008324792816725657
-0.016861189075106517
-0.03781838498818422
-0.06902240127293058
-0.09476630238582598
-0.1272176988161371
-0.10087970498741096
0.005136744736449234
0.09966071598578045
0.061940494994976024
0.16809709105978568
0.16272180082904145
0.15065510573464855
0.09025579274255387
0.04885683895378057
-0.027694794905548457
-0.031832734155317406
-0.09060804490702462
-0.07797667920358997
-0.040896930958240665
0.0035337432315048073
-0.012665286450479877
-0.03943579454268071
-0.06433234903754532
-0.11676846614447642
-0.15648943405356736
-0.09803648802053078
-0.14763692568752693
-0.07688732583897212
-0.049147265778230795
-0.04643900455648346
-0.052427313198298645
-0.059402657126372826
0.031232455264943712
-0.07568869174425576
-0.043226545900987776
-0.09478316156622105
-0.0872892925553201
-0.07485055786105216
0.02274741128473383
0.010916568220294999
-0.014117739841170176
0.025004038767542175
-0.08844983338789057
-0.06816170961904582
-0.08817961691359757
-0.1669948615313211
-0.19625288581264724
-0.12445001077809065
-0.10696283114702537
-0.10950118584686579
-0.1376142692480363
-0.13533414555446732
-0.12643061655468793
-0.08304434591602217
-0.09492856381249365
-0.11022706245430947
-0.01275124935719385
-0.023632062905205805
-0.016167785859462463
0.05975602384218688
-0.001968972090944189
0.008475421028495354
-0.01813545782822499
-0.052384520286485596
-0.14048070329549378
-0.2286393166168597
-0.23801771307332115
-0.24461345025543182
-0.18048468725345004
-0.14425546680126689
-0.1966226449717867
-0.21090791544202403
-0.23907465812584516
-0.21202194222189666
-0.17488580900440887
-0.1863986435986494
-0.2968374490980953
-0.24859497207655634
-0.1931496497906167
-0.16054932141590872
-0.16391781633066627
-0.14423656785165007
-0.11311159006839851
-0.13979922635341996
-0.14014028376256382
-0.0809713803190949
-0.08181938389010686
-0.006514245673964067
-0.017283064705248898
-0.058536513888008616
-0.0012528592210463568
-0.02274600691258741
-0.014297124742433026
-0.04140644187829125
-0.02304400268741237
-0.036286742624911314
-0.04231538447724609
-0.0003714421171535226
-0.09659984145473181
-0.03888442468349368
-0.07536545062186643
-0.11124189650361221
-0.14852176696585156
-0.14909109148659713
-0.15354113258184116
-0.15258727682539214
-0.15684621703366114
-0.137542758189819
-0.16764411596362894
-0.11337563063151077
-0.15874676099128776
-0.14696963562788545
-0.06054769733679077
-0.002219036457962578
-0.02044402240294944
0.003164207629200517
-0.005003022267976472
-0.02698579223345543
-0.07327604320225942
-0.07836275429769884
-0.07503754732642397
-0.00018881335415203704
-0.03004849334151277
-0.017710163687053516
-0.027382778447354664
0.012201399524359453
0.06099169010902766
0.08961227082216634
0.016131571188481922
0.0709800458913868
-0.08946990461313381
-0.11636628563064219
-0.13383449001962006
-0.06163638933198603
-0.04673142951740961
-0.0669291844552041
-0.03502142094835945
-0.022811828668036514
-0.056002187614098364
