1.0
0.90595
0.82076545
0.7436006462125
0.6736955545334125
0.6103646710395538
0.5529884728540883
0.5010064442607625
0.4539111441806118
0.41124302421620373
0.37258583025637926
0.3375624845597729
0.3058313790384433
0.27708302903185306
0.2510370476565258
0.22743940758288858
0.20605996171387325
0.18669019767480538
0.16914120375940134
0.15324182626648203
0.138837000142364
0.12578623659099086
0.11396225287319223
0.10324973091743025
0.09354419262778764
0.0847509809166408
0.076784336522361
0.06956656160745606
0.06302726197936954
0.05710266054317559
0.05173497529023498
0.0468718557563467
0.04246587245320319
0.038474054293614696
0.0348574694990531
0.03158084590214763
0.028612226940981138
0.025922659990135127
0.0234859139888088
0.02127822361206896
0.019278057490160073
0.017465908215341924
0.01582410208821386
0.01433662674800174
0.012988975005704046
0.011768003357018414
0.010661803795140205
0.009659587673236948
0.008751580483921688
0.007928926529520637
0.007183602553394369
0.006508339489968002
0.005896551570306724
0.005342272091810876
0.004840095225599254
0.004385123294034201
0.003972919004191818
0.0035994621714153796
0.003261110510881379
0.0029545641147825093
0.0026768332686773156
0.0024252092931228006
0.0021972381262115163
0.00199069638936644
0.0018035697029658662
0.0016340330403129132
0.0014804329283439929
0.0013412713214816443
0.001215190991355131
0.0011009622898962988
0.0009974711567125741
0.0009037082537742833
0.0008187591214480571
0.0007417952598691545
0.0006720660486702809
0.000608891426260873
0.0005516552572586381
0.000499799323386613
0.0004528178792296006
0.0004102527197528519
0.00037168871147703084
0.00033674974372548355
0.000305095060456757
0.00027641593690712037
0.00025043266863073523
0.00022689184357190396
0.00020556387056420674
0.0001862407401522413
0.00016873399589749794
0.0001528728963827318
0.00013850274998905535
0.00012548340620501024
0.00011368788875351482
0.00010300115720572065
9.331898500392882e-05
8.454694295104318e-05
7.65994782526407e-05
6.939908012965453e-05
6.287552386397847e-05
5.6965185904250186e-05
5.161042335211255e-05
4.6759011777148434e-05
4.236363587755788e-05
3.838142801904519e-05
3.477355015133485e-05
3.150481502479232e-05
2.8543343012915778e-05
2.5860251193724905e-05
2.3429371657690618e-05
2.1226996294892827e-05
1.923164557234255e-05
1.7423859046378102e-05
1.5786005567025042e-05
1.4302111323263168e-05
1.2957704052144279e-05
1.173967189234881e-05
1.0636135505595054e-05
9.636332218714663e-06
8.73051105644438e-06
7.909837641200002e-06
7.166308032330134e-06
6.492670664533157e-06
5.88235562411106e-06
5.329410573298964e-06
4.8284426977471275e-06
4.374566110975387e-06
3.963354202841271e-06
3.590796467281449e-06
3.2532593882720707e-06
2.947451002532918e-06
2.670388793359188e-06
2.4193706024528555e-06
2.1919482760598043e-06
1.9859037883862907e-06
1.7992276094289643e-06
1.630099106242187e-06
1.4768687864982918e-06
1.338042211164111e-06
1.2122654193958173e-06
1.098311723502624e-06
9.950697451920294e-07
9.015325764153737e-07
8.167879591005898e-07
7.400093879961209e-07
6.70448049852989e-07
6.074255203287128e-07
5.503271473867537e-07
4.985960566604887e-07
4.5172772031666086e-07
4.0926503644900963e-07
3.707938710119301e-07
3.3593901881511327e-07
3.0436054418717715e-07
2.7575046561917003e-07
2.4982975205362577e-07
2.263456015242974e-07
2.0506897560543166e-07
1.857923656243298e-07
1.6832776885130327e-07
1.525048549290196e-07
1.3816930465861895e-07
1.2518130494095864e-07
1.1341418519430729e-07
1.0275318194961555e-07
9.309431957459197e-08
8.434339621040497e-08
7.641506503095933e-08
6.923200186436631e-08
6.27241510585082e-08
5.682804223570412e-08
5.148617127285802e-08
4.6646439469853845e-08
4.2261645436467006e-08
3.8289024742218954e-08
3.4689832839428935e-08
3.142896719175571e-08
2.847462492288901e-08
2.5797992646474813e-08
2.3372965452218634e-08
2.1175892307468148e-08
1.918534539120381e-08
1.7381911110776413e-08
1.5748000763199962e-08
1.4267678994399654e-08
1.292650838339614e-08
1.1711408635672181e-08
1.061052901244954e-08
9.613132751692395e-09
8.709492353607614e-09
7.890794709372461e-09
7.149055147820343e-09
6.477039561791e-09
5.868193854651743e-09
5.316580018889138e-09
4.816818223352425e-09
4.364034344331725e-09
3.9538124287472005e-09
3.5821516258277065e-09
3.2454271672381664e-09
2.940355015099004e-09
2.663959833113519e-09
2.4135459684290048e-09
2.1866711612207983e-09
1.981122725591611e-09
1.7948959694809933e-09
1.6261746431165952e-09
1.4733132253230506e-09
1.3348208749287308e-09
1.2093468907501471e-09
1.095667538346773e-09
9.926741150690235e-10
8.993621369990744e-10
8.148215423259021e-10
7.382278156091035e-10
6.688339463673802e-10
6.059631435646587e-10
5.490022349390004e-10
4.973956867986582e-10
4.506401859609875e-10
4.082797309924346e-10
3.699011848749892e-10
3.3513024572472924e-10
3.0362779626530294e-10
2.750865964531522e-10
2.492282869980007e-10
2.2580067455426188e-10
2.0457527210612615e-10
1.853450705579641e-10
1.6792251979660436e-10
1.5213769953500036e-10
1.3783666209771879e-10
1.2487993098561257e-10
1.1314114057633913e-10
1.0250580369386759e-10
9.287019502721105e-11
8.41403395084858e-11
7.623109578405566e-11
6.906532583995332e-11
6.257314268302321e-11
5.6691228740500316e-11
5.136221833044826e-11
4.653413818035643e-11
4.2159900537333495e-11
3.8196843926254886e-11
3.460631707692716e-11
3.1353301962355146e-11
2.840607227164406e-11
2.5735883986659178e-11
2.3316695044669978e-11
2.1124911352878385e-11
1.9139156677737748e-11
1.7340064164817527e-11
1.5710087455929073e-11
1.4233329561357896e-11
1.2895387818211467e-11
1.1683213422777807e-11
1.0584984166928846e-11
9.589989137380256e-12
8.68852425329183e-12
7.871797623397773e-12
7.131843799625006e-12
6.461446090924162e-12
5.854066179648294e-12
5.303780354035333e-12
4.805221734876456e-12
4.353527932913203e-12
3.944293626471495e-12
3.573527596827258e-12
3.237613802274131e-12
2.933276111252781e-12
2.657546350587778e-12
2.4077353572098784e-12
2.1814067510342377e-12
1.976353173204224e-12
1.7905747579549415e-12
1.622259628134841e-12
1.4697662241603084e-12
1.3316072940594036e-12
1.2064353884613457e-12
1.0930297190659187e-12
9.90284252424845e-13
8.971969229150411e-13
8.128598596990299e-13
7.364505323570916e-13
6.672237288354454e-13
6.045042874722407e-13
5.476805122175815e-13
4.961982068269227e-13
4.4955526984396075e-13
4.0729679765846117e-13
3.690106478796647e-13
3.3432341975532624e-13
3.028968124338386e-13
2.7442432555195937e-13
2.4862826996932287e-13
2.2525705949574897e-13
2.040827571978523e-13
1.8489885235434118e-13
1.675182463788873e-13
1.517714280674859e-13
1.3750482037368764e-13
1.2457928258797668e-13
1.1286875331320963e-13
1.0225902100119866e-13
9.264661005961301e-14
8.393777166551765e-14
7.604756944306061e-14
6.889905108802081e-14
6.242249786015844e-14
5.655474462374657e-14
5.1238563804711435e-14
4.6422107256180924e-14
4.205840058901515e-14
3.8104885035578524e-14
3.452300237859939e-14
3.127781889697242e-14
2.8337684660887102e-14
2.5673924853424033e-14
2.326056010811117e-14
2.1074053134922003e-14
1.909307916358595e-14
1.7298317965368892e-14
1.5672265424934436e-14
1.4199062824566218e-14
1.2864342175778446e-14
1.1655086089850294e-14
1.0559500820616332e-14
9.566901241312857e-15
8.667606633671473e-15
7.852846272902056e-15
7.114673887745456e-15
6.445890161333911e-15
5.839972517018316e-15
5.29101150437095e-15
4.79365316494313e-15
4.3430468156771235e-15
3.9347977407095066e-15
3.564924330174126e-15
3.229819247983979e-15
2.926214249865513e-15
2.6511483085193566e-15
2.4019387350355756e-15
2.1761550149136737e-15
1.9715951035128256e-15
1.786263949744385e-15
1.6183540385505194e-15
1.4662277624018365e-15
1.3284014498850872e-15
1.20353089561346e-15
1.0903982503342177e-15
9.87900143374289e-16
8.95036921583287e-16
8.109028998225128e-16
7.346775279139936e-16
6.656173879017517e-16
6.030489435754418e-16
5.463619715432307e-16
4.950036097878714e-16
4.484729656621708e-16
4.063162307362039e-16
3.681222548518979e-16
3.3351853621921042e-16
3.021675884457364e-16
2.7376364906776897e-16
2.480296974814675e-16
2.2471475319033167e-16
2.035914280190772e-16
1.84453708420914e-16
1.6711494624930611e-16
1.5140603839842324e-16
1.3717377755851083e-16
1.242793580012709e-16
1.125970218223371e-16
1.0201283243779074e-16
9.242356337275962e-17
8.37356915045727e-17
7.586448494167828e-17
6.873317664250534e-17
6.227221571466101e-17
5.641858909246431e-17
5.1115206977209447e-17
4.6310346046422876e-17
4.195714500179294e-17
3.8013147535904795e-17
3.443988826038369e-17
3.120251755704772e-17
2.8269461693283215e-17
2.5612114886784193e-17
2.3204560316395856e-17
2.1023317358110613e-17
1.904711258103612e-17
1.7256672269883336e-17
1.5634534450468463e-17
1.416487858493344e-17
1.283337127572059e-17
1.1627026473468656e-17
1.0534078825452684e-17
9.543868929348553e-18
8.646739373214294e-18
7.83394054777717e-18
7.097545312423783e-18
6.430371682639644e-18
5.825912784877037e-18
5.278273395708435e-18
4.782112446338565e-18
4.332590931727753e-18
3.925324716289739e-18
3.556341775882968e-18
3.222043459081022e-18
2.9191693899074885e-18
2.6447656697353613e-18
2.3961560682274784e-18
2.1709159223462982e-18
1.9668484888728308e-18
1.7819635198033465e-18
1.6144578516719905e-18
1.4626978194890227e-18
1.3252033237796913e-18
1.2006333953312638e-18
1.0877731168627258e-18
9.855217740655811e-19
8.928821204541131e-19
8.089506513263313e-19
7.329087919785784e-19
6.640149142333903e-19
6.015971034186528e-19
5.4504660525517145e-19
4.938118887408455e-19
4.473932671273848e-19
4.0533802452852784e-19
3.67236000630088e-19
3.327155904399745e-19
3.014401200641741e-19
2.731045631620227e-19
2.4743256605670306e-19
2.241737524871874e-19
2.031012817151575e-19
1.8400963617137743e-19
1.6671261706466988e-19
1.5104152840488284e-19
1.3684353172881555e-19
1.2398015548292063e-19
1.1232594452495003e-19
1.0176723657327782e-19
9.220105367074013e-20
8.353409785155662e-20
7.56818412161799e-20
6.856770153966933e-20
6.212229537338528e-20
5.628276135558412e-20
5.0992147131233894e-20
4.619885390174491e-20
4.1856133187367605e-20
3.7921630894234934e-20
3.435697423938349e-20
3.1127397505077046e-20
2.820140297245404e-20
2.5550453727621106e-20
2.314869534416285e-20
2.0972703727667174e-20
1.900125666302044e-20
1.7215126836397578e-20
1.5596894313312568e-20
1.413077664384766e-20
1.2802474938095637e-20
1.1599034410605315e-20
1.0508718033735015e-20
9.52089206766862e-21
8.62592235068061e-21
7.815080338180036e-21
7.080457974142227e-21
6.41489056467833e-21
5.8118869015368095e-21
5.26556595403883e-21
4.7705995120106944e-21
4.322160220315958e-21
3.915874498173514e-21
3.547779884088777e-21
3.2142863903875938e-21
2.91214149044777e-21
2.638398397152387e-21
2.390387323188044e-21
2.165689442892759e-21
1.9621133017062044e-21
1.7776734431461428e-21
1.6105710448622409e-21
1.4591763749127472e-21
1.3220128971619663e-21
1.1977428707801564e-21
1.0851543033993048e-21
9.83149130680294e-22
8.907325070080324e-22
8.070031028678377e-22
7.311443142744144e-22
6.624162985199204e-22
6.001487585666199e-22
5.43734405711069e-22
4.926230367618945e-22
4.463161679665081e-22
4.043621733520129e-22
3.6635188006506e-22
