0.0
0.0
-0.006407344245607849
0.002097538440697858
0.026133342067373437
0.061901852922952756
0.09912553823282214
0.13200323026092597
0.15108678172698586
0.16228509603459643
0.17990687324472734
0.21135952354408796
0.2234750195247145
0.221229753440749
0.2080280683505036
0.18413984333798075
0.14918964271999344
0.10311344574892209
0.04351382054595424
-0.023367664263076564
-0.09080375179357414
-0.14881839989944323
-0.20285894502856433
-0.24912502140178788
-0.2791700633057652
-0.2891264301833676
-0.276729598685522
-0.24419109435200498
-0.1946603380795824
-0.13086281720507975
-0.08144595678611438
-0.026210160988081238
0.0158180414012363
0.04001371232534515
0.05743594437448189
0.059780851722460025
0.0579536636046926
0.04117385359287688
0.032347370812077086
0.025209849264248043
0.009697574865332953
-0.005229306127670341
-0.009640402976567104
-0.011671273262667925
-0.007861756078948536
0.0031108387292143255
0.01986445103056416
0.04316628850626811
0.08178382026490304
0.12529545920835927
0.15078309471178972
0.17854142841485793
0.19266316585515741
0.20958727959405024
0.21347031454326718
0.21192940515132117
0.21027928050503067
0.20198723951403222
0.18671845465517756
0.17709727064181585
0.16873950987588798
0.15298327194201428
0.16011364609719142
0.17059811437238087
0.1890640658300686
0.20289194536783517
0.21217347038745582
0.23245016897725929
0.25644599554292985
0.2862375617721646
0.32364165841412895
0.35901027862191404
0.39095808929503106
0.4075065730504606
0.4206787808343772
0.4104310431178012
0.3922914329952912
0.36620967659271236
0.32811472940743724
0.28753781404399203
0.25310320827520394
0.21356884304321697
0.16450533359911773
0.12640030920354645
0.11113298217754893
0.11506386668985819
0.1373512061810007
0.12538148529057627
0.11418009488872706
0.1029746120419224
0.10227483852823552
0.11599235245246096
0.13249423280451306
0.14129904079226185
0.15097808034798907
0.14288036096010623
0.1219851121007478
0.09294344817519362
0.03732580205358814
-0.007339409709188449
-0.04651708034793721
-0.07235804038102651
-0.09131145390990231
-0.11203178401687708
-0.12133039664444992
-0.13723853013758486
-0.14428173465806665
-0.11252165924168973
-0.08083306136789617
-0.04730817201321447
0.004892328313902336
0.033890329557258826
0.07065419194492828
0.08755334960772944
0.09640153682464662
0.09760067720156806
0.08949054926924192
0.05917721156338643
0.008318438366257272
-0.02359993369728062
-0.05781897932974432
-0.09130115802440712
-0.11531112134326053
-0.1316460027121489
-0.13711444371871212
-0.1450677585652731
-0.13983954204039545
-0.11365430077597599
-0.07250213391844401
0.0038955352158522583
0.07488493697705331
0.1483773646224431
0.21156307191930293
0.2775676521524831
0.30991256907996473
0.3559056564389545
0.3920065276223833
0.4219805839468114
0.4310034482017373
0.44368006118518954
0.4553582958391904
0.46260378292931065
0.46888766322121644
0.4840456266169549
0.5104713059026986
0.5408041986137444
0.567836239616037
0.6069051257497615
0.6486694057130872
0.7087198375154165
0.7668729860658924
0.821666429488321
0.8556507037211453
0.8815579113490103
0.9011971991548601
0.9027365781256911
0.886206046946972
0.860870506229705
0.8329866462682929
0.8112908626476741
0.7853581482286205
0.7631673838055597
0.7345599401894424
0.712410512730985
0.7006359636205179
0.6931550758711383
0.6991445513473926
0.7147910445596871
0.7309122567744447
0.7454846408460744
0.753801460542442
0.7637808588261015
0.776347021946907
0.7789120147810787
0.7811780952143811
0.7728339989302568
0.7448187959698622
0.7217740045054882
0.6831609741239566
0.644970208163648
0.6033520243363846
0.5766058435987373
0.5656371009122154
0.5637515759988839
0.5806980151965263
0.5967147544526489
0.6147283651847839
0.6556990130852917
0.6872899771173485
0.7064146722615176
0.7235966634728106
0.7404880927279841
0.7363913508559834
0.7363415456086492
0.7321698207035708
0.7274067156411927
0.7133505722988519
0.674598515998845
0.6287654182530735
0.5997738272807757
0.5662611047424174
0.5365722384614324
0.5153073563840739
0.49914392807967445
0.49491306870547414
0.49653622664815616
0.5183718007738076
0.5309107710116895
0.5563118738017472
0.5823990141693138
0.6145512960271535
0.636113416262743
0.6569579305723442
0.6757040773531733
0.6862118890461172
0.6837315771921144
0.663820264799968
0.6209151264938766
0.5841361339150163
0.5503724081108516
0.5124453347895098
0.48475935396584435
0.4617576714963647
0.44697829180565485
0.43282482162545693
0.42150291645645344
0.42746825555363566
0.42816665498903556
0.43653783379355166
0.4496011719717635
0.4626978626330064
0.47812094866153865
0.5012575230489648
0.5300959816658223
0.554639773884204
0.575404792789844
0.5841211445896591
0.6048062712967656
0.620076487136001
0.6351782803523761
0.6317251069555047
0.6214262681336107
0.619529447227804
0.6274727656075866
0.6332641848958104
0.6480291606641019
0.6591219860348174
0.6768455662892516
0.6883072019689511
0.6905234053229068
0.6984175964037476
0.7025546082523106
0.7027083711359394
0.6895302727223804
0.6691156141555143
0.658000924366055
0.635720988444308
0.6236169799679281
0.6047449262440615
0.5977892130059331
0.5744810277011305
0.5435468670564821
0.5368498833586605
0.5368753126315128
0.5555632552097827
0.5742416918511555
0.6037545759686824
0.6397176684743775
0.6749933968838725
0.7125207356909052
0.751172172169416
0.7903465672198399
0.8273876384498345
0.8551111086222944
0.8669914734628472
0.8743163540487711
0.8843027663551243
0.8885497501747847
0.8765252022899657
0.8546744371208879
0.8288224512998238
0.8084103013761975
0.7861184247281965
0.7684545895107052
0.7697372334054351
0.7730651684700018
0.7836189136481294
0.8065391787689838
0.8271568444977094
0.8460126636194514
0.8793238366461466
0.9080685573309335
0.9427425092515342
0.9813488274863806
1.002740414561427
1.009861004902225
1.002991703351778
0.9931807479618111
0.9864532530964251
0.9719054541693294
0.9398317675955294
0.8981297383764298
0.8780899880292752
0.8632471490445127
0.8469677496678586
0.8518724218396875
0.8582347505926702
0.8604290456269693
0.853629339230861
0.8547173442599753
0.8568588051438605
0.8539482232721924
0.8604144923071221
0.8639351348426277
0.8685355648616998
0.8631289476651992
0.8444542618747425
0.8185439977659589
0.7887213014361313
0.75099826522938
0.723370463874854
0.7103773274744547
0.7102133612466918
0.7135300417886099
0.7287486293222084
0.7522946729281739
0.779063104559229
0.8085498296226707
0.8330138824639972
0.8437265733645892
0.8558673948596341
0.8502373354336802
0.831977401172477
0.8082834940204825
0.7702981142751723
0.7125124831281833
0.66063940662374
0.6095311414262388
0.5396962714179858
0.466069294247751
0.39797056670594266
0.34934250209801504
0.31963028996199083
0.27373471822321516
0.24950775360287514
0.23820601025367671
0.24757439075272902
0.25203984364461196
0.26242302786762084
0.2609853339116717
0.26188059167509226
0.26786353692808906
0.27270572362180046
0.25486336729472714
0.23079773112705843
0.19145149169706796
0.14428496830199394
0.10276321573324868
0.06080541042926984
0.022709657978525512
-0.010610152273788774
-0.03678481280346607
-0.05584385186805603
-0.06818183279683397
-0.0645382712532366
-0.05810864681448126
-0.05694191291973208
-0.02766710523969101
0.012425313178961558
0.04661099731415477
0.08292368250906162
0.11407486530868263
0.14452541370693242
0.15751833987971164
0.1610502206731132
0.1484065195060822
0.12175545322260953
0.09282295153883642
0.040920732335950796
-0.013797434798458873
-0.055847206826550845
-0.08185907149055875
-0.10739681056245011
-0.1304221922673558
-0.14897198969063086
-0.15434379651919838
-0.15774887342000374
-0.16494009994707212
-0.17146283949679011
-0.1769639449855221
-0.17664461380488009
-0.18579922175020666
-0.1962836784356585
-0.2179604466387834
-0.236371851118042
-0.25269686967023913
-0.28467360882319204
-0.32658543170521354
-0.3732960807858838
-0.4318789971425069
-0.4931727415117218
-0.5369706447372434
-0.5688052410550086
-0.5851509798048843
-0.6045814290092709
-0.6108640585376548
-0.6193065953747221
-0.6154287987142182
-0.6070124936450187
-0.6070832918915371
-0.5980765334876537
-0.5720300136579252
-0.541732054015325
-0.5152463820138391
-0.4915535304572859
-0.46344489914882264
-0.4372753549201771
-0.4274972181066172
-0.44141386575389846
-0.44866289499293427
-0.44428870084340133
-0.4329826132250247
-0.42172080410807156
-0.40130379626030055
-0.3661059341812639
-0.3436461674955401
-0.29713342478895327
-0.2531286163239984
-0.2083713287243655
-0.17243772584221373
-0.13862895063757152
-0.0942398959324759
-0.06677110381249002
-0.045888126063727434
-0.038513676518218715
-0.030693861236225813
-0.036751285087452575
-0.04876979507661667
-0.06680542436582683
-0.08646950247178156
-0.0978968617663487
-0.0943266922367077
-0.07891124025563598
-0.05243087100000682
-0.017714080708088623
0.011133142163949096
0.025612914110830526
0.036679395473677726
0.06878475868645069
0.108316251489594
0.1364840936185916
0.17249522120580718
0.20959544056652302
0.25057743969474877
0.28433442441941725
0.3071363911514863
0.3172047176665835
0.320036965891874
0.3216565315885759
0.3214372364166989
0.32004547455507093
0.326333452226861
0.33242249566596227
0.3560518248743172
0.3829655421727132
0.40545375542995127
0.43668012894998476
0.4852908348849585
0.5553725771300579
0.6190367232085947
0.6621528920071862
0.7116098352303878
0.7531988506380154
0.7898776900037221
0.8124013215678662
0.8164228473947404
0.8059606563966993
0.7741435753704236
0.747157034891883
0.7041651124163795
0.672889312376414
0.6368139917678748
0.5975671690243045
0.5589176385735294
0.5293268447827311
0.5141872657439679
0.5178015529242738
0.5215107496199057
0.5332294750032144
0.5324956155311676
0.5454937978427812
0.5644386656996008
0.5804697793369679
0.5913393205888733
0.5990960695742639
0.6031543516294116
0.6037047079279406
0.6058004139567017
0.5881862444193426
0.5690526533874152
0.5549224183604373
0.5495503310249715
0.5494360726340696
0.55092615220074
0.5380068719306238
0.5299537130742956
0.53420565991021
0.5603816703904195
0.5878449991736688
0.6203888258940359
0.6493031289594601
0.6695580812883877
0.6805302504820518
0.6989726039190775
0.7017769388307513
0.7088280047652085
0.6941177561973327
0.6745468358301161
0.6191670588519073
0.5633025092321852
0.5199916922389565
0.4816023960743065
0.4427787071140792
0.42814420410262655
0.43660927913068776
0.4581042321411721
0.4837858573276316
0.5044671182604221
0.5239955300262732
0.5310923753857579
0.519139442787119
0.4889686993603602
0.4587141387415272
0.41129926979368203
0.3705070380770813
0.3260308571554383
0.28822010167743434
0.2456840431633177
0.20341346229278054
0.17138086018409399
0.14585347738929114
0.12439702751780138
0.1154132664572333
0.09675130507384441
0.09917116728227936
0.09078550963989233
0.09379863126844834
0.12460852403156095
0.1731354867482014
0.2296081907349324
0.27332628171937035
