0.0
0.07725424859373685
0.3040721149314568
0.6462024596400548
1.1706194830503864
1.5919761625553759
2.0020016883421676
2.3803764573544135
2.6802929800141033
2.8497968013671002
2.909466542354547
2.8026654808366924
2.5639575321471555
2.2105983858612497
1.8672202465253456
1.5038919311279724
1.1651132124985084
0.747488254876885
0.4562251295602536
0.2522690797769306
0.1505029921117602
0.1749932951245498
0.31731895063578786
0.6406754270431297
1.0027420049627631
1.4016428052745962
1.8180725699215408
2.118594562373395
2.2751493483208374
2.3386820011291767
2.2093727130164535
1.9818116130712635
1.6429846386252442
1.1667938772565982
0.6018685070259355
0.05720552410948798
-0.4319357618686409
-0.8438581223907011
-1.1578329668943306
-1.3381747431372273
-1.3186991375524748
-1.2072640526326173
-0.9168300975304465
-0.5271359579427214
-0.03280048255698381
0.4325441685012575
0.85142530409717
1.1838850068170323
1.3940666907774384
1.500414848799019
1.4444066269138296
1.2484406238233745
0.9797855934259118
0.620400425409627
0.1684583743674709
-0.31632036199236324
-0.7502922669256893
-1.1051304157455026
-1.4110823484437356
-1.5530869803039082
-1.5027241777411928
-1.2904293501354904
-0.9906821460758599
-0.621402484126276
-0.10265796138762573
0.3957803438271343
0.895100883737632
1.2460146218964914
1.4251565933471049
1.4640079272416093
1.4095800190866592
1.1890382564826671
0.9090466737830144
0.6112123116897965
0.19128709620541406
-0.3303485144681897
-0.8853960383581188
-1.3262715217492278
-1.6237632980068322
-1.755727017698592
-1.7823310077560093
-1.6501419019794674
-1.3371328093994959
-0.9896726266154123
-0.6196650078054747
-0.21352991660574216
0.20125628689943986
0.6397272213036166
1.0002065964906968
1.2124325055399396
1.246066762078363
1.1283615657971913
0.9086992181716074
0.6591861777854344
0.28235059329317486
-0.15789395860901573
-0.6124945228012484
-1.0126758416600592
-1.3193008943699014
-1.5559387997562262
-1.5485516208276031
-1.3499759949524917
-0.996926302886367
-0.44628744551045696
0.194555825493543
0.8757346257079925
1.4975100105392207
2.0573285706665674
2.4925578770545087
2.6983250014184557
2.6861652015723605
2.4195035836626086
2.0749695120493197
1.6277468287423718
1.1174687925278297
0.5977074850160529
0.07573353848042286
-0.3193385850321492
-0.5851299909216929
-0.7255392016560763
-0.7510922627644235
-0.6278506223875409
-0.4255155352697766
-0.07159750815633786
0.42719800143353115
0.9877149232045762
1.45879669053864
1.8573724530067404
2.1796391969809816
2.3879495333981184
2.4833033682647203
2.4327095423948215
2.287453468646195
1.9186267478264634
1.5196640346483394
1.0228591903626798
0.5902198256600288
0.16078876871002645
-0.2453642844526603
-0.524594961774582
-0.6914699777832917
-0.6015639280851397
-0.3548887654535985
0.07748222490583462
0.5713333280285255
1.0272756824714606
1.412049257321781
1.7006129527541427
1.8617654660797092
1.8551498393236547
1.7609988930694065
1.5479232929401248
1.2135993890445982
0.6868393479186905
0.16151592994109198
-0.39774244274154436
-0.9465435676485114
-1.397518225244175
-1.7492637167373517
-1.9566571465391038
-1.9297668091336408
-1.7361040532023537
-1.4211441302845433
-1.1144368031808145
-0.7821922540628676
-0.4291311497815248
-0.025978094110728267
0.264234221263115
0.4548320598819079
0.555033768675671
0.6160134957600147
0.5561009505805194
0.3483624247770646
0.09020255377185626
-0.22266750707220184
-0.6435299953249545
-1.0411238952017816
-1.4473416045234777
-1.703365661171217
-1.8909759483109654
-2.046605149143977
-2.0347979934168476
-1.8130256734793775
-1.4903997080370681
-1.1180410523473847
-0.7048550422924412
-0.31508431671199166
0.011919697111746008
0.23207158935405067
0.29980893436262634
0.222016745289341
0.0100343272194367
-0.3173014215525284
-0.6966474084074161
-1.1071566834557498
-1.5807056435535287
-1.9960480340966948
-2.3508189059200033
-2.5651646681903824
-2.6532095297014875
-2.5906014407817306
-2.368788573145814
-1.9339456923951552
-1.435053665535127
-0.8497970303984381
-0.30354461966851765
0.21852829706130417
0.5658103038658596
0.7590959291306796
0.7540385080232276
0.6198856692449211
0.393865582170039
0.0345365294334794
-0.46033927980974193
-1.0028181800992382
-1.6134548186812667
-2.160550647570616
-2.6252489565795765
-2.9401295991671446
-3.0754526918744465
-3.0737565738352335
-2.9499887342593802
-2.734640807867238
-2.400365656970955
-1.9473688794759467
-1.4242434177002306
-0.9878396327831296
-0.6082283703012719
-0.3426351270456366
-0.12545408316428286
-0.1214784848854961
-0.19849970814344825
-0.3417939280742462
-0.6166204375587037
-0.9108063268047059
-1.3362534888768387
-1.727152201964065
-2.0890370077032245
-2.3446975859679138
-2.471344853988235
-2.504160153806305
-2.3211653858872343
-2.047846941102526
-1.6060950838997599
-1.039845715837815
-0.4367317234743415
0.07523677301515919
0.5454894117581637
0.8387261086343318
0.9827622166227044
1.0029129713155993
0.9631123538003051
0.7882568714529556
0.43838222815492
0.024054978619791445
-0.3857737406287747
-0.8269359870331598
-1.256697903095527
-1.5766231845159786
-1.7802265153760415
-1.8911443481081018
-1.8540921025206034
-1.6557079213324504
-1.3731165465575663
-1.017758713751836
-0.6437899393879674
-0.3347354415608126
-0.04453878226265379
0.20679193383523042
0.31262892415481724
0.21831058427865152
-0.04926091381621012
-0.4538489700887688
-0.9590977882403299
-1.552447053805027
-2.157688391460412
-2.7797621696339903
-3.339390728492848
-3.753647917522054
-4.0053035178276515
-4.105984056903508
-4.022053334641587
-3.798190076869081
-3.5460904292654387
-3.1869756573873778
-2.8515157490984877
-2.5879111430574877
-2.4168512271603375
-2.245996927974363
-2.2114220288109565
-2.3174000027733834
-2.4806594356852707
-2.758101763380453
-3.1203928478793315
-3.4852919280195183
-3.8898209563671364
-4.2697610173406435
-4.521611154387867
-4.626489153426859
-4.671212715382257
-4.5604030907919135
-4.358038494676104
-3.9852249050714157
-3.4621771011619478
-2.852335482927553
-2.251622670530346
-1.6143974833939327
-1.0898011336571938
-0.6491296267100527
-0.3773758104393744
-0.1874290954614829
-0.18643803572481354
-0.33539575273621075
-0.6141213706150163
-0.9866274063519324
-1.3538448852071119
-1.7426311587879861
-2.0503347733599053
-2.3155103849868652
-2.419474550927487
-2.30758606954853
-2.0086646332352136
-1.5294298282604382
-1.01339437744603
-0.4409249409539212
0.09211411361017408
0.5980784749229483
1.0465163881791006
1.3625180946169433
1.4775985391297832
1.4197729867560136
1.2093451124970558
0.9784465878060258
0.5715878562210432
0.060477771145179604
-0.4461604977708462
-0.9545117697266832
-1.3281507886322177
-1.6452923883893629
-1.7420809640563597
-1.648467190839581
-1.3758928211565902
-0.9848136877932108
-0.5896257868519386
-0.13859558208828193
0.39468599437044516
0.9233442936944921
1.3116762226376402
1.5475573869508361
1.668000843372667
1.6428187734027768
1.5138053239620692
1.2688350476493007
0.9392076848354296
0.4398444597576704
-0.04811102994889416
-0.5715189121243593
-1.075986879113599
-1.5089666062947247
-1.8012263221133606
-1.919438341726434
-1.9577921561527716
-1.8358803966871202
-1.54349023799306
-1.1457903355873609
-0.7479626083373312
-0.34542757389076695
-0.08629113720038262
0.1291969848931418
0.254734035888131
0.23644330846792072
0.052348804514803504
-0.3045354231081595
-0.7390487951470166
-1.1864574092439018
-1.5966249725777464
-2.042465491511609
-2.467990093796131
-2.8024048174077154
-3.0262914243180887
-3.1358909462490607
-3.0442170516549196
-2.9053675208307106
-2.5492911091861417
-2.0559823302725997
-1.568319645484036
-1.0833633414826482
-0.702463046483099
-0.4471294895810632
-0.2935457247572935
-0.3225797989294823
-0.4950281675353712
-0.8215841351077262
-1.2564249163849817
-1.7487134364691013
-2.3175305215578703
-2.7790158782105494
-3.183315005736164
-3.469740980482927
-3.6425577090148926
-3.683538865122471
-3.4919623338765
-3.2262652379535757
-2.86552795422542
-2.3480708870659632
-1.849438908808738
-1.392578557802894
-1.0840373346228804
-0.7650397966325422
-0.5659262437134931
-0.510643576135386
-0.5551308630231632
-0.7445231208850558
-1.0274849606612133
-1.4792147132816942
-1.8940843021362173
-2.291242087322376
-2.5965232588825877
-2.8044737272109743
-2.9068710251275176
-2.880086913812961
-2.6832855038922725
-2.382043147933052
-2.0002979192471155
-1.4724949856130447
-0.962561876481173
-0.4663796365483963
-0.011759946632017737
0.32333902329570074
0.6153760085555929
0.7521336912979015
0.7766612615327327
0.6768344635180993
0.5384832101020034
0.3408550877896319
0.07465424449400199
-0.24424048013245026
-0.5056213546180229
-0.6801582413580669
-0.7097128827878959
-0.6162526452285148
-0.4163621266655575
-0.09328049563294716
0.30267486547250516
0.6644625996151381
1.1112950889734232
1.6097180169445109
1.9770731346746846
2.100920359408616
2.1829347211003944
2.1960735258543593
2.064416689088358
1.6950230688725676
1.1907081839057567
0.5207541068775355
-0.13859944660547818
-0.792810928646233
-1.2748224773863264
-1.5897154868735188
-1.7095071502160997
-1.6821830038310857
-1.5260524177301478
-1.2194048359231964
-0.8086084737724392
-0.3080628389219019
0.2523691714439501
0.7717584104528019
1.1343874948014099
1.3995433978533525
1.5951013690793545
1.6636872137314935
1.5793009659178767
1.3536116744037563
1.051689233141591
0.6511731359670571
0.17335012553988172
-0.27434270598026145
-0.6968014723729776
-0.9888720478672823
-1.181082124633897
-1.1355584934684233
-0.9298190920033805
-0.5882085538290778
-0.15119465542586774
0.43262995513871316
1.0707073446074864
1.6524158142058651
2.07085483894072
2.3678982038326164
2.5425392835706715
2.5630382262576434
2.439838953057977
2.1959841638689364
1.8632582300407308
1.4365261798498925
0.9662005227524351
0.46365274971488146
0.051075257181020794
-0.2954049985097038
-0.5300835754288665
-0.5982361775662648
-0.5343984495367086
-0.35979068844399886
-0.05473719201588145
0.3819834148741616
0.8670820836826365
1.293946471568086
1.6573238307836382
1.9378584780495474
2.103700371707316
2.055567216731895
1.8216643044362935
1.4694918450699048
1.0201581535035935
0.45213487289811116
-0.1808046070498548
-0.7502167278479415
-1.2560455936439545
-1.6939096364426454
-1.97177567884128
-2.0676313251709493
-1.9874907619567304
-1.7380239248066627
-1.359271574061097
-0.9781935196740198
-0.490362395004083
-0.07144666851560982
0.34675958559630715
0.6338765221840192
0.8137113770490141
0.8297990585305675
0.8212368671358619
0.6925208405469303
0.4911561103750391
0.21522626457286242
-0.16173212525943514
-0.519311325162176
-0.793757636689596
-0.9528505448065956
-0.9589544667707186
-0.845881786006052
-0.6456399452422527
-0.2772654869733381
0.16252075835675478
0.5824255307374192
1.0333712590543924
1.4441497811208306
1.8724648352155497
2.253495504824894
2.508523441868982
2.6041678277116898
