0.0
0.07725424859373685
0.3122582657961945
0.6741331532371393
1.1380843494785322
1.6495974866287029
2.146899010262515
2.599565711693806
2.9451448482299396
3.1683276562051725
3.2413455248078056
3.158034902549336
2.930287758473833
2.579800134666092
2.148847994725333
1.650981620444881
1.160537944373527
0.7114236427471694
0.3476792633515325
0.11264853498308916
0.01598757976344807
0.07839848546567399
0.27707311701532855
0.5916771330586906
0.9944250884074929
1.4512196703586968
1.9104683540068002
2.322277269918794
2.6393236739513934
2.820811000765185
2.859977798721156
2.749023145244677
2.492058349718892
2.0898326402048757
1.6269408526720905
1.1245976779463653
0.6272932612743143
0.16147327258999317
-0.18644118588982067
-0.39304548345441986
-0.4601793466102744
-0.3625698769028733
-0.1130039038776659
0.2584427832384887
0.7137931375237934
1.215575257492991
1.693551947259399
2.117731019170432
2.4454763476263364
2.6253879896215726
2.66702193340181
2.572387328176423
2.3357075020199187
1.9764569410030008
1.5255703708879946
1.0260872905600753
0.5531000449559773
0.12997767651538306
-0.20539422784849604
-0.41222778851741027
-0.4771896539426964
-0.38499184462649827
-0.1266832312759033
0.2408909799564115
0.7060758660642795
1.1975445506469435
1.6822605513301898
2.105788029376463
2.423720563605607
2.6235523633295776
2.6767305029307877
2.5771358759116887
2.337881072334456
1.9663727626900873
1.5188296310306788
1.0321930959662398
0.5540714869899441
0.12624357917970042
-0.21004910065410476
-0.4247018508966601
-0.4932538938715151
-0.4131803986050635
-0.18721041576142694
0.16335392742913746
0.6164588123060035
1.1388111728579653
1.6785943496144236
2.1646882306377715
2.5518705238494523
2.801019391939667
2.8972146255428277
2.81928613482108
2.5985401021938794
2.2507495187278916
1.815276794789613
1.3322464044557634
0.8644369709244998
0.4393809950196541
0.10902456132351762
-0.08859699775561986
-0.13703617698198323
-0.03792954944733018
0.21206796833502242
0.5681012534871065
1.0057758764313127
1.4833924450407379
1.9562854957118465
2.367176781799838
2.695953247164614
2.881183034144793
2.934777452482926
2.8513016921428007
2.609155336594641
2.2478550839222313
1.7977253593422748
1.311213940914574
0.8292103115353454
0.41570210207279634
0.08338213508740788
-0.12632929116805125
-0.16957630653764066
-0.0769504209919273
0.16591382741446753
0.525724119522665
0.954008709347637
1.4387927971351815
1.9112114728072231
2.348262765926659
2.6767460167138375
2.872227930846546
2.9089446996111974
2.7871086179050653
2.5336869906495454
2.1563452486527015
1.680986474787678
1.1741911563369072
0.6681660307572664
0.2193863717949905
-0.1357559953042719
-0.37798554112654104
-0.4822635195425323
-0.42302011908366566
-0.21807483858555626
0.11007617270838882
0.5371732779371146
1.0228377310185857
1.5096644397856547
1.9442854966111476
2.2887006726965513
2.5134816492257803
2.5832036735107344
2.495577569040212
2.259416143983535
1.9108192094840437
1.4832104737615543
1.0171716749300743
0.5613067907773092
0.15412977673226602
-0.15259919385275683
-0.32958436128651203
-0.35234304006417805
-0.22013457542349554
0.06181817515068669
0.44933671297847644
0.9171461624953094
1.424123171543119
1.9231461782680577
2.376195263132866
2.718418027353693
2.9324284423065388
2.9944695674311217
2.919931084357613
2.6984229252477037
2.341809666205993
1.9021580143373775
1.4158431163081344
0.9323753546139018
0.5008892374859458
0.1734929733360968
-0.02465212253421109
-0.08256551656067163
0.004531299535619093
0.23138113379567973
0.5737385352991621
1.01955089984871
1.512949974487141
1.9954117102717908
2.405989290501359
2.7294172277586535
2.9280925381977685
2.9936851881614204
2.8928287318680015
2.633759199695449
2.2722741048113053
1.8253829147241496
1.3343256577037725
0.84329206822022
0.39316024597411714
0.03838224355437986
-0.1760772802739251
-0.24079194309166074
-0.1600127317566566
0.05717368495075603
0.402392451203505
0.8442037886234234
1.315430255949551
1.7769208925799638
2.200067107330254
2.526424290651626
2.7302766608386735
2.792490225400898
2.708908668390023
2.481897585224685
2.1330720420695206
1.683838677762103
1.1830156339520033
0.678075911609026
0.22503653015805658
-0.13242647490197867
-0.36561621747761647
-0.4451635497824868
-0.37839801628522307
-0.15090254124725672
0.20202066471594732
0.6485351749238573
1.1486294013211387
1.6380969908342138
2.073196972684148
2.4100967799627853
2.6369214841721287
2.7216988722718085
2.6512833669154454
2.4411085230095684
2.0927618497603833
1.6514508578633096
1.1649923420557642
0.686668526261911
0.2742030936743406
-0.05436695881540815
-0.2650731979706384
-0.33809974839326784
-0.26292039201159256
-0.048911188468161865
0.29272916743760447
0.7126788229228652
1.1734111398740283
1.6215629589419402
2.0294163239985417
2.3374079893517807
2.4928154545876664
2.503177840166764
2.367922132041338
2.086528173477142
1.7093678663287788
1.2432371846448214
0.7207143297963126
0.20725891038088762
-0.23138752226766024
-0.566037179033069
-0.7843520387034232
-0.8616532900317122
-0.7995485968423264
-0.5934977455384317
-0.2593353080113002
0.15882477634943026
0.6168277738072768
1.05379399458658
1.4362528553461225
1.7363725983681177
1.9145310007699043
1.9656571797027012
1.8603958636239621
1.6219449486352004
1.2645339931327422
0.8104230819406721
0.30993831381763526
-0.17304255786730793
-0.5991817084271336
-0.9289655210542744
-1.1477754859798301
-1.2102153214307734
-1.1119165060651837
-0.8634551020750266
-0.5082247867147669
-0.06837829021284936
0.41453275545655194
0.8918852101776706
1.3147742102117603
1.6385799748512762
1.8364473740432918
1.8792523981740596
1.7873137634517202
1.5415012876162102
1.2011040436005578
0.7597578683256053
0.28565412873012686
-0.18398502603039857
-0.6085527661502268
-0.9446194889417823
-1.1539412631706538
-1.2308293435137954
-1.1470190059913454
-0.9155240040550108
-0.5714807671735922
-0.13962424529604922
0.3298602479540494
0.7916602381004145
1.208884761837877
1.5190864958333288
1.699813409681817
1.7248659892919547
1.5939871523502462
1.3265711760348453
0.9278641913714797
0.4488915702449236
-0.07556750977715437
-0.5958222157379187
-1.0660419932882947
-1.4397225379251872
-1.6852448782977993
-1.7811306438049201
-1.7131011031588848
-1.489913999381312
-1.151554341468151
-0.7324918741635371
-0.2779961855359324
0.16759058170466667
0.5791985484669797
0.9028000430547318
1.1239684381165875
1.2029891966458741
1.1222816180665731
0.8872170266075802
0.550967953430699
0.11782644084020888
-0.35363618163035293
-0.8252854668999041
-1.2396198416553013
-1.5557370497310792
-1.7390922289973414
-1.7735335622480037
-1.6553709518914594
-1.3911189624881066
-1.0041145528714788
-0.526128226659923
-0.031054854135676657
0.46832819087733013
0.9180551241966152
1.2644109973784354
1.486923581634688
1.5523183546746844
1.467830308029504
1.2346327003978408
0.8832112822106573
0.4291356377130531
-0.05076383941234636
-0.5229772083712487
-0.9497460813374987
-1.272917956660218
-1.4664661246287514
-1.5147035571613436
-1.415647112690908
-1.1683338403460386
-0.8072126584252043
-0.3452442503990035
0.15746474819976508
0.667050510648435
1.1162887302699853
1.4736296559319233
1.7069672096029813
1.780604927952046
1.6911280185736868
1.4574794663197725
1.105078398714901
0.6743137992287248
0.19492234550324206
-0.29234965743710495
-0.7230940750010484
-1.0632074630774464
-1.2755530583979595
-1.3349002352428765
-1.2363167204490122
-1.0004703716331378
-0.6385475049199251
-0.19801844336391583
0.2890756569057588
0.7602811591536571
1.1755106380856524
1.5077373893218442
1.7334788735039461
1.813098402210272
1.7426126427800042
1.5255176736884646
1.199970519654788
0.782574883834959
0.3330695360902199
-0.11877031707110242
-0.5164252950511882
-0.8328040027045391
-1.032951404740169
-1.06481736544666
-0.9288219741251231
-0.6478730194798779
-0.25379718102073434
0.2122333729408149
0.7163943270341188
1.2155127725783617
1.6638712411281145
2.0094531561518814
2.2191444053503275
2.274820527165734
2.1689632168832436
1.9177628039489305
1.540246924532776
1.0700043884402979
0.5666442187293292
0.06771961377651747
-0.37498301882650137
-0.7186870566721892
-0.9403960617542267
-1.0066055126076547
-0.9272122187093702
-0.7035926752455598
-0.35599060352178347
0.08424058594255512
0.569809094403298
1.0330910427489308
1.451152533761554
1.787048932069009
1.9871053878235156
2.0312021283134123
1.9357850591487487
1.700822262328247
1.351686098814903
0.9063995065452627
0.42251840092515147
-0.06534604492757679
-0.4807251742088329
-0.799345550380149
-1.00853915032628
-1.0763106821850366
-0.9783886385972641
-0.734525390160901
-0.36131923350113526
0.09740512409661073
0.6050755378545803
1.1031924272402254
1.546874172859777
1.9089593372512872
2.1653596219772804
2.2657061772015967
2.2028434226376237
1.9874294147902396
1.6482141810240933
1.2060065397083715
0.7244415936533168
0.24745934859781338
-0.18279763101840574
-0.5390303898133666
-0.7532489129616083
-0.8226617957090865
-0.7542141731714633
-0.5331361372772102
-0.17221748019348082
0.2743111932618269
0.7646610779335052
1.2372559697650456
1.652990190113584
1.9814636129939167
2.1801429186832544
2.237935063734172
2.1482441058961794
1.9266473091382414
1.561469137546039
1.1241539919184602
0.6371040608362246
0.17245849796351176
-0.23494774724486556
-0.5565451483393868
-0.7596002456995964
-0.8031796412034946
-0.6919199785393563
-0.4511812797742901
-0.07757399628681
0.38193268309357437
0.8798211357897119
1.372494055464478
1.8132354777323347
2.171692919336116
2.402466072215389
2.4966799823919583
2.4385011930820006
2.2299490034864804
1.8808984486681446
1.434045169858076
0.9377848422578209
0.43607395247340086
-0.012432914430566377
-0.35703306426465165
-0.5873637888797347
-0.6715251699352692
-0.5807553803845573
-0.3488863461593168
0.007386462321078147
0.4443042596349713
0.9216714628045044
1.3913706379978108
1.8262816868111873
2.1901191598327636
2.4362247639439483
2.541209368490003
2.4859807723657306
2.2745453936755067
1.928574597824465
1.482073305586864
0.9921163644098653
0.5193688536720454
0.10123331349293585
-0.21991920802705622
-0.4222201363814914
-0.47015959814453234
-0.3670231721668825
-0.13486854894916567
0.21342833305991693
0.6456943175725013
1.128489562623944
1.6056326061409614
2.033511397356608
2.356014461961618
2.5314488889550373
2.5605063282463165
2.428445050543983
2.140635136786699
1.7500159731984262
1.2646161930498663
0.7433514192005034
0.2293916263522141
-0.22282961033147164
-0.5938462388292953
-0.817315163688366
-0.896896530426009
-0.8175860134770417
-0.5891928523066966
-0.24626323241577697
0.18355854320908982
0.6632571031774799
1.1393643354347753
1.5861579765357041
1.931959285911915
2.1455465440694694
2.1993396941574224
