1.0
0.9997381728
0.9993073840596288
0.9986788913885093
0.9979448099583454
0.997145075841802
0.9963387619173849
0.995305625696529
0.9941249949791011
0.992777291631322
0.9912732525274776
0.9896129390045775
0.9879940493350474
0.9863510177135254
0.9846673816733706
0.983108037091263
0.9814324455066752
0.9796361977034954
0.9779055130720652
0.9762157498172479
0.974565849312576
0.9729223700596085
0.9713844243697343
0.9697645621993356
0.9680270102946874
0.9662167012896801
0.9643401793389792
0.9623242456062047
0.9605555893801221
0.9586671973356998
0.9565873587864013
0.9543935961303975
0.9521480116971349
0.949943385574802
0.9477762599430424
0.9457684579201625
0.9438119195782737
0.9419416410560436
0.9401622331419649
0.9383457489275999
0.936595552320434
0.9349318743692044
0.9330032864169951
0.9312123939900293
0.9292800753188504
0.9275800303999551
0.9258973278835958
0.924156850496261
0.9224601464443295
0.920829488936678
0.9191768477151219
0.9175418477432336
0.9158256768511244
0.9141079861375775
0.9123578153038076
0.9105519864135996
0.9088598583598844
0.9072400103312269
0.9058025419764162
0.904302791886677
0.9028476300498738
0.901456823402424
0.9000345676345086
0.8985051202121127
0.8969272849862047
0.8954068279241347
0.8939765296401566
0.8924919343551427
0.8908715396853284
0.8892641310575129
0.8876042571255066
0.8858367943478495
0.8840283821164507
0.8821885719481687
0.8806254914844792
0.8789226195171039
0.8771783858034566
0.8755585522265927
0.8738770567678648
0.8720497877255842
0.8702527902501498
0.8684749926288751
0.8665856539942763
0.8647371212620341
0.8628499339901862
0.8608387819742841
0.8590516336455323
0.8572423001954942
0.855362901355954
0.853603155961276
0.8518958685117503
0.8501143066503255
0.8483964721829027
0.8465225506154134
0.844626812146071
0.8428644468837194
0.8409742445010027
0.8390893407227573
0.8372920936332803
0.8354950004235616
0.8338154217542829
0.8321053231581047
0.8303566562863183
0.8285457453085827
0.8267652558738084
0.8251640613499011
0.8234905631866254
0.821895613635382
0.8201218012496175
0.8184334444220035
0.8166298303657888
0.8149258123581233
0.8133289644993372
0.8116627075086553
0.8099963389832291
0.808327831714857
0.8066582684829904
0.8048090203650802
0.803073606278171
0.8013894129767003
0.7998672285745931
0.7984489535052083
0.7969037637406463
0.795210797701542
0.7936370602694948
0.7920923581369318
0.7904776096381017
0.7888845217161495
0.7872787620660209
0.7858329075844686
0.7843128553217347
0.7827780927705174
0.7812382817038631
0.7795890309040594
0.7780358013461247
0.7765058219988673
0.7750601724644142
0.7735825440872772
0.772086266098698
0.7706462612758826
0.7689969737595157
0.7673168731085773
0.7656222089307831
0.7639747596380547
0.7622686137630401
0.7605211724250489
0.7589016500784995
0.7571991590431475
0.7553988722169165
0.7535513277910506
0.7518573963006345
0.7502376770926725
0.7486578159329654
0.7472535133531568
0.7458344008698425
0.7444742531720033
0.7432282968392524
0.7419835979695136
0.7407586926856605
0.7395040449211406
0.7381271107976738
0.736772532067675
0.7354297405694878
0.7341911376024656
0.7328833993898787
0.7315507441358076
0.7301700100058264
0.7289269215114442
0.7275424267876821
0.7262237842469942
0.7250623642656993
0.7239033051715806
0.7228096617140324
0.7216983876264615
0.7204804437261745
0.7192798235164839
0.7180887072725646
0.7168518994640031
0.7156653900118635
0.7143982117088713
0.713159411126778
0.7119974437639286
0.710722368603332
0.7092763560421207
0.7077118111063042
0.7062256815348288
0.7047137868499096
0.7031473031645618
0.7017315629207671
0.7002471301532485
0.698825935522576
0.6972567525866553
0.6959223959523199
0.6946022694937989
0.6932704608601629
0.6920306063549292
0.6906913459968975
0.6893613288217743
0.6877370977331335
0.6861684005846845
0.6847027002928018
0.6832005449635724
0.6818081475058625
0.6802452193684365
0.6787326056029236
0.6771159372534404
0.6755674430481677
0.6739563882545535
0.6723558382543244
0.6708359280338976
0.6693576593475499
0.6680214943737274
0.6666395648820548
0.6653935747972054
0.664108128666389
0.662710286472965
0.661281660911009
0.6598595825882367
0.6583294896049876
0.6567496974235301
0.655179150925342
0.6538121701131389
0.6523006273883609
0.6507720831959461
0.6494796242932577
0.6482398019819116
0.6469614766173817
0.64571346003273
0.6445256254501365
0.6432125131086814
0.6420254636690714
0.6409342036844704
0.6398525813171424
0.6389360008527831
0.6379907127889425
0.6370334977539068
0.636117502427803
0.635140885402788
0.6342786247381736
0.6332905268596921
0.632246230523508
0.6310869236045502
0.6299699155504968
0.6287994266911909
0.6275287895867925
0.6263803446291089
0.6252945957426752
0.6242104208625682
0.6231642322186052
0.6220376787971119
0.6207595578576818
