0.0
0.07725424859373685
0.284638724876014
0.605433015489174
1.0064506948216851
1.4821348309723203
1.9422850424632767
2.3546429301034753
2.656005941272032
2.827309085286786
2.8413626973780692
2.689895767425918
2.3957657494131386
1.9793167384422552
1.4969037558015574
0.9855050781697645
0.49632637446769645
0.07451044718693828
-0.24929554516328806
-0.4198881221520321
-0.4244557401489194
-0.2579265048001675
0.059578771270951014
0.5226677265566699
1.0478112621377638
1.6168861506621819
2.182731506900207
2.664920646004501
3.0290236883509722
3.2656616171952577
3.361999123385398
3.3018283021304105
3.101469206581036
2.7751647716192527
2.3553694381289922
1.878866642041461
1.385954625424233
0.9548193365060724
0.602643123618312
0.36446816318241815
0.2731675150459031
0.35280575576196005
0.5743839601099316
0.9186189111824811
1.3208941823239255
1.756009458720943
2.1858551300066065
2.572679422939521
2.869047940757643
3.0340647007482993
3.048980472057901
2.921143561014335
2.62110579143935
2.224744590072372
1.7428741876005849
1.2033415084044676
0.6773089288956518
0.20809591890489082
-0.14502758963391726
-0.3690628078227515
-0.4460459415547503
-0.38088550764244944
-0.15808554639215794
0.1829699487807805
0.6079966602863889
1.0670545637947666
1.5371550661078803
1.9531627916972758
2.2589210047625605
2.427032290002331
2.41405229877399
2.261488014781769
1.9747521907628776
1.5872830713806538
1.12012864791449
0.6147579668298327
0.13703130237967176
-0.3076906879395076
-0.6328876656515676
-0.8517472777909862
-0.9249309152881877
-0.8507486819847374
-0.6483123976547469
-0.3103900898553821
0.10498977922593833
0.5795663942864462
1.0705787546826906
1.505166923528579
1.8356096297634603
2.054278936279609
2.110857360293158
2.020104736374048
1.798079866843134
1.4469592967139648
1.0252041168550075
0.5358989576149682
0.05285661481148496
-0.36261856691194966
-0.6992889450221598
-0.9071318224399294
-0.9853314857027601
-0.9069666136437915
-0.6769053562275192
-0.3496706386560673
0.05314560474107921
0.5056534989207296
0.9564918742456975
1.361211380153517
1.6732416305510738
1.833882858587288
1.8637886586699053
1.7403666549394352
1.4611334898298427
1.067466135967225
0.6041232741376553
0.1075282941210225
-0.37578924098481237
-0.7772566173107056
-1.0747129021846178
-1.2479054277116766
-1.2551398681653843
-1.114535029886162
-0.8296269334367115
-0.44099438212639075
0.03579203911003043
0.5475514425963375
1.0558600767937736
1.4907641165283425
1.8388701493197148
2.035198077986667
2.0891689902611503
1.9839535347923485
1.747432017241866
1.3886894460562833
0.9542000354907246
0.4583628968870858
-0.041044845585482714
-0.5115111183646095
-0.8622150361581891
-1.0698888938221895
-1.1426947236043918
-1.059230509947743
-0.8287328839889396
-0.4486633639580425
-0.002519949625436002
0.46952751939366877
0.9241056562874377
1.3097966850636
1.5859772247455919
1.7489832901789675
1.7594679393962331
1.6227923122649792
1.3628675203247065
0.977740059995931
0.5062915982771714
0.020279839475076666
-0.45473726813923276
-0.9076767104388137
-1.2642282684311141
-1.4762707322887176
-1.5492752597415986
-1.4744929775539093
-1.2592669332483193
-0.9334046273977092
-0.5067114285501254
-0.02349670363693901
0.4632549228077927
0.9102887081453153
1.268503086572114
1.5073852871189353
1.576784057928729
1.4866595165371421
1.2108455264730327
0.8116461490933446
0.33274486583514207
-0.14782619111615447
-0.6265166144973712
-1.034737923230899
-1.3504014938968467
-1.5368558861698274
-1.5758957282872887
-1.4563947154596397
-1.219336129177064
-0.8700316469766193
-0.4143131816824153
0.08113654158479083
0.587503236538993
1.0586484469126272
1.4150671735274671
1.629080489071288
1.7161667439731647
1.6462837257844298
1.4238137248654472
1.0894620204176335
0.62207035122963
0.11169390438192317
-0.37978142546536553
-0.8063934352762279
-1.14444543663604
-1.3432968778288732
-1.4095333003733796
-1.318762292128876
-1.0666339962109272
-0.7124638480637213
-0.263021058893771
0.21331212575510256
0.6695684232128988
1.0888943527732582
1.3971881002641964
1.576082766558291
1.6310408408935155
1.5166219176921465
1.2630690000361087
0.8931271907933485
0.44096115035159533
-0.06834883758737664
-0.5505530221369922
-0.9318963798385826
-1.2479272323472799
-1.4244218718971955
-1.4467027871829388
-1.3044319688781723
-1.0385004861021514
-0.6547217774088518
-0.17387292369743423
0.33643216290682365
0.8639817937050109
1.3374313812204048
1.7136012426669036
1.9605842779960514
2.0755591191075045
2.0362816271079605
1.8446026687018877
1.4978013084257635
1.0748803954541633
0.6066991767301255
0.1574217739302078
-0.23475581089465009
-0.5135670096484641
-0.6827180181137353
-0.7159665795829004
-0.6116764994492547
-0.3734403489650405
-0.0364999177441403
0.3706642640030594
0.8429313387481653
1.304818082625713
1.7488746384842306
2.0625295903720846
2.256191655166062
2.2672344954454076
2.137984805300117
1.8926629006700617
1.535479142969288
1.1194823065652906
0.6621920662796389
0.1913048775595132
-0.2408525778644468
-0.5903788276878935
-0.7987051502729279
-0.8776038725978772
-0.790600961453864
-0.5647020002206788
-0.22484386397703232
0.20324685736123338
0.6852155825286556
1.1687543161171903
1.6077451739172282
1.954580516245434
2.166408356056636
2.225026458495965
2.1185181073220076
1.879335017878962
1.5353140960848053
1.0915510252497986
0.6288839216315749
0.15122859410958756
-0.26583087752757883
-0.5792749127431557
-0.7685576667624464
-0.8153925487876826
-0.7490830146907379
-0.5348557297408303
-0.20225973584954704
0.2176684291963923
0.6591686150327499
1.0811621871410009
1.4523258399908139
1.7452783583332452
1.9321186889415596
1.9691650101572575
1.878682152464689
1.6372741926401062
1.2800918614824284
0.8375649479633569
0.35590956101849835
-0.11838883959868812
-0.5588161307365509
-0.8954697271484381
-1.083681180410724
-1.1082181970375768
-0.9785569994057359
-0.6938701604364405
-0.3197510549699751
0.1130180803510315
0.6100630828253462
1.0707636230585846
1.4767637208037874
1.7841441695504558
1.9695113243231224
2.01029595378428
1.8599767662471014
1.5544783095863266
1.141927501205105
0.63092997298438
0.09474616119637669
-0.43172280633910853
-0.8943026325778946
-1.2471355158867272
-1.4726203268457934
-1.5723249705130453
-1.5191590735762701
-1.3338732877570216
-1.0212336706784984
-0.631534793011123
-0.19119157494404715
0.26315736190475825
0.6597565131540424
0.9785534953534898
1.1555461420005955
1.2119271663402311
1.1015736851195057
0.8189937705355916
0.42424725809932334
-0.07788533694018446
-0.6192702636118277
-1.144647660230316
-1.6225090265423212
-2.0181483665713222
-2.245566791901974
-2.3050511885817326
-2.19857547744284
-1.963713138466627
-1.589806326133377
-1.1327301855485805
-0.642111103565655
-0.1752293678328921
0.23023294447837195
0.5505929130980775
0.7428520067125011
0.7780635715464164
0.673185702935476
0.4126003970778107
0.05715773673031921
-0.38186420061735077
-0.8429432094457912
-1.303640506116843
-1.7203418554363978
-2.0523945815308995
-2.267564095483217
-2.36887344398321
-2.3381729569478567
-2.1470540037195756
-1.8415026877219693
-1.4264942043532145
-0.9641388476516288
-0.49687331787102507
-0.08479186384633292
0.21431082238122517
0.39503084472731276
0.4362177948851965
0.2987850852362059
0.03337490929392195
-0.35049457478586893
-0.8217998883095968
-1.3304428639728472
-1.8499595973531586
-2.3018791079582654
-2.6350814436583216
-2.8439050813769438
-2.8966970792970037
-2.815043982695486
-2.6112576997175445
-2.3065881220768416
-1.9001914399648792
-1.4768118813193225
-1.0691559829962958
-0.7184318375090523
-0.4436188059056929
-0.29484233686981554
-0.27954545280453735
-0.3964696880475312
-0.6388878819023722
-0.9973539707457588
-1.4621657338782883
-1.9616039881732603
-2.4562725652962896
-2.890168249054344
-3.2364820479261724
-3.4484713406136853
-3.5073803179579577
-3.3917613741595423
-3.163118675380905
-2.8062749330605516
-2.3618810579880916
-1.8756257842384083
-1.4145445440299897
-1.0213663352381548
-0.7351573241661536
-0.567319482730799
-0.5404747682578817
-0.6592604462060174
-0.911756560061418
-1.2807849936130655
-1.739101769778551
-2.2437162089102825
-2.720602441906025
-3.128102261389481
-3.445641780703042
-3.629297231916163
-3.6658438353117053
-3.549220580829607
-3.2812151529356752
-2.873822543338916
-2.3659699850090057
-1.8147379383024589
-1.2696196615754523
-0.7765895991714615
-0.4100792043581649
-0.16575939378896018
-0.06160762835823137
-0.09832298774697637
-0.31678869071275145
-0.6748383878706758
-1.1228042620507557
-1.5918282204280063
-2.059918145396666
-2.4653746972725123
-2.7975219149351913
-2.9811745695920067
-3.0165859867415525
-2.8867576105861357
-2.6405169497675747
-2.2624169099083384
-1.8064759575743325
-1.2869112143453836
-0.766685156719265
-0.31444317858814974
0.022453279604859877
0.24079020673099533
0.31999256684479765
0.26358383703115495
0.06722757167191964
-0.2350572218440484
-0.6434672141155556
-1.1131561754177464
-1.572664731424974
-2.0091585538611443
-2.3230550571350848
-2.4802223412554105
-2.5106963799681616
-2.3764077224434637
-2.0880398486981977
-1.681175349644777
-1.216125221671421
-0.7139256495196006
-0.19329601235538807
0.2655368208445304
0.6066068873639352
0.8438714015056986
0.9291146099937402
0.876862830524303
0.6716195262116502
0.3278391099833804
-0.0804103293146029
-0.5487365747082134
-1.0074140026949931
-1.396629639306032
-1.6866978328139772
-1.8229303949564897
-1.8187758387019677
-1.669695241212361
-1.4036312799881032
-1.0107585919576425
-0.55099136689405
-0.025070198886314454
0.5011621844128302
0.9367809063113272
1.2475339975044955
1.4361628522895178
1.4704117754172306
1.351183182047358
1.0976734537926902
0.7327578322867908
0.2888616913160995
-0.19751901575099295
-0.6598505582312397
-1.0864569539952273
-1.4080588670376892
-1.5998074333928463
-1.647448609526372
-1.5445750067438275
-1.2944472275894845
-0.9149919825656863
-0.4163313408247503
0.11040059014222603
0.648625624118656
1.1534221899678558
1.559782011761955
1.8286735447443245
1.9411286586350007
1.8860628731553206
1.6713158047115506
1.321018483409217
0.8802004258692708
0.3945535911713983
-0.08048877027437629
-0.49718553879776367
-0.8195165082713718
-1.0071374298940754
-1.0512894747739427
-0.9428870181481753
-0.6766065255944673
-0.28050187662203724
0.1999801165120323
0.7282454398805027
1.2257681419977993
1.6538385328091825
1.9972993910588983
2.2106033837916548
2.289977135484276
2.204016794017556
1.9573462009647982
1.5585959403314535
1.0901416036899696
0.5580070630736242
0.043015982824463506
-0.41319531520254116
-0.8128378704479544
-1.0642910333259819
-1.1682961153321456
-1.125855255176076
-0.9206140099645643
-0.5944858289094382
-0.18537093993559867
0.29720890954612533
0.7954886752278978
1.2165863012516964
1.5394338087514652
1.7236939237397821
1.7413761943677863
