1.0
0.9995326938775511
0.9986520092963054
0.9974101866811241
0.9960566749598582
0.9944937900838604
0.9924661779260814
0.9901080616224973
0.9876038542744163
0.9850906294250495
0.9824538235336316
0.9797668170328143
0.9769890829903368
0.9744001841400846
0.9719759773725575
0.9694619833344613
0.9667308546737124
0.9638313893186748
0.9610892749771502
0.9583587797240618
0.9554978695819032
0.9525617675919789
0.9497295398306805
0.9469470937411252
0.9439947595407217
0.9412123313984885
0.9384733542847113
0.9357598565083411
0.9328303625657363
0.9299909043804986
0.9270421870926808
0.9240256539052588
0.9210461637548717
0.9181666501949559
0.9153863269139345
0.91257553739794
0.9098227138342215
0.9067919943419778
0.9036284757637478
0.900243319939001
0.8967243039275566
0.892992806617511
0.8894036836144801
0.8860939332524631
0.8826406804284974
0.878996034538021
0.8754840322867695
0.8717574395270119
0.8680653151400048
0.8643672375600722
0.8606905226578095
0.857221378626255
0.8535044985187921
0.849916405508227
0.8461060274846649
0.8422850595352801
0.8387086471658921
0.8353614363345933
0.8323590072459237
0.8294910535302196
0.8264069779562218
0.8234373143879188
0.8204184796469701
0.81744246094384
0.8143020790625212
0.8113602001125602
0.8083110083591492
0.8052032581244194
0.8021749464796375
0.7993632816938822
0.7966837620268884
0.7939877842830046
0.7911682415834366
0.788185976925552
0.7847595885677159
0.7814513162640065
0.7784748137369543
0.77562871272196
0.7724482264922498
0.7690524227481237
0.7656738663825781
0.7623302381047659
0.7591798730744926
0.7561087692141161
0.7529859279120917
0.7497268923146706
0.7465335683819411
0.7434120867355115
0.740345027200422
0.7370818025560611
0.7340228165254147
0.7310537823641353
0.7278911667271876
0.7247463697828875
0.7216360281445201
0.7185923237221655
0.715732201760172
0.7132045231747342
0.7106039375572974
0.7079902084089464
0.7052245898646258
0.7024608075335425
0.6997565678534243
0.6972994125559466
0.6949991432896824
0.6922783339280237
0.6897535195103303
0.6877404105383819
0.6856412399255692
0.6836467329650489
0.68150100272888
0.679210770666068
0.676940736602123
0.6748563147310217
0.6726006361590802
0.6703337276555393
0.6679564832781578
0.6658050141248185
0.6635321258708199
0.6611449365750626
0.65883445523787
0.6564304865229066
0.654048659330525
0.6514624124339601
0.6487066486460955
0.6457455561106413
0.6425144546817104
0.639376332921863
0.636502362130025
0.6338183721047541
0.6311005559952284
0.6286358579696637
0.626430538840921
0.6240256357080964
0.6216508606227665
0.619416381881662
0.6171858777619059
0.6153984477342396
0.613549708933342
0.6115186404644088
0.609404270817894
0.6071375883472045
0.6046346875030411
0.6020480840316144
0.5994340340562239
0.5969250835403321
0.5946702193087045
0.5925353782742261
0.5906834106785507
0.5888268413026153
0.5870718713496469
0.5850427233057077
0.5830138806480489
0.5814534363282272
0.5798023873126973
0.5782203942510981
0.5766999167299107
0.5753465763322502
0.5737566456752355
0.5717118454119912
0.5697580238870581
0.5674701522759976
0.5653878479498701
0.5630657741304624
0.5607949089887483
0.5585075163778459
0.5561752491227799
0.5539386207301494
0.5514073567663239
0.5488294798412482
0.5467262918537603
0.5445457932041262
0.5422841427150851
0.5401073995746397
0.5379448324265819
0.5358919352391657
0.5337368320336976
0.5318305587421592
0.5301866866692291
0.5285492934486641
0.5265650496324576
0.5247646286278351
0.5227544789960185
0.5207998784576854
0.5192069838451981
0.5175787633208866
0.5158653640259478
0.5140985826146506
0.5122895232910455
0.5101446891537745
0.5082064440385766
0.5060798006953777
0.5036301599353589
0.5011866614832041
0.4988456211540066
0.4964132723720714
0.49398145148497924
0.4914305325399565
0.4886601236490933
0.485936371017004
0.4833612241726849
0.4809749166133765
0.47834029255200117
0.4759394415544854
0.47364838428650313
0.4712145084370807
0.46877911837478065
0.4667563447018683
0.4648662955257043
0.46301802418749216
0.4613819204337918
0.4598460316322079
0.4582247502824556
0.456783921074661
0.4553719419490435
0.4541090574825788
0.4528631561692225
0.45145214617469864
0.44995941672696876
0.4481170574975849
0.4465070732857028
0.4450757900215026
0.4435995520713486
0.4418792000389249
0.4403091730676653
0.4384596619677168
0.4366655549104793
0.434976753073192
0.43351009454553335
0.4320056278823222
0.4305275336551687
0.4290111846799946
0.4272238478691494
0.42529133727368107
0.42348740652360833
0.42168300450575735
0.41989941731305774
0.41790453580304926
0.41604561159441583
0.4142730389732747
0.4125752492052414
0.4109895384914581
0.40951381169980056
0.40797106744414463
0.40620659247656066
0.40438342755630124
0.40252585830854043
0.40090513567946884
0.39930944618899894
0.39789313992559683
0.3967169564428171
