1.0
0.9994549166666666
0.9986206372604178
0.9976512471920618
0.9964843896286326
0.9947597582499709
0.9925659844954338
0.9903808894754007
0.9879911115707848
0.985480485860173
0.9827053483856204
0.9799404768125277
0.9767814963032706
0.9734598404617273
0.9701772660390099
0.9670037191699989
0.9633722809376053
0.959289546201065
0.9554353163032008
0.9514331928018934
0.9477943364416198
0.9439343278450216
0.9399075421116374
0.9358778716416655
0.9318339588650185
0.9276538326662304
0.923889878381301
0.9204678346073568
0.9169931635039521
0.9134887414521671
0.9102214263431117
0.9070236600181693
0.9035857702851252
0.9002433658962303
0.8969246274982611
0.8938602913481718
0.8909663817074989
0.8881375246612234
0.8852755706919875
0.8824079569373174
0.8796460621407662
0.8768174210178908
0.8742765553096841
0.8713346372295095
0.8685298577682211
0.8655779832091091
0.8623567608123529
0.8592357951863483
0.855598058048935
0.8520222974210478
0.8485471614942504
0.8451586955724152
0.8421284196813745
0.8384987317329274
0.8350321816992203
0.8315644119964408
0.828243981429226
0.8249969683838623
0.8217611166534989
0.8183250188345221
0.8145142180237054
0.8110670928273381
0.8076230458707175
0.8043462484396386
0.800950971305585
0.79762135728026
0.7942155386208674
0.7906913269041677
0.7872548316718861
0.7841660419385604
0.7813070644889379
0.7782980673077105
0.775537413095628
0.772803591113549
0.7701558312630084
0.7672794722407127
0.7646523012457315
0.7617616386025963
0.758747421884724
0.75566797053605
0.7526806397179107
0.7496431816459067
0.7468130224473868
0.7437844429343446
0.7407522195104236
0.7375093406832774
0.7342765471050321
0.7312165234481808
0.7281905434917081
0.725054990410126
0.721717594010735
0.7183974684873136
0.7152822293789977
0.7118491504106053
0.708477447322321
0.7051345167204357
0.701849896581095
0.6986454616742256
0.6954673468318318
0.6926068996163292
0.6896042791662004
0.6864749219863857
0.6834432286852321
0.6804977330489576
0.6774544733962043
0.6742562572116039
0.6710556649480275
0.6684532801519429
0.6659918423226415
0.6632241792565695
0.6604571026134174
0.6580598222929414
0.6555624557371283
0.6529071668752646
0.6505574840474423
0.6483791248766421
0.6461187153824896
0.6438432331521422
0.6415833938570488
0.6393566122172384
0.6373183578586405
0.6353774754438118
0.6334500529107313
0.6315502296103318
0.629848353591542
0.6280753863246346
0.6260480400759149
0.6239834026786899
0.6212790733304411
0.6190180952647323
0.6169003405931961
0.6143872567380403
0.6120489399662182
0.6097545303238876
0.60747713521838
0.6051760883959201
0.602519788593716
0.5999579020408423
0.5970924299332904
0.5940215826517261
0.5910897015374034
0.5882136844914847
0.5853619327331478
0.5824781953700238
0.5797680812178122
0.5769682998098107
0.5743469083205964
0.5714479458236755
0.5688218407463826
0.5661980651040703
0.5637137017769643
0.5614661458696136
0.5593975806165704
0.5573943535332644
0.5549936297689687
0.5528985391835897
0.550564302491252
0.5482589021841487
0.5460653317478223
0.5436434228913549
0.5412231356287429
0.5382110665351182
0.5350455994942079
0.5322929569854591
0.5296466783855659
0.5271367732454384
0.5249731595412807
0.5229056492216547
0.5211154055349982
0.5190123883708955
0.5168663802451978
0.5143960416417575
0.5120683358089981
0.5094109992210554
0.506926375960202
0.5044482235681768
0.5017270181108291
0.4993328902712021
0.4968234824639351
0.4940740889693497
0.4914905279989975
0.488889148596687
0.4862412843541656
0.483489153648206
0.48104528073713804
0.4787602835377217
0.47626750816221836
0.47400092109658487
0.4716487062428667
0.46954958922949075
0.46736015521608837
0.4650486164977707
0.46295574586295374
0.46100399874996484
0.45923763648143134
0.4574112029933344
0.4554885359209774
0.4533217931637407
0.4514173045907015
0.4493249801016963
0.4472016017327138
0.445254184541326
0.443432216250239
0.44181161703146127
0.44027122712092287
0.4387164471235719
0.4371281570503069
0.4356339817287822
0.4338842159832144
0.4318092125873836
0.4299967225472875
0.42833469841420907
0.4269791566457094
0.4253441660159661
0.42385892957316057
0.4223603751768678
0.42065057611879775
0.41882375891630896
0.4169725021447669
0.41514369808617213
0.4132976086862624
0.41119907922781024
0.40904608901146605
0.40683905377621987
0.40467823854271145
0.4025667881967743
0.40067496634715616
0.39891511423284254
0.39677794256186955
0.3947927045719178
0.3925989111491287
0.3906408488365449
0.38850788907570366
0.3863894891350147
0.38461345761262533
0.38276686316027897
0.3806440270176728
0.37831016565764164
0.3763025322801387
0.3745761324899248
0.37286672579993607
0.3711574128165805
0.3692464560958306
0.36770034989324774
0.36613859078262545
0.36485682815506304
0.36359151639384546
0.3620802532866266
0.3605798993823811
0.35925109289217255
0.3579862307579438
