0.0
0.0
-0.0005356222361779004
0.00036475259819231825
-0.0008305009139894513
-0.00010812550169044715
-0.0013581779101367545
-0.008739545573137514
-0.025921346282758984
-0.03416941024244491
-0.03788037431560761
-0.03740168833932098
-0.04218106169636193
-0.04494701610819332
-0.04840214959962477
-0.04385430253164038
-0.03739812881160982
-0.03423742928543397
-0.02602211334037309
-0.016231248332080794
-0.0032271349494639133
0.0023747551001930337
0.003188598742526152
0.006263794680838862
0.00540323191115356
0.01127918253037196
0.013816179241999883
0.010805877101924453
0.011915961108489154
0.013655571688052273
0.01138351823414121
0.016166030382045143
0.012144950064688605
0.013724399672205487
0.010815997972914309
0.014715793675189333
0.01853122915555703
0.014307684730944008
0.009314708509830098
0.004236319577893234
-0.004800182622295838
-0.021655762102145155
-0.03711982170454562
-0.0603532338339048
-0.06408758974331126
-0.06466915342461503
-0.07571821077775705
-0.08035655663212343
-0.08950708885719068
-0.09767088947570036
-0.10395468199591668
-0.10453516951377093
-0.10756752504315992
-0.11237292536904434
-0.11939090091070315
-0.11293901407003587
-0.1070555568969663
-0.10653006702057485
-0.11328520334107232
-0.11898585400735658
-0.1184465424844227
-0.12748551812901124
-0.13746179958074797
-0.13687767633388812
-0.13726662802732975
-0.12600594121479053
-0.11842209079368897
-0.11208978865790696
-0.10268142712899508
-0.09103833607810669
-0.08500719128709264
-0.07917289937480806
-0.06982364516297387
-0.06463681239302237
-0.059043104766852386
-0.05112355211400326
-0.04129165186513871
-0.034586255393534326
-0.026520698040788326
-0.011157694495916729
-0.0039050029586707082
0.00656362102411911
0.010448287288916034
0.02593885114021225
0.0421796495271964
0.05497398612702735
0.05006309399572402
0.04488310722834217
0.03296039675262223
0.01648402617347538
-0.004076965505483369
-0.022690051169030626
-0.0362713332959261
-0.04495923842304231
-0.051387849904093584
-0.0656550359976341
-0.0755219227618307
-0.09409309016821688
-0.10736406676942607
-0.12707760608430135
-0.1419963462300193
-0.15567233705318584
-0.16545111586109146
-0.17117317887224576
-0.17087875945113784
-0.1746500422598361
-0.1772616210166556
-0.171401863947384
-0.16807630902894052
-0.17591549473801263
-0.18407923594289635
