0.0
0.07725424859373685
0.29243607774612734
0.6525894834171507
1.0731661695066352
1.5412354721230228
2.024654320060648
2.44837632098288
2.7913812795945234
2.9890348870246406
3.045247712803528
2.901427094278095
2.619094185072285
2.260487309563189
1.8315088173529914
1.3534653825215104
0.928708825111632
0.5461184867863549
0.24478360360689483
0.07744636881261507
0.03731046487663674
0.13116949228186442
0.39488095021177877
0.754801363908308
1.197714480348905
1.6897251311772186
2.182508240795708
2.5956403000041557
2.866953196101919
2.942552089185205
2.8963987506217905
2.68667119778633
2.341230116186483
1.8830687516343092
1.3225042109302705
0.7350085718623544
0.17286510605664251
-0.3115700927844037
-0.7178084864460504
-0.9754157895318978
-1.0766241515439101
-1.0235405799133683
-0.795418545629721
-0.4241703480873648
0.04228022560727568
0.542422378099465
1.0429061146421206
1.4233180192113362
1.66532969526038
1.7814036924738812
1.7349601562551578
1.598112546904223
1.2957504295255284
0.8295497505489761
0.29264565071283266
-0.29360134796764015
-0.8553646004847627
-1.3017999391855835
-1.6583613627504121
-1.898639900869378
-2.055688207175727
-2.0714453012011522
-1.9343489307978805
-1.6536677915964737
-1.2722085300719654
-0.8849276873851716
-0.5092347349936056
-0.16960760316174978
0.0894517328457059
0.21559806319908867
0.20703216470114622
0.05686627930775923
-0.238245996259562
-0.6119828260179336
-1.035186573257523
-1.4824071514946944
-1.9348082112981833
-2.3164010000289057
-2.545020057517999
-2.633208025395068
-2.6121932136085517
-2.4474493752984614
-2.119660289711175
-1.6842557795980486
-1.1936504717697765
-0.6180898623093583
-0.10904635895408521
0.3825929895290444
0.7199014020849006
0.9144377502984512
0.9859886470023022
0.8958409118676326
0.6558656521126643
0.3257564747434726
-0.03160348399436741
-0.4073098404395198
-0.8152525286735093
-1.1371412446196785
-1.307774175567197
-1.3603273078627325
-1.2953422913605994
-1.1347496383096245
-0.8511379655359101
-0.4197511848066407
0.10669946332710406
0.7085109993483378
1.240666227216593
1.6624102868134794
1.9956359714375802
2.2310676705078594
2.3834177334612705
2.3792742377070906
2.1713392656256425
1.838972610658809
1.4326602584410033
0.9962857557269884
0.5586635950719053
0.16554492886402516
-0.131201223900968
-0.3122703474959822
-0.4029972834624943
-0.31491571369250015
-0.06453169690639338
0.29475096792367106
0.6944667738473083
1.1410789495704337
1.570276645261804
1.926416964564682
2.15895210437536
2.238597810493869
2.211728776519716
2.0627826843344037
1.7444435741582833
1.378015595177708
0.9454676816011062
0.424422915670822
-0.09254943469632926
-0.5667103296687535
-0.9458315330314295
-1.2296597440870582
-1.3603277878191729
-1.2985002238870844
-1.120741521647522
-0.8274354323786068
-0.4419202274493921
0.030881919373100253
0.46426888905867914
0.7887695124783725
1.0926590022046503
1.2610451463448449
1.284349152241044
1.1623931168991883
0.8694399505758791
0.511791403993277
0.08488349993329802
-0.3893086595122147
-0.8732341936903385
-1.2992126870407519
-1.6224039257757137
-1.8024436412669806
-1.8184419076672569
-1.705332964399161
-1.483834696417654
-1.1726432919944454
-0.7606937446168373
-0.25698964368466504
0.23379834628611662
0.697063817897355
1.0862456235418834
1.3402618506823982
1.4378229694104654
1.3248723199588628
1.0610904632135882
0.6897687875703953
0.2696155057968862
-0.21239100457478677
-0.6780131275862906
-1.0824768579648127
-1.4137980306093465
-1.626476111144508
-1.7093591458296025
-1.641413005470356
-1.46871113443409
-1.1355556254129895
-0.7304624843009259
-0.27189260468995624
0.08002639562883312
0.4006938830906918
0.6089759358573917
0.7770098176450306
0.7607160463081083
0.5649449496718355
0.2533842787295697
-0.16703003154019597
-0.6660415140070184
-1.1824991048581441
-1.6902383756887667
-2.0874530995157157
-2.3428106024505873
-2.4573558343711377
-2.385967027174823
-2.1907347528381473
-1.8591662408292495
-1.3583395499946547
-0.8363050270311464
-0.3128314014985899
0.18672719319644854
0.6170453401918214
0.9332256206806612
1.1833094394624377
1.2351047134635291
1.1712964878642933
0.9673520728831349
0.6768450989614397
0.3194724319264898
-0.09204614565689684
-0.5035852952054467
-0.8328966456900024
-1.0759875535973067
-1.253852216150083
-1.2852985447757712
-1.1765861092369403
-0.936197635559243
-0.5309233208031562
-0.028804001904494725
0.43786774979405774
0.8740538318422686
1.2455454049774028
1.5243848620751645
1.657373607516912
1.690879545344795
1.5697429287107567
1.2946826967412952
0.9367261137749756
0.4873534171298526
0.01094074475693596
-0.46724744670775453
-0.9146685520523142
-1.2304031053955697
-1.3771651111111691
-1.3488584693874626
-1.1902892797530464
-0.8882398483594538
-0.45974769227196083
0.031907037664526794
0.5429873835698678
1.0242367120739382
1.4271979285537195
1.7348670526240928
1.9005211593601805
1.9351263013328877
1.8199262168269246
1.6023971316959913
1.2212571112334314
0.7723388771050785
0.262340397164498
-0.2237387442758888
-0.7086468832729111
-1.0544026217368399
-1.2350658238363155
-1.254142278266121
-1.1196664483688432
-0.8150248106395717
-0.43643473725875526
0.05030809260392527
0.5474536827936931
1.102240784618627
1.574137413083954
1.9274609557040858
2.1630531017305574
2.290899687694694
2.2555283383498357
2.1020499677736724
1.7738985650111236
1.316679558012844
0.8297293163831894
0.34845343175176363
-0.02392255543683336
-0.3769566035355875
-0.5746103858930578
-0.6617364605290197
-0.615177428925848
-0.4244137598757599
-0.07303519383149887
0.41348514202333003
0.9672432896005103
1.454504100975377
1.8532441017487162
2.1660962430371096
2.364842798657903
2.4493102786040395
2.4045388589939964
2.228391700148481
1.8847372647222422
1.5108014750629566
1.094817502023719
0.7062487595412572
0.34268200386495107
0.046664396069818426
-0.12967370578699255
-0.1732179799023291
-0.09612398917327826
0.0555563620992945
0.34979031486226064
0.7173071172089238
1.131177113229163
1.4816272150584413
1.7961861838457223
2.0447483722196544
2.2180875280276693
2.241277602610536
2.139755353928853
1.8830594100474458
1.5007221737162728
1.056136562824616
0.613467320297996
0.15362169883126453
-0.2528140900046289
-0.5429502008517337
-0.7019119516447708
-0.7044129543269428
-0.5928211977037747
-0.3436530179735872
0.1127826880363601
0.6643987799959736
1.250788706702544
1.7775351069906073
2.199695583555143
2.539455261026123
2.7259957271607367
2.7753505383303727
2.6587612430131062
2.40884379404316
2.0687695505769024
1.6539584470720257
1.2446743837292147
0.7957397178789848
0.3880282022181706
0.08406900537563633
-0.08943884887631331
-0.10864954290223906
0.015666721687229643
0.28463020683473683
0.7578461182647372
1.2432489584181603
1.7621428983119318
2.240349287370503
2.655783336318037
2.950661465587107
3.061224678402324
3.0050831564112372
2.7805316024862314
2.3839049067297813
1.9113207784672424
1.3137241151211916
0.7081692600786833
0.16129184761208282
-0.29479282710164434
-0.6412878173528215
-0.8247338266687028
-0.8441816121527469
-0.696970668353301
-0.3722529820092139
0.03143723324657122
0.5206336858237905
0.9892830730769128
1.441634602887228
1.849144065291992
2.147195679991132
2.3162873735740757
2.320249863797636
2.1803327769283
1.9018136929850673
1.515672770842597
1.0694599836449066
0.6076295398396858
0.15537389069136143
-0.22731646426172858
-0.5298583102900434
-0.6869258256229055
-0.6922338888150449
-0.555927246113745
-0.32099370806586125
0.03725771278108181
0.49521189931105886
0.9757519833252468
1.4143095206048155
1.802535118359423
2.0983008418827565
2.2641427579335582
2.3142111054056014
2.2292669681856125
1.976695535710919
1.615385009940753
1.1825600654579187
0.7130496030594401
0.2593888176932269
-0.14060030376472876
-0.4147668387589889
-0.5550884341881647
-0.5741620973867405
-0.4069580312814033
-0.13676574158692256
0.23672084949604766
0.6810111778024855
1.1514801548754736
1.5846603309640916
2.0130104486632
2.3339782675752474
2.4656977832222493
2.4459164594481746
2.266707815976879
1.9478654630041106
1.5210703346844177
1.0341303093656524
0.48918138744062967
-0.08305439068233378
-0.5076458430707297
-0.8321486914454023
-1.0437550576515304
-1.1162167789167579
-1.073594998603443
-0.9078531311235616
-0.5309480294892823
-0.0793630529305911
0.4185125005523018
0.8784669467642474
1.2572985890130939
1.4377230179866323
1.4714216199496537
1.3553984304082058
1.1382129167262518
0.7475048735784365
0.2777033498634885
-0.21132624524842242
-0.7466234109419252
-1.249953894331738
-1.6635859157535404
-1.9923166352678245
-2.198284267785856
-2.2689456146138376
-2.2190288674574763
-2.0109470765757607
-1.6565223115946717
-1.2147182363849702
-0.7081260146710238
-0.1800466423228949
0.2905055653957208
0.652377563585449
0.8811229233508489
0.9035417547255222
0.7939737534473047
0.6010573283166072
0.26834430165131284
-0.07509754434693583
-0.47229615994923213
-0.8922484244513885
-1.2910372742379774
-1.541108989216496
-1.6765480945088762
-1.641465707746762
-1.425768495711221
-1.055976531349369
-0.5732506475940404
0.011806144809756614
0.6160981680628765
1.1859060597312243
1.7214150656312612
2.1349119969913417
2.4307309619331123
2.550191662203654
2.495976526113591
2.284384709299368
1.9786259362411645
1.6330472755066943
1.220834635713703
0.7960300114159051
0.33697220238953474
-0.02493729370157627
-0.24935259814527008
-0.35388050490140865
-0.2912179468922472
-0.04360006179825188
0.3769392835948308
0.8569423132376868
1.3704478062223142
1.8319716298797333
2.2074226331622886
2.448059847509485
2.5339614700448494
2.5051217835848734
2.390559175954194
2.1349915389098513
1.7725577172881073
1.2813455880919655
0.7338057298869036
0.18249899034122374
-0.3030422749711726
-0.646841736411528
-0.8902215391203494
-0.9311976450070766
-0.8268358840575094
-0.5968371063457627
-0.30567061838534393
0.059349094742936315
0.46454936848528733
0.8267739698888863
1.1614956291731688
1.4039180847202375
1.5441293310581459
1.5120241170789073
1.3448944841059671
1.0312112913470703
0.645562274053018
0.1829053844867931
-0.2785132314862795
-0.7181732693906191
-1.1369807941765586
-1.4814009860093529
-1.6878701633173534
-1.7429012299826034
-1.6766332119816956
-1.4647555843822737
-1.1222349925290014
-0.7319357246110898
-0.272914887142928
0.1501863993045116
0.5322371126701971
0.8052067397392038
0.9106898442742823
0.8927154893513106
0.7121634902191178
0.41383276523758084
0.020313029828277374
-0.4419757189468312
-0.9460369203308022
-1.4468506215435677
-1.8718360370378062
-2.175961048590459
-2.3213546262943403
-2.2797850747547392
-2.067175767431345
-1.7952481274161363
-1.4328164457161325
-0.9961006790763745
-0.4996821299881392
-0.004970200370595146
0.44163357323295993
0.7883085237693312
1.0124011871139684
1.0732391756898996
