0.0
0.07725424859373685
0.2957884477294024
0.6625314994275311
1.104942821365296
1.598407481841737
2.0892882845594207
2.5108129096105642
2.795767924919158
2.9421451979696402
2.9483956648036447
2.7766339369516455
2.462587778704213
2.0082950433488107
1.4813813945369272
0.9300680676192379
0.388306186461854
-0.056481663633035806
-0.42208266915578957
-0.677541484587578
-0.8153248956599486
-0.7867062987994127
-0.6040328230233116
-0.30187204551105806
0.07575006098070025
0.5189290270109952
0.9236838199225323
1.27229600030973
1.5421366668364227
1.7053073410737585
1.7168278023298043
1.5967174170066158
1.331242373515334
0.9262484590172517
0.4683111068583834
-0.008295611988832552
-0.488841735737397
-0.8837484252212486
-1.1543995401711369
-1.2859856893413166
-1.281632108243054
-1.167202724909227
-0.9042710166190915
-0.5344882225102945
-0.09238529760902481
0.3945853830403241
0.8811925639552965
1.3279374115385303
1.6670771086373612
1.8464888069416583
1.8828986022602914
1.7618357534215288
1.4908185291160183
1.0880439256253012
0.6139002628913732
0.10708623207803936
-0.38972323229437766
-0.828638351414049
-1.1215286677718854
-1.2826813737990865
-1.3209114752020257
-1.1926886413241464
-0.9412879199116873
-0.5982828386471692
-0.1292126399295444
0.36491593894281366
0.8388082945978763
1.2574241187319843
1.5867937130359497
1.814327175772081
1.8825172902319192
1.7709171684501344
1.5407613040181851
1.1927039046511194
0.7740244247007905
0.288034564657737
-0.18362534362383853
-0.5935676697305642
-0.9030969419297553
-1.09847860615432
-1.1365055845346386
-1.0102078589918249
-0.7289301179345149
-0.34885485637410263
0.11925751422792125
0.6584219032944809
1.1670634549412942
1.5993231500912803
1.9377274736053358
2.159093793752353
2.254610653139784
2.2409014364191506
2.056099450121545
1.7530021452521303
1.371982902702434
0.941844339157264
0.48456049902289045
0.09582703892406458
-0.223841273534436
-0.4086932848635525
-0.4445651862796228
-0.3513580805239287
-0.10480453930633982
0.2786509143857623
0.7233081889036164
1.2146426556567078
1.766514642978808
2.272794857216632
2.6815546897634333
2.9627912942309025
3.078279514748607
3.0312924874955094
2.796641989306742
2.408681290348782
1.9583194627913854
1.4467826159996653
0.9576917449905777
0.5279106993417189
0.18226773583752853
-0.021639956187958137
-0.07445591355886033
0.040607305602495786
0.29318593075620425
0.6777771899122002
1.1341088718567525
1.6131624485454334
2.0886478324421516
2.5225279002857777
2.873803524304513
3.0803486380334335
3.120527575754709
3.019686593650499
2.7712677948231663
2.382196859774263
1.8869643878281828
1.3291188495230541
0.7888285388054499
0.2828510617128849
-0.11752790078534159
-0.37271413921840246
-0.48521404293519116
-0.445670330295879
-0.24465623896722538
0.05555582855655056
0.4076780114360516
0.8188607532495484
1.216162602233915
1.5556393479427417
1.8213693947915075
1.9498861132834155
1.941841697826734
1.7974913191089772
1.5031322648992842
1.106188220764768
0.6317956891678406
0.11032699002759971
-0.4018896498873692
-0.8332963025440767
-1.1505329978201502
-1.3385083205284818
-1.3842999358376553
-1.2792605923952869
-1.019993792566026
-0.6041858548433982
-0.13453008461511157
0.3856566079206694
0.9039080567084183
1.3436069457800666
1.669899106379063
1.8626584725747903
1.8999316229984398
1.773418033112717
1.5100353406604297
1.1195530260380624
0.6530268081716315
0.12316154228419096
-0.3967369426657359
-0.8278871353135073
-1.1632063089721045
-1.3864434390105882
-1.4630281724097687
-1.3982771629930475
-1.1569218426777086
-0.7885559568832601
-0.3453897852107178
0.1370085988044359
0.5958137451271355
1.0095305418918892
1.3441046348007768
1.5331008963308927
1.5770825855540007
1.4524686281099979
1.1754644909902903
0.7731113929110496
0.29510601261536207
-0.1826041130904298
-0.6625515272958697
-1.0763000552017281
-1.3583235521494537
-1.5239251243575922
-1.5182694553873537
-1.341647174937092
-1.0412312602483969
-0.6273379332185427
-0.1248050836514295
0.40697017403583935
0.9333242303359708
1.37588619913861
1.7414144989666667
1.9575520320779023
2.0236198864645987
1.9343078597445182
1.7320731388516952
1.4232549479155776
1.0500260118150817
0.6416101359590765
0.1995194008284914
-0.22969170691363516
-0.5478067247253318
-0.7365833924530368
-0.8042177120951999
-0.7181344509238994
-0.488436948669
-0.1407718844879845
0.30306695060405586
0.7670578583375898
1.2030866808385585
1.6041650745545324
1.917962910667066
2.0870773960822167
2.089574942335796
1.919969051132033
1.6141930401863678
1.19948095235993
0.7028086068097316
0.1868181205852958
-0.3276924820494961
-0.8251928169634427
-1.1906712051466193
-1.4264501901826816
-1.502814703828707
-1.4012010379403355
-1.1739198223944811
-0.8217372634193398
-0.41206645983155094
0.020161455326230315
0.4657659508313093
0.8864532733108123
1.193192781378829
1.3823102909254308
1.419629601381076
1.2785714064436442
1.0344396940085736
0.6819542317583008
0.23635502401163233
-0.26402340301252547
-0.7687179504063022
-1.2144323195309061
-1.5760722743554478
-1.788910569384252
-1.868540526821518
-1.7761264387269755
-1.5281920931293231
-1.150186436723366
-0.7242455607797689
-0.25581902204790863
0.18878821469092344
0.5500002197889051
0.797974190958278
0.9263898314278326
0.9069814599011583
0.7316194298447172
0.40084739598725583
-0.010905852656309833
-0.5137318806856569
-1.051180280696229
-1.5831598868807653
-2.0536821955923243
-2.41406309597223
-2.6463105756216816
-2.731460921208121
-2.6645237556351082
-2.408883553567411
-2.0394077413551486
-1.5932683796698122
-1.1253088385880043
-0.669251291998497
-0.23367570286095718
0.10024029808828505
0.26361518733345735
0.2980627754604993
0.20385490678605653
-0.04060137285934423
-0.3594497120029187
-0.7596222664452927
-1.2177510832997493
-1.6838243392707726
-2.101764420756744
-2.41392887563413
-2.6052491416994368
-2.664431423513706
-2.5595638859741103
-2.326807843880264
-1.9461561098755207
-1.4473049473283424
-0.9372797208347512
-0.40949021818357956
0.05671653399624088
0.4002735364121499
0.6156916915039199
0.694862634829596
0.6223632698651534
0.4131270105301369
0.10735889336826399
-0.29627791021554695
-0.7446519114870244
-1.1662074312262076
-1.5077968700564992
-1.7675349046990614
-1.934965289630566
-1.9543105572270532
-1.84674672069069
-1.564091162398784
-1.1942101400419984
-0.74659746440085
-0.2608329309393309
0.22925303606956615
0.6831563962699294
1.0150952114638647
1.2178501282643794
1.2706702999602684
1.166897626570862
0.9098526937732933
0.5253227013582757
0.0627210142189934
-0.4079281659830752
-0.8498643178477865
-1.2778040600607832
-1.6134898862698583
-1.832065428278673
-1.8653910803458353
-1.722126949433417
-1.4606166522549389
-1.0722092724132541
-0.5898369489419935
-0.07952863527182408
0.4272864995630835
0.8963109289795966
1.2736849823250682
1.5093746492418607
1.567850121742314
1.467828971639958
1.243604890127692
0.8713623731761124
0.4284671365613345
-0.02060466932723537
-0.43268230176042677
-0.797679446091019
-1.0638552587931254
-1.186334365482024
-1.1656236719315551
-1.0005846741215487
-0.7319044755416415
-0.33359717576165954
0.13944370835243436
0.6538208029151683
1.140019623669377
1.5493601388139702
1.8290953715330411
1.9919344441627895
2.0269633219547614
1.927911992238542
1.6599919778593415
1.27525183292488
0.7955493614954929
0.26601339203616126
-0.27626721962837186
-0.7806247357732732
-1.1581502958685461
-1.350500631846498
-1.390845055116862
-1.265349951983808
-0.9968557104439302
-0.6140441507996274
-0.16403551297064362
0.35718009006421897
0.898653620608203
1.365255552998136
1.7463912267425288
1.9609168465367035
2.018721054744854
1.9324859876901719
1.6748790178947366
1.31025079999687
0.8822928891631538
0.42134609167151826
-0.0651333443732438
-0.4910312492674172
-0.8432574180983137
-1.0433874089769601
-1.0818156985236786
-0.9677503452368872
-0.7218945576018411
-0.36651571394800236
0.06614582102503752
0.5292917545408388
0.9680680962565757
1.345758016802493
1.6334646958871077
1.7668929791546109
1.7744631780688334
1.6524417603455228
1.4151632436635357
1.0507075228732061
0.6303469409676663
0.15810382196401052
-0.31202236562340646
-0.7441706702994335
-1.0919447278916574
-1.3031003392072391
-1.3824510018004204
-1.3087610786575001
-1.075756531080879
-0.7152988303392134
-0.26247093452872355
0.27428083513741147
0.7856199444383154
1.2258125984939579
1.5878263288703653
1.8044476248457908
1.8778917277980205
1.8059995789527636
1.5579387108147014
1.224260217024708
0.7962956826701093
0.3331437885941084
-0.08612455215642051
-0.47127696025239707
-0.777130143617207
-0.9222965192306923
-0.920776964352942
-0.7497643953634895
-0.4540388429653143
-0.02655331846945369
0.510028576533863
1.0668558878582561
1.6254885569150537
2.126192971428601
2.5399913228441067
2.8238643255976132
2.9491368601525885
2.894150417074839
2.68034566604102
2.365427900477669
1.9603358896091971
1.5232453271511401
1.1279585339817646
0.7811527866860626
0.5505941312152267
0.4414813218494995
0.47197615737786974
0.6476419214138867
0.935811591596261
1.3214490987813878
1.7552719950098825
2.232680851405114
2.69680872773327
3.137694079729001
3.433394782608032
3.5893574828516934
3.6104247571580106
3.466632854541278
3.196877282310141
2.8055521544076414
2.3109440743264797
1.7668134986941335
1.240065557668196
0.778950410718212
0.4444790897997334
0.25912529160010067
0.22737469722293457
0.3530050807939864
0.6415740441058692
1.0545553915815586
1.5687967297264689
2.1446259718184892
2.6705484578247587
3.1181262933441922
3.448865195956185
3.609799096463933
3.5763556504638068
3.4091658261131736
3.1103478108932285
2.6943556094724155
2.1763941179027606
1.6412769491383252
1.118667918190801
0.6164266147698534
0.20578361963113234
-0.07302730415620229
-0.1836598861781419
-0.12496170787097427
0.0974363300256692
0.4271473650346966
0.8489056118808745
1.3219959572513131
1.7750082129259734
2.175942530553504
2.4662118417367784
2.6321529925599094
2.641278289073977
2.5071123227034047
2.2203323774115375
1.8576973445335183
1.4184650581642977
0.9402332090412795
0.44953951599705577
-0.016241978453161054
-0.36848216394991445
-0.5596366157028444
-0.631264128064177
-0.5282862321712155
-0.291935360768105
0.06225071700977969
0.5155535805942215
0.9756138278965363
1.4536616758290741
1.8810750998345318
2.213190388213857
2.4003338797354288
2.459804405192931
2.3556646610056804
2.0530100924464993
1.6035947384608717
1.058557721611344
0.5066434662140578
-0.022936601404746293
-0.482076358710047
-0.8639236753235464
-1.1193772867832852
-1.2276149040823716
-1.1598053398332604
-0.951522021409714
-0.5813510918617371
-0.12130670948261502
0.3799373828795868
0.8658903960750247
1.293170535972134
1.6222387155576947
1.8187885552892122
1.8279743519215093
