0.0
0.0
0.016258101845093343
0.028661899050316863
0.046447342064603145
0.06641185325813401
0.1037254244832455
0.14716416583268793
0.18942871515252355
0.24174885104672442
0.290455334215549
0.3196536036613985
0.33712649641785986
0.3370726424175318
0.31211781120088977
0.2767130624730912
0.23758484572884803
0.19165684305611444
0.13689178408844543
0.07141472934796259
0.005819025498947028
-0.06125328747109299
-0.11262908970114349
-0.1563727758656907
-0.18209720838683224
-0.19843353839815026
-0.18308265188050493
-0.171082836358708
-0.1290538152389229
-0.07774957616358064
-0.02590263209233723
0.0002599890652553935
0.03464302959559183
0.08078930434193862
0.10928649391669693
0.12752129881094698
0.1278619404605247
0.11963009063563285
0.09796784167709396
0.09106413645413672
0.09295931534617406
0.09024407410595314
0.08019882652457656
0.05632591264060262
0.04253316508033475
0.03658419331668289
0.03485864941489957
0.05628594062930653
0.09032012208972137
0.12030919290818502
0.1536239990566613
0.1731733163091743
0.18136801050191825
0.16157880748851633
0.12447348043829583
0.07643036614152919
0.01859773840222364
-0.04689069444870859
-0.11631433902379751
-0.20515815183884611
-0.2963328517335632
-0.37557545071026077
-0.42933858647125756
-0.4913008348669378
-0.5330280029124703
-0.5645476080159907
-0.5810615348626943
-0.5774485085268465
-0.5704818341767198
-0.5617343256385916
-0.5442234556488805
-0.5326039064446746
-0.510053698784513
-0.5046007310688942
-0.5282399503898886
-0.5476292762382051
-0.5661137888342838
-0.5727215984139312
-0.5718406722642962
-0.5898088875232153
-0.6112298668297533
-0.6464818405979387
-0.6725646351609829
-0.6731009218980571
-0.6695626423856328
-0.6578237751842985
-0.6189798870621583
-0.5685871784988279
-0.5150028198349733
-0.4708509658939909
-0.41505265923040663
-0.3542478973351143
-0.30591956547900734
-0.24897882787072098
-0.19957519938695467
-0.16760136857861127
-0.15334408654695197
-0.1521339093828876
-0.16147220964283304
-0.17268364247978515
-0.2075883020425995
-0.25721748194960814
-0.29895629976574983
-0.3309415433596716
-0.3390792688239889
-0.3341635049959048
-0.3400181569635549
-0.3329634137011006
-0.3171112998802051
-0.29135528459950405
-0.2797807253744396
-0.2720619246510266
-0.25437416969021936
-0.23353236187302934
-0.22268404594016333
-0.21638609490798297
-0.2372859966565966
-0.2729811550940635
-0.3099833536426503
-0.3462472962996084
-0.36818182032949126
-0.38187909941307446
-0.3978051208823852
-0.40715517375623683
-0.4088141095755355
-0.3927064815770658
-0.3538248631579991
-0.30425063488540194
-0.24622594441465748
-0.1967691340758837
-0.1639923761971889
-0.13687695539926714
-0.10616608822743881
-0.08872165157810295
-0.06968002228699695
-0.0647496998307309
-0.05433539632281206
-0.06384037983436291
-0.10298696518747633
-0.12917899966944088
-0.13957670078294454
-0.1574830999310023
-0.17111307346808233
-0.18083799559024633
-0.17855964260874338
-0.17162743662634083
-0.1432418212968152
-0.1075200340117771
-0.06757478413973189
-0.03780978831550641
-0.02143453362126181
-0.030412429069082918
-0.04571936971236659
-0.0653156801981973
-0.09445554087180542
-0.14541947798309335
-0.19816537213186397
-0.26190152690762253
-0.33822385793303483
-0.41663227859215596
-0.49528885057345184
-0.5619937946415845
-0.6105949422286365
-0.6312637036761511
-0.6362378441377944
-0.6297449679947265
-0.6156835494367563
-0.5922729648256102
-0.564711666879241
-0.5358733097768222
-0.5112123194714777
-0.48028981798314024
-0.4581775781632792
-0.43408696415983455
-0.4146164635423327
-0.37766795837463396
-0.34160005530861354
-0.3248843275291076
-0.32130447589678407
-0.339283137510302
-0.354900397532087
-0.37003160549116026
-0.3882306364796787
-0.39768815592342177
-0.4123246362688289
-0.4140326600132066
-0.41039548856536173
-0.4014356766826872
-0.37657589181337725
-0.36627026102056154
-0.3518835237004474
-0.33404932986716884
-0.30060671326983307
-0.28379632456826887
-0.27417641977725066
-0.2955776299452778
-0.3360309370507821
-0.377766677102613
-0.4409751758397768
-0.508638739715594
-0.5689696032220363
-0.634608336485807
-0.6947746748105694
-0.7515316534871548
-0.7799040635334378
-0.8050647151018872
-0.8075075907021749
-0.7825033805403031
-0.759173118674114
-0.7093405007076905
-0.6764820606585795
-0.6394624084574934
-0.5839441119991096
-0.5300598293913591
-0.4875731096203829
-0.44286108165034044
-0.4192283505835558
-0.3974174050483153
-0.38909756224893016
-0.3853883840263042
-0.38717375009852667
-0.38931173864026475
-0.39640938389211444
-0.40618782165806955
-0.4015103595363002
-0.3773477532309061
-0.34982183177937176
-0.324319394829904
-0.29437261993071634
-0.26844523987249375
-0.24657026695526538
-0.2224777529213027
-0.19576513779531807
-0.17729737947902105
-0.16598551714806611
-0.15818812268119722
-0.1515953572808722
-0.1376133836640639
-0.1131216713695685
-0.09368042621654268
-0.06825048009303991
-0.05740514257757415
-0.05812728403811592
-0.06852201649121285
-0.07890142963774235
-0.10263004235275046
-0.1255741879715941
-0.13833877468529365
-0.14856599649414048
-0.13986084319148548
-0.12358095178422428
-0.09071741316424813
-0.0691698258715475
-0.05224350935526598
-0.04773439769842889
-0.04539052220656835
-0.04825123345236014
-0.05852015759365891
-0.07800603864707814
-0.11337401200171858
-0.1389738532924239
-0.18411355469915103
-0.24477164085284203
-0.28725634593178545
-0.3105567644500532
-0.3204686462729595
-0.3204620885062741
-0.30217311454585466
-0.28676014121785265
-0.26675621053944387
-0.24748109912973146
-0.23034977117489933
-0.2165028402403068
-0.2127115536742348
-0.20876119411667557
-0.2164907361882572
-0.22509318951243604
-0.23471996739215933
-0.2629193798094643
-0.30607721586891434
-0.35155774782992916
-0.384052253418729
-0.4029197146748671
-0.41942656034053233
-0.4158965178459498
-0.4332033991725302
-0.443194902667041
-0.4599855450158606
-0.4836986955157184
-0.48385617637806866
-0.4534947026181799
-0.4382341193595387
-0.42205993375269285
-0.4076602120162053
-0.407328527903
-0.4007610732085241
-0.40178213064799323
-0.39462344352915973
-0.37679887123192335
-0.3635561628735293
-0.3562919987456844
-0.33153243801398125
-0.29861353728229334
-0.2563279408853516
-0.22357066621810837
-0.182584268236065
-0.14454674662148212
-0.10884844413809895
-0.06025356233785854
-0.01074689793643406
0.026580729313900674
0.05586392836654655
0.07409326633838659
0.08954550198608148
0.08967551629130398
0.0731107218505892
0.053711732303470344
0.0294201032404061
-0.015963570376150968
-0.055728338241762224
-0.0944085358492535
-0.137261462693836
-0.18771374795877216
-0.23065797322025197
-0.2586926836404398
-0.2812761036117609
-0.29092009518911144
-0.28867417325135597
-0.2848626153011012
-0.2904060631307585
-0.2961773547954615
-0.29518908977033054
-0.299014115062206
-0.30747509469132484
-0.32526666790141845
-0.3453316250324897
-0.3801096736185602
-0.41667980036260355
-0.4505354728209219
-0.46922507986152195
-0.47708060500396177
-0.4840554421276192
-0.4679689444012837
-0.43702743668678673
-0.39850592413060687
-0.37839789834104975
-0.34588057691265384
-0.32018940199051865
-0.2918339618477028
-0.26702514838005603
-0.2385146567545745
-0.21614326773343134
-0.19543720566176626
-0.16928350358835012
-0.13729647977588405
-0.10602773428579916
-0.08092077390562355
-0.05326662368098388
-0.02584259625681204
-0.015173146421119471
-0.020165141553251383
-0.020120011837870547
-0.02542643811056166
-0.02891540722704096
-0.01694462174297669
0.009803928239793029
0.05439264034617169
0.11177310416550214
0.15762998723760502
0.21426481944949924
0.2648484827552617
0.3091941930368026
0.35493517033923405
0.3725731650422719
0.366067196481705
0.3602147299859544
0.3618773387541611
0.35615475047161926
0.3383634593255521
0.3319568649403892
0.35136171912817843
0.3706782262149665
0.3832009596982763
0.37696722963030427
0.36243137543407017
0.3584783773478796
0.3643382760495286
0.3817270421064682
0.39694545031516854
0.4271690651597129
0.463641389432621
0.499564304549966
0.5482890377526147
0.579206669541227
0.5862704195643507
0.5712932186637959
0.5571279159504138
0.539603738616787
0.5155585188612787
0.5025337891354311
0.46706374762261144
0.4224389806193421
0.38265527717035597
0.3405023296106069
0.2829997871344218
0.23469152084275774
0.17947753276713907
0.144920579267726
0.12800345781199002
0.12065694030778244
0.11627711364864365
0.11434992372227143
0.08948045744572397
0.07007991954567758
0.05193121532409718
0.03551979837564445
0.005767539884480123
-0.01667191688822109
-0.043180413604981094
-0.05263023094357253
-0.05015553445628947
-0.03719896941508863
-0.019928110897738837
0.005992706024638521
0.02870536921006267
0.05360134677759568
0.07705277377636749
0.0951508815498946
0.12926040136279143
0.1617939499654547
0.20140275953553732
0.23579152181358543
0.27239284552600873
0.30303927298289846
0.3346588865391441
0.3589855700213328
0.3636792040759302
0.3250905213305308
0.27077659547802624
0.21882592352967423
0.16552349907432143
0.11950792016193137
0.06995493661050148
0.035783355529578266
0.03779605714318846
0.061031855336358756
0.09971663144358929
0.13301522759043968
0.17516339173606676
0.22137238725809638
0.2634077258390484
0.2863847600056777
0.30737792966258054
0.30496174765501977
0.28487102071103826
0.24925631428266778
0.20864123646239296
0.14094372965927132
0.08054968199561943
0.009457904252413427
-0.06125297042814566
-0.11558355774021853
-0.17410196187249505
-0.2346881844794694
-0.26814031112736897
-0.28166277224149633
-0.26314360023807315
-0.2357296463446614
-0.1940681223146046
-0.1599500391038158
-0.13172673650945793
-0.09654517544528643
-0.06131723806837547
-0.024951514666521013
0.013219684787738079
0.04179140949151755
0.06896004812858417
0.07058826897801194
0.06631212907589942
0.06096179340005972
0.058371782077814814
0.035343416630586016
0.0190530131116885
0.015441441155880068
0.02533182976122795
0.05230679993404519
0.09056060788517942
0.1340515291589257
0.20001038401194632
0.26104254504582536
0.305332448008571
0.34217636271773944
0.3529409700808652
0.36154468722055644
0.3715781904691438
0.36950048713841666
0.37325675826611715
0.35463063651551213
0.31839653973789445
0.30411423244640534
0.2926580009140519
0.2891491010358156
0.2970181248796956
0.3163401509388066
0.32818596815392775
0.3565873387793475
0.3908323686761589
0.4257005559493034
0.47233825772935417
0.5157116494348976
0.5651778677743258
0.6004281603225374
0.6354512431838555
0.674022890391462
0.7124838960449681
0.7482286468971651
0.7788397217395934
0.804730235850807
0.8211554044529381
0.8474577744410898
0.8623351428704944
0.8854192367315157
0.9302902558187143
0.9622772224820373
1.0105845469156756
1.0540306013559144
1.1073326072316052
1.1415233946694316
1.1560371931192244
1.168983218969783
1.1632401195500484
1.1401354412880969
1.1199294175267196
1.097706649742366
1.0711110251381704
1.0581945232430958
1.0402448054934184
1.0204982490804444
0.9843799380093216
0.9482743774288248
0.9069948369098129
0.8708095618509003
0.8474441337859204
0.8228121435440618
0.8163295632578842
0.8213185968408733
0.8350257985920838
0.8708346069679768
0.9062575638299
0.9392665695605104
0.9559011276570388
