0.0
0.0
0.0010117688857612989
0.0012924616269543005
0.0024829482404764465
0.0045340798457744
0.007465387520677411
0.0093494123985995
0.012021870920897583
0.01433381060012488
0.016623616756162477
0.020607985088878754
0.02300193356396804
0.025369428781797022
0.027875446914307943
0.03070301908365931
0.03274682509353341
0.03443348349107531
0.03568055750419075
0.037770911316294266
0.04000000659454074
0.04174560427785305
0.043697565557455104
0.04546124423840388
0.04844582343896476
0.04959748007282572
0.051742041865809815
0.055069501720965766
0.05687168515798837
0.05712458595590504
0.055937069763441837
0.053952852343228885
0.05286053361034194
0.05189645522866184
0.05289849763328487
0.0533352137244682
0.05424095870604662
0.054805278895391454
0.05458742245686529
0.05446486872845265
0.053810297367058044
0.052241948709027916
0.05077722810394105
0.04960220511744351
0.048190682734536416
0.04831979674057314
0.048933164673658575
0.04898494284943761
0.04898874164546929
0.0479020689359389
0.04840265514323589
0.04757691624877169
0.04693609777106358
0.04440863495341941
0.041682566341003285
0.04026449421115047
0.037721945557163315
0.0338982615202002
0.03037181789471724
0.02749965928621851
0.024213901499683138
0.022763057316089786
0.02173310291752071
0.020948710559999865
0.018223211559260433
0.01479929521694689
0.011553539566928235
0.008494336067898706
0.00695551259991875
0.0061499255778114745
0.0061407127927507865
0.006766837208397781
0.007794552595753486
0.00895174559953039
0.01082304111014857
0.012680669513711922
0.014946688716416388
0.017158861877305445
0.019792665502234214
0.021209502041838323
0.02304563713954875
0.024983512201331833
0.028195695869027537
0.033747230484223574
0.037657608859484624
0.04037257611032693
0.04299090438906014
0.044362887306507386
0.046632304739682814
0.04774482232398771
0.04930520213099387
0.050630371040800516
0.051991472743185725
0.054944962073618514
0.056453170484358696
0.05597018020308762
0.054134347909637295
0.05207590699924559
0.049756500890927015
0.04732532549013292
0.04478983207136795
0.04386769059786293
0.04178217961414936
0.03868009319110391
0.03614439147853381
0.03600851980865158
0.034565436355553474
0.03345330592703658
0.03287544796601916
0.030716992801274635
0.029815596494417857
