0.0
0.07725424859373685
0.3026053004959274
0.6466160543230208
1.0458807454969778
1.480176551709759
1.923694384386775
2.319561677724054
2.631517036140716
2.8103244559464797
2.842502266962881
2.7037035071398665
2.4070209890997383
1.9978928453426361
1.5266892039085997
1.0230032631008583
0.5063246730203027
0.0419888427626679
-0.31110296671026494
-0.5198999022111606
-0.5768363412835471
-0.4858276368230046
-0.24382538962639183
0.1081328765249242
0.5439749611115213
1.018605949474289
1.4718219867410425
1.8945783778596121
2.2108480535265533
2.3997444773251684
2.4223206476124894
2.294883640509577
2.016811169550686
1.6349984503115058
1.170823380060475
0.6631796633143524
0.16656654217651468
-0.2682194805295105
-0.5937011103817689
-0.7782512305107111
-0.8148114439062952
-0.6797706867621525
-0.4119938845371692
-0.027511442553876442
0.4443615094944164
0.9467002355945779
1.4380957565888741
1.8572365269245519
2.174329733452065
2.3519017958302513
2.387550974864286
2.281958235411284
2.0369027428831585
1.6789988321607563
1.2520792656074078
0.7764751101672887
0.28476919432375597
-0.16087203316732174
-0.481283821333189
-0.697073853279361
-0.7763270967081318
-0.7024173438442475
-0.4851127770768492
-0.1613134118783408
0.22999899465777074
0.6891210020858685
1.1561753014256184
1.5546968643246881
1.8542662577596798
2.032473658530001
2.099959021633638
2.0084607465396145
1.782821168829806
1.4377749439551253
1.0037029305493177
0.520253098460557
0.039819607003107604
-0.39859520788780634
-0.7414615098472737
-0.9591980488451044
-1.0110681516829623
-0.9084121924745583
-0.6523149958919596
-0.2630689548454372
0.2097795778884896
0.7364668443808957
1.245454588744953
1.6913117107229834
2.045459513280909
2.2741031619494976
2.3461152502172147
2.2677480736858406
2.0325826488015193
1.6587277621407162
1.2079047349149592
0.7346369625063718
0.2753387873131851
-0.12332147491905088
-0.4166609746517126
-0.6156539552664468
-0.6585685828391277
-0.561522410351828
-0.31440972464018935
0.06738797953601194
0.5128291513558679
0.9981061816973651
1.4946784440408218
1.946265243011275
2.2913645554959388
2.5161790589605757
2.5865635216844938
2.4852860196544673
2.2317887284718494
1.8543408541619604
1.3862190353923034
0.8769479752001321
0.37284464795152783
-0.06873506883361324
-0.4152070652026668
-0.6185925044235264
-0.660881558601744
-0.542313902195388
-0.29772392661617864
0.06600478467394455
0.5323458959604759
1.0230320925807046
1.4917279356871813
1.907818065218283
2.2225320887094933
2.4125263189773776
2.491421391787696
2.4044319199665574
2.1565789338804917
1.7895037042707123
1.3316765265624633
0.8173001605910775
0.3145966896576686
-0.14028756971654616
-0.5046628677788312
-0.7659546494204941
-0.8795055915284868
-0.8370237609040677
-0.6368506134146246
-0.28411346394278303
0.1506044805243104
0.6326340402459112
1.1197616621754396
1.562071205561627
1.9151586149820354
2.1383796819199636
2.2196403307036134
2.1431128226610796
1.9279848495953393
1.5860412803471184
1.1799161140147443
0.721991963179463
0.2822484405559954
-0.12220806887846586
-0.42367241273163975
-0.6028249314230713
-0.645315544286519
-0.5522494263398454
-0.32550365463006836
0.00882385469273772
0.4267805327785853
0.8933218097262059
1.3433794552571285
1.7285451454728338
2.01919867409197
2.2163293722152577
2.240956317985735
2.120931162487783
1.8614185438949322
1.4905473441445958
1.0223597572225578
0.5098612853300108
0.024457697563479763
-0.41790571402132887
-0.7571805056050709
-1.0001293778410445
-1.0934108994361895
-1.030105989081238
-0.8279089733317572
-0.5151450924279424
-0.11141836139472494
0.34507989734177635
0.7954572625608564
1.1872630472408168
1.482308961178076
1.6354897116524552
1.6351908102521509
1.482275767700533
1.1894728364916551
0.7772225521829829
0.28618618275635344
-0.22996175142148134
-0.7446012777972035
-1.2072958658553958
-1.581196706910633
-1.79962784317012
-1.8843615014813486
-1.8041221984728955
-1.5907354643895786
-1.2517860523145605
-0.8226981736706637
-0.34739889779530236
0.11666285836339513
0.5328024441709294
0.86326274615741
1.071443403040702
1.1453526170899604
1.0521853951514195
0.8321497523949212
0.47535597635857
0.009436638740122405
-0.4715439988884009
-0.9303246572650883
-1.3344776426080966
-1.6470124622424551
-1.869748463273856
-1.9565552062907698
-1.8882062757090987
-1.678714660007881
-1.3395578128920755
-0.8991074447014313
-0.38364742975893273
0.13565270638249616
0.5844965290706052
0.9315124997520822
1.1299727343503503
1.1743753929578633
1.0562536938387868
0.7862751985074434
0.38048974039339645
-0.10354158939017932
-0.6135135821340352
-1.1138670264079948
-1.551946740862853
-1.8950444473849202
-2.098230308157762
-2.1572462792434246
-2.055566174122983
-1.804674096453785
-1.4464238649883154
-1.0112412883381428
-0.5362044725568976
-0.0600219443905014
0.37291929752481645
0.6975889685889615
0.8973646322890582
0.9399937937463829
0.8149855874289776
0.5174907767042454
0.08366564969459522
-0.4321706218305338
-0.9802412812719279
-1.5164872524925552
-1.979133719902598
-2.3413639664438493
-2.569492407866032
-2.6373553507086513
-2.5566346204024066
-2.325143660453363
-1.9539371750383343
-1.4932174939698377
-0.9904910669415956
-0.47768996868568514
-0.002781865963933483
0.3572871044760559
0.5901520189554781
0.6721655374461384
0.5882367176796889
0.35765094113229423
0.011909850751041229
-0.40100888644754873
-0.8617502445455919
-1.3026366835776855
-1.6927584101437168
-2.0160145615832854
-2.2173626542246856
-2.2755097783259965
-2.1745200373485125
-1.9252208162010505
-1.5582860690592826
-1.1065948177614264
-0.6092712311692882
-0.09719621039479598
0.3484198511457187
0.6984626733163112
0.9189846040138189
0.9964958985750536
0.9226495591677055
0.6969056512601214
0.3645002777393815
-0.0668464135136691
-0.5189787239484471
-0.9633088534257197
-1.3473224790621319
-1.645299763269825
-1.8374959262976251
-1.8807341694911883
-1.774595882529614
-1.540161251633836
-1.185999646561424
-0.7290206788559157
-0.24433464449690173
0.20076249074918467
0.5987184386461708
0.9064221847898175
1.0832429840608817
1.1113929457336538
0.9807021854828079
0.7041273220974743
0.31785371810374574
-0.1514150914566803
-0.6613302825896606
-1.1572422957250215
-1.6130615303387756
-1.9595160531864881
-2.184129559166937
-2.263152926391818
-2.173034705620724
-1.9520987444251223
-1.6148795699905887
-1.1886816307067294
-0.705832180341011
-0.2480733624877799
0.1373041111843405
0.42172964293078974
0.5579784046326994
0.5598227905560542
0.3932561334379271
0.08641095180305947
-0.3302457952560741
-0.839245461048694
-1.4025617467018257
-1.9554514872870679
-2.4449534372612662
-2.860620765828149
-3.14369968138057
-3.265138245533828
-3.243010172608324
-3.06595566513571
-2.7406816442346797
-2.32553709533447
-1.857198269076155
-1.3928584390129788
-0.9904490402185702
-0.6792577662357064
-0.4658971986110622
-0.40237443389762395
-0.4855077845626951
-0.7135588917287277
-1.0694789016328516
-1.5098512098716825
-2.0011303898789876
-2.4719270657316983
-2.88506294851829
-3.219260103112941
-3.4224870706079016
-3.467686593840651
-3.360500707834719
-3.092310648764452
-2.689882267576244
-2.2044027294398676
-1.6823205752617028
-1.1725495209929848
-0.7416695343891492
-0.3975350870511022
-0.1775993685628292
-0.09924950839914831
-0.16644772897652685
-0.37504437776939265
-0.7085058515800222
-1.1232888621856276
-1.5649584812039066
-1.98989233779084
-2.3979497424556984
-2.7057051292816445
-2.902721954425706
-2.943027157319537
-2.832179410491969
-2.5775807051846
-2.198661611775464
-1.7303791951402563
-1.2065519045782365
-0.6687207836121933
-0.16312476503668671
0.22874890633573586
0.4731278962343498
0.5432362829164474
0.43962392497314573
0.18661252058080746
-0.18988185634383703
-0.6335299381826935
-1.1164220425364209
-1.5975513420281748
-2.033005141350417
-2.367737938498524
-2.5585350501588424
-2.6137163990078154
-2.5073903924771983
-2.2702830750190865
-1.911356817515977
-1.462923469932755
-0.9644610948101802
-0.47133952652869865
-0.00970692486325836
0.3553950514910449
0.5966637078960614
0.6850493846580629
0.5900079097722414
0.3555216284364804
-0.00909248644630567
-0.4537575960916443
-0.919298528636179
-1.38377735034436
-1.8033906596413052
-2.1229530083136865
-2.312636550071822
-2.3704015369775555
-2.2785229966608114
-2.0577713575252186
-1.7071277532971503
-1.2353561037567702
-0.6915672324233382
-0.14394650603804382
0.3430117712856195
0.7230922754050372
0.9595054152969369
1.0347142151272748
0.9494618913581694
0.6886538325392073
0.33230964436328225
-0.11856624754790257
-0.6210002103107994
-1.1007751353337434
-1.522789966550175
-1.8453036395847853
-2.0344701127467455
-2.0566394968127466
-1.9196191898267652
-1.6410882658799575
-1.2546017448774505
-0.7883769021067574
-0.28481701363756684
0.2078273920974124
0.6595373645516491
1.0061922243440748
1.2235755468546048
1.2803040131095338
1.164765950736653
0.8960314084195338
0.503461683722336
0.024374479416106598
-0.5003050674224967
-1.0268374290153832
-1.50674357517854
-1.8804143065834968
-2.128809492396238
-2.2418403569994787
-2.206930788487302
-2.022781195828658
-1.715249815294214
-1.3140927292569915
-0.8605176432258625
-0.41175137976881
-0.037670385632203096
0.24430587840264045
0.4097708115206135
0.4327585385347037
0.3180072753206277
0.06929652419363672
-0.30294004377844386
-0.7619329375081161
-1.2753052730754004
-1.7523939658757408
-2.1785649051364815
-2.506334035873128
-2.6953803209713985
-2.7187629837854637
-2.5922195868178726
-2.3312985598302634
-1.9560846463276143
-1.4850605008856064
-0.9756527844574503
-0.48519262885445685
-0.05361895200586636
0.28866452496265566
0.5120055669733988
0.5931868678291229
0.5133848551458401
0.2688354335036848
-0.10399017849348635
-0.5559799892816202
-1.0723150696946668
-1.5748612517200533
-2.0167915603680657
-2.3630774863342965
-2.5865091206958235
-2.662488266378215
-2.597398859699471
-2.381304838460636
-2.031003709264902
-1.5841224543435664
-1.069485826142277
-0.5616517744280339
-0.11144506763217765
0.24516298600270703
0.4847637923515428
0.5767992812111207
0.5107429623511657
0.27655794817412305
-0.08200082430937194
-0.5373959642322194
-1.0219968081854147
-1.51993553540136
-1.9403671069230544
-2.265607435770888
-2.4631038968151087
-2.504264754521189
-2.392589739610858
-2.1419304854840147
-1.7582458460703139
-1.2957833225139592
-0.7926709530475993
-0.2883325883587414
0.15382666433326092
0.5052933543985944
0.7274244893344731
0.8132632275979611
0.738959701203323
0.5142492164890615
0.15995080991949506
-0.2822235480205152
-0.7658735646841492
-1.2101658966363464
-1.6046549033019641
-1.9144119608013384
-2.1050404596268373
-2.126350979766988
-1.9974227042876946
-1.7246139715009088
-1.3426710657487952
-0.8804238620455495
-0.37618704301193606
0.12381921836645127
0.5449868775825382
0.8689032780152488
1.0802342370445444
1.137375716232093
