1.0
0.9996883401360545
0.9991691381225826
0.9984574533719617
0.9976830989411604
0.996805639208283
0.9958379694139513
0.994890669367622
0.994112300089934
0.9931033656464676
0.991860706157903
0.9903576372704026
0.9887714932432029
0.9871973102385855
0.9854514603788236
0.9837698512773798
0.9820934030399047
0.98048039231936
0.9788921852884378
0.9774058958226421
0.9757832995524053
0.9740809517005637
0.9724384845505888
0.9709200111943295
0.9692794624226101
0.9676680233860103
0.9661002955085359
0.964480902008202
0.9628657436174057
0.961252274447306
0.9597036430909303
0.9581001802054295
0.9565493288787223
0.9552833408770729
0.9539946486299166
0.952691275837169
0.9512715975543118
0.9496276196441815
0.9480290312369789
0.9463968686177262
0.9446932302873845
0.9429382735793872
0.9412840498259201
0.9397414292126476
0.9382133061205327
0.9366906902571428
0.9349374586004922
0.9332825487065827
0.9316686272201037
0.9299826416065882
0.9281000487238271
0.926564168594413
0.9249384815361708
0.9232549210061227
0.9213428942205131
0.919565335718493
0.9179668201745165
0.9164728830661578
0.9148536556320851
0.9132155278626335
0.9114972748886728
0.9096998408250948
0.9079447217763921
0.9062460983761684
0.9045551561379835
0.9029207858528124
0.901293600282412
0.8995730889441775
0.8977837836062631
0.8960046889151606
0.8942494196225887
0.8925256119271956
0.8908757333792621
0.8891804179513205
0.8874157101410834
0.8856003424723616
0.8838139564850052
0.8820133390750776
0.8800440294073492
0.8782325107612099
0.8764464760466479
0.8745882883157977
0.8724685203238107
0.8704971257636648
0.8684076640730662
0.8665271094959819
0.864559277838604
0.8625641050291708
0.8605061356130846
0.8584822179100206
0.8564089461401565
0.8542068347979375
0.8519343934728667
0.8498125491322598
0.8475610773754507
0.8452969005144445
0.8431837791357141
0.8411116900437876
0.8388898059677785
0.8368508448295277
0.8350745258310116
0.8332830174472267
0.8314630450428154
0.8295489289081796
0.8276058520051541
0.8257790876894249
0.8239727222094748
0.8219593089767363
0.8201188207960179
0.8184413272943588
0.8166968810283161
0.8150455698049924
0.8133571091328226
0.8115710123500242
0.8096951863026518
0.8079035681461543
0.805980674040743
0.8040072908201045
0.8020925246273131
0.800163577925776
0.7982722166032952
0.7963218699584971
0.794417708032435
0.792284714979191
0.7901921068069706
0.7881256807811935
0.7860895701123214
0.7840207368548228
0.7820336773935372
0.7801791043495722
0.7782795455930632
0.7764805063504375
0.7747833924651358
0.7731642126858814
0.7715118250440035
0.7698849007110548
0.768231635423128
0.7666136494230561
0.7648355572115172
0.7629719464660487
0.7611591146037484
0.7593287396353622
0.757392011311046
0.7556662617783877
0.7539090040831976
0.7522038998577351
0.7505705848867998
0.748822792407306
0.7470596629489993
0.7453574974814753
0.7435631060090997
0.7419147349420111
0.74009155493454
0.7382331113849453
0.7361920247257709
0.7340082837385186
0.7319187371011492
0.7297892980662439
0.7276517701502677
0.7254973872188641
0.7233010550174511
0.7213991025373897
0.7195662536208128
0.7177828356292324
0.7159048512151326
0.7140801694925619
0.7124182681042193
0.7109513157806084
0.709460557058778
0.7079828028842033
0.7064227573040611
0.7047678602871467
0.7032536414257019
0.7017383569758985
0.7002295825254429
0.6985430945155615
0.6968172324034905
0.6951949776665968
0.6936283532425653
0.6920203440110602
0.690550954475557
0.6890280562708626
0.6876128639862829
0.6861453055816481
0.6845190151154926
0.6831286236421635
0.6817048285161279
0.6801389250096753
0.6786097986375975
0.67703268629168
0.6756177262168281
0.6740540701240729
0.6725061448401198
0.6710035776964671
0.6695345352644075
0.6680476417952957
0.6663832088371537
0.6647330455407185
0.6630886760766966
0.6613516516028518
0.6596676558473114
0.6579395510037415
0.6565439035443066
0.6551147774027296
0.653786276455116
0.6525512696854116
0.6515576768526223
0.6505085356545389
0.6492204108543644
0.6480270276155062
0.6470131770433847
0.6459025296638015
0.6449034616941888
0.6436977274222767
0.6425190488996358
0.6414341837703467
0.6401248834037321
0.6387524025408945
0.6374156961161631
0.6362235071268526
0.6349385670274864
0.6336752712909722
0.632405686186123
0.631136850882152
0.6298043302307522
0.6283497774337323
0.6268040327871275
0.6252725023767169
0.6238620322849584
0.6224842194917873
0.6211154551089283
0.6196027903357404
0.6180399323954462
0.616529162016887
0.6151439703411749
0.6136561517615001
0.6121590596412596
0.6107669044661285
0.6093359272896528
0.6078797554996425
0.6063541409007301
0.6048822395157923
0.6033633262142449
0.6018453571916625
0.6002731817578943
0.5986472918008932
0.5971007381917594
0.5954156748903385
0.5936335041074999
0.5918719363885362
0.5902579494237844
