0.0
0.07725424859373685
0.31699147449307397
0.6540697197128935
1.0539046552549618
1.4992896007354872
1.948150786869309
2.3422472789112967
2.650333084765178
2.8355373124676593
2.8709076462816103
2.7365215945573644
2.463092900430536
2.051955522224396
1.5758516804526745
1.0607517027843831
0.5566716016013065
0.11580698091472885
-0.2177145857613753
-0.4210661561649418
-0.51853364090727
-0.46941053210991845
-0.2952403423875155
-0.019405807913605078
0.3465370553288593
0.7730847863922289
1.2170156298473176
1.6294966578251509
1.9479106492892164
2.1423704244471113
2.188156677837338
2.0715861963326354
1.8121475583638997
1.4306197565174827
0.9409971312387662
0.4059550747897006
-0.10727414983291328
-0.5732101649150813
-0.9318138519788779
-1.1363905173637616
-1.2015881536181345
-1.1317831730085703
-0.9258725395755527
-0.5954211962987075
-0.18853280146708062
0.2800529940970343
0.7390846110510393
1.1625641966849536
1.4931173126453126
1.6986964217776777
1.769036628359405
1.6598653445529228
1.3985838029153328
1.014298278186363
0.5463388830046003
0.05091095160149617
-0.4422143435370942
-0.8757977146832333
-1.239401016151081
-1.4876409979894634
-1.5781727546186168
-1.4909663768698795
-1.2727893236835435
-0.9134448075124858
-0.4792901762660115
-0.0162114732264807
0.4818641560542061
0.924611666026774
1.2523647518471415
1.4766237150214727
1.54294997209653
1.4628590230684357
1.2346114302252973
0.8950179242218488
0.4671503866243685
0.001273604284895924
-0.4747532504192237
-0.8931989818902555
-1.2029224550309883
-1.4020743087716925
-1.4622307206828926
-1.3719430899604668
-1.1425420271638735
-0.7687288096078956
-0.3284907921306315
0.14544636163756236
0.6188012109452766
1.0452025518447499
1.3804664945809115
1.5961116499255836
1.6993747296935995
1.6355806377502071
1.3952364626286815
1.033951370426331
0.5785909442323035
0.07015441839767844
-0.4349762113973026
-0.8902771509614409
-1.268627384961186
-1.5090313335167937
-1.602981872636024
-1.5301535648828521
-1.294022230925334
-0.9173466503483627
-0.4548526690275464
0.040239003801185336
0.5507448776315926
0.9879021217121017
1.330729042395875
1.5370078018169453
1.5791756311123042
1.4775818616606555
1.2432409492544148
0.8800676129694428
0.42936179065770597
-0.05102678932897964
-0.529385866610813
-0.9494953641613666
-1.2802791345909166
-1.4650816138986837
-1.511442282588707
-1.3968269017870785
-1.1497676001873873
-0.7833441481895212
-0.33144070260112046
0.17209997779110586
0.6355351600476692
1.0457714279214674
1.3519532143819166
1.5390852006699627
1.5566301179576763
1.4134804537466614
1.1256173333985284
0.7376178708852964
0.2615656765089841
-0.2683545092315073
-0.8126284501676735
-1.305295109548236
-1.700164392940208
-1.9469119961771693
-2.030486660530283
-1.9418611522564655
-1.7282403161133022
-1.3742111352401642
-0.937456363630632
-0.4661776715914451
-0.0031065636629366566
0.41068719903225553
0.7372594050046588
0.9350595172905112
0.9982560830642905
0.9096068857743446
0.6962945823246758
0.37415234468870096
-0.025233197343060565
-0.4569544360629389
-0.8816100472666878
-1.2843582050961115
-1.6095209480890307
-1.7966673022254551
-1.8548571969216836
-1.7500258355295557
-1.5165363031907233
-1.154661758707993
-0.7180024450559442
-0.24920222535181613
0.2133577772809535
0.6157654346369777
0.9383288988015456
1.1120282844838727
1.1500736460313576
1.0427420299200685
0.8019724075470261
0.46479274532128934
0.04647878314276982
-0.4109413291653297
-0.8605111401865638
-1.261133238888045
-1.5595164015021268
-1.7414527718081452
-1.771147643873216
-1.626647669386319
-1.3550126687918775
-0.9698389859254217
-0.4923902284784737
0.014034769743064612
0.5015752655196206
0.9330497062751568
1.2984487184478297
1.51526549488982
1.5902768652081962
1.5037187338127698
1.262551309061119
0.8761994283808787
0.42012022445069874
-0.06255103195136386
-0.5751993684690637
-1.0497235266403084
-1.4257838488460246
-1.6464944632546765
-1.7110620860408488
-1.6245790106080136
-1.400288932448122
-1.0390845671185476
-0.6020815640488573
-0.1090820929282218
0.4125750080414531
0.8824332411851388
1.2470262844350644
1.502325948790328
1.5869476374618277
1.5152384552981795
1.3027093270522045
0.9660874950211481
0.5184603062345248
0.026436727211939515
-0.4776101494896105
-0.9235265510476984
-1.2668165260993112
-1.502791332242568
-1.5833718538550554
-1.497525178881828
-1.2490330367707123
-0.8610045055386466
-0.38272524890435944
0.11886490374757896
0.6035096718958207
1.0318869680753542
1.3584871737602005
1.5684914077805951
1.6271201687450563
1.5530045776412114
1.3333450899708956
0.9958751105180274
0.5917069348744464
0.15570448449491348
-0.2785192934878941
-0.6515414970432354
-0.9350471890975958
-1.108427890002011
-1.1376729687267062
-0.993445207791992
-0.7243399275683373
-0.33249357912611543
0.14250315551465526
0.6312474605762703
1.1317483587125157
1.5634938493886024
1.8888165866435978
2.0964504623249716
2.1599026959185146
2.0755573191014705
1.834956225347565
1.4686719876316514
1.0162121452808996
0.5175585400590812
0.009073107538501546
-0.43225958644212314
-0.7550727726032446
-0.9508087487195651
-0.9894970188591564
-0.8355014458677674
-0.5314601414870004
-0.11246810597596285
0.40625411108808546
0.971322856391752
1.5203423070237991
2.0291326360249102
2.4048409761243144
2.632320735734317
2.718976378102157
2.630568440356
2.403667692406427
2.0338395143857633
1.5750827929134512
1.0806873373053645
0.5946964125040596
0.15417494085698719
-0.19812553814135275
-0.419539218461548
-0.4858473534211409
-0.3845629748428562
-0.14356829929207615
0.20658063172802427
0.6645827944211806
1.168818861081013
1.6617531793872569
2.0929362729497907
2.4097824941821635
2.5977450661408708
2.6162646279605943
2.486681025812169
2.2266233484035665
1.83646523599665
1.3597473373687188
0.8508782866495328
0.3634040709176987
-0.08785617171766263
-0.43870632339298554
-0.6934979200270592
-0.80591688021035
-0.7742200014977321
-0.5745490867302185
-0.2803883704245429
0.09464247356525679
0.515821515525974
0.9283884600352859
1.3341253760791756
1.6232640787965615
1.7825292547619949
1.7803162908540573
1.61587764717628
1.3361142281440581
0.9342530745971335
0.43445516801676004
-0.11581906513231183
-0.6485237274045195
-1.1242294019572256
-1.502780187495436
-1.7581526107132561
-1.850208305137248
-1.7833366229429715
-1.546122126559483
-1.1822666781924136
-0.7248709814831373
-0.23990129897313583
0.22477509081808122
0.6455413229545833
0.9568819723243672
1.1488694801874786
1.204598341448854
1.0966597403790792
0.850036789405207
0.47645304422326307
0.019498847789733764
-0.5065963990623781
-1.0210627460115327
-1.4881429076855344
-1.8434971632234851
-2.0659657356333416
-2.1539637959246494
-2.091640643324856
-1.8888372590583393
-1.5316248064394435
-1.0898714675871153
-0.5889046181580117
-0.0885567116846675
0.3587354043884591
0.7020395580470102
0.9148284093703214
0.9719310085405884
0.8551367398176088
0.6061878982857738
0.2484871049929938
-0.1865843407556263
-0.6545488164726734
-1.0962423774015726
-1.484337585323602
-1.785508886406659
-1.9530143782023397
-1.9819423191200967
-1.8803215469225483
-1.6257726738685878
-1.2518603563843105
-0.7961334861519659
-0.29991322534954934
0.18075724353361416
0.6179395328580876
0.9544393978041638
1.1542125623766628
1.207221745345226
1.1226659859075545
0.883721034754211
0.5090221401466196
0.05321137832230516
-0.4398088538491812
-0.9442657604476965
-1.4007274167349437
-1.7545488998498187
-1.9837221142540322
-2.053296566601568
-1.9681965877729408
-1.7251353914859928
-1.3798216003460515
-0.9534534096178475
-0.5098747720811829
-0.06533933657247998
0.3305780923984994
0.6284455763789969
0.7891096805920245
0.7951735560939762
0.6502183408981446
0.37034656634036106
-0.022864310624278572
-0.48134906722650345
-0.9784542843586371
-1.4694904910632607
-1.929995038083144
-2.3053396263079735
-2.539497265077127
-2.634868736243055
-2.597069490741458
-2.3914616654850294
-2.087987552269431
-1.7015848193288938
-1.277354884876366
-0.8605106384128918
-0.47235588634467984
-0.1658609522737412
0.013679098098686726
0.05502637977869219
-0.056774070063084596
-0.30526791162673705
-0.6761106703588309
-1.1259502384477853
-1.6054473698832914
-2.0794438032992035
-2.5113665537835916
-2.8175412664204744
-3.0071773090993634
-3.028763202320895
-2.8897364482262455
-2.6201187517615274
-2.2504238763935933
-1.7807818160801612
-1.2613075647482688
-0.7510186533118471
-0.3006011594461398
0.05761268508117118
0.28785909077267363
0.35674858020555134
0.26271816067910864
0.036105717151407424
-0.30274108947589773
-0.7253129910035079
-1.1627435359767189
-1.5999059795118624
-1.9939566484236655
-2.277695531346657
-2.4302527718564066
-2.440489963257268
-2.322812788825089
-2.070276120163457
-1.6822069678862717
-1.2136948725917485
-0.697828293463582
-0.19991358316575092
0.23232144619506856
0.5665270174932311
0.7894363224519684
0.8567884415746068
0.7717035829784993
0.5417585360948695
0.20040875564561106
-0.2308678491536817
-0.6966605328787333
-1.150582204313067
-1.561941670988033
-1.8760869570143983
-2.0700138558635195
-2.1034557609743643
-1.972754543023863
-1.7028376109783716
-1.307649150418088
-0.8526392805926251
-0.3690057239299115
0.08920416336192105
0.48961298793055225
0.766904805053567
0.932339589280007
0.9729102942897244
0.8657148168969829
0.6242838202505753
0.24281199624635558
-0.23022904601741673
-0.7446705535339981
-1.2569522688798032
-1.694245437834808
-2.0382681170965444
-2.250595965356724
-2.346452670507054
-2.2913957568570753
-2.0571644431068776
-1.7065441043553924
-1.2623526919884287
-0.7680939461435449
-0.2982453827707643
0.11151884166891557
0.4327837857860073
0.614282032678674
0.6525896134923287
0.5311881884100439
0.2932415967067878
-0.06143577165226677
-0.5018895599103986
-0.9647046918662546
-1.4103772392399523
-1.8160817806836862
-2.135748308279205
-2.3015570548948987
-2.3234864865701397
-2.215270491733898
-1.9396978870722277
-1.5333112576634542
-1.0431759551283988
-0.5117738635220066
0.029731823964001647
0.5060342575212083
0.897748062552294
1.162534494119369
1.2791969355308166
1.2268343491329745
1.0196190654790336
0.7038799723193675
0.29615149318145484
-0.14697421295144808
-0.5869883902572037
-0.972294119901705
-1.273966621175354
-1.469084182783861
-1.5306165202212692
-1.4556548983132918
-1.2347777782277616
-0.911404763331185
-0.5002801627709036
-0.052818295818798155
0.38053009996414244
0.7776598215351893
1.074272984612004
1.2566312458018918
1.2737229297251544
1.1315876975248962
0.8364830023931812
0.4173544854541984
-0.09337314043560341
-0.6326867793327304
-1.1382951290980032
-1.5654399551780087
-1.8986857845107012
-2.094945208606924
-2.1491775116031127
-2.044160297608605
-1.8033471194148993
-1.436766227695204
-0.9954561406315279
-0.5041161570239033
-0.010184209711093906
0.43940678567408775
0.7847681392431968
0.9757796903244482
1.0193823480691173
