0.0
0.0
-0.002416204995370757
-0.009709616479808388
-0.010893008022745416
-0.010392982127406188
-0.014492395431146051
-0.021149537157889312
-0.026996183550897362
-0.03135550061449887
-0.03411745974551544
-0.03635611202668936
-0.047471182311712545
-0.05855494657100497
-0.0646328135769979
-0.0732979197779617
-0.07896054137480894
-0.09562703044370255
-0.10599625602645527
-0.11982142794411296
-0.12979801187399714
-0.13656051512169012
-0.14385776825288088
-0.146538433191346
-0.148791189429503
-0.1595495638872399
-0.17069499259245668
-0.17745440158210937
-0.1814819376284148
-0.18542721155653694
-0.19152088105121662
-0.19948471102674079
-0.19990256524333538
-0.20043178027805295
-0.19056881343255963
-0.1836534893773647
-0.17877118937258152
-0.17412299785464194
-0.16997809131700242
-0.1614185388089414
-0.14531054016268619
-0.13235328915493055
-0.12666025887375443
-0.12242596097439506
-0.12029942774053085
-0.1163692723579202
-0.11938375297746029
-0.12010112807121837
-0.11911978254743784
-0.1223705856948005
-0.1185233053965686
-0.11708397107018426
-0.10680898221185142
-0.09126982335266229
-0.07825756440494919
-0.06742969659748713
-0.062138140587035526
-0.05518667088016467
-0.04581035038506999
-0.03895584659075546
-0.03718570118103012
-0.039771737988892546
-0.039757355793270895
-0.03228131092312553
-0.027716549638268844
-0.02724574228430603
-0.027410129411116427
-0.027665737557075805
-0.034671056826626315
-0.04610985895414632
-0.06097318604030379
-0.06841360054906917
-0.06897868538409534
-0.07235371284019006
-0.07880550582117611
-0.08341785978579956
-0.0845332215033255
-0.08400590769945568
-0.0848436043021366
-0.08548313079818227
-0.08790495871207782
-0.08790714567146883
-0.0820969352696206
-0.0688551550829837
-0.06133276988614656
-0.05739721341669719
-0.052285315814510167
-0.046912214015268454
-0.04145520972632404
-0.03873327748168912
-0.03643472058245401
-0.03906679928362921
-0.04457026086275419
-0.04982403106474867
-0.05620868425878231
-0.06741875253471166
-0.07294023238506749
-0.07796544417829539
-0.08582378835009097
-0.09271744369322976
-0.09595022380921794
-0.09689782711114227
-0.10015116575100534
-0.09874874890636381
-0.10298673365246401
-0.10405687080404878
-0.10983820420719864
-0.11868681565451689
-0.1267525153350022
-0.13215244450007282
-0.13839402158362882
-0.14839098580541454
-0.1572349820951584
-0.16718568428665537
-0.1825112161491029
-0.19167639950139137
-0.20327860970662218
-0.21271363337369714
-0.22036654234468608
-0.2223107948246207
-0.2203291301555969
-0.21694861400879673
-0.210488616909835
-0.2091064018633365
-0.2089377252987717
-0.21086197093962972
-0.21565396110613835
-0.22006894997987703
-0.21806854039983506
-0.20920596039910305
-0.2022981560975445
-0.19601919180608118
-0.18869881398709404
-0.1849088115789979
-0.18370529959841597
-0.1808759058668177
-0.1695215032895178
-0.1607031767405401
-0.14858792638762053
-0.14569870099892174
-0.1486019376103229
-0.14469560558548855
-0.1399643550824155
-0.1356942368024782
-0.12935172227823158
-0.12769506990938417
-0.12493946487661188
-0.11779060164554041
-0.11318048759039241
-0.11192835948771866
-0.10688672482353644
-0.10101567435743543
-0.09794239331489636
-0.09362488868206278
-0.08573633565864024
-0.07835493887602145
-0.06974135782254626
-0.06133284530973979
-0.05002529001829312
-0.037539508540916915
-0.03387540601650484
-0.03158414540790914
-0.02982823608120138
-0.022271018095716674
-0.009833065793397495
-0.0020399293113865357
0.003990504192154891
0.00958431850549123
0.015774403687406967
0.020774676565128783
0.019914568417696676
0.029155294937288818
0.035247544067386796
0.04066040220564009
0.060694061909056754
0.08187712020954141
0.10232674597809585
0.119100468617003
0.1264331877983721
0.13349227107859402
0.14195357951409984
0.15070081154874929
0.15321182299876762
0.16122788124888562
0.1715960602058191
0.18460304494413424
0.19924704175129926
0.20889698644946228
0.228658777082476
0.24585282810895906
0.26272746176312944
0.2704167721031575
0.27385422559580985
0.2752582955861879
0.2783181417697816
0.2829938758525324
0.286839985371017
0.2891976341361303
0.2873593296338975
0.27979018094897445
0.27332129154963997
0.26656848660425725
0.26572499129585897
0.26872637481309347
0.2685920570836368
0.2676680854938638
0.27158366636963494
0.2751576303368385
0.2793019910540386
0.2819315583907952
0.2831296187340567
0.2839697735748436
0.2821306751288618
0.2835874852484106
0.2866913023104709
0.28651793423180233
0.2867420021955226
0.28063086419405714
0.27939670911602926
0.27413761786472224
0.2647609738036228
0.2511041204148742
0.2461452238552451
0.2361591922149438
0.22790679587972013
0.21794024584227722
0.21045675717086254
0.20442840051263655
0.2001370619687151
0.1965946318391977
0.19007227314525685
0.17917185963634008
0.17886106207732858
0.1844511526321289
0.1791190748346249
0.17600630255441757
0.1771706932813176
0.17901986189899488
0.18156609020595493
0.18227361285544635
0.18320371726769472
0.1814166893184125
0.18105714589728153
0.17724351279922668
0.1682628117821509
0.1633346039807465
0.15833832874152293
0.15720973840668978
0.1567270535799016
0.1445200907690595
0.13367865615464478
0.1133566448893907
0.09359307827253288
0.07502334742188066
0.056647187938579834
0.043328158313919916
0.03294113599785635
0.03050372941858315
0.02703973398412285
0.017748850291984638
0.01580227184938192
0.006679419817762745
-0.002539898194605336
-0.017545938696257715
-0.031162742072204437
-0.04421015682374405
-0.05337223634855408
-0.05726669108491618
-0.0573005585045224
-0.056104054815064947
-0.05992118899558059
-0.07006913757654405
-0.08711645693880962
-0.10847109649862645
-0.13178641920139358
-0.1577076952169925
-0.1794604578692332
-0.19818528321051754
-0.2223616537352654
-0.2365549773810942
-0.25248142482441016
-0.27236168932879207
-0.2936025817941349
-0.31190674015018
-0.3245306522604019
-0.33776164303087325
-0.3511230572707435
-0.3643640290636829
-0.37454537153160106
-0.3884027103570798
-0.4023524980133327
-0.41548970504564525
-0.42511636981596046
-0.4336171496967703
-0.44750269805607973
-0.4632244306779554
-0.4774355887277815
-0.4861124007864742
-0.49186202930008927
-0.4973544547854906
-0.5012499649838985
-0.4969636757648997
-0.4945736302653585
-0.48841424143365814
-0.47844388795352083
-0.47147282852685823
-0.45997513136678847
-0.448204083860817
-0.43840664821630143
-0.43562657898946394
-0.4293560079999009
-0.4164877199772457
-0.4033457589023622
-0.39725869574136213
-0.39559646741646104
-0.3967259044005577
-0.39173621721194
-0.3870254237572817
-0.3856915496096642
-0.3805620251573786
-0.3704054704934291
-0.36695131547308935
-0.3610069971514225
-0.3542875993787424
-0.347055611194009
-0.3385855845488117
-0.3296887830734702
-0.32158053012484983
-0.31148395228411097
-0.30327534558032493
-0.29356926658554794
-0.2845342022487803
-0.2789235310280941
-0.2747748952553105
-0.26767255600494777
-0.25979697487467357
-0.2547929017821645
-0.24229476698628288
-0.23369618279762375
-0.22485330367937675
-0.22240724397148054
-0.22820888257516722
-0.23140876751698944
-0.22964542056500023
-0.2216007704765839
-0.2148996671255777
-0.21163322362063045
-0.20608254134188206
-0.198805519607978
-0.19498172853789628
-0.18592315461374623
-0.1723879786945523
-0.1545004524512823
-0.13716972386712045
-0.11581283636050105
-0.09684718572902278
-0.07331750969340786
-0.05415058170525204
-0.029557047740640954
-0.013277039129409113
0.002268979300776717
0.011877878426075246
0.021026702629703603
0.02716741590084564
0.03374124787073762
0.043231862217303796
0.047318645189164545
0.05201825290463392
0.06374739462677033
0.07699943799907809
0.08668692828715333
0.09209582564513984
0.09802902045161588
0.10314663788220121
0.10846845522138421
0.11080875954176046
0.11238316021329971
0.11650300135181058
0.12218195583798225
0.1298945601830104
0.14086928080382477
0.15549970186920095
0.17169716475648797
0.19075235656881118
0.20592303686089636
0.21939964121836436
0.23188078720687522
0.2428987424259988
0.2515194960547064
0.2596081698641881
0.26579835379233946
0.27851309145967923
0.2928424280392172
0.3012665021371252
0.3116326307866315
0.31854165654811895
0.32274099897837144
0.32074565815349815
0.321808676095455
0.33011059268604215
0.3436543712004322
0.3526897953050769
0.36241180626669206
0.3661942337993847
0.37289405827823296
0.3815926367936248
0.3845584852293559
0.3803871915545094
0.3747584585985242
0.37485120141790385
0.3698454603130002
0.37096842926860507
0.3669211016273946
0.36698468151005353
0.3704413984237881
0.3734255164403859
0.37330813056703127
0.3729895270704868
0.3777125046884736
0.3852564396000969
0.39212548000625363
0.39338551950238926
0.39927191510143684
0.39970036041768675
0.40323731569624016
0.4056259638060243
0.4173024470243446
0.43267373191706004
0.4518056760501483
0.4662425049218001
0.4771107881631847
0.4821215575227324
0.4893372210789563
0.4891989178956686
0.49532388416392825
0.49822147982927245
0.4992568924951216
0.49961838904397
0.503360132421037
0.5081370430838551
0.5184938537014818
0.5302562848276573
0.5448092384556122
0.5638229988163397
0.5765876899395213
0.5839632467039314
0.593995728572634
0.6101689678507914
0.6208830538062837
0.627651040699729
0.6366281817335159
0.6412157526768975
0.6507370072904762
0.655041287231699
0.6567918150462777
0.6570697108089582
0.6549002933873039
0.6492906073104503
0.64085503844442
0.6306006298522159
0.6245812337909727
0.6164656465524863
0.6126947859572736
0.5991026296647628
0.5962177424469466
0.5954164368486905
0.5992137005911825
0.6042316504592695
0.6072561973152274
0.6112760896675001
0.61543546410819
0.6180921761927382
0.6230898514729131
0.6269099752241913
0.6334435850319592
0.6386962216572424
0.6378995643413113
0.6407476465174813
0.6478141946771198
0.6573618482965222
0.6679928790165718
0.6757418898891763
0.6829537638659601
0.6888308856118428
0.6886501081720654
0.681955252578276
0.675689717493684
0.6717318591435026
0.6722240868974486
0.6730848706653306
0.677633326469934
0.6865516392804741
0.690225061190249
0.6953552790657739
0.6995994764616429
0.7021244400968469
0.7104141285270037
0.7181943549785578
0.7260820065915132
0.7362173409841325
0.7465546116726841
0.7513448664780858
0.7620406067508008
0.7787842380967743
0.7886440777630384
0.7864143351523979
0.7782981788197407
0.7764116767277235
0.7845925022799649
0.784070178575714
0.7843641767775504
0.7816001002727014
0.7765309013028441
0.7787674772510298
0.7763998060630704
0.7732302641727686
0.7669237247890806
0.7601784480527999
0.753226439123381
0.750853304593408
0.7489339496382216
0.7497585064984215
0.7481275664691327
0.7481299490391277
0.7578978454468719
0.7650848075399918
0.7792726261865646
0.7935726209134859
0.8086389005505005
0.8203709795942161
0.8314783410402112
0.8460809658914761
0.8552377777223419
0.8620712324524887
0.8676846384423237
0.877840792071036
0.891887226467383
0.9025340225679486
0.9152944421061339
0.9311940861726637
0.9508022594152756
0.9645957215597731
0.9821567700389703
0.9933739070719543
1.006796445172586
1.0095877669532825
1.0115472221804132
1.0077103287900457
0.9982384760867875
0.9899404115419231
0.9787196793857341
