0.0
0.0
-0.0013564974771404607
-0.003971265969869082
-0.006754767907644686
-0.008803625355502533
-0.007112164004330893
-0.006399970601419673
-0.005832035600580914
-0.0013685167636481813
0.006366375541358922
0.014977595311570701
0.023389891846948563
0.03310153128647584
0.041234425372091564
0.05297896693812661
0.06156446891337054
0.06895360342850052
0.07669637951105443
0.08374842658310176
0.08846879369594585
0.09714734022725732
0.10248744804685747
0.10980099448251726
0.1171589332518837
0.12366858045634574
0.12806293759485576
0.1306401804999019
0.12989766072074102
0.1270566817018232
0.12201438622787253
0.11627271584111047
0.11017105425369966
0.10469306810551268
0.09858240465228683
0.0917366060517366
0.09014835674208646
0.08669269651185402
0.08504467238566323
0.08283152770313444
0.08038170454111776
0.08000771102141181
0.07862841783855419
0.07779952955396204
0.07702355717122471
0.07618516775848563
0.07378310426716989
0.06887128267103654
0.06626769092783262
0.05984110908110135
0.05301857566109883
0.05070856631554303
0.04636024992104776
0.04498297557944653
0.04269399721952837
0.03666072104721439
0.026799625929178554
0.01895486361854213
0.010853213608900555
0.009165943173609227
0.00861849178452227
0.00520019960526656
0.00386343817363914
0.002581716745787567
0.0016594610000269813
0.0023479355914845087
0.00344336123850066
0.0032982382097065995
-0.0018538038001481016
-0.009812922006587631
-0.018502628537284082
-0.024306988229388076
-0.0311157162424586
-0.036323250956738495
-0.03533606792606951
-0.03514706619237045
-0.03285242898769016
-0.030018057459925994
-0.028000822180698683
-0.025517553681403786
-0.02377705694867022
-0.02805382989962891
-0.034540111982709315
-0.04097440210636822
-0.04215291060010447
-0.04306795330364874
-0.04261091375215748
-0.04571628300253582
-0.04978047369626526
-0.05052233329584852
-0.049709641762717395
-0.04734882008659346
-0.04374862745924699
-0.04168831008961131
-0.03873126397797097
-0.03396206304998923
-0.028472427958408777
-0.023029122730136853
-0.017288452829358814
-0.009822847646962706
-0.0025087338736570156
0.0049530366230223395
0.012054058020197489
0.01754308832507403
0.02138426949099661
0.026157331247232886
0.03109641079249808
0.036351726503838444
0.04198480056140543
0.04555881727745563
0.050889446043952784
0.05754882110146839
0.06120781378245891
0.059638519846897546
0.058341195613236994
0.05931984857542567
0.05854708113263226
0.054710009578460464
0.04793844279449289
0.04209447857622394
0.039059452134547826
0.03751596780673292
0.04095547699715072
0.04037947340959901
0.03728060889480444
0.03558271739383343
0.02453240421093158
0.01815127164033698
0.013620164124751182
0.009894784879650448
0.007722973336060419
0.00564931988265624
0.0009827701477480048
0.0005617089428772222
-0.00012021413687491049
-0.0008264581959028652
-0.0017996233456645458
-0.0029942018515226416
0.0004382304501066069
0.006141855008684365
0.010517827136787915
0.014416287729764235
0.014452413987925326
0.01312154686691022
0.010536981182501612
0.007718921632022026
0.007714737861310293
0.010699882898372861
0.009729468394327211
0.01156228618645493
0.012571035768968833
0.012486955714164668
0.009581166712057356
0.008880922866705668
0.011041168007778478
0.008280405361885283
0.0040957673847226515
0.002660223126999927
-0.0028790882205520446
-0.005274194658582584
-0.00891354262007148
-0.014657644666751415
-0.023551588828619248
-0.027558010733349275
-0.030598876543937
-0.035053684960390255
-0.041755429013179086
-0.0488907501513854
-0.05985785160660278
-0.06753950681946942
-0.07680526408710384
-0.08508970492781864
-0.08950739440119457
-0.09825574498706907
-0.10523390945454292
-0.1146474631068551
-0.1229756487119811
-0.1335892772455833
-0.14524173503871274
-0.1584869285864811
-0.16942153834893944
-0.17718891844727472
-0.18680467064626968
-0.19119146378823215
-0.1947290635952542
-0.19839188496259144
-0.19934889432846128
-0.20391444058444527
-0.20814083115817272
-0.21184784454772515
-0.21408493743111753
-0.21769531874367914
-0.22244141125017108
-0.2243889037125158
-0.22566281504963487
-0.2240160322482796
-0.22287623527206385
-0.22524008985460614
-0.22375198976504107
-0.22392070796544467
-0.22331055348364834
-0.22439149024465016
-0.2260610747013751
-0.2254784797579353
-0.22614799226202537
-0.22944934269197298
-0.23718115290449257
-0.24375699061451997
-0.24914223329547486
-0.25696036360839186
-0.26246293330981724
-0.26640815814873464
-0.27437058782315576
-0.2834705079990814
-0.29336013710203007
-0.3013998363944455
-0.30375985437009745
-0.3014139903006098
-0.2993776837046908
-0.29762732579961426
-0.2939291208288883
-0.2906319041476585
-0.288602899357527
-0.28762585001711066
-0.2899945182416817
-0.2917049503450713
-0.29680948849752176
-0.29898315693161265
-0.3033474036940372
-0.3051770605921844
-0.30605799496065567
-0.3057623031508447
-0.303283833908436
-0.2970556686652213
-0.2913983504692278
-0.2885643004551742
-0.2847976034267144
-0.2786705844813247
-0.2747620302727374
-0.2734840971394527
-0.2704288540296412
-0.2680064389640487
-0.2670175663840194
-0.26586702513893795
-0.26203704863085286
-0.26218852242996893
-0.26087787795072653
-0.2571681148653135
-0.25820975335376223
-0.2614366938302707
-0.2627177409777293
-0.265841580426214
-0.2682236037124256
-0.26827247081026423
-0.2687244317700122
-0.2703023423975671
-0.27591510447730455
-0.282378679756591
-0.28898976693179035
-0.295320460002338
-0.30066535461359406
-0.30682028337640416
-0.31521117814982047
-0.3185483429895311
-0.32442250930547384
-0.33089709257179967
-0.33692616897550415
-0.34161408027025436
-0.3490004507002883
-0.3599802984601979
-0.36601314608455016
-0.3706871430199214
-0.3742796730154916
-0.3797970626429717
-0.384130322878437
-0.3864036379168897
-0.3885510536105878
-0.3915210483832492
-0.3963360572068105
-0.4000765524011769
-0.4021601785882471
-0.4033661075830524
-0.40397359433010965
-0.40676483581478273
-0.4078234406678935
-0.40415047279732347
-0.39825788345379276
-0.39444128821603663
-0.39673482746641264
-0.39973070901657387
-0.4042470561202726
-0.4117442347074613
-0.4112257267317295
-0.4136436900130741
-0.4173667101587726
-0.4233862796657687
-0.4313184726971439
-0.43948673549968403
-0.45052851634622954
-0.4589257854375445
-0.46523772507823485
-0.4689385794470532
-0.4721907922008829
-0.478859846582073
-0.49129790178499977
-0.5026719652308065
-0.5120465289035252
-0.5181484828641074
-0.5237634136658796
-0.5256381732574588
-0.529056923203985
-0.5293816914493865
-0.5314382765754088
-0.5360680821941965
-0.5396755444734787
-0.5465720259632433
-0.5485165245573091
-0.5549849820961434
-0.5626308989527927
-0.5694821345057582
-0.5745520069351008
-0.5808479214780393
-0.5882692898555739
-0.5936135259467741
-0.598481302396456
-0.6023665387622643
-0.604078611369024
-0.6029348119583616
-0.6013600749483018
-0.6032700839649657
-0.6032206238978046
-0.6037452929536283
-0.6029765033593619
-0.6016657134948711
-0.6019101218752131
-0.6031831477988169
-0.6069429980434435
-0.6096840576542438
-0.6132736828614587
-0.6166444671337221
-0.6206802213693737
-0.6266019590858387
-0.6332569326947955
-0.6358299114644437
-0.6385439036145999
-0.6398089970440872
-0.6411591116784655
-0.6444656619989392
-0.6493503324073251
-0.6497649311865507
-0.6499867862120151
-0.6501538498670741
-0.6494156251860571
-0.6473316973431045
-0.6442190665549343
-0.6441531513008261
-0.6401149476192474
-0.6363876925192292
-0.6368201450983297
-0.6357867407696146
-0.6346411728968963
-0.630374855190558
-0.6273213661338999
-0.6231353458081557
-0.6159158721047706
-0.6064364103239491
-0.596005320620897
-0.5845299396838237
-0.5719569627816412
-0.5601636446394392
-0.5523728213574517
-0.5477595913839471
-0.5409214067377214
-0.5387665650154039
-0.5339013049882798
-0.536101783084089
-0.5392422535050536
-0.5374863939081169
-0.5307253352055334
-0.5262013090987567
-0.5199620317057153
-0.5145584122047938
-0.5096876338895847
-0.5092569880521767
-0.510583588620455
-0.5137816046126122
-0.5146022825320765
-0.5157546006109632
-0.509158078481686
-0.5036716078347703
-0.5015554335876546
-0.5010309972324647
-0.5000840628700592
-0.49802830162630296
-0.4944288442314929
-0.48944426886793163
-0.4886426902806918
-0.4940162754714022
-0.4978757268725233
-0.4936443324742962
-0.49074224014400536
-0.49180808734449405
-0.4945449695543278
-0.49615004824922576
-0.5012268172969174
-0.5059385352734848
-0.5111557753856645
-0.515234146578108
-0.5154591572231421
-0.5151998482288904
-0.5121055551059113
-0.5062217032326225
-0.5010412541450803
-0.49488021033292395
-0.48702697511937426
-0.47921082701690343
-0.47185559021072865
-0.47082852437250144
-0.47369671556579057
-0.47413450116089556
-0.47204569702408966
-0.4715656437163387
-0.47098450022976823
-0.47074853969696934
-0.47112120257974593
-0.47348510374382
-0.47578481498875325
-0.4761893488714009
-0.4751314912626281
-0.47250690785652605
-0.4668150023866039
-0.46035413603353453
-0.4542758538975129
-0.44624172222033176
-0.4393811272279485
-0.43489654361431057
-0.42754254003777137
-0.4218462197052828
-0.41837162185259785
-0.4184197694599212
-0.4196765937301407
-0.421057809823392
-0.4240707554170969
-0.4246852162752439
-0.4207087744892034
-0.41681238811041205
-0.41583601767955203
-0.41541382367505486
-0.4202867464140032
-0.4258579276126019
-0.4315647052934645
-0.43819000773044814
-0.4446657405289677
-0.45285943966596437
-0.46055885342865815
-0.46555457632873143
-0.46749731465714145
-0.4644188180521007
-0.4629206089991608
-0.45999012528488353
-0.45934020243552376
-0.4638897878463095
-0.4685687264197142
-0.4702942392950081
-0.47663439411812025
-0.4815474797593792
-0.49037784623655467
-0.4942751076123698
-0.49322134543196167
-0.4936523510985209
-0.49512672575484773
-0.4943173681024145
-0.4945595641340771
-0.4971122123070477
-0.4966265013497595
-0.4955002132123836
-0.4976524514019682
-0.5001126705173388
-0.49976800818173023
-0.5014842988513671
-0.5064081688208663
-0.5113576986090856
-0.5192309887038956
-0.5295917409564586
-0.5399428369984997
-0.5482410877231702
-0.5556073992940155
-0.5643635687625752
-0.5707379269104863
-0.5789101612513302
-0.5883430916112898
-0.5980243506105481
-0.6074597083638306
-0.617187899862526
-0.6292492143665842
-0.6373514333503125
-0.6442285426167931
-0.646064353224529
-0.6515118524857032
-0.6546431071367209
-0.6528041702703372
-0.6570968156231429
-0.6602657183644884
-0.6621536748812911
-0.6655171177909894
-0.6685867112472541
-0.6722608408636501
-0.6768433050392326
-0.6806391404906467
-0.6840832241573264
-0.686669909978102
-0.6869606798198888
-0.6865875858582803
-0.6870654975054723
-0.6830802018064083
-0.6795795336934046
-0.6805133771087901
-0.6810634402396862
-0.6835691675997368
-0.6863653057991757
-0.687199228639267
-0.6852848480806208
-0.6834509473251832
-0.68270004953712
-0.6852895889932168
-0.6850230371803175
-0.685666482930614
-0.6890590412218802
-0.6883822702471359
-0.6821167070681082
-0.6765938409086428
-0.6734203080426256
-0.6684355236130378
-0.6683366726639973
-0.6663326350734009
-0.6645751051244476
-0.6641145538792966
-0.6633159649019219
-0.6648601504284117
-0.6603108313824338
-0.6617059641856502
-0.6640060837682707
-0.6625705381891884
-0.6601115495959267
-0.6535343688386773
-0.6445271647909563
-0.6368628563118339
-0.6302127280759047
-0.6266732872473891
-0.6271087496175968
-0.628420281153134
