0.0
0.07725424859373685
0.25734775722228703
0.5665130538081882
1.078463133953979
1.4606556204763461
1.791414040327566
1.891473997282364
1.9058498290219181
1.9228181706548255
1.774308011407872
1.4998856702882652
0.9483851688724286
0.3631545536381102
-0.19784400887007259
-0.6635709735075825
-1.0195676033768017
-1.36799400068262
-1.6484140754325571
-1.886280675801053
-1.9689939079943433
-1.888077029605287
-1.8097420851206774
-1.6522622900158526
-1.5487335708625878
-1.4320972704453467
-1.3901576367524817
-1.4681089717146123
-1.6268864036529094
-1.8107205937622046
-1.9913796827210224
-2.154308092980774
-2.48051103113204
-2.6733165364679947
-2.968446226809389
-3.3293136054231884
-3.6364932470190388
-3.7406665627633298
-3.7947468192723863
-3.565135067038831
-3.3934608317732358
-2.9961566459898474
-2.607118076574636
-2.097728659251464
-1.5403940425123053
-1.0851791005475775
-0.6255289126076758
-0.35300818016633756
-0.11832824488829075
0.06221243050573061
0.04005669068588445
-0.23608272228670735
-0.33014377007487633
-0.5142216150734178
-0.8046358893125647
-1.1063737414409451
-1.3995653599519178
-1.3545133174090869
-1.163637648232264
-1.0071372618759662
-0.6395457794546634
-0.03422212701002092
0.6025047660334533
1.4608145673648645
2.318241948809075
2.9824980339427842
3.6015133201633645
3.929316536936841
4.096641921418523
4.089832380665576
3.9964083860585093
3.8094679920306205
3.5651272467559494
3.3736010039543958
2.9834003634497677
2.4431471795469224
1.918394037279595
1.5466460044264476
1.1694027105621445
0.8931672858792556
0.7718803121622486
0.6848872517843495
0.7672066025565241
1.2298693915601069
1.7650420910566762
2.3127836839179983
2.6712729388863186
3.003243287897087
3.209493355070266
3.2562352838879938
3.002653735439336
2.675194320840123
2.255212132812184
1.8784627818958441
1.5219838615679375
1.269181540770799
0.9425660563776366
0.7097850740037308
0.6494594404335218
0.681770973968616
0.8576302797586525
1.2037964778763324
1.642766888990355
2.120483495798436
2.5885971075403313
3.171071207212238
3.5265512666001966
3.7207821302473034
3.756986807741587
3.545714688255573
3.177505313499829
2.6418273068634623
1.976632843557657
1.1946893815013673
0.6113503469460781
-0.05984208432446336
-0.6911774972376754
-1.195993630204829
-1.568372287463076
-1.8190864672877265
-1.873821491039766
-1.703381547844969
-1.6115767678021553
-1.496971110457072
-1.2042466908327367
-0.8409145137063977
-0.43486203964093006
0.05698862824531753
0.6240725787773924
1.0828934249275395
1.3682549523475833
1.707934884663361
1.8671969915912592
1.8746269590901448
1.7675701097824856
1.6009906584705993
1.3836310492832813
1.2401554605375866
1.134195240308074
1.1352798855296151
1.2780649013330136
1.5381265397136057
1.9380849360737524
2.3032492595833887
2.6449019566927796
3.0639859531303415
3.4524072041206106
3.79990267406712
4.0709839782009825
4.139833777553271
3.938426377114189
3.6526593299886705
3.2393573817356645
2.7056063873829
2.158166204664199
1.5779430275485138
1.0468648219205308
0.6591003505186892
0.21674680025912163
-0.06166518054608877
-0.2301688881268907
-0.17270434197195944
-0.044140736826796256
0.24297939452233824
0.7150243117654498
1.023728736219758
1.1034296484700408
1.236475793464855
1.1950284367086925
1.0617055891339202
0.7523669607602308
0.4787341998900541
0.11931107741989322
-0.34647956563740545
-0.8394034925211171
-1.4191374374008736
-1.7898010533075859
-1.973753710001004
-2.1230052516429594
-2.152065876064972
-2.097005556493459
-1.8741750231981875
-1.5993059806630399
-1.1945291879376998
-0.7035551682047629
-0.2854033932112337
0.14794137411792102
0.4930714375543868
0.7654746638387906
0.9923356898685525
1.1013573344131762
1.002894385116933
0.6770387374375452
0.280424175267422
-0.21800552571735832
-0.7118385742453068
-1.1282814171606674
-1.5996626553547852
-1.7476817609458801
-1.7253370048054404
-1.7801588716934196
-1.7912294403885853
-1.4857946734946736
-1.1630722481173026
-0.8348032987369677
-0.5007706583102877
-0.08791075805469128
0.17702983084047857
0.4325946519545803
0.40186328835205015
0.2745584070994858
0.0013808352766683796
-0.32550245970792563
-0.7401029498684928
-1.1445590819758822
-1.420395520164417
-1.6309969606179826
-1.875546456272711
-2.0259747674847497
-2.093295303230986
-1.8169945290827054
-1.5301981512508493
-1.1723403599101523
-0.6383731110900048
0.029568639417146825
0.6475353460797447
1.3382699153976678
1.8600487135405146
2.1633802206465726
2.3968906132597443
2.541208899825849
2.5350797758785713
2.433055516879136
2.224144368458016
1.8765910730921003
1.669208311346449
1.5113222390836885
1.3946166045408288
1.423525573175695
1.5007569673088106
1.730620568563119
2.196708794521486
2.763526862788868
3.3303260176103855
3.6648424381463736
3.9977020600989013
4.332516245237391
4.780363474429887
4.970611333088312
4.8383288469416295
4.529777781859858
4.091908003528897
3.7610680975060333
3.2804006429900756
2.718189221606959
2.175311164573282
1.826094048288112
1.5547986277303958
1.276639626855288
1.0374493319802707
1.0647733413390224
1.1930311161914853
1.3791838229044244
1.7208550324007557
2.0166856966736333
2.293836732711253
2.499100616321985
2.5598152802712466
2.4458292027913595
2.196815446145206
1.8956690155798732
1.6910313347199382
1.454515021052078
1.0236283031013085
0.6837007908020705
0.2524698643984201
-0.1962470061716829
-0.7366332555163765
-1.1109201619897724
-1.3858095852644845
-1.6218664568009808
-1.5871612176199255
-1.2670560534308841
-0.9721417183245933
-0.6418726848013812
-0.3027311676707166
-0.10221731789650879
0.1039336986693351
0.16828862299686229
0.09562098132668481
-0.08192217019179082
-0.31926373733742797
-0.8340489923649633
-1.4512524220547132
-2.159672923245168
-2.7675007637411406
-3.3041084292876546
-3.8247666785688867
-4.187888973475455
-4.320638680028424
-4.135384577150806
-3.657158200515583
-3.1550438230684392
-2.541435838861755
-1.8318956181928876
-1.2849565585870697
-0.811112779879696
-0.47578372959992027
-0.22422666667913282
-0.08897197169345902
-0.06468747226777159
-0.08866516745991183
-0.38158206928547944
-0.6614306848087883
-0.8826721025921275
-1.2151161182521277
-1.4741984448304213
-1.5474515467137113
-1.6936705052782177
-1.664417687806187
-1.5451678765646362
-1.3473682134750689
-1.0187601072944081
-0.6412027036378474
-0.11303688874742823
0.3112216933860955
0.6590335778151806
0.9850025703359198
1.2090702680225534
1.4144711836503028
1.5347569598908821
1.4890706504315956
1.3666002824218173
0.9916826787927142
0.6425618709719635
0.16909720432815323
-0.31342948545836846
-0.5784531604562904
-0.6403114300444028
-0.4971174049760813
-0.07252798708793035
0.44714033932405056
1.0277063160454754
1.6344522461280016
2.1860988622915913
2.6628681946920985
3.075664874132657
3.489444874136607
3.8020944937425334
4.02127946190004
4.081210871933466
4.081491739508581
3.954481819948005
3.6122109513495406
3.1311347200084216
2.790797383869366
2.5532103586269925
2.2857742338882505
2.0566354369222597
1.9121135304463381
1.9314205123969972
2.140886295849455
2.503202580863557
2.866229379014097
3.264115305980142
3.597578064399858
3.8588258543407434
3.9877279771855503
3.9356131568046413
3.7858044403168405
3.588358792277255
3.084619008008336
2.6410043283987865
2.055035754133074
1.4668256504882764
0.8757235518702687
0.2553165665791389
-0.206476348596781
-0.6022806829277244
-0.8930493983207877
-1.1043974478124057
-1.0760745208760656
-0.942783592724988
-0.8177254787683714
-0.5881239419774111
-0.25772090000391484
0.10675360229343184
0.42043671658756027
0.6363079254432283
0.7911453512002937
0.7545602303084934
0.5865155486040128
0.18634073676454788
-0.055385502590337365
-0.3318440689968424
-0.8374023563235413
-1.276689330722264
-1.5446732380836885
-1.5065233683234178
-1.4773096274807678
-1.2444531226989946
-0.8294999274052727
-0.37869623188942575
0.14364198723190685
0.781683730766354
1.392623319347928
1.9291532866446155
2.3357319233328893
2.4641909764789003
2.3122834153256258
2.0516826372665493
1.731977262486419
1.3889371911100294
1.0105539715431537
0.5852591117307666
0.1629388345668229
-0.12579202338827467
-0.18251221518423816
0.08082357395405443
0.42498968107706797
0.7524556236147049
1.0949924454939914
1.44503587038677
1.9168263199470235
2.365164474355466
2.7253911132708417
3.0054967989566976
3.0648997696151326
3.0906687211435964
2.963133150843663
2.562911592877251
2.109871022632462
1.5373103372516586
1.011251988586784
0.33678141797688765
-0.4666123365731695
-1.117616449121226
-1.6807785710490832
-2.114457677361703
-2.2835474236862408
-2.156445642958084
-1.8425126278839947
-1.4075841562105516
-0.8102964733868451
-0.13830036089943387
0.5029620835291034
0.9759694970270203
1.3894517069381456
1.7703188600687079
1.946698984624607
1.8917809293856984
1.6460299648327426
1.2337947123733373
0.7871142978240575
0.35393650557039424
0.039989199777285434
-0.3288920066411888
-0.6952509118010245
-0.9760092320642257
-1.1634116140438142
-1.1456879735085197
-1.0979308132769636
-0.8981074646565111
-0.6036017607721142
-0.22378392607182201
0.08998919070934203
0.31623446805043803
0.4946776242514732
0.6906065935965064
0.7515948922875038
0.6271825934173171
0.444419534582313
0.10000289250537686
-0.4667079286471222
-1.009086480858418
-1.3452543860930226
-1.6689283382887172
-1.7956847337594057
-1.8999751023056755
-1.8766792531552925
-1.8065312853342337
-1.5837351245177091
-1.1328116314424457
-0.7590889848725315
-0.413085444598667
-0.0512911559478037
0.4307060909218013
0.8840519197986527
1.2725849680572447
1.5201009160439645
1.6266032420639347
1.492980737378185
1.353168084507725
1.2571705488739235
0.9604337080525429
0.6190320836081219
0.23929309303336666
0.01954119981850702
-0.2067338005917888
-0.4293212484762763
-0.46463456001218495
-0.2589905081437307
0.11979300951611876
0.4554874078257471
0.8539626488009033
1.302331858749981
1.7512701181985724
2.2039049972855893
2.484497824355479
2.6854011575898573
2.75691603901413
2.692544723431346
2.489745818704836
2.1033751156838942
1.635322927317925
1.1332088384796861
0.7218352900069225
0.35155318241535033
0.38618662256758607
0.47030825377663094
0.6274920258280117
0.929068513442828
1.194148475078484
1.3135127406832194
1.5898049062373851
1.7920739113927016
2.091102224969955
2.3598496512153444
2.4094332954388435
2.203800555393593
1.792810721463979
1.299919714923569
0.6577233522138397
0.20873600854367563
-0.2513020556298084
-1.031615357830168
-1.556776215882318
-1.9885747174600512
-2.2907375388491826
-2.35137768825963
-2.091620623992079
-1.689015868109926
-1.1173251523449428
-0.45617052495850285
0.21815922174480273
0.7278861775092589
1.2953775286931226
1.7833703558250593
2.1996302343620746
2.4560690972403045
2.412637726001845
