0.0
0.07725424859373685
0.3000832727977057
0.6188143210013615
0.9967157610309032
1.434860084495782
1.8418134269223057
2.1725332394830223
2.4103836435616874
2.5510967779495917
2.580108399359341
2.4714309691741017
2.1858195696225997
1.7492263751734392
1.1951962414732051
0.6050105927937
0.004967547744642253
-0.5177353030827867
-0.9138221223493657
-1.1915732282578158
-1.3594656607054953
-1.381933548709808
-1.2439609586628848
-0.991911180278312
-0.6437138805690048
-0.22668433398261062
0.16489564142916463
0.48639815855385654
0.7295571593875765
0.8615302836712863
0.8184785720061377
0.6278664530198368
0.26027663258230505
-0.25266218002333096
-0.8390338031223556
-1.4650667781179287
-2.033415634187632
-2.527939021748975
-2.8956183368687785
-3.1217769559775177
-3.256941908629653
-3.2252468264860643
-2.9792824760308063
-2.6222602272707927
-2.1484012308295184
-1.6631730308761488
-1.2093625144921036
-0.7949150737296702
-0.4507943465093725
-0.20985671831526476
-0.15058652288770535
-0.2473681180374594
-0.4695491373878381
-0.8221946565617032
-1.259947529364503
-1.7197433709393573
-2.1404987026555
-2.523278419417305
-2.832471355203672
-3.015391254363314
-3.0492583678500047
-2.972255688111767
-2.7073175904938678
-2.3236534807641758
-1.8462550451347317
-1.340641819435105
-0.8317555143243882
-0.3607402777217309
0.014041045588319201
0.26053552544399233
0.3348343935737683
0.25568159736859386
-0.0034955409980189645
-0.38987866238126223
-0.8415860606190921
-1.3021866535731283
-1.778934576625883
-2.1977063767852716
-2.5297764535100185
-2.7382414438822895
-2.794424082812337
-2.6924028848481143
-2.460068727096369
-2.0977322580714617
-1.6600763277791386
-1.2168704203192435
-0.7524984186479873
-0.32511972208171436
0.03258756598902268
0.265078108905783
0.34845606984766975
0.2867014920538921
0.11371460397716546
-0.17424472064612365
-0.5729530449433451
-1.0103674323262857
-1.4315810416580925
-1.8265648756652069
-2.167986417361575
-2.352178803520401
-2.402629369834439
-2.28373980815405
-2.0063272204067433
-1.614038936497508
-1.138591207442683
-0.6074704616076774
-0.10719702455791202
0.3144383144467167
0.6305430652688739
0.7905049262315
0.8178543597060278
0.6919847968747428
0.3920208358113132
0.007438017229425831
-0.43519992876738445
-0.8567061152354901
-1.2773989142919635
-1.6839136019718817
-2.0004879989982074
-2.171731955319349
-2.1788175901452287
-2.0293109596886403
-1.7362483013592445
-1.3063756073697492
-0.787456318917516
-0.21133702741649218
0.3652742749771126
0.9001802837305742
1.3638839489062518
1.6792906940511878
1.780881376500867
1.713226030912824
1.5023117038637803
1.1808995897063133
0.7451936991579068
0.2452617749356757
-0.2500979209418055
-0.6811989275791341
-1.0246526291520883
-1.232024789163975
-1.2666200233676805
-1.1526264778394562
-0.9044621609776317
-0.5850365560305955
-0.20788631302855204
0.19383396815328952
0.5875214188564524
0.8830725791123919
1.0675923053113645
1.1606430955187443
1.1177471246962773
0.9443682299314765
0.6582595907053722
0.2535170208332769
-0.2445772396259227
-0.783863771107273
-1.3110426858463113
-1.7606476859635205
-2.1037850141747323
-2.3231842598727845
-2.3799740132795066
-2.255128363168199
-1.9925809246937674
-1.6392578876072001
-1.1828028615137605
-0.6812931031134745
-0.19689758177915545
0.23789411653464126
0.5488691960274399
0.714712975692918
0.7530045880449867
0.6292731986531016
0.3811950655101468
0.027197513619043323
-0.4550039989722902
-0.9182828722606629
-1.3545968599916083
-1.7222623345258576
-2.0028325735245773
-2.1557522625745644
-2.1743906986533137
-2.0277313551297613
-1.6968132132914961
-1.231786116884229
-0.683389257070565
-0.10755817961093439
0.42500823033591606
0.8780823091960243
1.2285581647361599
1.420345215927031
1.4966554650875952
1.4207724940777537
1.1947256711644267
0.8780603310026449
0.4952728209780046
0.12458826172297932
-0.2525174919808707
-0.5575768574931335
-0.7676244839344952
-0.876452051475934
-0.8271414135399996
-0.6484719810270669
-0.33273763882640284
0.05962784795588494
0.5087087459773014
1.0286152551920562
1.515895543077487
1.9380599982114293
2.2552889303638786
2.425261522668442
2.4580920878431183
2.355133332583062
2.1213633176131
1.7691135048466344
1.3477759566433813
0.871750319121213
0.3973397549852187
-0.03204479153575912
-0.39490183816539326
-0.6515252659722199
-0.7444498346327139
-0.6619268968004491
-0.40781010132843093
-0.041012078308423905
0.4026563271247554
0.8657139586945692
1.3232950863722166
1.7207097574617538
2.057295284735706
2.2443866963252432
2.2783215770155
2.1146519143805262
1.8351595090672976
1.4391282740426714
0.946940936358099
0.43442662733575954
-0.103576441367487
-0.5518642872917826
-0.9111689500426123
-1.1169488711636082
-1.1886777243931888
-1.07103331475732
-0.7786590080794776
-0.3972310543804085
0.06818798237622681
0.5794899817366698
1.080046332107035
1.5446476795642994
1.8838167928253045
2.088562303610639
2.1745464686775478
2.090720096995353
1.8200296104907387
1.4326520469825128
0.9371563166999191
0.3802647685668271
-0.1919432248368217
-0.7228759929227017
-1.1445195550546392
-1.4094886671500257
-1.4877884432117618
-1.4001619723511833
-1.1637107475667021
-0.8104003462193256
-0.40511189896532024
0.03680744712968714
0.45065851259866613
0.814420083286395
1.0642785487034108
1.2390375066396682
1.256248277365819
1.1320023516395388
0.8476574140161169
0.42954256623081655
-0.0861432820593031
-0.6346144088424482
-1.1136531335829791
-1.5258285503623812
-1.8693198309323873
-2.0856295927356845
-2.1388925991940657
-1.9987221344250465
-1.6940190321333082
-1.268897699613454
-0.7968123146637092
-0.27832730832562236
0.2378802427953478
0.6980250055520898
1.076621102132722
1.326479267074777
1.4322714867473718
1.3737560520036782
1.15784736434182
0.8710716611175031
0.47249215677105716
0.054040815168654666
-0.3650717682882807
-0.7614310217850744
-1.0899516014147996
-1.2888893242809156
-1.325323575125725
-1.2078006464302598
-0.9332105256061317
-0.575378167292037
-0.14622393326367578
0.3024165146779948
0.7660081180255078
1.219879978762383
1.5350459558734904
1.7341884782559576
1.7763568231938789
1.6628486443458894
1.3967041863705978
1.0295576137248985
0.5750924077017713
0.06948334288550495
-0.3898111187624369
-0.8053828861967968
-1.139814724256472
-1.3503874193275676
-1.3383936810557604
-1.1493370273821562
-0.8258151742593332
-0.40833542736796313
0.06503442571013263
0.5771055334668652
1.1066922675996793
1.5946890702800705
1.9592659406724895
2.2070144645039647
2.2682788311355417
2.1820872057962233
1.9218512690234224
1.5512977670657602
1.1073732310387576
0.6182430652693686
0.1501559038349276
-0.28824529741011573
-0.6321146472997965
-0.8439207315626905
-0.9020435070487346
-0.7900389265332985
-0.5366810652736411
-0.21319548324411408
0.21255609230302175
0.687337471289657
1.1248525673955134
1.4951664686586552
1.7945306347737588
1.9679471254909018
1.9589099956925105
1.780782015682576
1.4650227500120119
1.0346097181544986
0.5116967533640486
-0.0710862908704889
-0.6924913357904047
-1.2476261984731107
-1.6716984976876312
-1.9823984398960164
-2.1240239683088653
-2.1211393476615203
-1.9678042496032209
-1.705960821752638
-1.3334112099376862
-0.914986547049907
-0.484425944805121
-0.14595214601370915
0.09433265631333998
0.20542124032500186
0.14966603245099264
-0.03442424753581691
-0.34765765159645806
-0.75631728277254
-1.2503266466367704
-1.8002548141659442
-2.321943596472129
-2.796610237758757
-3.152903558192798
-3.366635140618272
-3.415240325228579
-3.299998921154237
-3.050706191017548
-2.6816627753840296
-2.242287448183562
-1.7577331180432494
-1.2835014671405498
-0.8578723473160842
-0.5388619097413666
-0.33931075783580766
-0.3161290957456401
-0.44692549189969843
-0.6682972684979158
-1.010342841382935
-1.4395174637678436
-1.9042181821074489
-2.3794851706185547
-2.8069805959437275
-3.1046141461338954
-3.284750161841386
-3.2880367997304276
-3.112645498162634
-2.832455534409381
-2.4148144196431165
-1.9324770324959137
-1.3929576690179735
-0.866149905592791
-0.4088336466066862
-0.08613750937227116
0.0799800551746703
0.09629098481326973
-0.05798648336574361
-0.35211821845783553
-0.7484298561512952
-1.2122433674542687
-1.7364342881006722
-2.2575134365177716
-2.723597271218535
-3.04207995074549
-3.237820589527406
-3.2986318612759034
-3.171740652390212
-2.9291097993803237
-2.5712988603244797
-2.114792637941468
-1.5786953456273187
-1.065585637183208
-0.6114505865619853
-0.3041341728521677
-0.1168476547535432
-0.009780238947853168
-0.03442637832539851
-0.17720206312741915
-0.4322480783642039
-0.8305476510207506
-1.3188702002009998
-1.7460164687240898
-2.1234998584461167
-2.4093410967993614
-2.5862019228334656
-2.634868219893928
-2.5219015911619223
-2.2608167269691775
-1.908714758096092
-1.515269229382629
-1.039770626195456
-0.5280760475738774
-0.0488610805583497
0.32798481109655553
0.5204700387291062
0.5355459699915599
0.37433925568456133
0.10105894665588971
-0.24224152646043284
-0.664104898418953
-1.125183839102011
-1.5521511993665233
-1.9591889297857894
-2.258562355773788
-2.4437169714297595
-2.5054798860424063
-2.4151882675696155
-2.18646124950794
-1.840993767365684
-1.3637003160984438
-0.888672973421724
-0.4171105550613048
0.025783863445334676
0.3520094658006286
0.5816566246121773
0.6376988397769308
0.5041747350353929
0.23630507711024135
-0.14096081037648295
-0.5959002750669754
-1.1153317736684039
-1.6547729120566315
-2.091206142842111
-2.4029384918149566
-2.591717770491865
-2.5778427053782216
-2.426759140401041
-2.1611144886776414
-1.8232079192717874
-1.4234964948535827
-0.9690181341116456
-0.5147702895712811
-0.12412528499520309
0.1958802633617463
0.38815476999210874
0.44821692739144015
0.3215660811893405
0.0456699506060933
-0.3296563648371069
-0.7524337355997291
-1.2208167769930072
-1.6425737229839745
-2.0320366787957296
-2.3344964599871254
-2.5115421952007853
-2.526525806161073
-2.402111090644
-2.140095171043856
-1.783854078462912
-1.3200793839184797
-0.7855633065399485
-0.2627777561274298
0.2000605149447382
0.5310612893098009
0.7579624241778713
0.8584963217768578
0.8390780376369822
0.6672568799778594
0.380814665783461
0.038042396708615756
-0.36605305614886197
-0.7883245440194511
-1.1713532800033364
-1.440745105245802
-1.5851548298129041
-1.5786890895784687
-1.4461380566969235
-1.167258854591275
-0.8341585187491154
-0.4145631860503558
0.04946585824050809
0.5308434195905776
0.959794837218914
1.2543021984964282
1.4342678386011114
1.468562396051048
1.295313544358161
0.9561609245192518
0.49986470199988003
-0.0076900106664140044
-0.5897275492806173
-1.1575517761857919
-1.6460241440292187
-2.003673499412056
-2.2343785947761208
-2.334033962961281
-2.2811225617108324
-2.086125747292109
-1.7467728669537301
-1.3143759991836304
-0.8368158054927947
-0.35394032212846227
0.0635621086850402
0.32724739975030415
0.4780419787529484
0.47704470653430486
