0.0
-0.6366734080375568
0.2763342506525478
-0.34672808773481045
0.9478639936226934
1.1975018293408275
2.1754493375139203
2.119257888892041
1.587741343723435
0.9507372670381908
1.4106233449026784
-0.39638465436548076
-1.481300383309767
-1.0705079543020248
-0.7582266046782828
-1.7402350186400941
-0.7117044932003952
-0.818639401624021
-1.397166011441545
-0.3051777140779688
-0.2557630551706369
-1.1647265596673757
-3.3633250604057467
-2.1820591607397524
-1.2203993216050428
-1.009719378929024
-0.6869440051986261
-1.1070897839032328
-1.0954978081188442
0.17900368762754504
-0.5035964838716013
0.8077453547300881
0.8530384916159046
1.34896026289411
1.1842436745924256
-0.3618444734600963
1.1583390859361433
0.662428930652373
0.47093560932128326
0.36246031866444645
-0.599334378184505
1.3721469901159888
2.4916776870844606
0.45802539253309593
0.35639603143326226
1.0981009987873847
-0.3332596978553354
-1.5273833547563338
-0.9295085779898078
-1.5282208219091689
-0.8323004407592031
-1.7660693426228495
-0.7356303851148888
-0.4504172535733215
0.7304734065007534
-0.6722879151638692
-0.5663304341282841
-0.297376376148876
0.003650613779073608
0.016261703640180897
-0.35280435748127287
-0.2275299789981057
0.3071697023316994
0.5404163663750143
1.3389016138597274
2.523027351607581
2.2016860250404022
0.9227797365425703
0.4374606799493952
-0.07085664369982808
-0.870172100491104
0.9608370671155099
1.1642376164062114
0.8295717706204139
0.2934672996715652
0.9928888767787953
1.751506306331747
1.4779531366172913
-0.013215997854192807
0.7111836017191022
1.6610154893808247
1.0709678710072994
-0.05914692523019416
0.029428025530542426
-0.0342425914382041
-1.6548232363594515
-1.4181098457375338
-0.35760245287241477
0.045799460666696934
2.02385051107874
-0.009008192343793686
-0.4415174384681645
-0.7020536859628279
-1.0248051952402983
0.5556968204807454
0.817817078662286
-0.04104118776291965
-0.14843421784535005
-1.490347736798674
-3.0347640891056376
-1.655341778697261
-0.19693727928238336
0.7016212728647896
2.345638507113341
2.3868226247685107
2.7798861641160415
2.7839340662118253
2.259528111379698
2.8405599149893774
4.616871687002007
3.1681436256380815
2.15684879911251
1.8419866999136534
2.343104373530257
2.2895956684000756
2.450907868903899
2.744528810146774
3.5474422175077205
3.439504338423813
3.9263517857732086
3.0280537598970727
2.19323529249145
2.54668319936134
2.841028928846216
3.770771526596779
3.996663282069981
6.387455927783694
4.2820037434113445
2.7730029415555224
1.6736931229267404
0.4712420531869286
-0.08704753926895503
-0.09290323943898826
0.4560745154277549
0.9256245328140809
-1.3034808347333038
-0.27879296569549716
1.8663577963373472
2.4041843797885085
1.7862184246957082
0.27044345035460693
0.24153615406523815
0.7220172271221672
0.6994296260536069
0.9952703024132485
1.427318015309463
1.134355143073594
2.5883092755034505
1.9700355419116478
-0.087235222309483
-0.4330946431745596
-0.26523587563760154
-1.352894749735898
-1.9655387037570762
-2.511115714227986
-2.49753866711446
-2.637329889746651
-1.9332511653832967
-2.3238164134091015
-1.3967888300563476
1.692683567140119
0.5290336228915189
0.3758330626109222
-0.8423880994048345
-0.5379266416937208
-0.17638736836194052
-0.39102255622680115
1.1419418374345167
0.925011715735551
1.1735557467109636
2.2109368189660863
0.6957058087791832
1.1051394155510108
0.7134465142343438
1.8533848926851173
0.7525331208814806
1.691186248301031
1.014585617927079
1.1112907593485273
-0.7708516016641762
1.1430589550088692
-0.00791500397653433
-1.2966725741672074
-3.5442753495216412
-3.541569713906053
-3.8785264701266966
-3.547360661310191
-4.15173620128626
-2.2862923008587575
-2.4581724473260214
-3.3659005526280437
-2.820517094148197
-3.3111055984260975
-3.564878558262998
-3.129097910708994
-2.9825006864577714
-3.453261295100713
-2.351639083843474
-0.2600299423989252
0.83446446376642
3.4607060491048944
3.0129118209408174
2.478602261087472
1.7632010623417012
0.8441504584862768
3.0807049301053056
2.2270790275711447
1.1501821502049596
0.6698046364090231
0.0063726011589245735
1.125092982907398
2.081745015794807
2.315180591675058
2.393460106889532
1.3379526404270579
2.7689135008961423
2.7471607440895154
2.134349898272875
2.471119844405853
1.5678161037764196
2.9539111255696295
2.8972752724484607
2.9531640755135196
1.4104981049003842
2.8189990771050235
-0.2475187987246077
-1.5542757681360546
-3.2004851114128234
-2.398401739479827
-3.1693707713178902
-3.2804293675482983
-3.2183328774119104
-3.76236369531338
-3.600161166803411
-3.912508635228594
-2.958853109615183
-2.839011374497656
-3.2382050926412527
-3.131011988601535
-2.330842967235374
-2.2998459628557635
-2.5728749699195155
-3.288802617319081
-3.4292591030132527
-2.8212554316666014
-3.512960769838675
-3.521305785225044
-4.401333323741459
-2.6960267364283816
-1.6850739160336152
-3.168263709591728
-1.6306945340178192
-0.9613118416594448
-0.006088125020754953
0.9042688841804991
-0.5706477662295959
-0.3063893895459445
-0.1110991519782101
-0.36482184384211924
2.003581097000233
1.007702540120055
1.7808116944386931
1.268891892529485
2.6450211383416837
2.073713755864591
1.609698835671701
1.8428769212281695
2.575379670258573
1.2815145743194585
1.5888477347606487
1.800967696875599
1.2998438894113258
2.6863707708438693
3.8654078367596054
1.615071868937756
1.4792510923999171
2.4306675497016865
0.4662803607942214
2.3509341482358597
2.444535342711712
3.996101904679513
3.36281225345053
2.5685666985358058
0.8018445420878235
0.9104902787338334
0.8204832126057399
0.11036913230048528
-1.2735358729222421
-2.4279431774106053
-3.810724632901622
-3.7434388283408095
-4.186360453332221
-2.3654255858318636
-1.4183256925208858
0.40892140342143635
-0.17466649499016917
0.15754060639665154
-0.36960108272029135
0.631803227458698
1.0927054976182458
2.2538528206559216
2.9803676472787317
2.067966194535626
2.950231454126465
2.911583246496356
0.9280669787224778
1.0137486199682046
1.1454106294335102
1.484453950950365
2.641486773072409
2.978698318703894
3.910390430755847
3.367591287469903
1.4734469663805982
1.2523523101890925
2.5656687044698843
3.244167292440434
3.278135561798001
3.980993579152295
4.432622869605933
3.7594804960740458
3.2145908904207428
2.130414396784168
1.7093688586063278
0.9132640493272195
-0.06334026092902434
0.1539294264089921
1.7502668493432312
2.341222930028602
3.79265638152041
3.4799438731379437
2.605116829705703
0.36092023337291446
0.2680101174705134
2.7748985644189434
1.085968593209243
-0.17849261016090812
-1.384412181488385
-0.7679408899315026
-0.9572308717269473
-1.139537565550301
-0.8013512881645902
-1.4332434948541557
-3.435228599180795
-2.2468421251702204
-3.084554869577828
-2.2888795728392006
-0.540639447235296
-0.18724970624943105
-0.2285802980277063
-0.7682166851851666
-0.36262153189225027
0.5872614844601414
-0.2260754572150211
-1.2918178298163874
-2.0957216605904776
-1.6189252477523515
-1.5877522123940424
-1.6476901153059116
-1.9419167638308377
-0.6127249645356134
0.6253154049610574
-0.2965874682088552
-0.3962315260203619
0.8653037689767775
-0.7518892207930149
-0.44649986285169446
-0.7589519923005661
-1.5064465532344964
-0.31487470740821144
-0.844934459176224
-1.891076197771863
-2.4642638305400846
-2.3685834529140903
-2.0442748810352787
-2.331987466061731
-1.7650147420190074
-2.715055302109221
-4.2715371140699885
-5.382286999337653
-7.037920620723229
-5.503458337785505
-3.322135369624095
-3.116408444120684
-3.162762358209996
-3.4089202016060107
-1.3041765151032434
-0.857152084288061
-1.0728866480151384
-1.498127027501925
-1.4506888797941597
0.2266146431611784
1.1697299594633164
1.2126326320001048
0.38628209900690647
0.7147417162300511
0.314351413386768
2.0110618611126627
0.5966326741656502
-0.11598052314965168
0.13563126563360975
-0.5819217934543222
-0.9485623075607247
-1.0162825842661483
-0.33744602365108856
0.5153119659197952
1.2206445177746341
1.130567242604704
1.069744798335313
0.9218697872498824
0.24609207256834864
-0.8188109304466995
-1.4330875749125487
1.223207643846727
1.2216683019408308
-0.06023493231387156
1.1284850822924375
1.2025639374338706
0.5716021548856758
1.7612863116202067
2.2109461187788098
2.6159361394903784
2.1926165869258485
1.1963794511900607
-1.2321930591440795
-2.7346982540978537
-1.7207528706160593
-1.867251974040813
0.049277760815244376
0.6555585591976257
0.36704456669210606
-0.6722270970159192
0.011474546825089749
-1.2051175353206809
0.035035433655487
1.0304009934009208
0.4796845093661415
-0.1789810563006377
-0.9008888020830534
-0.7077665670982005
-0.5640743454906425
0.8034564958485535
-0.1223009576464631
-0.46821882493519773
-0.10193084080047793
0.5357761227925765
1.0226510926300842
-0.8665264681044991
-2.4797660762339016
-3.1546365627126933
-2.074144443462323
-3.8105548584549345
-1.72090678647818
-0.11788322140766194
-0.22689452513867342
-0.7068377660770495
-0.8832140427223187
0.6676740547229034
0.5230623581019035
0.21613282556723246
-1.2261958287542751
-0.7889100255407647
0.1432219307960294
-0.3082413607014338
-0.2943016190081625
-1.7232297273014079
-1.7606643621116327
-4.130550693730878
-5.27037331254476
-3.734036043997105
-2.253218233355984
-3.2320377997924936
-2.4010579400294483
-1.1594775177184158
-0.7514588346448374
-0.06890654545279207
-0.11509676190226205
-0.4409501424673791
-1.6192007946328526
-3.1573373593279164
-3.23232112906027
-2.181136458532468
-2.6812307176001786
-1.9031483372729316
-3.3124121293106494
-3.1711713637126477
-4.96704186464828
-5.4589589860610745
-6.207466320135956
-4.782667503181384
-3.09553925204393
-2.4433237503135796
-2.3991203675955486
-2.71649225342167
-1.2702776962819857
-2.489996792052205
-2.027371520243106
-2.7992748056295804
-2.2365216662830654
-2.8506088694067246
-2.7829557962501785
-3.599629195887738
-4.577534762472601
-3.6396555124235768
-2.832340483904783
-2.69896911250624
-4.053611509412512
-3.4783775419561263
-3.867395459484471
-2.7574778201990084
-2.046607570351974
1.1080223691993685
1.2080932743094186
0.633646347387685
0.6444091386943345
-1.2744849316860105
1.0537526249627591
0.3132187318442927
-0.7585109310767145
-2.677075301849502
-1.2220368039869005
-1.1783461899723806
-3.087982374677355
-4.454444801637861
-2.256642799086176
-1.5835744907051734
-1.4514545131108278
-1.887693409955371
-1.139179770879271
-1.921535715334245
-1.703345084329113
-3.5887731941946854
-2.8151339624286495
-1.8908196349487112
-0.9682432833179174
-1.60552109534312
-1.910784150687364
-2.0169659372493762
-1.967537118167693
-2.5197787542405607
-1.7639976661325663
-2.515206161334075
-0.7757808940680624
0.3250436013112683
-0.4462103478762378
0.28148050476212677
-0.4660806315655061
-0.28639659995397104
-2.0120265541349687
-1.978526927121025
-1.5093561425237594
