1.0
1.0225988729151694
0.8584108300070649
0.6888480419016773
0.5554792617516986
0.5709308383636583
0.5083765674853102
0.4319126926728503
0.30745745619075726
0.24041312833166711
0.26970889936570697
0.34130269669068597
0.29092080044555707
0.27141482383605586
0.27658032852061404
0.19240656495635505
0.11687172896470409
0.06080815011108831
0.051484615729857464
0.0588875114311403
0.04158013178857816
0.09533952787807337
0.13217748627523637
0.13092261731969737
0.17688993557376587
0.19683688621353038
0.2003376764639587
0.1593551902263735
0.22609334528579594
0.20079626843907414
0.193450619571491
0.26486019793622234
0.2772598105018654
0.2533012093297169
0.2177205300047541
0.1685054678212827
0.2088389236670854
0.2813828178386051
0.22188738320326123
0.15503592181028264
0.0957932200122164
0.050454643513866526
0.1233446687266894
0.08979547207644946
0.008226197953155559
0.029204517295001817
0.04371933706719969
0.06131459870600925
-0.00264651973127826
-0.03139819305012419
0.036555114194085
0.023648598560245915
0.03546639202317317
0.01419999126810358
-0.016960191142063624
-0.015271120401644335
-0.10093870139886789
-0.054786665873577195
-0.033817414620906205
0.0783849581418396
0.03573013038436985
0.014217339748769774
0.07400179963635882
0.0582373597564301
0.03135140085493812
-0.01915315278003836
-0.08012049052968921
-0.0863387395187116
0.0002686942764724837
-0.019006260786441104
0.05112453521694771
0.03683046005802958
-0.014118672765939456
0.08319964904442056
0.005354317380848031
0.012747123159293635
0.053977451749307
0.015151467353565644
0.07149286974294942
0.03840819656110635
0.12900410263220372
0.16995433653686487
0.20015103464830444
0.14638119412988787
0.0702876248254705
0.028505301691037065
-0.029917796160086406
0.06776229391291418
0.13071236677465187
0.10755390609517834
0.07514986090445205
0.12663351312886195
0.11110281804179548
0.12331461899740448
0.1325034009618848
0.1660385950849112
0.049939410893444836
0.08216439295130791
0.09099809983724363
0.14070856507850782
0.07838502994080912
0.05387397590931839
0.17529583717838465
0.21477332971681434
0.15224257821254522
0.04362226096391168
0.030911693187204492
0.056054785438757485
0.07220443086189861
0.16503114253719264
0.22579799648093554
0.0659673051244953
0.08829942194423016
0.0761718550062289
0.05857542083202086
0.10176571081955607
0.18229154313278967
0.21287939118980556
0.2945633019742264
0.2197585902868921
0.14047413807717493
0.13601699310455748
0.19034674592114142
0.20611514151708027
0.06251310317736611
-0.02132967023299706
-0.10612811677927005
-0.010469951288608392
0.0654947963039479
-0.013504051778749027
0.055716043880675775
0.10972220854418109
0.03513716936502688
-0.03085590156528313
-0.06710003124604544
-0.022700263419778387
0.04513235509077281
-0.012622626563152398
0.013126443532528051
-0.10290045761023817
-0.08447413322130458
-0.05480262276121776
-0.058197104714538726
-0.025408828462437343
-0.06825601506016551
-0.10525088908618221
-0.10594893780204727
-0.04528245545567483
-0.08658054748220627
-0.09279755352296264
-0.03360675760102515
-0.06357854384117609
-0.07198755546800012
0.02100569252350383
0.033897365499789014
0.11212936096797053
0.045387767097903285
0.00030218526781079086
0.051204065754722035
0.04993730388073094
0.030431895414200133
0.04678855416062008
0.11920563048584548
0.13099282612362517
0.1933546063352059
0.23750748882883002
0.18748908850024817
0.2020602576724207
0.19802946543757385
0.22470789036525707
0.10569866715092387
-0.01221706348389752
-0.02190492309216177
0.004390596562638974
0.048626358189066805
0.03943969451986081
0.05415865327932963
0.007820418883358132
0.047778689846792295
0.11389872855676035
0.05677236957124025
0.0064083789436961275
0.046925341308048915
0.07340961757230402
0.05058693777325046
0.13207279936827432
0.020174387150854622
0.08617071868579607
0.12114153665408928
0.1357347678235603
0.03569599656619643
0.050101929598243666
0.08103999709783279
0.09424981504448593
0.057023768878306326
0.05037331609111255
0.09752937362922046
-0.03839948185806394
0.01214657915859953
0.03591663705523465
-0.02221665069495747
-0.0861477106753162
-0.09831317380178627
-0.0945450951133969
-0.08119479911313895
-0.06726978594600187
-0.0023870929929858536
0.09061463171255707
0.08191603216797863
0.07035077437246308
0.13016251675707458
0.13450455485197932
0.19009148430107628
0.21628274181234544
0.27378349153574494
0.2720799297903181
0.1910282971591849
0.1811173650296118
0.16555937121990977
0.1144202060259585
0.12685868882014886
0.11804548102136246
0.16112109671880465
0.18336609983408275
0.22698533271534366
0.24829469998332487
0.20428453409701658
0.19423590221213702
0.21904183831352503
0.23482951143074565
0.16177830774126561
0.1190362715157801
0.14057722185233334
0.1336995051808801
0.19111542447791086
0.19283310605376788
0.18928177276604696
0.26295126571775335
0.2622862524354618
0.263709257660185
0.20192334480510116
0.09689161646108942
0.10008087951511484
0.1518391212803333
0.09576331150397381
0.03712763685052628
-0.04107458937863982
-0.02401223204642667
0.011625827089687277
-0.0756287311847807
-0.005440964175707427
