0.0
1.4708658218992932
0.15927316301965022
-0.9016974010472536
0.11133781696051225
1.5844164753508236
2.1794929623600208
3.411067413119487
4.1069399525855
4.02028300175611
2.5697787979729707
2.393592797644639
0.32461168174963917
0.8294808513101919
-0.060771025022714635
-0.7869343059519713
-1.0437802633659223
-0.9493725431308666
-1.319208603895954
-4.684535322761262
-5.172389908197481
-6.26300313480921
-7.098879404227919
-5.9915091182202405
-3.7139193096535372
-1.0633608969676298
1.4063202937712485
2.193468138224722
2.9419659329080408
3.0608534616638834
2.2697206024806724
1.9176909548090582
1.1038451363917077
-1.489194184950495
-2.8045370150318143
-2.6907313875008314
-4.085473580575026
-3.969545739061905
-2.550583104016678
-3.3908283254497924
-4.669417595540276
-4.8850451845873
-3.960105789140359
-3.784172173177847
-1.3588029501503114
-0.6426363773519153
1.5576710068314976
2.458495487526994
3.1597687409407786
4.301952507562548
2.275770119453193
1.2569143718818676
0.38366075081030415
-0.3897819787321505
-0.34122154026577467
-1.626744538265969
-2.0841545987084342
-4.701240930753649
-6.152409231764615
-5.6725607567490615
-3.800371153928248
-4.374920814986378
-2.1990503749539188
-2.1103342280494277
-2.0866054232204005
1.9340344522759343
2.7094129763543315
1.9941886190158327
4.289166603642597
3.767797798583139
4.195947664356192
3.5024604752029225
3.530567692021153
2.4635166935205772
1.772488439095019
-0.40572686744689834
-0.9900292795225285
-0.7142618144537551
-2.4641259198740135
-3.321600173520044
-3.4435008211748075
-3.4098780667304682
-0.9810003610047167
-1.4993644197836058
-1.114485261338635
0.27626907440543363
1.6476901691183672
2.6867038729557806
3.792550214081304
6.644054062056805
5.578628563289445
2.7942842344342167
2.0974091976189992
0.576960521281833
-1.2614550535766367
-2.485252938039916
-3.6755401062240787
-5.797200932742433
-5.586631685488522
-5.933663466630296
-4.87827703032426
-3.0671004804348074
-0.9183874776016636
0.006017125160011627
0.33237794256838393
2.93284940643898
2.3834871594273412
3.1966470571754484
3.0534645639785225
2.0546022938573683
2.6546065330880295
3.0826145098144493
1.8060630064639822
0.7693101989670657
0.6724663387011435
-0.6167915543735629
-1.154000943025589
-2.32012394335868
-1.4632646812335597
-2.3469268102190686
-1.6725778503069377
-2.1087594120533444
-1.5211430917368451
-0.6326882893077957
1.0960345795528679
-0.41664211292595255
0.48055925833264623
0.5434859490711065
1.6609483862092262
0.2353826092551614
-0.4476373653099883
-0.9516564775783285
-0.15389702358284496
-1.2553634649737375
-3.174411359983459
-5.73197446355827
-6.83146101611556
-7.44472365127787
-6.496175339946103
-5.608713838932969
-4.140121781772476
-5.156607336592511
-3.041724704687968
-2.3708197637072894
-1.928572221424655
-1.1069411182215583
0.08095749280679071
1.3972612854267832
1.8142141507392295
2.9970214311947183
3.0187246976631075
4.060329605367633
4.290701209604237
4.060690613998165
3.8205163090825685
2.956004659529017
-0.2232021667861448
-2.242899410535176
-1.9716179307539963
-3.5620831879414485
-2.748417345803145
-3.4760420440541653
-2.2330399033666564
-2.1435164194811405
-1.878344385337697
-0.9133019990999433
-0.5333786361227614
1.3186562567846498
0.23967933022155186
1.3191941996440648
1.7947533967774696
2.1652642242271343
3.288901591490041
2.754210031744194
1.9915007372046056
1.1582720722553859
-0.039550756038120055
-0.22672978860784687
-1.5288156707624352
-1.3851299028955375
0.28790061659973243
-0.5112883768504531
-0.3305913732385863
1.0818228113088206
1.1547360599896823
1.2204145116330083
1.9298451983242009
4.834519622049066
3.8213068765591194
4.489263528904271
3.8013413107581697
2.621770431492375
0.12382163414714031
0.3844546012049429
0.5112170548299001
-3.1569014747165416
-5.224415384409934
-5.7693323343427245
-4.26459161461986
-3.8719095804003323
-3.9537286570897763
-4.0214244701962665
-2.1549043737197255
-1.9908876010654395
0.04566363475356483
3.6268862966638236
4.688835959429078
4.724151405535835
6.626962763198782
5.191638385113784
4.902683162486093
4.762394234595206
3.8603234845441303
1.1084491923894482
-0.0777992859835687
-2.4228129414747386
-2.9960273060534575
-3.2019583724175638
-5.229111584220224
-4.908035444828319
-3.8650701687207785
-2.0893916156113645
-0.0028694879484854052
1.2621837125741355
0.9152994206240499
1.1198190794797744
1.811204869818951
2.0619998396954964
3.382818462880888
3.3330773110801535
4.767985119817482
4.274433892823117
3.831275911953623
4.3679610885018345
4.159865084080245
2.8982156673866184
2.626140661116702
1.5232491773074726
-0.23267990707107833
-0.6819138440396042
0.9379016239119256
-0.029257084196160132
0.831916200826198
1.5738028442993552
0.5134549493934784
2.835400370975898
2.6162450155816845
2.525644460303467
3.7639668934711694
4.2458109863068225
4.568163605115757
3.2686045909334607
2.2190027152570497
1.279430593283409
-0.04536268720185743
-2.2346624204730654
-2.142731667588
-1.1639580737537079
-1.7025135675625216
-1.216561825864563
1.8196149371620316
2.7312232314405893
3.0506105519283575
5.051846993494431
6.457521653224235
6.795042470487764
8.744566845095077
6.755427092097601
5.779182409369424
6.5310758268969185
4.853433249333787
4.8683648666768224
2.5528456199233274
1.405161747416635
0.8573883337985023
0.026447944204694623
-1.4678861678426909
-2.737710985845353
-3.0243409943271815
-2.709496002281707
-1.5651111066236023
-1.4760699613331336
-1.6530950478152124
0.8790753544138763
2.212758436783773
2.839000675181617
3.1318982961491764
2.4531186493165484
2.851405681380454
1.437148591325324
1.689713494472075
2.2568235641624943
0.858861243760193
-0.13427130396773063
-0.44194717991826427
-0.32363073558278954
-2.50667853727594
-2.88281664899825
-5.753670419941612
-6.4191283499056535
-7.066030080636348
-4.951538844404419
-6.2605941454807565
-5.79038462951273
-4.5500052157028295
-3.811107100799801
0.4750610837857634
-0.3982756414367403
-0.10251830951774177
-0.9555199288181212
-1.7731755197883758
-0.1178718203261031
-0.9423489350806304
-2.7924050046386437
-4.484776037312278
-4.693845934445539
-5.381161054592127
-6.024593314638629
-6.911037376995279
-6.022171386651866
-5.548101125109458
-3.220899984829268
-2.1036479337066667
-0.6197642130792843
-0.6720906843909493
-0.7336047869551883
0.8542341357277834
0.5291505379933228
1.6292214693885245
2.6828534447936123
1.8188569337215288
1.7990791913622644
0.648272357802444
-0.09072561108973314
-3.1239288531189633
-3.7487218878421396
-5.130612211807646
-4.6832258006732985
-4.824677267648242
-6.042956066706685
-6.203582889469368
-6.0982237336092044
-2.9554586390988993
-2.146675125154654
0.13359887221668876
1.5495113026280356
2.495724812900683
2.6021298061855918
2.9069785430984445
2.5400468372907747
0.9180285450964001
1.3737538087960743
1.572373596198971
1.2954512146781774
0.9763110806232294
1.4994770244790219
0.6550342902996886
-0.6561899365241108
-0.6829587013712091
-1.538739322915435
-3.1054396837726435
-2.0347518935108417
-1.4396481998660677
-0.815781814609285
0.08930117159445018
0.3917337338460083
2.0276490186627747
2.3688686210093475
2.2054349166854683
2.4872732143456537
3.5583323136082625
2.397078733582201
0.6014825979686971
0.02899008918305271
-0.6323460402138297
-2.9349383334611847
-4.261131618288984
-4.477175232043198
-5.228594762109919
-4.588324274513946
-4.40646286753399
-2.9794171091913446
-3.6667038011239135
-3.1292399213754805
-3.9835024056669424
-2.510738008561796
-1.293536482741602
-0.8001128150429104
-1.039415777819122
-1.3803382764748138
-1.3573367863876
-1.1361801965495493
-1.3105274092287527
-0.726567861626543
-1.4954639297886583
-2.502674643741508
-5.111348914430995
-6.6294047451418665
-6.175505709388214
-7.085637812652425
-8.527295312418687
-6.418718509518638
-7.4708988790091775
-6.838127592433239
-6.203627762116385
-5.370504512269952
-2.7027773161113893
-1.00064659149286
-0.4700396510305185
0.4269418283177369
0.32887280827295406
0.45284779687159205
-0.35753677046202786
-0.7689674564253561
-0.8633808311334351
-1.8943382566479914
-3.6282539690995046
-2.1030087228885304
-3.406588752257521
-2.0974475884088983
-1.4244446203608527
-1.9729387447098645
-2.793914421013618
-0.8282643684586952
0.7847250536656628
1.5840258316579556
2.0346339882074433
3.019197516479881
3.5288152771934214
2.7591587968532734
1.9644344598374106
2.412263628104697
2.375731963734467
1.6467831026655309
2.679644692953317
1.3042791421690645
-0.3139759082428809
0.10492245608449169
-0.0880228830156729
-0.650299964826477
-2.3930080090316688
-2.646964681998144
-0.8535504719303932
-0.3166930006713793
1.1111599499687275
1.2558309426991958
1.2622532096128327
1.7952427818714454
3.5174131710647223
3.170653965703343
3.152595640092664
2.6982351809047476
2.7198041294556887
1.5277999881724074
1.0921243593887953
0.5484698702675488
-1.1281470439272696
-1.6997828987989507
-2.7385258325637074
-1.995538821998633
-1.072849611011987
-0.9897455960426218
0.06007894334886854
-0.9265983983062083
-0.9035131078450276
-1.3473393352243024
-0.7975903808552736
-2.160507663217828
-0.5396012075594173
1.3321514494578626
1.6328035301360373
1.9440772296701794
-0.17240210316825788
-1.5283796097191216
-2.5189275957655672
-3.8345383815143252
-3.164891552931789
-4.056489078241933
-4.27449739367635
-6.8184855507022855
-6.943381503130774
-3.972903364899318
-3.619927197386872
-2.1476438468368917
-0.5438659957277324
-0.9013171439073184
-0.5088909259291262
0.7080967607123643
0.3029930109224709
0.8309646601917817
0.24258054784101735
1.8523440772269626
1.4701092583513804
0.57227557258943
1.0293798371682883
0.8802174104003625
-0.9803581639657647
-2.3758167751478974
-0.9228761536721348
-1.3832766505609273
-2.9725987071858784
-0.8238065213188648
0.6434302323784271
1.44490186931871
2.443441892207846
4.68729268076064
4.774754638195402
6.3517917750679995
6.9737210329179975
7.222693347752941
6.024759019439758
4.862811801344858
5.122079476938552
3.8037761570492155
3.327351387159135
2.1571178679015355
1.3968362118668647
-0.15578774229699666
-2.195872524338235
-3.45123953516885
-4.610724775590804
-4.088614810056629
-4.781091215859481
-3.7694098607494406
-3.2196317965980903
-2.8616618065363886
-0.7356342924651849
-0.42407725504871263
1.0390469287288906
-0.07105076545864719
-0.6458730625659986
-1.7620621767651778
-2.7456376454026232
-4.143290286883468
-4.221949542166847
-3.221607352532579
-2.2869798759415407
-3.1212847513345743
-2.9351444766586736
-3.56496143232086
-3.027370934557883
-3.225070105892671
-2.1689031817634716
-2.0787660364829317
-0.4807882064323288
1.1634056235564767
2.7498901517579837
2.84074355767853
1.3781995035788017
1.6029654227077015
2.0377897212305176
