0.0
0.26032170142265076
0.03130650485557601
-2.568515304308146
-3.1979394167765762
-1.9594837472599331
-1.514466434370411
-0.5695779741288064
-1.011531892275686
-0.8912830394448087
-2.3546675957483796
-3.5261468644839864
-2.860211155574475
-0.9202045836973232
-0.1618440036236648
-1.802948116615138
-1.9358931462514668
-0.6434889784627706
0.693454872096859
0.9793257258966561
0.4594144501231229
0.9924950231876702
0.05466192583302898
-0.09953948419336786
-0.3627431190850295
-1.670645272306997
0.24935716628093485
-0.6843846049695843
-0.6261736025357398
-2.1589812109966733
-1.8504423508827683
-2.39114605971162
-0.9637838838826354
-0.7112629202984563
-0.8736277473996279
-0.4796036468636971
0.2150072027510846
1.3762402047512148
2.459045513798081
2.4440339595649387
3.952348533675921
2.985339150923036
2.647932568015443
2.8261837236253022
1.8961801926264243
1.5058457393612186
-0.07628906696815241
-0.6368586641771
-1.6069668537101824
-1.0830236091138898
-0.016842187650816798
0.4127886126349985
1.1029588825880552
2.5121521942197873
1.9468744364619193
0.07466374105587059
-0.5616140295973342
1.9382715414754152
-0.05146713277084225
-1.0700384041733535
-1.1694008570674452
-1.2969472682719771
-2.5528228348999407
-4.123178419068653
-1.972082473576807
-0.8077340002119736
-2.099956170041703
-2.4198418661730043
-1.8691049284663286
1.3002211708777394
0.8956928938938642
1.7910435638875635
1.9454840924427814
1.6717780287808428
1.040091761229655
0.7801137728207772
-0.18748506616863403
-0.1961879241791992
-0.47118719429669087
0.9942598215176784
1.0389653052288466
1.7929865596832908
2.8370018352317476
2.6989196818430186
3.7509860622286464
2.813190268130329
2.022660559459209
2.3661632144281457
2.6227900999593414
1.9531224981460342
2.2825481213765393
1.270902005059357
-0.21937158511892663
0.49868190891132297
2.132352039526783
2.811368338793237
3.4440718712033096
4.3052363706995775
1.4725272497200095
2.1277368704526856
0.9469985554443437
1.4089194620553989
2.5735881610623843
0.7356607223405964
0.5718645759575842
2.048369249816467
2.782817923717586
1.8794592514799104
2.5688967359871673
2.081693720842933
0.6051765392148223
-0.04250424660243923
-0.30273373006040916
-0.7503979339326791
-0.7205336300294375
-0.8254897154122692
-0.080013225615156
-0.1296872893537791
1.1134135742141593
2.1892623452997375
2.7803612175522705
1.2265206280307854
1.0705912476051593
2.516936806652613
1.061790173121623
-0.27771815791302046
-0.2185493192558331
-0.7259325736010641
-0.44439155441761136
2.7048909539492714
1.7269176169147884
0.36138012116710017
0.5077652963624408
0.06424564267172178
-1.2006397494423608
-0.7596216702497981
-1.259251054156556
-1.7127983420248893
-3.8795452305536346
-3.9965930148495556
-3.8891728048259457
-2.8383039944873856
-0.20746807536029088
-0.5216413844722939
-0.06318522272048432
0.8843768285135861
1.6229044942266342
2.173166668987213
2.058553398894266
2.626500591675303
2.3372303710476117
2.869761999165728
2.4066680903369653
4.241710991961568
3.4335715457530953
4.485295865093971
2.9892107593622246
3.6465898857779586
3.175619220465396
2.2054029877311256
0.6514724012938815
-0.2801693497666192
-1.4346400608654057
-1.6284504148497334
-1.0797246047955158
-1.9779084815133015
-2.9799217046851716
-2.9380301578883032
-0.0373547776113079
-2.0859200117075183
-1.3210777787669445
-0.9093796592561263
-0.10878280266216889
-1.1128947393014532
-1.35137325201427
0.3987506493307107
-0.48801857310089636
0.1377545490941129
-2.575675357718716
-2.5103479872385024
-2.3349068052070185
-2.8559435799225987
-3.783153886412192
-3.3779565303621384
-2.4892835276468306
-2.5196206572753566
-2.985593486720807
-3.127340278464858
-4.3200162915636104
-4.802047547372049
-4.738475872106076
-4.395237382477031
-4.315246408501931
-3.7919867497169832
-2.4269677000887553
-2.849642724073507
-3.0122561410198196
-3.6195888341513567
-1.3558366768660763
-2.6186132538698113
-1.72335813097947
-2.7136708366858997
-2.3580410821596534
-1.995342013422587
-1.636239438316793
-2.0806560957369453
-1.6296097881333191
-0.8066296225100976
-0.30202137798536527
0.9017677159293982
-0.1827345084547669
1.3266911545961322
0.015469187596147682
-1.9750390691275947
0.2681925822818958
1.6363046817677875
1.7595801804048734
1.4529578404412617
-1.7858445967478824
-2.8639899027520066
-2.803142774399158
-3.1282110913535943
-2.4289372749055613
-1.1204676113543057
1.691675053281922
2.567398883261811
1.1660990144933383
0.6544185876227864
-1.0510438948369836
-1.5347119730961145
-2.264293863649947
-2.8992697554309745
-4.182223816653283
-3.6064801600943275
-2.3044843366865964
-2.0332870279170923
-1.30545931374093
-1.3625140833618181
-0.3853795133140314
-0.7445330020188288
-0.1849537070371161
0.20888414022199794
-0.9394316124418516
-1.6760441177841885
-1.8495137531233763
-1.244572732862244
-0.3841085323951644
-1.458703562155137
-1.1818463129458805
-1.926009538327815
-3.09090041600951
-5.4818730045135275
-6.838048701677697
-6.610886369185447
-5.875748720828657
-5.457484758654576
-3.807223654687127
-3.4293960079203347
-2.9648406545904447
-1.9857573897581104
-2.4622206928207877
-1.9582776766526986
-0.38406953602844296
-0.040677956857369524
-0.004954530769593797
1.385862699527168
2.7380312682308015
1.1506587142589648
1.268759748726083
1.0928639749018747
0.11289580931621679
-0.045529525569455026
0.4633376062078288
2.040169681376694
1.56172240753231
2.75216513693357
2.5666456480263093
0.17640553257920955
-0.35187086482044794
-0.7912819029087542
-0.36301256164624135
-0.04644881450616417
-0.3252865314831598
-0.38960755535425257
-0.05602904390907598
1.7255480736010884
0.6554500185954415
0.6705039728636442
0.5816869712456176
1.0574872693211899
1.309102126876705
0.7169835741106345
1.9509128150878476
0.8491481480046557
2.643253987472948
2.8210088684828154
3.4415516289451924
2.6827645090607533
0.8139029278935808
0.8720691304959342
0.48857475434447284
-0.8859623873406729
-1.0031021124974862
0.45016457159256684
-0.730226635130327
-3.5682389538934514
-3.0709917900962487
-2.6548316904412252
-2.9034814587058615
-2.9532869095390053
-3.387730548115014
-3.52966863109076
-2.606473627756995
-2.412966677849332
-2.3421673297459913
-1.699317795426028
-2.847160010799553
-1.703686707474057
-2.2619825899462427
-2.52327428759851
-1.2688253811689114
-2.446425928944749
-2.8696430155705412
-2.607213242426368
-1.3662976744328552
-2.977255158522529
-4.606318539265272
-5.110347380909158
-6.849364500227269
-5.732346664703075
-7.005621628802313
-6.709983669543748
-5.828078457917664
-6.458804342868634
-7.588443854363549
-7.304738234573572
-6.537610109414477
-8.44125932013701
-8.16104204679248
-7.1230503357710715
-8.080993061662944
-7.286185786027639
-5.048204510151852
-4.722707058499873
-3.786446097546256
-3.624716335117903
-4.360990119528507
-4.022066943961829
-1.465306462313039
-1.5757740605321198
-0.9403133326078351
-0.9505330411516113
-1.5167746251933143
-1.415003569465699
-2.1837147053703476
-0.9721208506936299
-0.6044619506386906
-1.9954470094312184
-1.7670581239228629
-0.9516756470869043
-1.0822014607521213
0.31690957466452985
1.4652026310282658
1.293458812715227
0.8969544935666205
0.41037957650522106
-1.7160278879543112
-0.9681517561892998
-0.6120555772979395
-0.016139987991411253
0.7287729587486009
1.0335674760833868
0.7423504731937806
1.1330322755318292
2.427277731127269
3.3732344909876675
0.33171990846543764
0.7569759617463048
-0.7019385976786963
0.008403034334453108
-0.22147561806801452
-0.28105932907051445
0.012261792085253298
0.3509518547104948
1.5421249183761496
3.2880411832124627
5.145967819387369
3.685340222168909
2.1166891489087956
-0.03242032749925072
-1.684294558917071
-2.0958549048340345
-2.3164735396604783
-0.7699009471622777
-0.5534189218020249
-0.9198871094331789
-1.5790388073915715
-1.146974827706336
0.17990183992352282
-0.8915043129566497
-0.25924970445872575
-1.4229902511844148
-1.36004341790965
-1.030118165709051
-0.32731452410800366
-0.2477883486273421
1.626540132323485
1.5771590811950142
1.986185855464793
1.646803169236009
-0.8087221591201594
-0.3675048813590391
-1.131993069822385
-0.6662588901761196
1.106192153688355
0.6985010556146128
-0.011872238246453337
0.3799845785654512
0.5311739072381126
-0.8524759191637925
-1.2286082233763203
-2.5692453818920744
-1.8391026836417854
1.162592383153377
3.7537426736277664
4.6583024212606325
4.116740466411487
3.216779207896217
1.9601980564774972
0.9103373424667733
0.38779186756149214
-2.2217978398320968
-0.0815899832292033
-0.8346993227483589
-1.6696384238317545
-0.28525269289841426
0.08139533093953094
0.4241265518189684
0.8662295475349212
2.456662358158568
2.927030498917442
2.704943748496586
1.6361104861577975
1.1668211292018604
0.812210565486905
0.42451420024925995
1.4976597259308082
0.7152697278456334
0.6439742773602541
-0.37924819777021923
-1.9218815477562443
-2.6678502553189745
-2.9348101702651905
-3.0465240848074444
-3.4053186932207433
-4.122068277293073
-4.748209218688205
-3.8952818440942227
-4.190997890118206
-5.34407408717445
-5.922482315477925
-5.596343541873189
-5.456410700177531
-4.831214102217064
-3.9754427373566235
-3.8978594049921655
-5.731684996856375
-5.497627434358286
-4.555028306007289
-4.091760509597391
-2.74290836778075
-1.8573699448420604
-2.07712950199324
-2.187789837778378
-3.2704012093317587
-0.7425476064668497
-0.9531037499231696
-0.7079221878069918
0.1843532247967068
1.6618710032144124
1.3457012601093972
0.5079822534491756
-0.04210506571785144
0.8391774339473373
0.5784715626934395
-0.48396804457238674
-0.9348786675950562
-0.4020065340682377
0.39769288550768706
0.9485052512852188
0.38794392790664134
-1.2997410444566881
-1.9178235808571726
-1.3855320585098498
-3.3055938432423604
-2.687685507693474
-2.1028227016502563
-2.107895957331335
-2.5801711398019878
-2.682405417048935
-3.8045165071883593
-3.297181877015154
-2.2061425500446443
-1.2857000339529372
0.918093377003131
0.890638828742302
0.5646632850439803
0.7518352847576522
1.7305829797405476
1.8402076625735937
1.5361241677416073
-0.4237869551570481
-0.7002103514547241
-1.651011486490083
-0.5959244454927386
-2.2442590906264575
-0.22272691702158864
-0.24368976052875724
-0.2794367606247432
0.39850499759862107
0.3103655913836464
-0.15244008845097545
0.8746386194464758
0.3209907936187906
0.2434198874418063
0.88445781804387
0.16897333558682492
0.5940568617519715
0.5223680475366602
1.5692740413962456
1.084883401175202
0.6185704464413186
-0.08992329806235444
-0.2767037837055863
-0.24786897910929312
2.5717003344951377
2.3010314449635447
1.4206313029416542
0.670800261870329
2.4564289821782466
2.1689356361485754
2.13924834471803
1.164316132515302
0.7382337219970394
0.7740059294528034
0.9536785500815288
-1.1785409247370682
-1.3314199813039758
-0.012096658829177986
-0.4936106502967619
0.5599385134885873
0.18979985185196202
-1.8716219421661289
-0.5301611544296312
-1.206781810060817
-1.5705881700370168
-3.1578109295457772
-1.7717698325613451
-1.274574245557949
-2.351668866516681
-2.652333017175626
-1.994958621123582
-1.9189059771843562
-0.28743514517143676
-0.967040958459442
-0.2119486515730522
0.6158659119418148
1.166514841687384
2.0832508851976623
2.552323779750931
3.533758437375101
2.905590030840096
2.665324393909051
2.24308099963754
0.09184338328743546
-0.7831765726125983
0.1091476337906494
1.3544296950982622
1.313142240375672
0.6511285661733375
-0.008625485828768542
0.7565220090608723
-0.17375439736534992
0.2712063955906059
0.4273718404105856
0.6056545444807311
0.7361003861721425
-1.4068953741707406
-0.783354269082813
-1.8368951585163433
-1.0017684612313906
-1.223190249702749
-2.510055492317269
-0.6079959915484057
-1.7684779072836325
-2.231001438764333
-2.9365366627664313
-3.121083248784414
-2.5967698042128022
-1.6826544837769686
-3.010761141278311
-1.5257132109726754
-1.9390662844424371
-1.6224765636780485
-2.718213337161676
-3.1079741655915547
-4.593758415383014
-3.4685271692307236
-2.1737794627714844
-3.263032382371297
-4.079031527264752
-3.5481058849014557
-1.432388327845534
-0.7544626427111646
-2.217385093821141
-2.2806502612136215
-1.5177535242119387
-2.3822380856978547
-4.139912345277564
-2.625018996751981
-2.386920408043955
-1.9428401338700607
-1.883236927720799
-0.4934521613772198
-1.5111257945646368
-1.8909209913461007
-3.0996411495126277
-2.7013292553392803
-2.8929186350820557
-1.8223978931614546
-0.7117286688944794
-0.9698717853062895
-2.4488091351602224
-0.8027866383501154
0.378299022072218
-1.1467726876963686
0.8880914456717988
2.3899242775845684
0.534052930878542
1.2351558844795005
-0.20083866463449418
1.1262470053017886
0.8226007362791119
1.2066488634576384
0.39267533702124513
1.2031917154283773
1.629481906080131
2.096645799507895
1.316237132622557
2.419972776848251
2.016569346083043
3.188991468955272
1.337058654977048
1.672148954119455
1.1757385061308763
1.9014701076223517
1.9378819797034268
1.504706418452458
1.3107904557696506
0.9903108596762902
2.6012127044213647
2.4402050528789223
0.4178642352075894
-0.3535162197424928
-0.02053004992985874
0.5833568682940676
1.8017140792848354
0.318086205433445
-0.6887644693686421
-0.41826584228721686
0.038141346010705846
-1.3208686836647494
0.2521902663518394
-1.0388557820325564
-0.909262697105375
-1.1373289577625871
-0.5543040830201992
-2.3145963946855845
-2.705075543188618
-2.765038264652495
-4.06378540773249
-4.557252313206259
-3.8572944317754403
-5.534124786978222
-4.182159734548049
-2.3315878064042623
-2.2251293831990657
-1.8303403947298913
-1.0624510595376084
0.18687591891706068
1.2699786919318856
2.8750291954656078
3.339892527474098
4.094801496832299
3.3510039408284658
3.703793492518569
5.2140276632696105
5.2674031403715045
6.0034981912129615
6.3442239512981615
6.154205044572477
7.242964707121555
6.969724977081452
5.43696035621813
5.132381042123713
4.988060182153912
4.559480782011087
4.596684754120191
3.21852457842789
4.01116236872246
3.4250877052197253
2.2194760535512796
1.4826209068214409
0.947149380198355
-0.20511237297944307
0.03342044513779566
0.11808322502951409
-1.1491350294018225
-0.7736149432151118
-0.7912553100691485
-0.3820264364777454
-0.5244468609696059
-0.973724474910407
-1.761273487501856
-1.4382639149227494
-1.1928708197499984
-0.9772658585062454
0.023586667399140726
0.39665761954145284
0.11595669505268108
1.997055908167868
1.3945234971652725
1.961964363493938
0.9742286220814618
2.1068427522746265
2.364254628162762
3.2935175933220373
3.1053213848741987
2.388817238192309
3.212135204701599
4.531508986600597
3.441371045675386
2.121636724201952
3.539013288914994
2.466630599791618
2.5566091626959078
2.250604717752202
3.4136668363623714
3.7419738390693453
1.4758406495251504
1.5580002263870465
1.5596928676304485
1.223095609784499
0.871005824855335
1.357048122134721
1.7068877134301497
1.3007677196321001
-0.6058889130911949
-0.03361969401864706
-0.9215265563530559
-1.3620491560397774
-2.7581977479575746
-3.450367623356089
-1.9147772368719007
-2.829189450194394
-2.108200611054711
-1.9480955686010144
-2.1756518479255607
-2.157930067028626
-2.34633242323308
-3.7764689745419435
-3.1412536218198626
-1.5432247141497633
-2.29094399122671
-1.8328726433055724
-1.8402645997705886
-0.4040883712160901
-0.44738749520557264
-0.9743082692207498
0.18523850447084755
0.45796978843321134
0.9273474470067993
-0.6387600090352278
-0.23130055375157
0.4154972410687136
-1.385843332111014
0.5784930473840197
-0.3992111052211762
-2.1385647948335684
-2.003691349037197
-1.5510746510280253
-0.8954317404621946
-1.8904225762752587
-2.6024496133024266
-4.415882246209496
-3.6620703031447657
-3.3092614721435947
-2.830461121143224
-2.4685864140065665
-1.4826746288186583
1.313599877785503
0.7760064942908496
-0.5473459234631027
0.5116047044732754
1.193564216992658
3.1513780212812423
4.196156353743185
4.937544369832619
6.052839510549812
6.18081061593445
6.834073821476786
4.66890405392555
4.770484845355896
4.563442861997784
3.4273848950492773
3.0467511266353755
3.7815787624495636
1.3805755357970964
1.2057115666037246
-0.5967770297036634
-1.8135177128591804
-2.060088745792137
-3.478437144249414
-2.7277762299272434
-3.1182135104669366
-2.5956123898762327
-1.3180201067533188
-2.685527240860327
-2.7657388494671733
-2.218562485948112
-3.7852889397117324
-2.0278606740059253
-1.1608329866084106
-1.07024440240033
-0.6983269282066125
-2.725954239282802
-3.4087392951849784
-1.3776636799703001
-1.9577805077087387
-1.8396708710204757
0.8875676592398452
1.5011523349866494
1.0521807278917943
0.8121781017502276
1.4018125109236412
1.588395050540811
1.1254875906008874
1.508084807383205
1.9843977068422447
1.2451321937877469
1.7039589389421148
1.814614851783321
2.7969098084406996
0.6113258924708322
0.021479591667771025
0.2384818524184798
0.4528022696694506
-1.0596874328340307
-0.5563168756653933
-0.28956574891775655
0.5555128583712732
3.2249713740261656
1.9012972052186774
3.0033294046604246
3.225420863743643
2.338123690042459
0.5682323866390495
-0.2949010942350675
0.04791608566020322
0.018466378559335014
0.22322789790630554
2.4162583446931234
0.911933463642306
1.7650203728724778
1.3431590200425427
1.4037018881483583
2.2548077024931295
1.5025031814960892
0.02469354223519482
0.7806934433508587
0.649846475533812
-0.3907489569819179
0.4010333078163161
1.5432368405720833
3.2242372968085413
1.9385232748678365
2.2152342252512742
1.383948046620285
0.1490233752671195
0.06600957302986188
-0.2463196489892797
0.1307965521112597
0.09056687822517503
-1.199886399748269
-1.1531733075269286
-1.169593974065577
-2.379773668476722
-2.0919185351166303
-4.347931445951741
-4.091347090811262
-2.7109833599721385
-2.529849325245526
-2.15331106267848
-0.30371386475827555
-0.8005173569701373
-2.040273408264887
-0.8685667868763347
-2.127589576196218
-2.8536037348184564
-3.0090797802069313
-4.238989104088122
-4.352769851406884
-3.7813103234652186
-2.2509707492163296
-1.8351427122821535
-0.9723205689593033
1.8423412779528667
1.9438213679368357
1.3190243147656764
0.48345039702336967
-0.3301576209233421
-0.1239670266111775
-2.3386174108904596
-2.9787834423549917
-2.5677293401096235
-4.681259214011538
-5.960993612664929
-4.409948974617323
-3.4795535438488785
-3.2274178368822364
-3.9909341158181215
-2.9885268643429734
-1.4064558955793838
-1.220638856657412
-1.0974499666133009
-0.6309253728793763
-1.5140411352799958
-3.3715744974148265
-4.398525274939389
-4.5266402171190485
-2.029721957834521
-1.9035561012464848
-3.9442528643452683
-2.264379776768705
-2.1211849654497867
-2.987792641546691
-3.136103864449768
-2.7854003713652986
-2.46433359902768
-1.150150363667998
-0.9827575182214577
-1.0732040429022847
-1.2999722062850054
-2.252508092872859
-2.0209583286822412
-2.307140302311757
-4.010510617187888
-4.314544490519785
-4.777574745205001
-4.899403549331194
-4.253270014708069
-4.697888616974076
-4.855957717909638
-3.3479097300961724
-4.105483581927452
-2.8588749292784756
-2.7569908049460237
-2.7882191560901655
-3.3822138537174844
-4.01993854518688
-3.239760931331145
-3.3369039739195383
-3.19510258271287
-3.8937396356277008
-4.5593998524436135
-2.7114815241733474
-1.8214806937527894
-2.442715023669927
-3.835468689063018
-4.174006740937956
-4.478368158853768
-4.603678895351094
-4.037352846548096
-3.786087836165591
-2.7796279844349003
-1.809691073707096
-0.4871393250772089
-0.1027057877136563
0.7174235228708281
0.5090519638023964
0.9214346539786662
-0.8584182883461982
0.16296107150987182
1.4629888448232138
2.105346787443816
1.3415566991938865
2.5687938784913973
0.01922953037230357
0.9615494168087643
2.479767424654125
3.6636724397670215
