0.0
-0.9084814327806611
-1.3571670022281341
-1.641493480463494
0.524178225810368
0.03464036286225608
0.4861891557807419
-0.4225136513198099
-0.5071137379805225
-1.0778691503697009
-1.8656929020139446
-1.8501019933581713
-2.074541752136095
-0.9946390427905649
-0.346098994099559
0.5223590878825173
1.279005534882633
1.3432666732890102
2.8735124974682646
3.999000717812127
5.147772005373841
5.67411070127731
7.402556725308328
6.12020888535125
6.467064186638225
6.867876631286803
5.152663935670766
3.8721358468581686
4.024727779454335
4.607854568454184
4.485378946096212
4.758695807832854
4.405357162259393
3.829267386607175
2.7801746470963056
1.2266213904237324
1.6258738464183078
0.4686725460768779
-0.5273722293586127
-0.6912324709578961
0.3580726656800658
0.2189100278852658
0.38713963030787624
-1.2745414329454565
-1.762289329202745
-1.631103887063681
-0.899080297164726
-0.5184993121138933
-0.6840957599848853
-0.8001244626295122
-0.1311681097661156
-1.968275047838231
-0.5384828032670195
-0.6792998826945593
-1.8542078697537958
-1.5680526662553829
-1.5193698393362394
-0.35067990392489645
-0.38649133775227285
-0.5243061985802718
-1.294864784768977
-0.4490097728905401
-0.5600873666988209
-0.5730369059695835
-0.9612318778728428
0.23420615395663813
0.30276821420178124
-0.5474810221309137
-1.1045689308810385
-3.192185526326929
-2.3508114038293053
-1.7909577393831633
-0.6284512088096312
-0.3891147448668693
-0.30981087592164824
0.91309688762151
-0.5052635133344692
0.9077387763887441
-0.5486770311405457
-0.768999064854982
-1.2030762896997615
-2.220364662658877
-1.2551534468071472
-1.6866602053930175
-0.48173752281792637
1.0733532111782367
1.0150362622864093
0.5729481202512281
1.6900673307385974
0.8658358162046359
1.2862625635998277
2.0953866331855853
1.5183079409517375
2.3721874054528214
0.629787301675476
0.5069674853028449
1.285032656837873
0.1339037302691406
0.09825495190844064
-1.1322887114898812
-0.985717834486716
-0.5051559551972207
-1.9523545982124062
-2.5147925393759127
-1.9288634861772616
-1.5506984628168685
-0.9946769503633466
-0.7382955407966474
-2.164834832111408
-1.0521801317936779
-1.0419746454693222
-1.8308000241390276
-1.533810904159156
-0.663572947104953
-0.26436766313452525
0.05195650868145621
1.7396352091693756
2.2090849491867224
1.9235765709831285
3.0430487037712513
2.7078744738867284
2.7824303033486926
1.8099564099846648
2.1127706452004835
1.8382307882544573
2.1648380468919903
1.042373644818144
1.705612620866557
0.2919430687521032
0.7013623012985876
0.3633589062724778
1.154863956714503
1.0003204919984756
1.5201771116109257
0.1593246102492647
-0.5971866286332752
-2.2976638103697242
-0.8970117836891593
-0.04270355716611207
-0.9404382717591063
-0.807252540123711
-0.6187261459714309
1.2729288601998425
0.1597935551665205
-0.7248068103669196
-1.3331357591601158
-2.224165265209296
-3.0597633128943915
-2.089198897311993
-2.3624392654862465
-1.9798434984352584
-0.708041432171858
-1.07718333609522
-1.2588207509836387
0.3224614511780275
0.5042032051122861
-1.6081497225251704
-1.6785709618528193
-0.7362400171936965
-1.3729470420157446
-1.7805810723665836
-2.0211086833927814
-2.6263939315613687
-1.581804843598338
-0.5360191419557994
0.2057223324184817
1.2068969792467614
1.753864515999035
2.417956424491181
1.1433765066902204
0.7998934538401906
-1.8580987449584976
-2.1281706666326214
-1.9028765924497912
0.492060108665628
0.09871666832550913
1.0657951606518494
0.7981166054441836
0.8083608712888649
0.7321301093355438
1.0452325784600371
-0.6067381676357458
-1.0866496795580725
0.3381765581309151
0.34449110144639833
1.5692266249004243
2.8773879004624585
1.7988442445939947
0.9908441894491347
2.4017064733715943
2.23943546173046
1.711780646604454
2.2305256783495406
-0.874818349821556
-1.100335172538833
-0.4404693066512978
0.15597874921824711
-0.3857423984973335
0.2376128507491892
-0.7946353701541158
-0.6077823136399846
0.5008746828370336
-0.6134630004285478
0.10652441302409454
-0.7119609805311211
-1.4821303229520255
-0.3354028941559808
-1.2328965632571665
-1.2626423828323907
0.3019238684806871
-0.684632992200392
-0.4018114813020107
-0.2028588671776779
-0.10771698363168096
-1.2194970599654804
-0.03577600562702843
2.8639945466291836
0.8884108975698204
1.556189319868662
1.9235304910489703
2.6371025566013526
1.3977762398133937
1.3049344991247869
2.17044220994364
1.5483167763963017
3.191712063931957
3.3191098206900014
3.3545564862113846
3.409422662368104
4.53100277604941
4.570995126534115
4.087157260852477
1.8829346207027187
2.3912637402103716
2.06728486704406
2.771466780982649
2.9173971145153716
3.9922736862301695
2.7954178175186466
2.0036901079297365
0.9845554490904844
0.3607602731876003
-0.9808537956066244
-1.8750150218080517
-0.3030799914427649
-0.459734389950764
1.9098377004385383
-0.19595800341709224
0.3791905061549199
-1.7798955194206982
-0.9593508105542256
0.7773009680552645
1.2732738001897315
2.8734156259171453
2.8094282534186075
1.454154945220249
0.4069383633522754
-0.5184441287965906
0.22019664215241752
-1.0251553458951201
-0.28494216352445634
-0.6114733577689335
-0.9940403057440291
-0.7376979367953926
0.1409306589440712
0.75586052567526
1.4457350757139356
1.7715324958250909
1.4247457963338934
1.1585549802937034
0.44659275495254414
1.149195720146821
2.0991322135634918
1.1051794356203577
2.438662093323188
0.9890913203597462
1.3280070562786719
1.7554768308433673
1.4462605337678367
1.0504572970074249
-1.5372701170484362
-1.3106642049330834
-1.4245135831176794
-1.233166140062523
-2.421538514722365
-3.1919601213805353
-2.9668572461504357
-1.8236502224499844
-0.38579050110567503
-0.4605366475445431
1.2004642049090202
0.7569907862113494
1.0077421961383863
0.917353849094456
0.9634827027826511
0.9177699178672765
-0.4426244573163255
-0.029567065184396557
1.1839856993348439
2.1417827830161453
2.1932249370453936
2.939091150863837
1.0553197307863558
-0.537370698000883
1.0086541276020071
-0.7764326721407723
-0.7574006734199324
-0.8780679800795816
-0.43826853779281866
-0.18250880757987942
-2.568373971323373
-3.3456145517887226
-2.6062863590340224
-3.5895247250019464
-2.7267956348773703
-2.6794163227749976
-2.18182977726067
-1.411395823653528
-1.5588510108814706
-3.0546189892135343
-3.1665399387634134
-3.9603142647371437
-3.532003602445937
-4.016141847064863
-3.3838107483710056
-2.0201635221517993
-2.2020886449876786
-1.006190097202866
-1.8154580134956375
-0.04113065259108528
-0.8579263486479478
-2.6794893785785585
-2.242017814726829
-3.7761955977948727
-3.800428433277067
-3.357555517274538
-3.9020742347955255
-4.901458520310407
-2.4894848205410827
-1.3013753112628594
-0.5371346169925743
-1.512929144772871
-0.28778829022444086
-0.31842336954398026
-0.7051476741665147
-1.6936955989115305
-2.09631227582952
-1.3562764407287453
-1.290771301173702
-1.8220332188220767
-0.9632762163710556
-1.726569396358197
-0.16316746972456864
-0.1392744381643896
0.9982414783223573
0.5296256695541843
-0.17141537557046627
-0.9521067191053885
-1.7445873286857112
-3.989062507646327
-5.431853255005912
-4.4460819507058105
-4.834984602781627
-3.2622687520249696
-2.8135327844368083
-2.006370685499266
-2.0112929374824553
-3.0405227186915957
-2.3780813205403213
-1.805472375190353
-3.395481668869878
-2.426023902490653
-2.371522552768415
-2.6231458175962676
-2.4930903099501185
-3.7287094136489047
-2.98758627952261
-1.6344427709237495
-1.9505429676757893
-1.5013404897327223
-2.738131830696309
-4.138392439267172
-5.377329192377913
-4.298075466556904
-5.793063200254803
-6.341464762261445
-6.5202047912955035
-5.251894266844552
-5.102588345374621
-4.177743532333744
-2.8385158835529163
-1.6893313005662294
-1.457094537142127
-2.886978330880498
-2.577374564996648
-2.8066019821522294
-2.4742704866304854
-3.086085984142152
-2.7822116184306083
-2.5243776498920636
-1.2136308170892958
-3.1587288877478583
-2.6310239397275836
-2.400416678790212
-2.270413652766983
-3.355084858823071
-4.176903725646986
-4.843034812213901
-4.193376170923041
-3.7273002768705585
-3.2303713148867397
-2.606667050777236
-2.4158579399182174
-2.769972097782938
-3.197214921771672
-1.9690235995416037
-1.0692359335001385
-1.5018511092770601
-1.1958926749735905
-1.288855669933418
-1.315547463477521
-0.8155188803437493
0.4661730920823549
1.572315360623607
1.8655356595568497
2.063403820043402
2.3373059440392363
0.5301030258662656
1.0205378451784504
1.6193205225563143
2.500749453962271
0.14949449840032836
-1.0928205976127148
-1.4754365464731283
-0.28364981748676654
-0.7254080759159078
-0.24668746773215117
-1.7381097135802266
-0.5165243115081894
-0.537333547145574
0.20622051259018437
-1.508086036662328
-0.728847893139517
-1.0946122983091322
0.434116791788107
1.0304898230649622
0.26547500728970685
-0.8724853459112994
-0.18172175840953053
0.45568507124506763
1.6458689033141969
1.9375200267187265
2.8627888157204167
1.5058142492038047
0.17629934666026248
0.3229925320739877
-1.7136700162237375
-0.0971404529447153
1.6682527924560375
0.3022241231209899
1.0205513485464697
1.7109340671489894
1.6828794636709197
0.09488104534847963
-0.05370740579453691
1.656637816769538
1.2862783876706665
0.001203639264947709
1.6364158639626558
1.472551931178601
2.5490283996494667
2.013912786417478
0.8521538920957292
2.1058986612067727
0.8531491193437215
0.9673982103842919
1.8910642259085566
2.062979071575503
3.6689683213003885
3.1974039584001557
2.6880853516312437
1.030336569552019
1.508532067393998
0.46077633184141065
2.1547260383130205
2.735450345666718
0.534842336272727
-1.2271284452767879
-0.7908908552567946
-1.1559994514296246
-1.1513106414573526
-0.5644379580726406
-0.04805565351763108
0.2589169423201469
0.0897380761687061
1.1026135417832523
-0.12714131678929597
0.37878724855609625
0.42366047958766995
0.1309704104486808
-0.07652314743462008
0.14607212105861062
0.7680553458887526
3.039321745389466
2.3475175711140817
3.6415651043554713
5.097180642980989
5.091657480954252
4.65039596361507
4.238352267440891
3.4301844338410308
2.4658691003236743
1.4844642754655266
1.0714474148069757
0.7561275899670498
0.9131186298872789
1.111347837780277
0.9497961020918897
1.3033585136739123
0.9743088528098708
0.9004353529880883
1.8057417417808357
2.4762966960281045
2.545875165695749
3.091011671543934
1.695539676028043
0.8131828956788195
1.6082924701204844
1.5669864101257964
2.5307203607297826
1.827226234608288
0.7649769951055023
-1.3030789144455728
-0.44049325315758814
-1.9859232425040496
-1.4609983674400184
-1.276962117494816
-3.8882250368664204
-2.7568081917349536
-2.8991986035387227
-3.4250036391589167
-2.27517490917444
-2.2380276597024484
-2.330376887768108
-0.223666592047169
1.2921629652221884
-0.08192090704746935
-0.16325228276228543
-0.763323366595395
-1.9102227890768675
-1.761662612539428
-2.285127908937096
-2.1871508284910552
-3.2986987339970693
-1.8235440871326207
0.2808287659486972
1.2426560820580477
0.48441720734452287
0.05641970624246884
0.8018761855980007
1.9112013141465696
0.7607118082648143
-0.31573520919130327
-1.5279538275517197
-0.5991174130671423
0.00021295870970938768
1.1909348276768295
1.2522979486249453
0.4064516494955607
-0.9684471067404044
-0.9108284676969252
0.8098590585612583
0.7970147417015716
2.4159532113668996
2.1642393005834526
2.485758384626985
0.8104680051883872
0.9773420749831602
0.5407020465306921
1.315133838654332
-1.0408552657704577
-1.4189005256631897
-0.6405287392750999
-0.8698115628569937
-0.21489632872828157
-0.2317733518165454
-0.21416114088618995
-1.4081364187297023
-0.6599962135901275
-0.3337966468414998
-2.1142736743970745
-1.6279190231008138
-1.9889257667250555
-1.396743978221763
-0.16303215348641364
0.45422839090299805
0.21219898546830968
-1.3206047568598718
1.1704920630874578
0.6886731126665963
0.16549332888745943
-1.815279575009924
-2.145296864135116
-1.6158352086147538
-2.0569638169506423
-2.9307585638790443
-4.456239513695152
-3.4437095722802056
-2.693645671217933
-3.6893258266374245
-4.140287494136705
-3.2717142296406374
-3.019690188539874
-2.955536805746159
-2.1381135487041325
-0.9945187155838606
-2.369084118534851
-3.176447815859909
-2.129356962851432
-2.7450249557253548
-3.1945887157198296
-2.699947558666251
-3.2583627447820254
-3.2094934829596853
-1.3383757918298504
-2.4485134576532808
-2.4785953568271437
-1.2574857002522557
-1.6452375602906657
-3.0335571695460484
-2.178754629809932
-2.943895910649108
-2.235459067946121
-1.0503287130962804
-0.40036836475476767
-0.17344099860745407
-0.8335929179804731
-1.8062167799454003
-2.240191695711014
-0.9754742512628849
-0.3528346250321629
0.34846981310077096
-0.9000476423356545
0.16856694363306823
-1.5526736540390047
-0.5573241564024266
0.30589520917135604
0.9197525048744931
0.07892613145352911
0.4309545448844211
0.6311266623787383
0.5828023637786939
0.5651323514547807
0.7286053611818665
-0.6551889221720851
-0.9156713636180951
0.18541040043900692
1.9473838810803685
2.060513236417143
3.1573488396360943
3.146112620011054
3.0173060426738667
3.0417503939923463
4.501073241886873
3.136763499576566
3.7447366344448634
2.029443989199007
1.4962709671844001
1.1340163314582765
0.747455155160436
2.6851488084454225
0.8390140965941189
1.6216584908229388
1.1005805361814511
2.4269119803153907
1.5338465478340928
1.6635971711622095
2.3276957088920813
0.9972151655007935
1.9107016449545473
2.3779655434871794
4.482107942085461
4.635308903335094
4.104613231820864
3.347033672778084
2.9630791648272865
3.692164548691486
4.2637759188095545
4.797656907206277
3.2899852824576508
2.2056178173174272
1.8756310693151523
2.592752148588901
0.7694455618075442
-1.290887062304482
-0.4820273475465706
0.19453262645935987
-0.8172528469212582
-1.194511342571366
-0.32539818891943306
0.3619096941135902
1.0086987402325798
2.017528258105327
2.0019737671434332
1.173064343935132
0.5890256876528861
-0.022690390474461974
-0.5026958903643214
-1.9720207992496923
-2.499933846306024
-2.853928342944837
-2.647135346133154
-2.715164027784456
-2.413109340468877
-1.2713470670086369
-0.029532876876621872
-0.40794693365395224
2.0638262306782695
0.42615959908183365
2.029962227684555
2.199942040894319
3.872243280765665
2.9047781185500057
3.8482186119571966
4.166780329066085
6.470895455856102
5.218353763358898
3.7084933840601675
3.2510726571892468
2.2137401705035007
1.750742671803534
0.8874015654760589
2.549767550176674
2.6452338881513717
1.455489277721024
2.865758297136329
2.3859434480785175
2.1319003917118367
2.1216058391139114
3.643822892018314
2.6101849359896367
2.312008939486233
3.3186715541457756
3.864708040717286
4.268796849910437
3.7735759920627396
4.363867029711254
3.983037324889982
1.9035040567502426
1.7044764171514377
2.2926599337562936
2.5690352230933735
3.787086987104926
4.563984758439085
5.828546403978871
6.295210671355549
5.578793538327236
3.8692928773215733
4.4564661345199585
4.697943208332973
4.077039201630392
3.6386130179203664
4.031691137425587
3.191287005741099
2.868430946927771
2.0652601242120623
1.3665926606668568
0.32372482782118084
0.5386531399677612
-0.04856355029903692
0.294962252193385
1.0688122608307165
-0.9869136344860561
-1.2468536694208532
-2.7347926325829697
-2.402459586095762
-1.3181024700784416
-0.8951873553874512
-0.3591607916388099
-1.711607260925352
-0.8734538609893299
0.581515879978928
0.649163197451783
0.7356110162370495
1.6002369541476247
3.316250505786426
3.8133022377217634
4.518574715758158
3.972259724358931
4.446553184272829
4.1035335035311205
3.387133710954432
3.293864860920147
2.726063712413187
1.3269965888278532
1.9611502254410826
0.8090980953916779
1.643545196604218
1.7599596349438529
0.21004460464606667
-1.7587314093495179
-0.9681535115131031
-1.3117146123036112
-0.2986687567382196
-1.2454083119908377
-2.117590533929569
-1.8473159994627082
-1.3485941199411853
-1.6796941493366688
0.27924306512007835
-0.9199089080609562
0.007188859501920719
2.3150471115880813
2.3556346530944334
3.8420055382946434
2.41732592976721
2.8659135008496395
2.640726228483549
2.6171106333809657
1.5404655372967007
2.1225056167413645
2.517035138518227
3.675535039866433
3.3975232858759714
3.002371905515298
-0.44430220560450584
-0.9671765589812688
1.2226421709432174
2.2375982420783185
3.2438435879210274
3.235961621772929
4.323469514570556
3.7278969654632497
3.6927671683823284
1.1756024091764399
1.8563955301539932
-0.050065441669848276
-1.2182192250188268
-1.005327483181592
0.4350934675904744
2.351314632817148
2.061657095302026
1.858066895329918
2.861484579005889
1.5232525394565941
1.391915781176288
-0.0025399593648620655
-0.8382477309282422
-0.43491565849434577
-0.7512417145730406
-3.2428389267542634
-2.657943213187984
-3.3720255476754977
-2.417970125949358
-3.2356930910108295
-2.0143920260259978
-2.02045880255437
-1.0961062775655146
-1.5638573489340737
-0.7927391350889303
0.7413015369410091
-0.40678050165235646
-2.1260758116868437
-1.1396261562882974
-1.8191305645581697
-1.8177451505004898
-2.848082036044341
-4.069117747093304
-3.2211530250175504
-4.231951073360527
-1.8490049805479782
-2.325271991152017
-1.1013853527970507
-1.0554488934892419
-1.77442707470016
-1.126880694088631
-1.929265655506598
-2.1217167639855585
-3.2558759794393524
-2.0383932022919584
-0.8774272424904391
-1.4518071781279995
-0.45421355070587033
-0.46193675657042804
-1.0718195026830923
-0.03801754905695931
-0.0891486659561392
1.1073041262067371
2.006993987597324
0.8742036360414714
0.5114777567877641
0.012079925254047441
0.16683319430910193
-1.058590205574721
-1.8209184522631388
-2.86071982126556
-1.4695868985089184
-1.4483307762710709
-0.8117533157792342
-1.3460333854188398
-1.1210000674726746
-2.135218483825951
-1.632559016884237
-1.23426999020844
-0.3504869538156872
0.8519874757346523
0.9973871307803357
1.1259013642021212
1.3318613738346023
2.0729655521402512
1.8881225415818794
0.7991337239093496
0.6766660699386536
0.9965492409389908
1.9500509359690237
2.451184596573947
3.766753350469021
3.174120398026595
2.067116575703709
3.7772525162519255
4.557000996694439
4.763362508994856
3.676362844022089
3.9121584827604723
4.087081832358827
5.23593774822874
4.785995718299528
6.246970841868459
6.236800649578905
6.313959826037157
4.908041976833347
4.955716352508425
5.385530795771182
5.479182667855052
5.839465354434831
4.362339219853655
3.074072341460012
1.6104561141569396
1.0268857549106367
-0.4725309290447025
-0.6619148016596581
1.9965754021700155
2.4345200355906504
-0.021278789499295403
-1.6488602635412513
-0.7309307689599968
1.043001761489546
0.6657453653361416
0.4662159263400776
0.4864814548208463
1.867497752222496
1.9148376217042007
2.236060444115801
2.9269851531983355
2.715083152381345
2.9292440849042327
1.1335834592724396
1.2864120724368373
1.807838237209808
3.16123617137956
2.995878748951912
1.7057261936150232
1.1315732122720852
0.3903419793413676
1.5173094169431356
0.07489293842495082
-0.8942143589073474
-0.8688258491628373
-1.9718740652598856
-1.9559303650516269
-1.0687819665759792
-1.4433264743135619
-2.69136385303247
-2.005798604472726
-1.7341261330098041
-1.257689631076559
-1.0746135311732086
-1.2669179132514425
0.2971458833426348
1.0596014670763534
-0.17551243645128078
-0.684406405867823
-0.15878227319442156
-1.6133558309554816
-2.114066789127356
-1.7629403488896889
-2.1271588156308394
-2.645014497284299
-1.3616362882998092
-3.1430987650952846
-4.846195431066599
-4.795641849828437
-3.347162491661391
-4.7740533932105755
-2.4308298044597345
-3.564852452232432
-4.103501305998779
-3.6433449288475748
-1.3280976804888178
-1.3302650028232696
-0.6672781201993996
