0.0
0.016244196016289042
1.9706827518373315
2.218571780729666
3.6154847538590897
4.743805075023742
4.755021535483412
3.225479439730701
3.0184302915615873
3.469205904524293
1.8712082140006967
1.3183757088927226
-0.6591750637752085
-1.1493467959160575
-1.4990772161278636
-2.5717788382659696
-1.3967089753177742
-3.1507303970164724
-4.727301904002297
-6.654841077269165
-5.963911551254589
-5.071714294326208
-4.459277501746475
-4.08849301743852
-1.8060573914091784
-2.472599503328458
-1.7005492521790189
-0.09833529225486981
1.4967531846258004
1.4611639634930136
2.4341411397324038
1.8603581324202585
0.05251939620412127
0.7329713733735059
0.8255566161171392
-0.8275976622915124
-0.1381738501287355
0.6052667904080842
0.7098696873766226
-0.07735713991961335
-2.198377028471913
-1.479873046957496
-1.4268502654115935
-1.1264757442573008
0.14632361302320473
1.5711652103325968
3.3138845295110833
3.502286277773075
2.363135339810267
2.8184406250297354
2.4554235409548975
1.647759912919282
0.2570937179953643
-0.031087966707780967
-0.6920013136312568
-1.6277113273162267
-2.42447543205706
-0.5632238778526704
-0.8662921528584285
-2.3720595249368417
-1.5345669474101082
-2.144745318517517
-2.911292465056688
0.22294731547723146
0.4731389329425403
0.8509526104692379
1.7627114059146851
2.900204866804613
4.8319850636661315
4.4701107958141835
2.954735846544434
3.8284172004837744
3.2187290875604355
3.0286369946232443
0.5841943540952701
-0.09881919243399356
-0.6651575233933225
-1.1990782601746726
-2.454671089385756
-2.1643308077884167
-1.4394086066508263
-0.3596359263265695
-0.711944311462403
0.43864619833926627
3.1345368925127484
3.0125790598644127
2.838292037539017
3.745051959240269
4.877800149712512
6.291141329368626
8.557881703936538
6.7396668727975175
6.156590967555773
5.6253396159131785
4.187975303030588
1.3573518509861673
1.1695085876120936
-1.009654671411691
-1.1765061491021003
-1.3206280704193354
-2.468264609587898
-1.510110458228668
0.1279681050567547
-0.14536824135866733
1.2293477997453002
5.90084000298152
7.409554448514003
8.198860049917997
8.84753431519205
8.201254518886849
7.656444184467197
4.921861875874162
2.42398039785194
2.6293005706117367
0.47793583481246005
0.19977212952098955
-0.512997494547542
-1.9334991769876444
-1.759615793074126
-1.81146215611603
-0.9130916329344242
-0.7741870886209765
0.6100616071235042
0.8984046563870459
1.011062033104098
2.259733820370592
3.9003780018400844
5.407146832016285
5.08023326440321
4.322755170513703
4.840202199306569
4.1813354153774
2.3422606935925145
0.21866999626301808
-2.056270564524827
-2.643170350356488
-4.739281025594749
-5.0981768824873495
-4.797804244140103
-5.350540233409897
-5.357087471709367
-4.023175693558976
-4.438478279179382
-5.2934142273726055
-3.357103308763526
-2.7281543375716026
-2.032245234660624
-0.15329557667375815
-0.17005219858811427
0.5760290408565032
1.2936359301508547
0.45982610687314107
0.5974111548206048
-0.007187784946141598
-1.4339072428531385
-2.4243931199425175
-2.017879014973789
-1.8427512795777359
-2.3027126282401507
-2.8117990561901296
-2.812990249631472
-1.7957511677069762
0.9001146109251859
0.2693379328099281
1.875065160438007
3.2536040968609115
2.973690209042152
2.848046046129886
3.090486732876535
2.897196280620032
2.2005108673338185
2.084269928776464
0.9503098123577187
0.42715982938457503
-1.8563970178286477
-2.8176971811271567
-1.997014699647478
-2.797125412077483
-4.18986017094271
-4.498230882430665
-5.036784125224561
-2.871533447803677
-1.7652408199756089
-1.3312670847284804
-0.35432086248962985
-0.167427792772883
1.2703502525567665
2.940008036569037
2.5504075000418416
2.910150386725596
1.9646765019143106
1.0248120949122856
-0.030325680250580134
-0.5451077994041236
0.544086427878276
-1.0117375853523431
-1.3486507176045988
-0.221293101430585
-1.327358015739322
-0.2665872728613967
0.8571257591649266
0.33050386714464186
0.7788154154819193
1.9966055915001346
2.5043681834887304
3.709580168403838
3.15941230062157
4.971460098667671
4.411461486076163
4.530738218289073
4.311356280504479
5.507800647539976
5.529158912373202
5.710326659262367
5.021945880641961
1.8665058918651722
-1.2668850747677747
-1.2530300948674287
-1.709885869696008
-3.3391006574065445
-3.209702730174448
-2.776925019881427
-2.163894002443391
-0.6147588545046171
-0.6520424886916927
-0.7168566991620511
1.2362732600859996
2.4597911049818393
2.0959670745094776
1.285783489088037
0.11022459683087038
-0.0140462448488071
-0.22633678045749644
-1.0896289041794798
-1.063289227254973
-2.4615320080594123
-5.451106104122726
-4.395743095602028
-4.883035561684681
-4.52576222425575
-3.115065547150972
-3.6206355185677044
-2.641328433541302
-3.1452102491932408
-3.0903798033145806
-0.9896220016244088
1.507216408123644
1.3328015155112087
2.40100576164983
2.400004682631623
0.9271987280860756
2.5932911393355145
2.476562299192488
1.085196753372001
-0.721181236665534
-2.4113707225093846
-3.158224721941934
-4.599005081973575
-4.066205531447656
-5.078844086186546
-3.987221991538387
-2.914529214137203
-1.6385891539414987
-2.6235583008398207
-1.491656463088006
-1.3314782718772362
-1.9462265439368025
-2.1452162289468983
-1.2415935755366896
-1.094815841352259
-1.4343135507798905
-2.5880289238703877
-1.339565838426139
-2.684480310724412
-3.4786577515227406
-4.687223353923287
-5.330912529659181
-5.411151688192144
-5.976412612747299
-6.270629036680719
-6.246314588916595
-3.435282046729517
-3.0148733513357002
-2.480682961978096
-2.4268483758602724
-1.6332649651810347
1.1104313016587266
1.60523533561026
-0.11294030573861669
1.0756100153818193
2.2445741220398663
1.4504464748246189
3.1398402244399812
2.4108147427552495
0.48303658775913927
-1.3558860491562625
-2.6392476544181838
-2.8966136399616484
-3.79907877622625
-4.846111886415872
-4.158296892227858
-4.542337285817251
-2.3342053238208047
0.4210478039750374
-0.03616851855529579
2.379484129343295
3.012130641903548
2.4225310332487684
2.969894346734482
3.8236192940365297
3.8152504706194366
3.762565240120371
4.311213264719806
2.715866214867296
1.4875968491399791
1.5079847268278277
1.9645089676697516
0.5145809727128879
-1.8508516502625487
-2.024602074934814
-3.270615508275486
-1.1410236285698943
-2.1077456081772135
-1.5163224904270385
-0.5922435698551294
1.0829397914097205
3.0271469665765167
2.46109975901179
2.940698635950196
3.0530916444258103
2.7552713532617124
1.7902728725634711
0.6423745219958348
0.01752450632436578
0.6790454904434913
0.7768636126832354
-2.2969954573743574
-3.284084359719847
-4.409813380450297
-2.6603096373829143
-1.278385239996031
-2.1350855492288336
-1.0137743333311933
0.46053321428564387
0.8776369059943083
2.1628664851842214
4.039064902326866
5.101316837614694
4.9636048936785295
3.659473231527577
3.2663126925661
3.8514846872769075
1.645776090331213
1.4284266718810508
2.2101133068749332
2.7710268135802263
1.4882456996607192
0.9164418793564811
1.2777205319547034
0.8906809604166471
0.6131911729814824
-0.9975529747694889
0.2764839038283561
0.7382194511587781
1.8583214704031927
1.834776478459351
1.6113066432650642
0.5921383309299384
1.6706349376557827
2.9180363825906848
3.799051220083104
2.009400473153507
1.4173873868059303
-0.10612315782812576
-1.6851838642754615
-3.8542691923380206
-5.760582719227592
-4.988492533068829
-2.537590975406952
-2.5289054357652576
-1.7261601444560353
-1.2848348058558092
-0.8253438171044518
-0.7807246647903041
1.9041115984891928
4.464125356054735
4.404251481693818
5.792905445384783
4.333299933845253
4.097030838110069
4.472172915486463
2.5628013386798405
2.5028114318474493
2.682961796964997
2.0541120496202665
-0.7233138430765353
-1.3659196007444114
-3.339285699281384
-2.6213979951758803
-2.1051317455776983
-2.0102666458014182
-2.1771265087507317
-1.9963722797368408
-1.4440309267019367
-0.9434667724260422
-0.8181074119853001
-0.2523413030281848
0.8028786212464972
-0.09868983555203048
1.221727216243114
2.312722415378274
3.350680779749035
2.239866666055263
2.815135146684918
1.189264530304598
-0.12927714326298273
-1.9570689754917547
-3.36770266213012
-3.468433773557979
-4.5539742170088795
-4.472898276572881
-3.2180142082520873
-2.0969982953940782
-0.7368085746019897
2.627412220042555
2.7744183230421693
2.8811123539300922
4.629716014875402
4.27866899809707
4.765032143115215
5.087573818097053
2.9380810857172293
4.026583959838344
2.5925505935791326
1.8467530083253436
2.7593662616587653
0.779443739164797
-0.8518925742318599
0.3715357085847497
0.14668482539976205
1.187631286301878
0.703983935767445
2.1198092664714396
4.439925476267483
4.5047574822575225
6.120566823951714
6.979913968780333
8.327716409895757
8.853650120188364
8.590097224386598
7.109356417405456
5.900472668959768
6.200648514958735
5.004986262017893
4.452773370954118
5.282068522286389
4.09137713124924
4.465535070706029
3.680576984978969
3.1170008598050747
2.8945815382987883
1.7663909227659609
1.3502487020949085
0.38656750088769054
1.5852392790245826
2.3153632405117057
4.920666878623166
3.1058615960254174
2.9860941764553743
3.8494139281237194
3.0786174623632614
3.5242638937750486
2.6776963532061004
0.7046971214692965
-0.8734420332929603
-1.4553078456810107
-1.8714268713620001
-1.064032976213629
-0.485980737930793
-0.38500322013657057
-0.023177245767249888
1.4788966993914672
2.4963933312301774
4.384481944915741
6.624972040850697
5.510048285064445
5.249140489046512
4.949098800193255
3.2667383241546695
0.9713351817389086
1.7983544043996775
1.9181783511976358
1.2749532035913709
-0.6540184554522781
-0.5349898508780765
-1.3666926265179318
-4.186191025434872
-5.286015491430522
-5.707220458985769
-4.928900894083844
-4.014106559217929
-2.5416755186522098
-2.5030595388536767
-1.1922691129069904
0.40578884316429875
0.769838930452066
1.8296959780545254
1.8091780844505811
2.5033914921596483
2.2111869286011836
2.5751060436195643
1.6132693661122604
3.180482885236361
2.6569990585881915
1.6966169282106531
-0.4036678960369311
-2.9479959928858253
-2.8424344275180307
-1.6463949136639935
-3.3640631860292314
-2.127830215145295
-2.222131890438753
-1.6092032142652817
0.10327502793419108
-0.6366078244645833
1.7385590753152442
2.9014328245825434
3.72604833204897
3.3660451441034875
4.646211491560431
3.9820876832718772
0.6101802578485018
-1.6108205360689953
-3.2371757906276213
-2.5997935651887363
-2.9264354538260933
-3.08980349466227
-4.905413583991649
-5.585719289438096
-5.897942865455949
-4.623382596002948
-4.3768352534758765
-1.4501048231837874
-0.21254319571954694
0.8866767838352339
1.5348565039561402
2.2784367145171562
2.947921834825543
3.2471435447451595
1.362109209186924
1.7212831905840191
