0.0
-0.9088923082930487
0.6719501103139811
2.370825153896792
3.6859432747549667
3.8668346069747614
3.4260739666758555
1.9307383652464476
1.1503107607226633
2.0568127958166476
3.8478646390603504
1.794433232176265
0.28373146766654944
-0.876360319845937
-2.0584111173894777
-3.3445710725574376
-4.701535224801794
-6.398320387989843
-7.424970640045239
-7.7069868408640465
-6.844906834989669
-6.606733609827227
-5.906242260124546
-4.184453007793006
-1.9538050578113997
0.6105897745716689
2.992866387139756
5.079053812269613
6.90782278722717
5.44894781196505
6.341149924657247
5.0257844861703145
3.142492141042959
2.49677342733676
0.835953206215083
0.37888603432861645
-1.3885917413173594
-0.5559482270010723
-0.4856882288718227
-1.6149612736433712
-1.7265260503246325
-0.682114802546947
-0.5572311657904125
0.003150365484758
0.7654206774782284
1.42363110313347
2.228926509611195
4.110376603092485
4.837240284207648
2.933224953669585
3.3875351536151426
1.9934715994619685
2.4817367022750823
1.0991845354607577
0.5473143800305365
0.5588769276069354
-0.24149673061369994
-1.1370178111198592
-0.6129342504895077
-0.6234444513526831
-1.65640682114321
0.8264338467798418
1.076714028807647
1.89931483181029
1.3039208075281523
0.7635724056272657
2.0784254244144407
2.607490506385231
3.423938016462079
4.488261702232925
4.454048684600181
4.256525131646113
2.645766597552668
2.387283557787121
-0.24862081540799097
-1.1516617339873718
-2.120586465866664
-3.6207152114079872
-4.066388338967894
-3.541687983380972
-4.334521391975565
-5.648039168410234
-4.571885845835331
-2.0717238270910165
0.07080319818223635
2.1847405396027337
-1.7517049736245083
-1.5997350551018212
-1.4949481729259215
-0.13696259831024915
1.7031227128921067
2.2048659014437306
1.4740539633836345
1.7019888827811371
-0.28101186868495576
-1.752554767996473
-2.748132184034573
-5.945686487520353
-4.846675262690115
-4.402437583904365
-3.055227426002771
-2.4443812200916546
-2.8172362122496564
-1.6270674072393478
-2.4809179843997993
-1.492066466887687
3.041051049528181
3.1411237000759393
3.504963560380099
5.860345133910107
3.3789310982155123
4.476259817179669
2.3510170270036523
1.5490186293757902
0.7434678307118073
-0.3124899442311101
-2.9301277163628274
-5.427383305719324
-3.3940174926222926
-3.842555098447184
-3.9560936538788014
-3.0525360770721877
-2.3321480779806114
-1.201989450630054
-1.5719407373343732
-0.0725356956217974
2.3970941615186634
4.240987002076656
8.501774039985424
8.10000235751613
8.629010465316018
7.670276027483089
8.211859676761286
4.481831011684259
6.178744613858379
5.101889063351086
4.400993279868001
1.9196863153483692
2.237240689013823
1.9869376602899926
1.3200161550205265
1.0523047979960283
1.943927683849041
3.1537649585268723
3.560920597937689
3.1827722458337275
4.6374151166153865
5.0670592915005335
7.355332381582105
7.3449248948792425
7.17837958887755
4.978136638466809
4.221428320612222
3.6363178036815285
1.6261541229924048
-0.44871420265102135
-1.5163440910367858
-1.9144897037378565
-1.3407394021391392
-2.00384394513906
-1.7590719160531416
-2.692297269038717
-2.1183264965363473
-1.0514505150503153
-0.6393515569929954
0.8941528728734409
2.0498678686714316
2.196607859737724
2.150293738136619
1.5851743774577498
1.9507441188305656
2.4255810867449275
1.4225731751026938
1.5074804994613311
0.3505182387686293
-1.9209970349742609
-1.3979409663632218
-3.30850437629844
-3.4168239530081013
-4.003024859998427
-2.479745998789248
-0.8355434090139866
0.062337709778737704
2.134391478903164
1.9688604361395319
2.1920842534274017
4.907801794103778
3.934549399739502
2.6342390901470623
2.575673437585726
2.723289908393864
0.4625147667512217
1.0764940678759676
0.7138699493580419
0.7158119144914692
-0.3445035843578449
-3.258386807518164
-4.19795230495325
-2.4035198997119736
-3.1073331686660848
-2.860972448444532
-2.075398677368149
-1.6515666815507175
-0.39718848225159026
0.2043546302469279
2.5318083539778775
1.4989426843888782
3.083655168949994
3.3070806559824124
4.187490849836394
3.152471332238378
3.2549914859482936
3.1801166486536108
2.3582539942583725
0.9332607718689858
-1.071483890479711
-3.793469685168425
-3.200780504635383
-3.0054928996563888
-3.672678640710932
-2.684321622509954
-2.331747701507189
-1.546636392539866
-1.606294605565293
-1.366797082933482
0.6067629406138042
0.02610760783340549
0.9946546721642064
1.6663365391546594
1.8313275961225002
2.2791372411452584
3.3561515589918525
4.191207166117751
3.838747862841666
3.499931158838085
2.1457520091559323
3.5215205793775457
2.8380691307995565
2.717473269881653
0.42706932916219786
-0.5364374936741764
0.2668935025218721
1.2623432384110815
0.9033018895176188
1.878290686004738
1.4406342696154957
2.2496014717395596
1.6147325142399616
0.6680667438585983
1.478425984591174
1.2129850047673196
0.9173056745348002
-0.48621850858381244
-1.2249722188014842
-0.08922588359598227
-1.3740194609947711
-0.23931338920150513
-1.114546590390945
0.13510594624060634
-1.9221535840431894
-2.997246498386603
-0.37317313719673306
0.25451250112838963
2.3088532290158374
2.252207611725802
3.5064377898967245
4.31369588436985
4.34651556773607
4.762434050764498
5.079957508200784
5.344715271807556
5.3009726449246095
4.403135203576536
2.7058913898625874
2.2634411973046986
2.606657266158539
1.9234749904664876
-0.040323071482162964
-1.3131600853871488
-1.9490030174993482
-1.5066039231419472
-1.910109036504784
-1.5424326214768491
0.5264152304115417
0.690603629466795
1.5089016034629847
2.9846382712314248
2.81586792455613
2.7494803913943926
4.598484025324309
4.265513964312692
5.148892521645148
5.790158037506556
3.9447316639742596
2.381882881599587
0.7875558434969923
0.41222590632510603
0.6855797049027975
-0.3483278482395737
-2.550063207890471
-3.8673065622266463
-1.5540930662988512
-1.117871503806939
-1.417556637112856
0.9549573193193244
1.1038045987550427
0.6514186307293968
-0.31758305348532034
0.7099960431288341
0.98112689097609
0.5590069824349975
1.810340855180535
1.62182810089005
1.868142989062482
0.7837979818294023
-0.7396711463115667
-1.6269499566230323
-2.1844069456124156
-3.2518208022513297
-2.2642230836769275
-0.7539013308237124
0.5616892671325835
0.8190518402783759
2.090269928065286
2.9999632923134936
3.3736589168393465
3.7438479818571095
3.26548662141171
1.8081945530339303
2.13300014968744
0.24156763092224365
-1.0703453093695834
-1.5742706712048653
-3.1448526303278914
-5.41321200896205
-4.75996144872065
-4.751204203287257
-7.0586305245273975
-7.689983904930433
-7.271350182278512
-5.240775851089535
-3.254354191662844
-5.315777757922235
-2.9597962408299745
-1.5564935881394342
0.8106725851506815
0.27593366796211116
1.0442339939698604
-0.2032047774701271
0.21414458054272562
0.9704377694640582
1.0074050580081275
-1.4793560970471804
-2.105104798763545
-3.8330382298111347
-4.758233587115386
-4.176781253741174
-4.346129395513308
-4.057746791458189
-3.689418770438654
-3.056436235570426
-2.4194039685297826
-1.8048264016858053
-0.07535817977220294
0.17748944865063732
-0.4539755475381986
2.8433965684582545
4.207769202492402
3.6795416060634563
4.110248310818537
3.711190837353611
3.825731027738706
1.9739292249046587
1.003781879044954
-0.7993678286779407
-2.4164328050945327
-2.7356721668155575
-5.5135370874436305
-6.0125319198295095
-4.743360936255597
-3.084885727098543
-3.2203954163404167
-3.102271057848302
-2.722672897690175
-1.284014127872065
-1.086703722408763
-1.5048912416622136
-1.3595317993408016
-1.130504246662679
-0.31165624241371315
-1.250155642427824
-1.251046311663755
-2.4167866648777965
-1.9425850977855998
-1.644012781390987
-3.4562487278971394
-4.6715397899760935
-5.34888848047856
-6.896112567698809
-7.420303739572633
-5.612363454004936
-4.429783671920222
-2.8084899881012015
-3.3015054741677137
-1.8672795421176736
-2.1510416817903004
-0.7005790612520424
-0.09336164397329288
-0.9549890273229182
0.2485011283152342
2.4038697270791762
3.0892170805581984
2.824837623164378
2.6446475500433517
3.2583441354357454
3.08806887888795
1.1825232107861012
-1.6391473437903497
-0.9949721691359106
0.20232559125472438
0.8499846752448921
0.6932548068619658
1.6227992737920072
3.2468860371457806
1.726613720884382
4.522730161548666
4.305551801913111
4.514316178042658
3.6515995166676007
3.589453413990764
5.01926863230474
3.2605854103904663
2.670552960343675
1.2377621428522585
1.372421233189304
-0.20806658443779402
-0.9338453363743227
-1.7216216238694029
-2.0469769922175325
-1.2566919718071188
0.31281911749242175
1.5312898188572757
2.6873740335689877
3.556393119674397
2.834743646752662
1.1674826576541113
0.8114119527556971
3.345915195392185
4.360547822123428
3.2272693333657747
4.3327364019716725
4.66059560870824
5.298517322859043
4.617844826094741
3.4537513595650347
2.022012121621447
1.1647862106925344
0.951545260140713
0.6222999655091406
0.33823272185118347
1.0668604257830194
0.8868800052174955
2.7865781293059184
3.0764604898079573
2.514647767654459
3.528974098524021
5.610170514096627
8.23428445130574
7.678036739928157
5.501478449672211
6.447793947931949
5.7476241603006315
5.367338076712964
3.875856259064145
1.8219201431368262
0.1668919052630785
-2.354511139493103
-1.900944832337603
-3.9083780204426497
-2.737715930723035
-3.4923085459607157
-4.062515437352994
-4.181563117935264
-3.2851006041989894
-1.709873606021051
0.43032286042795187
0.47103510396165793
1.481915755947121
0.162379450132208
1.90670642876945
2.7756197148316075
2.619884637795537
2.1835751969509967
1.949798234538516
1.6027388273426617
1.2247401713675534
1.3792286468556938
-0.9868611693349951
-1.2990901084687425
-0.8844386783581807
-0.043687108449662615
0.3989908398522618
0.43810417302027693
-1.3538059776611306
-0.8763027102015718
0.5210289784039175
3.1021473563607653
3.3544608324589453
4.091325260580061
3.850562451751579
3.0367932603861263
2.14141860471469
3.169465733212644
1.4863601184505773
2.0585058046997653
-0.4400691976166018
-1.046883639513354
-5.308725855596281
-5.540140485198407
-4.285510986024976
-3.921705660796435
-4.175884519779583
-1.5496628382171447
1.005555617172114
2.4552827306914895
2.939020392768662
2.410034788907475
2.3726878866408434
1.0637783939427126
-0.9977298541911104
-2.966401472808891
-2.8443375865571774
-4.72514249977838
-3.8872982080406278
-4.283528259203356
-3.5287411480457944
-4.144005957180969
-4.232796320579173
-3.202926922329059
-2.627052427013801
-2.3435798758025195
-1.0783306478406889
-2.361188906101687
-0.044947570007347615
-1.3747102614779996
-0.08317449056928977
3.179913028020446
5.348619354557357
6.440910006197844
5.163545948092762
2.004027380580278
