1.0
0.8440144192532155
0.7886819752714321
0.7440054030415453
0.6265073758612759
0.5263634708633979
0.5507459623960613
0.43377952640104844
0.4251406796696594
0.379994252650325
0.2750325487836547
0.26897627027770576
0.28348722783054675
0.23433372697945415
0.16230612453951176
0.1926954377635988
0.12708783453830386
0.1548767499860242
0.04982667854173521
0.12788859034699468
0.1771485344826635
0.22403874689313596
0.16850664560382617
0.08690172390975456
0.06633478714521442
0.06583187732215066
0.052870964171005605
0.10322090140129259
0.14621749830608421
0.1133813184008438
0.08444873737832582
0.09313763210162151
0.1446562340886253
0.1989983679468007
0.15267825723041858
0.17327831511979175
0.1831679841944652
0.19100814085138346
0.25717938697620246
0.27915464174897053
0.279027035810521
0.2348740488764687
0.22065988090474986
0.2639224380401988
0.24176667656107953
0.17984449491385646
0.16385322905427568
0.13809556761468336
0.16262747585307782
0.12585416065523394
0.036539253679034864
0.0591730797841437
-0.05053205915365295
-0.07143515432754352
-0.054152520036712996
-0.03988684356683871
-0.019035252072143398
0.014450058408638
-0.012834126958224282
-0.032540984638451315
0.055752405558689315
0.0022387681061375453
0.008934958801909951
0.020712377858057403
0.014808461748214742
-0.05563290173685578
-0.04296773261163447
-0.04900503236173871
0.018576661440599003
0.08382448522103714
-0.037655787790003406
-0.07325540469640966
-0.006429237527359001
0.07180196797262356
0.15972317419717824
0.21032844670426756
0.2082577174455324
0.08020230198028282
0.13934518693875034
0.17790209808822866
0.14360996547081267
0.10789205071881236
0.07957607113072784
0.027406865217326458
0.007086964700104396
0.009295871143909673
-0.04297621930610624
0.020073912916485
0.009811856203378063
0.008892383691167124
0.02757974500244857
0.07289092860203927
0.12429102852137244
0.2098782444210037
0.22416297538239635
0.1605100222231799
0.03288417779167241
0.0082056701385618
-0.05509226434081438
-0.07044373400056478
-0.0500264342668935
-0.08812933981544817
-0.07239028451876664
0.0650623578360183
0.04271888887823227
0.07932017911720775
0.04361887823463703
-0.022748670125265734
-0.052983390091124544
0.024001860140031715
0.07969301739207313
0.1738075939482006
0.14521439560254543
0.1257109105275545
0.14452503519674023
0.15083219992711938
0.17548560058805995
0.1273115951525437
0.06692901315802355
0.12008898893176959
0.1571483462444947
0.07246237872396662
0.13342055151885793
0.1965930034760121
0.2149087923030352
0.14267398422043365
0.1431820675598627
0.1820360373825375
0.10841411409913126
0.08606479869752916
0.13295117063111273
0.15010107176786294
0.20662098572912208
0.251961572479176
0.24903769725176528
0.25012961245984167
0.2166600005078921
0.15413869026462493
0.15697621877287313
0.18665635562238234
0.14794859721251968
0.11064277142357193
0.1485082141790997
0.16139622571720602
0.18044413279391508
0.1129470263238495
0.13405092322384696
0.13318491486713283
0.12689427225125444
0.07770840526642403
0.0213024566483183
0.02916420274264978
0.034501105294241115
-0.01559059605683965
-0.08652987306644092
-0.043268145339203465
-0.034627625075457594
0.0011915810440852707
0.010051640351553238
0.0864652237176976
0.13888058944278392
0.27049628251501623
0.29696219198026863
0.2814030363666921
0.3117227718616877
0.19346075362983164
0.11884060911130623
0.10604337261812521
0.13354535992174685
0.18700458206051518
0.23512417009183506
0.17708459481657413
0.13321096679582578
0.17611973891852983
0.19616279956750657
0.1308679139954451
0.13518778782687896
0.23723968346594093
0.17250087256861318
0.13449110888542848
0.06551268940693666
-0.0072549265896880155
-0.052452800438236614
0.040763624176217206
0.07939175958615499
0.07893474551880705
0.07062789411722484
0.0939201577115368
0.1537377405025612
0.1334058751264496
0.17512406943910136
0.14222253588942582
0.13892729977047202
0.17652315564503152
0.21584719254578016
0.09979271314876785
0.1648727934317481
0.07453982635706663
0.04029805995214823
0.05049119503268218
0.10137756878177247
0.0742493430722786
0.14416511070489196
0.06604678223499766
-0.03602260684236325
-0.056471481780307684
-0.04935529435568451
-0.056910647847519306
0.011768910280987963
0.030040522442163393
0.025217973448400252
0.0013822714555987263
0.10912197207785479
0.03712669080905849
-0.0439290896809004
-0.09300917265330844
-0.07121971288465312
-0.0677212482069098
-0.05950590015032322
-0.05053083020314655
-0.021548115690394665
0.01756072912858687
0.025019511410825115
0.002267728118556883
-0.05025429195129984
0.011980265752562391
-0.0008831213138930406
0.057419575406411245
0.03881290071764947
0.08489578311889096
0.12711610574665405
0.13006604731102697
0.0287918940177124
0.10694089205852114
0.2255947533598017
0.16263555626109705
0.1758842375449867
0.2014983504968853
0.176846240361366
0.157854198462285
0.16066532347990856
0.0532376065396339
0.043338601984457485
-0.011373663703006513
-0.11954107644907498
-0.14278587345536417
-0.11927562515202758
-0.19194810714342286
-0.1873855884908727
-0.10692756308636094
-0.09804688246206814
