0.0
-0.5275810106604252
0.6459290159324318
1.478585300385523
1.5785618022213672
3.020889757991574
3.165861043633112
3.054251787034494
1.6258937640189035
0.6254118546964482
0.20168051305872742
-0.019713749988105045
0.7333807505009458
1.2658349084129747
0.11879582315873716
0.4776771118116412
-0.1647105096146919
0.31553887269977743
-0.8910831154425622
-0.5880284924378982
0.5499548289510149
-1.3839326577668745
-1.768172244742643
-0.01979809731235327
0.13483623340024994
-1.6807296999796244
-1.4968067091914075
-0.4316686569781194
-1.685858597080239
-0.9170958526776268
-0.912719308818257
-0.37833127333099315
0.4831306664746955
0.8286381658027151
0.5323329450863217
1.7851334627101831
0.611282983943777
1.7380244978892072
0.5975335354050249
0.8585062395022561
0.4202064743581989
0.059813339657954934
-1.3024713725033963
-1.4195894787868804
-2.2337698853526917
-2.7399139357572784
-1.6858895419382756
-2.1263645545041605
-1.9203789637946471
-0.22672332562872954
-0.6623673108688226
-0.8296837375484547
-0.2647514504325743
-0.09322182545227156
0.4925529709760167
0.6935460657706288
0.07334610405941622
-0.0453622111986894
0.18092667378153984
-1.8835590456872466
-2.2926542944450445
-3.1145157504100305
-4.013114768319136
-3.4444267495644203
-2.9145689016858434
-1.2619889944108291
-2.1423917802572383
-1.227689692387994
-2.106912464865971
-1.9435762703356203
-0.8422250746730544
-0.6102805588274787
-1.3990542494458964
-2.9501192229608577
-4.2417069366787645
-4.598108271706352
-4.043618234736629
-5.000290217578668
-3.8671227436826685
-3.587797757461665
-4.28710289096329
-1.8908597591104468
-0.736610793985931
-1.320074363950511
-0.8988244577972497
-2.587262234246479
-2.340069938922348
-0.5953951117930016
-0.2719835623396704
1.1268047655235687
1.128459406449623
3.569426672186208
2.8098337941824703
2.7782566475613275
2.557579603450345
2.021664700549075
1.1128908325120601
1.9457219497213647
1.852945766439142
2.591613310212929
0.9580771815014695
1.3724702073904518
3.2424304785338487
2.5620192332207634
2.3606638004723113
3.0063319171816323
2.5223170775539394
1.4425214789741028
0.8710397313948248
0.5494670186886395
1.7280269787520357
3.1073661548596725
2.121381396332562
0.3077597384286497
1.2095247508013092
0.8215670971041731
0.686205715623276
-0.37576933504074617
-0.8061512027931037
-0.4768489082530887
0.5930580090342787
-0.7349041320427679
-0.9231427278904226
-1.5251434342856558
-2.7842032897154834
-4.15820482351668
-2.873164268060431
-4.566913699072531
-5.388249495134609
-5.249201157506433
-5.88296862541266
-4.442578690966387
-4.159831960018277
-4.191615753552981
-5.203519396136974
-3.6909446016152794
-5.356929574518951
-6.0445631051748006
-6.082262977191758
-4.716380839842608
-3.029833597970584
-2.2642101781295287
-2.3823502164817745
-2.857393523116964
-3.1413792673187455
-2.683450018766627
-2.5624042719045885
-2.5329407605864542
-3.455851659913672
-3.330378372973952
-3.005575370463268
-2.9067406016046617
-3.5101516453334263
-3.5879110005772596
-2.0688983239936625
-0.6389821395600268
-0.6424035537787381
0.4589711907207614
1.619696253348231
0.5100835346641163
-0.7981937345150008
0.9458159910300152
0.1549206648279623
0.7939701047467883
1.000330586078857
-0.005634009298491782
-0.871617302863997
-0.47821105935701325
1.4564254099180016
1.5765006639221044
2.4504470303333346
1.7399427874536084
1.4314448820294128
1.8000257491021994
0.9120318932645142
1.1687082807548992
2.3548737546700917
1.8783971879467605
2.090845797581547
2.5188760895490434
-0.024462643741444356
-0.23774678985188225
1.0612222694464728
0.8832007544960236
0.39654244844120035
1.837622902647773
1.2161568682412587
1.31965544572933
0.5240315010593247
0.6210923761212898
1.0466603425822527
0.10530550892406443
0.8762271543496211
1.365187429125751
0.3968906916211804
-0.15367097357473125
1.1910831232463512
0.038788809589743956
-0.034904249185445324
0.7201227878813202
1.1211776140557204
2.577603342690706
3.670346082505331
3.2743909997819802
1.6128730724679128
1.812432679761919
1.5422107417043884
2.494417297476368
3.660259685881245
2.8360436372261044
2.1651533145448005
2.1542400049841697
1.6080986434728928
1.0380631588180074
2.07273147844798
2.0044565691391965
2.1148731402535867
4.187383262958908
5.056389853059154
4.708462849151492
3.0237422741225055
3.0682677335169455
3.22840460269652
3.2064856945111813
2.943201870839908
2.634786200462816
3.0984529102067935
3.901054294870795
2.140880210099577
0.6840146697264529
0.08855877278486313
0.3046046622751033
1.2129321124249444
1.7219693643624128
2.3358121152670726
3.592902691955797
2.3363501302142287
2.14151439495176
2.3274318275289962
1.5566954800096529
2.04117426426566
2.2666818921577034
2.9881662448786277
3.302071415439786
4.11384030520353
3.7665694768086246
2.8347244159581444
3.293899342681615
3.2965848243469655
4.22253097090803
2.9926441828927253
2.6547246792639476
4.294122675724794
4.66642558383849
2.4528652085027995
1.2522064359619476
1.8844600123289321
1.5337586065467443
0.2477366587072578
-0.1677224840888824
0.3019161455666457
1.7964499949269688
1.6131395254451253
0.7049614709538676
1.3802823570551273
1.5817905539952983
1.8911828413732779
1.686031067667451
1.6918064593806457
1.4881633799949323
2.533625350182849
4.2057403787628544
3.698204113475588
4.280226733645832
3.4630966624877857
3.1729381583187286
1.746557726240243
1.3935665242569115
1.1650916904497894
1.0226138470341275
1.1030095953383712
1.9815533562240186
2.699643712365808
2.7375277877869206
1.2803256261504643
0.5522710077613673
-0.8335129246126458
-0.6629396219451072
1.1161604432359418
0.5185261001042022
-0.21546204833966665
0.13273645243729337
0.6729968893711843
1.4562954417965028
0.8893516496716956
2.5995654655635105
1.5564305450324218
0.657186130097165
1.5050334493538688
0.5058008957071205
1.3937463612844565
2.3475625869678236
3.864125870973302
4.419422586231023
1.5142397468904458
0.1941872660192676
-1.5042191648497751
-0.04087779161932481
0.7442042713423266
0.941211784694826
1.9796583024795227
2.568048620372011
3.415807230603327
4.058942448817581
3.638063650527631
4.3625422679181405
5.835904871807685
7.185800297388183
6.282740151010504
6.459387803513944
5.393005478504707
5.04917356115323
4.351943319633192
5.435955670697375
6.244637793577001
5.157199896621446
5.7905167277041265
4.902182381274409
4.010375533153696
4.978247707532207
4.476159488175203
3.846476225309657
3.1356314204359395
4.574987639326695
3.812259593615048
4.289089190948005
3.764443338556454
4.086767402374078
3.5212148384728033
3.8347012146956843
4.45143476153885
5.09555757366492
4.537773435414686
4.767538023614363
4.975704167049536
3.9889968945719003
1.988758783620237
2.2599518939535344
3.2431475122887394
4.69839082781209
5.116378448474304
2.757418548963868
3.7646014799400858
2.8959965301490596
1.9727841718824248
3.253419484728754
3.089868810467048
3.393275986670555
4.049139640053475
2.449178764328739
3.155419603975072
2.986144823599918
2.2610038175810514
2.473375630594747
2.8513595757356534
1.7526507775295128
3.190320230209151
3.161516897318852
2.7485379503935663
1.6087880128557837
0.7988704255271525
-0.11058343841996887
0.014467425770186712
-0.5199971831914039
-1.4639855301568234
-0.8236706242532205
-1.0135976063239793
-2.238759736596025
-1.8341781111925342
-1.0500538794714442
-0.23507625941400934
-0.2132730837277572
0.8303652785152811
0.6998022861068304
0.17244392639495187
1.4638719557305493
1.0482258555250255
2.046953157624075
1.8441736456393545
3.3175856152352665
4.496372752265985
2.426514911580277
0.862234942621436
3.007421172232635
2.448117566511084
1.503084650763024
4.6045176092387905
2.0486184769311517
-1.154255613234831
0.13255424441836827
-2.6880516210179057
-1.9078514238755209
-1.9764024561028544
-1.45808417079853
-2.271950364545808
-1.715488308682447
-0.588727186522605
-1.1398647385849199
-2.580603246738761
-2.8267606423684493
-2.949875683667372
-0.5335153452953598
-0.24470002636265634
-0.5905976574020463
0.812350105160816
-0.05469395737260507
-0.4743590837847791
-1.7836278389957423
0.2568256432239948
2.307157910068832
1.832076242309856
2.2022493814796
3.5446407360777368
1.4570842323737536
2.885573769521112
2.822873202433845
4.4086183679184145
2.9906784727810996
3.6787476738749403
3.5082812375310226
3.8020132264874427
2.164997738402523
3.3408102519271305
3.5564520909401853
4.099509763099996
5.272210745135524
5.226359878234794
4.841080692420413
2.7360652051083116
2.62693459636528
1.2531275171190837
1.4756709116475215
-0.3374383961236853
0.3681749469461965
0.6317130742075057
-0.0848902459376244
-0.19525689484035458
-1.3767743131254295
-2.3622446614818102
-1.2975888765484558
0.4523784922649894
-0.2206162661092606
-1.4039836292614511
-0.81575882919312
0.6759673765817048
-0.42250495329017435
-1.05132982998868
-1.1259905092322904
-0.3737320834212483
-2.2728094382229242
-1.6392201553797054
0.05496616415115718
-0.11772029565376738
-0.19527820491683412
-1.248261518385858
-1.465577022233453
-1.2685277721169195
0.8857483316609778
0.5190840599791712
1.8714936854866777
1.3065198612253808
0.7627085767296018
0.07552863247100694
-2.1901588388315303
-2.1390256222258115
-2.489105497289055
-2.593347991613901
-1.8881200244872327
-1.5598292471177233
-3.6631163395212734
-4.041223535694828
-3.941071614742647
-2.789464510772076
-3.4063619726162653
-3.1874751173753566
-3.542972978571617
-2.154935391742326
-1.534147548534189
-0.5295550111650844
-2.5642306524119016
-1.2402425083828787
-3.1961127141593524
-1.7752356421661541
-0.2539607127646222
1.1300788170456584
-0.19801830632354633
1.0803961371424
-0.19975902893739494
-0.14679109311189417
-0.9321895323339213
-1.8955951957154658
-2.3477297086155353
-1.6806913077467405
-1.2518688053980347
-1.861197188178678
-0.9785308162417603
-1.0795293148023863
-0.2075588954693508
-0.5978329433088003
-0.25208961401061863
-1.3808056134232234
-0.8352706251298876
0.5577487559383953
1.7578434931527018
0.9970231174941045
0.7730020433968876
-1.605893167410108
-1.3603379213869784
-2.3658238582160545
-1.591091766315892
-0.07996878999354284
-0.030544573329003233
-0.4414645339474354
0.6720147626258374
-1.5092296026071554
-2.6324104220308318
-1.9891386677270424
-2.5470372730844124
-1.8147409110412822
-1.8188298125298943
-1.9969653568841979
-0.037859877557278265
0.31209096943875786
0.6227628106113854
0.49284982514783937
-1.5349259235568264
-1.8973192978652185
-1.4802269817256573
-0.7064790978182316
-0.2571751840843779
-0.2677285072237396
0.36507538548369506
1.1425850370026929
0.5105948969590363
0.09546283964342245
0.08052131612874529
-1.898844665717361
0.19239898549928136
0.4886676945203655
1.6871189952104546
1.4478681864318605
