1.0
0.9593135233934389
0.8358122753842255
0.6964200997582954
0.549667715311843
0.5142101819822297
0.4259472267806215
0.4442056006805368
0.4621990017568119
0.42303943721286735
0.4382568922719658
0.4174981844657959
0.3551009790621525
0.3683074199204102
0.35998377296657424
0.23163730057640378
0.12462323409104453
0.08159698437906837
0.14779167103501753
0.09538035754678978
0.04899944590238925
-0.02242756220103697
-0.006706605924662806
0.08442705655987624
-0.032684803490110687
-0.002330307857183439
0.024122776666135944
0.014362176965136642
0.09796003115741074
0.11354284991394327
0.083662845260013
0.09855808841239867
0.06162309900139857
0.07805217029177669
0.05909333714324122
0.07548445261647516
0.10189901362915164
0.00020722138431986115
-0.042441665195862927
-0.0548770379780671
-0.06597778771824167
-0.07985517804675997
0.02050592169505129
0.015634126666984653
0.12665783616528303
0.046318328342918644
0.03484470944160241
0.06451426857633849
0.0785107885043874
0.10743599391152267
0.16984643373166042
0.17532566185294424
0.16627000064251896
0.1395888088239986
0.0982632823129255
0.11659466573680219
0.07784920469838408
0.02115261373133566
0.013004569351353102
0.042011593769169034
0.08271237627112665
0.15018998258324456
0.16179186053435174
0.10874923807117709
0.06436051371888954
0.025685290141824565
0.11358882484311496
0.0918518445329086
0.037132872971672885
-0.011992852028989934
-0.001788250426849418
0.08178956579848184
0.06721964418536926
0.13989966623318562
0.2331990345426499
0.24493979316136438
0.1715930984111376
0.10632023499688029
0.0656855046060311
0.05080835484739641
0.13474043502472463
0.12525518579927072
0.11488016593530048
0.09017691704290645
0.10162539976369245
0.035426999706346246
0.14592772977984553
0.2379662456549454
0.19669692049252918
0.11169944580721941
0.05017100590831707
0.0238269079200436
0.06461800254497627
0.1467894814178925
0.23026405631100072
0.2407247174716839
0.22574741311935967
0.19136028868889066
0.22358562747718974
0.18665565082477842
0.10748058877841184
0.05229749668790984
0.09992486945691717
0.07933315866788987
0.11613765873428045
0.1668391535364378
0.24408574663843788
0.20587561102161034
0.1769047194201866
0.16419020675104098
0.1367636103102904
0.15434598069454342
0.1525545289734353
0.07400971406306296
0.040260668821511726
-0.009221082043071899
0.007167162286990216
-0.0740023897409735
-0.036153120292322725
-0.013020852710701622
-0.056184504562962104
-0.0405687597427497
-0.06380400630452226
-0.0009654817364131985
0.0026181832390463735
0.024771236634900558
0.1087468167381947
-0.009497297343763797
-0.00664009899272951
0.03665573431224574
-0.012284942022622848
0.011121110091897783
0.10329969032743447
0.07859068323015377
0.09025613002029415
0.06832881700107513
0.193591750764914
0.16132467522580465
0.05974270156654321
0.06844914372805547
0.03376684103135217
-0.0071681799148240535
-0.02921527891962198
-0.07105244340710093
-0.13449814748713199
-0.06840910748132734
0.01844743661945531
-0.0034085201713319954
-0.03051505706273682
-0.0041458700115006575
0.01185978523053986
-0.043752187277345506
-0.0657903359343348
-0.15559592249022483
-0.14201522335442568
-0.11488241867031562
-0.15687986220517547
-0.08580218129906417
-0.16889279599055906
-0.11461399202964864
-0.03099656178138417
-0.14858874821562937
-0.12902306941687178
-0.0720578936349176
-0.05219091717088924
-0.036309271540923706
-0.014905091819466382
0.05727612845595836
0.07124597929180447
0.0868514564728137
0.17883367479620654
0.21667400925339156
0.1935319939383926
0.1325896545406226
0.041647906839774804
0.08385153721069875
0.06214228964023899
0.061897289109436184
0.1230343090147373
0.19220716410865507
0.16120341228019663
0.11057482507501239
0.10929995804702874
0.1388723279422326
0.17139155915417198
0.11395036238916856
0.07947694284458068
0.06356638653959214
0.09375973579167532
0.0361642145253518
0.12056942648876881
0.1432061018283232
0.1641198690551349
0.11487470194468975
0.17795916116435656
0.14664676001448143
0.15079241662431497
0.09328132150613436
0.057281504065780225
-0.016053539755932808
0.023845472680166534
-0.0467211267029978
0.008668153837742804
0.039511923565004076
-0.003099366716678112
-0.016042247317408987
-0.028542876762300107
-0.007783763278275671
0.057350572821338985
-0.014693994699260929
0.020846526425206208
0.040687013004064534
0.016117782215862284
-0.03805886942632857
0.010047238213217183
-0.00032632311639642017
-0.03490637059271637
-0.0010296164603342609
0.06446080102662904
-0.00511705120960082
-0.05921127202072834
0.002070273641996301
0.007513236371489103
0.014807840004716365
0.012975633551168438
-0.062082735735395626
-0.062124853890775524
-0.0428026540786077
-0.03356056111221264
0.024256933723055173
0.03212493059428652
-0.0598644290169774
-0.00844862771171219
0.025929329385885824
0.008813486143118332
0.08052796184374757
0.09649995972382401
0.1558172728387447
0.19729290262377577
0.17124344544659426
0.17748034221294806
0.15390218931312463
0.128899703893448
0.08383251550009299
0.1489147810460439
0.22452128270785615
0.23025721807542393
0.1874740931480607
0.12964684096357718
0.033465842396312395
0.04097464521842624
