0.0
1.4604148551364542
2.3951105394893055
4.63461238935991
5.858150419215773
5.638257438587263
7.134006198364302
6.3478901422966905
7.200659768365547
7.026803927400926
6.554272607718751
6.109348859093613
5.2697026063789165
5.013216925505815
1.491026032536534
0.7490336158913207
-1.3221578895017676
-3.0407889299998745
-3.434020703177327
-4.692257827454734
-4.109059756522394
-4.690697526261678
-4.728477875960441
-3.8108716415209227
-1.7826913655664107
-0.13132983993249392
1.1768901769052658
1.787031763157934
1.3388919170705074
2.061603528775953
2.310001970463233
1.759588039394354
-1.412444394857088
0.445455841430038
-0.13763094900716472
-1.0765315433972544
-4.142432105168381
-2.3865953052202498
-1.3859543107556849
-2.4578833360878933
-1.2073996094905481
-0.058843196905117634
0.6160160064900136
1.17116934326872
2.4727781512179625
1.4142801264316462
2.0890228552101617
2.5530614476787346
0.8332965140560877
1.9966816928741338
3.726685856458242
3.624772034246622
2.885753380900241
1.5210810706628235
-0.008458117282106437
1.3340878471826012
0.24577674272436975
-1.1382678310770915
-1.470228522315284
-2.2830887890949256
-1.828137697002294
0.816791816315654
0.16969182656940296
2.174702229739451
1.3576493272951096
2.0956570467463034
1.9978616880484448
1.4940344742702647
2.9123618886150964
3.212093169095311
3.2093498306280375
3.356094110542124
1.5910629089846615
1.8656482514025725
1.3462874845825548
0.8004942311341332
-0.24697440051054886
-1.2346925760024514
-2.2969392901336385
-2.66988146616463
-3.121246774009523
-2.6276326853162875
-1.6861073445415367
0.8231254787348055
4.540156909535383
7.869898013746825
8.62360333470703
8.892764907182363
8.274540387818346
7.959426794328185
5.7425180392376145
5.5779555586403085
4.383615415147591
3.450598698698613
2.0482494885743012
2.215908441099393
0.38136245150555304
-0.2685863345737008
-0.15053869036113554
-0.1795377302361819
-0.7240999075239756
0.31794433920452875
-0.6792549876263033
-0.37587872428792846
0.22383819658213872
1.1622994095419426
0.9662590514017322
2.934024980194135
1.6711494698767988
3.544920422549982
5.204336087311161
3.3563319160821967
2.974501778902024
1.9058592436568407
1.6707341281991899
0.7010129472803763
1.5755481626449028
-0.4921368848981633
-1.4477834988340468
0.3392701284623798
-1.4351493704712657
-0.46901396916379834
-0.3192289101557236
-1.405302811304122
0.9366292991173749
1.0738636788283487
3.695709889428831
2.8915293155699753
2.7441864201318706
1.757752640997213
1.126119359755222
2.104002261118925
1.2059298205336582
-0.8518148007075885
-0.59014194160004
-1.9766931961354777
-2.3178616765898967
-3.105204715486287
-5.110828828202796
-6.375139749208243
-5.287796978459531
-4.836749742699053
-4.06435305523188
-1.9591291466076934
0.6003154720383166
2.1699082984992075
3.0249585913088985
4.161255822392996
5.445053747354931
4.881442829998282
4.411809608839701
3.6318443819819155
3.9670965319498714
3.9505418523035774
3.5221249956132743
3.173315677261697
1.9790725330495527
1.955970437645319
1.7820646534394258
2.308262605638302
2.5757406563998897
3.5309399898870653
2.5172956391432377
2.710566373420028
3.2597204686446375
3.8869039159004224
5.414120650785447
4.387613793649862
4.761322143979697
4.513324586550798
6.233320604080022
5.632692189407222
3.5843466578354977
3.1332497568930413
1.820930829520413
0.6755104766036232
-0.1991509233594441
0.13760887969551505
-0.11012669679657727
-1.087073358078719
-1.9101146234343935
-2.059498543991224
-2.0788755586719425
0.5182602708866626
1.9352400024041816
2.232457157147483
1.0004559109876177
2.434879618868359
3.154962720725651
4.889441692517623
3.4523220521154308
1.6343021876475372
3.0057748311435084
2.298981855728047
1.2432890590782062
-0.20592024168559414
-2.2610221707791567
-2.868284188895033
-1.9736013638684446
-1.9609953837984389
-2.7400196216359465
-3.2501151142758014
-1.9542804418791586
-0.08036420695431845
-0.5905324074117332
-0.1894374847149355
2.1057325383658876
2.53324543544822
3.494224634359637
4.3286788121456565
5.073590147749071
4.838029036279736
4.1902581170451025
1.9092083721948387
0.06545978150922471
-1.8321465160299253
-2.7379805560430066
-3.3247713372518293
-4.130841247702744
-3.72545143957743
-4.4333817012386065
-2.384356203462075
-1.3533748238568992
0.21098639057260526
2.2628127293132954
2.5998534700303932
3.2287263537814472
3.519404091105157
5.8067106141511875
6.621972130822659
6.396018518014704
6.562600295248354
4.201499290227298
2.708594207884882
1.5548258575791336
0.9686815698684608
1.5677439122116024
-0.21265330195496512
-1.6667309530273415
-2.926991593794199
-3.4277962283613816
-3.687453778072975
-2.4374615664098704
-2.502090574976966
-1.8323062755983237
-1.7432858702640832
0.33107711485091207
0.4173622041240299
-1.8239587201772776
-1.4007642717581001
-0.6914952636284071
-1.2678833542119268
0.7837329164981184
-0.3167427546604029
-2.686446907604557
-3.211694757028942
-1.702306956850573
-1.3830236660899828
-3.0052944872762515
-3.9207535311729784
-5.357272351884953
-5.089241385307428
-3.796769515050639
-3.267313406853288
-2.69887035161548
-3.507575537241679
-2.94854052740305
-1.0346393255857596
-0.043714200650773444
2.309415693047014
1.9217494119023368
2.746990849409136
2.3892154775780323
0.4914640321968953
-0.8055289903094092
-0.41496223820564904
-0.7749666087968782
-1.2512179828665568
-3.435707069290821
-2.7266755141682832
-1.8902152330885658
-0.9264623483351164
-1.8480633857397497
-1.2311015330372754
-0.2990440750119268
0.5562297360001283
1.1622019628282958
1.3465761700478462
1.9414481182534682
1.349054167470309
3.2430059187894793
1.893378308381307
4.107267433593894
1.777695695931279
1.9349357946008012
0.9733016473221097
-0.6182774487145547
-1.9240441574176583
-2.44623216826307
-4.260232995630463
-3.4431825270778753
-2.7568382080243516
-3.084660755836979
-2.1411165079802745
-1.7927442747261875
-1.1765160249282407
0.45949584629563844
-0.20224376910149222
0.0041333328835426175
-0.6709897628905566
-1.037741301835199
-0.593606396092025
-2.286622197838518
-2.4885862277382644
-3.7177514955395337
-4.759688476428156
-5.879067799028467
-6.382069467490599
-6.794125283621363
-6.825653423318699
-5.6881073075039765
-4.227525674237097
-4.2863592370736585
-4.1012136155165235
-3.9985063635432727
-3.527561631547448
-0.7872075053951166
0.5574649435961744
3.639425079060966
4.438053394527018
3.726037085491478
2.3370192390972333
3.863759088561296
1.9677651064174912
1.5448394759891244
0.09375081774413874
-0.2043517497641798
-0.47125925954476233
-0.33584490710614334
-0.3787361661356887
-0.37380055152989355
0.1796940637566498
0.9659720095100712
2.2898040314861854
0.5128359766980393
2.4250728797009193
3.562799588663749
3.3215132730440353
4.1616723190120775
3.377552954557467
3.693105182479212
2.897730577416023
2.6233125993537865
0.10170083562294696
0.9792974553620106
0.35245777657835925
-1.2023740366540012
-0.9130235751475282
-1.1171069425174105
-1.5519676358615415
-2.1234063255957274
-1.3605773836579735
-1.538563094120446
0.8020920725861584
1.5113547903813271
3.703231773082492
3.720269722164344
4.692617704057064
5.527336104118432
4.481318408396553
3.4053061414998167
3.0848995259230434
2.7540530505369434
2.8018504357725997
1.2908416582655888
-0.9827393951163099
-1.3805414137743384
-2.467424043335918
-2.88565678194538
-2.5267065547996315
-1.9842030726535134
-2.385263002406187
-1.2770040088628272
-1.2890649542042851
0.014073592100131038
-0.21944844724849089
0.21996877958211913
2.097905078681576
4.7600737536814455
5.142903662460117
5.449800520241953
4.891338657977678
5.667808987035124
4.316753182204708
4.567588760073365
2.912192990830862
2.3035976763116497
0.26145178021503
-1.352715074074426
0.6362586387280389
2.2584088891282375
2.710369590480455
2.495540790121663
1.8132972264863072
2.2505908954557152
3.182676430299884
4.203292095240442
4.02346040195567
3.587931635198338
3.118684624094665
2.1911644620044557
1.7296202732035448
0.5800608061193314
-0.918372873176749
-0.8295649307985952
-1.8249762792011657
-2.26733837150661
-2.4813044841036755
-3.5141852900171173
-2.900386150642758
-3.6696285044211163
-3.3539351406393605
-2.4800833148348693
-1.0232516356641508
0.14964570571833585
-0.7625192126119797
0.8067407674290565
2.776271150433699
2.3359580418742425
1.6508358358411281
3.041298609250033
3.2041656351776195
3.356490316747699
1.5254789168295828
1.0608623044175813
-0.8050366632286549
0.4851720864359437
0.06280556084133954
-2.273776073424993
-3.1365513018488036
-1.781420921361986
-1.2648443259707127
0.19744661737080538
0.9286191470474189
2.502762764079872
2.961158983949489
3.591809229055857
5.648335473118987
8.426465848716658
7.790417641042132
6.732344224482707
5.553065474154202
4.707044596350726
2.1624035074076717
1.6202897096500617
0.6632725332314139
-0.7610536684007481
-3.604781105757632
-2.532361728625525
-3.0423550916311783
-4.63424652630543
-3.440698984233088
-0.891412973160862
-0.1634009159985127
0.8556508963846423
0.4280178326928177
0.7752574739708334
2.203113755475476
2.394786155692285
3.3031926963896474
3.864683802531675
4.841995734616326
1.8963567156812804
2.5896381466742584
0.9545002922736685
1.8776242605580071
1.578816960710792
0.0060751411202287775
-1.3690264412779585
-0.314940603124761
-0.08309936470051837
-1.2945855192128868
0.5375125543228689
1.3094364722748921
1.7664792671158878
2.6736676140586404
3.5635440278031325
5.544242564194139
5.990586045108169
7.3905924521083906
7.470702694916274
6.5267851365936815
3.9210533855378555
1.9152751501702094
0.3048232313328614
-1.7293163066609827
-2.4939720824625233
-2.194655652388875
-4.046014571959317
-4.4285861818105605
-2.113112654125103
-2.116415379076116
-1.1893591406014332
-0.9916197024169939
-0.3394469756270242
0.28671704789517477
2.966636492631033
6.127510698525723
7.6326539932450475
8.565994869215793
7.829819950886976
6.271701480066575
4.293946601054832
2.0027391989226437
1.0224313938893432
1.392775846075125
0.8074494764090143
0.405914655488479
-0.9359968972532664
-0.42231492423214734
-0.5932654525573207
-1.862032622834778
-1.80891386782254
-1.2677743133573962
0.44617418302281087
1.2913375214817493
2.4471879743270675
1.9708356895300474
0.3282541870257849
0.631367274365635
-0.28017429960413043
-1.8703050983705216
-0.570807052230746
-2.3003380663571136
-2.5181547329029508
-3.2287008376684754
-3.103067905977515
-5.209986570162412
-3.5675131993657057
-4.1843592432727545
-3.5613708168154043
-2.7318784445362856
-2.852628069633031
-2.007795409886681
-0.365454447779596
0.6945448122759509
3.9604894009828464
3.9678021977804647
3.9215405140111925
2.8448203823250413
2.5510229885601468
