1.0
0.8806887957905799
0.7305281720865976
0.6260760925773596
0.5578763345417949
0.4150847612256885
0.48568892881197934
0.4642954536883775
0.4030547683908592
0.3983325531073176
0.3846600097327628
0.29190026811200537
0.25456941806308403
0.1745893991258825
0.13634554121725317
0.08940619678612988
0.09796014081777664
0.042774128251169205
0.018678839605991947
0.007907603773694583
-0.0782438649946787
-0.05161420789837415
0.01959321409044623
0.03186959969819407
0.01116431141773971
-0.079417876695776
-0.12910337248736858
-0.11533572753594867
-0.1379483467688432
-0.05312660466265473
-0.08860622655236894
0.0725555780325238
0.18846852322367458
0.15243697156141903
0.08594247806907035
0.1408697899685563
0.14758811725277513
0.13010816585500798
0.12379380206192818
0.04523580536922772
-0.021024481625867474
0.0010495831779963431
0.0092099307252758
-0.05230176167737367
-0.14277728328410005
-0.006811199429990811
-0.06940415748279649
-0.07299160036133319
-0.030238883907882052
-0.1015843840883335
-0.0006832526209559348
-0.04183989816725585
-0.03794549707529966
0.0120482927079361
-0.03224607480249811
0.03373443535432833
0.02727218342725686
-0.08500535573531834
-0.15215097038179276
-0.13541793036709854
-0.1699179186218944
-0.1680691732411146
-0.09920384698534665
-0.1970704992045081
-0.19508643143852605
-0.2097951605691154
-0.185290802176147
-0.17678347634059657
-0.16848541890675567
-0.21012614026996773
-0.22513912049051443
-0.08532285991893841
-0.026216263195198694
-0.0021788798972365696
-0.01318904581261153
-0.04594124694724029
0.04365660479655448
0.04677982387691268
0.16203663176462146
0.1313640402536644
0.10183644667904196
0.15759768262995547
0.1318360347282365
0.155231084434078
0.23296606601928932
0.2995506905555093
0.3178079484249677
0.32207974895627445
0.3744952810097107
0.3301420630898131
0.3338523847947198
0.29962061194509815
0.2390950369169327
0.14369610952454706
0.10007955918846331
0.10148380078828036
0.04825821695808787
0.07815824822578014
0.13952543989040556
0.05738331581944775
-0.0005093812790679247
0.047660885227375126
0.0010824752189550271
-0.1307007796110041
-0.05293876797713194
0.00655142102327011
-0.01929944468763352
-0.04300804349387805
-0.08385507291570768
-0.1464993879789716
-0.16847332282558347
-0.14252377080717074
-0.13507184019864632
-0.18090743566240702
-0.09820999906116584
-0.027033465258033948
-0.01852882362355073
-0.037716187492782646
-0.09398056424230398
-0.0954813186591551
-0.08872070124729627
-0.0332883109655823
-0.08849662811422124
-0.12251027506995354
-0.21745257099097753
-0.23545886334542285
-0.24684833337565568
-0.21490261759545784
-0.21806112811230993
-0.14397840204889797
-0.005741311101747845
0.08038393836268946
0.04244030759699636
0.04832523175255526
0.1344077051250571
0.03604813587193714
0.09537330196778993
0.09756237196991835
0.07857493211593514
0.11548255549756974
0.017300486080571983
0.06399135807799429
-0.021291918779557162
-0.0054725369245838046
0.04067127133137714
0.12732424998801053
0.09042072294857328
0.1345867308600488
0.2011485764482483
0.1349090201023109
0.03818440195098077
0.012501912413220937
0.05372240288676935
0.11929717551547307
0.10598756243047198
0.08825645115387173
0.024448115483149818
0.13278150511615552
0.21398551424934398
0.23872937116104212
0.15454483557812254
0.1269303145536344
0.03171897894550653
0.05424660205232314
-0.0351565425113615
-0.06316968606032632
-0.1187531082882488
-0.10834641986475659
-0.05432184345040254
0.057358447174994456
0.13070442153265033
0.07061963877012228
0.06844277978756808
0.13450062599024584
0.04072940396900157
0.17821715041916958
0.17661648075403572
0.17354154088809093
0.16925744360746228
0.1940933241872063
0.15929842304063271
0.19577427921481436
0.29013437126517994
0.3096784380991684
0.2838399406135727
0.28971515330023345
0.3332444192916622
0.29244903857754456
0.22593262918260265
0.20723671536241986
0.16509571886929916
0.1361586245691102
0.055696377382746076
0.12919444285495757
0.120435782543235
0.19281781934506625
0.1925607467554053
0.13635327515617016
0.1848907731544898
0.06302869389315714
0.04097021630042112
-0.013386665089918565
0.005032158446336092
0.03951023329134774
0.020742883924187355
0.03738612045129322
0.14980743963262122
0.11966514352236203
0.09187730688457588
0.09449017341550282
0.10745101910962583
0.025525820063386898
0.08812557902350966
0.08427564211312068
-0.04274155119921412
-0.04725701000263956
0.0223755228720863
0.09545246825245679
0.10584289797487849
0.18369987492611797
0.2169226628492235
0.18482364247626182
0.1536799045837889
0.13052457505379655
0.1184140359723914
0.11459848753149929
0.13729278756133284
0.15913811227745675
0.10547198067304805
0.07591099628006429
-0.03654023367706055
0.01885171161842776
0.0834501946629757
0.02917518904498493
0.049909764942955945
0.056611266221089626
0.08901927676706456
0.051059325653097835
0.13468603760648326
0.05824481875718804
0.07484028856675765
0.08030980072745626
0.11427129323573049
0.1469234316465966
0.11249036226879464
0.03295641722408012
0.02951535588360096
0.10240398232997788
0.0746949333328803
-0.10159101896087076
-0.0870891603611878
