0.0
0.37562953842742797
0.8961880819668615
3.903288295609567
1.9512507703912405
2.8984071140081444
4.324848826025062
5.45406434730127
5.871780249020451
6.7911528056165915
6.246118515830282
5.844582249379343
4.987146022576295
5.820814167569107
5.02905176138011
4.182109030703969
0.21953118833603869
-0.11461205609388436
-1.634841498509708
-2.917273937223246
-3.4314358689866826
-3.5515459383719192
-1.4780245004438155
-1.3967661696170284
-0.31623297218208335
1.3913755552711837
1.1465307251046772
0.9068977800331152
2.0988425975561333
1.21669842203591
2.042323796953335
2.044800542107997
0.6671416942931784
-0.6941777399001373
-0.7874538095111162
-1.0996972550397914
-1.7959171223265646
-2.6937625656419977
-3.1959509994317283
-2.306555874156616
-3.402537235009997
-2.0796630813315353
-1.5923984741398833
0.007791211667487197
-0.17474240191543577
0.2382803108113397
0.6510064099424017
0.9295685366658654
1.9582000465661404
1.792929468345119
1.8052551458114965
2.6854227242345403
2.399102206562205
1.0861780090688578
-0.028971414233336573
-0.37336027570973374
-0.9639867986579959
-2.8570136767251353
-2.6901410547977016
-1.916902858807933
-1.463290165795565
-2.0101425358114717
-2.152337671483647
0.398816834059585
0.4325808736797522
1.9066637134474986
1.0659468979083195
0.29594103003661476
0.5057833386516123
1.765139992445731
1.2152761819507607
2.3574725975390596
3.6366243939697265
1.7509730868911526
-0.8185696911568039
-3.021457448891495
-2.980456190871847
-2.919587770939701
-2.7088082513936342
-3.8054977241853107
-3.4997344394611334
-2.1111548053662874
-2.9973333442925827
-3.212640422787226
-2.1141230666553175
-0.5683581323082167
2.223641290129809
3.573565344245699
3.8018012560960943
3.398750937439359
3.26103179847078
3.5923192770535617
4.675412744566879
2.7276045772977735
1.0316574694859346
-0.6736058990990416
-1.8189843984323377
-2.792567325405075
-4.656903067773391
-2.8649896078094734
-1.8229532779289754
-0.9342213362249616
1.7490662729472934
3.2098345619662507
4.683498595595394
5.04638075056824
6.203864587495015
6.673649765870614
5.224529243157111
3.9643287087841306
1.5481594452858936
2.2440981528863766
1.6214699954518177
0.8559888311216014
0.18615801085246492
-1.3398458055697189
-0.9886032041214228
-1.1843303780766004
-1.8080413795240262
-2.707989239798538
-2.617049978975375
-3.437104016842407
-1.9065310372080195
0.530125107392722
2.3172842851729096
1.9043530108083764
2.6757728325412087
4.020416728073175
4.950306962867798
5.962448737036645
6.006183092891748
6.565719253666356
3.538437143173902
3.566973153805667
1.1034469606798076
1.0367532446907284
-1.1927451343241262
-3.716421902324096
-4.453991655284757
-5.553550243832201
-3.2759401379279494
-2.451451178724622
-0.1367797403919533
0.578983913763153
0.20681578051894745
0.07919347758826034
0.24761150061268222
0.3720002345641674
-0.030539030429188707
1.3058869290074098
1.7351966296095587
1.5495301589378458
-1.0028224966037351
-0.45723599822598837
-1.671478137022555
-2.964908105142523
-3.2704072914977926
-4.174474988837711
-4.4781193601442935
-2.866050181143075
-2.3313693537441815
-2.1650256864569384
-3.972216048298261
-4.165362548684603
-3.437252845014363
-1.0508981670848787
-1.2249456408822623
-0.497809386584416
0.8034459692856268
3.296506636124926
3.8459586189915194
3.2462613993004314
3.8972496148021474
3.510525067395718
0.9178358148914401
0.046542806908871914
-2.402014647185095
-2.157207348645866
-4.002376986771839
-6.7436688893349075
-6.3860263586758395
-4.493234491168701
-4.039087298047326
-3.6923909311587213
-2.489545330625194
-1.629482204802258
-0.7327151639100218
-0.12348310923107181
-0.13217099304067004
0.028307836082924975
0.14471685002739956
0.08766637723793211
0.5788878170972919
0.5742068148238626
-1.1489175996331547
-1.3200416310318523
-2.2910931598480966
-2.203545403154511
-2.753393064227895
-2.8243953324161457
-2.4158763773040737
-0.236593144779067
-0.35478068778911365
0.9688003012082071
0.6688147940255613
1.6518961980783933
0.2652586796749685
-0.12357844531145634
-1.153486621124373
-0.714010131307176
0.2583893223355973
-0.20161025418535572
-1.5501321760965525
-2.031417256650963
-4.003590793504302
-4.203135505414854
-4.840435403318108
-4.665079484025016
-4.16885673006153
-4.584219790211555
-5.04245202250563
-5.591926987843322
-4.753733669233646
-2.903165871924619
-0.9822142112724932
-1.3756474671622043
-0.30080455397940986
0.2086581078818891
2.496323964951006
1.3502559974459287
2.7025405520123935
3.8482154106930606
2.8130380059952502
3.173182736908277
0.09698113270610009
-0.5352262115189468
-2.162969980820714
-2.8223591777051933
-3.3568833429028726
-4.696926282297129
-3.164573385323455
-3.679105322238831
-1.709716840916611
0.3784406211727438
1.6989319020063292
1.2937287176267422
2.7737947364521216
2.0161914289577947
2.153637441595902
2.862111669710368
4.686395305192186
4.383926245301084
2.375395746832612
1.681852922785814
1.4150125773600595
-0.6252914378678611
-2.686577870382785
-3.3390399948123592
-4.2153628281182165
-5.660893986238089
-5.677253600045775
-4.8095140841739115
-4.7398125793454176
-3.9370676274408507
-3.2324015332680243
-3.310735889813368
-1.5492277732518158
0.4913805976937815
0.6650304858704557
-0.3156331921144091
-1.0611556407097056
-1.6448911995625235
-2.2865811685016864
-3.6543614761235435
-4.463324314917082
-6.3950103996593946
-7.542336094151004
-7.562664007055122
-7.537266954053172
-7.772873096717644
-6.986255509830711
-6.532046596183675
-7.645805957727216
-6.134524339739057
-6.339773713823905
-6.608566506048419
-6.4879485176013905
-3.7363737195005955
-3.447886593643562
-3.2145773365766384
-1.464830390406544
-1.4454783612278765
-1.6119558933036362
-0.9813382754230653
-2.1504749523245246
-2.9760862928683203
-2.4501537854359725
-2.11311902805327
-3.9783654158481943
-3.898418458145013
-4.902049849164094
-3.663830071955771
-1.9836020371126954
-0.625408482147316
-0.2536565330950358
2.0987927108869027
2.1769556120079216
3.4891205116123305
3.3548583424262204
5.107063825363494
4.320122170659534
3.738398912751778
2.7354318791765206
1.482384715972065
1.2764819561360699
-0.5080083263598112
-1.0077256649932973
-2.987513132679025
-2.8358389761930156
-1.5138100243359995
-0.451921227640655
1.1008365519813912
0.4400453682685658
1.1344567148510791
0.8118491764122013
1.718476914204036
2.850396352644661
3.033803464998249
2.0768373810576843
1.6950417044452384
1.434292025185319
3.4303916531746586
1.3427449490702645
-0.2710674298796276
-0.6399763889062503
-2.141355671318463
-1.6068958858344617
-3.353784987066469
-1.9778680560872972
-1.1985911470530994
-0.3304035719861055
-0.14167687153534553
-1.6017637967865734
-1.0468721852773721
1.1341300308790807
2.526448118584797
1.891896938947689
1.5795268012230226
2.386835484109829
2.600511738059675
3.4285004700044177
3.4454092517783272
3.317127750484142
0.3684226752190749
0.16179786963808485
-2.0494900499408955
-4.034005038469909
-5.593961883859112
-6.061313315235653
-5.840631062046512
-7.33732872146137
-6.5717200012555805
-4.716887701803718
-3.2002285332957854
-2.8507953203628293
-1.3987783622593202
-2.2320150687083604
-0.3273804764593049
1.009605489529428
1.2674933631034362
0.7627649737951175
-0.5069063061571264
-0.6005907149121559
-0.26813581529416153
0.13827968401284085
-1.9962049626689091
-3.8696276560436536
-4.922548996120571
-5.939338090701726
-6.939077791713885
-5.801550207112959
-7.344775945654776
-4.461403893600425
-2.187741333131054
-1.8628894911827332
-0.47696318160904305
-0.3731183664502348
-0.11200542453501083
1.0116569231054062
0.46025193356813865
0.4283544593133248
-0.4251662843014872
-1.1498722852770178
-1.7810579491622365
-3.8815892860630807
-3.0904483702994847
-4.183081055476188
-4.635078943417639
-5.534925684228508
-6.101684270137137
-4.215783461818018
-5.071653387397054
-4.6971372506687
-1.9972375338441897
-1.9320138600087162
-1.3792385928083624
-2.261896967356085
0.8643757138912691
1.6627085503638142
1.9976851477585638
2.997867715881002
2.4775089284223237
2.214806640472948
-0.6640340582108406
-0.27038530846956155
-1.2555356616000763
-1.53064895805346
-2.322972871288008
-3.314711800840265
-3.865012458026093
-3.2602743149190365
-3.455089365076869
-3.357619065240849
-0.8662208217710552
-0.7694936034231036
0.4009868077548583
1.867813610099446
2.3369570123468524
4.813190818778397
4.99807810373494
5.814290514049711
5.810641419614086
6.832026727822986
6.472205648450656
4.852687789048183
2.501153634113074
1.5651321205341768
0.5921044003255924
0.48792511641242287
-0.1193195709810271
-0.8195160327325459
-0.605682689267863
-0.6502650987991372
-2.040729352285315
0.10708635355948926
2.6241814189410952
2.158109046133595
-0.1450611679409879
2.1362193841629393
3.9690558224198202
3.951515917239691
1.3325725755237623
-0.012978337311571386
-3.0562925905746274
-3.4592604883006968
-4.972566614443066
-3.780518497151716
-3.2492442971767206
-2.416951605230077
-2.5977220185073686
-2.883463165825123
-2.1246887085433377
-1.5102873583876693
-0.20590429911259828
1.5434547253447752
2.1767955593929673
1.1771993307518518
2.0265804481841907
3.855718343340827
4.551480088145935
4.415296517899984
3.9309772478564122
4.005053901428285
2.6236114248136158
0.6024879644122726
-0.18017299839721396
-1.9491997702273294
-2.149645319648434
-3.3526814788853083
-1.6500874563913106
-1.237623077299317
-0.7434936243568466
-0.2815185818815254
2.284118314597273
3.9990002301208625
4.382387601982428
3.307400940499186
3.698064297134753
4.418925188443123
4.505292777275473
4.519199192638892
4.440611727579392
4.22238521298308
2.907830739845915
1.588152309179939
-0.5348042906053165
-0.9616526686374041
-2.541810915845609
-3.5437160360597555
-3.425283211561114
-3.742305047547999
-3.9397071580074203
-2.8951863767553454
-0.7953588034088905
0.6382417896579621
0.8208761019667028
1.7409700508807122
2.9074703181310624
3.7777119389774145
2.561167698475524
1.5934482074628313
1.4503600380292054
0.9393012085333959
-1.0312305386923355
-2.960102852833869
-3.183325297333789
-4.25082116439915
-5.888387096987234
-5.944039072251139
-5.536096426960529
-4.9306905497844
-3.8449158304204505
-2.7469800556756514
-3.3664392366181346
-0.7290257880228921
-0.7744691654225127
1.4946419989666468
1.6754686624991688
2.712843535619354
2.5969811084887695
5.180279888010215
5.232753596206172
5.486022671721707
4.729565909071538
2.3261895279122173
1.416846297474682
0.9941835122852845
0.6238745374314972
0.7090092818425644
0.043366402830048445
-1.052720167141954
0.1331898069354519
0.1044940809238743
-0.9311171584730433
0.10999318690502578
0.6474525167026506
3.3025388160200415
5.305964611186193
6.03705116450243
6.094388449108087
5.116284252432384
