1.0
0.8734402633008421
0.7593675482176581
0.6309051570280103
0.6637145733039347
0.6611301784564743
0.5766722504042971
0.5590461934445143
0.48170700298387775
0.4283387041717446
0.3339419335731346
0.34307572313699797
0.3468231909115284
0.2839660967405181
0.2694684930816114
0.19122419207903688
0.16385907049509227
0.12856563898563578
0.15754101818934155
0.1729367449365427
0.19669116151790722
0.2295218329882203
0.1321326402265732
0.16087139642440584
0.20231510345256384
0.1258343976802646
0.07618583228100868
0.1324519282549283
0.11068105791942967
0.1777572186042506
0.12265319206019842
0.17102835054930932
0.08018395734389538
0.027633688033674157
0.05876680626856655
0.1440766875990012
0.08613455599300782
0.17293786489509338
0.20115747188267635
0.279267057877607
0.2910574319540995
0.3257686606929292
0.2681861574196655
0.2703902572939276
0.2482148130258317
0.1666209455636699
0.18770963253705555
0.21620009875001814
0.2806491797865225
0.27509047802090825
0.22164276369298677
0.2800660274807312
0.2987877370548475
0.2105499941757921
0.22688017401197738
0.1708991217379508
0.12899798026160175
0.15612532447430516
0.119942573344991
0.08038746999051544
0.20212805963631608
0.060064804564966656
0.04050835031804721
0.03965358990084529
-0.13077476249480258
-0.09147663754875356
-0.0454164168977953
-0.06240283704401761
-0.12159744316195517
0.0009285888867804626
0.0033364848817058652
0.0013513261325443747
0.024554106430976476
0.10021809912167146
0.11222295481652472
0.16187068934166432
0.0917482266758215
0.10970659251970745
0.10685322929614521
0.0837582684746457
0.11830772715163834
0.05891012890640694
0.007714815155356956
-0.07441707468951465
-0.0016281232506799373
0.014287620622631244
0.08842518888729778
0.1450172679367724
0.07732921365482026
0.11703230156534447
0.03455860827870634
0.06117318499844
0.08856110822348415
0.15014640544087393
0.036375734424959644
0.06987407849471874
0.12141902886647367
0.14827196769856615
0.13652058946886597
0.22342989086297493
0.19005883660618236
0.1476238858512774
0.07222561762442781
0.17265781636034117
0.18951686196426237
0.1000510799937919
0.07585599915211136
0.23522608134413092
0.23970607391048296
0.21601260737183928
0.1822422846956459
0.11115153589957957
0.11153463606041462
0.1141840513185453
0.059202891634370744
0.07993155910442927
0.1106311806278249
0.052712828879155245
0.05244153977001848
-0.005061802032500708
-0.04031470820601747
0.03669261423337759
0.04667155439785866
0.13509010605265398
0.10047449607203973
0.13342368892299628
0.06466917670903305
0.08319180949820094
0.11031720283414186
0.08452056596907974
0.19343061338226658
0.21179287998170043
0.16898820172093124
0.18185448044230104
0.25052487155065356
0.21760072913531325
0.23543218592971998
0.10719979513316238
0.048622305490274756
-0.004054581691476933
-0.043945630163010674
0.004751926686180498
0.06009701882248167
0.12096729890541516
0.015886956812129205
0.024281100640903427
0.07761277716862165
0.093641697320059
0.12533290656855306
0.08700471962106543
0.07314125238135205
0.07831465187020276
0.10406584037665592
0.16421818380497738
0.17006072360941724
0.1578188939413441
0.20803821013830726
0.16792046851820447
0.15257594084949705
0.17622008264617617
0.1052272779667151
0.08838909703860189
0.08897873411685168
0.08178105841099359
0.039599730912044474
0.03278269648307952
0.10142282962223158
0.05295299538810953
0.132325327044941
0.16758138790482485
0.1139228902422376
0.10259465453429739
0.08941870436019694
0.07656049209898327
0.014795315680554817
-0.01915248217057308
0.012643249710666197
0.020210466562775038
0.002832100603707647
0.07928891978926524
0.05907493834218848
0.05480820607949148
0.07234117204943377
0.08401577200326238
0.17407403704603377
0.18349358382579148
0.12320311156886057
0.10820386028556951
0.1405015343840917
0.13671802438449507
0.10868768288185673
0.18625046759134042
0.21711270846390285
0.33394549630132836
0.29369321704513834
0.2865277737682734
0.21314625158333397
0.17349888732200924
0.11979554926953996
0.11897770426558921
0.09009232597573454
0.07882063981748169
-0.0016085645057904163
-0.047898652410223425
-0.08004275856645547
-0.09010029489997584
0.02753345888070352
-0.010965404553443213
-0.03304127454184434
0.0006116125883770425
-0.03142968820631144
-0.03972501422476557
-1.4416502680705823e-05
-0.031135335423319834
0.0721218438322663
0.16452434921836406
0.18056700856869767
0.1428172808071301
0.23109390125545784
0.21052491427715622
0.189012354096982
0.1277777308912712
0.12091312904465393
0.08332834892729674
0.10941693508289468
0.124303647843554
0.09066917274587864
0.04552285617922848
-0.016075109648726285
-0.060554243374540635
-0.04817809974189697
0.023394725609236604
-0.013438570415260576
0.02300391824535468
-0.05108950915944801
-0.0022343840603459286
-0.025761712112899106
0.044277953248008275
-0.003514914478902037
0.015821364817462564
-0.04427584961940821
-0.08947113810579174
-0.00976813221195598
0.04079261056978233
0.05240607884102731
0.0007731501672710514
-0.013382744281686475
-0.04257547563500485
-0.09545314408368902
0.007387269979914443
0.07006542333276469
