0.0
0.4148301986101245
0.6040966252062768
-1.3810571562191511
-1.2834962392239526
0.7014941187537626
1.8199901946421313
3.2817228057534895
3.1334273886942965
3.2809770469323007
1.5628210940645297
-0.13235373530754235
-0.21843460552453953
0.8052092794319824
0.5638470821780555
-2.0703591315796768
-3.0996983391077584
-2.5256776618190333
-1.6646124187825848
-1.5708020951158206
-1.9849212375760075
-1.062862119233134
-1.3705054783409314
-0.7185208690811768
-0.08164886382897413
-0.4865792972358032
2.248288405084375
1.9591754880919954
2.426537170572003
1.025413259656525
1.1735236635293647
0.19439377972574778
0.9468085759694361
0.3526251613135313
-0.7465017100644066
-1.2886719035112406
-1.4390177577109164
-0.9496745933265449
-0.30072223195297165
-0.46980662570738496
1.1786384318429524
0.6316478225756457
0.9524904938436035
1.9622933276889236
1.9552964810470241
2.4886644644053333
1.7401370458912284
1.8411411873330965
1.2955042559562322
1.964983756850639
2.8832625043648292
2.885793782571219
2.9112595564533237
3.483011859742544
1.989350134436417
-0.8114769202269514
-2.285856647047773
-0.4516598053420626
-2.8696411049292063
-4.037208875749249
-3.991847151064026
-3.695217345454808
-4.289080535706692
-5.0244777464932895
-1.9472906016107148
0.1435535941877698
-0.31253115911797424
0.03144893510541502
1.008734052876845
4.325478849147492
3.774754519032644
4.244553333652382
3.735693321517893
2.62582026967001
1.066906570096038
-0.12063747399619656
-1.9253840274557383
-2.5989082433324993
-3.301361330024279
-1.9841930592382373
-1.794109911765939
-0.6153170890259004
1.0912533233079205
1.7886247232205055
3.7672344312332386
3.756347529534671
3.8023331490079313
4.8100475919155325
5.493539763979986
4.971581806911097
5.155078636141054
3.7181264676182475
1.564778702275593
1.4468739605489769
2.153509447896517
1.9051380077102014
1.7008590174646478
1.8973554453238655
-1.3626650095936137
-0.8556014584492768
-1.8908383404929316
-1.0040301879238018
0.8233019707587035
-0.17907028026253702
0.5837724495013262
2.98727602345681
4.5583249854133365
4.319258459259836
5.435637390204991
5.0962163465838985
3.473839195005981
2.400917977324033
1.4776770059873217
0.19411456560506446
-0.7029982407094282
-1.7352867977976474
-1.8267396462537944
-2.541030515731997
-1.7251914893435198
-0.7974409248499517
-0.060794267668248136
-1.189702659002209
-0.6829249262981192
1.5990182667424997
1.0705518316525842
0.6580826745323869
1.5538910951989813
1.7108383633921964
2.419358344681383
5.716459531055356
4.592662168351078
2.801919465613298
2.285327697414938
1.0059437069033415
-1.185885508038169
-1.6721671957644042
-3.00869376858237
-4.126826243428937
-6.720803858170584
-6.985919224982183
-6.732921073642444
-5.257090358761012
-1.9635180539206183
-1.4420648752344738
-0.05690006617008919
1.8177292157207887
3.392924139916996
4.607544144425547
4.919936784611146
5.635729254057674
5.2006612657860725
5.308013612607564
4.181968361517428
5.181172210182737
3.446113914590535
3.570563136492947
1.237605213458606
1.2304232323938462
0.332245633714331
-0.7860146701578932
-2.194344080437685
-2.7010009639488075
-3.1927125936718044
-2.5508740272418517
-1.075417396184819
-1.0465121235237396
-1.2118364206505245
-0.5055656240336447
2.8221368426472266
0.9214378208209788
1.5405029845185987
1.5270422871470846
1.664708035030909
-0.17522294884252587
-1.3406005300837411
-0.5177321673106641
-2.241354867356338
-2.280123729386411
-5.420741660060729
-5.503439662337822
-5.182378814322583
-5.278412437697936
-5.542845582586228
-4.301981427037824
-2.486559922997059
-1.5897904193472416
-1.2190570329728248
-0.6964074769863224
-1.462039495410815
-1.7961878181298467
-1.8783766765825989
-1.960280651483377
-2.543204614945174
-2.855748011137949
-2.417612214765015
-3.7675271370264687
-4.766978564291344
-6.038837945400376
-4.2022586848508166
-5.613045674706817
-4.572156091271687
-5.137451014567913
-4.119029629031707
-2.92064945124191
-1.634784223325716
-1.152080252288909
0.1356861117486799
1.62307631287295
2.554742088699259
3.90642750286786
2.6761779841270408
3.76047427584892
1.786350320073553
-1.0399481859025042
0.2764128766256555
0.7172976024237968
0.003747477094746654
-0.9673893011996628
-4.633352520670214
-5.859496258768502
-5.653002821329756
-5.553041638087397
-4.190964602151353
-2.0468023689481507
1.692114282632492
3.4949699501359115
2.930401223182625
3.0831417948756297
1.8047476858125813
1.4689866502713294
0.5936680695151307
-0.4664267064437412
-2.4122723850012813
-2.6723087206878167
-2.297173342324414
-2.9531933753260073
-3.062181363884088
-3.7837407600667605
-3.233757268785915
-3.7408995931300315
-3.035664498485513
-2.2167877651620254
-2.7022910160239526
-2.6032017718112375
-1.8498883415835
-0.3178065053392113
1.3793977163451454
0.969232466586408
1.673166773746689
1.0769191798226514
-0.23369989407839098
-3.049782966488662
-5.0688419733938765
-5.677451417207711
-5.869166088599303
-6.378111432543694
-5.564658084312087
-5.851327204784723
-5.813915157608091
-4.98281304155338
-5.31361294289741
-4.38462352247927
-2.147595444812217
-0.9684947628748837
-0.005980999133606196
2.3119842390033134
4.50089994143682
3.577964201509807
4.1231492503682805
4.095175987695226
2.9694864296831303
2.3859573396211675
2.23194781615258
2.9730146960947526
1.5677216109755678
1.830961470927169
0.808640591940316
-2.2460899953190756
-3.2015034728991534
-3.7888895024802713
-3.2149506701445185
-2.473334496580573
-2.089346320780563
-1.317952351857782
-0.057577677713163244
2.6511532084183296
2.417807984367964
3.097304387051821
3.435576972034842
4.059305291995918
4.165204207062237
3.147987288930761
3.7190452050099774
1.7815206142409759
2.6487858558171453
1.899343023243462
1.6830894926103377
0.2598169436432349
-2.036176730608563
-2.125980587423282
-2.363800594838818
-3.313280486250151
-2.7675895479990533
-0.47860315311612767
-0.7321935311918294
-2.643047466862863
-1.3090429085486885
-0.2284358472637374
-0.04999156550501438
0.04813541972703361
-0.532019795857839
-1.09905192688075
-0.8387239787574858
-1.4809727299533868
-2.3370098037454805
-2.621353853083989
-4.6059882751912635
-4.1269963616473255
-5.112420342466554
-5.521678148870186
-4.1215509666245955
-4.874090400151339
-4.634473002023179
-3.5363197388990284
-1.368599604765035
-2.052395009503155
-2.844697340248376
-2.6842756051108063
-3.996195099138115
-2.731241291725368
-4.1502243360190185
-4.279676966571711
-4.06063539007315
-5.527113593776702
-7.583586182131798
-8.22707083786908
-8.296731647809418
-10.864859012773444
-11.011766637931922
-10.121737871120065
-10.93399919156688
-9.714127706580992
-6.8133088849964185
-5.652084916179548
-3.789016395297895
-2.7001215927593454
-2.599631399078301
-1.596254750940187
1.3876062198416315
1.4250774257580434
1.914832874488141
1.4795253462313573
0.250422866599334
-0.48355568711233293
-2.1790972204543175
-1.8946909914426964
-2.3638184058595826
-4.419279027178021
-4.6180124770501445
-3.9505904095788082
-3.935432310919677
-2.111254586930258
-0.30012153298751687
0.36386359068434315
0.8941692295319927
1.3347617241923686
0.04512058327130308
1.4574525071784676
2.24065146918295
2.984508131296778
3.583718042485335
3.463426958996891
2.5093512549268753
2.0642856180257714
2.431702822441313
2.4504740792155046
-1.4278247186169712
-1.667042151859396
-3.553076993565722
-2.990693740468825
-3.0748864724994522
-2.709401509035432
-1.753238426316251
-0.5788174793893335
1.5391674631607852
4.212253039414923
6.906947877865983
6.110777930800225
4.969231478165319
2.9680648918043326
1.1704894220261481
0.333845252649575
-0.549630325602384
0.16119656601915344
-0.5491479406164543
-1.8427999311166423
-3.3387341629257272
-3.5711420068549034
-2.6713839769434973
-3.8907468823206544
-3.1128047449750698
-3.8514750265039046
-3.1256846584850893
-1.9600269661582583
-0.3304099070127988
0.6762871015703962
3.3873852896941257
4.002463377012359
4.838596243781772
4.647157903236053
2.0459327760962482
2.062067654092375
0.6347239301912398
0.26471380141497103
1.1103396903754916
-0.2245338486681171
-1.771688329505836
-2.0443020042936686
-2.3202299960202146
-3.85183527213316
-4.082278759085038
-4.997844378205336
-3.604856885069968
0.2325718680899702
3.750536808598209
5.582268608225627
5.877477565993999
5.641976638071004
4.812502758145161
3.9105875558035192
3.2423434352368985
0.2076724684788127
1.6850259174629674
0.09617338489768679
-1.6655897680186218
-1.2083853871537156
-1.6785174714263433
-2.000255675183131
-1.9852689446741236
-0.5427905402106443
0.0732674498467969
0.2762532594733747
-0.12973419858868285
0.23671112907571107
0.8089162026369183
1.3483928657444042
3.2583102696224806
3.140381557055866
3.49619432245444
2.620918292965138
0.9325872209858332
-0.23846183246368435
-1.1682752516288546
-2.115731465784181
-3.4013492424541187
-5.045279302766654
-6.508199488084627
-6.319740683473272
-7.042572149479563
-8.343601916796258
-8.776319469123488
-8.025107317913946
-7.222327863403884
-5.761395781205599
-3.9788079882732625
-2.9740508454923744
-3.971103785716945
-3.072584172790185
-1.7028760720839822
-1.0916610819074022
0.11149407778778453
0.5719528865488916
-0.31065945118459604
-1.2570613709296814
-3.266495202982015
-1.6658213764079481
-2.7131560715599212
-3.132442394836164
-2.667281725177294
-1.3377168474519632
-1.5081952523996678
-1.920840226579531
-1.8080802852814886
-0.09106166087299783
0.5750495293841162
0.43978435898542867
0.8256470071417982
2.0229818038016294
3.249790801677451
3.9485509604812803
3.2422932476295587
1.1295292471985723
-0.15140549014055393
-0.45485497850441914
-3.301738656811478
-3.6110095368836097
-3.862924728051799
-4.532465320758387
-5.4318547038568035
-5.682041345462178
-6.658460567027449
-5.726051379808841
-3.9721642735954603
-2.215985119706058
0.91462586015515
1.8143462505577692
2.325144474298735
3.1767796279306837
4.582637386584171
4.840210342459377
4.390430932874329
2.005441251390759
1.0661661184576228
-0.72037556810817
-0.592109966570521
-3.167623378220416
-1.9828687576768513
-2.668298498959511
-3.1311592652792686
-2.601169441802882
-2.5436165545719236
-2.581347257176754
-0.8914203544877317
-0.6093311315535548
0.23991593760482208
1.8081292088166192
1.929418891310684
3.018965964520394
3.374387602764795
4.569242254166343
3.9391560794500533
3.0477649421938846
1.6764198329684774
0.6538991636054164
-0.24408710750524437
1.64830379932265
0.5408577125005692
-1.0040089754510282
-2.1809534347820674
-0.5432763050959761
-0.685077017351117
-0.2896889949779442
-0.6017726795284206
-0.19211771209642153
0.7704727962513322
1.8773210794547206
0.5818760880000933
1.0934608933777232
2.8398949797380784
2.506329953802501
3.4141838876847532
