0.0
-0.13826430117118466
1.397886837417986
1.0310659855305357
1.700875634502328
2.082423477488355
1.4197653140877635
-0.6272027383069223
-1.1286905502214513
-0.7061883263129425
-2.050554560092467
-2.080955962887742
-3.3078218445043137
-2.8829629963691725
-2.234232854680633
-2.3149573958172556
-0.24442320538960227
-1.2807526833857565
-2.381874667472789
-4.117517095046668
-3.532296980856268
-3.028787705970953
-3.0460971079751493
-3.4809679460016487
-2.0980606186367114
-3.667078927364262
-3.709510136030029
-2.7516986119706845
-1.5657189395496725
-1.7331407112816022
-0.6000594641256889
-0.7358813147482445
-1.8693273238851194
-0.3427533309693849
0.6860504962293987
-0.03134943331127549
1.502750777838262
2.918002583131683
3.4566049885749988
2.82382555889686
0.5632592674299235
0.8625000513157433
0.2581466783211377
-0.2721045954510339
0.07859747295816222
0.5805624260218574
1.490358070728121
1.0176835218534932
-0.5456531625881379
-0.23581523200158172
-0.4510606578231765
-0.8319193233804344
-1.5582866851873982
-1.009480802148981
-0.7424434321266674
-0.7498842311974441
-0.7087500432520146
1.8181732428684354
1.943541999024486
0.5871807765686206
1.28055661584003
0.2469701917029694
-1.1807135081298428
1.1194874930932202
0.4444828036255234
-0.10339541783896022
-0.02711906152228194
0.44697119959061
1.952448369464371
1.4431790049098505
0.07381937331143362
1.3727043713255282
1.4258540029031121
2.071415259273174
0.5537039214609987
0.7978440815367505
1.0683825980590163
1.1991973195392824
0.3711823878387902
0.8101395700997209
1.390219114279596
2.0459152315295057
1.0318538415232958
1.3478363446653923
3.1180043604240337
2.069867165480968
1.0596455810712164
1.3025822955666875
2.0086366520681525
3.274218493106094
5.686634125702401
4.2933049065717706
4.372768792637247
4.676891153309923
4.165995227694296
2.262277845432653
2.9110777654798263
1.396429091342779
1.656946358209854
1.6612429357611953
0.3685752109714877
0.902473348120189
1.8786278117848871
0.7705200664802415
1.2193571463824444
4.964520275829599
5.637156530562918
5.762500935172429
5.9843486129053804
5.190181593972508
4.790923169807484
2.4811073583155188
0.6456505132774897
1.6862329448281703
0.4612286179413465
1.109866269663193
1.2336381903822904
0.4775523532940039
1.0787084811469676
1.1751872085398833
1.9284355952973544
1.6429955087062937
2.3652337087186157
1.8187210790965138
1.005417234475819
1.3276796188717157
2.132167129466901
2.974898055865606
2.2210828964760454
1.3156442131865844
1.9785713622395396
1.7444008056919227
0.5676819147500427
-0.7207139075826263
-2.06936007097857
-1.7295231822385446
-2.9891557066193672
-2.683697861747231
-1.9561134086799492
-2.360584056335913
-2.5123120316141496
-1.602802367104464
-2.6801718422771827
-4.370018801742591
-3.359723401600454
-3.657237120124252
-3.7975369885124644
-2.5826765711469917
-3.0263851799924426
-2.428314004427173
-1.5652755688768683
-1.9744368577454805
-1.1745428096354453
-0.9439928608773036
-1.444463081126695
-1.5082566335388141
-0.265307934128006
0.5741307242397403
0.5413391737438472
0.1804768181574335
0.034064351275397864
0.6268615017690532
2.660621277991307
1.1948951672974921
1.8745691336623416
2.32660830336604
1.2104490206289347
0.4206798347469295
0.23613338165357578
-0.10520166951278448
-0.656489464996822
-0.34811520207457225
-0.8197990665486224
-0.5078323350847678
-1.8651715549570729
-1.8998104502673672
-0.24272388734247885
-0.3785536558395386
-1.3441480711577642
-1.5043236498320738
-2.1881265997128825
-0.44734579045275824
-0.003186613662069737
-0.4041892801634864
-0.3533228173808872
-1.0929555499196804
-0.49144848055207374
0.5140591459277573
-0.3025532263840149
-0.09087920365416924
-0.8909793123824665
-1.4062519437361303
-1.799136484198856
-1.4788245047418196
0.5365651284345168
-0.09261945078701939
0.40685004510752676
2.198467525931571
1.5195222433565936
2.728467768275791
3.70691109716958
2.7557996894679677
2.5419584816808865
2.9247532873137985
2.5064174817822584
2.785085351177458
1.398628513296971
2.546508473231433
1.5594806523601497
1.5306714508313928
1.456646516767529
3.077666179325577
3.7612614858717053
4.777507420514417
5.015306414140654
2.7864904981012186
0.48946706596945955
1.167567079834098
1.1378163644288986
-0.34323795967967596
-0.35912380457383747
-0.35084943385834044
-0.39998475561536767
0.3141416754955151
-0.649253470150198
-1.640624681626853
-0.5237963534925011
0.03554121283543943
-0.7553242496571334
-1.7136057796211555
-2.7438194697293747
-2.4435266118748147
-1.9935914997574984
-2.0218166312309593
-1.0693081825411335
-1.5409376994637007
-3.6941548815940592
-1.9745572746704314
-2.0347549351073857
-1.5293312092374767
-0.2639282039150115
-1.194011242117933
-0.8768800540521098
-2.2157799778061733
-3.087070271069516
-1.912878537328008
-0.25235066769522785
-1.0909545926877462
-0.4498003798955852
-0.5989078549530372
-1.926376911626789
0.16427103953468314
0.7097598296305235
0.1534533982304832
-0.7267635606435938
-1.4903473883716742
-1.4008519471504202
-2.177405051879221
-1.2175179108963117
-2.0820131666997117
-1.1356917098454888
-0.48751884389946876
0.12623859389558995
-1.6937552693929168
-1.487980663959883
-2.254374920768455
-3.705440001878115
-4.568624879003178
-4.092058311376578
-4.093392920239867
-4.2875595752119935
-5.016725150019078
-3.1060500759499927
-3.6159109771694373
-3.483932833585349
-3.7658981297726095
-3.5732431235313493
-2.9892601938362087
-3.1274386050028324
-3.2735167186307996
-3.394507810392755
-1.0079999960087824
-1.249778655466667
-1.550617632514851
-2.42291484773193
-2.555908374499612
-0.6485333279353507
-0.8179288204842409
-2.9631648065007217
-1.922731013125713
-0.6084399638158524
-0.9780218529271263
1.3735799155102502
1.4796041042522439
0.4779777009326188
-0.43434839571282835
-0.8813695193412772
-0.47451705254336696
-0.9499032479720035
-1.8488015581778012
-1.3062955526905669
-2.1148640631759648
-0.5689227860889088
1.351297703250328
-0.032053635669281766
1.4570189157316218
1.253341103993678
-0.0004610811146945615
0.11983889087792687
0.8254443658112921
0.9623995917156702
1.334257276389681
2.545110526401759
1.7848104022254976
1.4826900912354803
2.4296718592325615
3.722533977907376
2.936821876847369
0.9984656808293844
0.9728475860521322
-0.4184772630512201
1.2865841149738826
-0.3423308927863238
-0.5859427159188704
-0.5880010740559805
0.16059996779918662
1.2684806344770876
0.03822870431487413
0.0907621310003488
0.05503359508031071
-0.09746468269627598
-0.637922248691105
-1.1236173394692202
-0.91342236084803
0.6742457802679209
1.6986559281335032
-0.5388670962933444
-0.8617419050286614
-1.5603962677288359
0.3372380671196391
1.5738493409064342
0.29261685190485887
0.7517333907922521
1.391004377390737
0.8819691984761788
1.2406148940720485
2.2804852657882426
2.678530968313218
2.1137520902646
0.6614974257060853
0.4136574675175788
1.4233689692722171
-0.12013775102327684
0.49755646577305634
2.2053889223910734
3.692893142610606
3.246446785066151
3.3388557915741637
4.127207857471317
3.888297654665204
3.4654935418853188
1.4302160335543517
2.0420570748994793
1.6687549211795478
1.8627169496271623
0.9125869734281994
-0.1472119886810057
-1.8305875964288094
-1.1791589679547576
-0.07988155137871378
0.9464528588066021
-0.41865937159930466
-0.34847155456276885
-1.036939420262929
-1.6898552447405515
-2.9323507825752833
-4.002330460293328
-2.566028338723101
0.3119457563643926
0.468759804121713
1.1261899244611198
1.1429810715863424
0.9402754066634899
0.14985605572719096
1.9085515399834552
3.5419795387976944
2.6457757765167655
3.3702216970460395
1.4835474725308735
1.0991536265112787
1.6196145672303726
0.1347808099535328
0.7369911216524011
1.7521834927805715
2.04947796620405
0.19864121405115642
0.392368667187852
-0.9167861231847829
0.2281735020253367
0.8925676541539441
0.842116987924011
0.250722348828347
-0.23072065031883238
-0.5134183650141513
-0.9389955444084905
-1.740222487704556
-2.0107868021597577
-1.6197754472112336
-2.948413133984515
-1.7761213404672038
-0.5398077771339405
0.9226879163167033
0.47407353924753043
1.8843835523755632
1.1846566914993995
0.7927037013161888
-0.1987553693042059
-0.9451781891497975
-0.6188378131562744
-1.5562507802055767
-1.620491024481812
-0.7901421437198808
-0.33132386326898494
0.193826392588473
2.631905463277352
1.8523248790531812
1.1226881097218366
2.2070828310977033
1.4289662205506684
1.767203749834029
2.2350634377836247
0.5101076893714813
2.2608099610165633
1.6618177940619496
1.8421636369224965
3.681365251953328
2.5377751749843007
1.5706494178028922
3.2211488828733588
3.1444251762382103
4.040055157799505
3.1318723302098097
3.8854997440530816
5.370576209415834
4.509266216820191
5.19848860144441
5.221504680908072
5.905097921926975
6.003961782461975
5.592283019395642
4.256859978233918
3.4725129709126925
4.4348879758225355
4.074266687729633
4.448196994407573
6.204080281077542
5.849721113148624
6.888089390278266
6.5302022720695065
6.114753112450408
5.747017104283607
4.194290807987163
3.115950470295478
1.317229327981688
1.5897589142854927
1.393295728821443
3.1622681149943217
0.68325344897639
0.13641599951842487
0.8516097069295989
0.22613083307902326
1.0963138347350956
0.9119452851734287
-0.22601314669427253
-0.8780092658198467
-0.5332871021514989
-0.11307406123100916
1.3585300178096797
2.3636530725090097
2.6127574073882904
2.8292665492135924
3.906804670266371
4.262103044239017
5.3151515784259775
6.629499346546492
4.587988310196399
3.490749130954642
2.5264979296828414
0.41706729700502043
-2.0264620142113214
-1.0541253220146496
-0.5097649252147294
-0.4907911999615012
-1.5847221752258003
-0.5395506490824827
-0.44466556074654523
-2.427832003190262
-2.8634463935035077
-2.857580650967248
-1.9311343734531459
-1.161656973784287
-0.11376185818942752
-0.7373442353649083
-0.2615939862983937
0.4103215462731948
-0.1522157410213777
0.07130983097648558
-0.6134176658175752
-0.3462745039381606
-0.7866053239340096
-0.2773688254899549
-0.8146691376055577
1.4147431712416179
1.7262999466845592
1.6920606576108377
0.5183636184719005
-1.1896325993971173
-0.41986103449038914
1.2032491146380493
-0.366292518628875
0.7246234448246811
0.20578577358528471
0.15651602304600412
1.033954019841358
-0.6320713233874428
0.8165081356525608
1.1430503443101856
1.3034561847137476
0.516382688178482
1.6484227175311492
1.1296162320755643
-1.8177548874933405
-3.376556950187905
-4.167871660136548
-2.6043466498737007
-2.0044008088984264
-1.331437025284045
-2.482837168653956
-2.736072291472162
-2.9001692801208105
-1.77092606892622
-1.948914772287734
0.3156171822189173
0.71813851606116
0.8912159574079577
0.6128081902363693
0.5200568144459479
0.5253322227464918
0.3974835799142532
-1.6356771171410627
-1.1311858555479362
-3.9176584330692057
-3.683276851390308
-4.372189762244742
-5.009913948440954
-2.6204590259017335
-2.155246868070335
-1.456379641888256
-0.9549101286892238
-0.923833715432442
0.21243592501969488
1.377126740781956
0.10133365412830542
-1.0564424357818951
-1.7122223856545697
-1.222882570874663
-0.6870876682770903
-0.1706993675352671
0.8071614353314821
-0.4994541144240099
0.24689879036282608
1.5969123072047746
1.5687673866574834
1.433621055125467
-0.1440161548711949
-0.9785624567717073
-3.0403398643345514
-4.076302525720022
-2.6815551345649697
-0.17723327609599737
-0.48826154274787475
1.8460288300649053
0.022426309307923775
2.4574204593469844
2.7855461524288794
3.3725241435487816
3.33210720820109
2.9523679302321018
2.3911911155283727
2.066133516891463
0.7670927057571881
2.0872752941113917
0.3197859707101829
1.2316504930001442
0.8916028585647253
-0.1596968451570021
-1.4767843428826093
-1.0151361501415588
-0.4769004170646876
0.12206450242246386
1.4757298715901133
