0.0
0.144192284231094
1.3615429596169513
0.63383629216326
1.7942671867392794
0.5128461888381319
-0.6291703715287524
-2.254298194567518
-4.428629566510227
-5.06109338758521
-4.1357980222792925
-3.2155152243120897
-4.055762629015937
-2.763708424374857
-2.4502853686726045
-3.0265410391077068
-2.4281288618447934
-1.253552654018704
-2.1983703978200744
-2.1974853079060983
-4.375852043432051
-4.073715034057283
-2.9943963142836756
-0.885812056936879
-1.2317294097552747
-1.303453277307434
-1.0098818118131372
-1.6684997770938779
-2.864866083677937
-3.236731710475034
-2.5109920467375515
-2.8163967987973377
-2.1781057585939836
-3.5570642742503518
-2.5768185661942624
-2.6245065834502945
-1.652888959394623
-0.4186608526114439
0.1633635636603583
1.3767329385518317
2.2619235003710587
1.3673414195234517
1.8095552585970813
1.5391318079193894
1.5655956329626242
0.3829320902130622
-0.44970845884527755
-0.5183124488816161
-0.00742214236089056
0.76167355459444
1.0733403309368015
0.04256335048585724
0.7259092433833845
2.1601079388984497
1.6932348726834716
1.4878394579896528
2.3160336181389463
3.8052995472715785
2.848217048867777
2.52116493442167
3.214289831120323
4.1247867572974055
5.338327814727933
3.3829407790860144
1.5713330897632285
1.9773515439348128
1.1732207303226636
0.4777700224014192
-0.17885168985832278
0.007784845173788468
0.0982779936830555
1.0331607708969126
-0.2393195906863943
-0.08156879937348044
-1.360223055165355
-1.1555028561544363
-1.6908732134565954
-0.3377945472041046
-0.4566573681644004
-0.4026971071205067
-0.20953805326052352
-1.4064770797942436
-0.40270504155089115
-0.6568460980803792
-0.46530143833309434
0.9161791834057663
1.0262077376485708
-1.418415690739701
-2.307297943268753
-1.3989502480993208
-1.2375883500021683
-1.5147544385688823
-2.1114412926742454
-1.298242668330769
-1.297165390992104
-0.2520131150632039
1.2701243279179313
0.6015077355737124
1.2642212229525405
3.1062546122465324
3.8306480184112384
3.5295923471064903
3.3158833731168897
3.922198586464414
2.5376546268158453
2.3788137069352637
1.3940064469424343
1.4722694014945328
1.066069781678082
2.1187916529379383
0.7545584861452619
0.10523771237623647
-0.9365393207505269
-0.9967807018731698
-0.48721167178647595
-0.3160662163220502
0.334621334611748
-0.24898466064073194
-0.6030143528752213
0.22363678890901595
-1.0526779934113293
-1.497707544137179
-3.2289507222156533
-2.33055668704585
-2.1516806256348944
-2.2954320030976176
-3.7279850109271937
-2.3436920868060254
-0.5553687157669056
0.9994248928511851
2.058128667675389
2.1678478091788955
1.990107690305499
1.0603807435085009
1.488770984608541
1.759342895701943
2.7743550838188185
3.641014726660866
2.0921965230522863
1.1003223739072916
0.8718628370476567
2.5041572759321524
2.3665547901220765
1.7799028189171806
1.522922871496853
2.420167669502306
3.41459414453972
3.4620504425769663
3.896770448221817
5.07768142347343
6.259652218800942
4.171864017146767
3.1858012734661605
2.896669286997551
1.4966408972912153
2.0463181595403332
2.6866013963665245
2.262329544099557
3.4540550942270465
3.0077537953797617
4.378963408495201
3.4122610011079217
2.75705027642526
1.9365445181389123
0.9968757943035605
1.4820016377471337
-1.6389767324373727
-3.799387979490623
-4.098162089348574
-3.740909864855169
-4.276981521174704
-3.871861743220911
-3.7720055394415777
-2.4254627892999316
-2.5141003215444027
-2.9827388263282106
-1.899214503854938
-1.8607628454892553
-1.0644420008512927
-0.9382860412485287
-0.7857355143409006
0.518461862525817
1.8464132579933095
-0.029614569072490715
-0.020994147354833154
0.40441248016699927
1.1713522607983902
-0.5363604463805409
-2.6425929668725487
-3.8953933933475713
-4.530218769195557
-5.37511031605906
-4.652183263637131
-5.605293809973473
-5.667466567552267
-4.749789551487231
-4.571952377494111
-4.811794271377618
-5.823097269734999
-4.030248389878201
-2.658961578042306
-4.168588803623517
-3.864458545857634
-3.4109878064937518
-3.2273028785250886
-3.3639827369742266
-4.062590007605355
-3.78840461013532
-2.2142062925948256
-0.2528537747691919
1.1205030056107947
-1.1456637630038444
-1.6729698458690079
0.3322457916390593
0.18312294994961092
0.5754695238961646
1.03462673421807
-0.34094204541909523
-0.8195553020613411
-0.3176319686274472
1.8787347549959286
2.0055935696404994
3.006033654778773
3.8914802986685864
5.640489730850039
5.726655310772631
3.971054827707295
3.6887657856735854
2.6564904652412227
4.222291990743275
2.564876963211227
2.2688494375328423
2.421953692355973
3.42118405371291
4.087444400894064
5.4193175201378425
4.189531260603837
4.8911149367055025
5.689037686472638
5.4922645509814725
4.870802554885298
4.929337322036552
4.47976312675076
4.999130034292684
4.39027014606698
3.0173019371529053
3.15562633472653
3.7679878568791803
2.817104779309884
3.886743540228901
4.700823635352727
3.686304389019792
3.454984131041197
2.3399661002782293
2.6916704808219496
1.1910221803357315
0.03645056907385702
0.33089205071083194
0.30635120638880287
0.9884200712171516
1.3917864176697068
2.1923678915461675
2.330143062383063
2.512439450703805
0.9346259599435023
-0.5185568320271822
1.315964336286143
2.7052673574129025
1.7395045763973074
2.17319665437444
3.383594095963004
2.721409909554646
2.606301095899065
3.274644435995506
3.0741860616177443
2.080422236854835
1.273633109913829
2.4397604905008174
1.5223860725727896
1.5096675134698565
0.506801660354981
2.163631327639835
2.2841606425565977
3.5939230389696633
2.5870023084456837
2.7931952465167456
3.4064174863465984
4.563995697507934
4.1738639879948005
2.8442336677011992
2.444218907684978
2.353603971192978
0.8518613573658667
1.9834250824648734
3.053858459826395
3.491165338422995
3.9136560635007065
2.452456085888543
2.5625115127737597
3.108298091001936
5.060986247574759
2.954140614707036
3.5709567517961736
1.4857773188022647
1.2516775196223864
-0.0668559698477762
0.23556840864754924
-0.24603378712861107
0.2843389548588531
0.3773421996954162
0.24141354812761665
-0.3519138787488445
-0.9306156661896379
-1.5674341412777122
-1.6336811885890807
-1.894206515041845
-1.6930073913675907
-1.5973970182487203
-3.2147331007493625
-3.1520090363470015
-2.765141725054154
-2.3445377310452886
-1.9185550615246927
-2.179631272533151
-3.0866160647816363
-4.258978927370386
-4.435881369006863
-3.9617113994388564
-2.942398738396151
-2.4369809226492563
-3.662924548916556
-1.3241086641809097
-0.5873132021325571
-1.281671567342896
-2.807464929470931
-5.789775762719136
-4.926542205382826
-5.354909513171373
-4.217429526324265
-5.037808994454224
-4.551001306500136
-3.4998941965310157
-3.0008266514851862
-1.7814110655868363
-0.16339525523756526
-1.1254857600918204
-2.192527040970453
-0.640572514442163
-0.6323518264989596
-0.26659840799166334
0.4373344909608997
1.2149752751084097
0.41014517124693817
-0.39022794354258117
-1.5350601471127276
-0.8159628885619762
0.15839536764266593
0.2712983166864244
-0.04707905428564202
-0.2665492419976747
0.10456617347673916
0.29291395311054624
-0.07350991263106099
1.038981726866556
1.2016742823845794
-0.9802922039394746
-0.8931926199367138
-0.4047530222142305
-1.2626361513373596
1.761086443155843
-0.28697564060782343
0.14440669902474623
-0.05750144200690646
-0.023952401629115307
0.15969168985845134
-0.8519248867861895
-1.613933806216053
-1.8499988074354194
-2.2815467881003713
-2.770263691830854
-2.2093099016860434
-3.665652116934891
-2.3054897132978978
-0.7112660674986853
-1.620992799203535
-0.8114358222459095
-0.18146956963105176
2.3872170590684956
1.862467223833023
1.3482815339561616
0.17264613292850584
0.8362560921422527
3.310159240808968
4.090583801464278
5.137170531432895
2.565258971095991
2.8346898994436
1.7276269295597735
1.9097689882581748
1.4796608704536673
0.992264059251847
-1.3179332980802745
-1.2920066951337694
-0.6833189160328736
0.054783910316021256
0.6909104741812182
0.21188952274860923
1.8915631891369578
2.6283218593215953
3.3508298071239815
3.4464019654362694
3.3678832946104618
5.215751445552792
2.855308943941841
1.1311560136754713
0.9691656526130865
0.17788324189112004
0.8478238544955399
2.8470524942676714
3.449909788195029
2.8370155330208804
1.912837945961563
1.2797305650047017
2.206189040567402
0.9575716342376976
1.346492454825243
0.925206079225426
1.9218124768775229
2.050138886573638
1.2557618302836637
2.17079856146868
0.8804840740948041
0.8678124022829813
0.7095990082504142
-0.021733022034110983
-2.0781483923014483
-1.7637866202092813
-1.570467839834713
-1.8069679373665077
-2.237152541373429
-2.565332496880001
-3.7186572376358207
-3.981419269913888
-5.074196542131862
-5.130733574033374
-5.46716437401555
-4.258254659930655
-2.855099828291603
-1.9750144123203328
-2.3071927104643306
-2.8230219858655023
-1.7564502014232977
-1.3639175038192772
-0.4982376497329537
-1.4380966218473898
0.533325265121531
2.1232224060343983
1.9111645786567182
3.3871082570620414
2.8830416874420464
3.5437254679630747
3.3537648990717432
-0.030739439852280004
-0.7574133591067016
-1.9579434277036096
-0.29713966060887764
-1.479476692683642
-0.4091524615892803
-0.4017342281576938
-1.769438308185804
-2.620825547635608
-0.22642185064405007
0.4488783530341808
-0.09255314784922686
0.16524620337719137
-0.2093859283531688
0.5476021533073403
0.20900650375842184
0.670988024456249
0.9104761289959822
1.5793442966469047
1.9034837553005823
1.0487676842628662
1.815019714545195
-0.42039870228149323
-1.1373299280976574
-1.8461581465019627
-1.0064524986755568
-1.437634403895499
-0.4439461735641075
-0.023685754960093675
-0.50881315271622
-1.3297921556489563
-1.6811601764920259
-1.7342388541096314
-0.051506474382449374
-1.0859847521051162
-1.0000587213120542
-1.5966707440007308
-2.147244635623953
-1.6257512476076745
-1.6972113747346944
-0.18805304004492673
-2.8434801275336006
-3.459619287582984
-3.883830530663057
-3.0549376794644747
-4.3647785512602955
-4.042553284047603
-4.059014041809662
-3.442656936474817
-4.471958215045719
-4.272495940139692
-2.6936283649674624
-1.8994864696373697
-0.36244999089350327
0.9672843469150469
0.841067795920061
0.24245662450168204
-0.12166031726615795
-0.7732641992955983
-0.6303452344214775
-1.196839791835566
0.37602060539078463
0.38472334859960666
1.9265352914464458
3.348621571627309
1.2272547869651789
2.5931564913731178
2.8666900767883616
2.422002540069329
3.207166569030621
4.345120468332789
6.40899308491356
3.8116097682986148
4.9650695458813345
4.320088963678797
4.247480558727803
2.926829168956019
1.4785562825517247
1.7422219031543718
-0.5332118758074242
-0.4907728986923319
-0.22144793846647542
-2.6279927388966953
-1.094061129169385
0.23340807681591325
0.45182374664047475
0.7541086066708689
1.5925390492118232
0.6241830646718963
