0.0
0.0
-0.006469938955064283
0.0020937623133576964
0.011621011239581584
0.021985830604438268
0.04549042499841564
0.0644933448010715
0.08599406215584413
0.0963314762586927
0.1136627764397517
0.13380991379387858
0.13723608777871954
0.14318434791279955
0.14669913597649256
0.14809952544219732
0.15728420956579905
0.17819046170101838
0.20656273172923598
0.22938270959245793
0.2510612595811847
0.2704764499013487
0.2925905993640233
0.3092623648249604
0.3271287163844474
0.3307055122745118
0.33500350494364267
0.35174255494732354
0.36940866018501733
0.3908453415213287
0.41214071546893033
0.4310510423290207
0.4583133656119313
0.475620002756952
0.4865230159545525
0.4830636733245099
0.4797291071885849
0.4774177319880703
0.491598682344148
0.493802490672782
0.500121706682031
0.4937025519826881
0.4969778480922306
0.508505131399949
0.5241863580847086
0.532116847109184
0.5449990641342534
0.5405301036118659
0.533391120497346
0.5371628320078446
0.5437971551043964
0.5519762026162148
0.5534788362734822
0.5503542258669478
0.5553307056736956
0.5522749656155964
0.5541402700533465
0.5495104064509891
0.5472829719551515
0.5381227977156973
0.5340430216159947
0.5240690333646569
0.5094226864317265
0.49833085515256564
0.48241802734261413
0.46580393516010066
0.45296236593079403
0.4346575576134223
0.4107773867207472
0.39147828389810774
0.3715307704159357
0.3603092044349099
0.33794864567871935
0.3294009454033351
0.32192735672093875
0.29638928271758447
0.2672568850369327
0.237378925002855
0.21376105849879679
0.19236865707057188
0.17282216947499235
0.16493587213113117
0.15290581320944288
0.13953134112353882
0.12911564132814685
0.10361867743022353
0.07880232924356655
0.04981816587323559
0.03547142972466806
0.01754731934273015
-0.009754877126104636
-0.04007690940932841
-0.06381289735537102
-0.0806809395240527
-0.10025515904339452
-0.09472859658196195
-0.08765807742239048
-0.07172499504138051
-0.04962871298714929
-0.03368014404263853
-0.028894287204104835
-0.021757698452185954
-0.0148555350915409
0.0031684871021771255
0.02664521420341434
0.05564645770052158
0.07875737833900431
0.09908711782384505
0.10742641841792043
0.12448544317019905
0.14844798320293787
0.16045807386990651
0.17412843651482435
0.18944198789770195
0.20704036724780395
0.2250301616119345
0.23683037547048946
0.24971825389087757
0.24757004262449336
0.23502256770492008
0.20577152237417756
0.1877996483943053
0.17902838249771924
0.18407176157102614
0.19679006813576005
0.22417495593856618
0.23888758609985267
0.26305801953465136
0.2915700440480492
0.3062093560831776
0.31469145752031075
0.33478872830210993
0.35542586679688387
0.36971659080733604
0.3824312349996019
0.3928822527922471
0.3914359384869309
0.38236050044932457
0.37884522918274527
0.3796229824844593
0.37115937289924816
0.36341137904190063
0.3532563416492714
0.3270550717144156
0.29791565243337603
0.27395339014561526
0.25086460881314254
0.2319947067722217
0.22177158910433425
0.21768899417643406
0.20904517382449916
0.19854575942658942
0.18071129512664347
0.1616672743766834
0.15597360523664627
0.14687400004536597
0.13646662380028268
0.1316174943224882
0.12496915771663603
0.12130284283047113
0.1094156369411068
0.09996145124407099
0.09889721643330839
0.10604621816995365
0.11618172879535284
0.12793591786072708
0.1329986019268788
0.13425243966184677
0.13967944623471168
0.13721155325607676
0.1323362596260429
0.10503109088298598
0.08010627977158283
0.04555844446990536
0.016043448700805492
-0.014558004555364403
-0.03502285852508427
-0.07014945618019947
-0.10276638435794386
-0.134366607459965
-0.16201912277186625
-0.17703876805013252
-0.1901683743122596
-0.2037183241232164
-0.2105161149872513
-0.2196817877151656
-0.22833430392822232
-0.2310069625194159
-0.2341388725263926
-0.24467042045920012
-0.2516711153716393
-0.25254605462793034
-0.2463068068841473
-0.24860978399716094
-0.2507828998068299
-0.2648303111950928
-0.2817573993768565
-0.30137235097510773
-0.3195871154499413
-0.3388711017097187
-0.3680402931982987
-0.40795241881223615
-0.44719620625604517
-0.47826757808944753
-0.5135158940548041
-0.5567214364284101
-0.5945388310465084
-0.6229909757839526
-0.6492878948585256
-0.6672979121996226
-0.6822423007852744
-0.6968547883994702
-0.7205945351287034
-0.7440020730968696
-0.7656717160235856
-0.7732854679403351
-0.7807025448069983
-0.7812685754126101
-0.7752773246089988
-0.7715124562439067
-0.7632403724301169
-0.7691405078377107
-0.7817385781233147
-0.7932660354084301
-0.8048498640320628
-0.8195101167855525
-0.8370617358623837
-0.8473568797214496
-0.8727051390832538
-0.9001369743135258
-0.9296949980979163
-0.9490840341072289
-0.96664108541201
-0.9723505500039983
-0.9825328292560378
-0.999914137527152
-1.0134203592222495
-1.0171409582466757
-1.0149738991012491
-1.0123287587671315
-1.0082327850484851
-1.0102236908611186
-1.0166002315464666
-1.0161207729265669
-1.009745083042078
-0.9916106577584858
-0.9793177164144058
-0.9711056384704101
-0.9542648783706033
-0.9381153466990703
-0.924737248530854
-0.9162029762032524
-0.89685809803613
-0.8705220760760131
-0.8326387102761303
-0.7864338008798446
-0.7346362441756799
-0.687836168555657
-0.6327656437924539
-0.5962600907230584
-0.5729510946039337
-0.5519024817443272
-0.5273731628082952
-0.5083219636469447
-0.47998654982999783
-0.4507779686285703
-0.43256717970764025
-0.39623166243979574
-0.3744013402432264
-0.33587351520723796
-0.29716230133477367
-0.2611053369208084
-0.23683494107790995
-0.2147379003856474
-0.19762199451869195
-0.17797957309213586
-0.16083498628422083
-0.14445066127259545
-0.13416310342507998
-0.123964854432461
-0.11594887985690105
-0.12360412066319777
-0.13740280608924008
-0.145478887397236
-0.15302174489785078
-0.14932340852154327
-0.14407670675902634
-0.13875745690348174
-0.14504580798380803
-0.15193755675119142
-0.1576730126009469
-0.1768904310691405
-0.20373796516741433
-0.23890300413733734
-0.25648701978694083
-0.2693780610846607
-0.2749066587987176
-0.2874910261211414
-0.29287251463807507
-0.28877966937836175
-0.2848214744244577
-0.2829596399489207
-0.2613587691993957
-0.23779792344787887
-0.21044782084841793
-0.1879062966432247
-0.1600955595342566
-0.12389203279044977
-0.08931300253808208
-0.041543371970391804
-0.01089455365400653
0.005686986718988103
0.023133399934444528
0.032913299906418766
0.0435266977578253
0.03891826140245723
0.03540844224920511
0.019681016694065065
0.008204779582339398
-0.004877061650142277
-0.006932527030974122
-0.01734832149850645
-0.02808687738130364
-0.03224274266799746
-0.0466046619289955
-0.06860354255309248
-0.08503563024038861
-0.08926559479789797
-0.09345850215610836
-0.09441665112526898
-0.1082365727812197
-0.1100965357496331
-0.11240736560892202
-0.11349981835596995
-0.1029423486337742
-0.08847368559105356
-0.07265849682317593
-0.06766909689672324
-0.07048935386931668
-0.06968142199775612
-0.06131680915790305
-0.05913096789445783
-0.0593367580494313
-0.06930932511944365
-0.08287931939960598
-0.10572747068871818
-0.129106822841489
-0.1578279269453604
-0.19207115343928563
-0.21639937007417792
-0.23364960540757926
-0.24662417003412684
-0.2688490358439003
-0.2799001347016133
-0.28837879021781604
-0.30159801312216467
-0.31973642892587006
-0.3313627620226303
-0.3332856539323477
-0.3255380894385598
-0.31459983636316646
-0.3007822496758729
-0.301734528642408
-0.29818254686627427
-0.28306386668981
-0.2707160612952995
-0.2573642157232026
-0.24922290468809039
-0.23834045708829016
-0.2367212455191089
-0.22785871184667836
-0.21568363508626076
-0.20364697067359636
-0.18141664740232988
-0.15718861857936636
-0.1431938679686828
-0.13794637296577228
-0.12986783432195528
-0.13568259488009904
-0.14485909957347956
-0.15430111170035957
-0.16678676498390052
-0.18006244431438645
-0.19241982610502933
-0.20116782860263827
-0.20768589381567099
-0.21560966763349743
-0.21559306749429005
-0.2313026562612646
-0.24690783529394203
-0.27758221289889756
-0.3064203110227501
-0.3356656408553211
-0.3486674018404519
-0.35029907916616804
-0.3567901991754326
-0.3552233563256599
-0.3519010084447256
-0.353888219747603
-0.36000344628873926
-0.3733152755328543
-0.38153890005450486
-0.386784879970549
-0.38386340228056615
-0.3794317598703651
-0.37965427850403755
-0.3783595699334044
-0.37034742008735727
-0.36178380898431306
-0.35065506847427125
-0.3455626045035701
-0.34044350196551093
-0.34057714144709444
-0.32842337220905354
-0.31929968975249023
-0.314314867576605
-0.30513928898437565
-0.2837505106606726
-0.2607660835069007
-0.23655318360301308
-0.2159461561826907
-0.2022476423364699
-0.1995575290034277
-0.19691404082356587
-0.20945135979953317
-0.22178692042026027
-0.24178023302249727
-0.2546449885493423
-0.26730123763079666
-0.2731481818094835
-0.27935740227129024
-0.29030519120840287
-0.30980935983669045
-0.3276739334523601
-0.3414498545789059
-0.3524228756445746
-0.3643869895864436
-0.39341862118523807
-0.41533330723805123
-0.43948378995863957
-0.4594946859085366
-0.4885819389000022
-0.5022019432732139
-0.5061023629467423
-0.5177786806285833
-0.5326025788139049
-0.5479689058914383
-0.5752909930361995
-0.5798792494197984
-0.585811163014133
-0.5820013115101668
-0.5723030659237303
-0.5545298909472184
-0.531159748848541
-0.4997524669258532
-0.47076090244587965
-0.4471496177617751
-0.4238891617598474
-0.41202046749852206
-0.39116356815563824
-0.3595270893801942
-0.33053638849328215
-0.2951588493426772
-0.25590132982332947
-0.21645258306069404
-0.18582799186569499
-0.16812564868259336
-0.14428449721400144
-0.11640140885983419
-0.09896724876719042
-0.08806097148545942
-0.07305717626892741
-0.055181829224642515
-0.0251591394968265
-0.0049321096893862465
0.020497904745770026
0.05065941886170247
0.0783467484558952
0.09953958152342915
0.1303786054664073
0.16807988593262438
0.20260965540534745
0.23721888225968474
0.26334689000370576
0.26765785646565154
0.27547050685526375
0.28244631813580984
0.2856324001805542
0.3018543016123999
0.31294865270363104
0.3260731075338654
0.3328387949286319
0.35024172421591304
0.36519344435533846
0.3873340819713014
0.41364025479347355
0.4438683899391916
0.466889902639742
0.4898420122842945
0.5107942827949856
0.540493257768396
0.566820132075255
0.5986917293315723
0.6403643407425047
0.6728706593983577
0.6855887517370737
0.6988814640505316
0.7106197272757468
0.7299611428407611
0.7565282464069236
0.789649273613118
0.8231823758361332
0.8487463518916794
0.875269700635599
0.9165242776919116
0.9472127991416708
0.969736290445096
0.9923217545831116
0.9865440918990958
0.9836968869923824
0.990098958330383
1.0053863231149347
1.004810802801472
0.991863843156923
0.9780530259772034
0.9564404512003623
0.939608267908927
0.9451292426492243
0.9518554103025272
0.9574378343555805
0.9492217020056303
0.9412650941198752
0.9321100735450035
0.9236991605147136
0.9146895292365016
0.9006763317109321
0.8850011926525957
0.868319888901691
0.857427896200132
0.8588428582998509
0.8619078692266252
0.8569936742799104
0.864356488908729
0.8609564710172076
0.8704513785807386
0.8725825520063459
0.8686503397545527
0.8594566777941403
0.8457360289686344
0.8306123298101489
0.825813429968567
