0.0
0.0
-0.003924244009977654
0.021544982811779297
0.029250330578963687
0.05112072406715282
0.10296074001334471
0.15607599827557164
0.2296744220912924
0.28929643295462726
0.35602791999972827
0.373778012149923
0.39165783968520873
0.44580480328208905
0.5048900743820203
0.5455086553426098
0.6222018467486665
0.67762427852185
0.7107554088724728
0.7442728667304308
0.7543077165849369
0.745247647114803
0.7654498203831276
0.767455611235845
0.7753586340606006
0.8000492770198558
0.841082456111764
0.8643247886812773
0.8477796197550571
0.7676749113748639
0.7151001141401238
0.6506912837056152
0.5898588541286686
0.5294581179460889
0.44254087784877416
0.3598360512946398
0.285787298699789
0.22649908990237777
0.1423252565129679
0.07361239687996923
0.011034266483784
-0.049942030180127134
-0.07608890780629098
-0.07315117166549889
-0.051758953136078346
-0.028652658074087126
0.010683504048844269
-0.00788708355116335
-0.06253388019951625
-0.11068331344847451
-0.171798655913952
-0.1713188782353123
-0.19681455688838986
-0.27275705422332347
-0.3432853949114203
-0.4317906211299126
-0.512293678972234
-0.5402096110526481
-0.5811343433565598
-0.6387534729687137
-0.7632203116743729
-0.8989060341471165
-1.0217733222875123
-1.114929108925634
-1.1838918733356292
-1.2788530257933288
-1.3693612988470556
-1.4336226682031856
-1.4759848264650304
-1.5186864357911052
-1.5464144428508153
-1.5636131815207674
-1.5860931893905392
-1.5736837876029968
-1.534505216030941
-1.4878625330815094
-1.4627704368767014
-1.429502723051136
-1.3460390837112677
-1.255019844867192
-1.204776988345722
-1.1632193373208732
-1.0985584252959069
-1.0400650416452943
-1.0028682882846143
-0.9124510890539748
-0.8724275910179647
-0.7874152892936511
-0.7541890087650733
-0.7310855850047063
-0.6812083144324879
-0.6408290724231264
-0.6105429410743836
-0.5568094635467786
-0.45402531339250146
-0.3380431272698627
-0.2706057064034507
-0.17968706060199607
-0.04023224284382387
0.08448341322327738
0.1768129718055326
0.21238928385160893
0.23109445729843145
0.2838421371190198
0.35520517397498147
0.47024176852767235
0.5317916336762267
0.5453681503114263
0.5730147931603193
0.6355590064883743
0.7648220281195277
0.8898320726198892
0.9508238987841352
1.0010030481450682
1.0535746263571202
1.1076641202986401
1.1442321455462632
1.1627645596140315
1.1749825628197104
1.1700903977811061
1.105647037596208
1.0676812897679928
1.052156971410586
1.0318270155161007
0.9755092050242725
0.9344271702723865
0.8921262139403093
0.8392309457332686
0.7653435298921315
0.671282073243453
0.6205294836361663
0.5999629250893225
0.5497984777891958
0.5651854206042526
0.5908112068782043
0.5595402751159022
0.5160874489324921
0.45292592202855114
0.38213557629297823
0.27386891882970466
0.16888643354313648
0.10408555873090743
0.015371223339342835
-0.07148405596549058
-0.14253571155500677
-0.15794595370248524
-0.1965611746718001
-0.2815854512335418
-0.2845940054745845
-0.2903770788970826
-0.29140562949988325
-0.2854184469972588
-0.31062093959594483
-0.2868665751878526
-0.25600115030589127
-0.2408085354785532
-0.2515926139410365
-0.2669391268172556
-0.28215651642125666
-0.28698160096467645
-0.27763143067097884
-0.29147852391121415
-0.3367716364171607
-0.40605094999207425
-0.45096887321229
-0.4357692788904796
-0.417267344705819
-0.363802618847867
-0.2817869101448719
-0.2022003809035745
-0.12922494031249854
-0.11447834275330404
-0.11074854782350399
-0.1008995820535813
-0.06350524275625859
-0.056346310395329814
-0.049040113038644695
-0.04307897714616874
-0.06662756382153912
-0.10428659082619707
-0.16201124111705467
-0.22120582053699434
-0.3154747959090026
-0.3629644008503915
-0.4149081995734729
-0.44500750826603985
-0.5655345931331336
-0.6548233599605855
-0.753858519524285
-0.7604011819859776
-0.8014233293734278
-0.8696358456708719
-0.9138196142525772
-0.9531942257330487
-0.9947853306024833
-1.0222011275462717
-1.0571322337357059
-1.04403885260144
-0.991737232352945
-0.9313736681889802
-0.8349336192562669
-0.7669461805619835
-0.7024496895375822
-0.5823664290467218
-0.5174643848492394
-0.4827527875642772
-0.4557304952592642
-0.4354562711103275
-0.42667839486173936
-0.3512539055575925
-0.3242674541429368
-0.26059527331530746
-0.19723875142591557
-0.1067798460146413
-0.0068038695006182315
0.07064963926974888
0.1318509160548627
0.21278184583857807
0.2772860959764062
0.27426807139194814
0.2678125823598814
0.24922148648049036
0.22248090155973005
0.24695635967670804
0.2918893393126045
0.26974672383145953
0.23334564313779618
0.19474386988483117
0.166132895420808
0.12441564084014452
0.13306740398446817
0.1393671228815314
0.13156500189413214
0.15453268220798172
0.1624681887167279
0.17498830474769678
0.16950235183783718
0.13228641779130138
0.12411096185505621
0.152160552186287
0.20542398151991165
0.2366565497243372
0.27154476730382804
0.3192068199246053
0.35364484649670597
0.37588131890961246
0.38451481191533154
0.37735481925874775
0.3775464361444681
0.3684682321243007
0.37819363196042854
0.3904050378156194
0.4401099203753102
0.4398707019518447
0.4482378725186574
0.4271500265819622
0.4137515951603878
0.3390277071086314
0.3008107367009778
0.29493937560375777
0.3008005118212504
0.30792106564199845
0.34538336190622343
0.3431257162772987
0.3726347248733891
0.38091980725093616
0.46307490917889915
0.52483462075509
0.5706653921833528
0.6315103946560519
0.73446282471408
0.8264889591512488
0.9402309453738135
0.9929671182674945
0.9930206632281303
0.9949685659571708
0.9863612545330669
1.0241577243443605
0.9786509835366209
0.9557779051838845
0.893578598818967
0.8127718377025448
0.7363459457407252
0.7068668619315842
0.7361437262234636
0.8010319883138821
0.8156516870374613
0.8042459156035485
0.8095966805455631
0.8335877305545341
0.8931529287654717
0.9757710966638294
1.0668366214139158
1.1040623052095206
1.187391821719768
1.260298951944104
1.344391940485469
1.390990992917911
1.4024942313544744
1.4009305549686364
1.38230694795978
1.3320292171631725
1.2165142461071212
1.1298849504577302
1.0401528408423288
0.965147664668498
0.8429515164891793
0.7473597208427469
0.688415681674726
0.6869946177220911
0.6852778295960941
0.7111407168621054
0.7216531307726223
0.7201918100639922
0.7328674204946561
0.77908531178173
0.7918975640262945
0.795623834956074
0.8130049278886508
0.8288140630142009
0.8512302878788216
0.8354469805845384
0.8174165900172047
0.8929858914013393
0.9873500043487742
1.084861778455625
1.138959032526192
1.1509659302662987
1.1832166453114195
1.1949942340622184
1.2194395999779426
1.2302329310204727
1.24752140115066
1.2883207035084334
1.330768518474406
1.4103693511495978
1.4340903844329191
1.4365388153920704
1.4400947688800814
1.4413558051077204
1.4470603995609355
1.443999715944152
1.4457627997366833
1.5381105272109639
1.566259659288543
1.5962737663651507
1.6018293764550888
1.6071082599524371
1.594475884992226
1.5302747221763051
1.449222299009617
1.3520519566526452
1.2226298051725655
1.1309178867492036
0.9905788436308546
0.8739076230386965
0.7996846837774044
0.7537587643879918
0.7147777668259269
0.7060995230516844
0.7115659328884416
0.7313988662051292
0.7889151189271464
0.8117361471217636
0.84367791685552
0.8234465240611388
0.8031463544318311
0.8004997569188165
0.7910399981898804
0.785366471497839
0.7644172397632192
0.7518805668665296
0.740565252136431
0.735295786665511
0.746339887804954
0.7733923672354963
0.7937905001697738
0.821258228942575
0.8262297229776723
0.8439293389974913
0.8635348548530926
0.8724628882083445
0.8401944106888185
0.8175760789692712
0.8182750331260416
0.8099338030872483
0.7758391220074243
0.7539081555840166
0.7421620156644363
0.7332382352683855
0.7583943980622856
0.8008302251668615
0.8154621249598195
0.8350226312594766
0.8594541625070885
0.8788262223938644
0.8978188294866378
0.9079874131378644
0.9413338502862644
0.9757790286828126
0.981618597105195
1.0214437162525456
1.024433662305245
1.0170501820154838
1.0040849681487822
0.9856723301207359
0.9461999953065447
0.9643932645486027
0.9778489437696113
0.9348024945256691
0.8901087252129316
0.8382797925750196
0.7866405255398746
0.7407161899188238
0.7110324077215824
0.6549657820441155
0.5553831767280271
0.5409492160018965
0.5239591323528644
0.48711933841499233
0.4395706529072702
0.35481329593230404
0.25335263481695947
0.24938748535001623
0.24371674508442534
0.252710513749054
0.24001228413548895
0.208686917663665
0.0815990512100091
-0.05946846305450487
-0.20040424519593303
-0.2902101909513242
-0.4137152870312051
-0.5026461529941185
-0.5344196361188592
-0.5808346329946025
-0.611512067407431
-0.6149867174986533
-0.6362047892196033
-0.6674059630983364
-0.7131543845877418
-0.7906168820192452
-0.8497377240011149
-0.8761833114440158
-0.8916350515189828
-0.8739247103021704
-0.8184981067554856
-0.7581029981068979
-0.7037433831413424
-0.6497642249201783
-0.65225806905198
-0.634446582968013
-0.5601601393192033
-0.5120025843092392
-0.3981883922479203
-0.30650491087159454
-0.2538041962064405
-0.2424357424999942
-0.18499487560630112
-0.14566758631822824
-0.08567233646672029
0.0026455704903192573
0.10523484320682173
0.2070903174169912
0.3348912390286243
0.45030132784520377
0.5474563982964957
0.6728082541916403
0.7787927528315991
0.8998454681314444
0.9943934461565864
1.0675577520101625
1.1231687598399736
1.198280525568393
1.3099578612164677
1.3866272779024549
1.4344755934164415
1.385575049639377
1.3311780982571366
1.2815291522804222
1.2019140735204197
1.1371972923492166
1.1176124526593731
1.1572813563049673
1.1800284838630497
1.2046520120025475
1.193522984893368
1.1588168094562663
1.0919415631797729
1.0030769089579223
0.9493244739032598
0.9621412826113028
0.9737764453294259
0.9922131383156425
0.958256982006432
0.8995991574484873
0.820945335527732
0.7455613139045616
0.7092743762220701
0.6406609116210957
0.6245976139465265
0.6015800164906433
0.5643760507365695
0.47467207879528633
0.3824358721974389
0.298754163951677
0.18832589792998633
0.11289036230653163
0.04780034149913971
0.013245295793452676
-0.04377268163500505
-0.08352291270411366
-0.13000331972764856
-0.13478183604457125
-0.14018276596962445
-0.11271936116714647
-0.07972649395450598
-0.08837678720581019
-0.125284467091958
-0.1569873177696659
-0.18710558737607635
-0.2482169386188547
-0.3035420650173021
-0.3418919433002483
-0.40884860505385984
-0.43870975923824707
-0.4882613496075131
-0.5163678402756754
-0.5509106984294234
-0.6201938945556994
-0.6630810213021965
-0.7162536266682892
-0.7473815738223044
-0.7600308159389257
-0.7650636125402244
-0.7802428004050499
-0.8084036035522452
-0.8232317943640562
-0.8198443006286977
-0.7904715581728156
-0.7239892158621107
-0.6387592838925096
-0.6340344038126655
-0.6524731980186403
-0.6730133666571659
-0.6654768146698478
-0.6434177671634616
-0.6069712027386368
-0.5678087424245583
-0.5184823845995757
-0.48255717256822234
-0.43506547317127486
-0.42225088167990116
-0.44257631902127953
-0.5170416499612337
-0.6365011742194926
-0.7523384542614396
-0.8661613922618706
-0.9565316625952773
-1.0249883989799309
-1.1456418313409666
-1.2297198661622022
-1.248927287228743
-1.2274325040788663
-1.2245334255931994
-1.2633420453630355
-1.3261501617313685
-1.3550779974642049
-1.3529294149833546
-1.2978320492664772
-1.2000761159151154
-1.162376842958599
-1.1447123462022846
-1.1521377071602086
-1.1782636896001917
-1.214373608858362
-1.265435433936476
-1.242087887353483
-1.2451221652719298
-1.2572081067745056
-1.2132111031386925
-1.1527167873939899
-1.0990541847294122
-1.0223646656629393
-0.9019759474696454
-0.7871258180735522
-0.6408698045000802
-0.5369002863654714
-0.38794277151914186
-0.2107748737831298
-0.03491137129561578
0.13973945881487204
0.32937091124406614
0.5663978496127888
0.7764213568329744
0.9207645182280169
1.046703979082876
1.114954654458046
1.2054545992449954
1.2505908505585543
1.295172317356558
1.3444865592627466
1.4062604429078551
1.4700451019999423
1.5116937702068909
1.5718283759339458
1.6520097431126544
1.7245314897305553
1.7610471566576131
1.7542887618729424
1.7677808318270398
1.7695302311589851
1.730651005471762
1.7519294734642683
1.8094419078301578
1.826328396791866
1.902952833859129
1.9630915582817496
2.029511787405836
2.1015669918282827
2.2177810819579182
2.335848567874262
2.4237227407927033
2.489325299951814
2.526622603312937
2.5519094474090998
2.591142069245885
2.609687901116891
2.603056335358752
2.6054966049231014
2.6312086721995867
2.627044925089373
2.602305289367657
2.566853525194841
2.50380719305489
2.486151520797865
2.500224549866169
2.5246885942183543
2.5706086706039177
2.5805495031865866
2.587191793423358
2.5519251716337146
2.6072755446192204
2.6789091331824535
2.7434189168348713
2.7624263327414034
2.747882783810234
2.726648728336531
2.7029548990796624
2.6518919903725044
2.5939290252294867
2.5519120934126267
2.512758183764817
2.4106608359876005
2.3582214029164112
2.2438284695371946
2.143000248955496
1.9883892349608774
1.8813028582605382
1.8150136309213598
1.7445013572311072
1.673228167921953
1.600901087598549
1.5309476418582655
1.4719735682020947
1.446188777813203
1.469317026879002
1.4772891301294513
1.4680725628601026
1.5254774550562862
1.52794451904003
1.5360345377863913
1.5872806941737374
1.6200575948041844
1.6191436958455299
1.6119324149226717
1.598110585690622
1.5908994313393168
1.5359902476445084
1.4818337418782477
1.488534774556684
1.467199053631652
1.469855940920041
1.5205480948886263
1.5560707449861877
1.5990473527764761
1.6435493070188372
1.6611192199242326
1.7071155311930073
1.7277113614862178
1.730917453660872
1.6572097534180206
1.5750177458535064
1.5296202067933928
1.523160070674812
1.5142618279317068
1.5486483722433848
1.6032947652001843
1.6310647321395277
1.7062990007495864
1.7776001682258455
1.8573933323496965
1.9950063684918589
2.110010196577391
2.2299942049905783
2.3619014154170905
2.484076074752723
2.6264101400061173
2.7892705035078005
2.9178069189197715
3.0815343692217048
3.1659197565702986
3.2362450289779634
3.2547874164962454
3.2689495093379075
3.2545526650685725
3.2077814092074224
3.1375126495969927
3.0790215089725272
3.001918106175984
2.901107777356572
2.7889645918480457
2.6989715029351324
2.6041158419788233
2.575627061365742
2.602596506409445
2.600640491075966
2.596756366496329
2.618532430559739
2.608413409129039
2.6135417687189686
2.6504823132744986
2.6485346483076566
2.608334334602116
2.5529898093212315
2.5432158397238087
2.5287082890298507
2.455092151530472
2.4319459334226323
2.393528910028045
2.280500043671458
2.153828176198951
2.0915774224880783
2.029200350003469
2.000348056880065
1.9499233393979487
1.9035415717980688
1.8491307619303672
1.8155709322109588
1.812736397194204
1.845192999345934
1.8396028826098603
1.8607751390923635
1.8906689889209025
1.9085333050572388
1.9161888683440462
1.9355045228917531
1.9571113238173845
1.9205505404637024
1.9208407271305512
1.880167662752186
1.8915918745285305
1.9359696065427052
1.9839930671143742
2.021679890244866
2.085082584776889
2.1105304262966436
2.1255235791850486
2.1204354095044873
2.0992777318948956
2.054499997040548
2.0193844601843494
2.004520904060446
1.9872331719119214
1.963486641200004
1.93662589456307
1.8496600326592074
1.767627389268372
1.7602970030191978
1.7184501733585091
1.6483942379729928
1.5661784645956327
1.4252403677068013
1.2872769852388126
1.1986985226662235
1.1278194216785287
1.0815535121234563
1.0693222839770151
1.0972495919665344
1.102861740502493
1.1260520011512194
1.132523002932906
1.1415122027123257
1.1829762668953703
1.2130754608583547
1.204333633221469
1.2161572339981208
1.2074978624358181
1.1539988727578954
1.0696420238393047
1.0048013081266582
0.9214540830279453
0.8601047286378312
0.8203738781234586
0.8030553620247304
0.804624419619734
0.8286184318726801
0.9029617691751776
0.9805395319848969
1.0142863962395017
1.044367851114732
1.0572497354303214
1.0599430113790589
1.0535894204370342
1.0650179785929879
1.061399789407157
1.0322965280652252
1.0741937093730107
1.0959945697217832
1.1408722166995193
1.2086764028429167
1.2777613388808633
1.3422253214279887
1.3923204580338662
1.4500133362434504
1.4727367104431133
1.4273477245784694
1.3897952677629857
1.3880344579659007
1.3544120105279478
1.2568216304839632
1.1763698702545602
1.075279332123763
1.003760008597168
0.9442733055178402
0.9181956089839239
0.8982019726069093
0.8857276994240723
0.8755113722705374
0.9032699013853995
0.9409194806049621
1.0109789789364985
1.0479109140960725
1.065922990207247
1.0652254318005947
1.07283817165026
1.102387705609368
1.1197858799353837
1.199399003073681
1.2633869398458921
1.309007629714332
1.3166684895029237
1.3228895862882504
1.2895347681794143
1.2382498601246645
1.2187319203002174
1.2150309466881377
1.2628737874107256
1.3213004796553833
1.37594074052353
1.422046269719956
1.4664416167611614
1.4670383785472536
1.4716998592761041
1.444226972249156
1.441587214180338
1.4767766423202944
1.5158380554808735
1.563695515555276
1.5955170008633628
1.6312951981545358
1.6621109955483366
1.7197206024992582
1.7191103289632659
1.7330689692378438
1.7442127411451167
1.755799976185099
1.7611836331435022
1.7466617758910654
1.7124876956321218
1.6700985929988608
1.6488785386760774
1.6536596880188323
1.6467824503889652
1.6688763902748482
1.7391791231872988
1.8298778225617678
1.912026410169728
1.9556985181139672
1.9839523686458354
2.018526846299788
2.061366986969576
2.0750286643118656
2.084624986614691
2.124336045256683
2.1654485529654894
2.2472354580231153
2.3412553257191147
2.3402484616976347
2.2872009106942395
2.2505193166932553
2.20236417372396
2.0815139984325453
2.0180744514721836
1.9754429060032466
1.901840301129743
1.8117048649628307
1.7637866728200802
1.7552303634843984
1.7501932575182495
1.765787434256248
1.7478826593853294
1.6892141661152271
1.5739826912433967
1.4914246242116773
1.4153993915989813
1.36051870419572
1.2996285599312396
1.2819281644075342
1.296805282278073
1.319543417590375
1.3396607401769671
1.3278893523486641
1.304004626745471
1.3361720832254853
1.3746347069529419
1.4243957923924744
1.4701747622498695
1.465684360027482
1.4962072838283014
1.4614210582749605
1.4114906298033432
1.344731347769375
1.277931763350039
1.2422110456587594
1.180564231043889
1.1075500194689927
1.0995688808620798
1.0987533218083136
1.0862198274075225
1.0591073144343177
1.0522349933074804
1.0481609085870445
1.0106987527836444
0.9870161338888152
0.9713748888211625
0.9625072173962105
0.9386336738151918
0.9577261175564367
1.0070825478800192
1.0476884522630643
1.0746434631275346
1.1170947678334502
1.0938996572109774
1.11390034063966
1.1144204938816702
1.0771825972738769
1.0249021759719408
0.9632511177730501
0.8953277737857056
0.8510392605096648
0.8668037708844135
0.8997366946774429
0.8860131727320115
0.8981346925205836
0.8377297351420423
0.7938056038611414
0.7418944286271293
0.7289789078930334
0.717775427088786
0.711208030779959
0.6691954683408382
0.6547977525752906
0.6157347221657141
0.5818236041610754
0.5411360135014495
0.46946374683300607
0.4153467359256252
0.4152834546241822
0.3939898257586162
0.34903632383393307
0.27897815107778445
0.13615319849553276
0.047695166421304155
-0.0701150794603678
-0.13235259949451744
-0.15639025810066892
-0.1690722273998571
-0.13204328255852368
-0.13976200508471098
-0.07377914078041428
0.008494074631054185
0.12876263550346745
0.20695922148986717
0.2953890639328384
0.36245743101547706
0.3813032927684719
0.3828922382861161
0.3707698205550607
0.4103873756467695
0.44318774845744446
