0.0
0.0
0.015346005352914232
0.04076680075955669
0.08820538148336297
0.14744695224974252
0.2042687602171197
0.27441814064698866
0.33573404787116196
0.40339544186975423
0.4673502090810572
0.5246613181540969
0.5756554328509312
0.6168162074345254
0.6540395419550787
0.656899463915718
0.6524745268931254
0.6287653544396159
0.5897600370702901
0.5485309907968061
0.49721361254659574
0.4534605830832478
0.40618931665942554
0.3604228527581334
0.3248870144753299
0.3095794822088973
0.31027357834766717
0.3230787646752558
0.340812820038688
0.35303022799808365
0.37056246705971013
0.38872341725669657
0.39995807742625716
0.37971196666687534
0.3761172909265124
0.36633783469674647
0.3475378670481446
0.300195976189051
0.27062562541857327
0.2519102372288258
0.22464424338235506
0.21101033906318406
0.2099103534675799
0.21659251849104386
0.22956088782374667
0.2554112711447771
0.27124764675522284
0.29305884361555795
0.3183290767162027
0.32599119717600467
0.34317761129349755
0.3749973342852223
0.40399387142755444
0.42432577528846654
0.43045408125899964
0.4213573740647439
0.4247930662173785
0.41815492249909597
0.39921347279080166
0.37842867361283095
0.3515619557152421
0.33080559111698954
0.336794383400989
0.33800263302786243
0.35925242800379914
0.3732808976909761
0.39438937589558803
0.4141199966077553
0.4281839193950673
0.4544056447019311
0.48180639423920746
0.5073648668356743
0.5325119590267494
0.5393367088608273
0.5475825664469847
0.5501286331869889
0.5472470302026553
0.5347400939373486
0.5137332371922709
0.4840022755908422
0.45243518823536233
0.4184602978574422
0.39103149700428935
0.3741654970394917
0.3822848793647194
0.4261600244355938
0.5013115764235889
0.5825969259114526
0.6649109296896774
0.7394616444120953
0.8089026423106916
0.8551613016226113
0.8978617997938236
0.9274592073875472
0.9468404339652376
0.9520673887545331
0.9585822563742525
0.9479408846213991
0.9319730440300511
0.9183849940087785
0.9060512660454849
0.8902386143855331
0.8859749110804739
0.8737237260891709
0.8655668922282419
0.8638683335343593
0.8712997664525405
0.8765603293818824
0.8996540031557111
0.9094787172762677
0.9355194609402048
0.9754387943019872
0.9959542018734996
1.0112643708241138
1.0152181384336374
1.016200633793151
1.0077648198703983
1.0079215957092
0.9892473933775165
0.962833363857635
0.9549623312975392
0.9319460426667401
0.9198326798076162
0.9106485493380115
0.892398102104616
0.8971697903519152
0.9034358211923592
0.9341715475991331
0.9562932862819127
0.9756974706794302
0.9841939131490023
0.985092221358514
0.9936775447627638
0.9922972476121932
0.970378770022271
0.9504398962694544
0.9173507905929065
0.8816099423407864
0.8394927343783924
0.7799454976200676
0.7104338815917363
0.6534309047175355
0.6027997386642006
0.5613628111409461
0.5413366338470827
0.5464056649642345
0.5665018823019061
0.5942346549364621
0.6317206843460796
0.6798613337450199
0.7208054262563027
0.7553610533399006
0.78065882334969
0.807480436963992
0.8327739161704425
0.8530582530274248
0.8696008094725763
0.8749387143146403
0.8807156567067989
0.8858981564189418
0.8973957613218014
0.9128522924876945
0.9387275226683738
0.9561614902453228
0.9763554286925881
1.002249150958699
1.0340581263694668
1.0797396736498073
1.11455828620254
1.1514575796912054
1.1842541519670422
1.2314349155711246
1.270927566124994
1.2892785328754395
1.302078800630737
1.301640734261985
1.2901380649966956
1.2707284393460059
1.2554035467377282
1.2389954280788347
1.2149114451351355
1.1848332386368425
1.1551862133054955
1.1270434220257837
1.124828336679482
1.1367358367505505
1.1515788721017637
1.154387832208265
1.170014090039584
1.1911842745205117
1.227141859168925
1.2476175981556434
1.2491652546352972
1.2622641645072514
1.267448042843385
1.2618941062460487
1.242455408310284
1.2040331576726733
1.160962858854781
1.1278798674020993
1.0966373653660486
1.059887470024465
1.0202260812131911
0.9945968190948848
0.9880359538020019
0.9774291491907969
0.9709624163832519
0.9860043435300911
1.0042271548660038
1.0302446550889912
1.0624963327502615
1.0999230459522626
1.133208097218304
1.1586483500004567
1.1611746654808188
1.1455423486463452
1.1118876948182637
1.0702508078034807
1.0241911506973218
0.972076282253165
0.9257021259829772
0.874642217859041
0.8449961787513945
0.8267802507577704
0.8246340326380543
0.8426090185884241
0.8638358045961859
0.8905505767553942
0.9190375796783343
0.9677514492047099
1.0222934314657321
1.0726151014894603
1.1224676998029368
1.1481205116060733
1.1583052488338106
1.1567758486430029
1.1494778085766941
1.1481578756607087
1.1307364540163185
1.1008526293539862
1.0607490327901519
1.0178549430075143
0.9744768258408251
0.9447344197238899
0.9157818780069659
0.8941556256917685
0.8738294335234245
0.8730624834483595
0.8724083226630676
0.8494739966244903
0.8293720666616685
0.8146266529604296
0.7930352664269439
0.7896515670887619
0.7747957125711676
0.7369830291583742
0.6943363817157828
0.6666203682130829
0.6429061679513483
0.605202437722407
0.5606147277474958
0.5044384182174827
0.4528962317578491
0.41547201340768025
0.38452781375205536
0.35997194615461947
0.3282616350607549
0.3019034194711704
0.2931823189634951
0.2928056410710691
0.31327592849563457
0.3283350287460049
0.3494984905164611
0.3656776154619982
0.3626566572013103
0.34669882475511765
0.3343451132389986
0.3189563795833263
0.2999296165154876
0.2615539552457236
0.2316524025080259
0.2114965097705095
0.2021927101038893
0.18566572954008248
0.17623881430230814
0.17642336611332834
0.1849331457940076
0.1988403987808501
0.2136421086117466
0.23281266271544795
0.24480146420903418
0.2730243356459253
0.2866687347653593
0.31970546527718224
0.32929452052561403
0.33956436544991225
0.3404003787991521
0.3264324105772122
0.30097342745302613
0.2719379702696928
0.22744149758344023
0.1926517518764782
0.16623746343894563
0.13838059466970296
0.12082216075393401
0.10743987054778335
0.10025813939378843
0.10836310214275947
0.10942418878541178
0.11131887557364804
0.10542105041802795
0.09457072671654687
0.08647981110710871
0.06107615494611199
0.03290927618814414
-0.00730455986044283
-0.05721130082007053
-0.11695738222424662
-0.1801551455798875
-0.2455150198303309
-0.3091319309562471
-0.35982413889569287
-0.39466691257029135
-0.4283268786647292
-0.4587978262607048
-0.487286330334732
-0.5107976530825415
-0.5084245846615325
-0.49407805258452475
-0.4518551866053494
-0.40389713070780137
-0.36468749865589956
-0.340537345581612
-0.3035924287349122
-0.28603656840666597
-0.2733613559128185
-0.2747691332615995
-0.27873532545905694
-0.28447433071158507
-0.2877706954711558
-0.2900459073278484
-0.2907068680572602
-0.2845856761891183
-0.2697009162435135
-0.2413471441032835
-0.22935622481538875
-0.19916865947654272
-0.15877315105337672
-0.12176791145580741
-0.07829567945626836
-0.04405759183720852
-0.008721577703591554
0.01720323490038072
0.03888430067729795
0.03541533402535482
0.039563800590199046
0.03750284495302157
0.02101384956013058
0.008132654692466375
-0.005443445457240913
-0.021600734477980565
-0.04145307698352821
-0.052355062825084474
-0.063437242681092
-0.051184358920735244
-0.03164004841684067
0.00866872831811561
0.048494739363695104
0.09640496371920851
0.15062280702376993
0.1930251851654568
0.22329437886949213
0.2486909800667822
0.26931581443023284
0.2890819895135499
0.2936632489064998
0.2764690954584763
0.25593065247179414
0.2260346968309242
0.19358857048145184
0.16624958171895415
0.1458529918233608
0.12341339680344576
0.11306284255280026
0.10380694156617172
0.10766753087148861
0.10952783448936264
0.11527749647644474
0.13800653722674355
0.18456189574195087
0.23288025755622838
0.2820753579227082
0.32396087722528777
0.3713755332067771
0.40444714802798976
0.4388515524637302
0.45702714585769094
0.46951629257336913
0.46329371562805005
0.4429850241318667
0.4430670315570664
0.4600226319469133
0.4826264854925538
0.5043702700142896
0.5205577481033185
0.5414275929406279
0.5711437520368496
0.6099658217731828
0.6459939459079841
0.6764434860575818
0.700763350215181
0.7145322972139929
0.7222582540814731
0.7176505457224319
0.6978220966963848
0.6783189867615681
0.6493576029541775
0.616747332492718
0.5831481215543856
0.541226977898873
0.5069150967222252
0.46721864789789563
0.4324435811765392
0.4076645286591643
0.3980040068402871
0.4002332016730823
0.39406508641733556
0.4025428248954843
0.4288384982724922
0.44960672689676856
0.46230110392106394
0.48646459484965826
0.5103828756412003
0.5341099924041559
0.5391929942715196
0.539124849823502
0.5211799173427385
0.5158498297963893
0.507291344059481
0.47784304959796353
0.4419269086325977
0.42071740453026424
0.4061446083168661
0.40692857349014566
0.41572051652406605
0.44001127411250834
0.4686381148971172
0.5026964773556893
0.5551416374227173
0.6322147637440672
0.7011203692627237
0.7577999305283843
0.8012290949750358
0.834839572108835
0.8429642885180852
0.8451753972364735
0.8380760862428692
0.817831893241202
0.7716250910768297
0.7371162580781955
0.699523466535432
0.6488045545431449
0.6114118690240398
0.599873965185794
0.5964361592461433
0.6033726248219171
0.6064440043551272
0.6125216744225116
0.6313222198068468
0.6506417852635135
0.6769606875421617
0.7067800386694185
0.7439946910068409
0.751610788267599
0.7645968369779468
0.7612920734723755
0.7664988312072721
0.7690750304755614
0.7574735127855647
0.7340982988774485
0.722309452047158
0.7143732994754712
0.696612255625977
0.6977342141950933
0.7072459051094343
0.7216926823045718
0.7448140837026107
0.7758711979181703
0.8246282502622898
0.8760143949724277
0.9387280361064998
1.0000327690160042
1.0502654791716814
1.0739828791597523
1.0774047138533045
1.0648637041407765
1.0329795143718365
0.9944296984188088
0.959800263517513
0.9091244769422118
0.8567289202304993
0.828278389338735
0.8016233929238868
0.7853868037167192
0.7722857531439578
0.766187632849633
0.7663118513870311
0.7915153614951385
0.8456294204892794
0.9123251957240637
0.9857869127723595
1.0500194208717952
1.097346722619919
1.1241218591844875
1.1278738532365054
1.1216145961802424
1.118672343423468
1.110472602194165
1.0992697319549343
1.0766028646680745
1.060408535301992
1.0443041322758355
1.0179143980523908
0.9936817357222114
0.9759089042492088
0.975219034708183
0.9827675058425746
1.0009193164735997
1.0136796974784448
1.0096851968022642
1.007200819068552
0.9945818838285143
0.9655160550271359
0.9476243931773243
0.9124596319859193
0.87487443682185
0.8307019569813465
0.7883987333142679
0.7273141277945471
0.6834617919339127
0.6356082403729646
0.5956607645743666
0.5654925566760872
0.5358757713684241
0.5156420195803223
0.5118389016364356
0.5183351449862427
0.5553855344716425
0.5914280334212735
0.625570380009271
0.6478058708320257
