0.0
0.0
-0.008007224625208718
-0.020274957847501853
-0.02880294987761179
-0.03228949986482948
-0.026154773773015276
-0.011370836700073106
0.00513065845790097
0.017711623230048087
0.02754390307110999
0.025333963725011895
0.03115734432267439
0.032949028282603834
0.0428705968381156
0.05209266132784105
0.05804374643548917
0.058144194056409346
0.05566521563387526
0.05298748922599201
0.050504078797556515
0.046439718350969286
0.04978138067604094
0.06390225259119589
0.07614795814184569
0.07274975944780221
0.08068607446179266
0.0986829045093541
0.11422301553380865
0.12881427665649917
0.1462970701297696
0.16293149180453975
0.172306930557655
0.18707764595063092
0.19673364842580193
0.20462048657441004
0.2010641247711347
0.19703706006635885
0.19551294841126143
0.1952538772431371
0.19684740501273676
0.19160943221530022
0.17829690125516623
0.17669933536194282
0.17532933466867331
0.1766431270661401
0.17495581684703743
0.168732888903032
0.16094161113680994
0.14821164798362507
0.13752129433709204
0.14465266667624146
0.14785360752754714
0.1575153943992632
0.15960487087680425
0.15579872592958732
0.16111560967541405
0.15424768703168698
0.14523658768124167
0.13379610644079043
0.13000322002219056
0.12084711396364332
0.11184388626730203
0.114552372023067
0.12338656029869692
0.12601046709896632
0.13127655762553042
0.13764790016496942
0.15084816418222402
0.1689347464695281
0.18006151235630508
0.190632521231637
0.19557412654752088
0.19521583654921043
0.19545047754651526
0.19966861800717955
0.19441208898123608
0.19358778714288552
0.17633348923569622
0.16055206226461857
0.14720339803743607
0.12219684668642822
0.09419762731721118
0.06916754694659798
0.04454465228958439
0.018595219121683975
0.007131338565914087
-0.0004686727024289204
-0.012459359497652187
-0.025070734969013117
-0.04269216801744635
-0.05806808397720565
-0.06318437124472927
-0.059889375560862414
-0.04663628401144243
-0.0361714345719817
-0.03860107656574522
-0.03684487391887387
-0.0408772343461499
-0.0341512936424646
-0.034300638817945595
-0.03026647679160576
-0.02042918624443999
-0.019094868348540274
-0.009115559443844283
0.003820510395580543
0.021489913691049422
0.03204017898076143
0.034211769978232706
0.037204175619107965
0.03054537080583796
0.023683518818398894
0.009374084609494817
-0.013534492380659426
-0.039270662556207606
-0.06981030622373317
-0.1068893942300165
-0.1334091027635909
-0.149037467577242
-0.16786739601524003
-0.19713196748330086
-0.21617013844949998
-0.23868583138406613
-0.2564888535110634
-0.2840729801106067
-0.3146890759569821
-0.3549916971612131
-0.39395405581898385
-0.4202819051983689
-0.4436402376700912
-0.4560167205876541
-0.4585757499622824
-0.4597429852218651
-0.46043155339559055
-0.45314558425161483
-0.44464850428630415
-0.429772131053878
-0.41227146306511125
-0.39609767077031427
-0.3772702599891982
-0.35978174664644236
-0.33770405092898126
-0.32152627481146034
-0.3067131786389616
-0.29516202696154814
-0.2796484770289388
-0.27330099162676647
-0.2632939782513541
-0.2570297657664958
-0.2537579290022713
-0.2540749806906624
-0.25325480123668453
-0.25457802423969444
-0.2516429235620498
-0.2501620458316272
-0.24534523134384761
-0.2476352387809825
-0.2555051039967327
-0.26672180384636107
-0.2854353379225828
-0.3095367669627234
-0.3353782148708717
-0.3503714401947827
-0.3708410049743345
-0.3783682726482282
-0.38690208111034613
-0.38658141783687955
-0.3849285949079572
-0.38347681058938526
-0.38604901461857144
-0.38839368855365813
-0.3873682847417112
-0.38506790976480737
-0.3822530863087186
-0.370597039652365
-0.36391577987083257
-0.3506274191002416
-0.336064562699273
-0.32275226809369073
-0.30301710883539096
-0.27984422109942186
-0.261630298324079
-0.2469120552900131
-0.22636022432028557
-0.20523237882468823
-0.1812629405402487
-0.15849607108714686
-0.14316876327237085
-0.1221969119877318
-0.09382153141908305
-0.06683785700824765
-0.034900886988149325
-0.01141182162905548
0.01344451086557032
0.03864541552325888
0.06821208686511439
0.08900032599567911
0.11209891910990682
0.13826080854417394
0.15238475084152064
0.16340179868748564
0.17615578227915601
0.18599145562149558
0.20159932985564938
0.218027102740311
0.2429531042997557
0.27442099944706955
0.3133809646936086
0.35279844568359353
0.38724770201552905
0.42237626850380805
0.45402209389300896
0.4818426887230031
0.5017739270383044
0.5228432607959593
0.5430945702336898
0.5596693498350321
0.5747758454468832
0.5867331205109931
0.5978324843032139
0.5964836032240137
0.6058885369975271
0.6184474437533724
0.6272604521918461
0.6314249922785545
0.6412829672010159
0.6518618351748686
0.6808223209303097
0.702094833246021
0.7236557401391578
0.7443915983270791
0.7527515965387264
0.7607001554334126
0.7746234663569087
0.7844500162727537
0.7934411927225503
0.8081965088356879
0.8181555562002051
0.8228063960517407
0.8304504393722298
0.8317760772680813
0.8284142447123815
0.8285810771557391
0.8292397507630849
0.8305328056073593
0.826633150952201
0.8246361913306351
0.8309873528464656
0.8372154574896054
0.8357927489062925
0.8353661166340055
0.8416937529047802
0.8496361546584408
0.8664130262526659
0.8735066779457908
0.8810752990186697
0.8930925359198991
0.8947882341128591
0.8906798672052534
0.8886363951975416
0.8801482963261767
0.8815032084255376
0.8874278970471993
0.8883606755232825
0.8860699578258352
0.8806514828061651
0.8649630696691487
0.8551861316747048
0.8435710440399706
0.8231660006381797
0.7905381424435532
0.7724272122079073
0.7613781328136731
0.766300762727894
0.7863483617453588
0.8006671536570552
0.8099517829443275
0.8205885892174545
0.8255605459133101
0.8245800081174225
0.8246634056435318
0.8257159084201151
0.8344431914508311
0.837426083897617
0.8292919113792692
0.8130541653550805
0.8029138220693126
0.8060544481257691
0.8080938839877507
0.8034613703613093
0.7987533329995442
0.7911996644151067
0.783022777748602
0.7765653392525569
0.7626601268843938
0.7394740787757432
0.72440641056333
0.699265242116246
0.6826519879104941
0.6636651775115862
0.647971512574062
0.6325786386270635
0.6252937922358239
0.6249720093266895
0.6167106162137699
0.6113337303479951
0.6085891947532214
0.6036446255335026
0.5928014416733464
0.5815603355297548
0.5760721111401639
0.5595021508850359
0.5367154837659622
0.5261493474885641
0.5145575853827635
0.4955424671516904
0.48204022328659474
0.4710882780746715
0.4613836407318548
0.4647904088055546
0.47073440123990223
0.4695442241175706
0.4626908315912023
0.45761456110701076
0.45260959493201014
0.4515496262856238
0.4383063302918639
0.41880260764898664
0.39383622332402674
0.3741499151439583
0.36720516206758813
0.3572305161150714
0.3549919185858791
0.34896305825102414
0.33922695552450455
0.33964718053151394
0.34784793452125756
0.3501602988559088
0.3557721290965128
0.3643578111558211
0.36167297716741026
0.34219666224191725
0.31434839513729984
0.28814300210140525
0.2594205679483614
0.23170244221847597
0.20554146170848214
0.17383576181148777
0.1527922676237912
0.13639565467459172
0.12947143266182262
0.12641699609845541
0.11609417811415952
0.12114357571163231
0.1228002605400743
0.12371876193159322
0.12241573581344585
0.12165603258708649
0.1202144494336613
0.13115785718259373
0.14826683049722755
0.15506773689059478
0.1663348377480246
0.1852738164602239
0.19897113034104866
0.2205570151216002
0.24454600957463637
0.2697942176934295
0.29786626579638226
0.3092880719846605
0.3183585561902215
0.32731612181319003
0.3424181920308446
0.35381756680987175
0.3691013382004252
0.3737121093027233
0.3865112035286397
0.3986398276151589
0.40121170438132386
0.3950486513700131
0.3828340972149168
0.37747640485733197
0.37797012248846806
0.37749423061107434
0.37354807099803505
0.36719408607933457
0.35513273060269857
0.3499910834833488
0.33271291707485245
0.3162784738361461
0.28880002558452383
0.26794728797451783
0.23605018474975134
0.21498224624240864
0.20057871120012338
0.18845712016064287
0.16343129458982492
0.14916531641557187
0.13232623437914232
0.11731253286888275
0.10420790783841903
0.08284290745888462
0.06571308576490424
0.04264791175418303
0.019359021531654974
-0.009795287249684741
-0.03867341110764622
-0.07337392105854723
-0.10575925688260414
-0.14149092761857146
-0.17387686822465254
-0.2120432654988853
-0.24789938194393477
-0.2796385135080665
-0.3158007518902167
-0.35996767752589265
-0.39563399696567764
-0.4372938488004532
-0.48249407164873565
-0.5276495618302116
-0.5718279661590072
-0.5991933878240415
-0.6287707976021817
-0.6498460452049655
-0.6670821494181037
-0.676531742343726
-0.6813387853754806
-0.6921067806910214
-0.703458056352154
-0.7160701208709815
-0.730314621071464
-0.7348975412044827
-0.7389030686511315
-0.7397441957965728
-0.738944295309255
-0.7406356287609547
-0.7366780008705678
-0.7316563005147783
-0.7184350215630405
-0.7012619700356509
-0.6885159078509833
-0.671473987971994
-0.6713236224014649
-0.659278344738082
-0.6467460850992625
-0.642671839117829
-0.6402313962977008
-0.6375604363087867
-0.6444034773293635
-0.6432417830205301
-0.648571883501148
-0.6476479568920338
-0.6448051354332668
-0.647988395151741
-0.6431857174551605
-0.6285015799441718
-0.6171379387834693
-0.6076562995080613
-0.6140647366186769
-0.6261078583820664
-0.6327540553908242
-0.6368403592497035
-0.638003028245274
-0.6419856979177821
-0.6441974005665678
-0.647824489299767
-0.6453938119479945
-0.6469384901768591
-0.6540852078285948
-0.6582021906259102
-0.6574158009533416
-0.6576090477774301
-0.6644391734337339
-0.6693071470910541
-0.676486452543515
-0.6855698227117545
-0.6977339727561203
-0.7286190545711675
-0.7550274160630936
-0.7872232172321825
-0.816637512864472
-0.8453266262159423
-0.8698977585987293
-0.8943628636226206
-0.9152331746019485
-0.9305503652376448
-0.9495280196753508
-0.9653469804989129
-0.9747026695935874
-0.9835686702668531
-0.9970419971915783
-1.008564252236467
-1.0259769706798494
-1.049212861114098
-1.0828390933192433
-1.1186806850518947
-1.1475395851937773
-1.1748681001792551
-1.200926547590868
-1.2234224844569688
-1.2439065084425585
-1.2757107269736365
-1.3026791580360184
-1.334101135015103
-1.3756241572871406
-1.419681335188784
-1.4595312552487416
-1.4945193096266705
-1.5385360171758349
-1.5692515382776453
-1.5831069507828912
-1.587104151337197
-1.595464187192893
-1.6071892276698398
-1.6147256054752857
-1.61435919278015
-1.6146952479236758
-1.6100845104626933
-1.6099159494747763
-1.6089585039218754
-1.6058804048778437
-1.6068750401542875
-1.605605505667558
-1.6085749758968722
-1.601106188476469
-1.6040601745560774
-1.610773236860072
-1.6134154738647835
-1.6172889608446772
-1.6081869653057657
-1.6001318826014315
-1.585418664284368
-1.5692674608949106
-1.557551005066112
-1.552603859765632
-1.5552866470039448
-1.5604495857588287
-1.5790373098271437
-1.5793342158885497
-1.5783436676130722
-1.5740048578701442
-1.5788221280106216
-1.5752389475183792
-1.571435103344277
-1.5695061840686333
-1.5771344464287114
-1.5896970592571018
-1.5959530129777952
-1.6075318117165944
-1.6314008405271023
-1.655327104141115
