0.0
0.0
0.003395560828855708
0.04625535653799382
0.09514344543566255
0.17075079809608246
0.266570542784036
0.3602240731212302
0.42185684229142867
0.4761706045025701
0.5351012845426757
0.5597385036603981
0.570406948521722
0.5408995879139454
0.5005459763250694
0.4529920037653101
0.3857186191317333
0.34235126843591246
0.2682830470400658
0.16824674269520856
0.03673109966770316
-0.07611404015933688
-0.1668726523577812
-0.24154182561624193
-0.3055569504356967
-0.3239807923076545
-0.3540832413617687
-0.3695675622849559
-0.3560456148585843
-0.31501470385198044
-0.2782488617286783
-0.22700550572565414
-0.19064893431710736
-0.1917836381853476
-0.1823158086374238
-0.1727142879872159
-0.19487065256494818
-0.20313993425479046
-0.1958492318340486
-0.18452330436716205
-0.18543267944536718
-0.2231091437955654
-0.24344533700184423
-0.25959639632972115
-0.26756992137031343
-0.2500373448315305
-0.2055737031840965
-0.1297123069136099
-0.0532238225015285
-0.001870516286890625
0.05424318657826965
0.09933655837262984
0.1252673445918221
0.12175508727875133
0.11068188834150416
0.08598126528195738
0.04368646140235774
-0.012264865172892984
-0.030702026176366685
-0.05226134125735546
-0.09891668184714769
-0.12581788182606893
-0.16057031159847523
-0.20626152228012629
-0.18991659081648637
-0.1677696568751303
-0.13846668555786856
-0.09308935225823092
-0.028641470579067546
0.06864193811118813
0.15441794483545385
0.2069249452372308
0.27173259724140286
0.32101371939895873
0.3635379546819668
0.3578485456687716
0.33894112850133773
0.3102484616671154
0.2735037257372399
0.21609003333683932
0.16805347054993186
0.13768193537506265
0.13129861577698385
0.12120533251360878
0.13515430593561836
0.2009316248508779
0.2636097581667666
0.32128710139956634
0.39345489227946145
0.4832843262390761
0.5951272519480459
0.7442914211186764
0.8532444473874824
0.9463015894410728
1.025325662964502
1.0743501179381247
1.0687036354132837
1.0601263700797978
1.0121702028229365
0.9642342817012803
0.9173208886841321
0.8528462925168022
0.8107453138832718
0.803057284097763
0.7925943026072436
0.8096024986440441
0.914589121476809
1.0453819045787307
1.1870166199407375
1.3358438901764402
1.4668015204387868
1.5818466811541259
1.6401251348580743
1.647507648658062
1.6563924287632494
1.623236126448136
1.5850140907921024
1.5346343951430526
1.4599621430876173
1.3922422594360728
1.3276694284464514
1.284348218006889
1.2475820107898283
1.2403516559141154
1.2408969057764332
1.2449697681179461
1.2729268595089898
1.3306878719742077
1.4142178512819714
1.4877439975054216
1.542793407903972
1.6033961791152274
1.647328210252003
1.6530324930266531
1.6164885789000234
1.5364753021196746
1.446515136081215
1.3194097394562823
1.1894814722544818
1.06997211493831
0.9452133379421696
0.8258793907165727
0.7370640336242968
0.6449783330362505
0.5408462423445808
0.4765885943285898
0.4259104974739704
0.388824415425065
0.38637278754347404
0.3814421148183358
0.3878472210682663
0.40452698630005757
0.402112365535412
0.39954422912206705
0.38344790750762536
0.3394259624011346
0.2771606802869129
0.2242539242408019
0.17710222793344715
0.12444446410931868
0.06604091596624115
0.011855693228634487
-0.019047815937111294
0.004127433245167983
0.017199845890814275
0.06162279910595128
0.1315765869845492
0.19440046931389757
0.2522042156794051
0.31121479573152444
0.3626413242750195
0.39686689449267737
0.4251427213884197
0.4287553817264682
0.4202493355551374
0.36755959454657106
0.29734596352881304
0.24443380653097124
0.17894233285150493
0.0907699451576826
0.0013248667046302925
-0.09339277472367272
-0.14244759593657602
-0.16695005318924225
-0.18059878839056015
-0.17419165931111963
-0.16390772612682078
-0.12728559401110362
-0.06141574677783751
-0.006380343042602786
0.051546346929527184
0.08746680213100454
0.10192000356962529
0.09346420418766804
0.07328476279262398
0.07255931264676936
0.04210922758300395
0.006414477145700745
-0.005962368304714078
-0.03667709286793519
-0.04405656481198057
-0.027074686212883954
-0.017237672248421404
0.003621492228857326
0.04917650389590082
0.10480041378169122
0.18247595279618406
0.2477886929407363
0.3444608754885055
0.4264883247025386
0.5063545531534827
0.5774328665298433
0.6665139212892074
0.7514539320695015
0.8359142608581154
0.9043487673123278
0.9116234073633402
0.8603364216696967
0.8117406584355465
0.7577256605911564
0.6769332027745181
0.6032552073525805
0.5422550593377133
0.4967692799457493
0.4835156286098807
0.47124253710181374
0.45848215317666147
0.48220255721164956
0.5270374095519882
0.5619368061075171
0.5781295505658036
0.5688126208400776
0.554252772862621
0.5332010092417017
0.49412175601731645
0.4548871547884303
0.38964907608758126
0.2699816293681971
0.17393285112857593
0.07282745287874617
-0.01678174770272277
-0.07501437955941745
-0.13851437408742032
-0.17956476294554988
-0.227067119856606
-0.27118247273479346
-0.2744450716524569
-0.23119227010522742
-0.1934909439487942
-0.1386624115110614
-0.08772050402706949
-0.06856107400971787
-0.021546717375968236
0.01955927165823236
0.03148548302620929
0.007796446598329409
-0.04769091298283412
-0.1156365919325322
-0.20791001655631403
-0.2861367057442953
-0.37907225140518935
-0.4465643014934289
-0.4894699640360384
-0.5047550293157038
-0.5360440813502236
-0.5440165892907273
-0.548331253992992
-0.5646076221523904
-0.5857247471564405
-0.5916500763346236
-0.5974869377045045
-0.6126815397863876
-0.6523568271651086
-0.6705670879552921
-0.7159153161079412
-0.7767211152721939
-0.8595395083550895
-0.9523383007610384
-1.0433970579178078
-1.141076545519401
-1.2395753334060158
-1.3325864136095493
-1.3678275937962068
-1.391683156680608
-1.4028136682354388
-1.4112924232744222
-1.4041953438813195
-1.346146021972722
-1.2813583510866369
-1.2523610167951913
-1.2043778665313982
-1.1384536290663803
-1.091847868790819
-1.017187322079093
-0.9599155846140857
-0.9414347249102679
-0.9583791185536734
-0.9986274709841795
-1.0415010161808196
-1.0982839796780357
-1.1708448586867464
-1.2259551965445012
-1.2841096502021896
-1.2968178976581128
-1.255264716415768
-1.2217054044882654
-1.1429035063881925
-1.0542496860816069
-0.9798472138969729
-0.8988323575416696
-0.8061511474264623
-0.7185432609745155
-0.636741902162804
-0.5490251298363891
-0.4952412198828565
-0.46702871225028414
-0.4394781337545904
-0.40339821109038515
-0.3938673139886517
-0.426781991450936
-0.4595270751718766
-0.5119619633465697
-0.5202373869420068
-0.5437364753300562
-0.553441559642333
-0.5441623748677039
-0.5030831080043074
-0.42675144264203246
-0.36398559380881323
-0.29565209073199106
-0.2293394516856161
-0.1730223630460891
-0.13904686243363734
-0.13010885075309775
-0.13530641561811307
-0.12938538917305017
-0.12223146108789626
-0.1725175810660542
-0.23894994062553565
-0.3230249708706029
-0.3697653700710004
-0.38651463479252707
-0.415949734868867
-0.42093663003565207
-0.39589598405163007
-0.3620866941701684
-0.30429169637355274
-0.21285216462829706
-0.10466405049421389
-0.0034085441753966828
0.06854687084132652
0.12860317610599514
0.1953874357137635
0.21660104120550458
0.23109825218137042
0.2585851816196946
0.2955863576370949
0.30823176038231415
0.3112985320909349
0.3233092444865672
0.3305946844822653
0.3356099632500165
0.3133346209920741
0.3182376788734281
0.33393709222515605
0.371805540314852
0.40897476896568524
0.44072109607339605
0.4512612610459824
0.47965720355423
0.5281572105806661
0.5891746764697895
0.6122544942948711
0.620962111106289
0.5986438722065769
0.5456585661127771
0.4524488315444006
0.32572606927854564
0.2174354361483148
0.15956739519561752
0.1057903253741274
0.07125444524848365
0.04878600827074868
0.0381863126691759
0.03084658855528477
0.07554677397529402
0.16798405922180976
0.2569852662739354
0.3689194488453223
0.448995626982285
0.5202647628309527
0.5940923978143285
0.6274792728008178
0.6562929335224492
0.6857134745712494
0.7013116604921054
0.663897520530572
0.6156288857191733
0.5326322555802661
0.4669792653131036
0.41511312702582515
0.3691423854823497
0.32403047206758295
0.28599312543172367
0.2613014493824717
0.24792720067097895
0.23766261547243703
0.2377472106136517
0.25624787858774634
0.2552222789941144
0.27625304170705045
0.31429003819453327
0.3680011531576334
0.3969831712393423
0.43399697357985423
0.43829484120710605
0.417230022541982
0.3627071291957084
0.2841588187587571
0.20747648256339482
0.11468431063337939
0.028334542114331646
-0.02963214553671057
-0.06259410770012128
-0.06712283503719686
-0.006894600287212477
0.0554002878116384
0.11798437955858646
0.21078891830468935
0.2929532063012367
0.3798548023714179
0.4680180505449256
0.510943849416925
0.5707001815054478
0.6001071691453286
0.6134934493067306
0.6432837140745727
0.6357540020406502
0.599123897861141
0.5884281758717451
0.5765036455808377
0.5874739919453705
0.5922258222402241
0.6262892402746796
0.7055121111388466
0.7858135283788042
0.8953996581600341
1.0184932326703033
1.1630801544364882
1.3124939501765553
1.4512218171202946
1.5562886479702474
1.6334684778379276
1.71198348838282
1.7642609854438653
1.803706618241607
1.8574764860812316
1.8882915242099654
1.9269540705685528
1.952310070173032
1.9693590080112093
1.984980768473406
1.9821749666262294
1.9743886479060015
1.9508508305026913
1.951732132750402
1.9668118386568392
2.0300847479163666
2.0565724463314417
2.078074392178998
2.1125954784455474
2.1288553558125995
2.1500828965623127
2.152189102417385
2.114949113039636
2.047353340123896
1.9696606918246522
1.8861649858511493
1.820913545733316
1.7700272584863461
1.7248294910118482
1.6904146178184905
1.688006877739775
1.7075631893983534
1.764442625075371
1.863743144892331
1.9406163126971636
2.0105805776940553
2.072105367700865
2.09857742497419
2.07858672106264
2.07144762546042
2.063611690297616
2.041049807703346
1.980455409585338
1.9218720636570474
1.8483173626244664
1.7236945541396373
1.5822705102404433
1.4379261840368494
1.3138455314587976
1.212497571175762
1.1439180392166872
1.0802031870365942
1.0445986948730712
1.041159495998512
1.0451216258198401
1.0684415793415658
1.0894959981599575
1.1209745395717325
1.1435518253436214
1.1694358480044
1.1736372559378745
1.2044318277154173
1.2225659330671321
1.2208672172731183
1.1792271766473437
1.091063511438186
1.008041623081765
0.9513531262072462
0.8662769117798643
0.8092080485730693
0.7545807404196807
0.7153403319281503
0.711279867858078
0.6948099925242912
0.7238071462874893
0.7736056477707292
0.8365054950959161
0.889185838074597
0.9621078230496132
1.018017547381047
1.006343820601443
0.9503575687345727
0.8626864498229528
0.7873048425729409
0.7067779506423234
0.6252555541520673
0.5126260744124791
0.39163796558219216
0.2699512018459016
0.17771357036468177
0.09501828020690054
0.07176230193389403
0.07444294245001834
0.0991565051828069
0.13605842430508103
0.18572324874214502
0.24557560118039456
0.30766191300127455
0.3302987963916132
