0.0
0.1545084971874737
0.5835355611276134
1.2461896577518377
2.073406467233859
3.015553081104118
3.934466515498264
4.750731303003256
5.359406895086488
5.709192666853049
5.753319001262322
5.478505282318747
4.917658276508382
4.115244950054645
3.1634539033026927
2.1432986388107764
1.1539099073434014
0.28755298708782306
-0.38341890509304477
-0.7715961839240832
-0.8446146977319912
-0.5924183069876874
-0.045200696239016125
0.767500978986841
1.726303605384013
2.769029647280994
3.8005752862713953
4.6933746314534055
5.371276035856738
5.792679600167216
5.92518347922204
5.747582371096636
5.286256758181432
4.57958257556542
3.6958570789023817
2.7159073575169055
1.7279644315862737
0.857343759577088
0.1629401838076815
-0.2879921209769519
-0.44302208428005013
-0.2730959263035223
0.18271911121016182
0.8809992079055327
1.7212777826710373
2.634303772563123
3.5340279224110946
4.335562294714661
4.949753543396285
5.3034874180597615
5.358450582222861
5.116996207809575
4.559738658194226
3.786690331995244
2.8445101201579726
1.805090331026751
0.7875277449651568
-0.11772712762697468
-0.8096904176696984
-1.2431499744094796
-1.380582702357196
-1.2219066909662302
-0.7616931339743553
-0.06346552111266357
0.802642731335441
1.7426418594584923
2.6856045903554997
3.519260309305326
4.145734219318251
4.505411491401965
4.535284493690491
4.271865868612916
3.7306316744094175
2.9691558683002564
2.044331818960449
1.041674651991187
0.0749797202364646
-0.8032606228276853
-1.4648114642091952
-1.8906464686748436
-2.0218671213305233
-1.8517925092845444
-1.4096010306126527
-0.7121996475487702
0.14653462786406934
1.1042917774100882
2.070372645821818
2.924782571042094
3.578082724274606
3.9904282480569604
4.091938860015995
3.8923805277617665
3.4178758244688843
2.694737464422184
1.8172723642678958
0.8326116738229032
-0.13749629995859491
-0.9846150914499394
-1.6557920659116778
-2.0687901334059613
-2.203233270953866
-2.0272087436743282
-1.5556508893865786
-0.8672211838899668
-0.01935973350007747
0.9179947556352133
1.8455433251428608
2.671702259391212
3.308183968994444
3.6640721156521696
3.7404578376664235
3.5097552303903945
2.979545040079424
2.21534073649534
1.297747149061041
0.30723450497238236
-0.6617318084089925
-1.493446647836573
-2.1240337846862616
-2.5010258590253174
-2.5631679409187993
-2.323587132711185
-1.7958853568737339
-1.044779685629791
-0.12168859840925672
0.8761584593744906
1.862400216757985
2.7199487488182577
3.393693701175434
3.786438662727498
3.888042518825571
3.676682639312426
3.1903036799663913
2.462127389036757
1.574474368510104
0.5857908027214985
-0.3982101277825
-1.2978836913592835
-1.9806934814207378
-2.3911568787490545
-2.5178750926057405
-2.3344541878689737
-1.8601964851759734
-1.1167015623761691
-0.22331510750730943
0.7357446852849312
1.6691671099946606
2.4784004881795054
3.0811046913739997
3.441399612068158
3.5003762946756694
3.258402786257969
2.7494547317505935
1.9957155479753177
1.0719134676194528
0.09385344333787082
-0.8649703474298027
-1.7463420622115116
-2.434235792942876
-2.8483152503993554
-2.9744906064177434
-2.7990209076714656
-2.3393147330037687
-1.6493174867385376
-0.7746820721004981
0.1962339407949074
1.1625087573545607
2.0337538794456087
2.7191511385845617
3.1559717841399206
3.274502691244453
3.079711023182145
2.555495313408307
1.7882966782170915
0.8576452973050234
-0.11437931816012104
-1.0762904030207392
-1.912366521008487
-2.5588032346388356
-2.9467339010221822
-3.0383920411347307
-2.8176591505008304
-2.3355839240827208
-1.6216158270412304
-0.7174341924460412
0.266230164157784
1.2526258975380284
2.148480905423029
2.8325736938454456
3.2450094621459
3.381704792505628
3.2076246214565796
2.737216011010141
2.0353213955438245
1.1166293108806427
0.1152424204157565
-0.859016927385486
-1.7130534797862966
-2.381454641177659
-2.781364565509803
-2.8998075966107746
-2.707399033545154
-2.2098543450932784
-1.4906266677982105
-0.5923325478507965
0.37259776279688184
1.309260005317646
2.1536671345809806
2.7900009220142983
3.167678674357506
3.272601190658338
3.054335291237306
2.553188826621637
1.8160441295427314
0.9129127310192786
-0.0870775364105163
-1.051740396592224
-1.8601877059474352
-2.506251809546356
-2.8834936369121182
-2.9576744116701876
-2.7134637693049775
-2.201818039175652
-1.4526882964656769
-0.5226988935306904
0.4764883136958391
1.4847247220436632
2.3835322403968684
3.088014831465993
3.5340496600923936
3.6992537261459866
3.556390173942818
3.1173747741067843
2.4036238766871687
1.529987256326147
0.5713717628389814
-0.3601219035832821
-1.1791645683009566
-1.787773634930394
-2.1574398855954646
-2.242359748315863
-2.0359046238252185
-1.5517322948677452
-0.8492221396508103
0.007298087493193717
0.9686596318708723
1.9114424011074247
2.781063079702945
3.42323394183176
3.8161480132380103
3.87761736780649
3.6449760255389383
3.1525092483734123
2.4285647247010065
1.5620381952154967
0.6144969778726439
-0.3384258536919118
-1.1972704060642196
-1.8764191401286523
-2.285087882627677
-2.4154876078602654
-2.2261518410975527
-1.7541513408892984
-1.0485605351161564
-0.17095320254714297
0.8002682131410406
1.7648588822772187
2.629567496049413
3.3050701381534795
3.7162991631791913
3.825490779866267
3.615735629702525
3.1295504053831675
2.4189093706981453
1.524755205727732
0.5719736998628773
-0.3875826902674945
-1.231196644062198
-1.8741324854693056
-2.2636288898098007
-2.3618378857349547
-2.1930704601320974
-1.732618426376961
-1.0341683525148526
-0.16460393890691138
0.7662668275663471
1.6694285036400573
2.466424384325656
3.0881570025303127
3.474509671077312
3.5622390359612552
3.3686173091028833
2.8803135679903806
2.156615924314397
1.263801186500218
0.29213315896906455
-0.6639660287502749
-1.5308489909893606
-2.196897025599168
-2.5852261831768852
-2.6610427689186382
-2.428830515752826
-1.8978271245422567
-1.1577634763904932
-0.275268950934335
0.7112344719030058
1.6531896729933204
2.48510729136627
3.1213518871287134
3.5063141995468374
3.597863482862194
3.3444858444884997
2.792170850418617
2.0131828160994125
1.05197440976691
0.025853779833603374
-0.9823412596939534
-1.8713031330830368
-2.553457905862447
-2.9789889319303375
-3.129902699553092
-2.974116330722616
-2.5424455900771754
-1.8637940266978141
-1.0243033396599133
-0.09443625199845251
0.8412318391009665
1.663812062493021
2.3115358151001977
2.688185328216194
2.7953918140215395
2.582039801525427
2.052702394012469
1.2915768378171384
0.3392906971368993
-0.6919745525075173
-1.699022351015934
-2.6032109073969387
-3.328118080962489
-3.7555294549150404
-3.866170486981189
-3.6570225819363786
-3.1757243214836564
-2.4357553405296386
-1.5288379017143796
-0.5486461840254876
0.3996027598763262
1.2310934964567086
1.8804268960675574
2.272388835290829
2.3584711692389346
2.1506394153162525
1.6433406104717765
0.9215622578083272
0.03242949314712751
-0.9184877441965914
-1.860813963058627
-2.70380162852869
-3.365081911174726
-3.7802046849796307
-3.9326315597219503
-3.7992203407968654
-3.361627490927129
-2.689976585743125
-1.825089930078081
-0.8731256021232758
0.07554294071972434
0.9136881010027813
1.5417989849432598
1.9222561118776085
2.0143475898019356
1.773994260473199
1.2619033653560412
0.51173049004722
-0.40965382143669493
-1.4081036611061464
-2.409218410223919
-3.287393781892002
-3.949793663830187
-4.358540989366518
-4.462421373371814
-4.278028830294005
-3.82774035544344
-3.156943306616188
-2.3006409774038614
-1.3876253739502862
-0.4985397843993936
0.27827435589672633
0.8821214898386004
1.2306605897703515
1.2968871551167593
1.0770670863601524
0.5879925975128713
-0.13675281507431114
-1.0516198601696898
-2.040841608828199
-3.017085173342447
-3.877214026129274
-4.552703010605472
-4.964593957037522
-5.074569608185272
-4.856189822720694
-4.381023849340551
-3.658031861002491
-2.763711867399619
-1.7878003763820298
-0.8452695670897782
-0.025981775934547424
0.5892806389686808
0.9569001309085381
1.034693268503838
0.8130302251725497
0.3138960147417226
-0.42139380991118425
-1.329748197290019
-2.3241287181040686
-3.282572780109197
-4.116288860825123
-4.762986904872665
-5.146527592279677
-5.234124691694283
-5.014724654026232
-4.500180242825159
-3.726623907919138
-2.768829977830914
-1.7279266833907196
-0.7013440266230213
0.21781021279810808
0.9133883929522033
1.357504025504124
1.5126181785714459
1.3730392143723136
0.9079489744408462
0.18365124776328368
-0.7143390711845824
-1.6731161370848282
-2.6227511063815934
-3.4544113215194834
-4.1157046499297945
-4.499230308091278
-4.585680167220082
-4.353063129879281
-3.8602717812235827
-3.115996482461128
-2.2101027932145003
-1.2008556030773057
-0.19915412979159264
0.6792228998084803
1.3451978589807465
1.7633411672340435
1.893516319920356
1.7342542382758168
1.2912835391931663
0.6227606718494292
-0.23566395489353975
-1.195096356694557
-2.136140431185491
-2.9988285301572466
-3.6418618945385925
-3.9988930676075425
-4.080396566854881
-3.843310397867512
-3.30838311525961
-2.535334763641631
-1.6203234305984038
-0.6284330670522853
0.3736802083924995
1.258656195597029
1.9288127472997771
2.3658915101693743
2.5021152639300843
2.3470177721074332
1.895167561980108
1.185156489893243
0.3268997257589902
-0.6311627572500922
-1.5713686060300294
-2.3867715251426467
-3.0059696878667053
-3.342059347717546
-3.3889275599383852
-3.1370428566594843
-2.6244129885512444
-1.8653500448336895
-0.9556153050905796
0.060002871773897626
1.067725020014597
1.9294929331033148
2.5693384584967855
2.957787424145589
3.043022669069746
2.8209540555085595
2.3208430304712806
1.5897022802230654
0.6958042608129222
-0.2803073170134378
-1.224161991809619
-2.0769504588322762
-2.7276772059543064
-3.1192778098761402
-3.217936768243024
-3.0122541462495684
-2.5155556185465233
-1.769905346879859
-0.8212724891799299
0.1951610832645383
1.2148804471472578
2.1458307024834644
2.8812873910803454
3.3500034027940866
3.513449142559302
3.3555475781085127
2.8942033921624386
2.177685060362779
1.2868691824844372
0.3114954758627767
-0.6450660774634988
-1.4879410343572825
-2.1393930117289144
-2.5268622006153088
-2.6220283124880406
-2.4108131756692197
-1.8979583270506213
-1.1356550966042545
-0.20519738459580628
0.8127730320080412
1.7917934653791319
2.646020897350854
3.3185819251279605
3.731713651082832
3.8620812356112957
3.673288275299461
3.1800236787190816
2.4150554760857914
1.4966063427901481
0.4747479097755669
-0.5217594263423201
-1.4041460196062352
-2.132906731868267
-2.584205352763603
-2.739221733543223
-2.5939654654024973
-2.14214717617188
-1.449817764944195
-0.59072454707965
0.3815629675364105
1.3613429988102477
2.208600163320511
2.8605503012021862
3.244640574328166
3.3133190672934534
