0.0
0.0
0.00994138156555904
0.011009365287763001
0.006692024040176595
0.043791982507871766
0.07771688778264955
0.10686171239338488
0.15043515286205486
0.22896914185791123
0.33927822339971336
0.4522651659954713
0.51143313626513
0.5130667046431178
0.4515656371353862
0.3634514003650725
0.2290565427467312
0.09293204821738918
-0.030776626412703095
-0.1745046247884993
-0.35752527105836307
-0.5406368642776638
-0.6910962813554185
-0.825169832820613
-0.9212541407225229
-0.9615539455405405
-0.99406865219458
-1.0204931424989794
-1.0137041721287114
-0.9821551536637169
-0.9786770240711081
-0.9792496512128184
-1.0308442236413338
-1.1317721805171421
-1.2495084180143115
-1.3952634637545167
-1.5178578285286473
-1.6439776769508432
-1.755898095781372
-1.863244719635444
-2.0274739693095754
-2.1692038275966095
-2.2234063895902434
-2.2632940405449133
-2.2436433847689865
-2.2248913626499
-2.2036146464686586
-2.1448908442252024
-2.0443532166122482
-1.910522444728362
-1.8109229556194442
-1.7234268918118978
-1.6349750932095102
-1.5806083263958228
-1.5543926634285932
-1.538274775281896
-1.517363462690395
-1.5355749303554616
-1.5926132397437027
-1.6601138909389097
-1.726244182549103
-1.825687452176926
-1.8637738966957131
-1.8797270744655585
-1.8591060384713476
-1.822410528086113
-1.7483818476562378
-1.6353052671870167
-1.50622134509661
-1.368854661322643
-1.2561607658161658
-1.152889582486481
-1.1032125379952553
-1.0842920148141344
-1.0736741308430622
-1.0599430632093867
-1.0965490660583612
-1.152223506162532
-1.2335592222489518
-1.327977548934911
-1.4177509660712646
-1.4934608091282753
-1.5653960517544154
-1.6038835880679996
-1.6241755627935353
-1.6510234417518879
-1.6226123438145177
-1.5542443091466573
-1.443276561350227
-1.3209273914458175
-1.2001406297415163
-1.080431231655129
-0.9454987680038967
-0.8290650869886045
-0.7663354921624274
-0.7302831641795421
-0.712198185294846
-0.7449071338415949
-0.8363966432861186
-0.9073252182012164
-0.9921305719514073
-1.0517178155754139
-1.0793027141243714
-1.0885493805265227
-1.0717438710609273
-1.0113550815582566
-0.9477050363281436
-0.8857276071047722
-0.816994826214313
-0.7677923534401045
-0.7036381066957884
-0.6486340244795965
-0.6412556643046013
-0.6220095499777846
-0.603761021559843
-0.552339627054006
-0.5342609683809489
-0.5790161929800075
-0.6461625578305921
-0.7046355570606543
-0.7465579550300804
-0.7759994861963342
-0.7883953021684623
-0.7605084216840365
-0.7006723275053095
-0.5957163079601611
-0.4561502768639963
-0.2813148379012081
-0.06538679391256189
0.13886571553662183
0.2768749679618363
0.38971543405559056
0.4857738155678105
0.5678290579423683
0.5926559220164105
0.5653055403471887
0.5083787742812447
0.43870604663677676
0.3443563743636388
0.24943819108355558
0.17969608099547865
0.11443806855893149
0.05684708352285313
-0.026003528079912325
-0.1082205986804625
-0.17794156264276265
-0.22157134469038162
-0.28635683526861744
-0.3498730592188972
-0.36823120700095946
-0.37495780604738776
-0.36808470304593804
-0.3474591804599447
-0.3489677878764287
-0.38675764705273324
-0.4536860580257583
-0.5426506407127698
-0.63104123994837
-0.725283799644437
-0.8324338121308907
-0.924570765534183
-0.9791726737948936
-1.022572307520957
-1.0717131187288318
-1.0748089889655006
-1.0449200970010453
-0.9980175539401996
-0.9237344600104367
-0.8609635742120316
-0.8066933462579595
-0.7323934244639816
-0.6760304037643883
-0.6175285631705834
-0.5684430145106875
-0.5904877333869121
-0.5815529096725081
-0.5797938735446423
-0.586383207337166
-0.6181939557083477
-0.6589967715573554
-0.7131119127472328
-0.7460268394314268
-0.721179748634041
-0.6587378053452397
-0.5700105303723997
-0.4659164480010375
-0.3709566403561013
-0.27850233932464785
-0.17633945321181954
-0.09623238348306615
0.01598204073912815
0.12009159129256902
0.20052505099118428
0.28684527025666456
0.36411911644585915
0.46555487493764924
0.5264307796845556
0.5823581599149632
0.6209825570098995
0.6241862819022417
0.6379364795976601
0.6369497126031474
0.6465328413439027
0.6362347413608648
0.6255693123806009
0.6736637393506144
0.7232639570875773
0.7847367509319043
0.8535823804108458
0.9118061747882314
0.9804735826282768
1.0574414685974016
1.1300872766512564
1.1807599538292621
1.2194220524827077
1.2154563541428807
1.1789683719855566
1.1105127687463419
0.9962711897277736
0.851623718082286
0.7230845662585723
0.625898329274704
0.5738120784114998
0.5378957995866925
0.5217682566283578
0.5129652546670025
0.5328188079356069
0.5694953379209715
0.6576520850600265
0.7329502019977938
0.8026783882154553
0.8188927685642894
0.8457745066743607
0.8526249808274929
0.8203973886829058
0.7799039780104241
0.6797852923808501
0.5923890146042596
0.4816632503363939
0.38782350487273365
0.2804450595930274
0.21834604050271986
0.20448378563078629
0.18316464503572907
0.18875564813008305
0.22816562061657275
0.2909636802414203
0.3947968326644717
0.4855077599819536
0.5784312044513492
0.70018052385041
0.7962106510450796
0.8318673578530837
0.8473451345984727
0.8117833495847887
0.7268874559203694
0.5925391461003822
0.4224737793234099
0.24938547000007
0.09633339781302283
-0.01763860711915552
-0.10977771363593553
-0.17958472141078988
-0.229042618025952
-0.2836029508398362
-0.3135959306225911
-0.33752301714948435
-0.3345490744331438
-0.3331678088203442
-0.27024952102173716
-0.21729179858876307
-0.16169903551903886
-0.1397142058315655
-0.1549907635686062
-0.21075934910295335
-0.28725114416772923
-0.3284461560704535
-0.37976979787342374
-0.4747211149812959
-0.5791287965039047
-0.6680786688520416
-0.7076881028284896
-0.7092572456200876
-0.6869179214029777
-0.674694731194212
-0.6281351761159958
-0.5497186193206637
-0.45037404991683366
-0.32026744754615877
-0.18226198201537788
-0.04073458049511272
0.08057715751816963
0.17098696947460473
0.28703853159671944
0.348365503054832
0.40188293884304255
0.4206037415030279
0.3850861589602466
0.30509565666614985
0.21805034115114902
0.1459197600862983
0.08365352980679952
0.05196234501738843
0.007003829891265245
-0.023712804779791034
-0.04700629500022366
-0.021213989858290882
0.07184955272109726
0.13851808603123128
0.22580013084643738
0.3036960472140287
0.37000759482569423
0.41017435075274794
0.4458479148559215
0.4512822097698813
0.41763509789161635
0.3961673450791087
0.3414307153146139
0.25552256219842107
0.15683601993992313
0.1331273083339441
0.14238881534687278
0.15962350429647046
0.17430664552932698
0.1878000213065139
0.227931703250624
0.3197137698699711
0.44689700087553064
0.5629712872431182
0.6988543041337633
0.7958413212812132
0.8894646076085595
0.9355351737773996
0.9677971992010151
0.9837676541457353
0.966595028607579
0.93633025846299
0.8587599704512439
0.7634101721695663
0.6634861965202613
0.5696570141716423
0.5018625763750367
0.44892948530329035
0.3696147552087526
0.3354862269203357
0.3383246317668856
0.3380315885524311
0.3475285212043308
0.39838677961402547
0.459934511385811
0.48661685022910245
0.48830066862959653
0.478844859782625
0.4512443748786851
0.38822348490596775
0.27739512763630336
0.09380968227132308
-0.10049699870850215
-0.27605241893926147
-0.47487286752245206
-0.6522073613933513
-0.8291242624767329
-0.9820825661816402
-1.1230418470642816
-1.2103746840105303
-1.2638952896195441
-1.2711450715733679
-1.2934904378601026
-1.3017136923379773
-1.3024959700252914
-1.322533766664802
-1.326814261279834
-1.3337461781438202
-1.3395951895177438
-1.3737143641561278
-1.4516896896490266
-1.5355606775425026
-1.649400903340108
-1.7571790729153753
-1.8590328525731683
-1.943348657035253
-2.00791039340793
-2.064912648842693
-2.0986734915953957
-2.1191821293904516
-2.106574551283264
-2.070154736122652
-2.0053462016168937
-1.934845210459799
-1.8471662798985475
-1.788268536898099
-1.7392564493158078
-1.6543280122826893
-1.5935642114660935
-1.5628498638532122
-1.5555989330916242
-1.5930492943991403
-1.6597194462732359
-1.7088389630142276
-1.7770982692664032
-1.8160965967420164
-1.8205094822869186
-1.8466155281991754
-1.8317796738283334
-1.8093272320772618
-1.7417555798904552
-1.6527605907787168
-1.5562658354421348
-1.482080043152113
-1.4278355790992845
-1.375809428741112
-1.3502792548242402
-1.3381115997752586
-1.3316146694985815
-1.335539999159432
-1.387780042059212
-1.4710433179928262
-1.5763026176868775
-1.6462719862842727
-1.7301366225491637
-1.8266602755772137
-1.8795739305806607
-1.943239749417862
-1.988234718658899
-1.9916140756013097
-1.9274651148367312
-1.8521687875884647
-1.758855834411587
-1.7000503466356403
-1.6246374974914124
-1.4818554171674365
-1.3266944586557563
-1.1631712857874033
-1.0154092540418804
-0.9538211548088936
-0.9701933250021609
-0.9595242090455227
-0.9761835412406656
-1.0135119358472027
-1.0784972164722126
-1.162876342062506
-1.2297150148248464
-1.274927250647326
-1.3256316090056965
-1.392072069517793
-1.3885221989407226
-1.3146413939265449
-1.196248908304463
-1.0679143182525646
-0.9873031271421376
-0.9365128910024301
-0.9179128593054813
-0.8848946549605589
-0.8253874179665074
-0.7873634476426981
-0.7764923318379083
-0.7656446231670466
-0.8118586047989863
-0.8627194891217801
-0.9359988549356935
-1.033474887271232
-1.1229888532493233
-1.2005592120573694
-1.257898328030622
-1.2404911310313127
-1.2374127802913615
-1.2036643892725598
-1.1215927004217363
-1.043878642577975
-0.9261057579586957
-0.8343494704614132
-0.7880670567288406
-0.7496384239034993
-0.7240968191020183
-0.7191491546349528
-0.7666308052772141
-0.868257078761773
-0.9438667603916353
-1.007086763025875
-1.0839909829750558
-1.1058292225771962
-1.1345514250112325
-1.1752043291723084
-1.2401045330362228
-1.3002795342629598
-1.3177503331390106
-1.301316680005392
-1.2714945656121495
-1.200000718831944
-1.1196006400719087
-1.0238245607040053
-0.9706690355533121
-0.9402670193346675
-0.9127859833339748
-0.8756763627460074
-0.8721096910152439
-0.8560519040299144
-0.8846914397683758
-0.9386390009197961
-1.0038098009806888
-1.0545068375667879
-1.10989800776351
-1.1541797597992
-1.2007455537431733
-1.1968573956564534
-1.1342905863189732
-1.0493193333980901
-0.947304056305898
-0.8648150850763116
-0.7497884774471657
-0.6135407551052878
-0.4531527630213541
-0.31867586695608663
-0.20231082077684692
-0.08519618760740437
-0.017342014525542543
-0.0017988547243766619
-0.02400425409989205
-0.04488394096735805
-0.0774188102855473
-0.10666657385763598
-0.15392150318461081
-0.1813400475598856
-0.25104667147367854
-0.29133794688442466
-0.2992582407412138
-0.2556950454775162
-0.1875666889446311
-0.14157119647070224
-0.07348014785689774
-0.003471828530413501
0.0030855344898938677
-0.02976909180874751
-0.08325811284072208
-0.1309259808790723
-0.24101394992776531
-0.3710235843192965
-0.49867266952296707
-0.6078099393355738
-0.7266402311167464
-0.8620091536602604
-0.9889037640799972
-1.1002047445372087
-1.1636588713061418
-1.1911486579757595
-1.1855378477636647
-1.1404767748392162
-1.083797448518181
-1.0686240687176494
-1.0297041227513448
-0.9949876737429625
