1.0
0.9997154215500945
0.9991190912190233
0.9984289915819724
0.9976950294446755
0.9967451003741326
0.9955643508621587
0.994294164164199
0.9928961384285332
0.9914292916541604
0.9898614859471654
0.9882128573160727
0.9864205474687117
0.984428451339463
0.982484561892156
0.9806568002594622
0.9786861654286593
0.9766303104674663
0.9747374403560319
0.9728269700836624
0.9709305363534112
0.9690480243765345
0.9672015159926064
0.9654254722562831
0.9636285966978265
0.9616064142321162
0.9593379885346247
0.9570332951048149
0.9548383627263946
0.9528038330765709
0.9508010516602371
0.94889871127805
0.9471249121512393
0.9453245785133314
0.9435110352903902
0.9416786460783394
0.9397419930600734
0.937929612285269
0.9361196141011442
0.934302516525595
0.9324785782858327
0.9306644393390051
0.9286353000042782
0.9265252110238337
0.9245153031887874
0.9224215959060641
0.9203499361891828
0.9182542608306319
0.9162101926513952
0.914301466627612
0.9124716880809195
0.9106062542821836
0.9088012370618603
0.9069647017025301
0.9049256249728452
0.9029240682638441
0.9009370524864213
0.8989262766683797
0.8968904464913806
0.8948315049879704
0.8928108846872748
0.890983810398636
0.8890302725361491
0.887218723540586
0.8853762195687029
0.8834959307102402
0.8816507196398711
0.8797726756580639
0.8779289120512656
0.8759974100920226
0.8741830620177617
0.8724156031348612
0.8707880754554871
0.8692616502888307
0.8677151132281982
0.866220252674596
0.8645450083088798
0.862806581884375
0.8609188353808395
0.8589327519532742
0.8571216160958549
0.8550861328044015
0.8531636268879144
0.8513527301584043
0.8494680908364364
0.8475544673570222
0.8457275831626635
0.8438965430924087
0.8420341681960062
0.8401818769644599
0.8381239169024803
0.8360661115750125
0.8339860457800484
0.8320756978265061
0.8300724429920406
0.8283451635399985
0.8266063689920565
0.824930355488177
0.8230478632202862
0.8213036016611124
0.8195927747413151
0.8176721087186476
0.8160240815053602
0.8144219317183453
0.81285234014604
0.8111666956406046
0.8093607817511955
0.8073957511008242
0.8053548832721811
0.8034421095652873
0.8016062220559743
0.7997660234310123
0.7980018031739885
0.7963332873201731
0.7947962386507856
0.7931700913953488
0.7913191042380254
0.7892792592458815
0.7871796869543292
0.7849164992596546
0.782623397962301
0.7804797062404085
0.7785022954921376
0.7764909053560424
0.7744006556936142
0.772467206333561
0.7707570079084515
0.7689643594195037
0.7670959754326347
0.7653433330752262
0.7637197373642609
0.7619793071519049
0.7601012057615842
0.7581941922553602
0.75624236621477
0.7542869453428387
0.7524387924792587
0.7506437859962652
0.7488960237918666
0.7471807719457089
0.7455401962858409
0.7438668838896936
0.7421282314656631
0.7403745325227872
0.7386993510294363
0.7370228824338152
0.7354369812546704
0.7339510569262412
0.7325883302326396
0.7311369694694125
0.7298025236215085
0.7284633777109778
0.7270438912906324
0.7256177952549817
0.7240753863420019
0.7224608721172311
0.7208103080434356
0.7191071460787631
0.7172814920787889
0.7154749769917133
0.7136755943936265
0.7117963501486024
0.7100065820779605
0.7082408391887219
0.7065598820109362
0.7048079231856215
0.7030716455471027
0.7014140442215289
0.6996524416747489
0.6980511006451486
0.6965222056379244
0.6948631211227775
0.6930372179470496
0.6910713526875417
0.6892358620225598
0.6874404805714613
0.6858427803304805
0.6843107688084858
0.6827957696734765
0.6811997779443872
0.6798223606811097
0.6785862474812188
0.6773599814186277
0.6763664618717578
0.6751074481462044
0.673759116208474
0.6725537560602403
0.6713114124078124
0.6700483734780318
0.6687561770075402
0.6673532022613653
0.6660237392879822
0.664618363415986
0.6632220035886867
0.6617861997435764
0.6603960280635492
0.6590720034964254
0.6575729787447575
0.6560153801889184
0.6543468112710346
0.6525410624248617
0.6508914907644939
0.6491405733712633
0.6475138963591675
0.6460159036319508
0.6445203742669815
0.6430244703576852
0.6415749394148893
0.6400948806331578
0.6385719793983811
0.6371001278510321
0.6356999957830234
0.6343179010623494
0.6328307068682382
0.6313043319783579
0.6297370967830668
0.6279665488531005
0.6263788445390227
0.6247731360694585
0.623189222463467
0.6216037127368986
0.6200147723939391
0.6186998392516895
0.617375148700671
0.6160711382234576
0.6146222914425549
0.6132443283938314
0.6118200648674841
0.6104047890203615
0.6089924545426314
0.6077486832375567
0.6063694360654991
0.6048576443168486
0.6034003281410373
0.601924399225076
0.6005543819439666
0.5991384251342148
0.5977353863054014
0.5963076480539778
0.5949941642433239
0.5936343575940811
0.5924996267220831
0.5914845777637757
0.5904576240781261
0.5893860791324937
0.5883726721869027
0.5872778229585587
0.58616232202235
0.5848558868532707
0.5835958700911232
0.5820812969012468
