0.0
0.0
0.010226848157347887
0.024686661868089904
0.14908559940643248
0.14351962801902696
0.14744906292807267
0.18592459584723442
0.2507284343045865
0.31795746567207606
0.4229755445510705
0.5092344768095347
0.5966967251245803
0.6747700502522991
0.829731340121271
0.9865533530266171
1.1423246440626438
1.148574391449617
1.1721938700878827
1.1463294527820946
1.071312624648255
0.9713380966649713
0.8527875358284378
0.8068913590666296
0.7298581506338303
0.6650701319494927
0.6407843454079842
0.5687800586612168
0.4594463995058744
0.3916505626988026
0.2802395487482987
0.21978337701698195
0.1825667735487969
0.11455219839715862
0.025929135390926075
-0.019479201095718802
-0.033896389385974196
-0.04076634745907176
-0.05773842247129461
-0.07698249803646504
-0.04691805228546467
-0.07532328267541517
-0.06040118557177858
-0.0538974023106199
-0.011940462679248934
-0.022940735140088125
-0.05684246423738007
-0.10841916240947778
-0.17510837987752892
-0.21057112134174477
-0.2586892940613915
-0.29710864994581476
-0.27328439095766255
-0.233218616516331
-0.2171978481769456
-0.21069456656970725
-0.17756594016713564
-0.13464296749916563
-0.1505669544693618
-0.1381471978418435
-0.0835814792485013
-0.017238859926975894
0.0011459830951111236
-0.018365796797797138
0.04263717547053367
0.05959485248209285
0.10121392158405515
0.06338005530468643
-0.03886188746998209
-0.14614503169828297
-0.19682536334538397
-0.2637897700690659
-0.255105717588953
-0.15713433955827402
-0.1125903323867545
-0.14629244210565145
-0.23744909484499785
-0.28364019619313174
-0.2940535098636519
-0.274420474866413
-0.2995324961125815
-0.3158947902721818
-0.28674020575736836
-0.3304610690678214
-0.4204863652787812
-0.4980291411435247
-0.5430514557188683
-0.4953487442505084
-0.41819107268263456
-0.3539580462616787
-0.31835852885930344
-0.28419575075497383
-0.21682193045152803
-0.07210167498171405
0.014023773436788387
0.060266136066311815
0.06816892072294324
0.061341093530620575
0.04051791501923093
-0.04574775426980857
-0.03804319406124399
0.010854326040183805
0.07896872201169236
0.23738978096268132
0.4172056164522415
0.6137525319650207
0.7748042266270201
0.9429766485816453
1.0940420699581326
1.1510084040395718
1.1400388312718535
1.0245016856546338
0.9662905246567847
0.9126168906984095
0.8646434684398384
0.8307393494007792
0.7706646304605104
0.768366438700738
0.787820907736926
0.7972505347584206
0.7715031370982282
0.7445757516171823
0.6615045736423374
0.6227529723661435
0.6600875766363611
0.7355567569967915
0.7455158739854145
0.7520627473178255
0.7897984052525612
0.8489556679044397
0.9451617573068356
1.0453681602483091
1.186123924529032
1.2105478159411045
1.2736034014549695
1.262381059530757
1.2913773928255396
1.2544674411447527
1.1333177045934957
1.0036931576373556
0.8364005483429536
0.7759233821216645
0.7369867879069968
0.7764910030489686
0.8086920599390616
0.7794052127477373
0.7028820457161074
0.5992498298457976
0.47571101718457753
0.31978858345803185
0.22634240099558994
0.16392552785510442
0.11547770585166625
-0.01816196684611479
-0.08159204147141741
-0.1553877934415894
-0.24266823435640228
-0.30123213072012084
-0.3680801693159925
-0.425969034083561
-0.399593731462513
-0.35640767657570815
-0.32714919991245694
-0.41339469584916344
-0.5428827470723048
-0.6751300466841464
-0.733349719407704
-0.8354062166777392
-0.929569645487978
-0.9787418453926198
-0.9171217318337956
-0.8264373135524068
-0.7483590133311131
-0.6134553659339756
-0.4644866252942323
-0.3999388202632227
-0.3360622390486598
-0.34991735177203664
-0.3210901646469984
-0.35924021976555076
-0.5154269884579876
-0.6541373399928843
-0.7181056157831364
-0.7884700333762148
-0.8778800130792395
-0.9500369789402734
-1.0216721501486934
-1.0869687707237572
-1.1516086757005775
-1.233274529670481
-1.3104544333643449
-1.3718668481650877
-1.4134116365220235
-1.3997189204428686
-1.3484132019705015
-1.336574710147522
-1.2904685336064945
-1.252897833133783
-1.1824125223510191
-1.1210165036335225
-1.0589845486873066
-0.9877070006476917
-0.8386218047827125
-0.7327365563007011
-0.6092642862529313
-0.5483699425140167
-0.4877174009549037
-0.5327499191131012
-0.6242694176788214
-0.7787428233200367
-0.9122956431848794
-0.9877574954421757
-1.0613068784201967
-1.1631548169891732
-1.2438291162318824
-1.3690882734363883
-1.454745100984388
-1.5271110150745748
-1.5571693893881862
-1.5430600491753923
-1.54194816946076
-1.5687234247987492
-1.639140642934983
-1.6978794272008702
-1.7066738810163542
-1.6689130736873792
-1.693935983948682
-1.7066453098475325
-1.7258630076681067
-1.6581035293884054
-1.653533266674992
-1.580001392204579
-1.4375208709023828
-1.3193242381420647
-1.1517100627984984
-1.0917840957720795
-1.0212479830962427
-0.9908043999682087
-0.9616465533665347
-0.9388650758336455
-0.9722681516376609
-0.9398198726662634
-0.9522698286474507
-0.9035350306425367
-0.7990798910922641
-0.6813334286916387
-0.6307943861519397
-0.5528649825561178
-0.5444417660650623
-0.5498296598924076
-0.5290865780697277
-0.4183363402679403
-0.30741923275265326
-0.26427279783157465
-0.21680196300425866
-0.14125945298504294
-0.12098869632483783
-0.15842397221772647
-0.19353250647317022
-0.24770870136743656
-0.35921585432431097
-0.47271157922793516
-0.5600972201991179
-0.6705242683075778
-0.7769619723339792
-0.8883619831361845
-1.0407381435013594
-1.1428658747011942
-1.176349747432502
-1.2199378223703743
-1.3136648553832275
-1.4306864770051118
-1.5495028825185024
-1.661731523427231
-1.793283569026524
-1.9131545067170286
-2.073796077459588
-2.241098759480166
-2.3705399336846513
-2.4727691006320507
-2.574039634014765
-2.640657528958577
-2.702564713803684
-2.8434840843513314
-2.946165420405737
-3.0960748451968336
-3.293901423017014
-3.515166401944786
-3.6291271754394803
-3.743977805740851
-3.8493649182006715
-3.862074901918844
-3.8537459887867747
-3.823017289331682
-3.7261195268279703
-3.645278517213127
-3.5637867180608955
-3.4233113114746807
-3.243373615365827
-3.1386710506611615
-3.0284517146239986
-2.9766360180139726
-2.889593141865693
-2.759564615950376
-2.6115193549418025
-2.496176114796738
-2.320382340983377
-2.1881111062173817
-2.032254883158907
-1.909926798986055
-1.7193894169117976
-1.5678490944948424
-1.4310357496200519
-1.3167417552210228
-1.227451113020205
-1.109298711932091
-1.0366532769908856
-0.9520314933779842
-0.9323915494005648
-0.8869297225591848
-0.7756316581760837
-0.6272592445965121
-0.4337952713031068
-0.3107792119079267
-0.20010624146170658
-0.15243686355177613
-0.10790401572540198
-0.05179131353675405
-0.0206049831828564
-0.05495035922003137
-0.11218532935850155
-0.1720640223529184
-0.11719156326805916
-0.13103075751426485
-0.1803442365489597
-0.20161269449928726
-0.24853232411018117
-0.22984600832126642
-0.26217211338672414
-0.20953475471138427
-0.11651145455750217
0.005513838600999771
0.11082208867614853
0.11299054868654274
0.10222423990281032
0.15013609413441498
0.2173628362493462
0.21336951217739802
0.1644352601621127
0.13545285742330337
0.11086133264566198
0.13239702893037253
0.17319770229723713
0.23658984411018283
0.19902319368972696
0.19643748483916526
0.1344612161213881
0.022318556112151555
-0.12584570296653966
-0.26867950995258044
-0.38748202710260454
-0.5763849415338462
-0.7402440878835496
-0.8408733917329005
-0.9049700236096626
-0.9925120384799938
-1.0514085803281272
-1.1845974149635539
-1.2539247267658178
-1.2778135517855538
-1.295513750183335
-1.3290591239243625
-1.4001724167511838
-1.4416662984424549
-1.427278351581538
-1.3520761472026863
-1.3364850652885563
-1.369684372690823
-1.4192836398065554
-1.4937443490196918
-1.603934379170885
-1.662809594831186
-1.80973097965574
-1.8466740399887533
-1.8151618044088227
-1.8128688704243006
-1.7893441510487365
-1.8007691353678852
-1.830251020030019
-1.8260931385780201
-1.8545366907861296
-1.8764359359517162
-1.9172209752247882
-1.9590422723875442
-1.9895342374938878
-2.0729815606072015
-2.0730353219161968
-2.085009159840392
-2.0866196831577413
-2.110010518853215
-2.151582187844413
-2.110554771326947
-2.130628595345206
-2.1629107877127867
-2.1072502678378986
-2.093988044175264
-2.098559281431898
-2.1823433410595894
-2.1481612479807763
-2.0984735816449556
-2.042600395183843
-1.9365385615872985
-1.8401598939858737
-1.7301022523683591
-1.720035452621428
-1.649535282004881
-1.5852614742500644
-1.4982173585140146
-1.4213523776245565
-1.374323784826388
-1.3481301884310903
-1.3018778951919039
-1.2864064610475727
-1.2976807102550056
-1.231674325630153
-1.2071109727475002
-1.172360322664653
-1.110065917078982
-1.0597823935239563
-0.9171712962491343
-0.7798230959687478
-0.6047464065399186
-0.41880228032917255
-0.16413405353927513
0.10003437537630505
0.31920329045854573
0.4617401577242538
0.5926845695287074
0.7029631310411231
0.8228343793998146
0.9157041011513479
0.9650455021802912
1.0023562105801116
1.0052920930075013
0.905283277388084
0.8667460097748835
0.9037373472030976
0.8787671799377497
0.7177989576611665
0.6503874307559526
0.6641167524609176
0.6830090343256714
0.5993863377948847
0.4880909325156254
0.27993340621796003
0.1059496106356182
-0.08683027997079987
-0.17651654286010396
-0.20659410451623605
-0.176959878474588
-0.1502262482853053
-0.14464478009051693
-0.12376812127337616
-0.1059912381432031
-0.06724215338333624
0.00782009969574872
0.06577774785924712
0.03608154692213523
0.016422002685147576
0.06255408504703927
0.13173044639390544
0.19789331696517515
0.2579749489001665
0.3490719870992441
0.4103524404381499
0.4178991877033442
0.4316379474176915
0.40150446668403084
0.39424933883683627
0.35146515127796807
0.3963982660783998
0.45158854947486277
0.5074281645035124
0.5514225837366171
0.6734506440670778
0.8261582761114592
0.9464351547324482
0.9725488940549085
0.9847768115363437
1.0099920022936923
1.0310814615635224
1.0584313066414155
1.1003474407985234
1.1606409863327771
1.1957054865606047
1.21074958706459
1.1696334051742903
1.1493811982157893
1.0877163900918763
1.0024637023034277
0.9337205837270892
0.8470091936171606
0.7358460314961844
0.6478800486889266
0.6228041052822302
0.6225330166062373
0.5879658134566612
0.5590178872045238
0.5547370870069169
0.5711530916330725
0.5236104531916759
0.44025665912678247
0.37385512306159335
0.31754091081462293
0.21131418058643778
0.0637444582002242
-0.04423607148868833
-0.15773965174587207
-0.31078824701279406
-0.43922840031433935
-0.5356745631152144
-0.6060831180714359
-0.6423872041647469
-0.6566543326830434
-0.7373728286200406
-0.7349114614607958
-0.7774273260325087
-0.7515463574124234
-0.7492448683113861
-0.7188359025002186
-0.7021577045059527
-0.5601707776903968
-0.40311588099774587
-0.2114611318691214
-0.02559442731206249
0.08281694040006704
0.1866693315898795
0.3045483055853417
0.4302708449848083
0.5735928121030925
0.6860749763824673
0.7357676989623121
0.8183712339748829
0.8651380000286755
0.8232462220733354
0.7888221928681719
0.7381691238634427
0.7741588924557957
0.870374114568359
0.9759761625489248
1.0722110648950436
