0.0
0.0
0.006904859333612503
0.009366945155147386
0.025747163091861303
0.04491972507180561
0.06033133493405875
0.0705378649153762
0.0765542827046994
0.06972226351702415
0.05729020157101868
0.056964387817444194
0.0598538975403518
0.06080864933745704
0.06057850214428938
0.062278382233256116
0.04992325981425323
0.03837375804075442
0.03308948712164547
0.02562325945655413
0.013034460480544238
-0.0006758916007314417
-0.01716056288145995
-0.034835936060389955
-0.04303195805486324
-0.05373707636748483
-0.05860429322528525
-0.06660192918634074
-0.07302155849327069
-0.07645107170595572
-0.08022625141887063
-0.0787893388538381
-0.07447463898471572
-0.05989024582040493
-0.04513122562230388
-0.026476697474225815
-0.012088320183107633
-0.0002957115055978836
0.004557032777809857
0.012899382580656614
0.012272771409681416
0.017696199934392632
0.011235338086820031
-0.0004385240011640073
-0.004416618625392259
-0.008864976554076056
-0.006514924664949381
-0.013517536999210687
-0.029207384171490172
-0.039476247688808
-0.05012782312943867
-0.06302582975413834
-0.07312670409788256
-0.07380381284425032
-0.07350877677688807
-0.06398058987900813
-0.054371937612289145
-0.04420606438958312
-0.03909249178800253
-0.04190011845600383
-0.043161124533372716
-0.035675621975235126
-0.022844714195201735
-0.009748058479026583
0.004600000814624713
0.02903978701645745
0.0500005244856212
0.0760162724157714
0.1034868455242865
0.11686376597800677
0.121110482149003
0.12423240267935654
0.12629880121363382
0.1254236324528665
0.11659742559859795
0.10341699152946673
0.09316860398530026
0.08623021509930177
0.08026923158451588
0.06992172419671801
0.05962704446767237
0.05685627844588882
0.05387348141236004
0.052657863956378476
0.05084527422542047
0.051044682352252076
0.0461732195323684
0.030072479485057826
0.011116231977899092
-0.004810834529295812
-0.01579909282162025
-0.025743491987220677
-0.03350500844726719
-0.03852879818316306
-0.05318595385457528
-0.07098236223756435
-0.08916152682934281
-0.11354962004938936
-0.14114859311155092
-0.16986890357566337
-0.19151290026584586
-0.223832517144547
-0.2543731555143999
-0.2741183847444538
-0.28826147499403765
-0.2924066884867258
-0.29009466576413195
-0.2832344849100892
-0.2890832350094582
-0.2974597388954172
-0.3035176140812249
