0.0
0.0
-0.0020005871924243324
0.00045672196831975835
0.006061703327723496
0.012023532596129203
0.023430989086961427
0.03534286627576477
0.04678420718735224
0.05276376946956376
0.05492575353023958
0.055472360942736165
0.05517727018511672
0.05773908587384102
0.06230979219745213
0.06251277146426178
0.06407582234399548
0.06319673092518621
0.06414223691522893
0.06050847677644344
0.058038333063362896
0.05989323351581747
0.054407464954040655
0.0474864493511791
0.04722275878934777
0.04754648898849023
0.040984307311905215
0.03514562660200851
0.03336914062588431
0.026843822599190027
0.023259571462472484
0.019706152825584713
0.018193247798090364
0.019953015705108393
0.0230159582514516
0.024943145393044163
0.03161329731014001
0.033805714368338936
0.04026202696686377
0.042367953362007243
0.045455123511445907
0.04686799871162473
0.04690865120472512
0.041783358597607075
0.03623431179369753
0.027619933701995555
0.017120473680939628
0.010659578016448994
0.002554063781887883
-0.004738157990163077
-0.005579072877410292
-0.008068609642755794
-0.011182721858038508
-0.0121422415868587
-0.012447509765390712
-0.010530307390661525
-0.007858554328303593
-0.007549211723918265
-0.007691239759816291
-0.006974616208510702
-0.014089368934176536
-0.022727151045305594
-0.03444712252690847
-0.04952802975769775
-0.06239257065784846
-0.07319679264238821
-0.07769151724881851
-0.08550687617304165
-0.0898226421744176
-0.09745527870647258
-0.10443822755656315
-0.10721711639986871
-0.10910543389260223
-0.11397728082307965
-0.12471141515711795
-0.14030061411999975
-0.1571793666470256
-0.1718884505488249
-0.19016681012830328
-0.20407559700251834
-0.21686993782751898
-0.23226522459700089
-0.23851280733144842
-0.24035866259152255
-0.24440967997180937
-0.24684722706692852
-0.2556776482732813
-0.26353564186273337
-0.26474661655717363
-0.26472640466460057
-0.2594020677144074
-0.2540926046321888
-0.23954808286565965
-0.22794170813297732
-0.2165011744607206
-0.2059428899394789
-0.1974587322361572
-0.19245434411482945
-0.18431173782666194
-0.17655328125767722
-0.1660246139521943
-0.16173213551332263
-0.15588532844463912
-0.14297085554545666
-0.13268779837485697
-0.12320912530832104
-0.11131972803264364
-0.10131293971481345
-0.0954404832699964
-0.0917584110089988
-0.08931036766560374
-0.08240294858180824
-0.07029251161081343
-0.06196903149980221
-0.06055586557856355
-0.05572881982544693
-0.052392082520881234
-0.04958188909546483
-0.05080986715045215
-0.05366497571912201
-0.05526002949566137
-0.05279166068824662
-0.05536872868069908
-0.05864936131453982
-0.06419974995420968
-0.07450244742199268
-0.08997443639160778
-0.10051209683474546
-0.11743059953300089
-0.13739640727720626
-0.15675563953676558
-0.17844122316409036
-0.19457871302182714
-0.20957992916609375
-0.22464208462491894
-0.24348155181494016
-0.25651050502045636
-0.275805122241091
-0.29763060759037224
-0.31951236002653444
-0.3361277730771922
-0.3462818025660341
-0.353492256241709
-0.3611220570208158
-0.37052291644998864
-0.38096330960752195
-0.3896257658129239
-0.3977948092701772
-0.40581967965189986
-0.41731235337871514
-0.4282835835014121
-0.4379795829125412
-0.4472622883704975
-0.4587962576001942
-0.4705792773791952
-0.476555398934029
-0.47708554116267465
-0.4776265516691055
-0.4739890002506627
-0.46596442774897057
-0.4621793802785053
-0.46337035442131996
-0.4579433131355727
-0.4555369031347706
-0.45071677591831943
-0.44513327530196084
-0.44338657009572136
-0.44493061145176144
-0.4449767234001568
-0.4376865107004023
-0.4299699293623077
-0.4189699936638566
-0.4107079817989997
-0.4036486107026385
-0.3952196207803321
-0.3901913835073336
-0.3842098015314199
-0.37375403892202813
-0.3651466057427357
-0.3557677561602963
-0.34480306850125764
-0.3435262730582382
-0.3430633225287692
-0.3376765201659439
-0.33298617176679585
-0.3301598617280491
-0.32188020071042495
-0.3159900257088323
-0.30973077987651115
-0.3065134017668247
-0.3029407482447549
-0.29776853157365485
-0.2961864764764042
-0.29168737042254617
-0.28535199745598294
-0.2827135698194603
-0.28217335185193276
-0.2765359720950267
-0.27529048404790096
-0.2743293871581739
-0.27050904522073566
-0.2651830777806196
-0.2543554987201918
-0.23942724633441498
-0.22605975064080142
-0.21904582662045782
-0.21130303187546418
-0.20461567310031178
-0.19434410925472695
-0.17969246972390548
-0.16822445376180073
-0.15934600486270498
-0.15054420443249034
-0.14384833279643527
-0.13934063172032995
-0.13092737296486207
-0.1228064301292698
-0.11429904404095474
-0.0979664909048839
-0.07840353768020938
-0.060237627704561134
-0.04853233314384607
-0.03670469147110246
-0.02431679018315404
-0.012061210138960152
-0.0008526815180632703
0.009141814605081476
0.020854836752974254
0.035564799227541494
0.0435417536017073
0.04596258938400403
0.046115840845370966
0.04708772960488034
0.05150013571320515
0.05782528500381457
0.06645300251287216
0.07981333819478742
0.08835575930925008
0.09612543281893081
0.10456924408976397
0.11005688431243603
0.11735987117804242
0.12548897550478524
0.13632165969465998
0.14830164486970046
0.1633122731736098
0.17694642828062251
0.18699287205280515
0.1987406026724601
0.2104518546525688
0.22562777732757205
0.23607969053755615
0.24520869799050987
0.26051804222844
0.2771783503786242
0.28537866284156294
0.28899350559792397
0.2949914957604403
0.2996358021753051
0.2993850661788827
0.29755990503635515
0.29752286311753945
0.30315324068599964
0.30806614109448277
0.30951571627991253
0.31352035055280175
0.3182731975011562
0.32418038169516905
0.32928616702767083
0.3343935724662083
0.33870847673331334
0.346970633991622
0.361540634149676
0.37412818474913295
0.3888727673732944
0.40046022728544134
0.4109013807590082
0.4158922273725364
0.4195247077053949
0.4222763832565747
0.424476853170233
0.4269734434949639
0.4327915553042034
0.4413095562038262
0.44993738001787265
0.45300522351880423
0.45330009843241864
0.44833890943131394
0.4440442402366369
0.44651297691516767
0.4467056783424558
0.44411433130077554
0.4428536458044911
0.4436466353278512
0.4474067432076213
0.4490020650791557
0.4570761811220781
0.46116265915742416
0.46182297088057933
0.4656956968801915
0.4657639505687048
0.46919902235903654
0.47623732117200845
0.488998471835044
0.5038146203519033
0.507555465800074
0.5062758136026612
0.49856088699792106
0.49642559456894486
0.4972758147042471
0.4988697102558046
0.5043950640496709
0.5121296472237163
0.5230482092833916
0.5363621715620343
0.5480272783793906
0.5623932743096133
0.5822891994979502
0.6072249015252403
0.628637154869014
0.6506342066407991
0.6685001643465117
0.6849913478376204
0.6987731312720584
0.7166107482979303
0.7374440369189349
0.7540710112122814
0.7730334805872002
0.7885520671921005
0.8006272824029322
0.81632470614419
0.8300558611905456
0.841344717156271
0.8498932102860194
0.8638657875830902
0.8748906010537985
0.8876797617984876
0.8984286669244301
0.9103571302492088
0.9200936383953479
0.9309802134697676
0.9441622006776209
0.9597343427358668
0.9731295147936124
0.9873427485463979
1.0022888933506235
1.0134340780904516
1.0169500912397642
1.0214805030592318
1.0297211978676795
1.0434474432888126
1.058704177120684
1.0649551352668316
1.0750005022814846
1.0817122191287478
1.0848964557741465
1.092924213737903
1.100299901290227
1.108796812623757
1.1197470091990982
1.124586659952894
1.1320851528778346
1.1389119718216947
1.1429619399458864
1.1478011355116366
1.154054424912574
1.1561165724852132
1.163622171772255
1.1709887365806086
1.176760025226803
1.178186458551351
1.176536018591584
1.1714434851272497
1.166845372082845
1.16023883294627
1.1500789311714528
1.1423874586496716
1.1340063335407347
1.1210126834627387
1.1096048176863826
1.1012156630395766
1.0959502252502855
1.0907883794220958
1.0896045131151613
1.087930254257985
1.084262902656962
1.0855072128637386
1.0851704506583948
1.0886222000020902
1.0912912990879464
1.0995369747009411
1.1122198593140216
1.1170034665775386
1.1158363237107132
1.1228083629180403
1.12763182991274
1.1288525732800199
1.1418291016331852
1.1450621177060212
1.1361369936891064
1.1321269032450076
1.1174370034384187
1.1057639710614253
1.0938773584548274
1.0840034224113768
1.0710825250352012
1.0603230535792376
1.0538789969191271
1.0453706224546504
1.0314327628306272
1.0166168355408027
1.001392904877568
0.9953922820700344
0.990510681425685
0.9843368266821936
0.9835074724053817
0.9793935812386306
0.9737046602882389
0.9630735886121021
0.9602221431572402
0.9651568835996006
0.968270513568782
0.9727754727434574
0.9823528862369272
0.9839762439819554
0.9910099860748831
0.9977780295938228
1.0105323361114227
1.0178591544411741
1.0277660290590676
1.0369871448443626
1.0472854660598812
1.0513353196127138
1.0598277681985198
1.0691041986320804
1.080403057776789
1.0961039199768534
1.1115685518649716
1.1255107795626222
1.1314154100039702
1.1368827639848516
1.1371189251912193
1.1381980329173271
1.1323975439324785
1.1292957802867987
1.1272056734248943
1.122406508677455
1.1172078958797536
1.1075496179219475
1.0941927990832225
1.0849262082653923
1.082332300608831
1.0771966998297264
1.0675941686158434
1.060260327097801
1.0586122413705663
1.052805294764966
1.0446369094188426
1.0362178556036221
1.0306848062208311
1.0179724327807806
1.0077131234485754
1.0039189186166988
0.9994849573108342
0.9947745081073509
0.9860898560834294
0.9766156391067567
0.9679262644763573
0.9674404190275157
0.9655661124385794
0.9688275878953388
0.9699337280299852
0.9689733421852088
0.9654109846443792
0.9532712898965227
0.9413737111735734
0.9281958867470719
0.9146751171007126
0.903882276402733
0.894377183495791
0.876934180163481
0.8581266779525168
0.8397736552245854
0.8258604248411856
0.8096631826335555
0.7943602948270477
0.7777701422012511
0.7665093241909408
0.7576472616512127
0.752629814125596
0.7399168058699432
0.73227485672524
0.7172466015822351
0.7076660045256564
0.703892136132877
0.7053815354423943
0.7018288745660383
0.703138072428306
0.6995877217668901
0.6962523275109517
0.6899519505594679
0.6800233644296927
0.6684197205711079
0.6593915760020238
0.6520253861520744
0.6423778815807049
0.6361157677798776
0.6294955407885252
0.6262081211688935
0.6214538399905837
0.6180295015218128
0.6103386734556673
0.6047470620342088
0.6044599899863273
0.6087248174321367
0.6100876741188339
0.610595629625795
0.6020807968941022
0.5945309305709394
0.5831982496443564
0.5748483662188991
0.5722618268566222
0.5698729778582841
0.5659354088775023
0.566235793413318
0.558263706188794
0.5460641824274711
0.5363524016668483
0.5245636445878915
0.5155985802569198
0.506653620047026
0.4970686992348943
0.49495077770583606
0.49416828217290026
0.49456696233394787
0.494471428896518
0.48668694927881356
0.4775591939387732
0.47004930810574475
0.465503303515022
0.4626791160954124
0.459826128146889
0.45938406462764375
0.46189207358325696
0.46199361411625295
0.46052057056891105
0.4589967196933715
0.44997316575034924
0.4489154492890021
0.44898538502204743
0.4535995703025779
